[0.120s] Invoking command in '/home/curry/wilson_proj/ros2-rover-ws/build/package_image_process': CMAKE_PREFIX_PATH=${CMAKE_PREFIX_PATH}:/opt/ros/humble /usr/bin/cmake --build /home/curry/wilson_proj/ros2-rover-ws/build/package_image_process -- -j4 -l4
[0.391s] [100%] Built target node_camera
[0.463s] Invoked command in '/home/curry/wilson_proj/ros2-rover-ws/build/package_image_process' returned '0': CMAKE_PREFIX_PATH=${CMAKE_PREFIX_PATH}:/opt/ros/humble /usr/bin/cmake --build /home/curry/wilson_proj/ros2-rover-ws/build/package_image_process -- -j4 -l4
[0.852s] Invoking command in '/home/curry/wilson_proj/ros2-rover-ws/build/package_image_process': CMAKE_PREFIX_PATH=${CMAKE_PREFIX_PATH}:/opt/ros/humble /usr/bin/cmake --install /home/curry/wilson_proj/ros2-rover-ws/build/package_image_process
[0.930s] -- Install configuration: ""
[0.939s] -- Up-to-date: /home/curry/wilson_proj/ros2-rover-ws/install/package_image_process/lib/package_image_process/node_camera
[0.940s] -- Up-to-date: /home/curry/wilson_proj/ros2-rover-ws/install/package_image_process/share/ament_index/resource_index/package_run_dependencies/package_image_process
[0.941s] -- Up-to-date: /home/curry/wilson_proj/ros2-rover-ws/install/package_image_process/share/ament_index/resource_index/parent_prefix_path/package_image_process
[0.942s] -- Up-to-date: /home/curry/wilson_proj/ros2-rover-ws/install/package_image_process/share/package_image_process/environment/ament_prefix_path.sh
[0.943s] -- Up-to-date: /home/curry/wilson_proj/ros2-rover-ws/install/package_image_process/share/package_image_process/environment/ament_prefix_path.dsv
[0.943s] -- Up-to-date: /home/curry/wilson_proj/ros2-rover-ws/install/package_image_process/share/package_image_process/environment/path.sh
[0.944s] -- Up-to-date: /home/curry/wilson_proj/ros2-rover-ws/install/package_image_process/share/package_image_process/environment/path.dsv
[0.944s] -- Up-to-date: /home/curry/wilson_proj/ros2-rover-ws/install/package_image_process/share/package_image_process/local_setup.bash
[0.945s] -- Up-to-date: /home/curry/wilson_proj/ros2-rover-ws/install/package_image_process/share/package_image_process/local_setup.sh
[0.946s] -- Up-to-date: /home/curry/wilson_proj/ros2-rover-ws/install/package_image_process/share/package_image_process/local_setup.zsh
[0.947s] -- Up-to-date: /home/curry/wilson_proj/ros2-rover-ws/install/package_image_process/share/package_image_process/local_setup.dsv
[0.947s] -- Installing: /home/curry/wilson_proj/ros2-rover-ws/install/package_image_process/share/package_image_process/package.dsv
[0.948s] -- Up-to-date: /home/curry/wilson_proj/ros2-rover-ws/install/package_image_process/share/ament_index/resource_index/packages/package_image_process
[0.956s] -- Up-to-date: /home/curry/wilson_proj/ros2-rover-ws/install/package_image_process/share/package_image_process/cmake/package_image_processConfig.cmake
[0.956s] -- Up-to-date: /home/curry/wilson_proj/ros2-rover-ws/install/package_image_process/share/package_image_process/cmake/package_image_processConfig-version.cmake
[0.957s] -- Up-to-date: /home/curry/wilson_proj/ros2-rover-ws/install/package_image_process/share/package_image_process/package.xml
[1.025s] Invoked command in '/home/curry/wilson_proj/ros2-rover-ws/build/package_image_process' returned '0': CMAKE_PREFIX_PATH=${CMAKE_PREFIX_PATH}:/opt/ros/humble /usr/bin/cmake --install /home/curry/wilson_proj/ros2-rover-ws/build/package_image_process
