[0.115s] Invoking command in '/home/curry/wilson_proj/ros2-rover-ws/build/package_rover_control': CMAKE_PREFIX_PATH=${CMAKE_PREFIX_PATH}:/opt/ros/humble /usr/bin/cmake --build /home/curry/wilson_proj/ros2-rover-ws/build/package_rover_control -- -j4 -l4
[0.559s] [ 33%] Built target node_rovercontrol
[0.625s] [ 66%] Built target node_motor_control
[0.641s] [100%] Built target motorcontrol
[0.699s] Invoked command in '/home/curry/wilson_proj/ros2-rover-ws/build/package_rover_control' returned '0': CMAKE_PREFIX_PATH=${CMAKE_PREFIX_PATH}:/opt/ros/humble /usr/bin/cmake --build /home/curry/wilson_proj/ros2-rover-ws/build/package_rover_control -- -j4 -l4
[0.946s] Invoking command in '/home/curry/wilson_proj/ros2-rover-ws/build/package_rover_control': CMAKE_PREFIX_PATH=${CMAKE_PREFIX_PATH}:/opt/ros/humble /usr/bin/cmake --install /home/curry/wilson_proj/ros2-rover-ws/build/package_rover_control
[0.987s] -- Install configuration: ""
[0.989s] -- Up-to-date: /home/curry/wilson_proj/ros2-rover-ws/install/package_rover_control/lib/libmotorcontrol.so
[0.992s] -- Up-to-date: /home/curry/wilson_proj/ros2-rover-ws/install/package_rover_control/lib/package_rover_control/node_motor_control
[0.995s] -- Up-to-date: /home/curry/wilson_proj/ros2-rover-ws/install/package_rover_control/lib/package_rover_control/node_rovercontrol
[0.998s] -- Up-to-date: /home/curry/wilson_proj/ros2-rover-ws/install/package_rover_control/share/ament_index/resource_index/package_run_dependencies/package_rover_control
[1.000s] -- Up-to-date: /home/curry/wilson_proj/ros2-rover-ws/install/package_rover_control/share/ament_index/resource_index/parent_prefix_path/package_rover_control
[1.002s] -- Up-to-date: /home/curry/wilson_proj/ros2-rover-ws/install/package_rover_control/share/package_rover_control/environment/ament_prefix_path.sh
[1.003s] -- Up-to-date: /home/curry/wilson_proj/ros2-rover-ws/install/package_rover_control/share/package_rover_control/environment/ament_prefix_path.dsv
[1.003s] -- Up-to-date: /home/curry/wilson_proj/ros2-rover-ws/install/package_rover_control/share/package_rover_control/environment/path.sh
[1.004s] -- Up-to-date: /home/curry/wilson_proj/ros2-rover-ws/install/package_rover_control/share/package_rover_control/environment/path.dsv
[1.005s] -- Up-to-date: /home/curry/wilson_proj/ros2-rover-ws/install/package_rover_control/share/package_rover_control/local_setup.bash
[1.005s] -- Up-to-date: /home/curry/wilson_proj/ros2-rover-ws/install/package_rover_control/share/package_rover_control/local_setup.sh
[1.007s] -- Up-to-date: /home/curry/wilson_proj/ros2-rover-ws/install/package_rover_control/share/package_rover_control/local_setup.zsh
[1.008s] -- Up-to-date: /home/curry/wilson_proj/ros2-rover-ws/install/package_rover_control/share/package_rover_control/local_setup.dsv
[1.008s] -- Installing: /home/curry/wilson_proj/ros2-rover-ws/install/package_rover_control/share/package_rover_control/package.dsv
[1.009s] -- Up-to-date: /home/curry/wilson_proj/ros2-rover-ws/install/package_rover_control/share/ament_index/resource_index/packages/package_rover_control
[1.010s] -- Up-to-date: /home/curry/wilson_proj/ros2-rover-ws/install/package_rover_control/share/ament_index/resource_index/rclcpp_components/package_rover_control
[1.011s] -- Up-to-date: /home/curry/wilson_proj/ros2-rover-ws/install/package_rover_control/share/package_rover_control/cmake/package_rover_controlConfig.cmake
[1.012s] -- Up-to-date: /home/curry/wilson_proj/ros2-rover-ws/install/package_rover_control/share/package_rover_control/cmake/package_rover_controlConfig-version.cmake
[1.013s] -- Up-to-date: /home/curry/wilson_proj/ros2-rover-ws/install/package_rover_control/share/package_rover_control/package.xml
[1.027s] Invoked command in '/home/curry/wilson_proj/ros2-rover-ws/build/package_rover_control' returned '0': CMAKE_PREFIX_PATH=${CMAKE_PREFIX_PATH}:/opt/ros/humble /usr/bin/cmake --install /home/curry/wilson_proj/ros2-rover-ws/build/package_rover_control
