[5.066s] Invoking command in '/home/curry/wilson_proj/ros2-rover-ws/src/package_image_process': PYTHONPATH=/home/curry/wilson_proj/ros2-rover-ws/build/package_image_process/prefix_override:/usr/lib/python3/dist-packages/colcon_core/task/python/colcon_distutils_commands:/home/curry/wilson_proj/ros2-rover-ws/install/package_image_process/lib/python3.10/site-packages:${PYTHONPATH} /usr/bin/python3 -W ignore:setup.py install is deprecated -W ignore:easy_install command is deprecated setup.py egg_info --egg-base ../../build/package_image_process build --build-base /home/curry/wilson_proj/ros2-rover-ws/build/package_image_process/build install --record /home/curry/wilson_proj/ros2-rover-ws/build/package_image_process/install.log --single-version-externally-managed install_data
[6.720s] running egg_info
[6.724s] writing ../../build/package_image_process/package_image_process.egg-info/PKG-INFO
[6.725s] writing dependency_links to ../../build/package_image_process/package_image_process.egg-info/dependency_links.txt
[6.726s] writing entry points to ../../build/package_image_process/package_image_process.egg-info/entry_points.txt
[6.727s] writing requirements to ../../build/package_image_process/package_image_process.egg-info/requires.txt
[6.728s] writing top-level names to ../../build/package_image_process/package_image_process.egg-info/top_level.txt
[6.736s] reading manifest file '../../build/package_image_process/package_image_process.egg-info/SOURCES.txt'
[6.738s] adding license file 'LICENSE'
[6.740s] writing manifest file '../../build/package_image_process/package_image_process.egg-info/SOURCES.txt'
[6.741s] running build
[6.742s] running build_py
[6.743s] running install
[6.744s] running install_lib
[6.751s] running install_data
[6.751s] running install_egg_info
[6.760s] removing '/home/curry/wilson_proj/ros2-rover-ws/install/package_image_process/lib/python3.10/site-packages/package_image_process-0.0.0-py3.10.egg-info' (and everything under it)
[6.762s] Copying ../../build/package_image_process/package_image_process.egg-info to /home/curry/wilson_proj/ros2-rover-ws/install/package_image_process/lib/python3.10/site-packages/package_image_process-0.0.0-py3.10.egg-info
[6.768s] running install_scripts
[6.871s] Installing node_image_process script to /home/curry/wilson_proj/ros2-rover-ws/install/package_image_process/lib/package_image_process
[6.872s] writing list of installed files to '/home/curry/wilson_proj/ros2-rover-ws/build/package_image_process/install.log'
[7.040s] Invoked command in '/home/curry/wilson_proj/ros2-rover-ws/src/package_image_process' returned '0': PYTHONPATH=/home/curry/wilson_proj/ros2-rover-ws/build/package_image_process/prefix_override:/usr/lib/python3/dist-packages/colcon_core/task/python/colcon_distutils_commands:/home/curry/wilson_proj/ros2-rover-ws/install/package_image_process/lib/python3.10/site-packages:${PYTHONPATH} /usr/bin/python3 -W ignore:setup.py install is deprecated -W ignore:easy_install command is deprecated setup.py egg_info --egg-base ../../build/package_image_process build --build-base /home/curry/wilson_proj/ros2-rover-ws/build/package_image_process/build install --record /home/curry/wilson_proj/ros2-rover-ws/build/package_image_process/install.log --single-version-externally-managed install_data
