[0.453s] DEBUG:colcon:Command line arguments: ['/usr/bin/colcon', 'build', '--packages-select', 'msgs_positions']
[0.453s] DEBUG:colcon:Parsed command line arguments: Namespace(log_base=None, log_level=None, verb_name='build', build_base='build', install_base='install', merge_install=False, symlink_install=False, test_result_base=None, continue_on_error=False, executor='parallel', parallel_workers=4, event_handlers=None, ignore_user_meta=False, metas=['./colcon.meta'], base_paths=['.'], packages_ignore=None, packages_ignore_regex=None, paths=None, packages_up_to=None, packages_up_to_regex=None, packages_above=None, packages_above_and_dependencies=None, packages_above_depth=None, packages_select_by_dep=None, packages_skip_by_dep=None, packages_skip_up_to=None, packages_select_build_failed=False, packages_skip_build_finished=False, packages_select_test_failures=False, packages_skip_test_passed=False, packages_select=['msgs_positions'], packages_skip=None, packages_select_regex=None, packages_skip_regex=None, packages_start=None, packages_end=None, allow_overriding=[], cmake_args=None, cmake_target=None, cmake_target_skip_unavailable=False, cmake_clean_cache=False, cmake_clean_first=False, cmake_force_configure=False, ament_cmake_args=None, catkin_cmake_args=None, catkin_skip_building_tests=False, mixin_files=None, mixin=None, verb_parser=<colcon_mixin.mixin.mixin_argument.MixinArgumentDecorator object at 0xffff9bf91210>, verb_extension=<colcon_core.verb.build.BuildVerb object at 0xffff9c12a110>, main=<bound method BuildVerb.main of <colcon_core.verb.build.BuildVerb object at 0xffff9c12a110>>, mixin_verb=('build',))
[1.259s] Level 1:colcon.colcon_core.package_discovery:discover_packages(colcon_meta) check parameters
[1.260s] Level 1:colcon.colcon_core.package_discovery:discover_packages(recursive) check parameters
[1.260s] Level 1:colcon.colcon_core.package_discovery:discover_packages(ignore) check parameters
[1.260s] Level 1:colcon.colcon_core.package_discovery:discover_packages(path) check parameters
[1.260s] Level 1:colcon.colcon_core.package_discovery:discover_packages(colcon_meta) discover
[1.260s] Level 1:colcon.colcon_core.package_discovery:discover_packages(recursive) discover
[1.261s] INFO:colcon.colcon_core.package_discovery:Crawling recursively for packages in '/home/curry/wilson_proj/ros2-rover-ws'
[1.261s] Level 1:colcon.colcon_core.package_identification:_identify(.) by extensions ['ignore', 'ignore_ament_install']
[1.261s] Level 1:colcon.colcon_core.package_identification:_identify(.) by extension 'ignore'
[1.262s] Level 1:colcon.colcon_core.package_identification:_identify(.) by extension 'ignore_ament_install'
[1.262s] Level 1:colcon.colcon_core.package_identification:_identify(.) by extensions ['colcon_pkg']
[1.262s] Level 1:colcon.colcon_core.package_identification:_identify(.) by extension 'colcon_pkg'
[1.262s] Level 1:colcon.colcon_core.package_identification:_identify(.) by extensions ['colcon_meta']
[1.262s] Level 1:colcon.colcon_core.package_identification:_identify(.) by extension 'colcon_meta'
[1.262s] Level 1:colcon.colcon_core.package_identification:_identify(.) by extensions ['ros']
[1.263s] Level 1:colcon.colcon_core.package_identification:_identify(.) by extension 'ros'
[1.306s] Level 1:colcon.colcon_core.package_identification:_identify(.) by extensions ['cmake', 'python']
[1.306s] Level 1:colcon.colcon_core.package_identification:_identify(.) by extension 'cmake'
[1.306s] Level 1:colcon.colcon_core.package_identification:_identify(.) by extension 'python'
[1.306s] Level 1:colcon.colcon_core.package_identification:_identify(.) by extensions ['python_setup_py']
[1.306s] Level 1:colcon.colcon_core.package_identification:_identify(.) by extension 'python_setup_py'
[1.307s] Level 1:colcon.colcon_core.package_identification:_identify(build) by extensions ['ignore', 'ignore_ament_install']
[1.307s] Level 1:colcon.colcon_core.package_identification:_identify(build) by extension 'ignore'
[1.308s] Level 1:colcon.colcon_core.package_identification:_identify(build) ignored
[1.308s] Level 1:colcon.colcon_core.package_identification:_identify(install) by extensions ['ignore', 'ignore_ament_install']
[1.309s] Level 1:colcon.colcon_core.package_identification:_identify(install) by extension 'ignore'
[1.309s] Level 1:colcon.colcon_core.package_identification:_identify(install) ignored
[1.312s] Level 1:colcon.colcon_core.package_identification:_identify(log) by extensions ['ignore', 'ignore_ament_install']
[1.312s] Level 1:colcon.colcon_core.package_identification:_identify(log) by extension 'ignore'
[1.312s] Level 1:colcon.colcon_core.package_identification:_identify(log) ignored
[1.313s] Level 1:colcon.colcon_core.package_identification:_identify(src) by extensions ['ignore', 'ignore_ament_install']
[1.313s] Level 1:colcon.colcon_core.package_identification:_identify(src) by extension 'ignore'
[1.313s] Level 1:colcon.colcon_core.package_identification:_identify(src) by extension 'ignore_ament_install'
[1.313s] Level 1:colcon.colcon_core.package_identification:_identify(src) by extensions ['colcon_pkg']
[1.313s] Level 1:colcon.colcon_core.package_identification:_identify(src) by extension 'colcon_pkg'
[1.313s] Level 1:colcon.colcon_core.package_identification:_identify(src) by extensions ['colcon_meta']
[1.314s] Level 1:colcon.colcon_core.package_identification:_identify(src) by extension 'colcon_meta'
[1.314s] Level 1:colcon.colcon_core.package_identification:_identify(src) by extensions ['ros']
[1.314s] Level 1:colcon.colcon_core.package_identification:_identify(src) by extension 'ros'
[1.314s] Level 1:colcon.colcon_core.package_identification:_identify(src) by extensions ['cmake', 'python']
[1.314s] Level 1:colcon.colcon_core.package_identification:_identify(src) by extension 'cmake'
[1.314s] Level 1:colcon.colcon_core.package_identification:_identify(src) by extension 'python'
[1.315s] Level 1:colcon.colcon_core.package_identification:_identify(src) by extensions ['python_setup_py']
[1.315s] Level 1:colcon.colcon_core.package_identification:_identify(src) by extension 'python_setup_py'
[1.315s] Level 1:colcon.colcon_core.package_identification:_identify(src/action_interfaces) by extensions ['ignore', 'ignore_ament_install']
[1.316s] Level 1:colcon.colcon_core.package_identification:_identify(src/action_interfaces) by extension 'ignore'
[1.316s] Level 1:colcon.colcon_core.package_identification:_identify(src/action_interfaces) by extension 'ignore_ament_install'
[1.316s] Level 1:colcon.colcon_core.package_identification:_identify(src/action_interfaces) by extensions ['colcon_pkg']
[1.316s] Level 1:colcon.colcon_core.package_identification:_identify(src/action_interfaces) by extension 'colcon_pkg'
[1.316s] Level 1:colcon.colcon_core.package_identification:_identify(src/action_interfaces) by extensions ['colcon_meta']
[1.316s] Level 1:colcon.colcon_core.package_identification:_identify(src/action_interfaces) by extension 'colcon_meta'
[1.317s] Level 1:colcon.colcon_core.package_identification:_identify(src/action_interfaces) by extensions ['ros']
[1.317s] Level 1:colcon.colcon_core.package_identification:_identify(src/action_interfaces) by extension 'ros'
[1.325s] DEBUG:colcon.colcon_core.package_identification:Package 'src/action_interfaces' with type 'ros.ament_cmake' and name 'action_interfaces'
[1.326s] Level 1:colcon.colcon_core.package_identification:_identify(src/build) by extensions ['ignore', 'ignore_ament_install']
[1.326s] Level 1:colcon.colcon_core.package_identification:_identify(src/build) by extension 'ignore'
[1.326s] Level 1:colcon.colcon_core.package_identification:_identify(src/build) ignored
[1.327s] Level 1:colcon.colcon_core.package_identification:_identify(src/install) by extensions ['ignore', 'ignore_ament_install']
[1.327s] Level 1:colcon.colcon_core.package_identification:_identify(src/install) by extension 'ignore'
[1.327s] Level 1:colcon.colcon_core.package_identification:_identify(src/install) ignored
[1.328s] Level 1:colcon.colcon_core.package_identification:_identify(src/log) by extensions ['ignore', 'ignore_ament_install']
[1.328s] Level 1:colcon.colcon_core.package_identification:_identify(src/log) by extension 'ignore'
[1.328s] Level 1:colcon.colcon_core.package_identification:_identify(src/log) ignored
[1.328s] Level 1:colcon.colcon_core.package_identification:_identify(src/msgs_mainrocon) by extensions ['ignore', 'ignore_ament_install']
[1.329s] Level 1:colcon.colcon_core.package_identification:_identify(src/msgs_mainrocon) by extension 'ignore'
[1.329s] Level 1:colcon.colcon_core.package_identification:_identify(src/msgs_mainrocon) by extension 'ignore_ament_install'
[1.329s] Level 1:colcon.colcon_core.package_identification:_identify(src/msgs_mainrocon) by extensions ['colcon_pkg']
[1.329s] Level 1:colcon.colcon_core.package_identification:_identify(src/msgs_mainrocon) by extension 'colcon_pkg'
[1.329s] Level 1:colcon.colcon_core.package_identification:_identify(src/msgs_mainrocon) by extensions ['colcon_meta']
[1.329s] Level 1:colcon.colcon_core.package_identification:_identify(src/msgs_mainrocon) by extension 'colcon_meta'
[1.330s] Level 1:colcon.colcon_core.package_identification:_identify(src/msgs_mainrocon) by extensions ['ros']
[1.330s] Level 1:colcon.colcon_core.package_identification:_identify(src/msgs_mainrocon) by extension 'ros'
[1.333s] DEBUG:colcon.colcon_core.package_identification:Package 'src/msgs_mainrocon' with type 'ros.ament_cmake' and name 'msgs_mainrocon'
[1.333s] Level 1:colcon.colcon_core.package_identification:_identify(src/msgs_positions) by extensions ['ignore', 'ignore_ament_install']
[1.334s] Level 1:colcon.colcon_core.package_identification:_identify(src/msgs_positions) by extension 'ignore'
[1.334s] Level 1:colcon.colcon_core.package_identification:_identify(src/msgs_positions) by extension 'ignore_ament_install'
[1.334s] Level 1:colcon.colcon_core.package_identification:_identify(src/msgs_positions) by extensions ['colcon_pkg']
[1.334s] Level 1:colcon.colcon_core.package_identification:_identify(src/msgs_positions) by extension 'colcon_pkg'
[1.334s] Level 1:colcon.colcon_core.package_identification:_identify(src/msgs_positions) by extensions ['colcon_meta']
[1.335s] Level 1:colcon.colcon_core.package_identification:_identify(src/msgs_positions) by extension 'colcon_meta'
[1.335s] Level 1:colcon.colcon_core.package_identification:_identify(src/msgs_positions) by extensions ['ros']
[1.335s] Level 1:colcon.colcon_core.package_identification:_identify(src/msgs_positions) by extension 'ros'
[1.338s] DEBUG:colcon.colcon_core.package_identification:Package 'src/msgs_positions' with type 'ros.ament_cmake' and name 'msgs_positions'
[1.338s] Level 1:colcon.colcon_core.package_identification:_identify(src/msgs_rovercon) by extensions ['ignore', 'ignore_ament_install']
[1.338s] Level 1:colcon.colcon_core.package_identification:_identify(src/msgs_rovercon) by extension 'ignore'
[1.339s] Level 1:colcon.colcon_core.package_identification:_identify(src/msgs_rovercon) by extension 'ignore_ament_install'
[1.339s] Level 1:colcon.colcon_core.package_identification:_identify(src/msgs_rovercon) by extensions ['colcon_pkg']
[1.339s] Level 1:colcon.colcon_core.package_identification:_identify(src/msgs_rovercon) by extension 'colcon_pkg'
[1.339s] Level 1:colcon.colcon_core.package_identification:_identify(src/msgs_rovercon) by extensions ['colcon_meta']
[1.339s] Level 1:colcon.colcon_core.package_identification:_identify(src/msgs_rovercon) by extension 'colcon_meta'
[1.340s] Level 1:colcon.colcon_core.package_identification:_identify(src/msgs_rovercon) by extensions ['ros']
[1.340s] Level 1:colcon.colcon_core.package_identification:_identify(src/msgs_rovercon) by extension 'ros'
[1.342s] DEBUG:colcon.colcon_core.package_identification:Package 'src/msgs_rovercon' with type 'ros.ament_cmake' and name 'msgs_rovercon'
[1.342s] Level 1:colcon.colcon_core.package_identification:_identify(src/package_image_process) by extensions ['ignore', 'ignore_ament_install']
[1.343s] Level 1:colcon.colcon_core.package_identification:_identify(src/package_image_process) by extension 'ignore'
[1.343s] Level 1:colcon.colcon_core.package_identification:_identify(src/package_image_process) by extension 'ignore_ament_install'
[1.343s] Level 1:colcon.colcon_core.package_identification:_identify(src/package_image_process) by extensions ['colcon_pkg']
[1.343s] Level 1:colcon.colcon_core.package_identification:_identify(src/package_image_process) by extension 'colcon_pkg'
[1.344s] Level 1:colcon.colcon_core.package_identification:_identify(src/package_image_process) by extensions ['colcon_meta']
[1.344s] Level 1:colcon.colcon_core.package_identification:_identify(src/package_image_process) by extension 'colcon_meta'
[1.344s] Level 1:colcon.colcon_core.package_identification:_identify(src/package_image_process) by extensions ['ros']
[1.344s] Level 1:colcon.colcon_core.package_identification:_identify(src/package_image_process) by extension 'ros'
[1.346s] DEBUG:colcon.colcon_core.package_identification:Package 'src/package_image_process' with type 'ros.ament_python' and name 'package_image_process'
[1.347s] Level 1:colcon.colcon_core.package_identification:_identify(src/package_position_process) by extensions ['ignore', 'ignore_ament_install']
[1.347s] Level 1:colcon.colcon_core.package_identification:_identify(src/package_position_process) by extension 'ignore'
[1.348s] Level 1:colcon.colcon_core.package_identification:_identify(src/package_position_process) by extension 'ignore_ament_install'
[1.348s] Level 1:colcon.colcon_core.package_identification:_identify(src/package_position_process) by extensions ['colcon_pkg']
[1.348s] Level 1:colcon.colcon_core.package_identification:_identify(src/package_position_process) by extension 'colcon_pkg'
[1.348s] Level 1:colcon.colcon_core.package_identification:_identify(src/package_position_process) by extensions ['colcon_meta']
[1.348s] Level 1:colcon.colcon_core.package_identification:_identify(src/package_position_process) by extension 'colcon_meta'
[1.348s] Level 1:colcon.colcon_core.package_identification:_identify(src/package_position_process) by extensions ['ros']
[1.348s] Level 1:colcon.colcon_core.package_identification:_identify(src/package_position_process) by extension 'ros'
[1.351s] DEBUG:colcon.colcon_core.package_identification:Package 'src/package_position_process' with type 'ros.ament_cmake' and name 'package_position_process'
[1.352s] Level 1:colcon.colcon_core.package_identification:_identify(src/package_rover_control) by extensions ['ignore', 'ignore_ament_install']
[1.352s] Level 1:colcon.colcon_core.package_identification:_identify(src/package_rover_control) by extension 'ignore'
[1.352s] Level 1:colcon.colcon_core.package_identification:_identify(src/package_rover_control) by extension 'ignore_ament_install'
[1.353s] Level 1:colcon.colcon_core.package_identification:_identify(src/package_rover_control) by extensions ['colcon_pkg']
[1.353s] Level 1:colcon.colcon_core.package_identification:_identify(src/package_rover_control) by extension 'colcon_pkg'
[1.353s] Level 1:colcon.colcon_core.package_identification:_identify(src/package_rover_control) by extensions ['colcon_meta']
[1.353s] Level 1:colcon.colcon_core.package_identification:_identify(src/package_rover_control) by extension 'colcon_meta'
[1.353s] Level 1:colcon.colcon_core.package_identification:_identify(src/package_rover_control) by extensions ['ros']
[1.353s] Level 1:colcon.colcon_core.package_identification:_identify(src/package_rover_control) by extension 'ros'
[1.356s] DEBUG:colcon.colcon_core.package_identification:Package 'src/package_rover_control' with type 'ros.ament_cmake' and name 'package_rover_control'
[1.356s] Level 1:colcon.colcon_core.package_identification:_identify(src/package_test) by extensions ['ignore', 'ignore_ament_install']
[1.357s] Level 1:colcon.colcon_core.package_identification:_identify(src/package_test) by extension 'ignore'
[1.357s] Level 1:colcon.colcon_core.package_identification:_identify(src/package_test) by extension 'ignore_ament_install'
[1.357s] Level 1:colcon.colcon_core.package_identification:_identify(src/package_test) by extensions ['colcon_pkg']
[1.357s] Level 1:colcon.colcon_core.package_identification:_identify(src/package_test) by extension 'colcon_pkg'
[1.357s] Level 1:colcon.colcon_core.package_identification:_identify(src/package_test) by extensions ['colcon_meta']
[1.358s] Level 1:colcon.colcon_core.package_identification:_identify(src/package_test) by extension 'colcon_meta'
[1.358s] Level 1:colcon.colcon_core.package_identification:_identify(src/package_test) by extensions ['ros']
[1.358s] Level 1:colcon.colcon_core.package_identification:_identify(src/package_test) by extension 'ros'
[1.361s] DEBUG:colcon.colcon_core.package_identification:Package 'src/package_test' with type 'ros.ament_cmake' and name 'package_test'
[1.361s] Level 1:colcon.colcon_core.package_discovery:discover_packages(recursive) using defaults
[1.362s] Level 1:colcon.colcon_core.package_discovery:discover_packages(ignore) discover
[1.362s] Level 1:colcon.colcon_core.package_discovery:discover_packages(ignore) using defaults
[1.362s] Level 1:colcon.colcon_core.package_discovery:discover_packages(path) discover
[1.362s] Level 1:colcon.colcon_core.package_discovery:discover_packages(path) using defaults
[1.478s] INFO:colcon.colcon_core.package_selection:Skipping not selected package 'action_interfaces' in 'src/action_interfaces'
[1.479s] INFO:colcon.colcon_core.package_selection:Skipping not selected package 'msgs_rovercon' in 'src/msgs_rovercon'
[1.479s] INFO:colcon.colcon_core.package_selection:Skipping not selected package 'package_image_process' in 'src/package_image_process'
[1.479s] INFO:colcon.colcon_core.package_selection:Skipping not selected package 'package_position_process' in 'src/package_position_process'
[1.479s] INFO:colcon.colcon_core.package_selection:Skipping not selected package 'package_test' in 'src/package_test'
[1.479s] INFO:colcon.colcon_core.package_selection:Skipping not selected package 'msgs_mainrocon' in 'src/msgs_mainrocon'
[1.479s] INFO:colcon.colcon_core.package_selection:Skipping not selected package 'package_rover_control' in 'src/package_rover_control'
[1.481s] Level 1:colcon.colcon_core.package_discovery:discover_packages(prefix_path) check parameters
[1.481s] Level 1:colcon.colcon_core.package_discovery:discover_packages(prefix_path) discover
[1.495s] DEBUG:colcon.colcon_installed_package_information.package_discovery:Found 271 installed packages in /opt/ros/humble
[1.501s] Level 1:colcon.colcon_core.package_discovery:discover_packages(prefix_path) using defaults
[1.662s] Level 5:colcon.colcon_core.verb:set package 'msgs_positions' build argument 'cmake_args' from command line to 'None'
[1.663s] Level 5:colcon.colcon_core.verb:set package 'msgs_positions' build argument 'cmake_target' from command line to 'None'
[1.663s] Level 5:colcon.colcon_core.verb:set package 'msgs_positions' build argument 'cmake_target_skip_unavailable' from command line to 'False'
[1.663s] Level 5:colcon.colcon_core.verb:set package 'msgs_positions' build argument 'cmake_clean_cache' from command line to 'False'
[1.663s] Level 5:colcon.colcon_core.verb:set package 'msgs_positions' build argument 'cmake_clean_first' from command line to 'False'
[1.663s] Level 5:colcon.colcon_core.verb:set package 'msgs_positions' build argument 'cmake_force_configure' from command line to 'False'
[1.663s] Level 5:colcon.colcon_core.verb:set package 'msgs_positions' build argument 'ament_cmake_args' from command line to 'None'
[1.663s] Level 5:colcon.colcon_core.verb:set package 'msgs_positions' build argument 'catkin_cmake_args' from command line to 'None'
[1.663s] Level 5:colcon.colcon_core.verb:set package 'msgs_positions' build argument 'catkin_skip_building_tests' from command line to 'False'
[1.664s] DEBUG:colcon.colcon_core.verb:Building package 'msgs_positions' with the following arguments: {'ament_cmake_args': None, 'build_base': '/home/curry/wilson_proj/ros2-rover-ws/build/msgs_positions', 'catkin_cmake_args': None, 'catkin_skip_building_tests': False, 'cmake_args': None, 'cmake_clean_cache': False, 'cmake_clean_first': False, 'cmake_force_configure': False, 'cmake_target': None, 'cmake_target_skip_unavailable': False, 'install_base': '/home/curry/wilson_proj/ros2-rover-ws/install/msgs_positions', 'merge_install': False, 'path': '/home/curry/wilson_proj/ros2-rover-ws/src/msgs_positions', 'symlink_install': False, 'test_result_base': None}
[1.664s] INFO:colcon.colcon_core.executor:Executing jobs using 'parallel' executor
[1.667s] DEBUG:colcon.colcon_parallel_executor.executor.parallel:run_until_complete
[1.668s] INFO:colcon.colcon_ros.task.ament_cmake.build:Building ROS package in '/home/curry/wilson_proj/ros2-rover-ws/src/msgs_positions' with build type 'ament_cmake'
[1.668s] INFO:colcon.colcon_cmake.task.cmake.build:Building CMake package in '/home/curry/wilson_proj/ros2-rover-ws/src/msgs_positions'
[1.677s] INFO:colcon.colcon_core.plugin_system:Skipping extension 'colcon_core.shell.bat': Not used on non-Windows systems
[1.678s] INFO:colcon.colcon_core.shell:Skip shell extension 'powershell' for command environment: Not usable outside of PowerShell
[1.678s] DEBUG:colcon.colcon_core.shell:Skip shell extension 'dsv' for command environment
[1.714s] DEBUG:colcon.colcon_core.event_handler.log_command:Invoking command in '/home/curry/wilson_proj/ros2-rover-ws/build/msgs_positions': CMAKE_PREFIX_PATH=/opt/ros/humble /usr/bin/cmake --build /home/curry/wilson_proj/ros2-rover-ws/build/msgs_positions -- -j4 -l4
[3.207s] DEBUG:colcon.colcon_core.event_handler.log_command:Invoked command in '/home/curry/wilson_proj/ros2-rover-ws/build/msgs_positions' returned '2': CMAKE_PREFIX_PATH=/opt/ros/humble /usr/bin/cmake --build /home/curry/wilson_proj/ros2-rover-ws/build/msgs_positions -- -j4 -l4
[3.209s] Level 1:colcon.colcon_core.environment:create_environment_scripts_only(msgs_positions)
[3.220s] Level 1:colcon.colcon_core.environment:checking '/home/curry/wilson_proj/ros2-rover-ws/install/msgs_positions' for CMake module files
[3.226s] Level 1:colcon.colcon_core.environment:checking '/home/curry/wilson_proj/ros2-rover-ws/install/msgs_positions' for CMake config files
[3.230s] Level 1:colcon.colcon_core.shell:create_environment_hook('msgs_positions', 'cmake_prefix_path')
[3.231s] INFO:colcon.colcon_core.shell:Creating environment hook '/home/curry/wilson_proj/ros2-rover-ws/install/msgs_positions/share/msgs_positions/hook/cmake_prefix_path.ps1'
[3.234s] INFO:colcon.colcon_core.shell:Creating environment descriptor '/home/curry/wilson_proj/ros2-rover-ws/install/msgs_positions/share/msgs_positions/hook/cmake_prefix_path.dsv'
[3.236s] INFO:colcon.colcon_core.shell:Creating environment hook '/home/curry/wilson_proj/ros2-rover-ws/install/msgs_positions/share/msgs_positions/hook/cmake_prefix_path.sh'
[3.240s] Level 1:colcon.colcon_core.environment:checking '/home/curry/wilson_proj/ros2-rover-ws/install/msgs_positions/lib'
[3.240s] Level 1:colcon.colcon_core.shell:create_environment_hook('msgs_positions', 'ld_library_path_lib')
[3.241s] INFO:colcon.colcon_core.shell:Creating environment hook '/home/curry/wilson_proj/ros2-rover-ws/install/msgs_positions/share/msgs_positions/hook/ld_library_path_lib.ps1'
[3.243s] INFO:colcon.colcon_core.shell:Creating environment descriptor '/home/curry/wilson_proj/ros2-rover-ws/install/msgs_positions/share/msgs_positions/hook/ld_library_path_lib.dsv'
[3.245s] INFO:colcon.colcon_core.shell:Creating environment hook '/home/curry/wilson_proj/ros2-rover-ws/install/msgs_positions/share/msgs_positions/hook/ld_library_path_lib.sh'
[3.247s] Level 1:colcon.colcon_core.environment:checking '/home/curry/wilson_proj/ros2-rover-ws/install/msgs_positions/bin'
[3.247s] Level 1:colcon.colcon_core.environment:checking '/home/curry/wilson_proj/ros2-rover-ws/install/msgs_positions/lib/pkgconfig/msgs_positions.pc'
[3.248s] Level 1:colcon.colcon_core.environment:checking '/home/curry/wilson_proj/ros2-rover-ws/install/msgs_positions/lib/python3.10/site-packages'
[3.249s] Level 1:colcon.colcon_core.environment:checking '/home/curry/wilson_proj/ros2-rover-ws/install/msgs_positions/bin'
[3.250s] INFO:colcon.colcon_core.shell:Creating package script '/home/curry/wilson_proj/ros2-rover-ws/install/msgs_positions/share/msgs_positions/package.ps1'
[3.254s] INFO:colcon.colcon_core.shell:Creating package descriptor '/home/curry/wilson_proj/ros2-rover-ws/install/msgs_positions/share/msgs_positions/package.dsv'
[3.257s] INFO:colcon.colcon_core.shell:Creating package script '/home/curry/wilson_proj/ros2-rover-ws/install/msgs_positions/share/msgs_positions/package.sh'
[3.260s] INFO:colcon.colcon_core.shell:Creating package script '/home/curry/wilson_proj/ros2-rover-ws/install/msgs_positions/share/msgs_positions/package.bash'
[3.264s] INFO:colcon.colcon_core.shell:Creating package script '/home/curry/wilson_proj/ros2-rover-ws/install/msgs_positions/share/msgs_positions/package.zsh'
[3.267s] Level 1:colcon.colcon_core.environment:create_file_with_runtime_dependencies(/home/curry/wilson_proj/ros2-rover-ws/install/msgs_positions/share/colcon-core/packages/msgs_positions)
[3.279s] DEBUG:colcon.colcon_parallel_executor.executor.parallel:closing loop
[3.279s] DEBUG:colcon.colcon_parallel_executor.executor.parallel:loop closed
[3.280s] DEBUG:colcon.colcon_parallel_executor.executor.parallel:run_until_complete finished with '2'
[3.280s] DEBUG:colcon.colcon_core.event_reactor:joining thread
[3.304s] INFO:colcon.colcon_core.plugin_system:Skipping extension 'colcon_notification.desktop_notification.terminal_notifier': Not used on non-Darwin systems
[3.305s] INFO:colcon.colcon_core.plugin_system:Skipping extension 'colcon_notification.desktop_notification.win32': Not used on non-Windows systems
[3.305s] INFO:colcon.colcon_notification.desktop_notification:Sending desktop notification using 'notify2'
[3.310s] DEBUG:colcon.colcon_notification.desktop_notification.notify2:Failed to initialize notify2: org.freedesktop.DBus.Error.ServiceUnknown: The name org.freedesktop.Notifications was not provided by any .service files
[3.310s] DEBUG:colcon.colcon_core.event_reactor:joined thread
[3.311s] INFO:colcon.colcon_core.shell:Creating prefix script '/home/curry/wilson_proj/ros2-rover-ws/install/local_setup.ps1'
[3.315s] INFO:colcon.colcon_core.shell:Creating prefix util module '/home/curry/wilson_proj/ros2-rover-ws/install/_local_setup_util_ps1.py'
[3.322s] INFO:colcon.colcon_core.shell:Creating prefix chain script '/home/curry/wilson_proj/ros2-rover-ws/install/setup.ps1'
[3.327s] INFO:colcon.colcon_core.shell:Creating prefix script '/home/curry/wilson_proj/ros2-rover-ws/install/local_setup.sh'
[3.329s] INFO:colcon.colcon_core.shell:Creating prefix util module '/home/curry/wilson_proj/ros2-rover-ws/install/_local_setup_util_sh.py'
[3.333s] INFO:colcon.colcon_core.shell:Creating prefix chain script '/home/curry/wilson_proj/ros2-rover-ws/install/setup.sh'
[3.337s] INFO:colcon.colcon_core.shell:Creating prefix script '/home/curry/wilson_proj/ros2-rover-ws/install/local_setup.bash'
[3.339s] INFO:colcon.colcon_core.shell:Creating prefix chain script '/home/curry/wilson_proj/ros2-rover-ws/install/setup.bash'
[3.343s] INFO:colcon.colcon_core.shell:Creating prefix script '/home/curry/wilson_proj/ros2-rover-ws/install/local_setup.zsh'
[3.346s] INFO:colcon.colcon_core.shell:Creating prefix chain script '/home/curry/wilson_proj/ros2-rover-ws/install/setup.zsh'
