[5.613s] Invoking command in '/home/curry/wilson_proj/ros2-rover-ws/src/package_image_process': PYTHONPATH=/home/curry/wilson_proj/ros2-rover-ws/build/package_image_process/prefix_override:/usr/lib/python3/dist-packages/colcon_core/task/python/colcon_distutils_commands:/home/curry/wilson_proj/ros2-rover-ws/install/package_image_process/lib/python3.10/site-packages:${PYTHONPATH} /usr/bin/python3 -W ignore:setup.py install is deprecated -W ignore:easy_install command is deprecated setup.py egg_info --egg-base ../../build/package_image_process build --build-base /home/curry/wilson_proj/ros2-rover-ws/build/package_image_process/build install --record /home/curry/wilson_proj/ros2-rover-ws/build/package_image_process/install.log --single-version-externally-managed install_data
[7.259s] running egg_info
[7.263s] writing ../../build/package_image_process/package_image_process.egg-info/PKG-INFO
[7.265s] writing dependency_links to ../../build/package_image_process/package_image_process.egg-info/dependency_links.txt
[7.266s] writing entry points to ../../build/package_image_process/package_image_process.egg-info/entry_points.txt
[7.267s] writing requirements to ../../build/package_image_process/package_image_process.egg-info/requires.txt
[7.267s] writing top-level names to ../../build/package_image_process/package_image_process.egg-info/top_level.txt
[7.279s] reading manifest file '../../build/package_image_process/package_image_process.egg-info/SOURCES.txt'
[7.280s] adding license file 'LICENSE'
[7.280s] writing manifest file '../../build/package_image_process/package_image_process.egg-info/SOURCES.txt'
[7.281s] running build
[7.281s] running build_py
[7.283s] running install
[7.284s] running install_lib
[7.291s] running install_data
[7.293s] running install_egg_info
[7.301s] removing '/home/curry/wilson_proj/ros2-rover-ws/install/package_image_process/lib/python3.10/site-packages/package_image_process-0.0.0-py3.10.egg-info' (and everything under it)
[7.302s] Copying ../../build/package_image_process/package_image_process.egg-info to /home/curry/wilson_proj/ros2-rover-ws/install/package_image_process/lib/python3.10/site-packages/package_image_process-0.0.0-py3.10.egg-info
[7.310s] running install_scripts
[7.408s] Installing node_image_process script to /home/curry/wilson_proj/ros2-rover-ws/install/package_image_process/lib/package_image_process
[7.411s] writing list of installed files to '/home/curry/wilson_proj/ros2-rover-ws/build/package_image_process/install.log'
[7.558s] Invoked command in '/home/curry/wilson_proj/ros2-rover-ws/src/package_image_process' returned '0': PYTHONPATH=/home/curry/wilson_proj/ros2-rover-ws/build/package_image_process/prefix_override:/usr/lib/python3/dist-packages/colcon_core/task/python/colcon_distutils_commands:/home/curry/wilson_proj/ros2-rover-ws/install/package_image_process/lib/python3.10/site-packages:${PYTHONPATH} /usr/bin/python3 -W ignore:setup.py install is deprecated -W ignore:easy_install command is deprecated setup.py egg_info --egg-base ../../build/package_image_process build --build-base /home/curry/wilson_proj/ros2-rover-ws/build/package_image_process/build install --record /home/curry/wilson_proj/ros2-rover-ws/build/package_image_process/install.log --single-version-externally-managed install_data
