[0.116s] Invoking command in '/home/curry/wilson_proj/ros2-rover-ws/build/msgs_positions': CMAKE_PREFIX_PATH=${CMAKE_PREFIX_PATH}:/opt/ros/humble /usr/bin/cmake --build /home/curry/wilson_proj/ros2-rover-ws/build/msgs_positions -- -j4 -l4
[0.654s] [  3%] Built target msgs_positions__cpp
[0.681s] [ 12%] Built target msgs_positions__rosidl_generator_c
[0.908s] [ 12%] Built target ament_cmake_python_copy_msgs_positions
[1.019s] [ 22%] Built target msgs_positions__rosidl_typesupport_cpp
[1.024s] [ 32%] Built target msgs_positions__rosidl_typesupport_fastrtps_cpp
[1.297s] [ 41%] Built target msgs_positions__rosidl_typesupport_introspection_c
[1.317s] [ 51%] Built target msgs_positions__rosidl_typesupport_c
[1.395s] [ 61%] Built target msgs_positions__rosidl_typesupport_introspection_cpp
[1.615s] [ 70%] Built target msgs_positions__rosidl_typesupport_fastrtps_c
[1.902s] [ 70%] Built target msgs_positions
[2.197s] [ 74%] Built target msgs_positions__py
[2.577s] [ 80%] Built target msgs_positions__rosidl_generator_py
[2.858s] [ 87%] Built target msgs_positions__rosidl_typesupport_fastrtps_c__pyext
[2.929s] [ 93%] Built target msgs_positions__rosidl_typesupport_c__pyext
[2.954s] [100%] Built target msgs_positions__rosidl_typesupport_introspection_c__pyext
[3.485s] running egg_info
[3.490s] writing msgs_positions.egg-info/PKG-INFO
[3.491s] writing dependency_links to msgs_positions.egg-info/dependency_links.txt
[3.493s] writing top-level names to msgs_positions.egg-info/top_level.txt
[3.507s] reading manifest file 'msgs_positions.egg-info/SOURCES.txt'
[3.509s] writing manifest file 'msgs_positions.egg-info/SOURCES.txt'
[3.714s] [100%] Built target ament_cmake_python_build_msgs_positions_egg
[3.811s] Invoked command in '/home/curry/wilson_proj/ros2-rover-ws/build/msgs_positions' returned '0': CMAKE_PREFIX_PATH=${CMAKE_PREFIX_PATH}:/opt/ros/humble /usr/bin/cmake --build /home/curry/wilson_proj/ros2-rover-ws/build/msgs_positions -- -j4 -l4
[3.898s] Invoking command in '/home/curry/wilson_proj/ros2-rover-ws/build/msgs_positions': CMAKE_PREFIX_PATH=${CMAKE_PREFIX_PATH}:/opt/ros/humble /usr/bin/cmake --install /home/curry/wilson_proj/ros2-rover-ws/build/msgs_positions
[3.963s] -- Install configuration: ""
[3.964s] -- Up-to-date: /home/curry/wilson_proj/ros2-rover-ws/install/msgs_positions/share/ament_index/resource_index/rosidl_interfaces/msgs_positions
[3.967s] -- Up-to-date: /home/curry/wilson_proj/ros2-rover-ws/install/msgs_positions/include/msgs_positions/msgs_positions
[3.968s] -- Up-to-date: /home/curry/wilson_proj/ros2-rover-ws/install/msgs_positions/include/msgs_positions/msgs_positions/msg
[3.969s] -- Up-to-date: /home/curry/wilson_proj/ros2-rover-ws/install/msgs_positions/include/msgs_positions/msgs_positions/msg/detail
[3.970s] -- Up-to-date: /home/curry/wilson_proj/ros2-rover-ws/install/msgs_positions/include/msgs_positions/msgs_positions/msg/detail/nav_sat_fix__struct.h
[3.970s] -- Up-to-date: /home/curry/wilson_proj/ros2-rover-ws/install/msgs_positions/include/msgs_positions/msgs_positions/msg/detail/nav_sat_fix__functions.c
[3.972s] -- Up-to-date: /home/curry/wilson_proj/ros2-rover-ws/install/msgs_positions/include/msgs_positions/msgs_positions/msg/detail/nav_sat_fix__type_support.h
[3.972s] -- Up-to-date: /home/curry/wilson_proj/ros2-rover-ws/install/msgs_positions/include/msgs_positions/msgs_positions/msg/detail/nav_sat_fix__functions.h
[3.974s] -- Up-to-date: /home/curry/wilson_proj/ros2-rover-ws/install/msgs_positions/include/msgs_positions/msgs_positions/msg/rosidl_generator_c__visibility_control.h
[3.975s] -- Up-to-date: /home/curry/wilson_proj/ros2-rover-ws/install/msgs_positions/include/msgs_positions/msgs_positions/msg/nav_sat_fix.h
[3.976s] -- Up-to-date: /home/curry/wilson_proj/ros2-rover-ws/install/msgs_positions/share/msgs_positions/environment/library_path.sh
[3.977s] -- Up-to-date: /home/curry/wilson_proj/ros2-rover-ws/install/msgs_positions/share/msgs_positions/environment/library_path.dsv
[3.977s] -- Up-to-date: /home/curry/wilson_proj/ros2-rover-ws/install/msgs_positions/lib/libmsgs_positions__rosidl_generator_c.so
[3.978s] -- Up-to-date: /home/curry/wilson_proj/ros2-rover-ws/install/msgs_positions/include/msgs_positions/msgs_positions
[3.979s] -- Up-to-date: /home/curry/wilson_proj/ros2-rover-ws/install/msgs_positions/include/msgs_positions/msgs_positions/msg
[3.982s] -- Up-to-date: /home/curry/wilson_proj/ros2-rover-ws/install/msgs_positions/include/msgs_positions/msgs_positions/msg/detail
[3.984s] -- Up-to-date: /home/curry/wilson_proj/ros2-rover-ws/install/msgs_positions/include/msgs_positions/msgs_positions/msg/detail/nav_sat_fix__rosidl_typesupport_fastrtps_c.h
[3.985s] -- Up-to-date: /home/curry/wilson_proj/ros2-rover-ws/install/msgs_positions/include/msgs_positions/msgs_positions/msg/rosidl_typesupport_fastrtps_c__visibility_control.h
[3.986s] -- Up-to-date: /home/curry/wilson_proj/ros2-rover-ws/install/msgs_positions/lib/libmsgs_positions__rosidl_typesupport_fastrtps_c.so
[3.987s] -- Up-to-date: /home/curry/wilson_proj/ros2-rover-ws/install/msgs_positions/include/msgs_positions/msgs_positions
[3.988s] -- Up-to-date: /home/curry/wilson_proj/ros2-rover-ws/install/msgs_positions/include/msgs_positions/msgs_positions/msg
[3.989s] -- Up-to-date: /home/curry/wilson_proj/ros2-rover-ws/install/msgs_positions/include/msgs_positions/msgs_positions/msg/rosidl_generator_cpp__visibility_control.hpp
[3.991s] -- Up-to-date: /home/curry/wilson_proj/ros2-rover-ws/install/msgs_positions/include/msgs_positions/msgs_positions/msg/detail
[3.991s] -- Up-to-date: /home/curry/wilson_proj/ros2-rover-ws/install/msgs_positions/include/msgs_positions/msgs_positions/msg/detail/nav_sat_fix__builder.hpp
[3.992s] -- Up-to-date: /home/curry/wilson_proj/ros2-rover-ws/install/msgs_positions/include/msgs_positions/msgs_positions/msg/detail/nav_sat_fix__traits.hpp
[3.993s] -- Up-to-date: /home/curry/wilson_proj/ros2-rover-ws/install/msgs_positions/include/msgs_positions/msgs_positions/msg/detail/nav_sat_fix__type_support.hpp
[3.994s] -- Up-to-date: /home/curry/wilson_proj/ros2-rover-ws/install/msgs_positions/include/msgs_positions/msgs_positions/msg/detail/nav_sat_fix__struct.hpp
[3.994s] -- Up-to-date: /home/curry/wilson_proj/ros2-rover-ws/install/msgs_positions/include/msgs_positions/msgs_positions/msg/nav_sat_fix.hpp
[4.006s] -- Up-to-date: /home/curry/wilson_proj/ros2-rover-ws/install/msgs_positions/include/msgs_positions/msgs_positions
[4.008s] -- Up-to-date: /home/curry/wilson_proj/ros2-rover-ws/install/msgs_positions/include/msgs_positions/msgs_positions/msg
[4.009s] -- Up-to-date: /home/curry/wilson_proj/ros2-rover-ws/install/msgs_positions/include/msgs_positions/msgs_positions/msg/detail
[4.010s] -- Up-to-date: /home/curry/wilson_proj/ros2-rover-ws/install/msgs_positions/include/msgs_positions/msgs_positions/msg/detail/nav_sat_fix__rosidl_typesupport_fastrtps_cpp.hpp
[4.011s] -- Up-to-date: /home/curry/wilson_proj/ros2-rover-ws/install/msgs_positions/include/msgs_positions/msgs_positions/msg/detail/dds_fastrtps
[4.013s] -- Up-to-date: /home/curry/wilson_proj/ros2-rover-ws/install/msgs_positions/include/msgs_positions/msgs_positions/msg/rosidl_typesupport_fastrtps_cpp__visibility_control.h
[4.015s] -- Up-to-date: /home/curry/wilson_proj/ros2-rover-ws/install/msgs_positions/lib/libmsgs_positions__rosidl_typesupport_fastrtps_cpp.so
[4.016s] -- Up-to-date: /home/curry/wilson_proj/ros2-rover-ws/install/msgs_positions/include/msgs_positions/msgs_positions
[4.017s] -- Up-to-date: /home/curry/wilson_proj/ros2-rover-ws/install/msgs_positions/include/msgs_positions/msgs_positions/msg
[4.029s] -- Up-to-date: /home/curry/wilson_proj/ros2-rover-ws/install/msgs_positions/include/msgs_positions/msgs_positions/msg/rosidl_typesupport_introspection_c__visibility_control.h
[4.030s] -- Up-to-date: /home/curry/wilson_proj/ros2-rover-ws/install/msgs_positions/include/msgs_positions/msgs_positions/msg/detail
[4.030s] -- Up-to-date: /home/curry/wilson_proj/ros2-rover-ws/install/msgs_positions/include/msgs_positions/msgs_positions/msg/detail/nav_sat_fix__rosidl_typesupport_introspection_c.h
[4.031s] -- Up-to-date: /home/curry/wilson_proj/ros2-rover-ws/install/msgs_positions/include/msgs_positions/msgs_positions/msg/detail/nav_sat_fix__type_support.c
[4.031s] -- Up-to-date: /home/curry/wilson_proj/ros2-rover-ws/install/msgs_positions/lib/libmsgs_positions__rosidl_typesupport_introspection_c.so
[4.032s] -- Up-to-date: /home/curry/wilson_proj/ros2-rover-ws/install/msgs_positions/lib/libmsgs_positions__rosidl_typesupport_c.so
[4.033s] -- Up-to-date: /home/curry/wilson_proj/ros2-rover-ws/install/msgs_positions/include/msgs_positions/msgs_positions
[4.034s] -- Up-to-date: /home/curry/wilson_proj/ros2-rover-ws/install/msgs_positions/include/msgs_positions/msgs_positions/msg
[4.034s] -- Up-to-date: /home/curry/wilson_proj/ros2-rover-ws/install/msgs_positions/include/msgs_positions/msgs_positions/msg/detail
[4.037s] -- Up-to-date: /home/curry/wilson_proj/ros2-rover-ws/install/msgs_positions/include/msgs_positions/msgs_positions/msg/detail/nav_sat_fix__type_support.cpp
[4.039s] -- Up-to-date: /home/curry/wilson_proj/ros2-rover-ws/install/msgs_positions/include/msgs_positions/msgs_positions/msg/detail/nav_sat_fix__rosidl_typesupport_introspection_cpp.hpp
[4.040s] -- Up-to-date: /home/curry/wilson_proj/ros2-rover-ws/install/msgs_positions/lib/libmsgs_positions__rosidl_typesupport_introspection_cpp.so
[4.042s] -- Up-to-date: /home/curry/wilson_proj/ros2-rover-ws/install/msgs_positions/lib/libmsgs_positions__rosidl_typesupport_cpp.so
[4.042s] -- Up-to-date: /home/curry/wilson_proj/ros2-rover-ws/install/msgs_positions/share/msgs_positions/environment/pythonpath.sh
[4.043s] -- Up-to-date: /home/curry/wilson_proj/ros2-rover-ws/install/msgs_positions/share/msgs_positions/environment/pythonpath.dsv
[4.043s] -- Up-to-date: /home/curry/wilson_proj/ros2-rover-ws/install/msgs_positions/local/lib/python3.10/dist-packages/msgs_positions-0.0.0-py3.10.egg-info
[4.044s] -- Installing: /home/curry/wilson_proj/ros2-rover-ws/install/msgs_positions/local/lib/python3.10/dist-packages/msgs_positions-0.0.0-py3.10.egg-info/dependency_links.txt
[4.045s] -- Installing: /home/curry/wilson_proj/ros2-rover-ws/install/msgs_positions/local/lib/python3.10/dist-packages/msgs_positions-0.0.0-py3.10.egg-info/SOURCES.txt
[4.045s] -- Installing: /home/curry/wilson_proj/ros2-rover-ws/install/msgs_positions/local/lib/python3.10/dist-packages/msgs_positions-0.0.0-py3.10.egg-info/top_level.txt
[4.046s] -- Installing: /home/curry/wilson_proj/ros2-rover-ws/install/msgs_positions/local/lib/python3.10/dist-packages/msgs_positions-0.0.0-py3.10.egg-info/PKG-INFO
[4.046s] -- Up-to-date: /home/curry/wilson_proj/ros2-rover-ws/install/msgs_positions/local/lib/python3.10/dist-packages/msgs_positions
[4.047s] -- Up-to-date: /home/curry/wilson_proj/ros2-rover-ws/install/msgs_positions/local/lib/python3.10/dist-packages/msgs_positions/msgs_positions_s__rosidl_typesupport_fastrtps_c.cpython-310-aarch64-linux-gnu.so
[4.048s] -- Up-to-date: /home/curry/wilson_proj/ros2-rover-ws/install/msgs_positions/local/lib/python3.10/dist-packages/msgs_positions/_msgs_positions_s.ep.rosidl_typesupport_introspection_c.c
[4.049s] -- Up-to-date: /home/curry/wilson_proj/ros2-rover-ws/install/msgs_positions/local/lib/python3.10/dist-packages/msgs_positions/libmsgs_positions__rosidl_generator_py.so
[4.050s] -- Up-to-date: /home/curry/wilson_proj/ros2-rover-ws/install/msgs_positions/local/lib/python3.10/dist-packages/msgs_positions/msg
[4.050s] -- Up-to-date: /home/curry/wilson_proj/ros2-rover-ws/install/msgs_positions/local/lib/python3.10/dist-packages/msgs_positions/msg/_nav_sat_fix_s.c
[4.050s] -- Up-to-date: /home/curry/wilson_proj/ros2-rover-ws/install/msgs_positions/local/lib/python3.10/dist-packages/msgs_positions/msg/_nav_sat_fix.py
[4.051s] -- Up-to-date: /home/curry/wilson_proj/ros2-rover-ws/install/msgs_positions/local/lib/python3.10/dist-packages/msgs_positions/msg/__init__.py
[4.051s] -- Up-to-date: /home/curry/wilson_proj/ros2-rover-ws/install/msgs_positions/local/lib/python3.10/dist-packages/msgs_positions/_msgs_positions_s.ep.rosidl_typesupport_fastrtps_c.c
[4.052s] -- Up-to-date: /home/curry/wilson_proj/ros2-rover-ws/install/msgs_positions/local/lib/python3.10/dist-packages/msgs_positions/__init__.py
[4.052s] -- Up-to-date: /home/curry/wilson_proj/ros2-rover-ws/install/msgs_positions/local/lib/python3.10/dist-packages/msgs_positions/msgs_positions_s__rosidl_typesupport_introspection_c.cpython-310-aarch64-linux-gnu.so
[4.053s] -- Up-to-date: /home/curry/wilson_proj/ros2-rover-ws/install/msgs_positions/local/lib/python3.10/dist-packages/msgs_positions/msgs_positions_s__rosidl_typesupport_c.cpython-310-aarch64-linux-gnu.so
[4.053s] -- Up-to-date: /home/curry/wilson_proj/ros2-rover-ws/install/msgs_positions/local/lib/python3.10/dist-packages/msgs_positions/_msgs_positions_s.ep.rosidl_typesupport_c.c
[4.240s] Listing '/home/curry/wilson_proj/ros2-rover-ws/install/msgs_positions/local/lib/python3.10/dist-packages/msgs_positions'...
[4.242s] Listing '/home/curry/wilson_proj/ros2-rover-ws/install/msgs_positions/local/lib/python3.10/dist-packages/msgs_positions/msg'...
[4.283s] -- Up-to-date: /home/curry/wilson_proj/ros2-rover-ws/install/msgs_positions/local/lib/python3.10/dist-packages/msgs_positions/msgs_positions_s__rosidl_typesupport_fastrtps_c.cpython-310-aarch64-linux-gnu.so
[4.288s] -- Up-to-date: /home/curry/wilson_proj/ros2-rover-ws/install/msgs_positions/local/lib/python3.10/dist-packages/msgs_positions/msgs_positions_s__rosidl_typesupport_introspection_c.cpython-310-aarch64-linux-gnu.so
[4.290s] -- Up-to-date: /home/curry/wilson_proj/ros2-rover-ws/install/msgs_positions/local/lib/python3.10/dist-packages/msgs_positions/msgs_positions_s__rosidl_typesupport_c.cpython-310-aarch64-linux-gnu.so
[4.291s] -- Up-to-date: /home/curry/wilson_proj/ros2-rover-ws/install/msgs_positions/lib/libmsgs_positions__rosidl_generator_py.so
[4.300s] -- Up-to-date: /home/curry/wilson_proj/ros2-rover-ws/install/msgs_positions/share/msgs_positions/msg/NavSatFix.idl
[4.301s] -- Up-to-date: /home/curry/wilson_proj/ros2-rover-ws/install/msgs_positions/share/msgs_positions/msg/NavSatFix.msg
[4.314s] -- Up-to-date: /home/curry/wilson_proj/ros2-rover-ws/install/msgs_positions/share/ament_index/resource_index/package_run_dependencies/msgs_positions
[4.324s] -- Up-to-date: /home/curry/wilson_proj/ros2-rover-ws/install/msgs_positions/share/ament_index/resource_index/parent_prefix_path/msgs_positions
[4.325s] -- Up-to-date: /home/curry/wilson_proj/ros2-rover-ws/install/msgs_positions/share/msgs_positions/environment/ament_prefix_path.sh
[4.325s] -- Up-to-date: /home/curry/wilson_proj/ros2-rover-ws/install/msgs_positions/share/msgs_positions/environment/ament_prefix_path.dsv
[4.326s] -- Up-to-date: /home/curry/wilson_proj/ros2-rover-ws/install/msgs_positions/share/msgs_positions/environment/path.sh
[4.328s] -- Up-to-date: /home/curry/wilson_proj/ros2-rover-ws/install/msgs_positions/share/msgs_positions/environment/path.dsv
[4.329s] -- Up-to-date: /home/curry/wilson_proj/ros2-rover-ws/install/msgs_positions/share/msgs_positions/local_setup.bash
[4.330s] -- Up-to-date: /home/curry/wilson_proj/ros2-rover-ws/install/msgs_positions/share/msgs_positions/local_setup.sh
[4.332s] -- Up-to-date: /home/curry/wilson_proj/ros2-rover-ws/install/msgs_positions/share/msgs_positions/local_setup.zsh
[4.333s] -- Up-to-date: /home/curry/wilson_proj/ros2-rover-ws/install/msgs_positions/share/msgs_positions/local_setup.dsv
[4.335s] -- Installing: /home/curry/wilson_proj/ros2-rover-ws/install/msgs_positions/share/msgs_positions/package.dsv
[4.339s] -- Up-to-date: /home/curry/wilson_proj/ros2-rover-ws/install/msgs_positions/share/ament_index/resource_index/packages/msgs_positions
[4.357s] -- Up-to-date: /home/curry/wilson_proj/ros2-rover-ws/install/msgs_positions/share/msgs_positions/cmake/export_msgs_positions__rosidl_generator_cExport.cmake
[4.358s] -- Up-to-date: /home/curry/wilson_proj/ros2-rover-ws/install/msgs_positions/share/msgs_positions/cmake/export_msgs_positions__rosidl_generator_cExport-noconfig.cmake
[4.358s] -- Up-to-date: /home/curry/wilson_proj/ros2-rover-ws/install/msgs_positions/share/msgs_positions/cmake/export_msgs_positions__rosidl_typesupport_fastrtps_cExport.cmake
[4.359s] -- Up-to-date: /home/curry/wilson_proj/ros2-rover-ws/install/msgs_positions/share/msgs_positions/cmake/export_msgs_positions__rosidl_typesupport_fastrtps_cExport-noconfig.cmake
[4.361s] -- Up-to-date: /home/curry/wilson_proj/ros2-rover-ws/install/msgs_positions/share/msgs_positions/cmake/export_msgs_positions__rosidl_generator_cppExport.cmake
[4.361s] -- Up-to-date: /home/curry/wilson_proj/ros2-rover-ws/install/msgs_positions/share/msgs_positions/cmake/export_msgs_positions__rosidl_typesupport_fastrtps_cppExport.cmake
[4.362s] -- Up-to-date: /home/curry/wilson_proj/ros2-rover-ws/install/msgs_positions/share/msgs_positions/cmake/export_msgs_positions__rosidl_typesupport_fastrtps_cppExport-noconfig.cmake
[4.366s] -- Up-to-date: /home/curry/wilson_proj/ros2-rover-ws/install/msgs_positions/share/msgs_positions/cmake/msgs_positions__rosidl_typesupport_introspection_cExport.cmake
[4.367s] -- Up-to-date: /home/curry/wilson_proj/ros2-rover-ws/install/msgs_positions/share/msgs_positions/cmake/msgs_positions__rosidl_typesupport_introspection_cExport-noconfig.cmake
[4.367s] -- Up-to-date: /home/curry/wilson_proj/ros2-rover-ws/install/msgs_positions/share/msgs_positions/cmake/msgs_positions__rosidl_typesupport_cExport.cmake
[4.368s] -- Up-to-date: /home/curry/wilson_proj/ros2-rover-ws/install/msgs_positions/share/msgs_positions/cmake/msgs_positions__rosidl_typesupport_cExport-noconfig.cmake
[4.381s] -- Up-to-date: /home/curry/wilson_proj/ros2-rover-ws/install/msgs_positions/share/msgs_positions/cmake/msgs_positions__rosidl_typesupport_introspection_cppExport.cmake
[4.382s] -- Up-to-date: /home/curry/wilson_proj/ros2-rover-ws/install/msgs_positions/share/msgs_positions/cmake/msgs_positions__rosidl_typesupport_introspection_cppExport-noconfig.cmake
[4.383s] -- Up-to-date: /home/curry/wilson_proj/ros2-rover-ws/install/msgs_positions/share/msgs_positions/cmake/msgs_positions__rosidl_typesupport_cppExport.cmake
[4.383s] -- Up-to-date: /home/curry/wilson_proj/ros2-rover-ws/install/msgs_positions/share/msgs_positions/cmake/msgs_positions__rosidl_typesupport_cppExport-noconfig.cmake
[4.384s] -- Up-to-date: /home/curry/wilson_proj/ros2-rover-ws/install/msgs_positions/share/msgs_positions/cmake/export_msgs_positions__rosidl_generator_pyExport.cmake
[4.385s] -- Up-to-date: /home/curry/wilson_proj/ros2-rover-ws/install/msgs_positions/share/msgs_positions/cmake/export_msgs_positions__rosidl_generator_pyExport-noconfig.cmake
[4.385s] -- Up-to-date: /home/curry/wilson_proj/ros2-rover-ws/install/msgs_positions/share/msgs_positions/cmake/rosidl_cmake-extras.cmake
[4.386s] -- Up-to-date: /home/curry/wilson_proj/ros2-rover-ws/install/msgs_positions/share/msgs_positions/cmake/ament_cmake_export_dependencies-extras.cmake
[4.386s] -- Up-to-date: /home/curry/wilson_proj/ros2-rover-ws/install/msgs_positions/share/msgs_positions/cmake/ament_cmake_export_include_directories-extras.cmake
[4.387s] -- Up-to-date: /home/curry/wilson_proj/ros2-rover-ws/install/msgs_positions/share/msgs_positions/cmake/ament_cmake_export_libraries-extras.cmake
[4.387s] -- Up-to-date: /home/curry/wilson_proj/ros2-rover-ws/install/msgs_positions/share/msgs_positions/cmake/ament_cmake_export_targets-extras.cmake
[4.387s] -- Up-to-date: /home/curry/wilson_proj/ros2-rover-ws/install/msgs_positions/share/msgs_positions/cmake/rosidl_cmake_export_typesupport_targets-extras.cmake
[4.388s] -- Up-to-date: /home/curry/wilson_proj/ros2-rover-ws/install/msgs_positions/share/msgs_positions/cmake/rosidl_cmake_export_typesupport_libraries-extras.cmake
[4.388s] -- Up-to-date: /home/curry/wilson_proj/ros2-rover-ws/install/msgs_positions/share/msgs_positions/cmake/msgs_positionsConfig.cmake
[4.388s] -- Up-to-date: /home/curry/wilson_proj/ros2-rover-ws/install/msgs_positions/share/msgs_positions/cmake/msgs_positionsConfig-version.cmake
[4.389s] -- Up-to-date: /home/curry/wilson_proj/ros2-rover-ws/install/msgs_positions/share/msgs_positions/package.xml
[4.389s] Invoked command in '/home/curry/wilson_proj/ros2-rover-ws/build/msgs_positions' returned '0': CMAKE_PREFIX_PATH=${CMAKE_PREFIX_PATH}:/opt/ros/humble /usr/bin/cmake --install /home/curry/wilson_proj/ros2-rover-ws/build/msgs_positions
