[4.172s] Invoking command in '/home/curry/wilson_proj/ros2-rover-ws/src/package_image_process': PYTHONPATH=/home/curry/wilson_proj/ros2-rover-ws/build/package_image_process/prefix_override:/usr/lib/python3/dist-packages/colcon_core/task/python/colcon_distutils_commands:/home/curry/wilson_proj/ros2-rover-ws/install/package_image_process/lib/python3.10/site-packages:${PYTHONPATH} /usr/bin/python3 -W ignore:setup.py install is deprecated -W ignore:easy_install command is deprecated setup.py egg_info --egg-base ../../build/package_image_process build --build-base /home/curry/wilson_proj/ros2-rover-ws/build/package_image_process/build install --record /home/curry/wilson_proj/ros2-rover-ws/build/package_image_process/install.log --single-version-externally-managed install_data
[5.492s] running egg_info
[5.495s] writing ../../build/package_image_process/package_image_process.egg-info/PKG-INFO
[5.496s] writing dependency_links to ../../build/package_image_process/package_image_process.egg-info/dependency_links.txt
[5.497s] writing entry points to ../../build/package_image_process/package_image_process.egg-info/entry_points.txt
[5.498s] writing requirements to ../../build/package_image_process/package_image_process.egg-info/requires.txt
[5.499s] writing top-level names to ../../build/package_image_process/package_image_process.egg-info/top_level.txt
[5.508s] reading manifest file '../../build/package_image_process/package_image_process.egg-info/SOURCES.txt'
[5.510s] adding license file 'LICENSE'
[5.513s] writing manifest file '../../build/package_image_process/package_image_process.egg-info/SOURCES.txt'
[5.514s] running build
[5.514s] running build_py
[5.516s] running install
[5.517s] running install_lib
[5.524s] running install_data
[5.525s] running install_egg_info
[5.533s] removing '/home/curry/wilson_proj/ros2-rover-ws/install/package_image_process/lib/python3.10/site-packages/package_image_process-0.0.0-py3.10.egg-info' (and everything under it)
[5.535s] Copying ../../build/package_image_process/package_image_process.egg-info to /home/curry/wilson_proj/ros2-rover-ws/install/package_image_process/lib/python3.10/site-packages/package_image_process-0.0.0-py3.10.egg-info
[5.542s] running install_scripts
[5.640s] Installing node_image_process script to /home/curry/wilson_proj/ros2-rover-ws/install/package_image_process/lib/package_image_process
[5.642s] writing list of installed files to '/home/curry/wilson_proj/ros2-rover-ws/build/package_image_process/install.log'
[5.781s] Invoked command in '/home/curry/wilson_proj/ros2-rover-ws/src/package_image_process' returned '0': PYTHONPATH=/home/curry/wilson_proj/ros2-rover-ws/build/package_image_process/prefix_override:/usr/lib/python3/dist-packages/colcon_core/task/python/colcon_distutils_commands:/home/curry/wilson_proj/ros2-rover-ws/install/package_image_process/lib/python3.10/site-packages:${PYTHONPATH} /usr/bin/python3 -W ignore:setup.py install is deprecated -W ignore:easy_install command is deprecated setup.py egg_info --egg-base ../../build/package_image_process build --build-base /home/curry/wilson_proj/ros2-rover-ws/build/package_image_process/build install --record /home/curry/wilson_proj/ros2-rover-ws/build/package_image_process/install.log --single-version-externally-managed install_data
