[0.123s] Invoking command in '/home/curry/wilson_proj/ros2-rover-ws/build/package_rover_control': CMAKE_PREFIX_PATH=${CMAKE_PREFIX_PATH}:/opt/ros/humble /usr/bin/cmake --build /home/curry/wilson_proj/ros2-rover-ws/build/package_rover_control -- -j4 -l4
[0.416s] [ 33%] Built target motorcontrol
[0.545s] [ 66%] Built target node_rovercontrol
[0.677s] [100%] Built target node_motor_control
[0.734s] Invoked command in '/home/curry/wilson_proj/ros2-rover-ws/build/package_rover_control' returned '0': CMAKE_PREFIX_PATH=${CMAKE_PREFIX_PATH}:/opt/ros/humble /usr/bin/cmake --build /home/curry/wilson_proj/ros2-rover-ws/build/package_rover_control -- -j4 -l4
[0.965s] Invoking command in '/home/curry/wilson_proj/ros2-rover-ws/build/package_rover_control': CMAKE_PREFIX_PATH=${CMAKE_PREFIX_PATH}:/opt/ros/humble /usr/bin/cmake --install /home/curry/wilson_proj/ros2-rover-ws/build/package_rover_control
[1.008s] -- Install configuration: ""
[1.008s] -- Up-to-date: /home/curry/wilson_proj/ros2-rover-ws/install/package_rover_control/lib/libmotorcontrol.so
[1.010s] -- Up-to-date: /home/curry/wilson_proj/ros2-rover-ws/install/package_rover_control/lib/package_rover_control/node_motor_control
[1.013s] -- Up-to-date: /home/curry/wilson_proj/ros2-rover-ws/install/package_rover_control/lib/package_rover_control/node_rovercontrol
[1.016s] -- Up-to-date: /home/curry/wilson_proj/ros2-rover-ws/install/package_rover_control/share/ament_index/resource_index/package_run_dependencies/package_rover_control
[1.018s] -- Up-to-date: /home/curry/wilson_proj/ros2-rover-ws/install/package_rover_control/share/ament_index/resource_index/parent_prefix_path/package_rover_control
[1.020s] -- Up-to-date: /home/curry/wilson_proj/ros2-rover-ws/install/package_rover_control/share/package_rover_control/environment/ament_prefix_path.sh
[1.022s] -- Up-to-date: /home/curry/wilson_proj/ros2-rover-ws/install/package_rover_control/share/package_rover_control/environment/ament_prefix_path.dsv
[1.026s] -- Up-to-date: /home/curry/wilson_proj/ros2-rover-ws/install/package_rover_control/share/package_rover_control/environment/path.sh
[1.028s] -- Up-to-date: /home/curry/wilson_proj/ros2-rover-ws/install/package_rover_control/share/package_rover_control/environment/path.dsv
[1.030s] -- Up-to-date: /home/curry/wilson_proj/ros2-rover-ws/install/package_rover_control/share/package_rover_control/local_setup.bash
[1.032s] -- Up-to-date: /home/curry/wilson_proj/ros2-rover-ws/install/package_rover_control/share/package_rover_control/local_setup.sh
[1.033s] -- Up-to-date: /home/curry/wilson_proj/ros2-rover-ws/install/package_rover_control/share/package_rover_control/local_setup.zsh
[1.035s] -- Up-to-date: /home/curry/wilson_proj/ros2-rover-ws/install/package_rover_control/share/package_rover_control/local_setup.dsv
[1.038s] -- Installing: /home/curry/wilson_proj/ros2-rover-ws/install/package_rover_control/share/package_rover_control/package.dsv
[1.041s] -- Up-to-date: /home/curry/wilson_proj/ros2-rover-ws/install/package_rover_control/share/ament_index/resource_index/packages/package_rover_control
[1.043s] -- Up-to-date: /home/curry/wilson_proj/ros2-rover-ws/install/package_rover_control/share/ament_index/resource_index/rclcpp_components/package_rover_control
[1.044s] -- Up-to-date: /home/curry/wilson_proj/ros2-rover-ws/install/package_rover_control/share/package_rover_control/cmake/package_rover_controlConfig.cmake
[1.046s] -- Up-to-date: /home/curry/wilson_proj/ros2-rover-ws/install/package_rover_control/share/package_rover_control/cmake/package_rover_controlConfig-version.cmake
[1.047s] -- Up-to-date: /home/curry/wilson_proj/ros2-rover-ws/install/package_rover_control/share/package_rover_control/package.xml
[1.062s] Invoked command in '/home/curry/wilson_proj/ros2-rover-ws/build/package_rover_control' returned '0': CMAKE_PREFIX_PATH=${CMAKE_PREFIX_PATH}:/opt/ros/humble /usr/bin/cmake --install /home/curry/wilson_proj/ros2-rover-ws/build/package_rover_control
