[0.086s] Invoking command in '/home/curry/wilson_proj/ros2-rover-ws/build/rovercon_msgs': CMAKE_PREFIX_PATH=${CMAKE_PREFIX_PATH}:/opt/ros/humble /usr/bin/cmake /home/curry/wilson_proj/ros2-rover-ws/src/rovercon_msgs -DCMAKE_INSTALL_PREFIX=/home/curry/wilson_proj/ros2-rover-ws/install/rovercon_msgs
[0.615s] -- Found ament_cmake: 1.3.11 (/opt/ros/humble/share/ament_cmake/cmake)
[3.665s] -- Found rosidl_default_generators: 1.2.0 (/opt/ros/humble/share/rosidl_default_generators/cmake)
[3.720s] -- Using all available rosidl_typesupport_c: rosidl_typesupport_fastrtps_c;rosidl_typesupport_introspection_c
[3.807s] -- Found rosidl_adapter: 3.1.6 (/opt/ros/humble/share/rosidl_adapter/cmake)
[4.381s] -- Using all available rosidl_typesupport_cpp: rosidl_typesupport_fastrtps_cpp;rosidl_typesupport_introspection_cpp
[6.494s] [31mCMake Error at /opt/ros/humble/share/rosidl_adapter/cmake/rosidl_adapt_interfaces.cmake:59 (message):
[6.494s]   execute_process(/usr/bin/python3 -m rosidl_adapter --package-name
[6.500s]   rovercon_msgs --arguments-file
[6.502s]   /home/curry/wilson_proj/ros2-rover-ws/build/rovercon_msgs/rosidl_adapter__arguments__rovercon_msgs.json
[6.502s]   --output-dir
[6.516s]   /home/curry/wilson_proj/ros2-rover-ws/build/rovercon_msgs/rosidl_adapter/rovercon_msgs
[6.517s]   --output-file
[6.518s]   /home/curry/wilson_proj/ros2-rover-ws/build/rovercon_msgs/rosidl_adapter/rovercon_msgs.idls)
[6.523s]   returned error code 1:
[6.525s] 
[6.531s]   Error processing 'uint16 roctrlMsg1' of 'rovercon_msgs/sub_rocon':
[6.533s]   ''roctrlMsg1' is an invalid field name.  It should have the pattern
[6.539s]   '^(?!.*__)(?!.*_$)[a-z][a-z0-9_]*$''
[6.540s] 
[6.542s]   Traceback (most recent call last):
[6.569s] 
[6.578s]     File "/usr/lib/python3.10/runpy.py", line 196, in _run_module_as_main
[6.579s]       return _run_code(code, main_globals, None,
[6.579s]     File "/usr/lib/python3.10/runpy.py", line 86, in _run_code
[6.580s]       exec(code, run_globals)
[6.581s]     File "/opt/ros/humble/local/lib/python3.10/dist-packages/rosidl_adapter/__main__.py", line 19, in <module>
[6.588s]       sys.exit(main())
[6.590s]     File "/opt/ros/humble/local/lib/python3.10/dist-packages/rosidl_adapter/main.py", line 53, in main
[6.594s]       abs_idl_file = convert_to_idl(
[6.594s]     File "/opt/ros/humble/local/lib/python3.10/dist-packages/rosidl_adapter/__init__.py", line 19, in convert_to_idl
[6.595s]       return convert_msg_to_idl(
[6.597s]     File "/opt/ros/humble/local/lib/python3.10/dist-packages/rosidl_adapter/msg/__init__.py", line 28, in convert_msg_to_idl
[6.598s]       msg = parse_message_string(package_name, input_file.stem, content)
[6.600s]     File "/opt/ros/humble/local/lib/python3.10/dist-packages/rosidl_adapter/parser.py", line 519, in parse_message_string
[6.601s]       fields.append(Field(
[6.602s]     File "/opt/ros/humble/local/lib/python3.10/dist-packages/rosidl_adapter/parser.py", line 354, in __init__
[6.603s]       raise NameError(
[6.605s] 
[6.606s]   NameError: 'roctrlMsg1' is an invalid field name.  It should have the
[6.607s]   pattern '^(?!.*__)(?!.*_$)[a-z][a-z0-9_]*$'
[6.609s] 
[6.609s] Call Stack (most recent call first):
[6.610s]   /opt/ros/humble/share/rosidl_cmake/cmake/rosidl_generate_interfaces.cmake:130 (rosidl_adapt_interfaces)
[6.610s]   CMakeLists.txt:13 (rosidl_generate_interfaces)
[6.611s] 
[6.614s] [0m
[6.620s] -- Configuring incomplete, errors occurred!
[6.622s] See also "/home/curry/wilson_proj/ros2-rover-ws/build/rovercon_msgs/CMakeFiles/CMakeOutput.log".
[6.630s] Invoked command in '/home/curry/wilson_proj/ros2-rover-ws/build/rovercon_msgs' returned '1': CMAKE_PREFIX_PATH=${CMAKE_PREFIX_PATH}:/opt/ros/humble /usr/bin/cmake /home/curry/wilson_proj/ros2-rover-ws/src/rovercon_msgs -DCMAKE_INSTALL_PREFIX=/home/curry/wilson_proj/ros2-rover-ws/install/rovercon_msgs
