[9.815s] Invoking command in '/home/curry/wilson_proj/ros2-rover-ws/src/package_image_process': PYTHONPATH=/home/curry/wilson_proj/ros2-rover-ws/build/package_image_process/prefix_override:/usr/lib/python3/dist-packages/colcon_core/task/python/colcon_distutils_commands:/home/curry/wilson_proj/ros2-rover-ws/install/package_image_process/lib/python3.10/site-packages:${PYTHONPATH} /usr/bin/python3 -W ignore:setup.py install is deprecated -W ignore:easy_install command is deprecated setup.py egg_info --egg-base ../../build/package_image_process build --build-base /home/curry/wilson_proj/ros2-rover-ws/build/package_image_process/build install --record /home/curry/wilson_proj/ros2-rover-ws/build/package_image_process/install.log --single-version-externally-managed install_data
[12.623s] running egg_info
[12.629s] writing ../../build/package_image_process/package_image_process.egg-info/PKG-INFO
[12.630s] writing dependency_links to ../../build/package_image_process/package_image_process.egg-info/dependency_links.txt
[12.632s] writing entry points to ../../build/package_image_process/package_image_process.egg-info/entry_points.txt
[12.633s] writing requirements to ../../build/package_image_process/package_image_process.egg-info/requires.txt
[12.634s] writing top-level names to ../../build/package_image_process/package_image_process.egg-info/top_level.txt
[12.650s] reading manifest file '../../build/package_image_process/package_image_process.egg-info/SOURCES.txt'
[12.651s] adding license file 'LICENSE'
[12.659s] writing manifest file '../../build/package_image_process/package_image_process.egg-info/SOURCES.txt'
[12.661s] running build
[12.662s] running build_py
[12.663s] running install
[12.666s] running install_lib
[12.679s] running install_data
[12.683s] running install_egg_info
[12.703s] removing '/home/curry/wilson_proj/ros2-rover-ws/install/package_image_process/lib/python3.10/site-packages/package_image_process-0.0.0-py3.10.egg-info' (and everything under it)
[12.703s] Copying ../../build/package_image_process/package_image_process.egg-info to /home/curry/wilson_proj/ros2-rover-ws/install/package_image_process/lib/python3.10/site-packages/package_image_process-0.0.0-py3.10.egg-info
[12.717s] running install_scripts
[12.923s] Installing node_image_process script to /home/curry/wilson_proj/ros2-rover-ws/install/package_image_process/lib/package_image_process
[12.924s] writing list of installed files to '/home/curry/wilson_proj/ros2-rover-ws/build/package_image_process/install.log'
[13.179s] Invoked command in '/home/curry/wilson_proj/ros2-rover-ws/src/package_image_process' returned '0': PYTHONPATH=/home/curry/wilson_proj/ros2-rover-ws/build/package_image_process/prefix_override:/usr/lib/python3/dist-packages/colcon_core/task/python/colcon_distutils_commands:/home/curry/wilson_proj/ros2-rover-ws/install/package_image_process/lib/python3.10/site-packages:${PYTHONPATH} /usr/bin/python3 -W ignore:setup.py install is deprecated -W ignore:easy_install command is deprecated setup.py egg_info --egg-base ../../build/package_image_process build --build-base /home/curry/wilson_proj/ros2-rover-ws/build/package_image_process/build install --record /home/curry/wilson_proj/ros2-rover-ws/build/package_image_process/install.log --single-version-externally-managed install_data
