[0.012s] Invoking command in '/home/yupi/rover_proj/ros2-base-ws/build/base_command_package': CMAKE_PREFIX_PATH=${CMAKE_PREFIX_PATH}:/opt/ros/humble /usr/bin/cmake --build /home/yupi/rover_proj/ros2-base-ws/build/base_command_package -- -j4 -l4
[0.034s] -- Found rosidl_default_generators: 1.2.0 (/opt/ros/humble/share/rosidl_default_generators/cmake)
[0.035s] -- Found ament_cmake_core: 1.3.10 (/opt/ros/humble/share/ament_cmake_core/cmake)
[0.163s] -- Using all available rosidl_typesupport_c: rosidl_typesupport_fastrtps_c;rosidl_typesupport_introspection_c
[0.166s] -- Found rosidl_adapter: 3.1.5 (/opt/ros/humble/share/rosidl_adapter/cmake)
[0.207s] -- Using all available rosidl_typesupport_cpp: rosidl_typesupport_fastrtps_cpp;rosidl_typesupport_introspection_cpp
[0.509s] -- Found ament_cmake_ros: 0.10.0 (/opt/ros/humble/share/ament_cmake_ros/cmake)
[0.683s] -- Using all available rosidl_typesupport_c: rosidl_typesupport_fastrtps_c;rosidl_typesupport_introspection_c
[0.911s] -- Using all available rosidl_typesupport_cpp: rosidl_typesupport_fastrtps_cpp;rosidl_typesupport_introspection_cpp
[0.931s] -- Found python_cmake_module: 0.10.0 (/opt/ros/humble/share/python_cmake_module/cmake)
[0.952s] -- Using PYTHON_EXECUTABLE: /usr/bin/python3
[0.952s] -- Using PYTHON_INCLUDE_DIRS: /usr/include/python3.10
[0.952s] -- Using PYTHON_LIBRARIES: /usr/lib/x86_64-linux-gnu/libpython3.10.so
[0.971s] -- Found base_command_package: 0.0.0 (/home/yupi/rover_proj/ros2-base-ws/install/base_command_package/share/base_command_package/cmake)
[0.971s] -- Found rclcpp: 16.0.10 (/opt/ros/humble/share/rclcpp/cmake)
[0.997s] -- Found rmw_implementation_cmake: 6.1.2 (/opt/ros/humble/share/rmw_implementation_cmake/cmake)
[0.998s] -- Found rmw_fastrtps_cpp: 6.2.7 (/opt/ros/humble/share/rmw_fastrtps_cpp/cmake)
[1.091s] -- Using RMW implementation 'rmw_fastrtps_cpp' as default
[1.139s] -- Found rclcpp_action: 16.0.10 (/opt/ros/humble/share/rclcpp_action/cmake)
[1.147s] -- Found rclcpp_components: 16.0.10 (/opt/ros/humble/share/rclcpp_components/cmake)
[1.165s] -- Found std_srvs: 4.2.4 (/opt/ros/humble/share/std_srvs/cmake)
[1.175s] [31mCMake Error at CMakeLists.txt:27 (target_include_directories):
[1.175s]   target_include_directories called with invalid arguments
[1.175s] 
[1.175s] [0m
[1.176s] [31mCMake Error at /opt/ros/humble/share/rclcpp_components/cmake/rclcpp_components_register_node.cmake:72 (add_executable):
[1.176s]   add_executable cannot create target "carcontrol_ros2_client" because
[1.177s]   another target with the same name already exists.  The existing target is a
[1.177s]   shared library created in source directory
[1.177s]   "/home/yupi/rover_proj/ros2-base-ws/src/base_command_package".  See
[1.177s]   documentation for policy CMP0002 for more details.
[1.177s] Call Stack (most recent call first):
[1.177s]   CMakeLists.txt:37 (rclcpp_components_register_node)
[1.177s] 
[1.177s] [0m
[1.177s] -- Found ament_lint_auto: 0.12.11 (/opt/ros/humble/share/ament_lint_auto/cmake)
[1.186s] -- Added test 'cppcheck' to perform static code analysis on C / C++ code
[1.186s] -- Configured cppcheck include dirs: 
[1.186s] -- Configured cppcheck exclude dirs and/or files: 
[1.187s] -- Added test 'lint_cmake' to check CMake code style
[1.188s] -- Added test 'uncrustify' to check C / C++ code style
[1.188s] -- Configured uncrustify additional arguments: 
[1.188s] -- Added test 'xmllint' to check XML markup files
[1.190s] -- Configuring incomplete, errors occurred!
[1.190s] See also "/home/yupi/rover_proj/ros2-base-ws/build/base_command_package/CMakeFiles/CMakeOutput.log".
[1.198s] gmake: *** [Makefile:267: cmake_check_build_system] Error 1
[1.200s] Invoked command in '/home/yupi/rover_proj/ros2-base-ws/build/base_command_package' returned '2': CMAKE_PREFIX_PATH=${CMAKE_PREFIX_PATH}:/opt/ros/humble /usr/bin/cmake --build /home/yupi/rover_proj/ros2-base-ws/build/base_command_package -- -j4 -l4
