[0.116s] Invoking command in '/home/curry/wilson_proj/ros2-rover-ws/build/action_interfaces': CMAKE_PREFIX_PATH=${CMAKE_PREFIX_PATH}:/opt/ros/humble /usr/bin/cmake --build /home/curry/wilson_proj/ros2-rover-ws/build/action_interfaces -- -j4 -l4
[0.729s] [  3%] Built target action_interfaces__cpp
[0.734s] [ 12%] Built target action_interfaces__rosidl_generator_c
[0.826s] [ 12%] Built target ament_cmake_python_copy_action_interfaces
[1.081s] [ 22%] Built target action_interfaces__rosidl_typesupport_fastrtps_cpp
[1.096s] [ 32%] Built target action_interfaces__rosidl_typesupport_cpp
[1.117s] [ 41%] Built target action_interfaces__rosidl_typesupport_introspection_cpp
[1.138s] [ 51%] Built target action_interfaces__rosidl_typesupport_fastrtps_c
[1.352s] [ 61%] Built target action_interfaces__rosidl_typesupport_introspection_c
[1.395s] [ 70%] Built target action_interfaces__rosidl_typesupport_c
[1.689s] [ 70%] Built target action_interfaces
[1.993s] [ 74%] Built target action_interfaces__py
[2.365s] [ 80%] Built target action_interfaces__rosidl_generator_py
[2.691s] [ 87%] Built target action_interfaces__rosidl_typesupport_fastrtps_c__pyext
[2.708s] [ 93%] Built target action_interfaces__rosidl_typesupport_introspection_c__pyext
[2.724s] [100%] Built target action_interfaces__rosidl_typesupport_c__pyext
[3.508s] running egg_info
[3.511s] writing action_interfaces.egg-info/PKG-INFO
[3.512s] writing dependency_links to action_interfaces.egg-info/dependency_links.txt
[3.513s] writing top-level names to action_interfaces.egg-info/top_level.txt
[3.530s] reading manifest file 'action_interfaces.egg-info/SOURCES.txt'
[3.533s] writing manifest file 'action_interfaces.egg-info/SOURCES.txt'
[3.694s] [100%] Built target ament_cmake_python_build_action_interfaces_egg
