[35m[1mConsolidate compiler generated dependencies of target node_position_process[0m
[ 50%] Built target node_gnss
[ 75%] [32mBuilding CXX object CMakeFiles/node_position_process.dir/src/node_pose_proc.cpp.o[0m
In file included from [01m[K/opt/ros/humble/include/rclcpp/rclcpp/logging.hpp:24[m[K,
                 from [01m[K/opt/ros/humble/include/rclcpp/rclcpp/client.hpp:40[m[K,
                 from [01m[K/opt/ros/humble/include/rclcpp/rclcpp/callback_group.hpp:24[m[K,
                 from [01m[K/opt/ros/humble/include/rclcpp/rclcpp/any_executable.hpp:20[m[K,
                 from [01m[K/opt/ros/humble/include/rclcpp/rclcpp/memory_strategy.hpp:25[m[K,
                 from [01m[K/opt/ros/humble/include/rclcpp/rclcpp/memory_strategies.hpp:18[m[K,
                 from [01m[K/opt/ros/humble/include/rclcpp/rclcpp/executor_options.hpp:20[m[K,
                 from [01m[K/opt/ros/humble/include/rclcpp/rclcpp/executor.hpp:37[m[K,
                 from [01m[K/opt/ros/humble/include/rclcpp/rclcpp/executors/multi_threaded_executor.hpp:25[m[K,
                 from [01m[K/opt/ros/humble/include/rclcpp/rclcpp/executors.hpp:21[m[K,
                 from [01m[K/opt/ros/humble/include/rclcpp/rclcpp/rclcpp.hpp:155[m[K,
                 from [01m[K/home/curry/wilson_proj/ros2-rover-ws/src/package_position_process/src/node_pose_proc.cpp:1[m[K:
[01m[K/home/curry/wilson_proj/ros2-rover-ws/src/package_position_process/src/node_pose_proc.cpp:[m[K In member function ‘[01m[Kvoid PoseProcessor::handle_destination_request(std::shared_ptr<service_ifaces::srv::DesData_Request_<std::allocator<void> > >, std::shared_ptr<service_ifaces::srv::DesData_Response_<std::allocator<void> > >)[m[K’:
[01m[K/home/curry/wilson_proj/ros2-rover-ws/src/package_position_process/src/node_pose_proc.cpp:50:9:[m[K [01;31m[Kerror: [m[Kuse of deleted function ‘[01m[Kstd::atomic<_Tp>::atomic(const std::atomic<_Tp>&) [with _Tp = float][m[K’
   50 |         [01;31m[KRCLCPP_INFO[m[K(this->get_logger(), "Destination set via service: Lat=%.6f, Lon=%.6f", des_lat_, des_long_);
      |         [01;31m[K^~~~~~~~~~~[m[K
In file included from [01m[K/usr/include/c++/11/future:41[m[K,
                 from [01m[K/opt/ros/humble/include/rclcpp/rclcpp/executors.hpp:18[m[K,
                 from [01m[K/opt/ros/humble/include/rclcpp/rclcpp/rclcpp.hpp:155[m[K,
                 from [01m[K/home/curry/wilson_proj/ros2-rover-ws/src/package_position_process/src/node_pose_proc.cpp:1[m[K:
[01m[K/usr/include/c++/11/atomic:227:7:[m[K [01;36m[Knote: [m[Kdeclared here
  227 |       [01;36m[Katomic[m[K(const atomic&) = delete;
      |       [01;36m[K^~~~~~[m[K
In file included from [01m[K/opt/ros/humble/include/rclcpp/rclcpp/logging.hpp:24[m[K,
                 from [01m[K/opt/ros/humble/include/rclcpp/rclcpp/client.hpp:40[m[K,
                 from [01m[K/opt/ros/humble/include/rclcpp/rclcpp/callback_group.hpp:24[m[K,
                 from [01m[K/opt/ros/humble/include/rclcpp/rclcpp/any_executable.hpp:20[m[K,
                 from [01m[K/opt/ros/humble/include/rclcpp/rclcpp/memory_strategy.hpp:25[m[K,
                 from [01m[K/opt/ros/humble/include/rclcpp/rclcpp/memory_strategies.hpp:18[m[K,
                 from [01m[K/opt/ros/humble/include/rclcpp/rclcpp/executor_options.hpp:20[m[K,
                 from [01m[K/opt/ros/humble/include/rclcpp/rclcpp/executor.hpp:37[m[K,
                 from [01m[K/opt/ros/humble/include/rclcpp/rclcpp/executors/multi_threaded_executor.hpp:25[m[K,
                 from [01m[K/opt/ros/humble/include/rclcpp/rclcpp/executors.hpp:21[m[K,
                 from [01m[K/opt/ros/humble/include/rclcpp/rclcpp/rclcpp.hpp:155[m[K,
                 from [01m[K/home/curry/wilson_proj/ros2-rover-ws/src/package_position_process/src/node_pose_proc.cpp:1[m[K:
[01m[K/home/curry/wilson_proj/ros2-rover-ws/src/package_position_process/src/node_pose_proc.cpp:50:9:[m[K [01;31m[Kerror: [m[Kuse of deleted function ‘[01m[Kstd::atomic<_Tp>::atomic(const std::atomic<_Tp>&) [with _Tp = float][m[K’
   50 |         [01;31m[KRCLCPP_INFO[m[K(this->get_logger(), "Destination set via service: Lat=%.6f, Lon=%.6f", des_lat_, des_long_);
      |         [01;31m[K^~~~~~~~~~~[m[K
In file included from [01m[K/usr/include/c++/11/future:41[m[K,
                 from [01m[K/opt/ros/humble/include/rclcpp/rclcpp/executors.hpp:18[m[K,
                 from [01m[K/opt/ros/humble/include/rclcpp/rclcpp/rclcpp.hpp:155[m[K,
                 from [01m[K/home/curry/wilson_proj/ros2-rover-ws/src/package_position_process/src/node_pose_proc.cpp:1[m[K:
[01m[K/usr/include/c++/11/atomic:227:7:[m[K [01;36m[Knote: [m[Kdeclared here
  227 |       [01;36m[Katomic[m[K(const atomic&) = delete;
      |       [01;36m[K^~~~~~[m[K
gmake[2]: *** [CMakeFiles/node_position_process.dir/build.make:76: CMakeFiles/node_position_process.dir/src/node_pose_proc.cpp.o] Error 1
gmake[1]: *** [CMakeFiles/Makefile2:165: CMakeFiles/node_position_process.dir/all] Error 2
gmake: *** [Makefile:146: all] Error 2
