[5.881s] Invoking command in '/home/curry/wilson_proj/ros2-rover-ws/src/package_image_process': PYTHONPATH=/home/curry/wilson_proj/ros2-rover-ws/build/package_image_process/prefix_override:/usr/lib/python3/dist-packages/colcon_core/task/python/colcon_distutils_commands:/home/curry/wilson_proj/ros2-rover-ws/install/package_image_process/lib/python3.10/site-packages:${PYTHONPATH} /usr/bin/python3 -W ignore:setup.py install is deprecated -W ignore:easy_install command is deprecated setup.py egg_info --egg-base ../../build/package_image_process build --build-base /home/curry/wilson_proj/ros2-rover-ws/build/package_image_process/build install --record /home/curry/wilson_proj/ros2-rover-ws/build/package_image_process/install.log --single-version-externally-managed install_data
[7.924s] running egg_info
[7.928s] writing ../../build/package_image_process/package_image_process.egg-info/PKG-INFO
[7.930s] writing dependency_links to ../../build/package_image_process/package_image_process.egg-info/dependency_links.txt
[7.932s] writing entry points to ../../build/package_image_process/package_image_process.egg-info/entry_points.txt
[7.934s] writing requirements to ../../build/package_image_process/package_image_process.egg-info/requires.txt
[7.936s] writing top-level names to ../../build/package_image_process/package_image_process.egg-info/top_level.txt
[7.944s] reading manifest file '../../build/package_image_process/package_image_process.egg-info/SOURCES.txt'
[7.946s] adding license file 'LICENSE'
[7.949s] writing manifest file '../../build/package_image_process/package_image_process.egg-info/SOURCES.txt'
[7.950s] running build
[7.952s] running build_py
[7.952s] running install
[7.953s] running install_lib
[7.960s] running install_data
[7.960s] running install_egg_info
[7.970s] removing '/home/curry/wilson_proj/ros2-rover-ws/install/package_image_process/lib/python3.10/site-packages/package_image_process-0.0.0-py3.10.egg-info' (and everything under it)
[7.972s] Copying ../../build/package_image_process/package_image_process.egg-info to /home/curry/wilson_proj/ros2-rover-ws/install/package_image_process/lib/python3.10/site-packages/package_image_process-0.0.0-py3.10.egg-info
[7.980s] running install_scripts
[8.080s] Installing node_image_process script to /home/curry/wilson_proj/ros2-rover-ws/install/package_image_process/lib/package_image_process
[8.082s] writing list of installed files to '/home/curry/wilson_proj/ros2-rover-ws/build/package_image_process/install.log'
[8.254s] Invoked command in '/home/curry/wilson_proj/ros2-rover-ws/src/package_image_process' returned '0': PYTHONPATH=/home/curry/wilson_proj/ros2-rover-ws/build/package_image_process/prefix_override:/usr/lib/python3/dist-packages/colcon_core/task/python/colcon_distutils_commands:/home/curry/wilson_proj/ros2-rover-ws/install/package_image_process/lib/python3.10/site-packages:${PYTHONPATH} /usr/bin/python3 -W ignore:setup.py install is deprecated -W ignore:easy_install command is deprecated setup.py egg_info --egg-base ../../build/package_image_process build --build-base /home/curry/wilson_proj/ros2-rover-ws/build/package_image_process/build install --record /home/curry/wilson_proj/ros2-rover-ws/build/package_image_process/install.log --single-version-externally-managed install_data
