[35m[1mConsolidate compiler generated dependencies of target motorcontrol[0m
[ 50%] Built target node_motor_control
[ 75%] [32mBuilding CXX object CMakeFiles/motorcontrol.dir/src/node_motor_control.cpp.o[0m
[01m[K/home/curry/wilson_proj/ros2-rover-ws/src/package_rover_control/src/node_motor_control.cpp:[m[K In constructor ‘[01m[Kmotorcontrol_cpp::MotorControlActionServer::MotorControlActionServer(const rclcpp::NodeOptions&)[m[K’:
[01m[K/home/curry/wilson_proj/ros2-rover-ws/src/package_rover_control/src/node_motor_control.cpp:24:17:[m[K [01;31m[Kerror: [m[K‘[01m[Kclass motorcontrol_cpp::MotorControlActionServer[m[K’ has no member named ‘[01m[Kaction_server_[m[K’
   24 |           this->[01;31m[Kaction_server_[m[K = rclcpp_action::create_server<Carcontrol>(
      |                 [01;31m[K^~~~~~~~~~~~~~[m[K
[01m[K/home/curry/wilson_proj/ros2-rover-ws/src/package_rover_control/src/node_motor_control.cpp:26:50:[m[K [01;31m[Kerror: [m[K‘[01m[Khandle_goal[m[K’ is not a member of ‘[01m[Kmotorcontrol_cpp::MotorControlActionServer[m[K’
   26 |             std::bind(&MotorControlActionServer::[01;31m[Khandle_goal[m[K, this, _1, _2),
      |                                                  [01;31m[K^~~~~~~~~~~[m[K
[01m[K/home/curry/wilson_proj/ros2-rover-ws/src/package_rover_control/src/node_motor_control.cpp:27:50:[m[K [01;31m[Kerror: [m[K‘[01m[Khandle_cancel[m[K’ is not a member of ‘[01m[Kmotorcontrol_cpp::MotorControlActionServer[m[K’
   27 |             std::bind(&MotorControlActionServer::[01;31m[Khandle_cancel[m[K, this, _1),
      |                                                  [01;31m[K^~~~~~~~~~~~~[m[K
[01m[K/home/curry/wilson_proj/ros2-rover-ws/src/package_rover_control/src/node_motor_control.cpp:28:50:[m[K [01;31m[Kerror: [m[K‘[01m[Khandle_accepted[m[K’ is not a member of ‘[01m[Kmotorcontrol_cpp::MotorControlActionServer[m[K’
   28 |             std::bind(&MotorControlActionServer::[01;31m[Khandle_accepted[m[K, this, _1)
      |                                                  [01;31m[K^~~~~~~~~~~~~~~[m[K
In file included from [01m[K/opt/ros/iron/include/class_loader/class_loader/class_loader.hpp:56[m[K,
                 from [01m[K/opt/ros/iron/include/rclcpp_components/rclcpp_components/register_node_macro.hpp:18[m[K,
                 from [01m[K/home/curry/wilson_proj/ros2-rover-ws/src/package_rover_control/src/node_motor_control.cpp:8[m[K:
[01m[K/home/curry/wilson_proj/ros2-rover-ws/src/package_rover_control/src/node_motor_control.cpp:[m[K At global scope:
[01m[K/home/curry/wilson_proj/ros2-rover-ws/src/package_rover_control/src/node_motor_control.cpp:37:51:[m[K [01;31m[Kerror: [m[K‘[01m[KCarControlActionServer[m[K’ is not a member of ‘[01m[Kmotorcontrol_cpp[m[K’; did you mean ‘[01m[KMotorControlActionServer[m[K’?
   37 | RCLCPP_COMPONENTS_REGISTER_NODE(motorcontrol_cpp::[01;31m[KCarControlActionServer[m[K)
      |                                                   [01;31m[K^~~~~~~~~~~~~~~~~~~~~~[m[K
[01m[K/home/curry/wilson_proj/ros2-rover-ws/src/package_rover_control/src/node_motor_control.cpp:37:1:[m[K [01;31m[Kerror: [m[Ktemplate argument 1 is invalid
   37 | [01;31m[KRCLCPP_COMPONENTS_REGISTER_NODE[m[K(motorcontrol_cpp::CarControlActionServer)
      | [01;31m[K^~~~~~~~~~~~~~~~~~~~~~~~~~~~~~~[m[K
In file included from [01m[K/opt/ros/iron/include/class_loader/class_loader/class_loader_core.hpp:58[m[K,
                 from [01m[K/opt/ros/iron/include/class_loader/class_loader/class_loader.hpp:55[m[K,
                 from [01m[K/opt/ros/iron/include/rclcpp_components/rclcpp_components/register_node_macro.hpp:18[m[K,
                 from [01m[K/home/curry/wilson_proj/ros2-rover-ws/src/package_rover_control/src/node_motor_control.cpp:8[m[K:
/opt/ros/iron/include/class_loader/class_loader/meta_object.hpp: In instantiation of ‘[01m[KB* class_loader::impl::MetaObject<C, B>::create() const [with C = int; B = rclcpp_components::NodeFactory][m[K’:
[01m[K/opt/ros/iron/include/class_loader/class_loader/meta_object.hpp:216:7:[m[K   required from here
[01m[K/opt/ros/iron/include/class_loader/class_loader/meta_object.hpp:218:12:[m[K [01;31m[Kerror: [m[Kcannot convert ‘[01m[Kint*[m[K’ to ‘[01m[Krclcpp_components::NodeFactory*[m[K’ in return
  218 |     return [01;31m[Knew C[m[K;
      |            [01;31m[K^~~~~[m[K
      |            [01;31m[K|[m[K
      |            [01;31m[Kint*[m[K
gmake[2]: *** [CMakeFiles/motorcontrol.dir/build.make:76: CMakeFiles/motorcontrol.dir/src/node_motor_control.cpp.o] Error 1
gmake[1]: *** [CMakeFiles/Makefile2:139: CMakeFiles/motorcontrol.dir/all] Error 2
gmake: *** [Makefile:146: all] Error 2
