[0.124s] DEBUG:colcon:Command line arguments: ['/usr/bin/colcon', 'build']
[0.124s] DEBUG:colcon:Parsed command line arguments: Namespace(log_base=None, log_level=None, verb_name='build', build_base='build', install_base='install', merge_install=False, symlink_install=False, test_result_base=None, continue_on_error=False, executor='parallel', parallel_workers=4, event_handlers=None, ignore_user_meta=False, metas=['./colcon.meta'], base_paths=['.'], packages_ignore=None, packages_ignore_regex=None, paths=None, packages_up_to=None, packages_up_to_regex=None, packages_above=None, packages_above_and_dependencies=None, packages_above_depth=None, packages_select_by_dep=None, packages_skip_by_dep=None, packages_skip_up_to=None, packages_select_build_failed=False, packages_skip_build_finished=False, packages_select_test_failures=False, packages_skip_test_passed=False, packages_select=None, packages_skip=None, packages_select_regex=None, packages_skip_regex=None, packages_start=None, packages_end=None, allow_overriding=[], cmake_args=None, cmake_target=None, cmake_target_skip_unavailable=False, cmake_clean_cache=False, cmake_clean_first=False, cmake_force_configure=False, ament_cmake_args=None, catkin_cmake_args=None, catkin_skip_building_tests=False, mixin_files=None, mixin=None, verb_parser=<colcon_mixin.mixin.mixin_argument.MixinArgumentDecorator object at 0x7dbd2821e0b0>, verb_extension=<colcon_core.verb.build.BuildVerb object at 0x7dbd2834e800>, main=<bound method BuildVerb.main of <colcon_core.verb.build.BuildVerb object at 0x7dbd2834e800>>, mixin_verb=('build',))
[0.458s] Level 1:colcon.colcon_core.package_discovery:discover_packages(colcon_meta) check parameters
[0.458s] Level 1:colcon.colcon_core.package_discovery:discover_packages(recursive) check parameters
[0.458s] Level 1:colcon.colcon_core.package_discovery:discover_packages(ignore) check parameters
[0.458s] Level 1:colcon.colcon_core.package_discovery:discover_packages(path) check parameters
[0.459s] Level 1:colcon.colcon_core.package_discovery:discover_packages(colcon_meta) discover
[0.459s] Level 1:colcon.colcon_core.package_discovery:discover_packages(recursive) discover
[0.459s] INFO:colcon.colcon_core.package_discovery:Crawling recursively for packages in '/home/yupi/rover_proj/ros2-base-ws'
[0.459s] Level 1:colcon.colcon_core.package_identification:_identify(.) by extensions ['ignore', 'ignore_ament_install']
[0.459s] Level 1:colcon.colcon_core.package_identification:_identify(.) by extension 'ignore'
[0.459s] Level 1:colcon.colcon_core.package_identification:_identify(.) by extension 'ignore_ament_install'
[0.459s] Level 1:colcon.colcon_core.package_identification:_identify(.) by extensions ['colcon_pkg']
[0.459s] Level 1:colcon.colcon_core.package_identification:_identify(.) by extension 'colcon_pkg'
[0.459s] Level 1:colcon.colcon_core.package_identification:_identify(.) by extensions ['colcon_meta']
[0.459s] Level 1:colcon.colcon_core.package_identification:_identify(.) by extension 'colcon_meta'
[0.459s] Level 1:colcon.colcon_core.package_identification:_identify(.) by extensions ['ros']
[0.459s] Level 1:colcon.colcon_core.package_identification:_identify(.) by extension 'ros'
[0.470s] Level 1:colcon.colcon_core.package_identification:_identify(.) by extensions ['cmake', 'python']
[0.470s] Level 1:colcon.colcon_core.package_identification:_identify(.) by extension 'cmake'
[0.470s] Level 1:colcon.colcon_core.package_identification:_identify(.) by extension 'python'
[0.471s] Level 1:colcon.colcon_core.package_identification:_identify(.) by extensions ['python_setup_py']
[0.471s] Level 1:colcon.colcon_core.package_identification:_identify(.) by extension 'python_setup_py'
[0.471s] Level 1:colcon.colcon_core.package_identification:_identify(build) by extensions ['ignore', 'ignore_ament_install']
[0.471s] Level 1:colcon.colcon_core.package_identification:_identify(build) by extension 'ignore'
[0.471s] Level 1:colcon.colcon_core.package_identification:_identify(build) ignored
[0.471s] Level 1:colcon.colcon_core.package_identification:_identify(install) by extensions ['ignore', 'ignore_ament_install']
[0.471s] Level 1:colcon.colcon_core.package_identification:_identify(install) by extension 'ignore'
[0.471s] Level 1:colcon.colcon_core.package_identification:_identify(install) ignored
[0.471s] Level 1:colcon.colcon_core.package_identification:_identify(log) by extensions ['ignore', 'ignore_ament_install']
[0.472s] Level 1:colcon.colcon_core.package_identification:_identify(log) by extension 'ignore'
[0.472s] Level 1:colcon.colcon_core.package_identification:_identify(log) ignored
[0.472s] Level 1:colcon.colcon_core.package_identification:_identify(src) by extensions ['ignore', 'ignore_ament_install']
[0.472s] Level 1:colcon.colcon_core.package_identification:_identify(src) by extension 'ignore'
[0.472s] Level 1:colcon.colcon_core.package_identification:_identify(src) by extension 'ignore_ament_install'
[0.472s] Level 1:colcon.colcon_core.package_identification:_identify(src) by extensions ['colcon_pkg']
[0.472s] Level 1:colcon.colcon_core.package_identification:_identify(src) by extension 'colcon_pkg'
[0.472s] Level 1:colcon.colcon_core.package_identification:_identify(src) by extensions ['colcon_meta']
[0.472s] Level 1:colcon.colcon_core.package_identification:_identify(src) by extension 'colcon_meta'
[0.472s] Level 1:colcon.colcon_core.package_identification:_identify(src) by extensions ['ros']
[0.472s] Level 1:colcon.colcon_core.package_identification:_identify(src) by extension 'ros'
[0.472s] Level 1:colcon.colcon_core.package_identification:_identify(src) by extensions ['cmake', 'python']
[0.472s] Level 1:colcon.colcon_core.package_identification:_identify(src) by extension 'cmake'
[0.472s] Level 1:colcon.colcon_core.package_identification:_identify(src) by extension 'python'
[0.472s] Level 1:colcon.colcon_core.package_identification:_identify(src) by extensions ['python_setup_py']
[0.472s] Level 1:colcon.colcon_core.package_identification:_identify(src) by extension 'python_setup_py'
[0.473s] Level 1:colcon.colcon_core.package_identification:_identify(src/action_interfaces) by extensions ['ignore', 'ignore_ament_install']
[0.473s] Level 1:colcon.colcon_core.package_identification:_identify(src/action_interfaces) by extension 'ignore'
[0.473s] Level 1:colcon.colcon_core.package_identification:_identify(src/action_interfaces) by extension 'ignore_ament_install'
[0.473s] Level 1:colcon.colcon_core.package_identification:_identify(src/action_interfaces) by extensions ['colcon_pkg']
[0.473s] Level 1:colcon.colcon_core.package_identification:_identify(src/action_interfaces) by extension 'colcon_pkg'
[0.473s] Level 1:colcon.colcon_core.package_identification:_identify(src/action_interfaces) by extensions ['colcon_meta']
[0.473s] Level 1:colcon.colcon_core.package_identification:_identify(src/action_interfaces) by extension 'colcon_meta'
[0.473s] Level 1:colcon.colcon_core.package_identification:_identify(src/action_interfaces) by extensions ['ros']
[0.473s] Level 1:colcon.colcon_core.package_identification:_identify(src/action_interfaces) by extension 'ros'
[0.475s] DEBUG:colcon.colcon_core.package_identification:Package 'src/action_interfaces' with type 'ros.ament_cmake' and name 'action_interfaces'
[0.476s] Level 1:colcon.colcon_core.package_identification:_identify(src/package_base_command) by extensions ['ignore', 'ignore_ament_install']
[0.476s] Level 1:colcon.colcon_core.package_identification:_identify(src/package_base_command) by extension 'ignore'
[0.476s] Level 1:colcon.colcon_core.package_identification:_identify(src/package_base_command) by extension 'ignore_ament_install'
[0.476s] Level 1:colcon.colcon_core.package_identification:_identify(src/package_base_command) by extensions ['colcon_pkg']
[0.476s] Level 1:colcon.colcon_core.package_identification:_identify(src/package_base_command) by extension 'colcon_pkg'
[0.476s] Level 1:colcon.colcon_core.package_identification:_identify(src/package_base_command) by extensions ['colcon_meta']
[0.476s] Level 1:colcon.colcon_core.package_identification:_identify(src/package_base_command) by extension 'colcon_meta'
[0.476s] Level 1:colcon.colcon_core.package_identification:_identify(src/package_base_command) by extensions ['ros']
[0.476s] Level 1:colcon.colcon_core.package_identification:_identify(src/package_base_command) by extension 'ros'
[0.477s] DEBUG:colcon.colcon_core.package_identification:Package 'src/package_base_command' with type 'ros.ament_cmake' and name 'package_base_command'
[0.477s] Level 1:colcon.colcon_core.package_identification:_identify(src/package_test) by extensions ['ignore', 'ignore_ament_install']
[0.477s] Level 1:colcon.colcon_core.package_identification:_identify(src/package_test) by extension 'ignore'
[0.477s] Level 1:colcon.colcon_core.package_identification:_identify(src/package_test) by extension 'ignore_ament_install'
[0.478s] Level 1:colcon.colcon_core.package_identification:_identify(src/package_test) by extensions ['colcon_pkg']
[0.478s] Level 1:colcon.colcon_core.package_identification:_identify(src/package_test) by extension 'colcon_pkg'
[0.478s] Level 1:colcon.colcon_core.package_identification:_identify(src/package_test) by extensions ['colcon_meta']
[0.478s] Level 1:colcon.colcon_core.package_identification:_identify(src/package_test) by extension 'colcon_meta'
[0.478s] Level 1:colcon.colcon_core.package_identification:_identify(src/package_test) by extensions ['ros']
[0.478s] Level 1:colcon.colcon_core.package_identification:_identify(src/package_test) by extension 'ros'
[0.478s] DEBUG:colcon.colcon_core.package_identification:Package 'src/package_test' with type 'ros.ament_cmake' and name 'package_test'
[0.478s] Level 1:colcon.colcon_core.package_discovery:discover_packages(recursive) using defaults
[0.478s] Level 1:colcon.colcon_core.package_discovery:discover_packages(ignore) discover
[0.478s] Level 1:colcon.colcon_core.package_discovery:discover_packages(ignore) using defaults
[0.478s] Level 1:colcon.colcon_core.package_discovery:discover_packages(path) discover
[0.478s] Level 1:colcon.colcon_core.package_discovery:discover_packages(path) using defaults
[0.510s] Level 1:colcon.colcon_core.package_discovery:discover_packages(prefix_path) check parameters
[0.510s] Level 1:colcon.colcon_core.package_discovery:discover_packages(prefix_path) discover
[0.513s] DEBUG:colcon.colcon_installed_package_information.package_discovery:Found 3 installed packages in /home/yupi/rover_proj/ros2-base-ws/install
[0.513s] DEBUG:colcon.colcon_installed_package_information.package_discovery:Found 7 installed packages in /home/yupi/rover_proj/mros2-host-examples-main/install
[0.514s] DEBUG:colcon.colcon_installed_package_information.package_discovery:Found 270 installed packages in /opt/ros/humble
[0.516s] Level 1:colcon.colcon_core.package_discovery:discover_packages(prefix_path) using defaults
[0.554s] Level 5:colcon.colcon_core.verb:set package 'action_interfaces' build argument 'cmake_args' from command line to 'None'
[0.554s] Level 5:colcon.colcon_core.verb:set package 'action_interfaces' build argument 'cmake_target' from command line to 'None'
[0.554s] Level 5:colcon.colcon_core.verb:set package 'action_interfaces' build argument 'cmake_target_skip_unavailable' from command line to 'False'
[0.554s] Level 5:colcon.colcon_core.verb:set package 'action_interfaces' build argument 'cmake_clean_cache' from command line to 'False'
[0.554s] Level 5:colcon.colcon_core.verb:set package 'action_interfaces' build argument 'cmake_clean_first' from command line to 'False'
[0.554s] Level 5:colcon.colcon_core.verb:set package 'action_interfaces' build argument 'cmake_force_configure' from command line to 'False'
[0.554s] Level 5:colcon.colcon_core.verb:set package 'action_interfaces' build argument 'ament_cmake_args' from command line to 'None'
[0.554s] Level 5:colcon.colcon_core.verb:set package 'action_interfaces' build argument 'catkin_cmake_args' from command line to 'None'
[0.554s] Level 5:colcon.colcon_core.verb:set package 'action_interfaces' build argument 'catkin_skip_building_tests' from command line to 'False'
[0.554s] DEBUG:colcon.colcon_core.verb:Building package 'action_interfaces' with the following arguments: {'ament_cmake_args': None, 'build_base': '/home/yupi/rover_proj/ros2-base-ws/build/action_interfaces', 'catkin_cmake_args': None, 'catkin_skip_building_tests': False, 'cmake_args': None, 'cmake_clean_cache': False, 'cmake_clean_first': False, 'cmake_force_configure': False, 'cmake_target': None, 'cmake_target_skip_unavailable': False, 'install_base': '/home/yupi/rover_proj/ros2-base-ws/install/action_interfaces', 'merge_install': False, 'path': '/home/yupi/rover_proj/ros2-base-ws/src/action_interfaces', 'symlink_install': False, 'test_result_base': None}
[0.555s] Level 5:colcon.colcon_core.verb:set package 'package_base_command' build argument 'cmake_args' from command line to 'None'
[0.555s] Level 5:colcon.colcon_core.verb:set package 'package_base_command' build argument 'cmake_target' from command line to 'None'
[0.555s] Level 5:colcon.colcon_core.verb:set package 'package_base_command' build argument 'cmake_target_skip_unavailable' from command line to 'False'
[0.555s] Level 5:colcon.colcon_core.verb:set package 'package_base_command' build argument 'cmake_clean_cache' from command line to 'False'
[0.555s] Level 5:colcon.colcon_core.verb:set package 'package_base_command' build argument 'cmake_clean_first' from command line to 'False'
[0.555s] Level 5:colcon.colcon_core.verb:set package 'package_base_command' build argument 'cmake_force_configure' from command line to 'False'
[0.555s] Level 5:colcon.colcon_core.verb:set package 'package_base_command' build argument 'ament_cmake_args' from command line to 'None'
[0.555s] Level 5:colcon.colcon_core.verb:set package 'package_base_command' build argument 'catkin_cmake_args' from command line to 'None'
[0.555s] Level 5:colcon.colcon_core.verb:set package 'package_base_command' build argument 'catkin_skip_building_tests' from command line to 'False'
[0.555s] DEBUG:colcon.colcon_core.verb:Building package 'package_base_command' with the following arguments: {'ament_cmake_args': None, 'build_base': '/home/yupi/rover_proj/ros2-base-ws/build/package_base_command', 'catkin_cmake_args': None, 'catkin_skip_building_tests': False, 'cmake_args': None, 'cmake_clean_cache': False, 'cmake_clean_first': False, 'cmake_force_configure': False, 'cmake_target': None, 'cmake_target_skip_unavailable': False, 'install_base': '/home/yupi/rover_proj/ros2-base-ws/install/package_base_command', 'merge_install': False, 'path': '/home/yupi/rover_proj/ros2-base-ws/src/package_base_command', 'symlink_install': False, 'test_result_base': None}
[0.555s] Level 5:colcon.colcon_core.verb:set package 'package_test' build argument 'cmake_args' from command line to 'None'
[0.555s] Level 5:colcon.colcon_core.verb:set package 'package_test' build argument 'cmake_target' from command line to 'None'
[0.555s] Level 5:colcon.colcon_core.verb:set package 'package_test' build argument 'cmake_target_skip_unavailable' from command line to 'False'
[0.555s] Level 5:colcon.colcon_core.verb:set package 'package_test' build argument 'cmake_clean_cache' from command line to 'False'
[0.555s] Level 5:colcon.colcon_core.verb:set package 'package_test' build argument 'cmake_clean_first' from command line to 'False'
[0.555s] Level 5:colcon.colcon_core.verb:set package 'package_test' build argument 'cmake_force_configure' from command line to 'False'
[0.556s] Level 5:colcon.colcon_core.verb:set package 'package_test' build argument 'ament_cmake_args' from command line to 'None'
[0.556s] Level 5:colcon.colcon_core.verb:set package 'package_test' build argument 'catkin_cmake_args' from command line to 'None'
[0.556s] Level 5:colcon.colcon_core.verb:set package 'package_test' build argument 'catkin_skip_building_tests' from command line to 'False'
[0.556s] DEBUG:colcon.colcon_core.verb:Building package 'package_test' with the following arguments: {'ament_cmake_args': None, 'build_base': '/home/yupi/rover_proj/ros2-base-ws/build/package_test', 'catkin_cmake_args': None, 'catkin_skip_building_tests': False, 'cmake_args': None, 'cmake_clean_cache': False, 'cmake_clean_first': False, 'cmake_force_configure': False, 'cmake_target': None, 'cmake_target_skip_unavailable': False, 'install_base': '/home/yupi/rover_proj/ros2-base-ws/install/package_test', 'merge_install': False, 'path': '/home/yupi/rover_proj/ros2-base-ws/src/package_test', 'symlink_install': False, 'test_result_base': None}
[0.556s] INFO:colcon.colcon_core.executor:Executing jobs using 'parallel' executor
[0.557s] DEBUG:colcon.colcon_parallel_executor.executor.parallel:run_until_complete
[0.557s] INFO:colcon.colcon_ros.task.ament_cmake.build:Building ROS package in '/home/yupi/rover_proj/ros2-base-ws/src/action_interfaces' with build type 'ament_cmake'
[0.557s] INFO:colcon.colcon_cmake.task.cmake.build:Building CMake package in '/home/yupi/rover_proj/ros2-base-ws/src/action_interfaces'
[0.561s] INFO:colcon.colcon_core.plugin_system:Skipping extension 'colcon_core.shell.bat': Not used on non-Windows systems
[0.562s] INFO:colcon.colcon_core.shell:Skip shell extension 'powershell' for command environment: Not usable outside of PowerShell
[0.562s] DEBUG:colcon.colcon_core.shell:Skip shell extension 'dsv' for command environment
[0.567s] INFO:colcon.colcon_ros.task.ament_cmake.build:Building ROS package in '/home/yupi/rover_proj/ros2-base-ws/src/package_base_command' with build type 'ament_cmake'
[0.567s] INFO:colcon.colcon_cmake.task.cmake.build:Building CMake package in '/home/yupi/rover_proj/ros2-base-ws/src/package_base_command'
[0.567s] INFO:colcon.colcon_core.shell:Skip shell extension 'powershell' for command environment: Not usable outside of PowerShell
[0.567s] DEBUG:colcon.colcon_core.shell:Skip shell extension 'dsv' for command environment
[0.571s] INFO:colcon.colcon_ros.task.ament_cmake.build:Building ROS package in '/home/yupi/rover_proj/ros2-base-ws/src/package_test' with build type 'ament_cmake'
[0.572s] INFO:colcon.colcon_cmake.task.cmake.build:Building CMake package in '/home/yupi/rover_proj/ros2-base-ws/src/package_test'
[0.572s] INFO:colcon.colcon_core.shell:Skip shell extension 'powershell' for command environment: Not usable outside of PowerShell
[0.572s] DEBUG:colcon.colcon_core.shell:Skip shell extension 'dsv' for command environment
[0.582s] DEBUG:colcon.colcon_core.event_handler.log_command:Invoking command in '/home/yupi/rover_proj/ros2-base-ws/build/action_interfaces': CMAKE_PREFIX_PATH=${CMAKE_PREFIX_PATH}:/opt/ros/humble /usr/bin/cmake --build /home/yupi/rover_proj/ros2-base-ws/build/action_interfaces -- -j4 -l4
[0.587s] DEBUG:colcon.colcon_core.event_handler.log_command:Invoking command in '/home/yupi/rover_proj/ros2-base-ws/build/package_base_command': CMAKE_PREFIX_PATH=${CMAKE_PREFIX_PATH}:/opt/ros/humble /usr/bin/cmake --build /home/yupi/rover_proj/ros2-base-ws/build/package_base_command -- -j4 -l4
[0.592s] DEBUG:colcon.colcon_core.event_handler.log_command:Invoking command in '/home/yupi/rover_proj/ros2-base-ws/build/package_test': CMAKE_PREFIX_PATH=${CMAKE_PREFIX_PATH}:/opt/ros/humble /usr/bin/cmake --build /home/yupi/rover_proj/ros2-base-ws/build/package_test -- -j4 -l4
[0.715s] DEBUG:colcon.colcon_core.event_handler.log_command:Invoked command in '/home/yupi/rover_proj/ros2-base-ws/build/package_test' returned '0': CMAKE_PREFIX_PATH=${CMAKE_PREFIX_PATH}:/opt/ros/humble /usr/bin/cmake --build /home/yupi/rover_proj/ros2-base-ws/build/package_test -- -j4 -l4
[0.764s] DEBUG:colcon.colcon_core.event_handler.log_command:Invoking command in '/home/yupi/rover_proj/ros2-base-ws/build/package_test': CMAKE_PREFIX_PATH=${CMAKE_PREFIX_PATH}:/opt/ros/humble /usr/bin/cmake --install /home/yupi/rover_proj/ros2-base-ws/build/package_test
[0.795s] Level 1:colcon.colcon_core.environment:create_environment_scripts_only(package_test)
[0.795s] DEBUG:colcon.colcon_core.event_handler.log_command:Invoked command in '/home/yupi/rover_proj/ros2-base-ws/build/package_test' returned '0': CMAKE_PREFIX_PATH=${CMAKE_PREFIX_PATH}:/opt/ros/humble /usr/bin/cmake --install /home/yupi/rover_proj/ros2-base-ws/build/package_test
[0.807s] Level 1:colcon.colcon_core.environment:checking '/home/yupi/rover_proj/ros2-base-ws/install/package_test' for CMake module files
[0.808s] Level 1:colcon.colcon_core.environment:checking '/home/yupi/rover_proj/ros2-base-ws/install/package_test' for CMake config files
[0.810s] Level 1:colcon.colcon_core.shell:create_environment_hook('package_test', 'cmake_prefix_path')
[0.810s] INFO:colcon.colcon_core.shell:Creating environment hook '/home/yupi/rover_proj/ros2-base-ws/install/package_test/share/package_test/hook/cmake_prefix_path.ps1'
[0.811s] INFO:colcon.colcon_core.shell:Creating environment descriptor '/home/yupi/rover_proj/ros2-base-ws/install/package_test/share/package_test/hook/cmake_prefix_path.dsv'
[0.812s] INFO:colcon.colcon_core.shell:Creating environment hook '/home/yupi/rover_proj/ros2-base-ws/install/package_test/share/package_test/hook/cmake_prefix_path.sh'
[0.815s] Level 1:colcon.colcon_core.environment:checking '/home/yupi/rover_proj/ros2-base-ws/install/package_test/lib'
[0.815s] Level 1:colcon.colcon_core.environment:checking '/home/yupi/rover_proj/ros2-base-ws/install/package_test/bin'
[0.815s] Level 1:colcon.colcon_core.environment:checking '/home/yupi/rover_proj/ros2-base-ws/install/package_test/lib/pkgconfig/package_test.pc'
[0.815s] Level 1:colcon.colcon_core.environment:checking '/home/yupi/rover_proj/ros2-base-ws/install/package_test/lib/python3.10/site-packages'
[0.816s] Level 1:colcon.colcon_core.environment:checking '/home/yupi/rover_proj/ros2-base-ws/install/package_test/bin'
[0.816s] INFO:colcon.colcon_core.shell:Creating package script '/home/yupi/rover_proj/ros2-base-ws/install/package_test/share/package_test/package.ps1'
[0.820s] INFO:colcon.colcon_core.shell:Creating package descriptor '/home/yupi/rover_proj/ros2-base-ws/install/package_test/share/package_test/package.dsv'
[0.823s] INFO:colcon.colcon_core.shell:Creating package script '/home/yupi/rover_proj/ros2-base-ws/install/package_test/share/package_test/package.sh'
[0.825s] INFO:colcon.colcon_core.shell:Creating package script '/home/yupi/rover_proj/ros2-base-ws/install/package_test/share/package_test/package.bash'
[0.826s] INFO:colcon.colcon_core.shell:Creating package script '/home/yupi/rover_proj/ros2-base-ws/install/package_test/share/package_test/package.zsh'
[0.827s] Level 1:colcon.colcon_core.environment:create_file_with_runtime_dependencies(/home/yupi/rover_proj/ros2-base-ws/install/package_test/share/colcon-core/packages/package_test)
[0.916s] Level 1:colcon.colcon_core.environment:create_environment_scripts_only(package_test)
[0.916s] Level 1:colcon.colcon_core.environment:checking '/home/yupi/rover_proj/ros2-base-ws/install/package_test' for CMake module files
[0.917s] Level 1:colcon.colcon_core.environment:checking '/home/yupi/rover_proj/ros2-base-ws/install/package_test' for CMake config files
[0.917s] Level 1:colcon.colcon_core.shell:create_environment_hook('package_test', 'cmake_prefix_path')
[0.917s] INFO:colcon.colcon_core.shell:Creating environment hook '/home/yupi/rover_proj/ros2-base-ws/install/package_test/share/package_test/hook/cmake_prefix_path.ps1'
[0.918s] INFO:colcon.colcon_core.shell:Creating environment descriptor '/home/yupi/rover_proj/ros2-base-ws/install/package_test/share/package_test/hook/cmake_prefix_path.dsv'
[0.923s] INFO:colcon.colcon_core.shell:Creating environment hook '/home/yupi/rover_proj/ros2-base-ws/install/package_test/share/package_test/hook/cmake_prefix_path.sh'
[0.923s] Level 1:colcon.colcon_core.environment:checking '/home/yupi/rover_proj/ros2-base-ws/install/package_test/lib'
[0.924s] Level 1:colcon.colcon_core.environment:checking '/home/yupi/rover_proj/ros2-base-ws/install/package_test/bin'
[0.924s] Level 1:colcon.colcon_core.environment:checking '/home/yupi/rover_proj/ros2-base-ws/install/package_test/lib/pkgconfig/package_test.pc'
[0.924s] Level 1:colcon.colcon_core.environment:checking '/home/yupi/rover_proj/ros2-base-ws/install/package_test/lib/python3.10/site-packages'
[0.924s] Level 1:colcon.colcon_core.environment:checking '/home/yupi/rover_proj/ros2-base-ws/install/package_test/bin'
[0.924s] INFO:colcon.colcon_core.shell:Creating package script '/home/yupi/rover_proj/ros2-base-ws/install/package_test/share/package_test/package.ps1'
[0.925s] INFO:colcon.colcon_core.shell:Creating package descriptor '/home/yupi/rover_proj/ros2-base-ws/install/package_test/share/package_test/package.dsv'
[0.928s] INFO:colcon.colcon_core.shell:Creating package script '/home/yupi/rover_proj/ros2-base-ws/install/package_test/share/package_test/package.sh'
[0.929s] INFO:colcon.colcon_core.shell:Creating package script '/home/yupi/rover_proj/ros2-base-ws/install/package_test/share/package_test/package.bash'
[0.929s] INFO:colcon.colcon_core.shell:Creating package script '/home/yupi/rover_proj/ros2-base-ws/install/package_test/share/package_test/package.zsh'
[0.929s] Level 1:colcon.colcon_core.environment:create_file_with_runtime_dependencies(/home/yupi/rover_proj/ros2-base-ws/install/package_test/share/colcon-core/packages/package_test)
[2.768s] DEBUG:colcon.colcon_core.event_handler.log_command:Invoked command in '/home/yupi/rover_proj/ros2-base-ws/build/action_interfaces' returned '0': CMAKE_PREFIX_PATH=${CMAKE_PREFIX_PATH}:/opt/ros/humble /usr/bin/cmake --build /home/yupi/rover_proj/ros2-base-ws/build/action_interfaces -- -j4 -l4
[2.842s] DEBUG:colcon.colcon_core.event_handler.log_command:Invoking command in '/home/yupi/rover_proj/ros2-base-ws/build/action_interfaces': CMAKE_PREFIX_PATH=${CMAKE_PREFIX_PATH}:/opt/ros/humble /usr/bin/cmake --install /home/yupi/rover_proj/ros2-base-ws/build/action_interfaces
[2.934s] Level 1:colcon.colcon_core.environment:create_environment_scripts_only(action_interfaces)
[2.934s] Level 1:colcon.colcon_core.environment:checking '/home/yupi/rover_proj/ros2-base-ws/install/action_interfaces' for CMake module files
[2.935s] DEBUG:colcon.colcon_core.event_handler.log_command:Invoked command in '/home/yupi/rover_proj/ros2-base-ws/build/action_interfaces' returned '0': CMAKE_PREFIX_PATH=${CMAKE_PREFIX_PATH}:/opt/ros/humble /usr/bin/cmake --install /home/yupi/rover_proj/ros2-base-ws/build/action_interfaces
[2.935s] Level 1:colcon.colcon_core.environment:checking '/home/yupi/rover_proj/ros2-base-ws/install/action_interfaces' for CMake config files
[2.937s] Level 1:colcon.colcon_core.shell:create_environment_hook('action_interfaces', 'cmake_prefix_path')
[2.937s] INFO:colcon.colcon_core.shell:Creating environment hook '/home/yupi/rover_proj/ros2-base-ws/install/action_interfaces/share/action_interfaces/hook/cmake_prefix_path.ps1'
[2.938s] INFO:colcon.colcon_core.shell:Creating environment descriptor '/home/yupi/rover_proj/ros2-base-ws/install/action_interfaces/share/action_interfaces/hook/cmake_prefix_path.dsv'
[2.938s] INFO:colcon.colcon_core.shell:Creating environment hook '/home/yupi/rover_proj/ros2-base-ws/install/action_interfaces/share/action_interfaces/hook/cmake_prefix_path.sh'
[2.939s] Level 1:colcon.colcon_core.environment:checking '/home/yupi/rover_proj/ros2-base-ws/install/action_interfaces/lib'
[2.939s] Level 1:colcon.colcon_core.shell:create_environment_hook('action_interfaces', 'ld_library_path_lib')
[2.939s] INFO:colcon.colcon_core.shell:Creating environment hook '/home/yupi/rover_proj/ros2-base-ws/install/action_interfaces/share/action_interfaces/hook/ld_library_path_lib.ps1'
[2.940s] INFO:colcon.colcon_core.shell:Creating environment descriptor '/home/yupi/rover_proj/ros2-base-ws/install/action_interfaces/share/action_interfaces/hook/ld_library_path_lib.dsv'
[2.940s] INFO:colcon.colcon_core.shell:Creating environment hook '/home/yupi/rover_proj/ros2-base-ws/install/action_interfaces/share/action_interfaces/hook/ld_library_path_lib.sh'
[2.941s] Level 1:colcon.colcon_core.environment:checking '/home/yupi/rover_proj/ros2-base-ws/install/action_interfaces/bin'
[2.941s] Level 1:colcon.colcon_core.environment:checking '/home/yupi/rover_proj/ros2-base-ws/install/action_interfaces/lib/pkgconfig/action_interfaces.pc'
[2.941s] Level 1:colcon.colcon_core.environment:checking '/home/yupi/rover_proj/ros2-base-ws/install/action_interfaces/lib/python3.10/site-packages'
[2.941s] Level 1:colcon.colcon_core.environment:checking '/home/yupi/rover_proj/ros2-base-ws/install/action_interfaces/bin'
[2.941s] INFO:colcon.colcon_core.shell:Creating package script '/home/yupi/rover_proj/ros2-base-ws/install/action_interfaces/share/action_interfaces/package.ps1'
[2.942s] INFO:colcon.colcon_core.shell:Creating package descriptor '/home/yupi/rover_proj/ros2-base-ws/install/action_interfaces/share/action_interfaces/package.dsv'
[2.943s] INFO:colcon.colcon_core.shell:Creating package script '/home/yupi/rover_proj/ros2-base-ws/install/action_interfaces/share/action_interfaces/package.sh'
[2.943s] INFO:colcon.colcon_core.shell:Creating package script '/home/yupi/rover_proj/ros2-base-ws/install/action_interfaces/share/action_interfaces/package.bash'
[2.943s] INFO:colcon.colcon_core.shell:Creating package script '/home/yupi/rover_proj/ros2-base-ws/install/action_interfaces/share/action_interfaces/package.zsh'
[2.944s] Level 1:colcon.colcon_core.environment:create_file_with_runtime_dependencies(/home/yupi/rover_proj/ros2-base-ws/install/action_interfaces/share/colcon-core/packages/action_interfaces)
[3.016s] Level 1:colcon.colcon_core.environment:create_environment_scripts_only(action_interfaces)
[3.017s] Level 1:colcon.colcon_core.environment:checking '/home/yupi/rover_proj/ros2-base-ws/install/action_interfaces' for CMake module files
[3.017s] Level 1:colcon.colcon_core.environment:checking '/home/yupi/rover_proj/ros2-base-ws/install/action_interfaces' for CMake config files
[3.018s] Level 1:colcon.colcon_core.shell:create_environment_hook('action_interfaces', 'cmake_prefix_path')
[3.018s] INFO:colcon.colcon_core.shell:Creating environment hook '/home/yupi/rover_proj/ros2-base-ws/install/action_interfaces/share/action_interfaces/hook/cmake_prefix_path.ps1'
[3.018s] INFO:colcon.colcon_core.shell:Creating environment descriptor '/home/yupi/rover_proj/ros2-base-ws/install/action_interfaces/share/action_interfaces/hook/cmake_prefix_path.dsv'
[3.019s] INFO:colcon.colcon_core.shell:Creating environment hook '/home/yupi/rover_proj/ros2-base-ws/install/action_interfaces/share/action_interfaces/hook/cmake_prefix_path.sh'
[3.019s] Level 1:colcon.colcon_core.environment:checking '/home/yupi/rover_proj/ros2-base-ws/install/action_interfaces/lib'
[3.019s] Level 1:colcon.colcon_core.shell:create_environment_hook('action_interfaces', 'ld_library_path_lib')
[3.020s] INFO:colcon.colcon_core.shell:Creating environment hook '/home/yupi/rover_proj/ros2-base-ws/install/action_interfaces/share/action_interfaces/hook/ld_library_path_lib.ps1'
[3.020s] INFO:colcon.colcon_core.shell:Creating environment descriptor '/home/yupi/rover_proj/ros2-base-ws/install/action_interfaces/share/action_interfaces/hook/ld_library_path_lib.dsv'
[3.020s] INFO:colcon.colcon_core.shell:Creating environment hook '/home/yupi/rover_proj/ros2-base-ws/install/action_interfaces/share/action_interfaces/hook/ld_library_path_lib.sh'
[3.021s] Level 1:colcon.colcon_core.environment:checking '/home/yupi/rover_proj/ros2-base-ws/install/action_interfaces/bin'
[3.021s] Level 1:colcon.colcon_core.environment:checking '/home/yupi/rover_proj/ros2-base-ws/install/action_interfaces/lib/pkgconfig/action_interfaces.pc'
[3.021s] Level 1:colcon.colcon_core.environment:checking '/home/yupi/rover_proj/ros2-base-ws/install/action_interfaces/lib/python3.10/site-packages'
[3.021s] Level 1:colcon.colcon_core.environment:checking '/home/yupi/rover_proj/ros2-base-ws/install/action_interfaces/bin'
[3.022s] INFO:colcon.colcon_core.shell:Creating package script '/home/yupi/rover_proj/ros2-base-ws/install/action_interfaces/share/action_interfaces/package.ps1'
[3.022s] INFO:colcon.colcon_core.shell:Creating package descriptor '/home/yupi/rover_proj/ros2-base-ws/install/action_interfaces/share/action_interfaces/package.dsv'
[3.023s] INFO:colcon.colcon_core.shell:Creating package script '/home/yupi/rover_proj/ros2-base-ws/install/action_interfaces/share/action_interfaces/package.sh'
[3.023s] INFO:colcon.colcon_core.shell:Creating package script '/home/yupi/rover_proj/ros2-base-ws/install/action_interfaces/share/action_interfaces/package.bash'
[3.024s] INFO:colcon.colcon_core.shell:Creating package script '/home/yupi/rover_proj/ros2-base-ws/install/action_interfaces/share/action_interfaces/package.zsh'
[3.024s] Level 1:colcon.colcon_core.environment:create_file_with_runtime_dependencies(/home/yupi/rover_proj/ros2-base-ws/install/action_interfaces/share/colcon-core/packages/action_interfaces)
[5.745s] DEBUG:colcon.colcon_core.event_handler.log_command:Invoked command in '/home/yupi/rover_proj/ros2-base-ws/build/package_base_command' returned '2': CMAKE_PREFIX_PATH=${CMAKE_PREFIX_PATH}:/opt/ros/humble /usr/bin/cmake --build /home/yupi/rover_proj/ros2-base-ws/build/package_base_command -- -j4 -l4
[5.777s] Level 1:colcon.colcon_core.environment:create_environment_scripts_only(package_base_command)
[5.777s] Level 1:colcon.colcon_core.environment:checking '/home/yupi/rover_proj/ros2-base-ws/install/package_base_command' for CMake module files
[5.778s] Level 1:colcon.colcon_core.environment:checking '/home/yupi/rover_proj/ros2-base-ws/install/package_base_command' for CMake config files
[5.779s] Level 1:colcon.colcon_core.shell:create_environment_hook('package_base_command', 'cmake_prefix_path')
[5.780s] INFO:colcon.colcon_core.shell:Creating environment hook '/home/yupi/rover_proj/ros2-base-ws/install/package_base_command/share/package_base_command/hook/cmake_prefix_path.ps1'
[5.780s] INFO:colcon.colcon_core.shell:Creating environment descriptor '/home/yupi/rover_proj/ros2-base-ws/install/package_base_command/share/package_base_command/hook/cmake_prefix_path.dsv'
[5.781s] INFO:colcon.colcon_core.shell:Creating environment hook '/home/yupi/rover_proj/ros2-base-ws/install/package_base_command/share/package_base_command/hook/cmake_prefix_path.sh'
[5.781s] Level 1:colcon.colcon_core.environment:checking '/home/yupi/rover_proj/ros2-base-ws/install/package_base_command/lib'
[5.781s] Level 1:colcon.colcon_core.shell:create_environment_hook('package_base_command', 'ld_library_path_lib')
[5.781s] INFO:colcon.colcon_core.shell:Creating environment hook '/home/yupi/rover_proj/ros2-base-ws/install/package_base_command/share/package_base_command/hook/ld_library_path_lib.ps1'
[5.782s] INFO:colcon.colcon_core.shell:Creating environment descriptor '/home/yupi/rover_proj/ros2-base-ws/install/package_base_command/share/package_base_command/hook/ld_library_path_lib.dsv'
[5.782s] INFO:colcon.colcon_core.shell:Creating environment hook '/home/yupi/rover_proj/ros2-base-ws/install/package_base_command/share/package_base_command/hook/ld_library_path_lib.sh'
[5.782s] Level 1:colcon.colcon_core.environment:checking '/home/yupi/rover_proj/ros2-base-ws/install/package_base_command/bin'
[5.782s] Level 1:colcon.colcon_core.environment:checking '/home/yupi/rover_proj/ros2-base-ws/install/package_base_command/lib/pkgconfig/package_base_command.pc'
[5.783s] Level 1:colcon.colcon_core.environment:checking '/home/yupi/rover_proj/ros2-base-ws/install/package_base_command/lib/python3.10/site-packages'
[5.783s] Level 1:colcon.colcon_core.environment:checking '/home/yupi/rover_proj/ros2-base-ws/install/package_base_command/bin'
[5.783s] INFO:colcon.colcon_core.shell:Creating package script '/home/yupi/rover_proj/ros2-base-ws/install/package_base_command/share/package_base_command/package.ps1'
[5.784s] INFO:colcon.colcon_core.shell:Creating package descriptor '/home/yupi/rover_proj/ros2-base-ws/install/package_base_command/share/package_base_command/package.dsv'
[5.784s] INFO:colcon.colcon_core.shell:Creating package script '/home/yupi/rover_proj/ros2-base-ws/install/package_base_command/share/package_base_command/package.sh'
[5.785s] INFO:colcon.colcon_core.shell:Creating package script '/home/yupi/rover_proj/ros2-base-ws/install/package_base_command/share/package_base_command/package.bash'
[5.785s] INFO:colcon.colcon_core.shell:Creating package script '/home/yupi/rover_proj/ros2-base-ws/install/package_base_command/share/package_base_command/package.zsh'
[5.785s] Level 1:colcon.colcon_core.environment:create_file_with_runtime_dependencies(/home/yupi/rover_proj/ros2-base-ws/install/package_base_command/share/colcon-core/packages/package_base_command)
[5.796s] DEBUG:colcon.colcon_parallel_executor.executor.parallel:closing loop
[5.796s] DEBUG:colcon.colcon_parallel_executor.executor.parallel:loop closed
[5.796s] DEBUG:colcon.colcon_parallel_executor.executor.parallel:run_until_complete finished with '2'
[5.796s] DEBUG:colcon.colcon_core.event_reactor:joining thread
[5.803s] INFO:colcon.colcon_core.plugin_system:Skipping extension 'colcon_notification.desktop_notification.terminal_notifier': Not used on non-Darwin systems
[5.804s] INFO:colcon.colcon_core.plugin_system:Skipping extension 'colcon_notification.desktop_notification.win32': Not used on non-Windows systems
[5.804s] INFO:colcon.colcon_notification.desktop_notification:Sending desktop notification using 'notify2'
[5.829s] DEBUG:colcon.colcon_core.event_reactor:joined thread
[5.829s] INFO:colcon.colcon_core.shell:Creating prefix script '/home/yupi/rover_proj/ros2-base-ws/install/local_setup.ps1'
[5.830s] INFO:colcon.colcon_core.shell:Creating prefix util module '/home/yupi/rover_proj/ros2-base-ws/install/_local_setup_util_ps1.py'
[5.832s] INFO:colcon.colcon_core.shell:Creating prefix chain script '/home/yupi/rover_proj/ros2-base-ws/install/setup.ps1'
[5.834s] INFO:colcon.colcon_core.shell:Creating prefix script '/home/yupi/rover_proj/ros2-base-ws/install/local_setup.sh'
[5.835s] INFO:colcon.colcon_core.shell:Creating prefix util module '/home/yupi/rover_proj/ros2-base-ws/install/_local_setup_util_sh.py'
[5.836s] INFO:colcon.colcon_core.shell:Creating prefix chain script '/home/yupi/rover_proj/ros2-base-ws/install/setup.sh'
[5.837s] INFO:colcon.colcon_core.shell:Creating prefix script '/home/yupi/rover_proj/ros2-base-ws/install/local_setup.bash'
[5.838s] INFO:colcon.colcon_core.shell:Creating prefix chain script '/home/yupi/rover_proj/ros2-base-ws/install/setup.bash'
[5.840s] INFO:colcon.colcon_core.shell:Creating prefix script '/home/yupi/rover_proj/ros2-base-ws/install/local_setup.zsh'
[5.841s] INFO:colcon.colcon_core.shell:Creating prefix chain script '/home/yupi/rover_proj/ros2-base-ws/install/setup.zsh'
