[0.456s] DEBUG:colcon:Command line arguments: ['/usr/bin/colcon', 'build']
[0.456s] DEBUG:colcon:Parsed command line arguments: Namespace(log_base=None, log_level=None, verb_name='build', build_base='build', install_base='install', merge_install=False, symlink_install=False, test_result_base=None, continue_on_error=False, executor='parallel', parallel_workers=4, event_handlers=None, ignore_user_meta=False, metas=['./colcon.meta'], base_paths=['.'], packages_ignore=None, packages_ignore_regex=None, paths=None, packages_up_to=None, packages_up_to_regex=None, packages_above=None, packages_above_and_dependencies=None, packages_above_depth=None, packages_select_by_dep=None, packages_skip_by_dep=None, packages_skip_up_to=None, packages_select_build_failed=False, packages_skip_build_finished=False, packages_select_test_failures=False, packages_skip_test_passed=False, packages_select=None, packages_skip=None, packages_select_regex=None, packages_skip_regex=None, packages_start=None, packages_end=None, allow_overriding=[], cmake_args=None, cmake_target=None, cmake_target_skip_unavailable=False, cmake_clean_cache=False, cmake_clean_first=False, cmake_force_configure=False, ament_cmake_args=None, catkin_cmake_args=None, catkin_skip_building_tests=False, mixin_files=None, mixin=None, verb_parser=<colcon_mixin.mixin.mixin_argument.MixinArgumentDecorator object at 0xffff85501720>, verb_extension=<colcon_core.verb.build.BuildVerb object at 0xffff856ae620>, main=<bound method BuildVerb.main of <colcon_core.verb.build.BuildVerb object at 0xffff856ae620>>, mixin_verb=('build',))
[1.271s] Level 1:colcon.colcon_core.package_discovery:discover_packages(colcon_meta) check parameters
[1.271s] Level 1:colcon.colcon_core.package_discovery:discover_packages(recursive) check parameters
[1.271s] Level 1:colcon.colcon_core.package_discovery:discover_packages(ignore) check parameters
[1.271s] Level 1:colcon.colcon_core.package_discovery:discover_packages(path) check parameters
[1.271s] Level 1:colcon.colcon_core.package_discovery:discover_packages(colcon_meta) discover
[1.272s] Level 1:colcon.colcon_core.package_discovery:discover_packages(recursive) discover
[1.272s] INFO:colcon.colcon_core.package_discovery:Crawling recursively for packages in '/home/curry/wilson_proj/ros2-rover-ws'
[1.272s] Level 1:colcon.colcon_core.package_identification:_identify(.) by extensions ['ignore', 'ignore_ament_install']
[1.272s] Level 1:colcon.colcon_core.package_identification:_identify(.) by extension 'ignore'
[1.273s] Level 1:colcon.colcon_core.package_identification:_identify(.) by extension 'ignore_ament_install'
[1.273s] Level 1:colcon.colcon_core.package_identification:_identify(.) by extensions ['colcon_pkg']
[1.273s] Level 1:colcon.colcon_core.package_identification:_identify(.) by extension 'colcon_pkg'
[1.273s] Level 1:colcon.colcon_core.package_identification:_identify(.) by extensions ['colcon_meta']
[1.273s] Level 1:colcon.colcon_core.package_identification:_identify(.) by extension 'colcon_meta'
[1.274s] Level 1:colcon.colcon_core.package_identification:_identify(.) by extensions ['ros']
[1.274s] Level 1:colcon.colcon_core.package_identification:_identify(.) by extension 'ros'
[1.317s] Level 1:colcon.colcon_core.package_identification:_identify(.) by extensions ['cmake', 'python']
[1.317s] Level 1:colcon.colcon_core.package_identification:_identify(.) by extension 'cmake'
[1.317s] Level 1:colcon.colcon_core.package_identification:_identify(.) by extension 'python'
[1.317s] Level 1:colcon.colcon_core.package_identification:_identify(.) by extensions ['python_setup_py']
[1.317s] Level 1:colcon.colcon_core.package_identification:_identify(.) by extension 'python_setup_py'
[1.318s] Level 1:colcon.colcon_core.package_identification:_identify(build) by extensions ['ignore', 'ignore_ament_install']
[1.318s] Level 1:colcon.colcon_core.package_identification:_identify(build) by extension 'ignore'
[1.319s] Level 1:colcon.colcon_core.package_identification:_identify(build) ignored
[1.319s] Level 1:colcon.colcon_core.package_identification:_identify(install) by extensions ['ignore', 'ignore_ament_install']
[1.320s] Level 1:colcon.colcon_core.package_identification:_identify(install) by extension 'ignore'
[1.320s] Level 1:colcon.colcon_core.package_identification:_identify(install) ignored
[1.322s] Level 1:colcon.colcon_core.package_identification:_identify(log) by extensions ['ignore', 'ignore_ament_install']
[1.322s] Level 1:colcon.colcon_core.package_identification:_identify(log) by extension 'ignore'
[1.323s] Level 1:colcon.colcon_core.package_identification:_identify(log) ignored
[1.323s] Level 1:colcon.colcon_core.package_identification:_identify(src) by extensions ['ignore', 'ignore_ament_install']
[1.323s] Level 1:colcon.colcon_core.package_identification:_identify(src) by extension 'ignore'
[1.323s] Level 1:colcon.colcon_core.package_identification:_identify(src) by extension 'ignore_ament_install'
[1.324s] Level 1:colcon.colcon_core.package_identification:_identify(src) by extensions ['colcon_pkg']
[1.324s] Level 1:colcon.colcon_core.package_identification:_identify(src) by extension 'colcon_pkg'
[1.324s] Level 1:colcon.colcon_core.package_identification:_identify(src) by extensions ['colcon_meta']
[1.324s] Level 1:colcon.colcon_core.package_identification:_identify(src) by extension 'colcon_meta'
[1.324s] Level 1:colcon.colcon_core.package_identification:_identify(src) by extensions ['ros']
[1.324s] Level 1:colcon.colcon_core.package_identification:_identify(src) by extension 'ros'
[1.325s] Level 1:colcon.colcon_core.package_identification:_identify(src) by extensions ['cmake', 'python']
[1.325s] Level 1:colcon.colcon_core.package_identification:_identify(src) by extension 'cmake'
[1.325s] Level 1:colcon.colcon_core.package_identification:_identify(src) by extension 'python'
[1.325s] Level 1:colcon.colcon_core.package_identification:_identify(src) by extensions ['python_setup_py']
[1.325s] Level 1:colcon.colcon_core.package_identification:_identify(src) by extension 'python_setup_py'
[1.326s] Level 1:colcon.colcon_core.package_identification:_identify(src/action_interfaces) by extensions ['ignore', 'ignore_ament_install']
[1.326s] Level 1:colcon.colcon_core.package_identification:_identify(src/action_interfaces) by extension 'ignore'
[1.326s] Level 1:colcon.colcon_core.package_identification:_identify(src/action_interfaces) by extension 'ignore_ament_install'
[1.326s] Level 1:colcon.colcon_core.package_identification:_identify(src/action_interfaces) by extensions ['colcon_pkg']
[1.326s] Level 1:colcon.colcon_core.package_identification:_identify(src/action_interfaces) by extension 'colcon_pkg'
[1.327s] Level 1:colcon.colcon_core.package_identification:_identify(src/action_interfaces) by extensions ['colcon_meta']
[1.327s] Level 1:colcon.colcon_core.package_identification:_identify(src/action_interfaces) by extension 'colcon_meta'
[1.327s] Level 1:colcon.colcon_core.package_identification:_identify(src/action_interfaces) by extensions ['ros']
[1.327s] Level 1:colcon.colcon_core.package_identification:_identify(src/action_interfaces) by extension 'ros'
[1.335s] DEBUG:colcon.colcon_core.package_identification:Package 'src/action_interfaces' with type 'ros.ament_cmake' and name 'action_interfaces'
[1.336s] Level 1:colcon.colcon_core.package_identification:_identify(src/package_image_process) by extensions ['ignore', 'ignore_ament_install']
[1.336s] Level 1:colcon.colcon_core.package_identification:_identify(src/package_image_process) by extension 'ignore'
[1.337s] Level 1:colcon.colcon_core.package_identification:_identify(src/package_image_process) by extension 'ignore_ament_install'
[1.337s] Level 1:colcon.colcon_core.package_identification:_identify(src/package_image_process) by extensions ['colcon_pkg']
[1.337s] Level 1:colcon.colcon_core.package_identification:_identify(src/package_image_process) by extension 'colcon_pkg'
[1.337s] Level 1:colcon.colcon_core.package_identification:_identify(src/package_image_process) by extensions ['colcon_meta']
[1.337s] Level 1:colcon.colcon_core.package_identification:_identify(src/package_image_process) by extension 'colcon_meta'
[1.338s] Level 1:colcon.colcon_core.package_identification:_identify(src/package_image_process) by extensions ['ros']
[1.338s] Level 1:colcon.colcon_core.package_identification:_identify(src/package_image_process) by extension 'ros'
[1.341s] DEBUG:colcon.colcon_core.package_identification:Package 'src/package_image_process' with type 'ros.ament_python' and name 'package_image_process'
[1.341s] Level 1:colcon.colcon_core.package_identification:_identify(src/package_navigate_route) by extensions ['ignore', 'ignore_ament_install']
[1.342s] Level 1:colcon.colcon_core.package_identification:_identify(src/package_navigate_route) by extension 'ignore'
[1.342s] Level 1:colcon.colcon_core.package_identification:_identify(src/package_navigate_route) by extension 'ignore_ament_install'
[1.342s] Level 1:colcon.colcon_core.package_identification:_identify(src/package_navigate_route) by extensions ['colcon_pkg']
[1.342s] Level 1:colcon.colcon_core.package_identification:_identify(src/package_navigate_route) by extension 'colcon_pkg'
[1.342s] Level 1:colcon.colcon_core.package_identification:_identify(src/package_navigate_route) by extensions ['colcon_meta']
[1.343s] Level 1:colcon.colcon_core.package_identification:_identify(src/package_navigate_route) by extension 'colcon_meta'
[1.343s] Level 1:colcon.colcon_core.package_identification:_identify(src/package_navigate_route) by extensions ['ros']
[1.343s] Level 1:colcon.colcon_core.package_identification:_identify(src/package_navigate_route) by extension 'ros'
[1.345s] DEBUG:colcon.colcon_core.package_identification:Package 'src/package_navigate_route' with type 'ros.ament_cmake' and name 'package_navigate_route'
[1.345s] Level 1:colcon.colcon_core.package_identification:_identify(src/package_position_process) by extensions ['ignore', 'ignore_ament_install']
[1.346s] Level 1:colcon.colcon_core.package_identification:_identify(src/package_position_process) by extension 'ignore'
[1.346s] Level 1:colcon.colcon_core.package_identification:_identify(src/package_position_process) by extension 'ignore_ament_install'
[1.346s] Level 1:colcon.colcon_core.package_identification:_identify(src/package_position_process) by extensions ['colcon_pkg']
[1.346s] Level 1:colcon.colcon_core.package_identification:_identify(src/package_position_process) by extension 'colcon_pkg'
[1.347s] Level 1:colcon.colcon_core.package_identification:_identify(src/package_position_process) by extensions ['colcon_meta']
[1.347s] Level 1:colcon.colcon_core.package_identification:_identify(src/package_position_process) by extension 'colcon_meta'
[1.347s] Level 1:colcon.colcon_core.package_identification:_identify(src/package_position_process) by extensions ['ros']
[1.347s] Level 1:colcon.colcon_core.package_identification:_identify(src/package_position_process) by extension 'ros'
[1.349s] DEBUG:colcon.colcon_core.package_identification:Package 'src/package_position_process' with type 'ros.ament_cmake' and name 'package_position_process'
[1.349s] Level 1:colcon.colcon_core.package_identification:_identify(src/package_rover_control) by extensions ['ignore', 'ignore_ament_install']
[1.350s] Level 1:colcon.colcon_core.package_identification:_identify(src/package_rover_control) by extension 'ignore'
[1.350s] Level 1:colcon.colcon_core.package_identification:_identify(src/package_rover_control) by extension 'ignore_ament_install'
[1.350s] Level 1:colcon.colcon_core.package_identification:_identify(src/package_rover_control) by extensions ['colcon_pkg']
[1.350s] Level 1:colcon.colcon_core.package_identification:_identify(src/package_rover_control) by extension 'colcon_pkg'
[1.350s] Level 1:colcon.colcon_core.package_identification:_identify(src/package_rover_control) by extensions ['colcon_meta']
[1.351s] Level 1:colcon.colcon_core.package_identification:_identify(src/package_rover_control) by extension 'colcon_meta'
[1.351s] Level 1:colcon.colcon_core.package_identification:_identify(src/package_rover_control) by extensions ['ros']
[1.351s] Level 1:colcon.colcon_core.package_identification:_identify(src/package_rover_control) by extension 'ros'
[1.354s] DEBUG:colcon.colcon_core.package_identification:Package 'src/package_rover_control' with type 'ros.ament_cmake' and name 'package_rover_control'
[1.354s] Level 1:colcon.colcon_core.package_identification:_identify(src/package_test) by extensions ['ignore', 'ignore_ament_install']
[1.355s] Level 1:colcon.colcon_core.package_identification:_identify(src/package_test) by extension 'ignore'
[1.355s] Level 1:colcon.colcon_core.package_identification:_identify(src/package_test) by extension 'ignore_ament_install'
[1.355s] Level 1:colcon.colcon_core.package_identification:_identify(src/package_test) by extensions ['colcon_pkg']
[1.355s] Level 1:colcon.colcon_core.package_identification:_identify(src/package_test) by extension 'colcon_pkg'
[1.355s] Level 1:colcon.colcon_core.package_identification:_identify(src/package_test) by extensions ['colcon_meta']
[1.356s] Level 1:colcon.colcon_core.package_identification:_identify(src/package_test) by extension 'colcon_meta'
[1.356s] Level 1:colcon.colcon_core.package_identification:_identify(src/package_test) by extensions ['ros']
[1.356s] Level 1:colcon.colcon_core.package_identification:_identify(src/package_test) by extension 'ros'
[1.359s] DEBUG:colcon.colcon_core.package_identification:Package 'src/package_test' with type 'ros.ament_cmake' and name 'package_test'
[1.359s] Level 1:colcon.colcon_core.package_discovery:discover_packages(recursive) using defaults
[1.359s] Level 1:colcon.colcon_core.package_discovery:discover_packages(ignore) discover
[1.359s] Level 1:colcon.colcon_core.package_discovery:discover_packages(ignore) using defaults
[1.359s] Level 1:colcon.colcon_core.package_discovery:discover_packages(path) discover
[1.359s] Level 1:colcon.colcon_core.package_discovery:discover_packages(path) using defaults
[1.477s] Level 1:colcon.colcon_core.package_discovery:discover_packages(prefix_path) check parameters
[1.478s] Level 1:colcon.colcon_core.package_discovery:discover_packages(prefix_path) discover
[1.488s] DEBUG:colcon.colcon_installed_package_information.package_discovery:Found 6 installed packages in /home/curry/wilson_proj/ros2-rover-ws/install
[1.496s] DEBUG:colcon.colcon_installed_package_information.package_discovery:Found 270 installed packages in /opt/ros/humble
[1.502s] Level 1:colcon.colcon_core.package_discovery:discover_packages(prefix_path) using defaults
[1.664s] Level 5:colcon.colcon_core.verb:set package 'action_interfaces' build argument 'cmake_args' from command line to 'None'
[1.664s] Level 5:colcon.colcon_core.verb:set package 'action_interfaces' build argument 'cmake_target' from command line to 'None'
[1.664s] Level 5:colcon.colcon_core.verb:set package 'action_interfaces' build argument 'cmake_target_skip_unavailable' from command line to 'False'
[1.664s] Level 5:colcon.colcon_core.verb:set package 'action_interfaces' build argument 'cmake_clean_cache' from command line to 'False'
[1.664s] Level 5:colcon.colcon_core.verb:set package 'action_interfaces' build argument 'cmake_clean_first' from command line to 'False'
[1.664s] Level 5:colcon.colcon_core.verb:set package 'action_interfaces' build argument 'cmake_force_configure' from command line to 'False'
[1.664s] Level 5:colcon.colcon_core.verb:set package 'action_interfaces' build argument 'ament_cmake_args' from command line to 'None'
[1.664s] Level 5:colcon.colcon_core.verb:set package 'action_interfaces' build argument 'catkin_cmake_args' from command line to 'None'
[1.665s] Level 5:colcon.colcon_core.verb:set package 'action_interfaces' build argument 'catkin_skip_building_tests' from command line to 'False'
[1.665s] DEBUG:colcon.colcon_core.verb:Building package 'action_interfaces' with the following arguments: {'ament_cmake_args': None, 'build_base': '/home/curry/wilson_proj/ros2-rover-ws/build/action_interfaces', 'catkin_cmake_args': None, 'catkin_skip_building_tests': False, 'cmake_args': None, 'cmake_clean_cache': False, 'cmake_clean_first': False, 'cmake_force_configure': False, 'cmake_target': None, 'cmake_target_skip_unavailable': False, 'install_base': '/home/curry/wilson_proj/ros2-rover-ws/install/action_interfaces', 'merge_install': False, 'path': '/home/curry/wilson_proj/ros2-rover-ws/src/action_interfaces', 'symlink_install': False, 'test_result_base': None}
[1.666s] Level 5:colcon.colcon_core.verb:set package 'package_image_process' build argument 'cmake_args' from command line to 'None'
[1.666s] Level 5:colcon.colcon_core.verb:set package 'package_image_process' build argument 'cmake_target' from command line to 'None'
[1.667s] Level 5:colcon.colcon_core.verb:set package 'package_image_process' build argument 'cmake_target_skip_unavailable' from command line to 'False'
[1.667s] Level 5:colcon.colcon_core.verb:set package 'package_image_process' build argument 'cmake_clean_cache' from command line to 'False'
[1.667s] Level 5:colcon.colcon_core.verb:set package 'package_image_process' build argument 'cmake_clean_first' from command line to 'False'
[1.667s] Level 5:colcon.colcon_core.verb:set package 'package_image_process' build argument 'cmake_force_configure' from command line to 'False'
[1.667s] Level 5:colcon.colcon_core.verb:set package 'package_image_process' build argument 'ament_cmake_args' from command line to 'None'
[1.667s] Level 5:colcon.colcon_core.verb:set package 'package_image_process' build argument 'catkin_cmake_args' from command line to 'None'
[1.667s] Level 5:colcon.colcon_core.verb:set package 'package_image_process' build argument 'catkin_skip_building_tests' from command line to 'False'
[1.667s] DEBUG:colcon.colcon_core.verb:Building package 'package_image_process' with the following arguments: {'ament_cmake_args': None, 'build_base': '/home/curry/wilson_proj/ros2-rover-ws/build/package_image_process', 'catkin_cmake_args': None, 'catkin_skip_building_tests': False, 'cmake_args': None, 'cmake_clean_cache': False, 'cmake_clean_first': False, 'cmake_force_configure': False, 'cmake_target': None, 'cmake_target_skip_unavailable': False, 'install_base': '/home/curry/wilson_proj/ros2-rover-ws/install/package_image_process', 'merge_install': False, 'path': '/home/curry/wilson_proj/ros2-rover-ws/src/package_image_process', 'symlink_install': False, 'test_result_base': None}
[1.669s] Level 5:colcon.colcon_core.verb:set package 'package_navigate_route' build argument 'cmake_args' from command line to 'None'
[1.669s] Level 5:colcon.colcon_core.verb:set package 'package_navigate_route' build argument 'cmake_target' from command line to 'None'
[1.669s] Level 5:colcon.colcon_core.verb:set package 'package_navigate_route' build argument 'cmake_target_skip_unavailable' from command line to 'False'
[1.669s] Level 5:colcon.colcon_core.verb:set package 'package_navigate_route' build argument 'cmake_clean_cache' from command line to 'False'
[1.669s] Level 5:colcon.colcon_core.verb:set package 'package_navigate_route' build argument 'cmake_clean_first' from command line to 'False'
[1.669s] Level 5:colcon.colcon_core.verb:set package 'package_navigate_route' build argument 'cmake_force_configure' from command line to 'False'
[1.669s] Level 5:colcon.colcon_core.verb:set package 'package_navigate_route' build argument 'ament_cmake_args' from command line to 'None'
[1.669s] Level 5:colcon.colcon_core.verb:set package 'package_navigate_route' build argument 'catkin_cmake_args' from command line to 'None'
[1.669s] Level 5:colcon.colcon_core.verb:set package 'package_navigate_route' build argument 'catkin_skip_building_tests' from command line to 'False'
[1.670s] DEBUG:colcon.colcon_core.verb:Building package 'package_navigate_route' with the following arguments: {'ament_cmake_args': None, 'build_base': '/home/curry/wilson_proj/ros2-rover-ws/build/package_navigate_route', 'catkin_cmake_args': None, 'catkin_skip_building_tests': False, 'cmake_args': None, 'cmake_clean_cache': False, 'cmake_clean_first': False, 'cmake_force_configure': False, 'cmake_target': None, 'cmake_target_skip_unavailable': False, 'install_base': '/home/curry/wilson_proj/ros2-rover-ws/install/package_navigate_route', 'merge_install': False, 'path': '/home/curry/wilson_proj/ros2-rover-ws/src/package_navigate_route', 'symlink_install': False, 'test_result_base': None}
[1.671s] Level 5:colcon.colcon_core.verb:set package 'package_position_process' build argument 'cmake_args' from command line to 'None'
[1.671s] Level 5:colcon.colcon_core.verb:set package 'package_position_process' build argument 'cmake_target' from command line to 'None'
[1.671s] Level 5:colcon.colcon_core.verb:set package 'package_position_process' build argument 'cmake_target_skip_unavailable' from command line to 'False'
[1.671s] Level 5:colcon.colcon_core.verb:set package 'package_position_process' build argument 'cmake_clean_cache' from command line to 'False'
[1.672s] Level 5:colcon.colcon_core.verb:set package 'package_position_process' build argument 'cmake_clean_first' from command line to 'False'
[1.672s] Level 5:colcon.colcon_core.verb:set package 'package_position_process' build argument 'cmake_force_configure' from command line to 'False'
[1.672s] Level 5:colcon.colcon_core.verb:set package 'package_position_process' build argument 'ament_cmake_args' from command line to 'None'
[1.672s] Level 5:colcon.colcon_core.verb:set package 'package_position_process' build argument 'catkin_cmake_args' from command line to 'None'
[1.672s] Level 5:colcon.colcon_core.verb:set package 'package_position_process' build argument 'catkin_skip_building_tests' from command line to 'False'
[1.672s] DEBUG:colcon.colcon_core.verb:Building package 'package_position_process' with the following arguments: {'ament_cmake_args': None, 'build_base': '/home/curry/wilson_proj/ros2-rover-ws/build/package_position_process', 'catkin_cmake_args': None, 'catkin_skip_building_tests': False, 'cmake_args': None, 'cmake_clean_cache': False, 'cmake_clean_first': False, 'cmake_force_configure': False, 'cmake_target': None, 'cmake_target_skip_unavailable': False, 'install_base': '/home/curry/wilson_proj/ros2-rover-ws/install/package_position_process', 'merge_install': False, 'path': '/home/curry/wilson_proj/ros2-rover-ws/src/package_position_process', 'symlink_install': False, 'test_result_base': None}
[1.673s] Level 5:colcon.colcon_core.verb:set package 'package_rover_control' build argument 'cmake_args' from command line to 'None'
[1.674s] Level 5:colcon.colcon_core.verb:set package 'package_rover_control' build argument 'cmake_target' from command line to 'None'
[1.674s] Level 5:colcon.colcon_core.verb:set package 'package_rover_control' build argument 'cmake_target_skip_unavailable' from command line to 'False'
[1.674s] Level 5:colcon.colcon_core.verb:set package 'package_rover_control' build argument 'cmake_clean_cache' from command line to 'False'
[1.674s] Level 5:colcon.colcon_core.verb:set package 'package_rover_control' build argument 'cmake_clean_first' from command line to 'False'
[1.674s] Level 5:colcon.colcon_core.verb:set package 'package_rover_control' build argument 'cmake_force_configure' from command line to 'False'
[1.674s] Level 5:colcon.colcon_core.verb:set package 'package_rover_control' build argument 'ament_cmake_args' from command line to 'None'
[1.674s] Level 5:colcon.colcon_core.verb:set package 'package_rover_control' build argument 'catkin_cmake_args' from command line to 'None'
[1.674s] Level 5:colcon.colcon_core.verb:set package 'package_rover_control' build argument 'catkin_skip_building_tests' from command line to 'False'
[1.674s] DEBUG:colcon.colcon_core.verb:Building package 'package_rover_control' with the following arguments: {'ament_cmake_args': None, 'build_base': '/home/curry/wilson_proj/ros2-rover-ws/build/package_rover_control', 'catkin_cmake_args': None, 'catkin_skip_building_tests': False, 'cmake_args': None, 'cmake_clean_cache': False, 'cmake_clean_first': False, 'cmake_force_configure': False, 'cmake_target': None, 'cmake_target_skip_unavailable': False, 'install_base': '/home/curry/wilson_proj/ros2-rover-ws/install/package_rover_control', 'merge_install': False, 'path': '/home/curry/wilson_proj/ros2-rover-ws/src/package_rover_control', 'symlink_install': False, 'test_result_base': None}
[1.676s] Level 5:colcon.colcon_core.verb:set package 'package_test' build argument 'cmake_args' from command line to 'None'
[1.676s] Level 5:colcon.colcon_core.verb:set package 'package_test' build argument 'cmake_target' from command line to 'None'
[1.676s] Level 5:colcon.colcon_core.verb:set package 'package_test' build argument 'cmake_target_skip_unavailable' from command line to 'False'
[1.676s] Level 5:colcon.colcon_core.verb:set package 'package_test' build argument 'cmake_clean_cache' from command line to 'False'
[1.676s] Level 5:colcon.colcon_core.verb:set package 'package_test' build argument 'cmake_clean_first' from command line to 'False'
[1.676s] Level 5:colcon.colcon_core.verb:set package 'package_test' build argument 'cmake_force_configure' from command line to 'False'
[1.677s] Level 5:colcon.colcon_core.verb:set package 'package_test' build argument 'ament_cmake_args' from command line to 'None'
[1.677s] Level 5:colcon.colcon_core.verb:set package 'package_test' build argument 'catkin_cmake_args' from command line to 'None'
[1.677s] Level 5:colcon.colcon_core.verb:set package 'package_test' build argument 'catkin_skip_building_tests' from command line to 'False'
[1.677s] DEBUG:colcon.colcon_core.verb:Building package 'package_test' with the following arguments: {'ament_cmake_args': None, 'build_base': '/home/curry/wilson_proj/ros2-rover-ws/build/package_test', 'catkin_cmake_args': None, 'catkin_skip_building_tests': False, 'cmake_args': None, 'cmake_clean_cache': False, 'cmake_clean_first': False, 'cmake_force_configure': False, 'cmake_target': None, 'cmake_target_skip_unavailable': False, 'install_base': '/home/curry/wilson_proj/ros2-rover-ws/install/package_test', 'merge_install': False, 'path': '/home/curry/wilson_proj/ros2-rover-ws/src/package_test', 'symlink_install': False, 'test_result_base': None}
[1.677s] INFO:colcon.colcon_core.executor:Executing jobs using 'parallel' executor
[1.681s] DEBUG:colcon.colcon_parallel_executor.executor.parallel:run_until_complete
[1.682s] INFO:colcon.colcon_ros.task.ament_cmake.build:Building ROS package in '/home/curry/wilson_proj/ros2-rover-ws/src/action_interfaces' with build type 'ament_cmake'
[1.682s] INFO:colcon.colcon_cmake.task.cmake.build:Building CMake package in '/home/curry/wilson_proj/ros2-rover-ws/src/action_interfaces'
[1.691s] INFO:colcon.colcon_core.plugin_system:Skipping extension 'colcon_core.shell.bat': Not used on non-Windows systems
[1.692s] INFO:colcon.colcon_core.shell:Skip shell extension 'powershell' for command environment: Not usable outside of PowerShell
[1.692s] DEBUG:colcon.colcon_core.shell:Skip shell extension 'dsv' for command environment
[1.713s] INFO:colcon.colcon_ros.task.ament_python.build:Building ROS package in '/home/curry/wilson_proj/ros2-rover-ws/src/package_image_process' with build type 'ament_python'
[1.713s] Level 1:colcon.colcon_core.shell:create_environment_hook('package_image_process', 'ament_prefix_path')
[1.715s] INFO:colcon.colcon_core.shell:Creating environment hook '/home/curry/wilson_proj/ros2-rover-ws/install/package_image_process/share/package_image_process/hook/ament_prefix_path.ps1'
[1.718s] INFO:colcon.colcon_core.shell:Creating environment descriptor '/home/curry/wilson_proj/ros2-rover-ws/install/package_image_process/share/package_image_process/hook/ament_prefix_path.dsv'
[1.720s] INFO:colcon.colcon_core.shell:Creating environment hook '/home/curry/wilson_proj/ros2-rover-ws/install/package_image_process/share/package_image_process/hook/ament_prefix_path.sh'
[1.724s] INFO:colcon.colcon_core.shell:Skip shell extension 'powershell' for command environment: Not usable outside of PowerShell
[1.725s] DEBUG:colcon.colcon_core.shell:Skip shell extension 'dsv' for command environment
[1.743s] INFO:colcon.colcon_ros.task.ament_cmake.build:Building ROS package in '/home/curry/wilson_proj/ros2-rover-ws/src/package_navigate_route' with build type 'ament_cmake'
[1.744s] INFO:colcon.colcon_cmake.task.cmake.build:Building CMake package in '/home/curry/wilson_proj/ros2-rover-ws/src/package_navigate_route'
[1.745s] INFO:colcon.colcon_core.shell:Skip shell extension 'powershell' for command environment: Not usable outside of PowerShell
[1.746s] DEBUG:colcon.colcon_core.shell:Skip shell extension 'dsv' for command environment
[1.766s] INFO:colcon.colcon_ros.task.ament_cmake.build:Building ROS package in '/home/curry/wilson_proj/ros2-rover-ws/src/package_position_process' with build type 'ament_cmake'
[1.767s] INFO:colcon.colcon_cmake.task.cmake.build:Building CMake package in '/home/curry/wilson_proj/ros2-rover-ws/src/package_position_process'
[1.768s] INFO:colcon.colcon_core.shell:Skip shell extension 'powershell' for command environment: Not usable outside of PowerShell
[1.768s] DEBUG:colcon.colcon_core.shell:Skip shell extension 'dsv' for command environment
[1.807s] DEBUG:colcon.colcon_core.event_handler.log_command:Invoking command in '/home/curry/wilson_proj/ros2-rover-ws/build/action_interfaces': CMAKE_PREFIX_PATH=${CMAKE_PREFIX_PATH}:/opt/ros/humble /usr/bin/cmake --build /home/curry/wilson_proj/ros2-rover-ws/build/action_interfaces -- -j4 -l4
[3.398s] INFO:colcon.colcon_core.task.python.build:Building Python package in '/home/curry/wilson_proj/ros2-rover-ws/src/package_image_process'
[3.399s] INFO:colcon.colcon_core.shell:Skip shell extension 'powershell' for command environment: Not usable outside of PowerShell
[3.399s] DEBUG:colcon.colcon_core.shell:Skip shell extension 'dsv' for command environment
[3.434s] DEBUG:colcon.colcon_core.event_handler.log_command:Invoking command in '/home/curry/wilson_proj/ros2-rover-ws/build/package_navigate_route': CMAKE_PREFIX_PATH=${CMAKE_PREFIX_PATH}:/opt/ros/humble /usr/bin/cmake --build /home/curry/wilson_proj/ros2-rover-ws/build/package_navigate_route -- -j4 -l4
[3.463s] DEBUG:colcon.colcon_core.event_handler.log_command:Invoking command in '/home/curry/wilson_proj/ros2-rover-ws/build/package_position_process': CMAKE_PREFIX_PATH=${CMAKE_PREFIX_PATH}:/opt/ros/humble /usr/bin/cmake --build /home/curry/wilson_proj/ros2-rover-ws/build/package_position_process -- -j4 -l4
[3.755s] DEBUG:colcon.colcon_core.event_handler.log_command:Invoked command in '/home/curry/wilson_proj/ros2-rover-ws/build/package_navigate_route' returned '0': CMAKE_PREFIX_PATH=${CMAKE_PREFIX_PATH}:/opt/ros/humble /usr/bin/cmake --build /home/curry/wilson_proj/ros2-rover-ws/build/package_navigate_route -- -j4 -l4
[3.793s] DEBUG:colcon.colcon_core.event_handler.log_command:Invoked command in '/home/curry/wilson_proj/ros2-rover-ws/build/package_position_process' returned '0': CMAKE_PREFIX_PATH=${CMAKE_PREFIX_PATH}:/opt/ros/humble /usr/bin/cmake --build /home/curry/wilson_proj/ros2-rover-ws/build/package_position_process -- -j4 -l4
[4.004s] DEBUG:colcon.colcon_core.event_handler.log_command:Invoking command in '/home/curry/wilson_proj/ros2-rover-ws/build/package_navigate_route': CMAKE_PREFIX_PATH=${CMAKE_PREFIX_PATH}:/opt/ros/humble /usr/bin/cmake --install /home/curry/wilson_proj/ros2-rover-ws/build/package_navigate_route
[4.040s] DEBUG:colcon.colcon_core.event_handler.log_command:Invoking command in '/home/curry/wilson_proj/ros2-rover-ws/build/package_position_process': CMAKE_PREFIX_PATH=${CMAKE_PREFIX_PATH}:/opt/ros/humble /usr/bin/cmake --install /home/curry/wilson_proj/ros2-rover-ws/build/package_position_process
[4.089s] Level 1:colcon.colcon_core.environment:create_environment_scripts_only(package_position_process)
[4.099s] DEBUG:colcon.colcon_core.event_handler.log_command:Invoked command in '/home/curry/wilson_proj/ros2-rover-ws/build/package_position_process' returned '0': CMAKE_PREFIX_PATH=${CMAKE_PREFIX_PATH}:/opt/ros/humble /usr/bin/cmake --install /home/curry/wilson_proj/ros2-rover-ws/build/package_position_process
[4.109s] Level 1:colcon.colcon_core.environment:checking '/home/curry/wilson_proj/ros2-rover-ws/install/package_position_process' for CMake module files
[4.112s] Level 1:colcon.colcon_core.environment:checking '/home/curry/wilson_proj/ros2-rover-ws/install/package_position_process' for CMake config files
[4.115s] Level 1:colcon.colcon_core.shell:create_environment_hook('package_position_process', 'cmake_prefix_path')
[4.116s] INFO:colcon.colcon_core.shell:Creating environment hook '/home/curry/wilson_proj/ros2-rover-ws/install/package_position_process/share/package_position_process/hook/cmake_prefix_path.ps1'
[4.118s] INFO:colcon.colcon_core.shell:Creating environment descriptor '/home/curry/wilson_proj/ros2-rover-ws/install/package_position_process/share/package_position_process/hook/cmake_prefix_path.dsv'
[4.120s] INFO:colcon.colcon_core.shell:Creating environment hook '/home/curry/wilson_proj/ros2-rover-ws/install/package_position_process/share/package_position_process/hook/cmake_prefix_path.sh'
[4.123s] Level 1:colcon.colcon_core.environment:checking '/home/curry/wilson_proj/ros2-rover-ws/install/package_position_process/lib'
[4.124s] Level 1:colcon.colcon_core.environment:checking '/home/curry/wilson_proj/ros2-rover-ws/install/package_position_process/bin'
[4.125s] Level 1:colcon.colcon_core.environment:checking '/home/curry/wilson_proj/ros2-rover-ws/install/package_position_process/lib/pkgconfig/package_position_process.pc'
[4.126s] Level 1:colcon.colcon_core.environment:checking '/home/curry/wilson_proj/ros2-rover-ws/install/package_position_process/lib/python3.10/site-packages'
[4.127s] Level 1:colcon.colcon_core.environment:checking '/home/curry/wilson_proj/ros2-rover-ws/install/package_position_process/bin'
[4.128s] INFO:colcon.colcon_core.shell:Creating package script '/home/curry/wilson_proj/ros2-rover-ws/install/package_position_process/share/package_position_process/package.ps1'
[4.131s] INFO:colcon.colcon_core.shell:Creating package descriptor '/home/curry/wilson_proj/ros2-rover-ws/install/package_position_process/share/package_position_process/package.dsv'
[4.134s] INFO:colcon.colcon_core.shell:Creating package script '/home/curry/wilson_proj/ros2-rover-ws/install/package_position_process/share/package_position_process/package.sh'
[4.139s] INFO:colcon.colcon_core.shell:Creating package script '/home/curry/wilson_proj/ros2-rover-ws/install/package_position_process/share/package_position_process/package.bash'
[4.142s] INFO:colcon.colcon_core.shell:Creating package script '/home/curry/wilson_proj/ros2-rover-ws/install/package_position_process/share/package_position_process/package.zsh'
[4.146s] Level 1:colcon.colcon_core.environment:create_file_with_runtime_dependencies(/home/curry/wilson_proj/ros2-rover-ws/install/package_position_process/share/colcon-core/packages/package_position_process)
[4.155s] DEBUG:colcon.colcon_core.event_handler.log_command:Invoked command in '/home/curry/wilson_proj/ros2-rover-ws/build/action_interfaces' returned '0': CMAKE_PREFIX_PATH=${CMAKE_PREFIX_PATH}:/opt/ros/humble /usr/bin/cmake --build /home/curry/wilson_proj/ros2-rover-ws/build/action_interfaces -- -j4 -l4
[4.160s] Level 1:colcon.colcon_core.environment:create_environment_scripts_only(package_navigate_route)
[4.162s] Level 1:colcon.colcon_core.environment:checking '/home/curry/wilson_proj/ros2-rover-ws/install/package_navigate_route' for CMake module files
[4.164s] DEBUG:colcon.colcon_core.event_handler.log_command:Invoked command in '/home/curry/wilson_proj/ros2-rover-ws/build/package_navigate_route' returned '0': CMAKE_PREFIX_PATH=${CMAKE_PREFIX_PATH}:/opt/ros/humble /usr/bin/cmake --install /home/curry/wilson_proj/ros2-rover-ws/build/package_navigate_route
[4.167s] Level 1:colcon.colcon_core.environment:checking '/home/curry/wilson_proj/ros2-rover-ws/install/package_navigate_route' for CMake config files
[4.170s] Level 1:colcon.colcon_core.shell:create_environment_hook('package_navigate_route', 'cmake_prefix_path')
[4.172s] INFO:colcon.colcon_core.shell:Creating environment hook '/home/curry/wilson_proj/ros2-rover-ws/install/package_navigate_route/share/package_navigate_route/hook/cmake_prefix_path.ps1'
[4.175s] INFO:colcon.colcon_core.shell:Creating environment descriptor '/home/curry/wilson_proj/ros2-rover-ws/install/package_navigate_route/share/package_navigate_route/hook/cmake_prefix_path.dsv'
[4.178s] INFO:colcon.colcon_core.shell:Creating environment hook '/home/curry/wilson_proj/ros2-rover-ws/install/package_navigate_route/share/package_navigate_route/hook/cmake_prefix_path.sh'
[4.182s] Level 1:colcon.colcon_core.environment:checking '/home/curry/wilson_proj/ros2-rover-ws/install/package_navigate_route/lib'
[4.183s] Level 1:colcon.colcon_core.environment:checking '/home/curry/wilson_proj/ros2-rover-ws/install/package_navigate_route/bin'
[4.184s] Level 1:colcon.colcon_core.environment:checking '/home/curry/wilson_proj/ros2-rover-ws/install/package_navigate_route/lib/pkgconfig/package_navigate_route.pc'
[4.185s] Level 1:colcon.colcon_core.environment:checking '/home/curry/wilson_proj/ros2-rover-ws/install/package_navigate_route/lib/python3.10/site-packages'
[4.187s] Level 1:colcon.colcon_core.environment:checking '/home/curry/wilson_proj/ros2-rover-ws/install/package_navigate_route/bin'
[4.188s] INFO:colcon.colcon_core.shell:Creating package script '/home/curry/wilson_proj/ros2-rover-ws/install/package_navigate_route/share/package_navigate_route/package.ps1'
[4.193s] INFO:colcon.colcon_core.shell:Creating package descriptor '/home/curry/wilson_proj/ros2-rover-ws/install/package_navigate_route/share/package_navigate_route/package.dsv'
[4.196s] INFO:colcon.colcon_core.shell:Creating package script '/home/curry/wilson_proj/ros2-rover-ws/install/package_navigate_route/share/package_navigate_route/package.sh'
[4.199s] INFO:colcon.colcon_core.shell:Creating package script '/home/curry/wilson_proj/ros2-rover-ws/install/package_navigate_route/share/package_navigate_route/package.bash'
[4.201s] INFO:colcon.colcon_core.shell:Creating package script '/home/curry/wilson_proj/ros2-rover-ws/install/package_navigate_route/share/package_navigate_route/package.zsh'
[4.204s] Level 1:colcon.colcon_core.environment:create_file_with_runtime_dependencies(/home/curry/wilson_proj/ros2-rover-ws/install/package_navigate_route/share/colcon-core/packages/package_navigate_route)
[4.306s] Level 1:colcon.colcon_core.environment:create_environment_scripts_only(package_position_process)
[4.307s] Level 1:colcon.colcon_core.environment:checking '/home/curry/wilson_proj/ros2-rover-ws/install/package_position_process' for CMake module files
[4.310s] Level 1:colcon.colcon_core.environment:checking '/home/curry/wilson_proj/ros2-rover-ws/install/package_position_process' for CMake config files
[4.313s] Level 1:colcon.colcon_core.shell:create_environment_hook('package_position_process', 'cmake_prefix_path')
[4.316s] INFO:colcon.colcon_core.shell:Creating environment hook '/home/curry/wilson_proj/ros2-rover-ws/install/package_position_process/share/package_position_process/hook/cmake_prefix_path.ps1'
[4.320s] INFO:colcon.colcon_core.shell:Creating environment descriptor '/home/curry/wilson_proj/ros2-rover-ws/install/package_position_process/share/package_position_process/hook/cmake_prefix_path.dsv'
[4.323s] INFO:colcon.colcon_core.shell:Creating environment hook '/home/curry/wilson_proj/ros2-rover-ws/install/package_position_process/share/package_position_process/hook/cmake_prefix_path.sh'
[4.327s] Level 1:colcon.colcon_core.environment:checking '/home/curry/wilson_proj/ros2-rover-ws/install/package_position_process/lib'
[4.328s] Level 1:colcon.colcon_core.environment:checking '/home/curry/wilson_proj/ros2-rover-ws/install/package_position_process/bin'
[4.328s] Level 1:colcon.colcon_core.environment:checking '/home/curry/wilson_proj/ros2-rover-ws/install/package_position_process/lib/pkgconfig/package_position_process.pc'
[4.330s] Level 1:colcon.colcon_core.environment:checking '/home/curry/wilson_proj/ros2-rover-ws/install/package_position_process/lib/python3.10/site-packages'
[4.331s] Level 1:colcon.colcon_core.environment:checking '/home/curry/wilson_proj/ros2-rover-ws/install/package_position_process/bin'
[4.333s] INFO:colcon.colcon_core.shell:Creating package script '/home/curry/wilson_proj/ros2-rover-ws/install/package_position_process/share/package_position_process/package.ps1'
[4.336s] INFO:colcon.colcon_core.shell:Creating package descriptor '/home/curry/wilson_proj/ros2-rover-ws/install/package_position_process/share/package_position_process/package.dsv'
[4.339s] INFO:colcon.colcon_core.shell:Creating package script '/home/curry/wilson_proj/ros2-rover-ws/install/package_position_process/share/package_position_process/package.sh'
[4.342s] INFO:colcon.colcon_core.shell:Creating package script '/home/curry/wilson_proj/ros2-rover-ws/install/package_position_process/share/package_position_process/package.bash'
[4.345s] INFO:colcon.colcon_core.shell:Creating package script '/home/curry/wilson_proj/ros2-rover-ws/install/package_position_process/share/package_position_process/package.zsh'
[4.348s] Level 1:colcon.colcon_core.environment:create_file_with_runtime_dependencies(/home/curry/wilson_proj/ros2-rover-ws/install/package_position_process/share/colcon-core/packages/package_position_process)
[4.353s] INFO:colcon.colcon_ros.task.ament_cmake.build:Building ROS package in '/home/curry/wilson_proj/ros2-rover-ws/src/package_rover_control' with build type 'ament_cmake'
[4.354s] INFO:colcon.colcon_cmake.task.cmake.build:Building CMake package in '/home/curry/wilson_proj/ros2-rover-ws/src/package_rover_control'
[4.355s] INFO:colcon.colcon_core.shell:Skip shell extension 'powershell' for command environment: Not usable outside of PowerShell
[4.356s] DEBUG:colcon.colcon_core.shell:Skip shell extension 'dsv' for command environment
[4.381s] Level 1:colcon.colcon_core.environment:create_environment_scripts_only(package_navigate_route)
[4.382s] Level 1:colcon.colcon_core.environment:checking '/home/curry/wilson_proj/ros2-rover-ws/install/package_navigate_route' for CMake module files
[4.386s] Level 1:colcon.colcon_core.environment:checking '/home/curry/wilson_proj/ros2-rover-ws/install/package_navigate_route' for CMake config files
[4.388s] Level 1:colcon.colcon_core.shell:create_environment_hook('package_navigate_route', 'cmake_prefix_path')
[4.389s] INFO:colcon.colcon_core.shell:Creating environment hook '/home/curry/wilson_proj/ros2-rover-ws/install/package_navigate_route/share/package_navigate_route/hook/cmake_prefix_path.ps1'
[4.392s] INFO:colcon.colcon_core.shell:Creating environment descriptor '/home/curry/wilson_proj/ros2-rover-ws/install/package_navigate_route/share/package_navigate_route/hook/cmake_prefix_path.dsv'
[4.394s] INFO:colcon.colcon_core.shell:Creating environment hook '/home/curry/wilson_proj/ros2-rover-ws/install/package_navigate_route/share/package_navigate_route/hook/cmake_prefix_path.sh'
[4.397s] Level 1:colcon.colcon_core.environment:checking '/home/curry/wilson_proj/ros2-rover-ws/install/package_navigate_route/lib'
[4.398s] Level 1:colcon.colcon_core.environment:checking '/home/curry/wilson_proj/ros2-rover-ws/install/package_navigate_route/bin'
[4.398s] Level 1:colcon.colcon_core.environment:checking '/home/curry/wilson_proj/ros2-rover-ws/install/package_navigate_route/lib/pkgconfig/package_navigate_route.pc'
[4.399s] Level 1:colcon.colcon_core.environment:checking '/home/curry/wilson_proj/ros2-rover-ws/install/package_navigate_route/lib/python3.10/site-packages'
[4.400s] Level 1:colcon.colcon_core.environment:checking '/home/curry/wilson_proj/ros2-rover-ws/install/package_navigate_route/bin'
[4.402s] INFO:colcon.colcon_core.shell:Creating package script '/home/curry/wilson_proj/ros2-rover-ws/install/package_navigate_route/share/package_navigate_route/package.ps1'
[4.405s] INFO:colcon.colcon_core.shell:Creating package descriptor '/home/curry/wilson_proj/ros2-rover-ws/install/package_navigate_route/share/package_navigate_route/package.dsv'
[4.408s] INFO:colcon.colcon_core.shell:Creating package script '/home/curry/wilson_proj/ros2-rover-ws/install/package_navigate_route/share/package_navigate_route/package.sh'
[4.410s] INFO:colcon.colcon_core.shell:Creating package script '/home/curry/wilson_proj/ros2-rover-ws/install/package_navigate_route/share/package_navigate_route/package.bash'
[4.413s] INFO:colcon.colcon_core.shell:Creating package script '/home/curry/wilson_proj/ros2-rover-ws/install/package_navigate_route/share/package_navigate_route/package.zsh'
[4.416s] Level 1:colcon.colcon_core.environment:create_file_with_runtime_dependencies(/home/curry/wilson_proj/ros2-rover-ws/install/package_navigate_route/share/colcon-core/packages/package_navigate_route)
[4.419s] INFO:colcon.colcon_ros.task.ament_cmake.build:Building ROS package in '/home/curry/wilson_proj/ros2-rover-ws/src/package_test' with build type 'ament_cmake'
[4.420s] INFO:colcon.colcon_cmake.task.cmake.build:Building CMake package in '/home/curry/wilson_proj/ros2-rover-ws/src/package_test'
[4.421s] INFO:colcon.colcon_core.shell:Skip shell extension 'powershell' for command environment: Not usable outside of PowerShell
[4.422s] DEBUG:colcon.colcon_core.shell:Skip shell extension 'dsv' for command environment
[4.461s] DEBUG:colcon.colcon_core.event_handler.log_command:Invoking command in '/home/curry/wilson_proj/ros2-rover-ws/build/package_rover_control': CMAKE_PREFIX_PATH=${CMAKE_PREFIX_PATH}:/opt/ros/humble /usr/bin/cmake --build /home/curry/wilson_proj/ros2-rover-ws/build/package_rover_control -- -j4 -l4
[4.476s] DEBUG:colcon.colcon_core.event_handler.log_command:Invoking command in '/home/curry/wilson_proj/ros2-rover-ws/build/package_test': CMAKE_PREFIX_PATH=${CMAKE_PREFIX_PATH}:/opt/ros/humble /usr/bin/cmake --build /home/curry/wilson_proj/ros2-rover-ws/build/package_test -- -j4 -l4
[4.599s] DEBUG:colcon.colcon_core.event_handler.log_command:Invoking command in '/home/curry/wilson_proj/ros2-rover-ws/build/action_interfaces': CMAKE_PREFIX_PATH=${CMAKE_PREFIX_PATH}:/opt/ros/humble /usr/bin/cmake --install /home/curry/wilson_proj/ros2-rover-ws/build/action_interfaces
[5.152s] DEBUG:colcon.colcon_core.event_handler.log_command:Invoked command in '/home/curry/wilson_proj/ros2-rover-ws/build/package_test' returned '0': CMAKE_PREFIX_PATH=${CMAKE_PREFIX_PATH}:/opt/ros/humble /usr/bin/cmake --build /home/curry/wilson_proj/ros2-rover-ws/build/package_test -- -j4 -l4
[5.166s] Level 1:colcon.colcon_core.environment:create_environment_scripts_only(action_interfaces)
[5.168s] Level 1:colcon.colcon_core.environment:checking '/home/curry/wilson_proj/ros2-rover-ws/install/action_interfaces' for CMake module files
[5.172s] Level 1:colcon.colcon_core.environment:checking '/home/curry/wilson_proj/ros2-rover-ws/install/action_interfaces' for CMake config files
[5.179s] DEBUG:colcon.colcon_core.event_handler.log_command:Invoked command in '/home/curry/wilson_proj/ros2-rover-ws/build/action_interfaces' returned '0': CMAKE_PREFIX_PATH=${CMAKE_PREFIX_PATH}:/opt/ros/humble /usr/bin/cmake --install /home/curry/wilson_proj/ros2-rover-ws/build/action_interfaces
[5.188s] Level 1:colcon.colcon_core.shell:create_environment_hook('action_interfaces', 'cmake_prefix_path')
[5.189s] INFO:colcon.colcon_core.shell:Creating environment hook '/home/curry/wilson_proj/ros2-rover-ws/install/action_interfaces/share/action_interfaces/hook/cmake_prefix_path.ps1'
[5.192s] INFO:colcon.colcon_core.shell:Creating environment descriptor '/home/curry/wilson_proj/ros2-rover-ws/install/action_interfaces/share/action_interfaces/hook/cmake_prefix_path.dsv'
[5.195s] INFO:colcon.colcon_core.shell:Creating environment hook '/home/curry/wilson_proj/ros2-rover-ws/install/action_interfaces/share/action_interfaces/hook/cmake_prefix_path.sh'
[5.199s] Level 1:colcon.colcon_core.environment:checking '/home/curry/wilson_proj/ros2-rover-ws/install/action_interfaces/lib'
[5.199s] Level 1:colcon.colcon_core.shell:create_environment_hook('action_interfaces', 'ld_library_path_lib')
[5.200s] INFO:colcon.colcon_core.shell:Creating environment hook '/home/curry/wilson_proj/ros2-rover-ws/install/action_interfaces/share/action_interfaces/hook/ld_library_path_lib.ps1'
[5.203s] INFO:colcon.colcon_core.shell:Creating environment descriptor '/home/curry/wilson_proj/ros2-rover-ws/install/action_interfaces/share/action_interfaces/hook/ld_library_path_lib.dsv'
[5.206s] INFO:colcon.colcon_core.shell:Creating environment hook '/home/curry/wilson_proj/ros2-rover-ws/install/action_interfaces/share/action_interfaces/hook/ld_library_path_lib.sh'
[5.208s] Level 1:colcon.colcon_core.environment:checking '/home/curry/wilson_proj/ros2-rover-ws/install/action_interfaces/bin'
[5.208s] Level 1:colcon.colcon_core.environment:checking '/home/curry/wilson_proj/ros2-rover-ws/install/action_interfaces/lib/pkgconfig/action_interfaces.pc'
[5.209s] Level 1:colcon.colcon_core.environment:checking '/home/curry/wilson_proj/ros2-rover-ws/install/action_interfaces/lib/python3.10/site-packages'
[5.210s] Level 1:colcon.colcon_core.shell:create_environment_hook('action_interfaces', 'pythonpath')
[5.211s] INFO:colcon.colcon_core.shell:Creating environment hook '/home/curry/wilson_proj/ros2-rover-ws/install/action_interfaces/share/action_interfaces/hook/pythonpath.ps1'
[5.213s] INFO:colcon.colcon_core.shell:Creating environment descriptor '/home/curry/wilson_proj/ros2-rover-ws/install/action_interfaces/share/action_interfaces/hook/pythonpath.dsv'
[5.217s] INFO:colcon.colcon_core.shell:Creating environment hook '/home/curry/wilson_proj/ros2-rover-ws/install/action_interfaces/share/action_interfaces/hook/pythonpath.sh'
[5.221s] Level 1:colcon.colcon_core.environment:checking '/home/curry/wilson_proj/ros2-rover-ws/install/action_interfaces/bin'
[5.223s] INFO:colcon.colcon_core.shell:Creating package script '/home/curry/wilson_proj/ros2-rover-ws/install/action_interfaces/share/action_interfaces/package.ps1'
[5.227s] INFO:colcon.colcon_core.shell:Creating package descriptor '/home/curry/wilson_proj/ros2-rover-ws/install/action_interfaces/share/action_interfaces/package.dsv'
[5.230s] INFO:colcon.colcon_core.shell:Creating package script '/home/curry/wilson_proj/ros2-rover-ws/install/action_interfaces/share/action_interfaces/package.sh'
[5.232s] INFO:colcon.colcon_core.shell:Creating package script '/home/curry/wilson_proj/ros2-rover-ws/install/action_interfaces/share/action_interfaces/package.bash'
[5.235s] INFO:colcon.colcon_core.shell:Creating package script '/home/curry/wilson_proj/ros2-rover-ws/install/action_interfaces/share/action_interfaces/package.zsh'
[5.237s] Level 1:colcon.colcon_core.environment:create_file_with_runtime_dependencies(/home/curry/wilson_proj/ros2-rover-ws/install/action_interfaces/share/colcon-core/packages/action_interfaces)
[5.429s] DEBUG:colcon.colcon_core.event_handler.log_command:Invoking command in '/home/curry/wilson_proj/ros2-rover-ws/build/package_test': CMAKE_PREFIX_PATH=${CMAKE_PREFIX_PATH}:/opt/ros/humble /usr/bin/cmake --install /home/curry/wilson_proj/ros2-rover-ws/build/package_test
[5.512s] Level 1:colcon.colcon_core.environment:create_environment_scripts_only(package_test)
[5.513s] Level 1:colcon.colcon_core.environment:checking '/home/curry/wilson_proj/ros2-rover-ws/install/package_test' for CMake module files
[5.516s] Level 1:colcon.colcon_core.environment:checking '/home/curry/wilson_proj/ros2-rover-ws/install/package_test' for CMake config files
[5.519s] Level 1:colcon.colcon_core.shell:create_environment_hook('package_test', 'cmake_prefix_path')
[5.520s] INFO:colcon.colcon_core.shell:Creating environment hook '/home/curry/wilson_proj/ros2-rover-ws/install/package_test/share/package_test/hook/cmake_prefix_path.ps1'
[5.523s] DEBUG:colcon.colcon_core.event_handler.log_command:Invoked command in '/home/curry/wilson_proj/ros2-rover-ws/build/package_test' returned '0': CMAKE_PREFIX_PATH=${CMAKE_PREFIX_PATH}:/opt/ros/humble /usr/bin/cmake --install /home/curry/wilson_proj/ros2-rover-ws/build/package_test
[5.525s] INFO:colcon.colcon_core.shell:Creating environment descriptor '/home/curry/wilson_proj/ros2-rover-ws/install/package_test/share/package_test/hook/cmake_prefix_path.dsv'
[5.527s] INFO:colcon.colcon_core.shell:Creating environment hook '/home/curry/wilson_proj/ros2-rover-ws/install/package_test/share/package_test/hook/cmake_prefix_path.sh'
[5.532s] Level 1:colcon.colcon_core.environment:checking '/home/curry/wilson_proj/ros2-rover-ws/install/package_test/lib'
[5.532s] Level 1:colcon.colcon_core.environment:checking '/home/curry/wilson_proj/ros2-rover-ws/install/package_test/bin'
[5.533s] Level 1:colcon.colcon_core.environment:checking '/home/curry/wilson_proj/ros2-rover-ws/install/package_test/lib/pkgconfig/package_test.pc'
[5.534s] Level 1:colcon.colcon_core.environment:checking '/home/curry/wilson_proj/ros2-rover-ws/install/package_test/lib/python3.10/site-packages'
[5.535s] Level 1:colcon.colcon_core.environment:checking '/home/curry/wilson_proj/ros2-rover-ws/install/package_test/bin'
[5.537s] INFO:colcon.colcon_core.shell:Creating package script '/home/curry/wilson_proj/ros2-rover-ws/install/package_test/share/package_test/package.ps1'
[5.540s] INFO:colcon.colcon_core.shell:Creating package descriptor '/home/curry/wilson_proj/ros2-rover-ws/install/package_test/share/package_test/package.dsv'
[5.542s] INFO:colcon.colcon_core.shell:Creating package script '/home/curry/wilson_proj/ros2-rover-ws/install/package_test/share/package_test/package.sh'
[5.545s] INFO:colcon.colcon_core.shell:Creating package script '/home/curry/wilson_proj/ros2-rover-ws/install/package_test/share/package_test/package.bash'
[5.547s] INFO:colcon.colcon_core.shell:Creating package script '/home/curry/wilson_proj/ros2-rover-ws/install/package_test/share/package_test/package.zsh'
[5.550s] Level 1:colcon.colcon_core.environment:create_file_with_runtime_dependencies(/home/curry/wilson_proj/ros2-rover-ws/install/package_test/share/colcon-core/packages/package_test)
[5.666s] Level 1:colcon.colcon_core.environment:create_environment_scripts_only(action_interfaces)
[5.667s] Level 1:colcon.colcon_core.environment:checking '/home/curry/wilson_proj/ros2-rover-ws/install/action_interfaces' for CMake module files
[5.672s] Level 1:colcon.colcon_core.environment:checking '/home/curry/wilson_proj/ros2-rover-ws/install/action_interfaces' for CMake config files
[5.677s] Level 1:colcon.colcon_core.shell:create_environment_hook('action_interfaces', 'cmake_prefix_path')
[5.679s] INFO:colcon.colcon_core.shell:Creating environment hook '/home/curry/wilson_proj/ros2-rover-ws/install/action_interfaces/share/action_interfaces/hook/cmake_prefix_path.ps1'
[5.682s] INFO:colcon.colcon_core.shell:Creating environment descriptor '/home/curry/wilson_proj/ros2-rover-ws/install/action_interfaces/share/action_interfaces/hook/cmake_prefix_path.dsv'
[5.684s] INFO:colcon.colcon_core.shell:Creating environment hook '/home/curry/wilson_proj/ros2-rover-ws/install/action_interfaces/share/action_interfaces/hook/cmake_prefix_path.sh'
[5.688s] Level 1:colcon.colcon_core.environment:checking '/home/curry/wilson_proj/ros2-rover-ws/install/action_interfaces/lib'
[5.689s] Level 1:colcon.colcon_core.shell:create_environment_hook('action_interfaces', 'ld_library_path_lib')
[5.690s] INFO:colcon.colcon_core.shell:Creating environment hook '/home/curry/wilson_proj/ros2-rover-ws/install/action_interfaces/share/action_interfaces/hook/ld_library_path_lib.ps1'
[5.693s] INFO:colcon.colcon_core.shell:Creating environment descriptor '/home/curry/wilson_proj/ros2-rover-ws/install/action_interfaces/share/action_interfaces/hook/ld_library_path_lib.dsv'
[5.696s] INFO:colcon.colcon_core.shell:Creating environment hook '/home/curry/wilson_proj/ros2-rover-ws/install/action_interfaces/share/action_interfaces/hook/ld_library_path_lib.sh'
[5.701s] Level 1:colcon.colcon_core.environment:checking '/home/curry/wilson_proj/ros2-rover-ws/install/action_interfaces/bin'
[5.702s] Level 1:colcon.colcon_core.environment:checking '/home/curry/wilson_proj/ros2-rover-ws/install/action_interfaces/lib/pkgconfig/action_interfaces.pc'
[5.703s] Level 1:colcon.colcon_core.environment:checking '/home/curry/wilson_proj/ros2-rover-ws/install/action_interfaces/lib/python3.10/site-packages'
[5.703s] Level 1:colcon.colcon_core.shell:create_environment_hook('action_interfaces', 'pythonpath')
[5.704s] INFO:colcon.colcon_core.shell:Creating environment hook '/home/curry/wilson_proj/ros2-rover-ws/install/action_interfaces/share/action_interfaces/hook/pythonpath.ps1'
[5.707s] INFO:colcon.colcon_core.shell:Creating environment descriptor '/home/curry/wilson_proj/ros2-rover-ws/install/action_interfaces/share/action_interfaces/hook/pythonpath.dsv'
[5.709s] INFO:colcon.colcon_core.shell:Creating environment hook '/home/curry/wilson_proj/ros2-rover-ws/install/action_interfaces/share/action_interfaces/hook/pythonpath.sh'
[5.712s] Level 1:colcon.colcon_core.environment:checking '/home/curry/wilson_proj/ros2-rover-ws/install/action_interfaces/bin'
[5.714s] INFO:colcon.colcon_core.shell:Creating package script '/home/curry/wilson_proj/ros2-rover-ws/install/action_interfaces/share/action_interfaces/package.ps1'
[5.719s] INFO:colcon.colcon_core.shell:Creating package descriptor '/home/curry/wilson_proj/ros2-rover-ws/install/action_interfaces/share/action_interfaces/package.dsv'
[5.723s] INFO:colcon.colcon_core.shell:Creating package script '/home/curry/wilson_proj/ros2-rover-ws/install/action_interfaces/share/action_interfaces/package.sh'
[5.729s] INFO:colcon.colcon_core.shell:Creating package script '/home/curry/wilson_proj/ros2-rover-ws/install/action_interfaces/share/action_interfaces/package.bash'
[5.736s] INFO:colcon.colcon_core.shell:Creating package script '/home/curry/wilson_proj/ros2-rover-ws/install/action_interfaces/share/action_interfaces/package.zsh'
[5.742s] Level 1:colcon.colcon_core.environment:create_file_with_runtime_dependencies(/home/curry/wilson_proj/ros2-rover-ws/install/action_interfaces/share/colcon-core/packages/action_interfaces)
[5.822s] Level 1:colcon.colcon_core.environment:create_environment_scripts_only(package_test)
[5.824s] Level 1:colcon.colcon_core.environment:checking '/home/curry/wilson_proj/ros2-rover-ws/install/package_test' for CMake module files
[5.828s] Level 1:colcon.colcon_core.environment:checking '/home/curry/wilson_proj/ros2-rover-ws/install/package_test' for CMake config files
[5.831s] Level 1:colcon.colcon_core.shell:create_environment_hook('package_test', 'cmake_prefix_path')
[5.832s] INFO:colcon.colcon_core.shell:Creating environment hook '/home/curry/wilson_proj/ros2-rover-ws/install/package_test/share/package_test/hook/cmake_prefix_path.ps1'
[5.838s] INFO:colcon.colcon_core.shell:Creating environment descriptor '/home/curry/wilson_proj/ros2-rover-ws/install/package_test/share/package_test/hook/cmake_prefix_path.dsv'
[5.843s] INFO:colcon.colcon_core.shell:Creating environment hook '/home/curry/wilson_proj/ros2-rover-ws/install/package_test/share/package_test/hook/cmake_prefix_path.sh'
[5.848s] Level 1:colcon.colcon_core.environment:checking '/home/curry/wilson_proj/ros2-rover-ws/install/package_test/lib'
[5.850s] Level 1:colcon.colcon_core.environment:checking '/home/curry/wilson_proj/ros2-rover-ws/install/package_test/bin'
[5.851s] Level 1:colcon.colcon_core.environment:checking '/home/curry/wilson_proj/ros2-rover-ws/install/package_test/lib/pkgconfig/package_test.pc'
[5.852s] Level 1:colcon.colcon_core.environment:checking '/home/curry/wilson_proj/ros2-rover-ws/install/package_test/lib/python3.10/site-packages'
[5.854s] Level 1:colcon.colcon_core.environment:checking '/home/curry/wilson_proj/ros2-rover-ws/install/package_test/bin'
[5.857s] INFO:colcon.colcon_core.shell:Creating package script '/home/curry/wilson_proj/ros2-rover-ws/install/package_test/share/package_test/package.ps1'
[5.861s] INFO:colcon.colcon_core.shell:Creating package descriptor '/home/curry/wilson_proj/ros2-rover-ws/install/package_test/share/package_test/package.dsv'
[5.864s] INFO:colcon.colcon_core.shell:Creating package script '/home/curry/wilson_proj/ros2-rover-ws/install/package_test/share/package_test/package.sh'
[5.868s] INFO:colcon.colcon_core.shell:Creating package script '/home/curry/wilson_proj/ros2-rover-ws/install/package_test/share/package_test/package.bash'
[5.871s] INFO:colcon.colcon_core.shell:Creating package script '/home/curry/wilson_proj/ros2-rover-ws/install/package_test/share/package_test/package.zsh'
[5.875s] Level 1:colcon.colcon_core.environment:create_file_with_runtime_dependencies(/home/curry/wilson_proj/ros2-rover-ws/install/package_test/share/colcon-core/packages/package_test)
[5.901s] DEBUG:colcon.colcon_core.event_handler.log_command:Invoking command in '/home/curry/wilson_proj/ros2-rover-ws/src/package_image_process': PYTHONPATH=/home/curry/wilson_proj/ros2-rover-ws/build/package_image_process/prefix_override:/usr/lib/python3/dist-packages/colcon_core/task/python/colcon_distutils_commands:/home/curry/wilson_proj/ros2-rover-ws/install/package_image_process/lib/python3.10/site-packages:${PYTHONPATH} /usr/bin/python3 -W ignore:setup.py install is deprecated -W ignore:easy_install command is deprecated setup.py egg_info --egg-base ../../build/package_image_process build --build-base /home/curry/wilson_proj/ros2-rover-ws/build/package_image_process/build install --record /home/curry/wilson_proj/ros2-rover-ws/build/package_image_process/install.log --single-version-externally-managed install_data
[7.550s] Level 1:colcon.colcon_core.environment:checking '/home/curry/wilson_proj/ros2-rover-ws/install/package_image_process' for CMake module files
[7.552s] DEBUG:colcon.colcon_core.event_handler.log_command:Invoked command in '/home/curry/wilson_proj/ros2-rover-ws/src/package_image_process' returned '0': PYTHONPATH=/home/curry/wilson_proj/ros2-rover-ws/build/package_image_process/prefix_override:/usr/lib/python3/dist-packages/colcon_core/task/python/colcon_distutils_commands:/home/curry/wilson_proj/ros2-rover-ws/install/package_image_process/lib/python3.10/site-packages:${PYTHONPATH} /usr/bin/python3 -W ignore:setup.py install is deprecated -W ignore:easy_install command is deprecated setup.py egg_info --egg-base ../../build/package_image_process build --build-base /home/curry/wilson_proj/ros2-rover-ws/build/package_image_process/build install --record /home/curry/wilson_proj/ros2-rover-ws/build/package_image_process/install.log --single-version-externally-managed install_data
[7.555s] Level 1:colcon.colcon_core.environment:checking '/home/curry/wilson_proj/ros2-rover-ws/install/package_image_process' for CMake config files
[7.558s] Level 1:colcon.colcon_core.shell:create_environment_hook('package_image_process', 'cmake_prefix_path')
[7.559s] INFO:colcon.colcon_core.shell:Creating environment hook '/home/curry/wilson_proj/ros2-rover-ws/install/package_image_process/share/package_image_process/hook/cmake_prefix_path.ps1'
[7.562s] INFO:colcon.colcon_core.shell:Creating environment descriptor '/home/curry/wilson_proj/ros2-rover-ws/install/package_image_process/share/package_image_process/hook/cmake_prefix_path.dsv'
[7.564s] INFO:colcon.colcon_core.shell:Creating environment hook '/home/curry/wilson_proj/ros2-rover-ws/install/package_image_process/share/package_image_process/hook/cmake_prefix_path.sh'
[7.568s] Level 1:colcon.colcon_core.environment:checking '/home/curry/wilson_proj/ros2-rover-ws/install/package_image_process/lib'
[7.569s] Level 1:colcon.colcon_core.environment:checking '/home/curry/wilson_proj/ros2-rover-ws/install/package_image_process/bin'
[7.569s] Level 1:colcon.colcon_core.environment:checking '/home/curry/wilson_proj/ros2-rover-ws/install/package_image_process/lib/pkgconfig/package_image_process.pc'
[7.570s] Level 1:colcon.colcon_core.environment:checking '/home/curry/wilson_proj/ros2-rover-ws/install/package_image_process/lib/python3.10/site-packages'
[7.571s] Level 1:colcon.colcon_core.shell:create_environment_hook('package_image_process', 'pythonpath')
[7.572s] INFO:colcon.colcon_core.shell:Creating environment hook '/home/curry/wilson_proj/ros2-rover-ws/install/package_image_process/share/package_image_process/hook/pythonpath.ps1'
[7.575s] INFO:colcon.colcon_core.shell:Creating environment descriptor '/home/curry/wilson_proj/ros2-rover-ws/install/package_image_process/share/package_image_process/hook/pythonpath.dsv'
[7.577s] INFO:colcon.colcon_core.shell:Creating environment hook '/home/curry/wilson_proj/ros2-rover-ws/install/package_image_process/share/package_image_process/hook/pythonpath.sh'
[7.580s] Level 1:colcon.colcon_core.environment:checking '/home/curry/wilson_proj/ros2-rover-ws/install/package_image_process/bin'
[7.581s] Level 1:colcon.colcon_core.environment:create_environment_scripts_only(package_image_process)
[7.583s] INFO:colcon.colcon_core.shell:Creating package script '/home/curry/wilson_proj/ros2-rover-ws/install/package_image_process/share/package_image_process/package.ps1'
[7.586s] INFO:colcon.colcon_core.shell:Creating package descriptor '/home/curry/wilson_proj/ros2-rover-ws/install/package_image_process/share/package_image_process/package.dsv'
[7.590s] INFO:colcon.colcon_core.shell:Creating package script '/home/curry/wilson_proj/ros2-rover-ws/install/package_image_process/share/package_image_process/package.sh'
[7.593s] INFO:colcon.colcon_core.shell:Creating package script '/home/curry/wilson_proj/ros2-rover-ws/install/package_image_process/share/package_image_process/package.bash'
[7.596s] INFO:colcon.colcon_core.shell:Creating package script '/home/curry/wilson_proj/ros2-rover-ws/install/package_image_process/share/package_image_process/package.zsh'
[7.598s] Level 1:colcon.colcon_core.environment:create_file_with_runtime_dependencies(/home/curry/wilson_proj/ros2-rover-ws/install/package_image_process/share/colcon-core/packages/package_image_process)
[26.547s] DEBUG:colcon.colcon_core.event_handler.log_command:Invoked command in '/home/curry/wilson_proj/ros2-rover-ws/build/package_rover_control' returned '2': CMAKE_PREFIX_PATH=${CMAKE_PREFIX_PATH}:/opt/ros/humble /usr/bin/cmake --build /home/curry/wilson_proj/ros2-rover-ws/build/package_rover_control -- -j4 -l4
[26.721s] Level 1:colcon.colcon_core.environment:create_environment_scripts_only(package_rover_control)
[26.722s] Level 1:colcon.colcon_core.environment:checking '/home/curry/wilson_proj/ros2-rover-ws/install/package_rover_control' for CMake module files
[26.726s] Level 1:colcon.colcon_core.environment:checking '/home/curry/wilson_proj/ros2-rover-ws/install/package_rover_control' for CMake config files
[26.728s] Level 1:colcon.colcon_core.shell:create_environment_hook('package_rover_control', 'cmake_prefix_path')
[26.729s] INFO:colcon.colcon_core.shell:Creating environment hook '/home/curry/wilson_proj/ros2-rover-ws/install/package_rover_control/share/package_rover_control/hook/cmake_prefix_path.ps1'
[26.731s] INFO:colcon.colcon_core.shell:Creating environment descriptor '/home/curry/wilson_proj/ros2-rover-ws/install/package_rover_control/share/package_rover_control/hook/cmake_prefix_path.dsv'
[26.733s] INFO:colcon.colcon_core.shell:Creating environment hook '/home/curry/wilson_proj/ros2-rover-ws/install/package_rover_control/share/package_rover_control/hook/cmake_prefix_path.sh'
[26.736s] Level 1:colcon.colcon_core.environment:checking '/home/curry/wilson_proj/ros2-rover-ws/install/package_rover_control/lib'
[26.737s] Level 1:colcon.colcon_core.shell:create_environment_hook('package_rover_control', 'ld_library_path_lib')
[26.738s] INFO:colcon.colcon_core.shell:Creating environment hook '/home/curry/wilson_proj/ros2-rover-ws/install/package_rover_control/share/package_rover_control/hook/ld_library_path_lib.ps1'
[26.740s] INFO:colcon.colcon_core.shell:Creating environment descriptor '/home/curry/wilson_proj/ros2-rover-ws/install/package_rover_control/share/package_rover_control/hook/ld_library_path_lib.dsv'
[26.742s] INFO:colcon.colcon_core.shell:Creating environment hook '/home/curry/wilson_proj/ros2-rover-ws/install/package_rover_control/share/package_rover_control/hook/ld_library_path_lib.sh'
[26.744s] Level 1:colcon.colcon_core.environment:checking '/home/curry/wilson_proj/ros2-rover-ws/install/package_rover_control/bin'
[26.744s] Level 1:colcon.colcon_core.environment:checking '/home/curry/wilson_proj/ros2-rover-ws/install/package_rover_control/lib/pkgconfig/package_rover_control.pc'
[26.745s] Level 1:colcon.colcon_core.environment:checking '/home/curry/wilson_proj/ros2-rover-ws/install/package_rover_control/lib/python3.10/site-packages'
[26.746s] Level 1:colcon.colcon_core.environment:checking '/home/curry/wilson_proj/ros2-rover-ws/install/package_rover_control/bin'
[26.747s] INFO:colcon.colcon_core.shell:Creating package script '/home/curry/wilson_proj/ros2-rover-ws/install/package_rover_control/share/package_rover_control/package.ps1'
[26.750s] INFO:colcon.colcon_core.shell:Creating package descriptor '/home/curry/wilson_proj/ros2-rover-ws/install/package_rover_control/share/package_rover_control/package.dsv'
[26.752s] INFO:colcon.colcon_core.shell:Creating package script '/home/curry/wilson_proj/ros2-rover-ws/install/package_rover_control/share/package_rover_control/package.sh'
[26.754s] INFO:colcon.colcon_core.shell:Creating package script '/home/curry/wilson_proj/ros2-rover-ws/install/package_rover_control/share/package_rover_control/package.bash'
[26.757s] INFO:colcon.colcon_core.shell:Creating package script '/home/curry/wilson_proj/ros2-rover-ws/install/package_rover_control/share/package_rover_control/package.zsh'
[26.759s] Level 1:colcon.colcon_core.environment:create_file_with_runtime_dependencies(/home/curry/wilson_proj/ros2-rover-ws/install/package_rover_control/share/colcon-core/packages/package_rover_control)
[26.770s] DEBUG:colcon.colcon_parallel_executor.executor.parallel:closing loop
[26.771s] DEBUG:colcon.colcon_parallel_executor.executor.parallel:loop closed
[26.771s] DEBUG:colcon.colcon_parallel_executor.executor.parallel:run_until_complete finished with '2'
[26.771s] DEBUG:colcon.colcon_core.event_reactor:joining thread
[26.797s] INFO:colcon.colcon_core.plugin_system:Skipping extension 'colcon_notification.desktop_notification.terminal_notifier': Not used on non-Darwin systems
[26.798s] INFO:colcon.colcon_core.plugin_system:Skipping extension 'colcon_notification.desktop_notification.win32': Not used on non-Windows systems
[26.798s] INFO:colcon.colcon_notification.desktop_notification:Sending desktop notification using 'notify2'
[26.802s] DEBUG:colcon.colcon_notification.desktop_notification.notify2:Failed to initialize notify2: org.freedesktop.DBus.Error.ServiceUnknown: The name org.freedesktop.Notifications was not provided by any .service files
[26.803s] DEBUG:colcon.colcon_core.event_reactor:joined thread
[26.804s] INFO:colcon.colcon_core.shell:Creating prefix script '/home/curry/wilson_proj/ros2-rover-ws/install/local_setup.ps1'
[26.808s] INFO:colcon.colcon_core.shell:Creating prefix util module '/home/curry/wilson_proj/ros2-rover-ws/install/_local_setup_util_ps1.py'
[26.816s] INFO:colcon.colcon_core.shell:Creating prefix chain script '/home/curry/wilson_proj/ros2-rover-ws/install/setup.ps1'
[26.823s] INFO:colcon.colcon_core.shell:Creating prefix script '/home/curry/wilson_proj/ros2-rover-ws/install/local_setup.sh'
[26.825s] INFO:colcon.colcon_core.shell:Creating prefix util module '/home/curry/wilson_proj/ros2-rover-ws/install/_local_setup_util_sh.py'
[26.828s] INFO:colcon.colcon_core.shell:Creating prefix chain script '/home/curry/wilson_proj/ros2-rover-ws/install/setup.sh'
[26.834s] INFO:colcon.colcon_core.shell:Creating prefix script '/home/curry/wilson_proj/ros2-rover-ws/install/local_setup.bash'
[26.837s] INFO:colcon.colcon_core.shell:Creating prefix chain script '/home/curry/wilson_proj/ros2-rover-ws/install/setup.bash'
[26.843s] INFO:colcon.colcon_core.shell:Creating prefix script '/home/curry/wilson_proj/ros2-rover-ws/install/local_setup.zsh'
[26.846s] INFO:colcon.colcon_core.shell:Creating prefix chain script '/home/curry/wilson_proj/ros2-rover-ws/install/setup.zsh'
