[0.110s] Invoking command in '/home/curry/wilson_proj/ros2-rover-ws/build/package_navigate_route': CMAKE_PREFIX_PATH=${CMAKE_PREFIX_PATH}:/opt/ros/humble /usr/bin/cmake --build /home/curry/wilson_proj/ros2-rover-ws/build/package_navigate_route -- -j4 -l4
[0.454s] [100%] Built target node_sub_destination
[0.529s] Invoked command in '/home/curry/wilson_proj/ros2-rover-ws/build/package_navigate_route' returned '0': CMAKE_PREFIX_PATH=${CMAKE_PREFIX_PATH}:/opt/ros/humble /usr/bin/cmake --build /home/curry/wilson_proj/ros2-rover-ws/build/package_navigate_route -- -j4 -l4
[0.848s] Invoking command in '/home/curry/wilson_proj/ros2-rover-ws/build/package_navigate_route': CMAKE_PREFIX_PATH=${CMAKE_PREFIX_PATH}:/opt/ros/humble /usr/bin/cmake --install /home/curry/wilson_proj/ros2-rover-ws/build/package_navigate_route
[0.928s] -- Install configuration: ""
[0.930s] -- Up-to-date: /home/curry/wilson_proj/ros2-rover-ws/install/package_navigate_route/lib/package_navigate_route/node_sub_destination
[0.931s] -- Up-to-date: /home/curry/wilson_proj/ros2-rover-ws/install/package_navigate_route/share/ament_index/resource_index/package_run_dependencies/package_navigate_route
[0.932s] -- Up-to-date: /home/curry/wilson_proj/ros2-rover-ws/install/package_navigate_route/share/ament_index/resource_index/parent_prefix_path/package_navigate_route
[0.933s] -- Up-to-date: /home/curry/wilson_proj/ros2-rover-ws/install/package_navigate_route/share/package_navigate_route/environment/ament_prefix_path.sh
[0.936s] -- Up-to-date: /home/curry/wilson_proj/ros2-rover-ws/install/package_navigate_route/share/package_navigate_route/environment/ament_prefix_path.dsv
[0.936s] -- Up-to-date: /home/curry/wilson_proj/ros2-rover-ws/install/package_navigate_route/share/package_navigate_route/environment/path.sh
[0.937s] -- Up-to-date: /home/curry/wilson_proj/ros2-rover-ws/install/package_navigate_route/share/package_navigate_route/environment/path.dsv
[0.939s] -- Up-to-date: /home/curry/wilson_proj/ros2-rover-ws/install/package_navigate_route/share/package_navigate_route/local_setup.bash
[0.942s] -- Up-to-date: /home/curry/wilson_proj/ros2-rover-ws/install/package_navigate_route/share/package_navigate_route/local_setup.sh
[0.943s] -- Up-to-date: /home/curry/wilson_proj/ros2-rover-ws/install/package_navigate_route/share/package_navigate_route/local_setup.zsh
[0.944s] -- Up-to-date: /home/curry/wilson_proj/ros2-rover-ws/install/package_navigate_route/share/package_navigate_route/local_setup.dsv
[0.945s] -- Installing: /home/curry/wilson_proj/ros2-rover-ws/install/package_navigate_route/share/package_navigate_route/package.dsv
[0.946s] -- Up-to-date: /home/curry/wilson_proj/ros2-rover-ws/install/package_navigate_route/share/ament_index/resource_index/packages/package_navigate_route
[0.954s] -- Up-to-date: /home/curry/wilson_proj/ros2-rover-ws/install/package_navigate_route/share/package_navigate_route/cmake/package_navigate_routeConfig.cmake
[0.957s] -- Up-to-date: /home/curry/wilson_proj/ros2-rover-ws/install/package_navigate_route/share/package_navigate_route/cmake/package_navigate_routeConfig-version.cmake
[0.957s] -- Up-to-date: /home/curry/wilson_proj/ros2-rover-ws/install/package_navigate_route/share/package_navigate_route/package.xml
[1.045s] Invoked command in '/home/curry/wilson_proj/ros2-rover-ws/build/package_navigate_route' returned '0': CMAKE_PREFIX_PATH=${CMAKE_PREFIX_PATH}:/opt/ros/humble /usr/bin/cmake --install /home/curry/wilson_proj/ros2-rover-ws/build/package_navigate_route
