[0.124s] Invoking command in '/home/curry/wilson_proj/ros2-rover-ws/build/action_interfaces': CMAKE_PREFIX_PATH=${CMAKE_PREFIX_PATH}:/opt/ros/humble /usr/bin/cmake --build /home/curry/wilson_proj/ros2-rover-ws/build/action_interfaces -- -j4 -l4
[1.754s] [  3%] Built target action_interfaces__cpp
[1.755s] [ 12%] Built target action_interfaces__rosidl_generator_c
[1.755s] [ 12%] Built target ament_cmake_python_copy_action_interfaces
[1.756s] [ 22%] Built target action_interfaces__rosidl_typesupport_cpp
[1.756s] [ 32%] Built target action_interfaces__rosidl_typesupport_introspection_cpp
[1.757s] [ 41%] Built target action_interfaces__rosidl_typesupport_fastrtps_cpp
[1.757s] [ 51%] Built target action_interfaces__rosidl_typesupport_fastrtps_c
[1.757s] [ 61%] Built target action_interfaces__rosidl_typesupport_introspection_c
[1.758s] [ 70%] Built target action_interfaces__rosidl_typesupport_c
[1.758s] [ 70%] Built target action_interfaces
[1.759s] [ 74%] Built target action_interfaces__py
[1.759s] [ 80%] Built target action_interfaces__rosidl_generator_py
[1.760s] [ 87%] Built target action_interfaces__rosidl_typesupport_fastrtps_c__pyext
[1.760s] [ 93%] Built target action_interfaces__rosidl_typesupport_introspection_c__pyext
[1.760s] [100%] Built target action_interfaces__rosidl_typesupport_c__pyext
[2.112s] running egg_info
[2.116s] writing action_interfaces.egg-info/PKG-INFO
[2.118s] writing dependency_links to action_interfaces.egg-info/dependency_links.txt
[2.120s] writing top-level names to action_interfaces.egg-info/top_level.txt
[2.133s] reading manifest file 'action_interfaces.egg-info/SOURCES.txt'
[2.137s] writing manifest file 'action_interfaces.egg-info/SOURCES.txt'
[2.322s] [100%] Built target ament_cmake_python_build_action_interfaces_egg
[2.438s] Invoked command in '/home/curry/wilson_proj/ros2-rover-ws/build/action_interfaces' returned '0': CMAKE_PREFIX_PATH=${CMAKE_PREFIX_PATH}:/opt/ros/humble /usr/bin/cmake --build /home/curry/wilson_proj/ros2-rover-ws/build/action_interfaces -- -j4 -l4
[2.868s] Invoking command in '/home/curry/wilson_proj/ros2-rover-ws/build/action_interfaces': CMAKE_PREFIX_PATH=${CMAKE_PREFIX_PATH}:/opt/ros/humble /usr/bin/cmake --install /home/curry/wilson_proj/ros2-rover-ws/build/action_interfaces
[2.908s] -- Install configuration: ""
[2.910s] -- Up-to-date: /home/curry/wilson_proj/ros2-rover-ws/install/action_interfaces/share/ament_index/resource_index/rosidl_interfaces/action_interfaces
[2.911s] -- Up-to-date: /home/curry/wilson_proj/ros2-rover-ws/install/action_interfaces/include/action_interfaces/action_interfaces
[2.913s] -- Up-to-date: /home/curry/wilson_proj/ros2-rover-ws/install/action_interfaces/include/action_interfaces/action_interfaces/msg
[2.914s] -- Up-to-date: /home/curry/wilson_proj/ros2-rover-ws/install/action_interfaces/include/action_interfaces/action_interfaces/msg/rosidl_generator_c__visibility_control.h
[2.916s] -- Up-to-date: /home/curry/wilson_proj/ros2-rover-ws/install/action_interfaces/include/action_interfaces/action_interfaces/action
[2.917s] -- Up-to-date: /home/curry/wilson_proj/ros2-rover-ws/install/action_interfaces/include/action_interfaces/action_interfaces/action/rovercontrol.h
[2.918s] -- Up-to-date: /home/curry/wilson_proj/ros2-rover-ws/install/action_interfaces/include/action_interfaces/action_interfaces/action/detail
[2.920s] -- Up-to-date: /home/curry/wilson_proj/ros2-rover-ws/install/action_interfaces/include/action_interfaces/action_interfaces/action/detail/rovercontrol__functions.h
[2.921s] -- Up-to-date: /home/curry/wilson_proj/ros2-rover-ws/install/action_interfaces/include/action_interfaces/action_interfaces/action/detail/rovercontrol__struct.h
[2.922s] -- Installing: /home/curry/wilson_proj/ros2-rover-ws/install/action_interfaces/include/action_interfaces/action_interfaces/action/detail/rovercontrol__type_support.c
[2.925s] -- Up-to-date: /home/curry/wilson_proj/ros2-rover-ws/install/action_interfaces/include/action_interfaces/action_interfaces/action/detail/rovercontrol__description.c
[2.926s] -- Up-to-date: /home/curry/wilson_proj/ros2-rover-ws/install/action_interfaces/include/action_interfaces/action_interfaces/action/detail/rovercontrol__functions.c
[2.927s] -- Up-to-date: /home/curry/wilson_proj/ros2-rover-ws/install/action_interfaces/include/action_interfaces/action_interfaces/action/detail/rovercontrol__type_support.h
[2.928s] -- Up-to-date: /home/curry/wilson_proj/ros2-rover-ws/install/action_interfaces/share/action_interfaces/environment/library_path.sh
[2.929s] -- Up-to-date: /home/curry/wilson_proj/ros2-rover-ws/install/action_interfaces/share/action_interfaces/environment/library_path.dsv
[2.929s] -- Up-to-date: /home/curry/wilson_proj/ros2-rover-ws/install/action_interfaces/lib/libaction_interfaces__rosidl_generator_c.so
[2.931s] -- Up-to-date: /home/curry/wilson_proj/ros2-rover-ws/install/action_interfaces/include/action_interfaces/action_interfaces
[2.932s] -- Up-to-date: /home/curry/wilson_proj/ros2-rover-ws/install/action_interfaces/include/action_interfaces/action_interfaces/msg
[2.933s] -- Up-to-date: /home/curry/wilson_proj/ros2-rover-ws/install/action_interfaces/include/action_interfaces/action_interfaces/msg/rosidl_typesupport_fastrtps_c__visibility_control.h
[2.933s] -- Up-to-date: /home/curry/wilson_proj/ros2-rover-ws/install/action_interfaces/include/action_interfaces/action_interfaces/action
[2.934s] -- Up-to-date: /home/curry/wilson_proj/ros2-rover-ws/install/action_interfaces/include/action_interfaces/action_interfaces/action/detail
[2.934s] -- Up-to-date: /home/curry/wilson_proj/ros2-rover-ws/install/action_interfaces/include/action_interfaces/action_interfaces/action/detail/rovercontrol__rosidl_typesupport_fastrtps_c.h
[2.935s] -- Up-to-date: /home/curry/wilson_proj/ros2-rover-ws/install/action_interfaces/lib/libaction_interfaces__rosidl_typesupport_fastrtps_c.so
[2.937s] -- Up-to-date: /home/curry/wilson_proj/ros2-rover-ws/install/action_interfaces/include/action_interfaces/action_interfaces
[2.939s] -- Up-to-date: /home/curry/wilson_proj/ros2-rover-ws/install/action_interfaces/include/action_interfaces/action_interfaces/msg
[2.939s] -- Up-to-date: /home/curry/wilson_proj/ros2-rover-ws/install/action_interfaces/include/action_interfaces/action_interfaces/msg/rosidl_typesupport_introspection_c__visibility_control.h
[2.940s] -- Up-to-date: /home/curry/wilson_proj/ros2-rover-ws/install/action_interfaces/include/action_interfaces/action_interfaces/action
[2.940s] -- Up-to-date: /home/curry/wilson_proj/ros2-rover-ws/install/action_interfaces/include/action_interfaces/action_interfaces/action/detail
[2.946s] -- Installing: /home/curry/wilson_proj/ros2-rover-ws/install/action_interfaces/include/action_interfaces/action_interfaces/action/detail/rovercontrol__type_support.c
[2.947s] -- Up-to-date: /home/curry/wilson_proj/ros2-rover-ws/install/action_interfaces/include/action_interfaces/action_interfaces/action/detail/rovercontrol__rosidl_typesupport_introspection_c.h
[2.947s] -- Up-to-date: /home/curry/wilson_proj/ros2-rover-ws/install/action_interfaces/lib/libaction_interfaces__rosidl_typesupport_introspection_c.so
[2.949s] -- Up-to-date: /home/curry/wilson_proj/ros2-rover-ws/install/action_interfaces/lib/libaction_interfaces__rosidl_typesupport_c.so
[2.952s] -- Up-to-date: /home/curry/wilson_proj/ros2-rover-ws/install/action_interfaces/include/action_interfaces/action_interfaces
[2.954s] -- Up-to-date: /home/curry/wilson_proj/ros2-rover-ws/install/action_interfaces/include/action_interfaces/action_interfaces/msg
[2.957s] -- Up-to-date: /home/curry/wilson_proj/ros2-rover-ws/install/action_interfaces/include/action_interfaces/action_interfaces/msg/rosidl_generator_cpp__visibility_control.hpp
[2.960s] -- Up-to-date: /home/curry/wilson_proj/ros2-rover-ws/install/action_interfaces/include/action_interfaces/action_interfaces/action
[2.960s] -- Up-to-date: /home/curry/wilson_proj/ros2-rover-ws/install/action_interfaces/include/action_interfaces/action_interfaces/action/rovercontrol.hpp
[2.962s] -- Up-to-date: /home/curry/wilson_proj/ros2-rover-ws/install/action_interfaces/include/action_interfaces/action_interfaces/action/detail
[2.965s] -- Up-to-date: /home/curry/wilson_proj/ros2-rover-ws/install/action_interfaces/include/action_interfaces/action_interfaces/action/detail/rovercontrol__builder.hpp
[2.966s] -- Up-to-date: /home/curry/wilson_proj/ros2-rover-ws/install/action_interfaces/include/action_interfaces/action_interfaces/action/detail/rovercontrol__traits.hpp
[2.967s] -- Up-to-date: /home/curry/wilson_proj/ros2-rover-ws/install/action_interfaces/include/action_interfaces/action_interfaces/action/detail/rovercontrol__struct.hpp
[2.979s] -- Up-to-date: /home/curry/wilson_proj/ros2-rover-ws/install/action_interfaces/include/action_interfaces/action_interfaces/action/detail/rovercontrol__type_support.hpp
[2.980s] -- Up-to-date: /home/curry/wilson_proj/ros2-rover-ws/install/action_interfaces/include/action_interfaces/action_interfaces
[2.980s] -- Up-to-date: /home/curry/wilson_proj/ros2-rover-ws/install/action_interfaces/include/action_interfaces/action_interfaces/msg
[2.981s] -- Up-to-date: /home/curry/wilson_proj/ros2-rover-ws/install/action_interfaces/include/action_interfaces/action_interfaces/msg/rosidl_typesupport_fastrtps_cpp__visibility_control.h
[2.981s] -- Up-to-date: /home/curry/wilson_proj/ros2-rover-ws/install/action_interfaces/include/action_interfaces/action_interfaces/action
[2.982s] -- Up-to-date: /home/curry/wilson_proj/ros2-rover-ws/install/action_interfaces/include/action_interfaces/action_interfaces/action/detail
[2.982s] -- Up-to-date: /home/curry/wilson_proj/ros2-rover-ws/install/action_interfaces/include/action_interfaces/action_interfaces/action/detail/dds_fastrtps
[2.983s] -- Up-to-date: /home/curry/wilson_proj/ros2-rover-ws/install/action_interfaces/include/action_interfaces/action_interfaces/action/detail/rovercontrol__rosidl_typesupport_fastrtps_cpp.hpp
[2.983s] -- Up-to-date: /home/curry/wilson_proj/ros2-rover-ws/install/action_interfaces/lib/libaction_interfaces__rosidl_typesupport_fastrtps_cpp.so
[2.984s] -- Up-to-date: /home/curry/wilson_proj/ros2-rover-ws/install/action_interfaces/include/action_interfaces/action_interfaces
[2.984s] -- Up-to-date: /home/curry/wilson_proj/ros2-rover-ws/install/action_interfaces/include/action_interfaces/action_interfaces/action
[2.986s] -- Up-to-date: /home/curry/wilson_proj/ros2-rover-ws/install/action_interfaces/include/action_interfaces/action_interfaces/action/detail
[2.987s] -- Up-to-date: /home/curry/wilson_proj/ros2-rover-ws/install/action_interfaces/include/action_interfaces/action_interfaces/action/detail/rovercontrol__rosidl_typesupport_introspection_cpp.hpp
[2.989s] -- Up-to-date: /home/curry/wilson_proj/ros2-rover-ws/install/action_interfaces/include/action_interfaces/action_interfaces/action/detail/rovercontrol__type_support.cpp
[2.990s] -- Up-to-date: /home/curry/wilson_proj/ros2-rover-ws/install/action_interfaces/lib/libaction_interfaces__rosidl_typesupport_introspection_cpp.so
[2.995s] -- Up-to-date: /home/curry/wilson_proj/ros2-rover-ws/install/action_interfaces/lib/libaction_interfaces__rosidl_typesupport_cpp.so
[2.998s] -- Up-to-date: /home/curry/wilson_proj/ros2-rover-ws/install/action_interfaces/share/action_interfaces/environment/pythonpath.sh
[3.001s] -- Up-to-date: /home/curry/wilson_proj/ros2-rover-ws/install/action_interfaces/share/action_interfaces/environment/pythonpath.dsv
[3.001s] -- Up-to-date: /home/curry/wilson_proj/ros2-rover-ws/install/action_interfaces/lib/python3.10/site-packages/action_interfaces-0.0.0-py3.10.egg-info
[3.002s] -- Installing: /home/curry/wilson_proj/ros2-rover-ws/install/action_interfaces/lib/python3.10/site-packages/action_interfaces-0.0.0-py3.10.egg-info/dependency_links.txt
[3.003s] -- Installing: /home/curry/wilson_proj/ros2-rover-ws/install/action_interfaces/lib/python3.10/site-packages/action_interfaces-0.0.0-py3.10.egg-info/SOURCES.txt
[3.003s] -- Installing: /home/curry/wilson_proj/ros2-rover-ws/install/action_interfaces/lib/python3.10/site-packages/action_interfaces-0.0.0-py3.10.egg-info/top_level.txt
[3.004s] -- Installing: /home/curry/wilson_proj/ros2-rover-ws/install/action_interfaces/lib/python3.10/site-packages/action_interfaces-0.0.0-py3.10.egg-info/PKG-INFO
[3.005s] -- Up-to-date: /home/curry/wilson_proj/ros2-rover-ws/install/action_interfaces/lib/python3.10/site-packages/action_interfaces
[3.005s] -- Up-to-date: /home/curry/wilson_proj/ros2-rover-ws/install/action_interfaces/lib/python3.10/site-packages/action_interfaces/action_interfaces_s__rosidl_typesupport_c.cpython-310-aarch64-linux-gnu.so
[3.006s] -- Up-to-date: /home/curry/wilson_proj/ros2-rover-ws/install/action_interfaces/lib/python3.10/site-packages/action_interfaces/action_interfaces_s__rosidl_typesupport_fastrtps_c.cpython-310-aarch64-linux-gnu.so
[3.035s] -- Up-to-date: /home/curry/wilson_proj/ros2-rover-ws/install/action_interfaces/lib/python3.10/site-packages/action_interfaces/action
[3.037s] -- Up-to-date: /home/curry/wilson_proj/ros2-rover-ws/install/action_interfaces/lib/python3.10/site-packages/action_interfaces/action/_rovercontrol.py
[3.037s] -- Up-to-date: /home/curry/wilson_proj/ros2-rover-ws/install/action_interfaces/lib/python3.10/site-packages/action_interfaces/action/__init__.py
[3.038s] -- Up-to-date: /home/curry/wilson_proj/ros2-rover-ws/install/action_interfaces/lib/python3.10/site-packages/action_interfaces/action/_rovercontrol_s.c
[3.038s] -- Up-to-date: /home/curry/wilson_proj/ros2-rover-ws/install/action_interfaces/lib/python3.10/site-packages/action_interfaces/_action_interfaces_s.ep.rosidl_typesupport_c.c
[3.039s] -- Up-to-date: /home/curry/wilson_proj/ros2-rover-ws/install/action_interfaces/lib/python3.10/site-packages/action_interfaces/_action_interfaces_s.ep.rosidl_typesupport_introspection_c.c
[3.039s] -- Up-to-date: /home/curry/wilson_proj/ros2-rover-ws/install/action_interfaces/lib/python3.10/site-packages/action_interfaces/action_interfaces_s__rosidl_typesupport_introspection_c.cpython-310-aarch64-linux-gnu.so
[3.040s] -- Up-to-date: /home/curry/wilson_proj/ros2-rover-ws/install/action_interfaces/lib/python3.10/site-packages/action_interfaces/__init__.py
[3.041s] -- Up-to-date: /home/curry/wilson_proj/ros2-rover-ws/install/action_interfaces/lib/python3.10/site-packages/action_interfaces/_action_interfaces_s.ep.rosidl_typesupport_fastrtps_c.c
[3.042s] -- Up-to-date: /home/curry/wilson_proj/ros2-rover-ws/install/action_interfaces/lib/python3.10/site-packages/action_interfaces/libaction_interfaces__rosidl_generator_py.so
[3.297s] Listing '/home/curry/wilson_proj/ros2-rover-ws/install/action_interfaces/lib/python3.10/site-packages/action_interfaces'...
[3.298s] Listing '/home/curry/wilson_proj/ros2-rover-ws/install/action_interfaces/lib/python3.10/site-packages/action_interfaces/action'...
[3.334s] -- Up-to-date: /home/curry/wilson_proj/ros2-rover-ws/install/action_interfaces/lib/python3.10/site-packages/action_interfaces/action_interfaces_s__rosidl_typesupport_fastrtps_c.cpython-310-aarch64-linux-gnu.so
[3.338s] -- Up-to-date: /home/curry/wilson_proj/ros2-rover-ws/install/action_interfaces/lib/python3.10/site-packages/action_interfaces/action_interfaces_s__rosidl_typesupport_introspection_c.cpython-310-aarch64-linux-gnu.so
[3.339s] -- Up-to-date: /home/curry/wilson_proj/ros2-rover-ws/install/action_interfaces/lib/python3.10/site-packages/action_interfaces/action_interfaces_s__rosidl_typesupport_c.cpython-310-aarch64-linux-gnu.so
[3.342s] -- Up-to-date: /home/curry/wilson_proj/ros2-rover-ws/install/action_interfaces/lib/libaction_interfaces__rosidl_generator_py.so
[3.345s] -- Up-to-date: /home/curry/wilson_proj/ros2-rover-ws/install/action_interfaces/share/action_interfaces/action/Rovercontrol.idl
[3.347s] -- Up-to-date: /home/curry/wilson_proj/ros2-rover-ws/install/action_interfaces/share/action_interfaces/action/Rovercontrol.action
[3.349s] -- Up-to-date: /home/curry/wilson_proj/ros2-rover-ws/install/action_interfaces/share/ament_index/resource_index/package_run_dependencies/action_interfaces
[3.350s] -- Up-to-date: /home/curry/wilson_proj/ros2-rover-ws/install/action_interfaces/share/ament_index/resource_index/parent_prefix_path/action_interfaces
[3.352s] -- Up-to-date: /home/curry/wilson_proj/ros2-rover-ws/install/action_interfaces/share/action_interfaces/environment/ament_prefix_path.sh
[3.353s] -- Up-to-date: /home/curry/wilson_proj/ros2-rover-ws/install/action_interfaces/share/action_interfaces/environment/ament_prefix_path.dsv
[3.355s] -- Up-to-date: /home/curry/wilson_proj/ros2-rover-ws/install/action_interfaces/share/action_interfaces/environment/path.sh
[3.356s] -- Up-to-date: /home/curry/wilson_proj/ros2-rover-ws/install/action_interfaces/share/action_interfaces/environment/path.dsv
[3.358s] -- Up-to-date: /home/curry/wilson_proj/ros2-rover-ws/install/action_interfaces/share/action_interfaces/local_setup.bash
[3.360s] -- Up-to-date: /home/curry/wilson_proj/ros2-rover-ws/install/action_interfaces/share/action_interfaces/local_setup.sh
[3.361s] -- Up-to-date: /home/curry/wilson_proj/ros2-rover-ws/install/action_interfaces/share/action_interfaces/local_setup.zsh
[3.363s] -- Up-to-date: /home/curry/wilson_proj/ros2-rover-ws/install/action_interfaces/share/action_interfaces/local_setup.dsv
[3.364s] -- Installing: /home/curry/wilson_proj/ros2-rover-ws/install/action_interfaces/share/action_interfaces/package.dsv
[3.382s] -- Up-to-date: /home/curry/wilson_proj/ros2-rover-ws/install/action_interfaces/share/ament_index/resource_index/packages/action_interfaces
[3.385s] -- Up-to-date: /home/curry/wilson_proj/ros2-rover-ws/install/action_interfaces/share/action_interfaces/cmake/export_action_interfaces__rosidl_generator_cExport.cmake
[3.386s] -- Up-to-date: /home/curry/wilson_proj/ros2-rover-ws/install/action_interfaces/share/action_interfaces/cmake/export_action_interfaces__rosidl_generator_cExport-noconfig.cmake
[3.387s] -- Up-to-date: /home/curry/wilson_proj/ros2-rover-ws/install/action_interfaces/share/action_interfaces/cmake/export_action_interfaces__rosidl_typesupport_fastrtps_cExport.cmake
[3.388s] -- Up-to-date: /home/curry/wilson_proj/ros2-rover-ws/install/action_interfaces/share/action_interfaces/cmake/export_action_interfaces__rosidl_typesupport_fastrtps_cExport-noconfig.cmake
[3.389s] -- Up-to-date: /home/curry/wilson_proj/ros2-rover-ws/install/action_interfaces/share/action_interfaces/cmake/action_interfaces__rosidl_typesupport_introspection_cExport.cmake
[3.390s] -- Up-to-date: /home/curry/wilson_proj/ros2-rover-ws/install/action_interfaces/share/action_interfaces/cmake/action_interfaces__rosidl_typesupport_introspection_cExport-noconfig.cmake
[3.391s] -- Up-to-date: /home/curry/wilson_proj/ros2-rover-ws/install/action_interfaces/share/action_interfaces/cmake/action_interfaces__rosidl_typesupport_cExport.cmake
[3.391s] -- Up-to-date: /home/curry/wilson_proj/ros2-rover-ws/install/action_interfaces/share/action_interfaces/cmake/action_interfaces__rosidl_typesupport_cExport-noconfig.cmake
[3.392s] -- Up-to-date: /home/curry/wilson_proj/ros2-rover-ws/install/action_interfaces/share/action_interfaces/cmake/export_action_interfaces__rosidl_generator_cppExport.cmake
[3.393s] -- Up-to-date: /home/curry/wilson_proj/ros2-rover-ws/install/action_interfaces/share/action_interfaces/cmake/export_action_interfaces__rosidl_typesupport_fastrtps_cppExport.cmake
[3.394s] -- Up-to-date: /home/curry/wilson_proj/ros2-rover-ws/install/action_interfaces/share/action_interfaces/cmake/export_action_interfaces__rosidl_typesupport_fastrtps_cppExport-noconfig.cmake
[3.395s] -- Up-to-date: /home/curry/wilson_proj/ros2-rover-ws/install/action_interfaces/share/action_interfaces/cmake/action_interfaces__rosidl_typesupport_introspection_cppExport.cmake
[3.396s] -- Up-to-date: /home/curry/wilson_proj/ros2-rover-ws/install/action_interfaces/share/action_interfaces/cmake/action_interfaces__rosidl_typesupport_introspection_cppExport-noconfig.cmake
[3.398s] -- Up-to-date: /home/curry/wilson_proj/ros2-rover-ws/install/action_interfaces/share/action_interfaces/cmake/action_interfaces__rosidl_typesupport_cppExport.cmake
[3.398s] -- Up-to-date: /home/curry/wilson_proj/ros2-rover-ws/install/action_interfaces/share/action_interfaces/cmake/action_interfaces__rosidl_typesupport_cppExport-noconfig.cmake
[3.402s] -- Up-to-date: /home/curry/wilson_proj/ros2-rover-ws/install/action_interfaces/share/action_interfaces/cmake/export_action_interfaces__rosidl_generator_pyExport.cmake
[3.404s] -- Up-to-date: /home/curry/wilson_proj/ros2-rover-ws/install/action_interfaces/share/action_interfaces/cmake/export_action_interfaces__rosidl_generator_pyExport-noconfig.cmake
[3.406s] -- Up-to-date: /home/curry/wilson_proj/ros2-rover-ws/install/action_interfaces/share/action_interfaces/cmake/rosidl_cmake-extras.cmake
[3.406s] -- Up-to-date: /home/curry/wilson_proj/ros2-rover-ws/install/action_interfaces/share/action_interfaces/cmake/ament_cmake_export_dependencies-extras.cmake
[3.407s] -- Up-to-date: /home/curry/wilson_proj/ros2-rover-ws/install/action_interfaces/share/action_interfaces/cmake/ament_cmake_export_include_directories-extras.cmake
[3.407s] -- Up-to-date: /home/curry/wilson_proj/ros2-rover-ws/install/action_interfaces/share/action_interfaces/cmake/ament_cmake_export_libraries-extras.cmake
[3.415s] -- Up-to-date: /home/curry/wilson_proj/ros2-rover-ws/install/action_interfaces/share/action_interfaces/cmake/ament_cmake_export_targets-extras.cmake
[3.427s] -- Up-to-date: /home/curry/wilson_proj/ros2-rover-ws/install/action_interfaces/share/action_interfaces/cmake/rosidl_cmake_export_typesupport_targets-extras.cmake
[3.427s] -- Up-to-date: /home/curry/wilson_proj/ros2-rover-ws/install/action_interfaces/share/action_interfaces/cmake/rosidl_cmake_export_typesupport_libraries-extras.cmake
[3.428s] -- Up-to-date: /home/curry/wilson_proj/ros2-rover-ws/install/action_interfaces/share/action_interfaces/cmake/action_interfacesConfig.cmake
[3.428s] -- Up-to-date: /home/curry/wilson_proj/ros2-rover-ws/install/action_interfaces/share/action_interfaces/cmake/action_interfacesConfig-version.cmake
[3.429s] -- Up-to-date: /home/curry/wilson_proj/ros2-rover-ws/install/action_interfaces/share/action_interfaces/package.xml
[3.430s] Invoked command in '/home/curry/wilson_proj/ros2-rover-ws/build/action_interfaces' returned '0': CMAKE_PREFIX_PATH=${CMAKE_PREFIX_PATH}:/opt/ros/humble /usr/bin/cmake --install /home/curry/wilson_proj/ros2-rover-ws/build/action_interfaces
