[0.070s] Invoking command in '/home/curry/wilson_proj/ros2-rover-ws/build/package_position_process': CMAKE_PREFIX_PATH=${CMAKE_PREFIX_PATH}:/opt/ros/humble /usr/bin/cmake --build /home/curry/wilson_proj/ros2-rover-ws/build/package_position_process -- -j4 -l4
[0.333s] [35m[1mConsolidate compiler generated dependencies of target node_position_process[0m
[0.414s] [ 50%] Built target node_gnss
[0.445s] [ 75%] [32mBuilding CXX object CMakeFiles/node_position_process.dir/src/node_pose_proc.cpp.o[0m
[40.852s] [100%] [32m[1mLinking CXX executable node_position_process[0m
[43.245s] [100%] Built target node_position_process
[43.293s] Invoked command in '/home/curry/wilson_proj/ros2-rover-ws/build/package_position_process' returned '0': CMAKE_PREFIX_PATH=${CMAKE_PREFIX_PATH}:/opt/ros/humble /usr/bin/cmake --build /home/curry/wilson_proj/ros2-rover-ws/build/package_position_process -- -j4 -l4
[43.482s] Invoking command in '/home/curry/wilson_proj/ros2-rover-ws/build/package_position_process': CMAKE_PREFIX_PATH=${CMAKE_PREFIX_PATH}:/opt/ros/humble /usr/bin/cmake --install /home/curry/wilson_proj/ros2-rover-ws/build/package_position_process
[43.517s] -- Install configuration: ""
[43.519s] -- Up-to-date: /home/curry/wilson_proj/ros2-rover-ws/install/package_position_process/lib/package_position_process/node_gnss
[43.521s] -- Installing: /home/curry/wilson_proj/ros2-rover-ws/install/package_position_process/lib/package_position_process/node_position_process
[43.562s] -- Set runtime path of "/home/curry/wilson_proj/ros2-rover-ws/install/package_position_process/lib/package_position_process/node_position_process" to ""
[43.562s] -- Up-to-date: /home/curry/wilson_proj/ros2-rover-ws/install/package_position_process/share/ament_index/resource_index/package_run_dependencies/package_position_process
[43.563s] -- Up-to-date: /home/curry/wilson_proj/ros2-rover-ws/install/package_position_process/share/ament_index/resource_index/parent_prefix_path/package_position_process
[43.563s] -- Up-to-date: /home/curry/wilson_proj/ros2-rover-ws/install/package_position_process/share/package_position_process/environment/ament_prefix_path.sh
[43.563s] -- Up-to-date: /home/curry/wilson_proj/ros2-rover-ws/install/package_position_process/share/package_position_process/environment/ament_prefix_path.dsv
[43.564s] -- Up-to-date: /home/curry/wilson_proj/ros2-rover-ws/install/package_position_process/share/package_position_process/environment/path.sh
[43.564s] -- Up-to-date: /home/curry/wilson_proj/ros2-rover-ws/install/package_position_process/share/package_position_process/environment/path.dsv
[43.565s] -- Up-to-date: /home/curry/wilson_proj/ros2-rover-ws/install/package_position_process/share/package_position_process/local_setup.bash
[43.565s] -- Up-to-date: /home/curry/wilson_proj/ros2-rover-ws/install/package_position_process/share/package_position_process/local_setup.sh
[43.565s] -- Up-to-date: /home/curry/wilson_proj/ros2-rover-ws/install/package_position_process/share/package_position_process/local_setup.zsh
[43.566s] -- Up-to-date: /home/curry/wilson_proj/ros2-rover-ws/install/package_position_process/share/package_position_process/local_setup.dsv
[43.566s] -- Installing: /home/curry/wilson_proj/ros2-rover-ws/install/package_position_process/share/package_position_process/package.dsv
[43.568s] -- Up-to-date: /home/curry/wilson_proj/ros2-rover-ws/install/package_position_process/share/ament_index/resource_index/packages/package_position_process
[43.568s] -- Up-to-date: /home/curry/wilson_proj/ros2-rover-ws/install/package_position_process/share/package_position_process/cmake/package_position_processConfig.cmake
[43.569s] -- Up-to-date: /home/curry/wilson_proj/ros2-rover-ws/install/package_position_process/share/package_position_process/cmake/package_position_processConfig-version.cmake
[43.569s] -- Up-to-date: /home/curry/wilson_proj/ros2-rover-ws/install/package_position_process/share/package_position_process/package.xml
[43.576s] Invoked command in '/home/curry/wilson_proj/ros2-rover-ws/build/package_position_process' returned '0': CMAKE_PREFIX_PATH=${CMAKE_PREFIX_PATH}:/opt/ros/humble /usr/bin/cmake --install /home/curry/wilson_proj/ros2-rover-ws/build/package_position_process
