-- Found rosidl_default_generators: 1.5.0 (/opt/ros/iron/share/rosidl_default_generators/cmake)
-- Using all available rosidl_typesupport_c: rosidl_typesupport_fastrtps_c;rosidl_typesupport_introspection_c
-- Using all available rosidl_typesupport_cpp: rosidl_typesupport_fastrtps_cpp;rosidl_typesupport_introspection_cpp
-- Found rosidl_adapter: 4.0.1 (/opt/ros/iron/share/rosidl_adapter/cmake)
-- Found ament_cmake_ros: 0.11.2 (/opt/ros/iron/share/ament_cmake_ros/cmake)
-- Using all available rosidl_typesupport_c: rosidl_typesupport_fastrtps_c;rosidl_typesupport_introspection_c
-- Using all available rosidl_typesupport_cpp: rosidl_typesupport_fastrtps_cpp;rosidl_typesupport_introspection_cpp
-- Found python_cmake_module: 0.10.2 (/opt/ros/iron/share/python_cmake_module/cmake)
-- Using PYTHON_EXECUTABLE: /usr/bin/python3
-- Using PYTHON_INCLUDE_DIRS: /usr/include/python3.10
-- Using PYTHON_LIBRARIES: /usr/lib/aarch64-linux-gnu/libpython3.10.so
-- Found ament_lint_auto: 0.14.4 (/opt/ros/iron/share/ament_lint_auto/cmake)
-- Added test 'cppcheck' to perform static code analysis on C / C++ code
-- Configured cppcheck include dirs: 
-- Configured cppcheck exclude dirs and/or files: 
-- Added test 'lint_cmake' to check CMake code style
-- Added test 'uncrustify' to check C / C++ code style
-- Configured uncrustify additional arguments: 
-- Added test 'xmllint' to check XML markup files
-- Configuring done
-- Generating done
-- Build files have been written to: /home/curry/wilson_proj/ros2-rover-ws/build/rover_control_package
[  2%] [34m[1mGenerating type hashes for ROS interfaces[0m
[  2%] Built target ament_cmake_python_copy_rover_control_package
[  2%] Built target rover_control_package__rosidl_generator_type_description
[  5%] [34m[1mGenerating C code for ROS interfaces[0m
[  8%] [34m[1mGenerating C++ code for ROS interfaces[0m
running egg_info
creating rover_control_package.egg-info
writing rover_control_package.egg-info/PKG-INFO
writing dependency_links to rover_control_package.egg-info/dependency_links.txt
writing top-level names to rover_control_package.egg-info/top_level.txt
writing manifest file 'rover_control_package.egg-info/SOURCES.txt'
reading manifest file 'rover_control_package.egg-info/SOURCES.txt'
writing manifest file 'rover_control_package.egg-info/SOURCES.txt'
[  8%] Built target ament_cmake_python_build_rover_control_package_egg
[  8%] Built target rover_control_package__cpp
[ 11%] [32mBuilding C object CMakeFiles/rover_control_package__rosidl_generator_c.dir/rosidl_generator_c/rover_control_package/action/detail/carcontrol__description.c.o[0m
[ 14%] [32mBuilding C object CMakeFiles/rover_control_package__rosidl_generator_c.dir/rosidl_generator_c/rover_control_package/action/detail/carcontrol__functions.c.o[0m
[ 17%] [32mBuilding C object CMakeFiles/rover_control_package__rosidl_generator_c.dir/rosidl_generator_c/rover_control_package/action/detail/carcontrol__type_support.c.o[0m
[ 20%] [32m[1mLinking C shared library librover_control_package__rosidl_generator_c.so[0m
[ 20%] Built target rover_control_package__rosidl_generator_c
[ 23%] [34m[1mGenerating C++ type support dispatch for ROS interfaces[0m
[ 26%] [34m[1mGenerating C type support for eProsima Fast-RTPS[0m
[ 29%] [34m[1mGenerating C introspection for ROS interfaces[0m
[ 32%] [34m[1mGenerating C type support dispatch for ROS interfaces[0m
[ 35%] [32mBuilding CXX object CMakeFiles/rover_control_package__rosidl_typesupport_c.dir/rosidl_typesupport_c/rover_control_package/action/carcontrol__type_support.cpp.o[0m
[ 38%] [32mBuilding CXX object CMakeFiles/rover_control_package__rosidl_typesupport_cpp.dir/rosidl_typesupport_cpp/rover_control_package/action/carcontrol__type_support.cpp.o[0m
[ 41%] [32m[1mLinking CXX shared library librover_control_package__rosidl_typesupport_c.so[0m
[ 44%] [32mBuilding C object CMakeFiles/rover_control_package__rosidl_typesupport_introspection_c.dir/rosidl_typesupport_introspection_c/rover_control_package/action/detail/carcontrol__type_support.c.o[0m
[ 44%] Built target rover_control_package__rosidl_typesupport_c
[ 47%] [34m[1mGenerating C++ type support for eProsima Fast-RTPS[0m
[ 50%] [32mBuilding CXX object CMakeFiles/rover_control_package__rosidl_typesupport_fastrtps_c.dir/rosidl_typesupport_fastrtps_c/rover_control_package/action/detail/carcontrol__type_support_c.cpp.o[0m
[ 52%] [32m[1mLinking C shared library librover_control_package__rosidl_typesupport_introspection_c.so[0m
[ 52%] Built target rover_control_package__rosidl_typesupport_introspection_c
[ 55%] [34m[1mGenerating C++ introspection for ROS interfaces[0m
[ 58%] [32mBuilding CXX object CMakeFiles/rover_control_package__rosidl_typesupport_fastrtps_cpp.dir/rosidl_typesupport_fastrtps_cpp/rover_control_package/action/detail/dds_fastrtps/carcontrol__type_support.cpp.o[0m
[ 61%] [32mBuilding CXX object CMakeFiles/rover_control_package__rosidl_typesupport_introspection_cpp.dir/rosidl_typesupport_introspection_cpp/rover_control_package/action/detail/carcontrol__type_support.cpp.o[0m
[ 64%] [32m[1mLinking CXX shared library librover_control_package__rosidl_typesupport_fastrtps_c.so[0m
[ 64%] Built target rover_control_package__rosidl_typesupport_fastrtps_c
[ 67%] [32m[1mLinking CXX shared library librover_control_package__rosidl_typesupport_cpp.so[0m
[ 67%] Built target rover_control_package__rosidl_typesupport_cpp
[ 70%] [32m[1mLinking CXX shared library librover_control_package__rosidl_typesupport_introspection_cpp.so[0m
[ 70%] Built target rover_control_package__rosidl_typesupport_introspection_cpp
[ 73%] [32m[1mLinking CXX shared library librover_control_package__rosidl_typesupport_fastrtps_cpp.so[0m
[ 73%] Built target rover_control_package__rosidl_typesupport_fastrtps_cpp
[ 73%] Built target rover_control_package
[ 76%] [34m[1mGenerating Python code for ROS interfaces[0m
[ 76%] Built target rover_control_package__py
[ 79%] [32mBuilding C object CMakeFiles/rover_control_package__rosidl_generator_py.dir/rosidl_generator_py/rover_control_package/action/_carcontrol_s.c.o[0m
[ 82%] [32m[1mLinking C shared library rosidl_generator_py/rover_control_package/librover_control_package__rosidl_generator_py.so[0m
[ 82%] Built target rover_control_package__rosidl_generator_py
[ 88%] [32mBuilding C object CMakeFiles/rover_control_package__rosidl_typesupport_fastrtps_c__pyext.dir/rosidl_generator_py/rover_control_package/_rover_control_package_s.ep.rosidl_typesupport_fastrtps_c.c.o[0m
[ 88%] [32mBuilding C object CMakeFiles/rover_control_package__rosidl_typesupport_introspection_c__pyext.dir/rosidl_generator_py/rover_control_package/_rover_control_package_s.ep.rosidl_typesupport_introspection_c.c.o[0m
[ 91%] [32mBuilding C object CMakeFiles/rover_control_package__rosidl_typesupport_c__pyext.dir/rosidl_generator_py/rover_control_package/_rover_control_package_s.ep.rosidl_typesupport_c.c.o[0m
[100%] [32m[1mLinking C shared library rosidl_generator_py/rover_control_package/rover_control_package_s__rosidl_typesupport_introspection_c.cpython-310-aarch64-linux-gnu.so[0m
[100%] [32m[1mLinking C shared library rosidl_generator_py/rover_control_package/rover_control_package_s__rosidl_typesupport_c.cpython-310-aarch64-linux-gnu.so[0m
[100%] [32m[1mLinking C shared library rosidl_generator_py/rover_control_package/rover_control_package_s__rosidl_typesupport_fastrtps_c.cpython-310-aarch64-linux-gnu.so[0m
[100%] Built target rover_control_package__rosidl_typesupport_c__pyext
[100%] Built target rover_control_package__rosidl_typesupport_fastrtps_c__pyext
[100%] Built target rover_control_package__rosidl_typesupport_introspection_c__pyext
-- Install configuration: ""
-- Installing: /home/curry/wilson_proj/ros2-rover-ws/install/rover_control_package/share/ament_index/resource_index/rosidl_interfaces/rover_control_package
-- Installing: /home/curry/wilson_proj/ros2-rover-ws/install/rover_control_package/share/rover_control_package/action/Carcontrol.json
-- Installing: /home/curry/wilson_proj/ros2-rover-ws/install/rover_control_package/include/rover_control_package/rover_control_package
-- Installing: /home/curry/wilson_proj/ros2-rover-ws/install/rover_control_package/include/rover_control_package/rover_control_package/msg
-- Installing: /home/curry/wilson_proj/ros2-rover-ws/install/rover_control_package/include/rover_control_package/rover_control_package/msg/rosidl_generator_c__visibility_control.h
-- Installing: /home/curry/wilson_proj/ros2-rover-ws/install/rover_control_package/include/rover_control_package/rover_control_package/action
-- Installing: /home/curry/wilson_proj/ros2-rover-ws/install/rover_control_package/include/rover_control_package/rover_control_package/action/carcontrol.h
-- Installing: /home/curry/wilson_proj/ros2-rover-ws/install/rover_control_package/include/rover_control_package/rover_control_package/action/detail
-- Installing: /home/curry/wilson_proj/ros2-rover-ws/install/rover_control_package/include/rover_control_package/rover_control_package/action/detail/carcontrol__type_support.c
-- Installing: /home/curry/wilson_proj/ros2-rover-ws/install/rover_control_package/include/rover_control_package/rover_control_package/action/detail/carcontrol__functions.h
-- Installing: /home/curry/wilson_proj/ros2-rover-ws/install/rover_control_package/include/rover_control_package/rover_control_package/action/detail/carcontrol__description.c
-- Installing: /home/curry/wilson_proj/ros2-rover-ws/install/rover_control_package/include/rover_control_package/rover_control_package/action/detail/carcontrol__type_support.h
-- Installing: /home/curry/wilson_proj/ros2-rover-ws/install/rover_control_package/include/rover_control_package/rover_control_package/action/detail/carcontrol__functions.c
-- Installing: /home/curry/wilson_proj/ros2-rover-ws/install/rover_control_package/include/rover_control_package/rover_control_package/action/detail/carcontrol__struct.h
-- Installing: /home/curry/wilson_proj/ros2-rover-ws/install/rover_control_package/share/rover_control_package/environment/library_path.sh
-- Installing: /home/curry/wilson_proj/ros2-rover-ws/install/rover_control_package/share/rover_control_package/environment/library_path.dsv
-- Installing: /home/curry/wilson_proj/ros2-rover-ws/install/rover_control_package/lib/librover_control_package__rosidl_generator_c.so
-- Set runtime path of "/home/curry/wilson_proj/ros2-rover-ws/install/rover_control_package/lib/librover_control_package__rosidl_generator_c.so" to ""
-- Up-to-date: /home/curry/wilson_proj/ros2-rover-ws/install/rover_control_package/include/rover_control_package/rover_control_package
-- Up-to-date: /home/curry/wilson_proj/ros2-rover-ws/install/rover_control_package/include/rover_control_package/rover_control_package/msg
-- Installing: /home/curry/wilson_proj/ros2-rover-ws/install/rover_control_package/include/rover_control_package/rover_control_package/msg/rosidl_typesupport_fastrtps_c__visibility_control.h
-- Up-to-date: /home/curry/wilson_proj/ros2-rover-ws/install/rover_control_package/include/rover_control_package/rover_control_package/action
-- Up-to-date: /home/curry/wilson_proj/ros2-rover-ws/install/rover_control_package/include/rover_control_package/rover_control_package/action/detail
-- Installing: /home/curry/wilson_proj/ros2-rover-ws/install/rover_control_package/include/rover_control_package/rover_control_package/action/detail/carcontrol__rosidl_typesupport_fastrtps_c.h
-- Installing: /home/curry/wilson_proj/ros2-rover-ws/install/rover_control_package/lib/librover_control_package__rosidl_typesupport_fastrtps_c.so
-- Set runtime path of "/home/curry/wilson_proj/ros2-rover-ws/install/rover_control_package/lib/librover_control_package__rosidl_typesupport_fastrtps_c.so" to ""
-- Up-to-date: /home/curry/wilson_proj/ros2-rover-ws/install/rover_control_package/include/rover_control_package/rover_control_package
-- Up-to-date: /home/curry/wilson_proj/ros2-rover-ws/install/rover_control_package/include/rover_control_package/rover_control_package/msg
-- Installing: /home/curry/wilson_proj/ros2-rover-ws/install/rover_control_package/include/rover_control_package/rover_control_package/msg/rosidl_typesupport_introspection_c__visibility_control.h
-- Up-to-date: /home/curry/wilson_proj/ros2-rover-ws/install/rover_control_package/include/rover_control_package/rover_control_package/action
-- Up-to-date: /home/curry/wilson_proj/ros2-rover-ws/install/rover_control_package/include/rover_control_package/rover_control_package/action/detail
-- Installing: /home/curry/wilson_proj/ros2-rover-ws/install/rover_control_package/include/rover_control_package/rover_control_package/action/detail/carcontrol__rosidl_typesupport_introspection_c.h
-- Installing: /home/curry/wilson_proj/ros2-rover-ws/install/rover_control_package/include/rover_control_package/rover_control_package/action/detail/carcontrol__type_support.c
-- Installing: /home/curry/wilson_proj/ros2-rover-ws/install/rover_control_package/lib/librover_control_package__rosidl_typesupport_introspection_c.so
-- Set runtime path of "/home/curry/wilson_proj/ros2-rover-ws/install/rover_control_package/lib/librover_control_package__rosidl_typesupport_introspection_c.so" to ""
-- Installing: /home/curry/wilson_proj/ros2-rover-ws/install/rover_control_package/lib/librover_control_package__rosidl_typesupport_c.so
-- Set runtime path of "/home/curry/wilson_proj/ros2-rover-ws/install/rover_control_package/lib/librover_control_package__rosidl_typesupport_c.so" to ""
-- Up-to-date: /home/curry/wilson_proj/ros2-rover-ws/install/rover_control_package/include/rover_control_package/rover_control_package
-- Up-to-date: /home/curry/wilson_proj/ros2-rover-ws/install/rover_control_package/include/rover_control_package/rover_control_package/action
-- Up-to-date: /home/curry/wilson_proj/ros2-rover-ws/install/rover_control_package/include/rover_control_package/rover_control_package/action/detail
-- Installing: /home/curry/wilson_proj/ros2-rover-ws/install/rover_control_package/include/rover_control_package/rover_control_package/action/detail/carcontrol__struct.hpp
-- Installing: /home/curry/wilson_proj/ros2-rover-ws/install/rover_control_package/include/rover_control_package/rover_control_package/action/detail/carcontrol__builder.hpp
-- Installing: /home/curry/wilson_proj/ros2-rover-ws/install/rover_control_package/include/rover_control_package/rover_control_package/action/detail/carcontrol__traits.hpp
-- Installing: /home/curry/wilson_proj/ros2-rover-ws/install/rover_control_package/include/rover_control_package/rover_control_package/action/carcontrol.hpp
-- Up-to-date: /home/curry/wilson_proj/ros2-rover-ws/install/rover_control_package/include/rover_control_package/rover_control_package
-- Up-to-date: /home/curry/wilson_proj/ros2-rover-ws/install/rover_control_package/include/rover_control_package/rover_control_package/msg
-- Installing: /home/curry/wilson_proj/ros2-rover-ws/install/rover_control_package/include/rover_control_package/rover_control_package/msg/rosidl_typesupport_fastrtps_cpp__visibility_control.h
-- Up-to-date: /home/curry/wilson_proj/ros2-rover-ws/install/rover_control_package/include/rover_control_package/rover_control_package/action
-- Up-to-date: /home/curry/wilson_proj/ros2-rover-ws/install/rover_control_package/include/rover_control_package/rover_control_package/action/detail
-- Installing: /home/curry/wilson_proj/ros2-rover-ws/install/rover_control_package/include/rover_control_package/rover_control_package/action/detail/carcontrol__rosidl_typesupport_fastrtps_cpp.hpp
-- Installing: /home/curry/wilson_proj/ros2-rover-ws/install/rover_control_package/include/rover_control_package/rover_control_package/action/detail/dds_fastrtps
-- Installing: /home/curry/wilson_proj/ros2-rover-ws/install/rover_control_package/lib/librover_control_package__rosidl_typesupport_fastrtps_cpp.so
-- Set runtime path of "/home/curry/wilson_proj/ros2-rover-ws/install/rover_control_package/lib/librover_control_package__rosidl_typesupport_fastrtps_cpp.so" to ""
-- Up-to-date: /home/curry/wilson_proj/ros2-rover-ws/install/rover_control_package/include/rover_control_package/rover_control_package
-- Up-to-date: /home/curry/wilson_proj/ros2-rover-ws/install/rover_control_package/include/rover_control_package/rover_control_package/action
-- Up-to-date: /home/curry/wilson_proj/ros2-rover-ws/install/rover_control_package/include/rover_control_package/rover_control_package/action/detail
-- Installing: /home/curry/wilson_proj/ros2-rover-ws/install/rover_control_package/include/rover_control_package/rover_control_package/action/detail/carcontrol__type_support.cpp
-- Installing: /home/curry/wilson_proj/ros2-rover-ws/install/rover_control_package/include/rover_control_package/rover_control_package/action/detail/carcontrol__rosidl_typesupport_introspection_cpp.hpp
-- Installing: /home/curry/wilson_proj/ros2-rover-ws/install/rover_control_package/lib/librover_control_package__rosidl_typesupport_introspection_cpp.so
-- Set runtime path of "/home/curry/wilson_proj/ros2-rover-ws/install/rover_control_package/lib/librover_control_package__rosidl_typesupport_introspection_cpp.so" to ""
-- Installing: /home/curry/wilson_proj/ros2-rover-ws/install/rover_control_package/lib/librover_control_package__rosidl_typesupport_cpp.so
-- Set runtime path of "/home/curry/wilson_proj/ros2-rover-ws/install/rover_control_package/lib/librover_control_package__rosidl_typesupport_cpp.so" to ""
-- Installing: /home/curry/wilson_proj/ros2-rover-ws/install/rover_control_package/share/rover_control_package/environment/pythonpath.sh
-- Installing: /home/curry/wilson_proj/ros2-rover-ws/install/rover_control_package/share/rover_control_package/environment/pythonpath.dsv
-- Installing: /home/curry/wilson_proj/ros2-rover-ws/install/rover_control_package/lib/python3.10/site-packages/rover_control_package-0.0.0-py3.10.egg-info
-- Installing: /home/curry/wilson_proj/ros2-rover-ws/install/rover_control_package/lib/python3.10/site-packages/rover_control_package-0.0.0-py3.10.egg-info/dependency_links.txt
-- Installing: /home/curry/wilson_proj/ros2-rover-ws/install/rover_control_package/lib/python3.10/site-packages/rover_control_package-0.0.0-py3.10.egg-info/SOURCES.txt
-- Installing: /home/curry/wilson_proj/ros2-rover-ws/install/rover_control_package/lib/python3.10/site-packages/rover_control_package-0.0.0-py3.10.egg-info/top_level.txt
-- Installing: /home/curry/wilson_proj/ros2-rover-ws/install/rover_control_package/lib/python3.10/site-packages/rover_control_package-0.0.0-py3.10.egg-info/PKG-INFO
-- Installing: /home/curry/wilson_proj/ros2-rover-ws/install/rover_control_package/lib/python3.10/site-packages/rover_control_package
-- Installing: /home/curry/wilson_proj/ros2-rover-ws/install/rover_control_package/lib/python3.10/site-packages/rover_control_package/rover_control_package_s__rosidl_typesupport_fastrtps_c.cpython-310-aarch64-linux-gnu.so
-- Installing: /home/curry/wilson_proj/ros2-rover-ws/install/rover_control_package/lib/python3.10/site-packages/rover_control_package/action
-- Installing: /home/curry/wilson_proj/ros2-rover-ws/install/rover_control_package/lib/python3.10/site-packages/rover_control_package/action/__init__.py
-- Installing: /home/curry/wilson_proj/ros2-rover-ws/install/rover_control_package/lib/python3.10/site-packages/rover_control_package/action/_carcontrol.py
-- Installing: /home/curry/wilson_proj/ros2-rover-ws/install/rover_control_package/lib/python3.10/site-packages/rover_control_package/action/_carcontrol_s.c
-- Installing: /home/curry/wilson_proj/ros2-rover-ws/install/rover_control_package/lib/python3.10/site-packages/rover_control_package/_rover_control_package_s.ep.rosidl_typesupport_c.c
-- Installing: /home/curry/wilson_proj/ros2-rover-ws/install/rover_control_package/lib/python3.10/site-packages/rover_control_package/librover_control_package__rosidl_generator_py.so
-- Installing: /home/curry/wilson_proj/ros2-rover-ws/install/rover_control_package/lib/python3.10/site-packages/rover_control_package/__init__.py
-- Installing: /home/curry/wilson_proj/ros2-rover-ws/install/rover_control_package/lib/python3.10/site-packages/rover_control_package/rover_control_package_s__rosidl_typesupport_c.cpython-310-aarch64-linux-gnu.so
-- Installing: /home/curry/wilson_proj/ros2-rover-ws/install/rover_control_package/lib/python3.10/site-packages/rover_control_package/_rover_control_package_s.ep.rosidl_typesupport_introspection_c.c
-- Installing: /home/curry/wilson_proj/ros2-rover-ws/install/rover_control_package/lib/python3.10/site-packages/rover_control_package/rover_control_package_s__rosidl_typesupport_introspection_c.cpython-310-aarch64-linux-gnu.so
-- Installing: /home/curry/wilson_proj/ros2-rover-ws/install/rover_control_package/lib/python3.10/site-packages/rover_control_package/_rover_control_package_s.ep.rosidl_typesupport_fastrtps_c.c
Listing '/home/curry/wilson_proj/ros2-rover-ws/install/rover_control_package/lib/python3.10/site-packages/rover_control_package'...
Compiling '/home/curry/wilson_proj/ros2-rover-ws/install/rover_control_package/lib/python3.10/site-packages/rover_control_package/__init__.py'...
Listing '/home/curry/wilson_proj/ros2-rover-ws/install/rover_control_package/lib/python3.10/site-packages/rover_control_package/action'...
Compiling '/home/curry/wilson_proj/ros2-rover-ws/install/rover_control_package/lib/python3.10/site-packages/rover_control_package/action/__init__.py'...
Compiling '/home/curry/wilson_proj/ros2-rover-ws/install/rover_control_package/lib/python3.10/site-packages/rover_control_package/action/_carcontrol.py'...
-- Installing: /home/curry/wilson_proj/ros2-rover-ws/install/rover_control_package/lib/python3.10/site-packages/rover_control_package/rover_control_package_s__rosidl_typesupport_fastrtps_c.cpython-310-aarch64-linux-gnu.so
-- Set runtime path of "/home/curry/wilson_proj/ros2-rover-ws/install/rover_control_package/lib/python3.10/site-packages/rover_control_package/rover_control_package_s__rosidl_typesupport_fastrtps_c.cpython-310-aarch64-linux-gnu.so" to ""
-- Installing: /home/curry/wilson_proj/ros2-rover-ws/install/rover_control_package/lib/python3.10/site-packages/rover_control_package/rover_control_package_s__rosidl_typesupport_introspection_c.cpython-310-aarch64-linux-gnu.so
-- Set runtime path of "/home/curry/wilson_proj/ros2-rover-ws/install/rover_control_package/lib/python3.10/site-packages/rover_control_package/rover_control_package_s__rosidl_typesupport_introspection_c.cpython-310-aarch64-linux-gnu.so" to ""
-- Installing: /home/curry/wilson_proj/ros2-rover-ws/install/rover_control_package/lib/python3.10/site-packages/rover_control_package/rover_control_package_s__rosidl_typesupport_c.cpython-310-aarch64-linux-gnu.so
-- Set runtime path of "/home/curry/wilson_proj/ros2-rover-ws/install/rover_control_package/lib/python3.10/site-packages/rover_control_package/rover_control_package_s__rosidl_typesupport_c.cpython-310-aarch64-linux-gnu.so" to ""
-- Installing: /home/curry/wilson_proj/ros2-rover-ws/install/rover_control_package/lib/librover_control_package__rosidl_generator_py.so
-- Set runtime path of "/home/curry/wilson_proj/ros2-rover-ws/install/rover_control_package/lib/librover_control_package__rosidl_generator_py.so" to ""
-- Installing: /home/curry/wilson_proj/ros2-rover-ws/install/rover_control_package/share/rover_control_package/action/Carcontrol.idl
-- Installing: /home/curry/wilson_proj/ros2-rover-ws/install/rover_control_package/share/rover_control_package/action/Carcontrol.action
-- Installing: /home/curry/wilson_proj/ros2-rover-ws/install/rover_control_package/share/ament_index/resource_index/package_run_dependencies/rover_control_package
-- Installing: /home/curry/wilson_proj/ros2-rover-ws/install/rover_control_package/share/ament_index/resource_index/parent_prefix_path/rover_control_package
-- Installing: /home/curry/wilson_proj/ros2-rover-ws/install/rover_control_package/share/rover_control_package/environment/ament_prefix_path.sh
-- Installing: /home/curry/wilson_proj/ros2-rover-ws/install/rover_control_package/share/rover_control_package/environment/ament_prefix_path.dsv
-- Installing: /home/curry/wilson_proj/ros2-rover-ws/install/rover_control_package/share/rover_control_package/environment/path.sh
-- Installing: /home/curry/wilson_proj/ros2-rover-ws/install/rover_control_package/share/rover_control_package/environment/path.dsv
-- Installing: /home/curry/wilson_proj/ros2-rover-ws/install/rover_control_package/share/rover_control_package/local_setup.bash
-- Installing: /home/curry/wilson_proj/ros2-rover-ws/install/rover_control_package/share/rover_control_package/local_setup.sh
-- Installing: /home/curry/wilson_proj/ros2-rover-ws/install/rover_control_package/share/rover_control_package/local_setup.zsh
-- Installing: /home/curry/wilson_proj/ros2-rover-ws/install/rover_control_package/share/rover_control_package/local_setup.dsv
-- Installing: /home/curry/wilson_proj/ros2-rover-ws/install/rover_control_package/share/rover_control_package/package.dsv
-- Installing: /home/curry/wilson_proj/ros2-rover-ws/install/rover_control_package/share/ament_index/resource_index/packages/rover_control_package
-- Installing: /home/curry/wilson_proj/ros2-rover-ws/install/rover_control_package/share/rover_control_package/cmake/export_rover_control_package__rosidl_generator_cExport.cmake
-- Installing: /home/curry/wilson_proj/ros2-rover-ws/install/rover_control_package/share/rover_control_package/cmake/export_rover_control_package__rosidl_generator_cExport-noconfig.cmake
-- Installing: /home/curry/wilson_proj/ros2-rover-ws/install/rover_control_package/share/rover_control_package/cmake/export_rover_control_package__rosidl_typesupport_fastrtps_cExport.cmake
-- Installing: /home/curry/wilson_proj/ros2-rover-ws/install/rover_control_package/share/rover_control_package/cmake/export_rover_control_package__rosidl_typesupport_fastrtps_cExport-noconfig.cmake
-- Installing: /home/curry/wilson_proj/ros2-rover-ws/install/rover_control_package/share/rover_control_package/cmake/rover_control_package__rosidl_typesupport_introspection_cExport.cmake
-- Installing: /home/curry/wilson_proj/ros2-rover-ws/install/rover_control_package/share/rover_control_package/cmake/rover_control_package__rosidl_typesupport_introspection_cExport-noconfig.cmake
-- Installing: /home/curry/wilson_proj/ros2-rover-ws/install/rover_control_package/share/rover_control_package/cmake/rover_control_package__rosidl_typesupport_cExport.cmake
-- Installing: /home/curry/wilson_proj/ros2-rover-ws/install/rover_control_package/share/rover_control_package/cmake/rover_control_package__rosidl_typesupport_cExport-noconfig.cmake
-- Installing: /home/curry/wilson_proj/ros2-rover-ws/install/rover_control_package/share/rover_control_package/cmake/export_rover_control_package__rosidl_generator_cppExport.cmake
-- Installing: /home/curry/wilson_proj/ros2-rover-ws/install/rover_control_package/share/rover_control_package/cmake/export_rover_control_package__rosidl_typesupport_fastrtps_cppExport.cmake
-- Installing: /home/curry/wilson_proj/ros2-rover-ws/install/rover_control_package/share/rover_control_package/cmake/export_rover_control_package__rosidl_typesupport_fastrtps_cppExport-noconfig.cmake
-- Installing: /home/curry/wilson_proj/ros2-rover-ws/install/rover_control_package/share/rover_control_package/cmake/rover_control_package__rosidl_typesupport_introspection_cppExport.cmake
-- Installing: /home/curry/wilson_proj/ros2-rover-ws/install/rover_control_package/share/rover_control_package/cmake/rover_control_package__rosidl_typesupport_introspection_cppExport-noconfig.cmake
-- Installing: /home/curry/wilson_proj/ros2-rover-ws/install/rover_control_package/share/rover_control_package/cmake/rover_control_package__rosidl_typesupport_cppExport.cmake
-- Installing: /home/curry/wilson_proj/ros2-rover-ws/install/rover_control_package/share/rover_control_package/cmake/rover_control_package__rosidl_typesupport_cppExport-noconfig.cmake
-- Installing: /home/curry/wilson_proj/ros2-rover-ws/install/rover_control_package/share/rover_control_package/cmake/export_rover_control_package__rosidl_generator_pyExport.cmake
-- Installing: /home/curry/wilson_proj/ros2-rover-ws/install/rover_control_package/share/rover_control_package/cmake/export_rover_control_package__rosidl_generator_pyExport-noconfig.cmake
-- Installing: /home/curry/wilson_proj/ros2-rover-ws/install/rover_control_package/share/rover_control_package/cmake/rosidl_cmake-extras.cmake
-- Installing: /home/curry/wilson_proj/ros2-rover-ws/install/rover_control_package/share/rover_control_package/cmake/ament_cmake_export_dependencies-extras.cmake
-- Installing: /home/curry/wilson_proj/ros2-rover-ws/install/rover_control_package/share/rover_control_package/cmake/ament_cmake_export_include_directories-extras.cmake
-- Installing: /home/curry/wilson_proj/ros2-rover-ws/install/rover_control_package/share/rover_control_package/cmake/ament_cmake_export_libraries-extras.cmake
-- Installing: /home/curry/wilson_proj/ros2-rover-ws/install/rover_control_package/share/rover_control_package/cmake/ament_cmake_export_targets-extras.cmake
-- Installing: /home/curry/wilson_proj/ros2-rover-ws/install/rover_control_package/share/rover_control_package/cmake/rosidl_cmake_export_typesupport_targets-extras.cmake
-- Installing: /home/curry/wilson_proj/ros2-rover-ws/install/rover_control_package/share/rover_control_package/cmake/rosidl_cmake_export_typesupport_libraries-extras.cmake
-- Installing: /home/curry/wilson_proj/ros2-rover-ws/install/rover_control_package/share/rover_control_package/cmake/rover_control_packageConfig.cmake
-- Installing: /home/curry/wilson_proj/ros2-rover-ws/install/rover_control_package/share/rover_control_package/cmake/rover_control_packageConfig-version.cmake
-- Installing: /home/curry/wilson_proj/ros2-rover-ws/install/rover_control_package/share/rover_control_package/package.xml
