-- Found ament_cmake: 1.3.11 (/opt/ros/humble/share/ament_cmake/cmake)
-- Found std_msgs: 4.2.4 (/opt/ros/humble/share/std_msgs/cmake)
-- Found rosidl_generator_c: 3.1.6 (/opt/ros/humble/share/rosidl_generator_c/cmake)
-- Found rosidl_adapter: 3.1.6 (/opt/ros/humble/share/rosidl_adapter/cmake)
-- Found rosidl_generator_cpp: 3.1.6 (/opt/ros/humble/share/rosidl_generator_cpp/cmake)
-- Using all available rosidl_typesupport_c: rosidl_typesupport_fastrtps_c;rosidl_typesupport_introspection_c
-- Using all available rosidl_typesupport_cpp: rosidl_typesupport_fastrtps_cpp;rosidl_typesupport_introspection_cpp
-- Found rosidl_default_generators: 1.2.0 (/opt/ros/humble/share/rosidl_default_generators/cmake)
-- Found ament_cmake_ros: 0.10.0 (/opt/ros/humble/share/ament_cmake_ros/cmake)
-- Using all available rosidl_typesupport_c: rosidl_typesupport_fastrtps_c;rosidl_typesupport_introspection_c
-- Using all available rosidl_typesupport_cpp: rosidl_typesupport_fastrtps_cpp;rosidl_typesupport_introspection_cpp
-- Found PythonInterp: /usr/bin/python3 (found suitable version "3.10.12", minimum required is "3.6") 
-- Found python_cmake_module: 0.10.0 (/opt/ros/humble/share/python_cmake_module/cmake)
-- Found PythonLibs: /usr/lib/aarch64-linux-gnu/libpython3.10.so (found suitable version "3.10.12", minimum required is "3.5") 
-- Using PYTHON_EXECUTABLE: /usr/bin/python3
-- Using PYTHON_INCLUDE_DIRS: /usr/include/python3.10
-- Using PYTHON_LIBRARIES: /usr/lib/aarch64-linux-gnu/libpython3.10.so
-- Found PythonExtra: .so  
-- Found ament_lint_auto: 0.12.11 (/opt/ros/humble/share/ament_lint_auto/cmake)
-- Added test 'lint_cmake' to check CMake code style
-- Added test 'xmllint' to check XML markup files
-- Configuring done
-- Generating done
-- Build files have been written to: /home/curry/wilson_proj/ros2-rover-ws/build/ifaces_rover
[  3%] [34m[1mGenerating C code for ROS interfaces[0m
[  6%] [34m[1mGenerating C++ code for ROS interfaces[0m
[  6%] Built target ament_cmake_python_copy_ifaces_rover
[  9%] [32mBuilding C object CMakeFiles/ifaces_rover__rosidl_generator_c.dir/rosidl_generator_c/ifaces_rover/srv/detail/spd_limit__functions.c.o[0m
[  9%] Built target ifaces_rover__cpp
[ 12%] [34m[1mGenerating C++ type support dispatch for ROS interfaces[0m
[ 16%] [34m[1mGenerating C++ type support for eProsima Fast-RTPS[0m
running egg_info
creating ifaces_rover.egg-info
writing ifaces_rover.egg-info/PKG-INFO
writing dependency_links to ifaces_rover.egg-info/dependency_links.txt
writing top-level names to ifaces_rover.egg-info/top_level.txt
writing manifest file 'ifaces_rover.egg-info/SOURCES.txt'
[ 19%] [32m[1mLinking C shared library libifaces_rover__rosidl_generator_c.so[0m
reading manifest file 'ifaces_rover.egg-info/SOURCES.txt'
writing manifest file 'ifaces_rover.egg-info/SOURCES.txt'
[ 19%] Built target ament_cmake_python_build_ifaces_rover_egg
[ 19%] Built target ifaces_rover__rosidl_generator_c
[ 22%] [34m[1mGenerating C++ introspection for ROS interfaces[0m
[ 25%] [34m[1mGenerating C type support for eProsima Fast-RTPS[0m
[ 29%] [32mBuilding CXX object CMakeFiles/ifaces_rover__rosidl_typesupport_cpp.dir/rosidl_typesupport_cpp/ifaces_rover/srv/spd_limit__type_support.cpp.o[0m
[ 32%] [32mBuilding CXX object CMakeFiles/ifaces_rover__rosidl_typesupport_fastrtps_cpp.dir/rosidl_typesupport_fastrtps_cpp/ifaces_rover/srv/detail/dds_fastrtps/spd_limit__type_support.cpp.o[0m
[ 35%] [32mBuilding CXX object CMakeFiles/ifaces_rover__rosidl_typesupport_introspection_cpp.dir/rosidl_typesupport_introspection_cpp/ifaces_rover/srv/detail/spd_limit__type_support.cpp.o[0m
[ 38%] [32mBuilding CXX object CMakeFiles/ifaces_rover__rosidl_typesupport_fastrtps_c.dir/rosidl_typesupport_fastrtps_c/ifaces_rover/srv/detail/spd_limit__type_support_c.cpp.o[0m
[ 41%] [32m[1mLinking CXX shared library libifaces_rover__rosidl_typesupport_cpp.so[0m
[ 41%] Built target ifaces_rover__rosidl_typesupport_cpp
[ 45%] [34m[1mGenerating C introspection for ROS interfaces[0m
[ 48%] [32m[1mLinking CXX shared library libifaces_rover__rosidl_typesupport_fastrtps_cpp.so[0m
[ 51%] [32m[1mLinking CXX shared library libifaces_rover__rosidl_typesupport_fastrtps_c.so[0m
[ 54%] [32m[1mLinking CXX shared library libifaces_rover__rosidl_typesupport_introspection_cpp.so[0m
[ 54%] Built target ifaces_rover__rosidl_typesupport_fastrtps_cpp
[ 58%] [34m[1mGenerating C type support dispatch for ROS interfaces[0m
[ 58%] Built target ifaces_rover__rosidl_typesupport_fastrtps_c
[ 58%] Built target ifaces_rover__rosidl_typesupport_introspection_cpp
[ 61%] [32mBuilding C object CMakeFiles/ifaces_rover__rosidl_typesupport_introspection_c.dir/rosidl_typesupport_introspection_c/ifaces_rover/srv/detail/spd_limit__type_support.c.o[0m
[ 64%] [32m[1mLinking C shared library libifaces_rover__rosidl_typesupport_introspection_c.so[0m
[ 64%] Built target ifaces_rover__rosidl_typesupport_introspection_c
[ 67%] [32mBuilding CXX object CMakeFiles/ifaces_rover__rosidl_typesupport_c.dir/rosidl_typesupport_c/ifaces_rover/srv/spd_limit__type_support.cpp.o[0m
[ 70%] [32m[1mLinking CXX shared library libifaces_rover__rosidl_typesupport_c.so[0m
[ 70%] Built target ifaces_rover__rosidl_typesupport_c
[ 70%] Built target ifaces_rover
[ 74%] [34m[1mGenerating Python code for ROS interfaces[0m
[ 74%] Built target ifaces_rover__py
[ 77%] [32mBuilding C object CMakeFiles/ifaces_rover__rosidl_generator_py.dir/rosidl_generator_py/ifaces_rover/srv/_spd_limit_s.c.o[0m
[ 80%] [32m[1mLinking C shared library rosidl_generator_py/ifaces_rover/libifaces_rover__rosidl_generator_py.so[0m
[ 80%] Built target ifaces_rover__rosidl_generator_py
[ 83%] [32mBuilding C object CMakeFiles/ifaces_rover__rosidl_typesupport_fastrtps_c__pyext.dir/rosidl_generator_py/ifaces_rover/_ifaces_rover_s.ep.rosidl_typesupport_fastrtps_c.c.o[0m
[ 87%] [32mBuilding C object CMakeFiles/ifaces_rover__rosidl_typesupport_introspection_c__pyext.dir/rosidl_generator_py/ifaces_rover/_ifaces_rover_s.ep.rosidl_typesupport_introspection_c.c.o[0m
[ 90%] [32mBuilding C object CMakeFiles/ifaces_rover__rosidl_typesupport_c__pyext.dir/rosidl_generator_py/ifaces_rover/_ifaces_rover_s.ep.rosidl_typesupport_c.c.o[0m
[100%] [32m[1mLinking C shared library rosidl_generator_py/ifaces_rover/ifaces_rover_s__rosidl_typesupport_c.cpython-310-aarch64-linux-gnu.so[0m
[100%] [32m[1mLinking C shared library rosidl_generator_py/ifaces_rover/ifaces_rover_s__rosidl_typesupport_introspection_c.cpython-310-aarch64-linux-gnu.so[0m
[100%] [32m[1mLinking C shared library rosidl_generator_py/ifaces_rover/ifaces_rover_s__rosidl_typesupport_fastrtps_c.cpython-310-aarch64-linux-gnu.so[0m
[100%] Built target ifaces_rover__rosidl_typesupport_fastrtps_c__pyext
[100%] Built target ifaces_rover__rosidl_typesupport_introspection_c__pyext
[100%] Built target ifaces_rover__rosidl_typesupport_c__pyext
-- Install configuration: ""
-- Installing: /home/curry/wilson_proj/ros2-rover-ws/install/ifaces_rover/share/ament_index/resource_index/rosidl_interfaces/ifaces_rover
-- Installing: /home/curry/wilson_proj/ros2-rover-ws/install/ifaces_rover/include/ifaces_rover/ifaces_rover
-- Installing: /home/curry/wilson_proj/ros2-rover-ws/install/ifaces_rover/include/ifaces_rover/ifaces_rover/msg
-- Installing: /home/curry/wilson_proj/ros2-rover-ws/install/ifaces_rover/include/ifaces_rover/ifaces_rover/msg/rosidl_generator_c__visibility_control.h
-- Installing: /home/curry/wilson_proj/ros2-rover-ws/install/ifaces_rover/include/ifaces_rover/ifaces_rover/srv
-- Installing: /home/curry/wilson_proj/ros2-rover-ws/install/ifaces_rover/include/ifaces_rover/ifaces_rover/srv/detail
-- Installing: /home/curry/wilson_proj/ros2-rover-ws/install/ifaces_rover/include/ifaces_rover/ifaces_rover/srv/detail/spd_limit__functions.c
-- Installing: /home/curry/wilson_proj/ros2-rover-ws/install/ifaces_rover/include/ifaces_rover/ifaces_rover/srv/detail/spd_limit__functions.h
-- Installing: /home/curry/wilson_proj/ros2-rover-ws/install/ifaces_rover/include/ifaces_rover/ifaces_rover/srv/detail/spd_limit__struct.h
-- Installing: /home/curry/wilson_proj/ros2-rover-ws/install/ifaces_rover/include/ifaces_rover/ifaces_rover/srv/detail/spd_limit__type_support.h
-- Installing: /home/curry/wilson_proj/ros2-rover-ws/install/ifaces_rover/include/ifaces_rover/ifaces_rover/srv/spd_limit.h
-- Installing: /home/curry/wilson_proj/ros2-rover-ws/install/ifaces_rover/share/ifaces_rover/environment/library_path.sh
-- Installing: /home/curry/wilson_proj/ros2-rover-ws/install/ifaces_rover/share/ifaces_rover/environment/library_path.dsv
-- Installing: /home/curry/wilson_proj/ros2-rover-ws/install/ifaces_rover/lib/libifaces_rover__rosidl_generator_c.so
-- Set runtime path of "/home/curry/wilson_proj/ros2-rover-ws/install/ifaces_rover/lib/libifaces_rover__rosidl_generator_c.so" to ""
-- Up-to-date: /home/curry/wilson_proj/ros2-rover-ws/install/ifaces_rover/include/ifaces_rover/ifaces_rover
-- Up-to-date: /home/curry/wilson_proj/ros2-rover-ws/install/ifaces_rover/include/ifaces_rover/ifaces_rover/msg
-- Installing: /home/curry/wilson_proj/ros2-rover-ws/install/ifaces_rover/include/ifaces_rover/ifaces_rover/msg/rosidl_typesupport_fastrtps_c__visibility_control.h
-- Up-to-date: /home/curry/wilson_proj/ros2-rover-ws/install/ifaces_rover/include/ifaces_rover/ifaces_rover/srv
-- Up-to-date: /home/curry/wilson_proj/ros2-rover-ws/install/ifaces_rover/include/ifaces_rover/ifaces_rover/srv/detail
-- Installing: /home/curry/wilson_proj/ros2-rover-ws/install/ifaces_rover/include/ifaces_rover/ifaces_rover/srv/detail/spd_limit__rosidl_typesupport_fastrtps_c.h
-- Installing: /home/curry/wilson_proj/ros2-rover-ws/install/ifaces_rover/lib/libifaces_rover__rosidl_typesupport_fastrtps_c.so
-- Set runtime path of "/home/curry/wilson_proj/ros2-rover-ws/install/ifaces_rover/lib/libifaces_rover__rosidl_typesupport_fastrtps_c.so" to ""
-- Up-to-date: /home/curry/wilson_proj/ros2-rover-ws/install/ifaces_rover/include/ifaces_rover/ifaces_rover
-- Up-to-date: /home/curry/wilson_proj/ros2-rover-ws/install/ifaces_rover/include/ifaces_rover/ifaces_rover/msg
-- Installing: /home/curry/wilson_proj/ros2-rover-ws/install/ifaces_rover/include/ifaces_rover/ifaces_rover/msg/rosidl_generator_cpp__visibility_control.hpp
-- Up-to-date: /home/curry/wilson_proj/ros2-rover-ws/install/ifaces_rover/include/ifaces_rover/ifaces_rover/srv
-- Installing: /home/curry/wilson_proj/ros2-rover-ws/install/ifaces_rover/include/ifaces_rover/ifaces_rover/srv/spd_limit.hpp
-- Up-to-date: /home/curry/wilson_proj/ros2-rover-ws/install/ifaces_rover/include/ifaces_rover/ifaces_rover/srv/detail
-- Installing: /home/curry/wilson_proj/ros2-rover-ws/install/ifaces_rover/include/ifaces_rover/ifaces_rover/srv/detail/spd_limit__builder.hpp
-- Installing: /home/curry/wilson_proj/ros2-rover-ws/install/ifaces_rover/include/ifaces_rover/ifaces_rover/srv/detail/spd_limit__traits.hpp
-- Installing: /home/curry/wilson_proj/ros2-rover-ws/install/ifaces_rover/include/ifaces_rover/ifaces_rover/srv/detail/spd_limit__struct.hpp
-- Installing: /home/curry/wilson_proj/ros2-rover-ws/install/ifaces_rover/include/ifaces_rover/ifaces_rover/srv/detail/spd_limit__type_support.hpp
-- Up-to-date: /home/curry/wilson_proj/ros2-rover-ws/install/ifaces_rover/include/ifaces_rover/ifaces_rover
-- Up-to-date: /home/curry/wilson_proj/ros2-rover-ws/install/ifaces_rover/include/ifaces_rover/ifaces_rover/msg
-- Installing: /home/curry/wilson_proj/ros2-rover-ws/install/ifaces_rover/include/ifaces_rover/ifaces_rover/msg/rosidl_typesupport_fastrtps_cpp__visibility_control.h
-- Up-to-date: /home/curry/wilson_proj/ros2-rover-ws/install/ifaces_rover/include/ifaces_rover/ifaces_rover/srv
-- Up-to-date: /home/curry/wilson_proj/ros2-rover-ws/install/ifaces_rover/include/ifaces_rover/ifaces_rover/srv/detail
-- Installing: /home/curry/wilson_proj/ros2-rover-ws/install/ifaces_rover/include/ifaces_rover/ifaces_rover/srv/detail/dds_fastrtps
-- Installing: /home/curry/wilson_proj/ros2-rover-ws/install/ifaces_rover/include/ifaces_rover/ifaces_rover/srv/detail/spd_limit__rosidl_typesupport_fastrtps_cpp.hpp
-- Installing: /home/curry/wilson_proj/ros2-rover-ws/install/ifaces_rover/lib/libifaces_rover__rosidl_typesupport_fastrtps_cpp.so
-- Set runtime path of "/home/curry/wilson_proj/ros2-rover-ws/install/ifaces_rover/lib/libifaces_rover__rosidl_typesupport_fastrtps_cpp.so" to ""
-- Up-to-date: /home/curry/wilson_proj/ros2-rover-ws/install/ifaces_rover/include/ifaces_rover/ifaces_rover
-- Up-to-date: /home/curry/wilson_proj/ros2-rover-ws/install/ifaces_rover/include/ifaces_rover/ifaces_rover/msg
-- Installing: /home/curry/wilson_proj/ros2-rover-ws/install/ifaces_rover/include/ifaces_rover/ifaces_rover/msg/rosidl_typesupport_introspection_c__visibility_control.h
-- Up-to-date: /home/curry/wilson_proj/ros2-rover-ws/install/ifaces_rover/include/ifaces_rover/ifaces_rover/srv
-- Up-to-date: /home/curry/wilson_proj/ros2-rover-ws/install/ifaces_rover/include/ifaces_rover/ifaces_rover/srv/detail
-- Installing: /home/curry/wilson_proj/ros2-rover-ws/install/ifaces_rover/include/ifaces_rover/ifaces_rover/srv/detail/spd_limit__type_support.c
-- Installing: /home/curry/wilson_proj/ros2-rover-ws/install/ifaces_rover/include/ifaces_rover/ifaces_rover/srv/detail/spd_limit__rosidl_typesupport_introspection_c.h
-- Installing: /home/curry/wilson_proj/ros2-rover-ws/install/ifaces_rover/lib/libifaces_rover__rosidl_typesupport_introspection_c.so
-- Set runtime path of "/home/curry/wilson_proj/ros2-rover-ws/install/ifaces_rover/lib/libifaces_rover__rosidl_typesupport_introspection_c.so" to ""
-- Installing: /home/curry/wilson_proj/ros2-rover-ws/install/ifaces_rover/lib/libifaces_rover__rosidl_typesupport_c.so
-- Set runtime path of "/home/curry/wilson_proj/ros2-rover-ws/install/ifaces_rover/lib/libifaces_rover__rosidl_typesupport_c.so" to ""
-- Up-to-date: /home/curry/wilson_proj/ros2-rover-ws/install/ifaces_rover/include/ifaces_rover/ifaces_rover
-- Up-to-date: /home/curry/wilson_proj/ros2-rover-ws/install/ifaces_rover/include/ifaces_rover/ifaces_rover/srv
-- Up-to-date: /home/curry/wilson_proj/ros2-rover-ws/install/ifaces_rover/include/ifaces_rover/ifaces_rover/srv/detail
-- Installing: /home/curry/wilson_proj/ros2-rover-ws/install/ifaces_rover/include/ifaces_rover/ifaces_rover/srv/detail/spd_limit__type_support.cpp
-- Installing: /home/curry/wilson_proj/ros2-rover-ws/install/ifaces_rover/include/ifaces_rover/ifaces_rover/srv/detail/spd_limit__rosidl_typesupport_introspection_cpp.hpp
-- Installing: /home/curry/wilson_proj/ros2-rover-ws/install/ifaces_rover/lib/libifaces_rover__rosidl_typesupport_introspection_cpp.so
-- Set runtime path of "/home/curry/wilson_proj/ros2-rover-ws/install/ifaces_rover/lib/libifaces_rover__rosidl_typesupport_introspection_cpp.so" to ""
-- Installing: /home/curry/wilson_proj/ros2-rover-ws/install/ifaces_rover/lib/libifaces_rover__rosidl_typesupport_cpp.so
-- Set runtime path of "/home/curry/wilson_proj/ros2-rover-ws/install/ifaces_rover/lib/libifaces_rover__rosidl_typesupport_cpp.so" to ""
-- Installing: /home/curry/wilson_proj/ros2-rover-ws/install/ifaces_rover/share/ifaces_rover/environment/pythonpath.sh
-- Installing: /home/curry/wilson_proj/ros2-rover-ws/install/ifaces_rover/share/ifaces_rover/environment/pythonpath.dsv
-- Installing: /home/curry/wilson_proj/ros2-rover-ws/install/ifaces_rover/local/lib/python3.10/dist-packages/ifaces_rover-0.0.0-py3.10.egg-info
-- Installing: /home/curry/wilson_proj/ros2-rover-ws/install/ifaces_rover/local/lib/python3.10/dist-packages/ifaces_rover-0.0.0-py3.10.egg-info/dependency_links.txt
-- Installing: /home/curry/wilson_proj/ros2-rover-ws/install/ifaces_rover/local/lib/python3.10/dist-packages/ifaces_rover-0.0.0-py3.10.egg-info/SOURCES.txt
-- Installing: /home/curry/wilson_proj/ros2-rover-ws/install/ifaces_rover/local/lib/python3.10/dist-packages/ifaces_rover-0.0.0-py3.10.egg-info/top_level.txt
-- Installing: /home/curry/wilson_proj/ros2-rover-ws/install/ifaces_rover/local/lib/python3.10/dist-packages/ifaces_rover-0.0.0-py3.10.egg-info/PKG-INFO
-- Installing: /home/curry/wilson_proj/ros2-rover-ws/install/ifaces_rover/local/lib/python3.10/dist-packages/ifaces_rover
-- Installing: /home/curry/wilson_proj/ros2-rover-ws/install/ifaces_rover/local/lib/python3.10/dist-packages/ifaces_rover/ifaces_rover_s__rosidl_typesupport_introspection_c.cpython-310-aarch64-linux-gnu.so
-- Installing: /home/curry/wilson_proj/ros2-rover-ws/install/ifaces_rover/local/lib/python3.10/dist-packages/ifaces_rover/srv
-- Installing: /home/curry/wilson_proj/ros2-rover-ws/install/ifaces_rover/local/lib/python3.10/dist-packages/ifaces_rover/srv/_spd_limit_s.c
-- Installing: /home/curry/wilson_proj/ros2-rover-ws/install/ifaces_rover/local/lib/python3.10/dist-packages/ifaces_rover/srv/__init__.py
-- Installing: /home/curry/wilson_proj/ros2-rover-ws/install/ifaces_rover/local/lib/python3.10/dist-packages/ifaces_rover/srv/_spd_limit.py
-- Installing: /home/curry/wilson_proj/ros2-rover-ws/install/ifaces_rover/local/lib/python3.10/dist-packages/ifaces_rover/ifaces_rover_s__rosidl_typesupport_c.cpython-310-aarch64-linux-gnu.so
-- Installing: /home/curry/wilson_proj/ros2-rover-ws/install/ifaces_rover/local/lib/python3.10/dist-packages/ifaces_rover/_ifaces_rover_s.ep.rosidl_typesupport_introspection_c.c
-- Installing: /home/curry/wilson_proj/ros2-rover-ws/install/ifaces_rover/local/lib/python3.10/dist-packages/ifaces_rover/_ifaces_rover_s.ep.rosidl_typesupport_fastrtps_c.c
-- Installing: /home/curry/wilson_proj/ros2-rover-ws/install/ifaces_rover/local/lib/python3.10/dist-packages/ifaces_rover/__init__.py
-- Installing: /home/curry/wilson_proj/ros2-rover-ws/install/ifaces_rover/local/lib/python3.10/dist-packages/ifaces_rover/ifaces_rover_s__rosidl_typesupport_fastrtps_c.cpython-310-aarch64-linux-gnu.so
-- Installing: /home/curry/wilson_proj/ros2-rover-ws/install/ifaces_rover/local/lib/python3.10/dist-packages/ifaces_rover/_ifaces_rover_s.ep.rosidl_typesupport_c.c
-- Installing: /home/curry/wilson_proj/ros2-rover-ws/install/ifaces_rover/local/lib/python3.10/dist-packages/ifaces_rover/libifaces_rover__rosidl_generator_py.so
Listing '/home/curry/wilson_proj/ros2-rover-ws/install/ifaces_rover/local/lib/python3.10/dist-packages/ifaces_rover'...
Compiling '/home/curry/wilson_proj/ros2-rover-ws/install/ifaces_rover/local/lib/python3.10/dist-packages/ifaces_rover/__init__.py'...
Listing '/home/curry/wilson_proj/ros2-rover-ws/install/ifaces_rover/local/lib/python3.10/dist-packages/ifaces_rover/srv'...
Compiling '/home/curry/wilson_proj/ros2-rover-ws/install/ifaces_rover/local/lib/python3.10/dist-packages/ifaces_rover/srv/__init__.py'...
Compiling '/home/curry/wilson_proj/ros2-rover-ws/install/ifaces_rover/local/lib/python3.10/dist-packages/ifaces_rover/srv/_spd_limit.py'...
-- Installing: /home/curry/wilson_proj/ros2-rover-ws/install/ifaces_rover/local/lib/python3.10/dist-packages/ifaces_rover/ifaces_rover_s__rosidl_typesupport_fastrtps_c.cpython-310-aarch64-linux-gnu.so
-- Set runtime path of "/home/curry/wilson_proj/ros2-rover-ws/install/ifaces_rover/local/lib/python3.10/dist-packages/ifaces_rover/ifaces_rover_s__rosidl_typesupport_fastrtps_c.cpython-310-aarch64-linux-gnu.so" to ""
-- Installing: /home/curry/wilson_proj/ros2-rover-ws/install/ifaces_rover/local/lib/python3.10/dist-packages/ifaces_rover/ifaces_rover_s__rosidl_typesupport_introspection_c.cpython-310-aarch64-linux-gnu.so
-- Set runtime path of "/home/curry/wilson_proj/ros2-rover-ws/install/ifaces_rover/local/lib/python3.10/dist-packages/ifaces_rover/ifaces_rover_s__rosidl_typesupport_introspection_c.cpython-310-aarch64-linux-gnu.so" to ""
-- Installing: /home/curry/wilson_proj/ros2-rover-ws/install/ifaces_rover/local/lib/python3.10/dist-packages/ifaces_rover/ifaces_rover_s__rosidl_typesupport_c.cpython-310-aarch64-linux-gnu.so
-- Set runtime path of "/home/curry/wilson_proj/ros2-rover-ws/install/ifaces_rover/local/lib/python3.10/dist-packages/ifaces_rover/ifaces_rover_s__rosidl_typesupport_c.cpython-310-aarch64-linux-gnu.so" to ""
-- Installing: /home/curry/wilson_proj/ros2-rover-ws/install/ifaces_rover/lib/libifaces_rover__rosidl_generator_py.so
-- Set runtime path of "/home/curry/wilson_proj/ros2-rover-ws/install/ifaces_rover/lib/libifaces_rover__rosidl_generator_py.so" to ""
-- Installing: /home/curry/wilson_proj/ros2-rover-ws/install/ifaces_rover/share/ifaces_rover/srv/SpdLimit.idl
-- Installing: /home/curry/wilson_proj/ros2-rover-ws/install/ifaces_rover/share/ifaces_rover/srv/SpdLimit.srv
-- Installing: /home/curry/wilson_proj/ros2-rover-ws/install/ifaces_rover/share/ifaces_rover/srv/SpdLimit_Request.msg
-- Installing: /home/curry/wilson_proj/ros2-rover-ws/install/ifaces_rover/share/ifaces_rover/srv/SpdLimit_Response.msg
-- Installing: /home/curry/wilson_proj/ros2-rover-ws/install/ifaces_rover/share/ament_index/resource_index/package_run_dependencies/ifaces_rover
-- Installing: /home/curry/wilson_proj/ros2-rover-ws/install/ifaces_rover/share/ament_index/resource_index/parent_prefix_path/ifaces_rover
-- Up-to-date: /home/curry/wilson_proj/ros2-rover-ws/install/ifaces_rover/share/ifaces_rover/environment/ament_prefix_path.sh
-- Installing: /home/curry/wilson_proj/ros2-rover-ws/install/ifaces_rover/share/ifaces_rover/environment/ament_prefix_path.dsv
-- Up-to-date: /home/curry/wilson_proj/ros2-rover-ws/install/ifaces_rover/share/ifaces_rover/environment/path.sh
-- Installing: /home/curry/wilson_proj/ros2-rover-ws/install/ifaces_rover/share/ifaces_rover/environment/path.dsv
-- Up-to-date: /home/curry/wilson_proj/ros2-rover-ws/install/ifaces_rover/share/ifaces_rover/local_setup.bash
-- Installing: /home/curry/wilson_proj/ros2-rover-ws/install/ifaces_rover/share/ifaces_rover/local_setup.sh
-- Up-to-date: /home/curry/wilson_proj/ros2-rover-ws/install/ifaces_rover/share/ifaces_rover/local_setup.zsh
-- Installing: /home/curry/wilson_proj/ros2-rover-ws/install/ifaces_rover/share/ifaces_rover/local_setup.dsv
-- Installing: /home/curry/wilson_proj/ros2-rover-ws/install/ifaces_rover/share/ifaces_rover/package.dsv
-- Up-to-date: /home/curry/wilson_proj/ros2-rover-ws/install/ifaces_rover/share/ament_index/resource_index/packages/ifaces_rover
-- Installing: /home/curry/wilson_proj/ros2-rover-ws/install/ifaces_rover/share/ifaces_rover/cmake/export_ifaces_rover__rosidl_generator_cExport.cmake
-- Installing: /home/curry/wilson_proj/ros2-rover-ws/install/ifaces_rover/share/ifaces_rover/cmake/export_ifaces_rover__rosidl_generator_cExport-noconfig.cmake
-- Installing: /home/curry/wilson_proj/ros2-rover-ws/install/ifaces_rover/share/ifaces_rover/cmake/export_ifaces_rover__rosidl_typesupport_fastrtps_cExport.cmake
-- Installing: /home/curry/wilson_proj/ros2-rover-ws/install/ifaces_rover/share/ifaces_rover/cmake/export_ifaces_rover__rosidl_typesupport_fastrtps_cExport-noconfig.cmake
-- Installing: /home/curry/wilson_proj/ros2-rover-ws/install/ifaces_rover/share/ifaces_rover/cmake/export_ifaces_rover__rosidl_generator_cppExport.cmake
-- Installing: /home/curry/wilson_proj/ros2-rover-ws/install/ifaces_rover/share/ifaces_rover/cmake/export_ifaces_rover__rosidl_typesupport_fastrtps_cppExport.cmake
-- Installing: /home/curry/wilson_proj/ros2-rover-ws/install/ifaces_rover/share/ifaces_rover/cmake/export_ifaces_rover__rosidl_typesupport_fastrtps_cppExport-noconfig.cmake
-- Installing: /home/curry/wilson_proj/ros2-rover-ws/install/ifaces_rover/share/ifaces_rover/cmake/ifaces_rover__rosidl_typesupport_introspection_cExport.cmake
-- Installing: /home/curry/wilson_proj/ros2-rover-ws/install/ifaces_rover/share/ifaces_rover/cmake/ifaces_rover__rosidl_typesupport_introspection_cExport-noconfig.cmake
-- Installing: /home/curry/wilson_proj/ros2-rover-ws/install/ifaces_rover/share/ifaces_rover/cmake/ifaces_rover__rosidl_typesupport_cExport.cmake
-- Installing: /home/curry/wilson_proj/ros2-rover-ws/install/ifaces_rover/share/ifaces_rover/cmake/ifaces_rover__rosidl_typesupport_cExport-noconfig.cmake
-- Installing: /home/curry/wilson_proj/ros2-rover-ws/install/ifaces_rover/share/ifaces_rover/cmake/ifaces_rover__rosidl_typesupport_introspection_cppExport.cmake
-- Installing: /home/curry/wilson_proj/ros2-rover-ws/install/ifaces_rover/share/ifaces_rover/cmake/ifaces_rover__rosidl_typesupport_introspection_cppExport-noconfig.cmake
-- Installing: /home/curry/wilson_proj/ros2-rover-ws/install/ifaces_rover/share/ifaces_rover/cmake/ifaces_rover__rosidl_typesupport_cppExport.cmake
-- Installing: /home/curry/wilson_proj/ros2-rover-ws/install/ifaces_rover/share/ifaces_rover/cmake/ifaces_rover__rosidl_typesupport_cppExport-noconfig.cmake
-- Installing: /home/curry/wilson_proj/ros2-rover-ws/install/ifaces_rover/share/ifaces_rover/cmake/export_ifaces_rover__rosidl_generator_pyExport.cmake
-- Installing: /home/curry/wilson_proj/ros2-rover-ws/install/ifaces_rover/share/ifaces_rover/cmake/export_ifaces_rover__rosidl_generator_pyExport-noconfig.cmake
-- Installing: /home/curry/wilson_proj/ros2-rover-ws/install/ifaces_rover/share/ifaces_rover/cmake/rosidl_cmake-extras.cmake
-- Installing: /home/curry/wilson_proj/ros2-rover-ws/install/ifaces_rover/share/ifaces_rover/cmake/ament_cmake_export_dependencies-extras.cmake
-- Installing: /home/curry/wilson_proj/ros2-rover-ws/install/ifaces_rover/share/ifaces_rover/cmake/ament_cmake_export_include_directories-extras.cmake
-- Installing: /home/curry/wilson_proj/ros2-rover-ws/install/ifaces_rover/share/ifaces_rover/cmake/ament_cmake_export_libraries-extras.cmake
-- Installing: /home/curry/wilson_proj/ros2-rover-ws/install/ifaces_rover/share/ifaces_rover/cmake/ament_cmake_export_targets-extras.cmake
-- Installing: /home/curry/wilson_proj/ros2-rover-ws/install/ifaces_rover/share/ifaces_rover/cmake/rosidl_cmake_export_typesupport_targets-extras.cmake
-- Installing: /home/curry/wilson_proj/ros2-rover-ws/install/ifaces_rover/share/ifaces_rover/cmake/rosidl_cmake_export_typesupport_libraries-extras.cmake
-- Installing: /home/curry/wilson_proj/ros2-rover-ws/install/ifaces_rover/share/ifaces_rover/cmake/ifaces_roverConfig.cmake
-- Up-to-date: /home/curry/wilson_proj/ros2-rover-ws/install/ifaces_rover/share/ifaces_rover/cmake/ifaces_roverConfig-version.cmake
-- Installing: /home/curry/wilson_proj/ros2-rover-ws/install/ifaces_rover/share/ifaces_rover/package.xml
