[0.124s] Invoking command in '/home/curry/wilson_proj/ros2-rover-ws/build/msgs_positions': CMAKE_PREFIX_PATH=${CMAKE_PREFIX_PATH}:/opt/ros/humble /usr/bin/cmake --build /home/curry/wilson_proj/ros2-rover-ws/build/msgs_positions -- -j4 -l4
[0.555s] [  3%] Built target msgs_positions__cpp
[0.660s] [  3%] Built target ament_cmake_python_copy_msgs_positions
[0.700s] [ 12%] Built target msgs_positions__rosidl_generator_c
[0.948s] [ 22%] Built target msgs_positions__rosidl_typesupport_cpp
[1.019s] [ 32%] Built target msgs_positions__rosidl_typesupport_introspection_cpp
[1.071s] [ 41%] Built target msgs_positions__rosidl_typesupport_fastrtps_cpp
[1.432s] [ 51%] Built target msgs_positions__rosidl_typesupport_c
[1.442s] [ 70%] Built target msgs_positions__rosidl_typesupport_fastrtps_c
[1.443s] [ 70%] Built target msgs_positions__rosidl_typesupport_introspection_c
[1.697s] [ 70%] Built target msgs_positions
[2.064s] [ 74%] Built target msgs_positions__py
[2.392s] [ 80%] Built target msgs_positions__rosidl_generator_py
[2.688s] [ 87%] Built target msgs_positions__rosidl_typesupport_fastrtps_c__pyext
[2.732s] [ 93%] Built target msgs_positions__rosidl_typesupport_introspection_c__pyext
[2.755s] [100%] Built target msgs_positions__rosidl_typesupport_c__pyext
[3.845s] running egg_info
[3.849s] writing msgs_positions.egg-info/PKG-INFO
[3.851s] writing dependency_links to msgs_positions.egg-info/dependency_links.txt
[3.852s] writing top-level names to msgs_positions.egg-info/top_level.txt
[3.865s] reading manifest file 'msgs_positions.egg-info/SOURCES.txt'
[3.869s] writing manifest file 'msgs_positions.egg-info/SOURCES.txt'
[4.064s] [100%] Built target ament_cmake_python_build_msgs_positions_egg
[4.181s] Invoked command in '/home/curry/wilson_proj/ros2-rover-ws/build/msgs_positions' returned '0': CMAKE_PREFIX_PATH=${CMAKE_PREFIX_PATH}:/opt/ros/humble /usr/bin/cmake --build /home/curry/wilson_proj/ros2-rover-ws/build/msgs_positions -- -j4 -l4
[4.182s] Invoking command in '/home/curry/wilson_proj/ros2-rover-ws/build/msgs_positions': CMAKE_PREFIX_PATH=${CMAKE_PREFIX_PATH}:/opt/ros/humble /usr/bin/cmake --install /home/curry/wilson_proj/ros2-rover-ws/build/msgs_positions
[4.222s] -- Install configuration: ""
[4.222s] -- Up-to-date: /home/curry/wilson_proj/ros2-rover-ws/install/msgs_positions/share/ament_index/resource_index/rosidl_interfaces/msgs_positions
[4.223s] -- Up-to-date: /home/curry/wilson_proj/ros2-rover-ws/install/msgs_positions/include/msgs_positions/msgs_positions
[4.224s] -- Up-to-date: /home/curry/wilson_proj/ros2-rover-ws/install/msgs_positions/include/msgs_positions/msgs_positions/msg
[4.225s] -- Up-to-date: /home/curry/wilson_proj/ros2-rover-ws/install/msgs_positions/include/msgs_positions/msgs_positions/msg/gnss_data.h
[4.226s] -- Up-to-date: /home/curry/wilson_proj/ros2-rover-ws/install/msgs_positions/include/msgs_positions/msgs_positions/msg/detail
[4.227s] -- Up-to-date: /home/curry/wilson_proj/ros2-rover-ws/install/msgs_positions/include/msgs_positions/msgs_positions/msg/detail/gnss_data__functions.h
[4.227s] -- Up-to-date: /home/curry/wilson_proj/ros2-rover-ws/install/msgs_positions/include/msgs_positions/msgs_positions/msg/detail/nav_sat_fix__struct.h
[4.228s] -- Up-to-date: /home/curry/wilson_proj/ros2-rover-ws/install/msgs_positions/include/msgs_positions/msgs_positions/msg/detail/nav_sat_fix__functions.c
[4.229s] -- Up-to-date: /home/curry/wilson_proj/ros2-rover-ws/install/msgs_positions/include/msgs_positions/msgs_positions/msg/detail/gnss_data__functions.c
[4.229s] -- Up-to-date: /home/curry/wilson_proj/ros2-rover-ws/install/msgs_positions/include/msgs_positions/msgs_positions/msg/detail/nav_sat_fix__type_support.h
[4.230s] -- Up-to-date: /home/curry/wilson_proj/ros2-rover-ws/install/msgs_positions/include/msgs_positions/msgs_positions/msg/detail/gnss_data__type_support.h
[4.232s] -- Up-to-date: /home/curry/wilson_proj/ros2-rover-ws/install/msgs_positions/include/msgs_positions/msgs_positions/msg/detail/gnss_data__struct.h
[4.238s] -- Up-to-date: /home/curry/wilson_proj/ros2-rover-ws/install/msgs_positions/include/msgs_positions/msgs_positions/msg/detail/nav_sat_fix__functions.h
[4.238s] -- Up-to-date: /home/curry/wilson_proj/ros2-rover-ws/install/msgs_positions/include/msgs_positions/msgs_positions/msg/rosidl_generator_c__visibility_control.h
[4.239s] -- Up-to-date: /home/curry/wilson_proj/ros2-rover-ws/install/msgs_positions/include/msgs_positions/msgs_positions/msg/nav_sat_fix.h
[4.239s] -- Up-to-date: /home/curry/wilson_proj/ros2-rover-ws/install/msgs_positions/share/msgs_positions/environment/library_path.sh
[4.240s] -- Up-to-date: /home/curry/wilson_proj/ros2-rover-ws/install/msgs_positions/share/msgs_positions/environment/library_path.dsv
[4.240s] -- Up-to-date: /home/curry/wilson_proj/ros2-rover-ws/install/msgs_positions/lib/libmsgs_positions__rosidl_generator_c.so
[4.241s] -- Up-to-date: /home/curry/wilson_proj/ros2-rover-ws/install/msgs_positions/include/msgs_positions/msgs_positions
[4.241s] -- Up-to-date: /home/curry/wilson_proj/ros2-rover-ws/install/msgs_positions/include/msgs_positions/msgs_positions/msg
[4.242s] -- Up-to-date: /home/curry/wilson_proj/ros2-rover-ws/install/msgs_positions/include/msgs_positions/msgs_positions/msg/detail
[4.242s] -- Up-to-date: /home/curry/wilson_proj/ros2-rover-ws/install/msgs_positions/include/msgs_positions/msgs_positions/msg/detail/nav_sat_fix__rosidl_typesupport_fastrtps_c.h
[4.243s] -- Up-to-date: /home/curry/wilson_proj/ros2-rover-ws/install/msgs_positions/include/msgs_positions/msgs_positions/msg/detail/gnss_data__rosidl_typesupport_fastrtps_c.h
[4.246s] -- Up-to-date: /home/curry/wilson_proj/ros2-rover-ws/install/msgs_positions/include/msgs_positions/msgs_positions/msg/rosidl_typesupport_fastrtps_c__visibility_control.h
[4.247s] -- Up-to-date: /home/curry/wilson_proj/ros2-rover-ws/install/msgs_positions/lib/libmsgs_positions__rosidl_typesupport_fastrtps_c.so
[4.247s] -- Up-to-date: /home/curry/wilson_proj/ros2-rover-ws/install/msgs_positions/include/msgs_positions/msgs_positions
[4.247s] -- Up-to-date: /home/curry/wilson_proj/ros2-rover-ws/install/msgs_positions/include/msgs_positions/msgs_positions/msg
[4.254s] -- Up-to-date: /home/curry/wilson_proj/ros2-rover-ws/install/msgs_positions/include/msgs_positions/msgs_positions/msg/rosidl_generator_cpp__visibility_control.hpp
[4.255s] -- Up-to-date: /home/curry/wilson_proj/ros2-rover-ws/install/msgs_positions/include/msgs_positions/msgs_positions/msg/detail
[4.255s] -- Up-to-date: /home/curry/wilson_proj/ros2-rover-ws/install/msgs_positions/include/msgs_positions/msgs_positions/msg/detail/nav_sat_fix__builder.hpp
[4.256s] -- Up-to-date: /home/curry/wilson_proj/ros2-rover-ws/install/msgs_positions/include/msgs_positions/msgs_positions/msg/detail/nav_sat_fix__traits.hpp
[4.256s] -- Up-to-date: /home/curry/wilson_proj/ros2-rover-ws/install/msgs_positions/include/msgs_positions/msgs_positions/msg/detail/gnss_data__traits.hpp
[4.257s] -- Up-to-date: /home/curry/wilson_proj/ros2-rover-ws/install/msgs_positions/include/msgs_positions/msgs_positions/msg/detail/gnss_data__builder.hpp
[4.258s] -- Up-to-date: /home/curry/wilson_proj/ros2-rover-ws/install/msgs_positions/include/msgs_positions/msgs_positions/msg/detail/nav_sat_fix__type_support.hpp
[4.258s] -- Up-to-date: /home/curry/wilson_proj/ros2-rover-ws/install/msgs_positions/include/msgs_positions/msgs_positions/msg/detail/nav_sat_fix__struct.hpp
[4.259s] -- Up-to-date: /home/curry/wilson_proj/ros2-rover-ws/install/msgs_positions/include/msgs_positions/msgs_positions/msg/detail/gnss_data__struct.hpp
[4.259s] -- Up-to-date: /home/curry/wilson_proj/ros2-rover-ws/install/msgs_positions/include/msgs_positions/msgs_positions/msg/detail/gnss_data__type_support.hpp
[4.260s] -- Up-to-date: /home/curry/wilson_proj/ros2-rover-ws/install/msgs_positions/include/msgs_positions/msgs_positions/msg/gnss_data.hpp
[4.260s] -- Up-to-date: /home/curry/wilson_proj/ros2-rover-ws/install/msgs_positions/include/msgs_positions/msgs_positions/msg/nav_sat_fix.hpp
[4.262s] -- Up-to-date: /home/curry/wilson_proj/ros2-rover-ws/install/msgs_positions/include/msgs_positions/msgs_positions
[4.270s] -- Up-to-date: /home/curry/wilson_proj/ros2-rover-ws/install/msgs_positions/include/msgs_positions/msgs_positions/msg
[4.271s] -- Up-to-date: /home/curry/wilson_proj/ros2-rover-ws/install/msgs_positions/include/msgs_positions/msgs_positions/msg/detail
[4.272s] -- Up-to-date: /home/curry/wilson_proj/ros2-rover-ws/install/msgs_positions/include/msgs_positions/msgs_positions/msg/detail/nav_sat_fix__rosidl_typesupport_fastrtps_cpp.hpp
[4.272s] -- Up-to-date: /home/curry/wilson_proj/ros2-rover-ws/install/msgs_positions/include/msgs_positions/msgs_positions/msg/detail/dds_fastrtps
[4.273s] -- Up-to-date: /home/curry/wilson_proj/ros2-rover-ws/install/msgs_positions/include/msgs_positions/msgs_positions/msg/detail/gnss_data__rosidl_typesupport_fastrtps_cpp.hpp
[4.273s] -- Up-to-date: /home/curry/wilson_proj/ros2-rover-ws/install/msgs_positions/include/msgs_positions/msgs_positions/msg/rosidl_typesupport_fastrtps_cpp__visibility_control.h
[4.274s] -- Up-to-date: /home/curry/wilson_proj/ros2-rover-ws/install/msgs_positions/lib/libmsgs_positions__rosidl_typesupport_fastrtps_cpp.so
[4.275s] -- Up-to-date: /home/curry/wilson_proj/ros2-rover-ws/install/msgs_positions/include/msgs_positions/msgs_positions
[4.275s] -- Up-to-date: /home/curry/wilson_proj/ros2-rover-ws/install/msgs_positions/include/msgs_positions/msgs_positions/msg
[4.276s] -- Up-to-date: /home/curry/wilson_proj/ros2-rover-ws/install/msgs_positions/include/msgs_positions/msgs_positions/msg/rosidl_typesupport_introspection_c__visibility_control.h
[4.276s] -- Up-to-date: /home/curry/wilson_proj/ros2-rover-ws/install/msgs_positions/include/msgs_positions/msgs_positions/msg/detail
[4.277s] -- Up-to-date: /home/curry/wilson_proj/ros2-rover-ws/install/msgs_positions/include/msgs_positions/msgs_positions/msg/detail/gnss_data__type_support.c
[4.277s] -- Up-to-date: /home/curry/wilson_proj/ros2-rover-ws/install/msgs_positions/include/msgs_positions/msgs_positions/msg/detail/nav_sat_fix__rosidl_typesupport_introspection_c.h
[4.279s] -- Up-to-date: /home/curry/wilson_proj/ros2-rover-ws/install/msgs_positions/include/msgs_positions/msgs_positions/msg/detail/gnss_data__rosidl_typesupport_introspection_c.h
[4.279s] -- Up-to-date: /home/curry/wilson_proj/ros2-rover-ws/install/msgs_positions/include/msgs_positions/msgs_positions/msg/detail/nav_sat_fix__type_support.c
[4.280s] -- Up-to-date: /home/curry/wilson_proj/ros2-rover-ws/install/msgs_positions/lib/libmsgs_positions__rosidl_typesupport_introspection_c.so
[4.280s] -- Up-to-date: /home/curry/wilson_proj/ros2-rover-ws/install/msgs_positions/lib/libmsgs_positions__rosidl_typesupport_c.so
[4.286s] -- Up-to-date: /home/curry/wilson_proj/ros2-rover-ws/install/msgs_positions/include/msgs_positions/msgs_positions
[4.287s] -- Up-to-date: /home/curry/wilson_proj/ros2-rover-ws/install/msgs_positions/include/msgs_positions/msgs_positions/msg
[4.287s] -- Up-to-date: /home/curry/wilson_proj/ros2-rover-ws/install/msgs_positions/include/msgs_positions/msgs_positions/msg/detail
[4.288s] -- Up-to-date: /home/curry/wilson_proj/ros2-rover-ws/install/msgs_positions/include/msgs_positions/msgs_positions/msg/detail/nav_sat_fix__type_support.cpp
[4.288s] -- Up-to-date: /home/curry/wilson_proj/ros2-rover-ws/install/msgs_positions/include/msgs_positions/msgs_positions/msg/detail/gnss_data__type_support.cpp
[4.289s] -- Up-to-date: /home/curry/wilson_proj/ros2-rover-ws/install/msgs_positions/include/msgs_positions/msgs_positions/msg/detail/gnss_data__rosidl_typesupport_introspection_cpp.hpp
[4.289s] -- Up-to-date: /home/curry/wilson_proj/ros2-rover-ws/install/msgs_positions/include/msgs_positions/msgs_positions/msg/detail/nav_sat_fix__rosidl_typesupport_introspection_cpp.hpp
[4.289s] -- Up-to-date: /home/curry/wilson_proj/ros2-rover-ws/install/msgs_positions/lib/libmsgs_positions__rosidl_typesupport_introspection_cpp.so
[4.290s] -- Up-to-date: /home/curry/wilson_proj/ros2-rover-ws/install/msgs_positions/lib/libmsgs_positions__rosidl_typesupport_cpp.so
[4.290s] -- Up-to-date: /home/curry/wilson_proj/ros2-rover-ws/install/msgs_positions/share/msgs_positions/environment/pythonpath.sh
[4.298s] -- Up-to-date: /home/curry/wilson_proj/ros2-rover-ws/install/msgs_positions/share/msgs_positions/environment/pythonpath.dsv
[4.299s] -- Up-to-date: /home/curry/wilson_proj/ros2-rover-ws/install/msgs_positions/local/lib/python3.10/dist-packages/msgs_positions-0.0.0-py3.10.egg-info
[4.300s] -- Installing: /home/curry/wilson_proj/ros2-rover-ws/install/msgs_positions/local/lib/python3.10/dist-packages/msgs_positions-0.0.0-py3.10.egg-info/dependency_links.txt
[4.301s] -- Installing: /home/curry/wilson_proj/ros2-rover-ws/install/msgs_positions/local/lib/python3.10/dist-packages/msgs_positions-0.0.0-py3.10.egg-info/SOURCES.txt
[4.301s] -- Installing: /home/curry/wilson_proj/ros2-rover-ws/install/msgs_positions/local/lib/python3.10/dist-packages/msgs_positions-0.0.0-py3.10.egg-info/top_level.txt
[4.302s] -- Installing: /home/curry/wilson_proj/ros2-rover-ws/install/msgs_positions/local/lib/python3.10/dist-packages/msgs_positions-0.0.0-py3.10.egg-info/PKG-INFO
[4.302s] -- Up-to-date: /home/curry/wilson_proj/ros2-rover-ws/install/msgs_positions/local/lib/python3.10/dist-packages/msgs_positions
[4.303s] -- Up-to-date: /home/curry/wilson_proj/ros2-rover-ws/install/msgs_positions/local/lib/python3.10/dist-packages/msgs_positions/msgs_positions_s__rosidl_typesupport_fastrtps_c.cpython-310-aarch64-linux-gnu.so
[4.304s] -- Up-to-date: /home/curry/wilson_proj/ros2-rover-ws/install/msgs_positions/local/lib/python3.10/dist-packages/msgs_positions/_msgs_positions_s.ep.rosidl_typesupport_introspection_c.c
[4.304s] -- Up-to-date: /home/curry/wilson_proj/ros2-rover-ws/install/msgs_positions/local/lib/python3.10/dist-packages/msgs_positions/libmsgs_positions__rosidl_generator_py.so
[4.305s] -- Up-to-date: /home/curry/wilson_proj/ros2-rover-ws/install/msgs_positions/local/lib/python3.10/dist-packages/msgs_positions/msg
[4.305s] -- Up-to-date: /home/curry/wilson_proj/ros2-rover-ws/install/msgs_positions/local/lib/python3.10/dist-packages/msgs_positions/msg/_nav_sat_fix_s.c
[4.306s] -- Up-to-date: /home/curry/wilson_proj/ros2-rover-ws/install/msgs_positions/local/lib/python3.10/dist-packages/msgs_positions/msg/_nav_sat_fix.py
[4.306s] -- Up-to-date: /home/curry/wilson_proj/ros2-rover-ws/install/msgs_positions/local/lib/python3.10/dist-packages/msgs_positions/msg/_gnss_data_s.c
[4.308s] -- Up-to-date: /home/curry/wilson_proj/ros2-rover-ws/install/msgs_positions/local/lib/python3.10/dist-packages/msgs_positions/msg/__init__.py
[4.310s] -- Up-to-date: /home/curry/wilson_proj/ros2-rover-ws/install/msgs_positions/local/lib/python3.10/dist-packages/msgs_positions/msg/_gnss_data.py
[4.310s] -- Up-to-date: /home/curry/wilson_proj/ros2-rover-ws/install/msgs_positions/local/lib/python3.10/dist-packages/msgs_positions/_msgs_positions_s.ep.rosidl_typesupport_fastrtps_c.c
[4.311s] -- Up-to-date: /home/curry/wilson_proj/ros2-rover-ws/install/msgs_positions/local/lib/python3.10/dist-packages/msgs_positions/__init__.py
[4.311s] -- Up-to-date: /home/curry/wilson_proj/ros2-rover-ws/install/msgs_positions/local/lib/python3.10/dist-packages/msgs_positions/msgs_positions_s__rosidl_typesupport_introspection_c.cpython-310-aarch64-linux-gnu.so
[4.312s] -- Up-to-date: /home/curry/wilson_proj/ros2-rover-ws/install/msgs_positions/local/lib/python3.10/dist-packages/msgs_positions/msgs_positions_s__rosidl_typesupport_c.cpython-310-aarch64-linux-gnu.so
[4.312s] -- Up-to-date: /home/curry/wilson_proj/ros2-rover-ws/install/msgs_positions/local/lib/python3.10/dist-packages/msgs_positions/_msgs_positions_s.ep.rosidl_typesupport_c.c
[4.523s] Listing '/home/curry/wilson_proj/ros2-rover-ws/install/msgs_positions/local/lib/python3.10/dist-packages/msgs_positions'...
[4.525s] Listing '/home/curry/wilson_proj/ros2-rover-ws/install/msgs_positions/local/lib/python3.10/dist-packages/msgs_positions/msg'...
[4.565s] -- Up-to-date: /home/curry/wilson_proj/ros2-rover-ws/install/msgs_positions/local/lib/python3.10/dist-packages/msgs_positions/msgs_positions_s__rosidl_typesupport_fastrtps_c.cpython-310-aarch64-linux-gnu.so
[4.570s] -- Up-to-date: /home/curry/wilson_proj/ros2-rover-ws/install/msgs_positions/local/lib/python3.10/dist-packages/msgs_positions/msgs_positions_s__rosidl_typesupport_introspection_c.cpython-310-aarch64-linux-gnu.so
[4.573s] -- Up-to-date: /home/curry/wilson_proj/ros2-rover-ws/install/msgs_positions/local/lib/python3.10/dist-packages/msgs_positions/msgs_positions_s__rosidl_typesupport_c.cpython-310-aarch64-linux-gnu.so
[4.585s] -- Up-to-date: /home/curry/wilson_proj/ros2-rover-ws/install/msgs_positions/lib/libmsgs_positions__rosidl_generator_py.so
[4.586s] -- Up-to-date: /home/curry/wilson_proj/ros2-rover-ws/install/msgs_positions/share/msgs_positions/msg/GnssData.idl
[4.587s] -- Up-to-date: /home/curry/wilson_proj/ros2-rover-ws/install/msgs_positions/share/msgs_positions/msg/GnssData.msg
[4.589s] -- Up-to-date: /home/curry/wilson_proj/ros2-rover-ws/install/msgs_positions/share/ament_index/resource_index/package_run_dependencies/msgs_positions
[4.590s] -- Up-to-date: /home/curry/wilson_proj/ros2-rover-ws/install/msgs_positions/share/ament_index/resource_index/parent_prefix_path/msgs_positions
[4.598s] -- Up-to-date: /home/curry/wilson_proj/ros2-rover-ws/install/msgs_positions/share/msgs_positions/environment/ament_prefix_path.sh
[4.599s] -- Up-to-date: /home/curry/wilson_proj/ros2-rover-ws/install/msgs_positions/share/msgs_positions/environment/ament_prefix_path.dsv
[4.600s] -- Up-to-date: /home/curry/wilson_proj/ros2-rover-ws/install/msgs_positions/share/msgs_positions/environment/path.sh
[4.601s] -- Up-to-date: /home/curry/wilson_proj/ros2-rover-ws/install/msgs_positions/share/msgs_positions/environment/path.dsv
[4.602s] -- Up-to-date: /home/curry/wilson_proj/ros2-rover-ws/install/msgs_positions/share/msgs_positions/local_setup.bash
[4.603s] -- Up-to-date: /home/curry/wilson_proj/ros2-rover-ws/install/msgs_positions/share/msgs_positions/local_setup.sh
[4.604s] -- Up-to-date: /home/curry/wilson_proj/ros2-rover-ws/install/msgs_positions/share/msgs_positions/local_setup.zsh
[4.605s] -- Up-to-date: /home/curry/wilson_proj/ros2-rover-ws/install/msgs_positions/share/msgs_positions/local_setup.dsv
[4.606s] -- Installing: /home/curry/wilson_proj/ros2-rover-ws/install/msgs_positions/share/msgs_positions/package.dsv
[4.607s] -- Up-to-date: /home/curry/wilson_proj/ros2-rover-ws/install/msgs_positions/share/ament_index/resource_index/packages/msgs_positions
[4.608s] -- Up-to-date: /home/curry/wilson_proj/ros2-rover-ws/install/msgs_positions/share/msgs_positions/cmake/export_msgs_positions__rosidl_generator_cExport.cmake
[4.611s] -- Up-to-date: /home/curry/wilson_proj/ros2-rover-ws/install/msgs_positions/share/msgs_positions/cmake/export_msgs_positions__rosidl_generator_cExport-noconfig.cmake
[4.612s] -- Up-to-date: /home/curry/wilson_proj/ros2-rover-ws/install/msgs_positions/share/msgs_positions/cmake/export_msgs_positions__rosidl_typesupport_fastrtps_cExport.cmake
[4.613s] -- Up-to-date: /home/curry/wilson_proj/ros2-rover-ws/install/msgs_positions/share/msgs_positions/cmake/export_msgs_positions__rosidl_typesupport_fastrtps_cExport-noconfig.cmake
[4.614s] -- Up-to-date: /home/curry/wilson_proj/ros2-rover-ws/install/msgs_positions/share/msgs_positions/cmake/export_msgs_positions__rosidl_generator_cppExport.cmake
[4.615s] -- Up-to-date: /home/curry/wilson_proj/ros2-rover-ws/install/msgs_positions/share/msgs_positions/cmake/export_msgs_positions__rosidl_typesupport_fastrtps_cppExport.cmake
[4.615s] -- Up-to-date: /home/curry/wilson_proj/ros2-rover-ws/install/msgs_positions/share/msgs_positions/cmake/export_msgs_positions__rosidl_typesupport_fastrtps_cppExport-noconfig.cmake
[4.616s] -- Up-to-date: /home/curry/wilson_proj/ros2-rover-ws/install/msgs_positions/share/msgs_positions/cmake/msgs_positions__rosidl_typesupport_introspection_cExport.cmake
[4.616s] -- Up-to-date: /home/curry/wilson_proj/ros2-rover-ws/install/msgs_positions/share/msgs_positions/cmake/msgs_positions__rosidl_typesupport_introspection_cExport-noconfig.cmake
[4.617s] -- Up-to-date: /home/curry/wilson_proj/ros2-rover-ws/install/msgs_positions/share/msgs_positions/cmake/msgs_positions__rosidl_typesupport_cExport.cmake
[4.617s] -- Up-to-date: /home/curry/wilson_proj/ros2-rover-ws/install/msgs_positions/share/msgs_positions/cmake/msgs_positions__rosidl_typesupport_cExport-noconfig.cmake
[4.618s] -- Up-to-date: /home/curry/wilson_proj/ros2-rover-ws/install/msgs_positions/share/msgs_positions/cmake/msgs_positions__rosidl_typesupport_introspection_cppExport.cmake
[4.618s] -- Up-to-date: /home/curry/wilson_proj/ros2-rover-ws/install/msgs_positions/share/msgs_positions/cmake/msgs_positions__rosidl_typesupport_introspection_cppExport-noconfig.cmake
[4.619s] -- Up-to-date: /home/curry/wilson_proj/ros2-rover-ws/install/msgs_positions/share/msgs_positions/cmake/msgs_positions__rosidl_typesupport_cppExport.cmake
[4.619s] -- Up-to-date: /home/curry/wilson_proj/ros2-rover-ws/install/msgs_positions/share/msgs_positions/cmake/msgs_positions__rosidl_typesupport_cppExport-noconfig.cmake
[4.620s] -- Up-to-date: /home/curry/wilson_proj/ros2-rover-ws/install/msgs_positions/share/msgs_positions/cmake/export_msgs_positions__rosidl_generator_pyExport.cmake
[4.620s] -- Up-to-date: /home/curry/wilson_proj/ros2-rover-ws/install/msgs_positions/share/msgs_positions/cmake/export_msgs_positions__rosidl_generator_pyExport-noconfig.cmake
[4.621s] -- Up-to-date: /home/curry/wilson_proj/ros2-rover-ws/install/msgs_positions/share/msgs_positions/cmake/rosidl_cmake-extras.cmake
[4.622s] -- Up-to-date: /home/curry/wilson_proj/ros2-rover-ws/install/msgs_positions/share/msgs_positions/cmake/ament_cmake_export_dependencies-extras.cmake
[4.623s] -- Up-to-date: /home/curry/wilson_proj/ros2-rover-ws/install/msgs_positions/share/msgs_positions/cmake/ament_cmake_export_include_directories-extras.cmake
[4.624s] -- Up-to-date: /home/curry/wilson_proj/ros2-rover-ws/install/msgs_positions/share/msgs_positions/cmake/ament_cmake_export_libraries-extras.cmake
[4.625s] -- Up-to-date: /home/curry/wilson_proj/ros2-rover-ws/install/msgs_positions/share/msgs_positions/cmake/ament_cmake_export_targets-extras.cmake
[4.625s] -- Up-to-date: /home/curry/wilson_proj/ros2-rover-ws/install/msgs_positions/share/msgs_positions/cmake/rosidl_cmake_export_typesupport_targets-extras.cmake
[4.626s] -- Up-to-date: /home/curry/wilson_proj/ros2-rover-ws/install/msgs_positions/share/msgs_positions/cmake/rosidl_cmake_export_typesupport_libraries-extras.cmake
[4.626s] -- Up-to-date: /home/curry/wilson_proj/ros2-rover-ws/install/msgs_positions/share/msgs_positions/cmake/msgs_positionsConfig.cmake
[4.627s] -- Up-to-date: /home/curry/wilson_proj/ros2-rover-ws/install/msgs_positions/share/msgs_positions/cmake/msgs_positionsConfig-version.cmake
[4.627s] -- Up-to-date: /home/curry/wilson_proj/ros2-rover-ws/install/msgs_positions/share/msgs_positions/package.xml
[4.757s] Invoked command in '/home/curry/wilson_proj/ros2-rover-ws/build/msgs_positions' returned '0': CMAKE_PREFIX_PATH=${CMAKE_PREFIX_PATH}:/opt/ros/humble /usr/bin/cmake --install /home/curry/wilson_proj/ros2-rover-ws/build/msgs_positions
