[0.120s] Invoking command in '/home/curry/wilson_proj/ros2-rover-ws/build/ifaces_position': CMAKE_PREFIX_PATH=${CMAKE_PREFIX_PATH}:/opt/ros/humble /usr/bin/cmake --build /home/curry/wilson_proj/ros2-rover-ws/build/ifaces_position -- -j4 -l4
[0.532s] [  2%] Built target ifaces_position__cpp
[0.589s] [ 12%] Built target ifaces_position__rosidl_generator_c
[0.743s] [ 12%] Built target ament_cmake_python_copy_ifaces_position
[0.965s] [ 33%] Built target ifaces_position__rosidl_typesupport_introspection_cpp
[0.968s] [ 33%] Built target ifaces_position__rosidl_typesupport_cpp
[1.035s] [ 43%] Built target ifaces_position__rosidl_typesupport_fastrtps_cpp
[1.330s] [ 53%] Built target ifaces_position__rosidl_typesupport_fastrtps_c
[1.359s] [ 64%] Built target ifaces_position__rosidl_typesupport_introspection_c
[1.439s] [ 74%] Built target ifaces_position__rosidl_typesupport_c
[1.701s] [ 74%] Built target ifaces_position
[2.007s] [ 76%] Built target ifaces_position__py
[2.246s] [ 84%] Built target ifaces_position__rosidl_generator_py
[2.655s] [ 89%] Built target ifaces_position__rosidl_typesupport_c__pyext
[2.735s] [ 94%] Built target ifaces_position__rosidl_typesupport_fastrtps_c__pyext
[2.753s] [100%] Built target ifaces_position__rosidl_typesupport_introspection_c__pyext
[3.894s] running egg_info
[3.900s] writing ifaces_position.egg-info/PKG-INFO
[3.903s] writing dependency_links to ifaces_position.egg-info/dependency_links.txt
[3.905s] writing top-level names to ifaces_position.egg-info/top_level.txt
[3.923s] reading manifest file 'ifaces_position.egg-info/SOURCES.txt'
[3.927s] writing manifest file 'ifaces_position.egg-info/SOURCES.txt'
[4.134s] [100%] Built target ament_cmake_python_build_ifaces_position_egg
[4.319s] Invoked command in '/home/curry/wilson_proj/ros2-rover-ws/build/ifaces_position' returned '0': CMAKE_PREFIX_PATH=${CMAKE_PREFIX_PATH}:/opt/ros/humble /usr/bin/cmake --build /home/curry/wilson_proj/ros2-rover-ws/build/ifaces_position -- -j4 -l4
[4.321s] Invoking command in '/home/curry/wilson_proj/ros2-rover-ws/build/ifaces_position': CMAKE_PREFIX_PATH=${CMAKE_PREFIX_PATH}:/opt/ros/humble /usr/bin/cmake --install /home/curry/wilson_proj/ros2-rover-ws/build/ifaces_position
[4.346s] -- Install configuration: ""
[4.348s] -- Up-to-date: /home/curry/wilson_proj/ros2-rover-ws/install/ifaces_position/share/ament_index/resource_index/rosidl_interfaces/ifaces_position
[4.349s] -- Up-to-date: /home/curry/wilson_proj/ros2-rover-ws/install/ifaces_position/include/ifaces_position/ifaces_position
[4.352s] -- Up-to-date: /home/curry/wilson_proj/ros2-rover-ws/install/ifaces_position/include/ifaces_position/ifaces_position/msg
[4.355s] -- Up-to-date: /home/curry/wilson_proj/ros2-rover-ws/install/ifaces_position/include/ifaces_position/ifaces_position/msg/gnss_data.h
[4.356s] -- Up-to-date: /home/curry/wilson_proj/ros2-rover-ws/install/ifaces_position/include/ifaces_position/ifaces_position/msg/detail
[4.358s] -- Up-to-date: /home/curry/wilson_proj/ros2-rover-ws/install/ifaces_position/include/ifaces_position/ifaces_position/msg/detail/gnss_data__functions.h
[4.359s] -- Up-to-date: /home/curry/wilson_proj/ros2-rover-ws/install/ifaces_position/include/ifaces_position/ifaces_position/msg/detail/gnss_data__functions.c
[4.360s] -- Up-to-date: /home/curry/wilson_proj/ros2-rover-ws/install/ifaces_position/include/ifaces_position/ifaces_position/msg/detail/gnss_data__type_support.h
[4.362s] -- Up-to-date: /home/curry/wilson_proj/ros2-rover-ws/install/ifaces_position/include/ifaces_position/ifaces_position/msg/detail/gnss_data__struct.h
[4.363s] -- Up-to-date: /home/curry/wilson_proj/ros2-rover-ws/install/ifaces_position/include/ifaces_position/ifaces_position/msg/rosidl_generator_c__visibility_control.h
[4.365s] -- Up-to-date: /home/curry/wilson_proj/ros2-rover-ws/install/ifaces_position/include/ifaces_position/ifaces_position/srv
[4.366s] -- Up-to-date: /home/curry/wilson_proj/ros2-rover-ws/install/ifaces_position/include/ifaces_position/ifaces_position/srv/detail
[4.368s] -- Up-to-date: /home/curry/wilson_proj/ros2-rover-ws/install/ifaces_position/include/ifaces_position/ifaces_position/srv/detail/des_data__functions.h
[4.369s] -- Up-to-date: /home/curry/wilson_proj/ros2-rover-ws/install/ifaces_position/include/ifaces_position/ifaces_position/srv/detail/des_data__struct.h
[4.370s] -- Up-to-date: /home/curry/wilson_proj/ros2-rover-ws/install/ifaces_position/include/ifaces_position/ifaces_position/srv/detail/des_data__type_support.h
[4.378s] -- Up-to-date: /home/curry/wilson_proj/ros2-rover-ws/install/ifaces_position/include/ifaces_position/ifaces_position/srv/detail/des_data__functions.c
[4.379s] -- Up-to-date: /home/curry/wilson_proj/ros2-rover-ws/install/ifaces_position/include/ifaces_position/ifaces_position/srv/des_data.h
[4.380s] -- Up-to-date: /home/curry/wilson_proj/ros2-rover-ws/install/ifaces_position/share/ifaces_position/environment/library_path.sh
[4.381s] -- Up-to-date: /home/curry/wilson_proj/ros2-rover-ws/install/ifaces_position/share/ifaces_position/environment/library_path.dsv
[4.381s] -- Up-to-date: /home/curry/wilson_proj/ros2-rover-ws/install/ifaces_position/lib/libifaces_position__rosidl_generator_c.so
[4.382s] -- Up-to-date: /home/curry/wilson_proj/ros2-rover-ws/install/ifaces_position/include/ifaces_position/ifaces_position
[4.382s] -- Up-to-date: /home/curry/wilson_proj/ros2-rover-ws/install/ifaces_position/include/ifaces_position/ifaces_position/msg
[4.383s] -- Up-to-date: /home/curry/wilson_proj/ros2-rover-ws/install/ifaces_position/include/ifaces_position/ifaces_position/msg/detail
[4.384s] -- Up-to-date: /home/curry/wilson_proj/ros2-rover-ws/install/ifaces_position/include/ifaces_position/ifaces_position/msg/detail/gnss_data__rosidl_typesupport_fastrtps_c.h
[4.385s] -- Up-to-date: /home/curry/wilson_proj/ros2-rover-ws/install/ifaces_position/include/ifaces_position/ifaces_position/msg/rosidl_typesupport_fastrtps_c__visibility_control.h
[4.387s] -- Up-to-date: /home/curry/wilson_proj/ros2-rover-ws/install/ifaces_position/include/ifaces_position/ifaces_position/srv
[4.388s] -- Up-to-date: /home/curry/wilson_proj/ros2-rover-ws/install/ifaces_position/include/ifaces_position/ifaces_position/srv/detail
[4.399s] -- Up-to-date: /home/curry/wilson_proj/ros2-rover-ws/install/ifaces_position/include/ifaces_position/ifaces_position/srv/detail/des_data__rosidl_typesupport_fastrtps_c.h
[4.399s] -- Up-to-date: /home/curry/wilson_proj/ros2-rover-ws/install/ifaces_position/lib/libifaces_position__rosidl_typesupport_fastrtps_c.so
[4.400s] -- Up-to-date: /home/curry/wilson_proj/ros2-rover-ws/install/ifaces_position/include/ifaces_position/ifaces_position
[4.401s] -- Up-to-date: /home/curry/wilson_proj/ros2-rover-ws/install/ifaces_position/include/ifaces_position/ifaces_position/msg
[4.402s] -- Up-to-date: /home/curry/wilson_proj/ros2-rover-ws/install/ifaces_position/include/ifaces_position/ifaces_position/msg/rosidl_generator_cpp__visibility_control.hpp
[4.402s] -- Up-to-date: /home/curry/wilson_proj/ros2-rover-ws/install/ifaces_position/include/ifaces_position/ifaces_position/msg/detail
[4.405s] -- Up-to-date: /home/curry/wilson_proj/ros2-rover-ws/install/ifaces_position/include/ifaces_position/ifaces_position/msg/detail/gnss_data__traits.hpp
[4.407s] -- Up-to-date: /home/curry/wilson_proj/ros2-rover-ws/install/ifaces_position/include/ifaces_position/ifaces_position/msg/detail/gnss_data__builder.hpp
[4.407s] -- Up-to-date: /home/curry/wilson_proj/ros2-rover-ws/install/ifaces_position/include/ifaces_position/ifaces_position/msg/detail/gnss_data__struct.hpp
[4.408s] -- Up-to-date: /home/curry/wilson_proj/ros2-rover-ws/install/ifaces_position/include/ifaces_position/ifaces_position/msg/detail/gnss_data__type_support.hpp
[4.419s] -- Up-to-date: /home/curry/wilson_proj/ros2-rover-ws/install/ifaces_position/include/ifaces_position/ifaces_position/msg/gnss_data.hpp
[4.419s] -- Up-to-date: /home/curry/wilson_proj/ros2-rover-ws/install/ifaces_position/include/ifaces_position/ifaces_position/srv
[4.420s] -- Up-to-date: /home/curry/wilson_proj/ros2-rover-ws/install/ifaces_position/include/ifaces_position/ifaces_position/srv/des_data.hpp
[4.421s] -- Up-to-date: /home/curry/wilson_proj/ros2-rover-ws/install/ifaces_position/include/ifaces_position/ifaces_position/srv/detail
[4.422s] -- Up-to-date: /home/curry/wilson_proj/ros2-rover-ws/install/ifaces_position/include/ifaces_position/ifaces_position/srv/detail/des_data__traits.hpp
[4.422s] -- Up-to-date: /home/curry/wilson_proj/ros2-rover-ws/install/ifaces_position/include/ifaces_position/ifaces_position/srv/detail/des_data__struct.hpp
[4.423s] -- Up-to-date: /home/curry/wilson_proj/ros2-rover-ws/install/ifaces_position/include/ifaces_position/ifaces_position/srv/detail/des_data__builder.hpp
[4.424s] -- Up-to-date: /home/curry/wilson_proj/ros2-rover-ws/install/ifaces_position/include/ifaces_position/ifaces_position/srv/detail/des_data__type_support.hpp
[4.424s] -- Up-to-date: /home/curry/wilson_proj/ros2-rover-ws/install/ifaces_position/include/ifaces_position/ifaces_position
[4.424s] -- Up-to-date: /home/curry/wilson_proj/ros2-rover-ws/install/ifaces_position/include/ifaces_position/ifaces_position/msg
[4.425s] -- Up-to-date: /home/curry/wilson_proj/ros2-rover-ws/install/ifaces_position/include/ifaces_position/ifaces_position/msg/detail
[4.425s] -- Up-to-date: /home/curry/wilson_proj/ros2-rover-ws/install/ifaces_position/include/ifaces_position/ifaces_position/msg/detail/dds_fastrtps
[4.426s] -- Up-to-date: /home/curry/wilson_proj/ros2-rover-ws/install/ifaces_position/include/ifaces_position/ifaces_position/msg/detail/gnss_data__rosidl_typesupport_fastrtps_cpp.hpp
[4.435s] -- Up-to-date: /home/curry/wilson_proj/ros2-rover-ws/install/ifaces_position/include/ifaces_position/ifaces_position/msg/rosidl_typesupport_fastrtps_cpp__visibility_control.h
[4.436s] -- Up-to-date: /home/curry/wilson_proj/ros2-rover-ws/install/ifaces_position/include/ifaces_position/ifaces_position/srv
[4.436s] -- Up-to-date: /home/curry/wilson_proj/ros2-rover-ws/install/ifaces_position/include/ifaces_position/ifaces_position/srv/detail
[4.437s] -- Up-to-date: /home/curry/wilson_proj/ros2-rover-ws/install/ifaces_position/include/ifaces_position/ifaces_position/srv/detail/dds_fastrtps
[4.437s] -- Up-to-date: /home/curry/wilson_proj/ros2-rover-ws/install/ifaces_position/include/ifaces_position/ifaces_position/srv/detail/des_data__rosidl_typesupport_fastrtps_cpp.hpp
[4.438s] -- Up-to-date: /home/curry/wilson_proj/ros2-rover-ws/install/ifaces_position/lib/libifaces_position__rosidl_typesupport_fastrtps_cpp.so
[4.439s] -- Up-to-date: /home/curry/wilson_proj/ros2-rover-ws/install/ifaces_position/include/ifaces_position/ifaces_position
[4.439s] -- Up-to-date: /home/curry/wilson_proj/ros2-rover-ws/install/ifaces_position/include/ifaces_position/ifaces_position/msg
[4.440s] -- Up-to-date: /home/curry/wilson_proj/ros2-rover-ws/install/ifaces_position/include/ifaces_position/ifaces_position/msg/rosidl_typesupport_introspection_c__visibility_control.h
[4.441s] -- Up-to-date: /home/curry/wilson_proj/ros2-rover-ws/install/ifaces_position/include/ifaces_position/ifaces_position/msg/detail
[4.442s] -- Up-to-date: /home/curry/wilson_proj/ros2-rover-ws/install/ifaces_position/include/ifaces_position/ifaces_position/msg/detail/gnss_data__type_support.c
[4.450s] -- Up-to-date: /home/curry/wilson_proj/ros2-rover-ws/install/ifaces_position/include/ifaces_position/ifaces_position/msg/detail/gnss_data__rosidl_typesupport_introspection_c.h
[4.451s] -- Up-to-date: /home/curry/wilson_proj/ros2-rover-ws/install/ifaces_position/include/ifaces_position/ifaces_position/srv
[4.452s] -- Up-to-date: /home/curry/wilson_proj/ros2-rover-ws/install/ifaces_position/include/ifaces_position/ifaces_position/srv/detail
[4.452s] -- Up-to-date: /home/curry/wilson_proj/ros2-rover-ws/install/ifaces_position/include/ifaces_position/ifaces_position/srv/detail/des_data__rosidl_typesupport_introspection_c.h
[4.453s] -- Up-to-date: /home/curry/wilson_proj/ros2-rover-ws/install/ifaces_position/include/ifaces_position/ifaces_position/srv/detail/des_data__type_support.c
[4.454s] -- Up-to-date: /home/curry/wilson_proj/ros2-rover-ws/install/ifaces_position/lib/libifaces_position__rosidl_typesupport_introspection_c.so
[4.454s] -- Up-to-date: /home/curry/wilson_proj/ros2-rover-ws/install/ifaces_position/lib/libifaces_position__rosidl_typesupport_c.so
[4.455s] -- Up-to-date: /home/curry/wilson_proj/ros2-rover-ws/install/ifaces_position/include/ifaces_position/ifaces_position
[4.455s] -- Up-to-date: /home/curry/wilson_proj/ros2-rover-ws/install/ifaces_position/include/ifaces_position/ifaces_position/msg
[4.456s] -- Up-to-date: /home/curry/wilson_proj/ros2-rover-ws/install/ifaces_position/include/ifaces_position/ifaces_position/msg/detail
[4.457s] -- Up-to-date: /home/curry/wilson_proj/ros2-rover-ws/install/ifaces_position/include/ifaces_position/ifaces_position/msg/detail/gnss_data__type_support.cpp
[4.457s] -- Up-to-date: /home/curry/wilson_proj/ros2-rover-ws/install/ifaces_position/include/ifaces_position/ifaces_position/msg/detail/gnss_data__rosidl_typesupport_introspection_cpp.hpp
[4.457s] -- Up-to-date: /home/curry/wilson_proj/ros2-rover-ws/install/ifaces_position/include/ifaces_position/ifaces_position/srv
[4.458s] -- Up-to-date: /home/curry/wilson_proj/ros2-rover-ws/install/ifaces_position/include/ifaces_position/ifaces_position/srv/detail
[4.458s] -- Up-to-date: /home/curry/wilson_proj/ros2-rover-ws/install/ifaces_position/include/ifaces_position/ifaces_position/srv/detail/des_data__rosidl_typesupport_introspection_cpp.hpp
[4.459s] -- Up-to-date: /home/curry/wilson_proj/ros2-rover-ws/install/ifaces_position/include/ifaces_position/ifaces_position/srv/detail/des_data__type_support.cpp
[4.459s] -- Up-to-date: /home/curry/wilson_proj/ros2-rover-ws/install/ifaces_position/lib/libifaces_position__rosidl_typesupport_introspection_cpp.so
[4.460s] -- Up-to-date: /home/curry/wilson_proj/ros2-rover-ws/install/ifaces_position/lib/libifaces_position__rosidl_typesupport_cpp.so
[4.460s] -- Up-to-date: /home/curry/wilson_proj/ros2-rover-ws/install/ifaces_position/share/ifaces_position/environment/pythonpath.sh
[4.461s] -- Up-to-date: /home/curry/wilson_proj/ros2-rover-ws/install/ifaces_position/share/ifaces_position/environment/pythonpath.dsv
[4.469s] -- Up-to-date: /home/curry/wilson_proj/ros2-rover-ws/install/ifaces_position/local/lib/python3.10/dist-packages/ifaces_position-0.0.0-py3.10.egg-info
[4.470s] -- Installing: /home/curry/wilson_proj/ros2-rover-ws/install/ifaces_position/local/lib/python3.10/dist-packages/ifaces_position-0.0.0-py3.10.egg-info/dependency_links.txt
[4.471s] -- Installing: /home/curry/wilson_proj/ros2-rover-ws/install/ifaces_position/local/lib/python3.10/dist-packages/ifaces_position-0.0.0-py3.10.egg-info/SOURCES.txt
[4.471s] -- Installing: /home/curry/wilson_proj/ros2-rover-ws/install/ifaces_position/local/lib/python3.10/dist-packages/ifaces_position-0.0.0-py3.10.egg-info/top_level.txt
[4.472s] -- Installing: /home/curry/wilson_proj/ros2-rover-ws/install/ifaces_position/local/lib/python3.10/dist-packages/ifaces_position-0.0.0-py3.10.egg-info/PKG-INFO
[4.473s] -- Up-to-date: /home/curry/wilson_proj/ros2-rover-ws/install/ifaces_position/local/lib/python3.10/dist-packages/ifaces_position
[4.474s] -- Up-to-date: /home/curry/wilson_proj/ros2-rover-ws/install/ifaces_position/local/lib/python3.10/dist-packages/ifaces_position/ifaces_position_s__rosidl_typesupport_introspection_c.cpython-310-aarch64-linux-gnu.so
[4.475s] -- Up-to-date: /home/curry/wilson_proj/ros2-rover-ws/install/ifaces_position/local/lib/python3.10/dist-packages/ifaces_position/_ifaces_position_s.ep.rosidl_typesupport_introspection_c.c
[4.475s] -- Up-to-date: /home/curry/wilson_proj/ros2-rover-ws/install/ifaces_position/local/lib/python3.10/dist-packages/ifaces_position/libifaces_position__rosidl_generator_py.so
[4.476s] -- Up-to-date: /home/curry/wilson_proj/ros2-rover-ws/install/ifaces_position/local/lib/python3.10/dist-packages/ifaces_position/msg
[4.476s] -- Up-to-date: /home/curry/wilson_proj/ros2-rover-ws/install/ifaces_position/local/lib/python3.10/dist-packages/ifaces_position/msg/_gnss_data_s.c
[4.477s] -- Up-to-date: /home/curry/wilson_proj/ros2-rover-ws/install/ifaces_position/local/lib/python3.10/dist-packages/ifaces_position/msg/__init__.py
[4.477s] -- Up-to-date: /home/curry/wilson_proj/ros2-rover-ws/install/ifaces_position/local/lib/python3.10/dist-packages/ifaces_position/msg/_gnss_data.py
[4.478s] -- Up-to-date: /home/curry/wilson_proj/ros2-rover-ws/install/ifaces_position/local/lib/python3.10/dist-packages/ifaces_position/srv
[4.478s] -- Up-to-date: /home/curry/wilson_proj/ros2-rover-ws/install/ifaces_position/local/lib/python3.10/dist-packages/ifaces_position/srv/__init__.py
[4.479s] -- Up-to-date: /home/curry/wilson_proj/ros2-rover-ws/install/ifaces_position/local/lib/python3.10/dist-packages/ifaces_position/srv/_des_data.py
[4.479s] -- Up-to-date: /home/curry/wilson_proj/ros2-rover-ws/install/ifaces_position/local/lib/python3.10/dist-packages/ifaces_position/srv/_des_data_s.c
[4.479s] -- Up-to-date: /home/curry/wilson_proj/ros2-rover-ws/install/ifaces_position/local/lib/python3.10/dist-packages/ifaces_position/ifaces_position_s__rosidl_typesupport_fastrtps_c.cpython-310-aarch64-linux-gnu.so
[4.480s] -- Up-to-date: /home/curry/wilson_proj/ros2-rover-ws/install/ifaces_position/local/lib/python3.10/dist-packages/ifaces_position/_ifaces_position_s.ep.rosidl_typesupport_fastrtps_c.c
[4.480s] -- Up-to-date: /home/curry/wilson_proj/ros2-rover-ws/install/ifaces_position/local/lib/python3.10/dist-packages/ifaces_position/__init__.py
[4.480s] -- Up-to-date: /home/curry/wilson_proj/ros2-rover-ws/install/ifaces_position/local/lib/python3.10/dist-packages/ifaces_position/_ifaces_position_s.ep.rosidl_typesupport_c.c
[4.483s] -- Up-to-date: /home/curry/wilson_proj/ros2-rover-ws/install/ifaces_position/local/lib/python3.10/dist-packages/ifaces_position/ifaces_position_s__rosidl_typesupport_c.cpython-310-aarch64-linux-gnu.so
[4.677s] Listing '/home/curry/wilson_proj/ros2-rover-ws/install/ifaces_position/local/lib/python3.10/dist-packages/ifaces_position'...
[4.678s] Listing '/home/curry/wilson_proj/ros2-rover-ws/install/ifaces_position/local/lib/python3.10/dist-packages/ifaces_position/msg'...
[4.679s] Listing '/home/curry/wilson_proj/ros2-rover-ws/install/ifaces_position/local/lib/python3.10/dist-packages/ifaces_position/srv'...
[4.726s] -- Up-to-date: /home/curry/wilson_proj/ros2-rover-ws/install/ifaces_position/local/lib/python3.10/dist-packages/ifaces_position/ifaces_position_s__rosidl_typesupport_fastrtps_c.cpython-310-aarch64-linux-gnu.so
[4.726s] -- Up-to-date: /home/curry/wilson_proj/ros2-rover-ws/install/ifaces_position/local/lib/python3.10/dist-packages/ifaces_position/ifaces_position_s__rosidl_typesupport_introspection_c.cpython-310-aarch64-linux-gnu.so
[4.728s] -- Up-to-date: /home/curry/wilson_proj/ros2-rover-ws/install/ifaces_position/local/lib/python3.10/dist-packages/ifaces_position/ifaces_position_s__rosidl_typesupport_c.cpython-310-aarch64-linux-gnu.so
[4.731s] -- Up-to-date: /home/curry/wilson_proj/ros2-rover-ws/install/ifaces_position/lib/libifaces_position__rosidl_generator_py.so
[4.735s] -- Up-to-date: /home/curry/wilson_proj/ros2-rover-ws/install/ifaces_position/share/ifaces_position/msg/GnssData.idl
[4.736s] -- Up-to-date: /home/curry/wilson_proj/ros2-rover-ws/install/ifaces_position/share/ifaces_position/srv/DesData.idl
[4.738s] -- Up-to-date: /home/curry/wilson_proj/ros2-rover-ws/install/ifaces_position/share/ifaces_position/msg/GnssData.msg
[4.740s] -- Up-to-date: /home/curry/wilson_proj/ros2-rover-ws/install/ifaces_position/share/ifaces_position/srv/DesData.srv
[4.741s] -- Up-to-date: /home/curry/wilson_proj/ros2-rover-ws/install/ifaces_position/share/ifaces_position/srv/DesData_Request.msg
[4.742s] -- Up-to-date: /home/curry/wilson_proj/ros2-rover-ws/install/ifaces_position/share/ifaces_position/srv/DesData_Response.msg
[4.743s] -- Up-to-date: /home/curry/wilson_proj/ros2-rover-ws/install/ifaces_position/share/ament_index/resource_index/package_run_dependencies/ifaces_position
[4.744s] -- Up-to-date: /home/curry/wilson_proj/ros2-rover-ws/install/ifaces_position/share/ament_index/resource_index/parent_prefix_path/ifaces_position
[4.745s] -- Up-to-date: /home/curry/wilson_proj/ros2-rover-ws/install/ifaces_position/share/ifaces_position/environment/ament_prefix_path.sh
[4.746s] -- Up-to-date: /home/curry/wilson_proj/ros2-rover-ws/install/ifaces_position/share/ifaces_position/environment/ament_prefix_path.dsv
[4.747s] -- Up-to-date: /home/curry/wilson_proj/ros2-rover-ws/install/ifaces_position/share/ifaces_position/environment/path.sh
[4.748s] -- Up-to-date: /home/curry/wilson_proj/ros2-rover-ws/install/ifaces_position/share/ifaces_position/environment/path.dsv
[4.749s] -- Up-to-date: /home/curry/wilson_proj/ros2-rover-ws/install/ifaces_position/share/ifaces_position/local_setup.bash
[4.750s] -- Up-to-date: /home/curry/wilson_proj/ros2-rover-ws/install/ifaces_position/share/ifaces_position/local_setup.sh
[4.755s] -- Up-to-date: /home/curry/wilson_proj/ros2-rover-ws/install/ifaces_position/share/ifaces_position/local_setup.zsh
[4.755s] -- Up-to-date: /home/curry/wilson_proj/ros2-rover-ws/install/ifaces_position/share/ifaces_position/local_setup.dsv
[4.756s] -- Installing: /home/curry/wilson_proj/ros2-rover-ws/install/ifaces_position/share/ifaces_position/package.dsv
[4.758s] -- Up-to-date: /home/curry/wilson_proj/ros2-rover-ws/install/ifaces_position/share/ament_index/resource_index/packages/ifaces_position
[4.759s] -- Up-to-date: /home/curry/wilson_proj/ros2-rover-ws/install/ifaces_position/share/ifaces_position/cmake/export_ifaces_position__rosidl_generator_cExport.cmake
[4.760s] -- Up-to-date: /home/curry/wilson_proj/ros2-rover-ws/install/ifaces_position/share/ifaces_position/cmake/export_ifaces_position__rosidl_generator_cExport-noconfig.cmake
[4.763s] -- Up-to-date: /home/curry/wilson_proj/ros2-rover-ws/install/ifaces_position/share/ifaces_position/cmake/export_ifaces_position__rosidl_typesupport_fastrtps_cExport.cmake
[4.765s] -- Up-to-date: /home/curry/wilson_proj/ros2-rover-ws/install/ifaces_position/share/ifaces_position/cmake/export_ifaces_position__rosidl_typesupport_fastrtps_cExport-noconfig.cmake
[4.765s] -- Up-to-date: /home/curry/wilson_proj/ros2-rover-ws/install/ifaces_position/share/ifaces_position/cmake/export_ifaces_position__rosidl_generator_cppExport.cmake
[4.768s] -- Up-to-date: /home/curry/wilson_proj/ros2-rover-ws/install/ifaces_position/share/ifaces_position/cmake/export_ifaces_position__rosidl_typesupport_fastrtps_cppExport.cmake
[4.771s] -- Up-to-date: /home/curry/wilson_proj/ros2-rover-ws/install/ifaces_position/share/ifaces_position/cmake/export_ifaces_position__rosidl_typesupport_fastrtps_cppExport-noconfig.cmake
[4.772s] -- Up-to-date: /home/curry/wilson_proj/ros2-rover-ws/install/ifaces_position/share/ifaces_position/cmake/ifaces_position__rosidl_typesupport_introspection_cExport.cmake
[4.773s] -- Up-to-date: /home/curry/wilson_proj/ros2-rover-ws/install/ifaces_position/share/ifaces_position/cmake/ifaces_position__rosidl_typesupport_introspection_cExport-noconfig.cmake
[4.777s] -- Up-to-date: /home/curry/wilson_proj/ros2-rover-ws/install/ifaces_position/share/ifaces_position/cmake/ifaces_position__rosidl_typesupport_cExport.cmake
[4.777s] -- Up-to-date: /home/curry/wilson_proj/ros2-rover-ws/install/ifaces_position/share/ifaces_position/cmake/ifaces_position__rosidl_typesupport_cExport-noconfig.cmake
[4.778s] -- Up-to-date: /home/curry/wilson_proj/ros2-rover-ws/install/ifaces_position/share/ifaces_position/cmake/ifaces_position__rosidl_typesupport_introspection_cppExport.cmake
[4.779s] -- Up-to-date: /home/curry/wilson_proj/ros2-rover-ws/install/ifaces_position/share/ifaces_position/cmake/ifaces_position__rosidl_typesupport_introspection_cppExport-noconfig.cmake
[4.779s] -- Up-to-date: /home/curry/wilson_proj/ros2-rover-ws/install/ifaces_position/share/ifaces_position/cmake/ifaces_position__rosidl_typesupport_cppExport.cmake
[4.780s] -- Up-to-date: /home/curry/wilson_proj/ros2-rover-ws/install/ifaces_position/share/ifaces_position/cmake/ifaces_position__rosidl_typesupport_cppExport-noconfig.cmake
[4.780s] -- Up-to-date: /home/curry/wilson_proj/ros2-rover-ws/install/ifaces_position/share/ifaces_position/cmake/export_ifaces_position__rosidl_generator_pyExport.cmake
[4.781s] -- Up-to-date: /home/curry/wilson_proj/ros2-rover-ws/install/ifaces_position/share/ifaces_position/cmake/export_ifaces_position__rosidl_generator_pyExport-noconfig.cmake
[4.781s] -- Up-to-date: /home/curry/wilson_proj/ros2-rover-ws/install/ifaces_position/share/ifaces_position/cmake/rosidl_cmake-extras.cmake
[4.782s] -- Up-to-date: /home/curry/wilson_proj/ros2-rover-ws/install/ifaces_position/share/ifaces_position/cmake/ament_cmake_export_dependencies-extras.cmake
[4.785s] -- Up-to-date: /home/curry/wilson_proj/ros2-rover-ws/install/ifaces_position/share/ifaces_position/cmake/ament_cmake_export_include_directories-extras.cmake
[4.786s] -- Up-to-date: /home/curry/wilson_proj/ros2-rover-ws/install/ifaces_position/share/ifaces_position/cmake/ament_cmake_export_libraries-extras.cmake
[4.786s] -- Up-to-date: /home/curry/wilson_proj/ros2-rover-ws/install/ifaces_position/share/ifaces_position/cmake/ament_cmake_export_targets-extras.cmake
[4.787s] -- Up-to-date: /home/curry/wilson_proj/ros2-rover-ws/install/ifaces_position/share/ifaces_position/cmake/rosidl_cmake_export_typesupport_targets-extras.cmake
[4.791s] -- Up-to-date: /home/curry/wilson_proj/ros2-rover-ws/install/ifaces_position/share/ifaces_position/cmake/rosidl_cmake_export_typesupport_libraries-extras.cmake
[4.792s] -- Up-to-date: /home/curry/wilson_proj/ros2-rover-ws/install/ifaces_position/share/ifaces_position/cmake/ifaces_positionConfig.cmake
[4.793s] -- Up-to-date: /home/curry/wilson_proj/ros2-rover-ws/install/ifaces_position/share/ifaces_position/cmake/ifaces_positionConfig-version.cmake
[4.795s] -- Up-to-date: /home/curry/wilson_proj/ros2-rover-ws/install/ifaces_position/share/ifaces_position/package.xml
[4.800s] Invoked command in '/home/curry/wilson_proj/ros2-rover-ws/build/ifaces_position' returned '0': CMAKE_PREFIX_PATH=${CMAKE_PREFIX_PATH}:/opt/ros/humble /usr/bin/cmake --install /home/curry/wilson_proj/ros2-rover-ws/build/ifaces_position
