[0.053s] Invoking command in '/home/curry/wilson_proj/ros2-rover-ws/build/msgs_positions': CMAKE_PREFIX_PATH=/opt/ros/humble /usr/bin/cmake --build /home/curry/wilson_proj/ros2-rover-ws/build/msgs_positions -- -j4 -l4
[0.137s] -- Found ament_cmake: 1.3.11 (/opt/ros/humble/share/ament_cmake/cmake)
[0.694s] -- Found std_msgs: 4.2.4 (/opt/ros/humble/share/std_msgs/cmake)
[0.846s] -- Found rosidl_generator_c: 3.1.6 (/opt/ros/humble/share/rosidl_generator_c/cmake)
[0.856s] -- Found rosidl_adapter: 3.1.6 (/opt/ros/humble/share/rosidl_adapter/cmake)
[0.879s] -- Found rosidl_generator_cpp: 3.1.6 (/opt/ros/humble/share/rosidl_generator_cpp/cmake)
[0.916s] -- Using all available rosidl_typesupport_c: rosidl_typesupport_fastrtps_c;rosidl_typesupport_introspection_c
[0.964s] -- Using all available rosidl_typesupport_cpp: rosidl_typesupport_fastrtps_cpp;rosidl_typesupport_introspection_cpp
[1.052s] -- Found rosidl_default_generators: 1.2.0 (/opt/ros/humble/share/rosidl_default_generators/cmake)
[1.889s] [31mCMake Error at /opt/ros/humble/share/rosidl_cmake/cmake/rosidl_generate_interfaces.cmake:229 (message):
[1.889s]   Packages installing interfaces must include
[1.890s]   '<member_of_group>rosidl_interface_packages</member_of_group>' in their
[1.890s]   package.xml
[1.890s] Call Stack (most recent call first):
[1.891s]   CMakeLists.txt:16 (rosidl_generate_interfaces)
[1.891s] 
[1.891s] [0m
[1.892s] -- Configuring incomplete, errors occurred!
[1.892s] See also "/home/curry/wilson_proj/ros2-rover-ws/build/msgs_positions/CMakeFiles/CMakeOutput.log".
[1.911s] gmake: *** [Makefile:747: cmake_check_build_system] Error 1
[1.918s] Invoked command in '/home/curry/wilson_proj/ros2-rover-ws/build/msgs_positions' returned '2': CMAKE_PREFIX_PATH=/opt/ros/humble /usr/bin/cmake --build /home/curry/wilson_proj/ros2-rover-ws/build/msgs_positions -- -j4 -l4
