[0.141s] Invoking command in '/home/curry/wilson_proj/ros2-rover-ws/build/msgs_rovercon': CMAKE_PREFIX_PATH=${CMAKE_PREFIX_PATH}:/opt/ros/humble /usr/bin/cmake --build /home/curry/wilson_proj/ros2-rover-ws/build/msgs_rovercon -- -j4 -l4
[0.624s] [  3%] Built target msgs_rovercon__cpp
[0.685s] [ 12%] Built target msgs_rovercon__rosidl_generator_c
[0.761s] [ 12%] Built target ament_cmake_python_copy_msgs_rovercon
[1.091s] [ 22%] Built target msgs_rovercon__rosidl_typesupport_fastrtps_cpp
[1.180s] [ 32%] Built target msgs_rovercon__rosidl_typesupport_introspection_cpp
[1.193s] [ 41%] Built target msgs_rovercon__rosidl_typesupport_cpp
[1.263s] [ 51%] Built target msgs_rovercon__rosidl_typesupport_fastrtps_c
[1.523s] [ 61%] Built target msgs_rovercon__rosidl_typesupport_c
[1.552s] [ 70%] Built target msgs_rovercon__rosidl_typesupport_introspection_c
[1.736s] [ 70%] Built target msgs_rovercon
[1.939s] [ 74%] Built target msgs_rovercon__py
[2.222s] [ 80%] Built target msgs_rovercon__rosidl_generator_py
[2.490s] [ 87%] Built target msgs_rovercon__rosidl_typesupport_introspection_c__pyext
[2.568s] [ 93%] Built target msgs_rovercon__rosidl_typesupport_fastrtps_c__pyext
[2.590s] [100%] Built target msgs_rovercon__rosidl_typesupport_c__pyext
[4.149s] running egg_info
[4.154s] writing msgs_rovercon.egg-info/PKG-INFO
[4.161s] writing dependency_links to msgs_rovercon.egg-info/dependency_links.txt
[4.162s] writing top-level names to msgs_rovercon.egg-info/top_level.txt
[4.180s] reading manifest file 'msgs_rovercon.egg-info/SOURCES.txt'
[4.185s] writing manifest file 'msgs_rovercon.egg-info/SOURCES.txt'
[4.413s] [100%] Built target ament_cmake_python_build_msgs_rovercon_egg
[4.462s] Invoked command in '/home/curry/wilson_proj/ros2-rover-ws/build/msgs_rovercon' returned '0': CMAKE_PREFIX_PATH=${CMAKE_PREFIX_PATH}:/opt/ros/humble /usr/bin/cmake --build /home/curry/wilson_proj/ros2-rover-ws/build/msgs_rovercon -- -j4 -l4
[4.464s] Invoking command in '/home/curry/wilson_proj/ros2-rover-ws/build/msgs_rovercon': CMAKE_PREFIX_PATH=${CMAKE_PREFIX_PATH}:/opt/ros/humble /usr/bin/cmake --install /home/curry/wilson_proj/ros2-rover-ws/build/msgs_rovercon
[4.518s] -- Install configuration: ""
[4.533s] -- Up-to-date: /home/curry/wilson_proj/ros2-rover-ws/install/msgs_rovercon/share/ament_index/resource_index/rosidl_interfaces/msgs_rovercon
[4.534s] -- Up-to-date: /home/curry/wilson_proj/ros2-rover-ws/install/msgs_rovercon/include/msgs_rovercon/msgs_rovercon
[4.535s] -- Up-to-date: /home/curry/wilson_proj/ros2-rover-ws/install/msgs_rovercon/include/msgs_rovercon/msgs_rovercon/msg
[4.535s] -- Up-to-date: /home/curry/wilson_proj/ros2-rover-ws/install/msgs_rovercon/include/msgs_rovercon/msgs_rovercon/msg/detail
[4.537s] -- Up-to-date: /home/curry/wilson_proj/ros2-rover-ws/install/msgs_rovercon/include/msgs_rovercon/msgs_rovercon/msg/detail/sub_rocon__struct.h
[4.538s] -- Up-to-date: /home/curry/wilson_proj/ros2-rover-ws/install/msgs_rovercon/include/msgs_rovercon/msgs_rovercon/msg/detail/sub_rocon__functions.c
[4.541s] -- Up-to-date: /home/curry/wilson_proj/ros2-rover-ws/install/msgs_rovercon/include/msgs_rovercon/msgs_rovercon/msg/detail/sub_rocon__type_support.h
[4.542s] -- Up-to-date: /home/curry/wilson_proj/ros2-rover-ws/install/msgs_rovercon/include/msgs_rovercon/msgs_rovercon/msg/detail/sub_rocon__functions.h
[4.543s] -- Up-to-date: /home/curry/wilson_proj/ros2-rover-ws/install/msgs_rovercon/include/msgs_rovercon/msgs_rovercon/msg/rosidl_generator_c__visibility_control.h
[4.546s] -- Up-to-date: /home/curry/wilson_proj/ros2-rover-ws/install/msgs_rovercon/include/msgs_rovercon/msgs_rovercon/msg/sub_rocon.h
[4.547s] -- Up-to-date: /home/curry/wilson_proj/ros2-rover-ws/install/msgs_rovercon/share/msgs_rovercon/environment/library_path.sh
[4.551s] -- Up-to-date: /home/curry/wilson_proj/ros2-rover-ws/install/msgs_rovercon/share/msgs_rovercon/environment/library_path.dsv
[4.552s] -- Up-to-date: /home/curry/wilson_proj/ros2-rover-ws/install/msgs_rovercon/lib/libmsgs_rovercon__rosidl_generator_c.so
[4.553s] -- Up-to-date: /home/curry/wilson_proj/ros2-rover-ws/install/msgs_rovercon/include/msgs_rovercon/msgs_rovercon
[4.554s] -- Up-to-date: /home/curry/wilson_proj/ros2-rover-ws/install/msgs_rovercon/include/msgs_rovercon/msgs_rovercon/msg
[4.557s] -- Up-to-date: /home/curry/wilson_proj/ros2-rover-ws/install/msgs_rovercon/include/msgs_rovercon/msgs_rovercon/msg/detail
[4.557s] -- Up-to-date: /home/curry/wilson_proj/ros2-rover-ws/install/msgs_rovercon/include/msgs_rovercon/msgs_rovercon/msg/detail/sub_rocon__rosidl_typesupport_fastrtps_c.h
[4.558s] -- Up-to-date: /home/curry/wilson_proj/ros2-rover-ws/install/msgs_rovercon/include/msgs_rovercon/msgs_rovercon/msg/rosidl_typesupport_fastrtps_c__visibility_control.h
[4.559s] -- Up-to-date: /home/curry/wilson_proj/ros2-rover-ws/install/msgs_rovercon/lib/libmsgs_rovercon__rosidl_typesupport_fastrtps_c.so
[4.561s] -- Up-to-date: /home/curry/wilson_proj/ros2-rover-ws/install/msgs_rovercon/include/msgs_rovercon/msgs_rovercon
[4.562s] -- Up-to-date: /home/curry/wilson_proj/ros2-rover-ws/install/msgs_rovercon/include/msgs_rovercon/msgs_rovercon/msg
[4.563s] -- Up-to-date: /home/curry/wilson_proj/ros2-rover-ws/install/msgs_rovercon/include/msgs_rovercon/msgs_rovercon/msg/rosidl_typesupport_introspection_c__visibility_control.h
[4.564s] -- Up-to-date: /home/curry/wilson_proj/ros2-rover-ws/install/msgs_rovercon/include/msgs_rovercon/msgs_rovercon/msg/detail
[4.565s] -- Up-to-date: /home/curry/wilson_proj/ros2-rover-ws/install/msgs_rovercon/include/msgs_rovercon/msgs_rovercon/msg/detail/sub_rocon__type_support.c
[4.565s] -- Up-to-date: /home/curry/wilson_proj/ros2-rover-ws/install/msgs_rovercon/include/msgs_rovercon/msgs_rovercon/msg/detail/sub_rocon__rosidl_typesupport_introspection_c.h
[4.566s] -- Up-to-date: /home/curry/wilson_proj/ros2-rover-ws/install/msgs_rovercon/lib/libmsgs_rovercon__rosidl_typesupport_introspection_c.so
[4.567s] -- Up-to-date: /home/curry/wilson_proj/ros2-rover-ws/install/msgs_rovercon/lib/libmsgs_rovercon__rosidl_typesupport_c.so
[4.575s] -- Up-to-date: /home/curry/wilson_proj/ros2-rover-ws/install/msgs_rovercon/include/msgs_rovercon/msgs_rovercon
[4.576s] -- Up-to-date: /home/curry/wilson_proj/ros2-rover-ws/install/msgs_rovercon/include/msgs_rovercon/msgs_rovercon/msg
[4.576s] -- Up-to-date: /home/curry/wilson_proj/ros2-rover-ws/install/msgs_rovercon/include/msgs_rovercon/msgs_rovercon/msg/rosidl_generator_cpp__visibility_control.hpp
[4.577s] -- Up-to-date: /home/curry/wilson_proj/ros2-rover-ws/install/msgs_rovercon/include/msgs_rovercon/msgs_rovercon/msg/detail
[4.578s] -- Up-to-date: /home/curry/wilson_proj/ros2-rover-ws/install/msgs_rovercon/include/msgs_rovercon/msgs_rovercon/msg/detail/sub_rocon__builder.hpp
[4.579s] -- Up-to-date: /home/curry/wilson_proj/ros2-rover-ws/install/msgs_rovercon/include/msgs_rovercon/msgs_rovercon/msg/detail/sub_rocon__type_support.hpp
[4.580s] -- Up-to-date: /home/curry/wilson_proj/ros2-rover-ws/install/msgs_rovercon/include/msgs_rovercon/msgs_rovercon/msg/detail/sub_rocon__traits.hpp
[4.581s] -- Up-to-date: /home/curry/wilson_proj/ros2-rover-ws/install/msgs_rovercon/include/msgs_rovercon/msgs_rovercon/msg/detail/sub_rocon__struct.hpp
[4.582s] -- Up-to-date: /home/curry/wilson_proj/ros2-rover-ws/install/msgs_rovercon/include/msgs_rovercon/msgs_rovercon/msg/sub_rocon.hpp
[4.582s] -- Up-to-date: /home/curry/wilson_proj/ros2-rover-ws/install/msgs_rovercon/include/msgs_rovercon/msgs_rovercon
[4.584s] -- Up-to-date: /home/curry/wilson_proj/ros2-rover-ws/install/msgs_rovercon/include/msgs_rovercon/msgs_rovercon/msg
[4.584s] -- Up-to-date: /home/curry/wilson_proj/ros2-rover-ws/install/msgs_rovercon/include/msgs_rovercon/msgs_rovercon/msg/detail
[4.585s] -- Up-to-date: /home/curry/wilson_proj/ros2-rover-ws/install/msgs_rovercon/include/msgs_rovercon/msgs_rovercon/msg/detail/dds_fastrtps
[4.586s] -- Up-to-date: /home/curry/wilson_proj/ros2-rover-ws/install/msgs_rovercon/include/msgs_rovercon/msgs_rovercon/msg/detail/sub_rocon__rosidl_typesupport_fastrtps_cpp.hpp
[4.586s] -- Up-to-date: /home/curry/wilson_proj/ros2-rover-ws/install/msgs_rovercon/include/msgs_rovercon/msgs_rovercon/msg/rosidl_typesupport_fastrtps_cpp__visibility_control.h
[4.587s] -- Up-to-date: /home/curry/wilson_proj/ros2-rover-ws/install/msgs_rovercon/lib/libmsgs_rovercon__rosidl_typesupport_fastrtps_cpp.so
[4.587s] -- Up-to-date: /home/curry/wilson_proj/ros2-rover-ws/install/msgs_rovercon/include/msgs_rovercon/msgs_rovercon
[4.588s] -- Up-to-date: /home/curry/wilson_proj/ros2-rover-ws/install/msgs_rovercon/include/msgs_rovercon/msgs_rovercon/msg
[4.588s] -- Up-to-date: /home/curry/wilson_proj/ros2-rover-ws/install/msgs_rovercon/include/msgs_rovercon/msgs_rovercon/msg/detail
[4.589s] -- Up-to-date: /home/curry/wilson_proj/ros2-rover-ws/install/msgs_rovercon/include/msgs_rovercon/msgs_rovercon/msg/detail/sub_rocon__rosidl_typesupport_introspection_cpp.hpp
[4.589s] -- Up-to-date: /home/curry/wilson_proj/ros2-rover-ws/install/msgs_rovercon/include/msgs_rovercon/msgs_rovercon/msg/detail/sub_rocon__type_support.cpp
[4.589s] -- Up-to-date: /home/curry/wilson_proj/ros2-rover-ws/install/msgs_rovercon/lib/libmsgs_rovercon__rosidl_typesupport_introspection_cpp.so
[4.590s] -- Up-to-date: /home/curry/wilson_proj/ros2-rover-ws/install/msgs_rovercon/lib/libmsgs_rovercon__rosidl_typesupport_cpp.so
[4.590s] -- Up-to-date: /home/curry/wilson_proj/ros2-rover-ws/install/msgs_rovercon/share/msgs_rovercon/environment/pythonpath.sh
[4.595s] -- Up-to-date: /home/curry/wilson_proj/ros2-rover-ws/install/msgs_rovercon/share/msgs_rovercon/environment/pythonpath.dsv
[4.595s] -- Up-to-date: /home/curry/wilson_proj/ros2-rover-ws/install/msgs_rovercon/local/lib/python3.10/dist-packages/msgs_rovercon-0.0.0-py3.10.egg-info
[4.596s] -- Installing: /home/curry/wilson_proj/ros2-rover-ws/install/msgs_rovercon/local/lib/python3.10/dist-packages/msgs_rovercon-0.0.0-py3.10.egg-info/dependency_links.txt
[4.597s] -- Installing: /home/curry/wilson_proj/ros2-rover-ws/install/msgs_rovercon/local/lib/python3.10/dist-packages/msgs_rovercon-0.0.0-py3.10.egg-info/SOURCES.txt
[4.598s] -- Installing: /home/curry/wilson_proj/ros2-rover-ws/install/msgs_rovercon/local/lib/python3.10/dist-packages/msgs_rovercon-0.0.0-py3.10.egg-info/top_level.txt
[4.601s] -- Installing: /home/curry/wilson_proj/ros2-rover-ws/install/msgs_rovercon/local/lib/python3.10/dist-packages/msgs_rovercon-0.0.0-py3.10.egg-info/PKG-INFO
[4.603s] -- Up-to-date: /home/curry/wilson_proj/ros2-rover-ws/install/msgs_rovercon/local/lib/python3.10/dist-packages/msgs_rovercon
[4.608s] -- Up-to-date: /home/curry/wilson_proj/ros2-rover-ws/install/msgs_rovercon/local/lib/python3.10/dist-packages/msgs_rovercon/_msgs_rovercon_s.ep.rosidl_typesupport_introspection_c.c
[4.609s] -- Up-to-date: /home/curry/wilson_proj/ros2-rover-ws/install/msgs_rovercon/local/lib/python3.10/dist-packages/msgs_rovercon/msg
[4.610s] -- Up-to-date: /home/curry/wilson_proj/ros2-rover-ws/install/msgs_rovercon/local/lib/python3.10/dist-packages/msgs_rovercon/msg/_sub_rocon.py
[4.610s] -- Up-to-date: /home/curry/wilson_proj/ros2-rover-ws/install/msgs_rovercon/local/lib/python3.10/dist-packages/msgs_rovercon/msg/__init__.py
[4.611s] -- Up-to-date: /home/curry/wilson_proj/ros2-rover-ws/install/msgs_rovercon/local/lib/python3.10/dist-packages/msgs_rovercon/msg/_sub_rocon_s.c
[4.613s] -- Up-to-date: /home/curry/wilson_proj/ros2-rover-ws/install/msgs_rovercon/local/lib/python3.10/dist-packages/msgs_rovercon/msgs_rovercon_s__rosidl_typesupport_c.cpython-310-aarch64-linux-gnu.so
[4.616s] -- Up-to-date: /home/curry/wilson_proj/ros2-rover-ws/install/msgs_rovercon/local/lib/python3.10/dist-packages/msgs_rovercon/libmsgs_rovercon__rosidl_generator_py.so
[4.617s] -- Up-to-date: /home/curry/wilson_proj/ros2-rover-ws/install/msgs_rovercon/local/lib/python3.10/dist-packages/msgs_rovercon/__init__.py
[4.618s] -- Up-to-date: /home/curry/wilson_proj/ros2-rover-ws/install/msgs_rovercon/local/lib/python3.10/dist-packages/msgs_rovercon/_msgs_rovercon_s.ep.rosidl_typesupport_fastrtps_c.c
[4.619s] -- Up-to-date: /home/curry/wilson_proj/ros2-rover-ws/install/msgs_rovercon/local/lib/python3.10/dist-packages/msgs_rovercon/msgs_rovercon_s__rosidl_typesupport_fastrtps_c.cpython-310-aarch64-linux-gnu.so
[4.620s] -- Up-to-date: /home/curry/wilson_proj/ros2-rover-ws/install/msgs_rovercon/local/lib/python3.10/dist-packages/msgs_rovercon/_msgs_rovercon_s.ep.rosidl_typesupport_c.c
[4.622s] -- Up-to-date: /home/curry/wilson_proj/ros2-rover-ws/install/msgs_rovercon/local/lib/python3.10/dist-packages/msgs_rovercon/msgs_rovercon_s__rosidl_typesupport_introspection_c.cpython-310-aarch64-linux-gnu.so
[4.841s] Listing '/home/curry/wilson_proj/ros2-rover-ws/install/msgs_rovercon/local/lib/python3.10/dist-packages/msgs_rovercon'...
[4.843s] Listing '/home/curry/wilson_proj/ros2-rover-ws/install/msgs_rovercon/local/lib/python3.10/dist-packages/msgs_rovercon/msg'...
[4.873s] -- Up-to-date: /home/curry/wilson_proj/ros2-rover-ws/install/msgs_rovercon/local/lib/python3.10/dist-packages/msgs_rovercon/msgs_rovercon_s__rosidl_typesupport_fastrtps_c.cpython-310-aarch64-linux-gnu.so
[4.876s] -- Up-to-date: /home/curry/wilson_proj/ros2-rover-ws/install/msgs_rovercon/local/lib/python3.10/dist-packages/msgs_rovercon/msgs_rovercon_s__rosidl_typesupport_introspection_c.cpython-310-aarch64-linux-gnu.so
[4.879s] -- Up-to-date: /home/curry/wilson_proj/ros2-rover-ws/install/msgs_rovercon/local/lib/python3.10/dist-packages/msgs_rovercon/msgs_rovercon_s__rosidl_typesupport_c.cpython-310-aarch64-linux-gnu.so
[4.883s] -- Up-to-date: /home/curry/wilson_proj/ros2-rover-ws/install/msgs_rovercon/lib/libmsgs_rovercon__rosidl_generator_py.so
[4.885s] -- Up-to-date: /home/curry/wilson_proj/ros2-rover-ws/install/msgs_rovercon/share/msgs_rovercon/msg/SubRocon.idl
[4.886s] -- Up-to-date: /home/curry/wilson_proj/ros2-rover-ws/install/msgs_rovercon/share/msgs_rovercon/msg/SubRocon.msg
[4.887s] -- Up-to-date: /home/curry/wilson_proj/ros2-rover-ws/install/msgs_rovercon/share/ament_index/resource_index/package_run_dependencies/msgs_rovercon
[4.887s] -- Up-to-date: /home/curry/wilson_proj/ros2-rover-ws/install/msgs_rovercon/share/ament_index/resource_index/parent_prefix_path/msgs_rovercon
[4.888s] -- Up-to-date: /home/curry/wilson_proj/ros2-rover-ws/install/msgs_rovercon/share/msgs_rovercon/environment/ament_prefix_path.sh
[4.889s] -- Up-to-date: /home/curry/wilson_proj/ros2-rover-ws/install/msgs_rovercon/share/msgs_rovercon/environment/ament_prefix_path.dsv
[4.890s] -- Up-to-date: /home/curry/wilson_proj/ros2-rover-ws/install/msgs_rovercon/share/msgs_rovercon/environment/path.sh
[4.892s] -- Up-to-date: /home/curry/wilson_proj/ros2-rover-ws/install/msgs_rovercon/share/msgs_rovercon/environment/path.dsv
[4.894s] -- Up-to-date: /home/curry/wilson_proj/ros2-rover-ws/install/msgs_rovercon/share/msgs_rovercon/local_setup.bash
[4.894s] -- Up-to-date: /home/curry/wilson_proj/ros2-rover-ws/install/msgs_rovercon/share/msgs_rovercon/local_setup.sh
[4.895s] -- Up-to-date: /home/curry/wilson_proj/ros2-rover-ws/install/msgs_rovercon/share/msgs_rovercon/local_setup.zsh
[4.895s] -- Up-to-date: /home/curry/wilson_proj/ros2-rover-ws/install/msgs_rovercon/share/msgs_rovercon/local_setup.dsv
[4.896s] -- Installing: /home/curry/wilson_proj/ros2-rover-ws/install/msgs_rovercon/share/msgs_rovercon/package.dsv
[4.898s] -- Up-to-date: /home/curry/wilson_proj/ros2-rover-ws/install/msgs_rovercon/share/ament_index/resource_index/packages/msgs_rovercon
[4.901s] -- Up-to-date: /home/curry/wilson_proj/ros2-rover-ws/install/msgs_rovercon/share/msgs_rovercon/cmake/export_msgs_rovercon__rosidl_generator_cExport.cmake
[4.902s] -- Up-to-date: /home/curry/wilson_proj/ros2-rover-ws/install/msgs_rovercon/share/msgs_rovercon/cmake/export_msgs_rovercon__rosidl_generator_cExport-noconfig.cmake
[4.903s] -- Up-to-date: /home/curry/wilson_proj/ros2-rover-ws/install/msgs_rovercon/share/msgs_rovercon/cmake/export_msgs_rovercon__rosidl_typesupport_fastrtps_cExport.cmake
[4.905s] -- Up-to-date: /home/curry/wilson_proj/ros2-rover-ws/install/msgs_rovercon/share/msgs_rovercon/cmake/export_msgs_rovercon__rosidl_typesupport_fastrtps_cExport-noconfig.cmake
[4.922s] -- Up-to-date: /home/curry/wilson_proj/ros2-rover-ws/install/msgs_rovercon/share/msgs_rovercon/cmake/msgs_rovercon__rosidl_typesupport_introspection_cExport.cmake
[4.923s] -- Up-to-date: /home/curry/wilson_proj/ros2-rover-ws/install/msgs_rovercon/share/msgs_rovercon/cmake/msgs_rovercon__rosidl_typesupport_introspection_cExport-noconfig.cmake
[4.923s] -- Up-to-date: /home/curry/wilson_proj/ros2-rover-ws/install/msgs_rovercon/share/msgs_rovercon/cmake/msgs_rovercon__rosidl_typesupport_cExport.cmake
[4.924s] -- Up-to-date: /home/curry/wilson_proj/ros2-rover-ws/install/msgs_rovercon/share/msgs_rovercon/cmake/msgs_rovercon__rosidl_typesupport_cExport-noconfig.cmake
[4.924s] -- Up-to-date: /home/curry/wilson_proj/ros2-rover-ws/install/msgs_rovercon/share/msgs_rovercon/cmake/export_msgs_rovercon__rosidl_generator_cppExport.cmake
[4.924s] -- Up-to-date: /home/curry/wilson_proj/ros2-rover-ws/install/msgs_rovercon/share/msgs_rovercon/cmake/export_msgs_rovercon__rosidl_typesupport_fastrtps_cppExport.cmake
[4.925s] -- Up-to-date: /home/curry/wilson_proj/ros2-rover-ws/install/msgs_rovercon/share/msgs_rovercon/cmake/export_msgs_rovercon__rosidl_typesupport_fastrtps_cppExport-noconfig.cmake
[4.925s] -- Up-to-date: /home/curry/wilson_proj/ros2-rover-ws/install/msgs_rovercon/share/msgs_rovercon/cmake/msgs_rovercon__rosidl_typesupport_introspection_cppExport.cmake
[4.926s] -- Up-to-date: /home/curry/wilson_proj/ros2-rover-ws/install/msgs_rovercon/share/msgs_rovercon/cmake/msgs_rovercon__rosidl_typesupport_introspection_cppExport-noconfig.cmake
[4.926s] -- Up-to-date: /home/curry/wilson_proj/ros2-rover-ws/install/msgs_rovercon/share/msgs_rovercon/cmake/msgs_rovercon__rosidl_typesupport_cppExport.cmake
[4.934s] -- Up-to-date: /home/curry/wilson_proj/ros2-rover-ws/install/msgs_rovercon/share/msgs_rovercon/cmake/msgs_rovercon__rosidl_typesupport_cppExport-noconfig.cmake
[4.935s] -- Up-to-date: /home/curry/wilson_proj/ros2-rover-ws/install/msgs_rovercon/share/msgs_rovercon/cmake/export_msgs_rovercon__rosidl_generator_pyExport.cmake
[4.936s] -- Up-to-date: /home/curry/wilson_proj/ros2-rover-ws/install/msgs_rovercon/share/msgs_rovercon/cmake/export_msgs_rovercon__rosidl_generator_pyExport-noconfig.cmake
[4.936s] -- Up-to-date: /home/curry/wilson_proj/ros2-rover-ws/install/msgs_rovercon/share/msgs_rovercon/cmake/rosidl_cmake-extras.cmake
[4.937s] -- Up-to-date: /home/curry/wilson_proj/ros2-rover-ws/install/msgs_rovercon/share/msgs_rovercon/cmake/ament_cmake_export_include_directories-extras.cmake
[4.937s] -- Up-to-date: /home/curry/wilson_proj/ros2-rover-ws/install/msgs_rovercon/share/msgs_rovercon/cmake/ament_cmake_export_libraries-extras.cmake
[4.938s] -- Up-to-date: /home/curry/wilson_proj/ros2-rover-ws/install/msgs_rovercon/share/msgs_rovercon/cmake/ament_cmake_export_targets-extras.cmake
[4.940s] -- Up-to-date: /home/curry/wilson_proj/ros2-rover-ws/install/msgs_rovercon/share/msgs_rovercon/cmake/rosidl_cmake_export_typesupport_targets-extras.cmake
[4.940s] -- Up-to-date: /home/curry/wilson_proj/ros2-rover-ws/install/msgs_rovercon/share/msgs_rovercon/cmake/ament_cmake_export_dependencies-extras.cmake
[4.941s] -- Up-to-date: /home/curry/wilson_proj/ros2-rover-ws/install/msgs_rovercon/share/msgs_rovercon/cmake/rosidl_cmake_export_typesupport_libraries-extras.cmake
[4.942s] -- Up-to-date: /home/curry/wilson_proj/ros2-rover-ws/install/msgs_rovercon/share/msgs_rovercon/cmake/msgs_roverconConfig.cmake
[4.943s] -- Up-to-date: /home/curry/wilson_proj/ros2-rover-ws/install/msgs_rovercon/share/msgs_rovercon/cmake/msgs_roverconConfig-version.cmake
[4.944s] -- Up-to-date: /home/curry/wilson_proj/ros2-rover-ws/install/msgs_rovercon/share/msgs_rovercon/package.xml
[4.944s] Invoked command in '/home/curry/wilson_proj/ros2-rover-ws/build/msgs_rovercon' returned '0': CMAKE_PREFIX_PATH=${CMAKE_PREFIX_PATH}:/opt/ros/humble /usr/bin/cmake --install /home/curry/wilson_proj/ros2-rover-ws/build/msgs_rovercon
