[0.064s] Invoking command in '/home/curry/wilson_proj/ros2-rover-ws/build/msgs_mainrocon': CMAKE_PREFIX_PATH=/home/curry/wilson_proj/ros2-rover-ws/install/msgs_rovercon:/home/curry/wilson_proj/ros2-rover-ws/install/rovercon_msgs:/home/curry/wilson_proj/ros2-rover-ws/install/package_test:/home/curry/wilson_proj/ros2-rover-ws/install/package_rover_control:/home/curry/wilson_proj/ros2-rover-ws/install/package_position_process:/home/curry/wilson_proj/ros2-rover-ws/install/package_navigate_route:/home/curry/wilson_proj/ros2-rover-ws/install/package_image_process:/home/curry/wilson_proj/ros2-rover-ws/install/msgs_mainrocon:/home/curry/wilson_proj/ros2-rover-ws/install/action_interfaces:/opt/ros/humble LD_LIBRARY_PATH=/home/curry/wilson_proj/ros2-rover-ws/install/msgs_rovercon/lib:/home/curry/wilson_proj/ros2-rover-ws/install/rovercon_msgs/lib:/home/curry/wilson_proj/ros2-rover-ws/install/package_rover_control/lib:/home/curry/wilson_proj/ros2-rover-ws/install/msgs_mainrocon/lib:/home/curry/wilson_proj/ros2-rover-ws/install/action_interfaces/lib:/opt/ros/humble/opt/rviz_ogre_vendor/lib:/opt/ros/humble/lib/aarch64-linux-gnu:/opt/ros/humble/lib /usr/bin/cmake --build /home/curry/wilson_proj/ros2-rover-ws/build/msgs_mainrocon -- -j4 -l4
[0.431s] [  9%] Built target msgs_mainrocon__rosidl_generator_c
[0.473s] [ 12%] Built target msgs_mainrocon__cpp
[0.583s] [ 12%] Built target ament_cmake_python_copy_msgs_mainrocon
[0.715s] [ 22%] Built target msgs_mainrocon__rosidl_typesupport_fastrtps_c
[0.749s] [ 32%] Built target msgs_mainrocon__rosidl_typesupport_introspection_c
[0.767s] [ 41%] Built target msgs_mainrocon__rosidl_typesupport_c
[0.798s] [ 51%] Built target msgs_mainrocon__rosidl_typesupport_fastrtps_cpp
[0.916s] [ 61%] Built target msgs_mainrocon__rosidl_typesupport_introspection_cpp
[0.971s] [ 70%] Built target msgs_mainrocon__rosidl_typesupport_cpp
[1.128s] [ 70%] Built target msgs_mainrocon
[1.265s] [ 74%] Built target msgs_mainrocon__py
[1.446s] [ 80%] Built target msgs_mainrocon__rosidl_generator_py
[1.632s] [ 87%] Built target msgs_mainrocon__rosidl_typesupport_fastrtps_c__pyext
[1.655s] [ 93%] Built target msgs_mainrocon__rosidl_typesupport_introspection_c__pyext
[1.678s] [100%] Built target msgs_mainrocon__rosidl_typesupport_c__pyext
[2.729s] running egg_info
[2.733s] writing msgs_mainrocon.egg-info/PKG-INFO
[2.734s] writing dependency_links to msgs_mainrocon.egg-info/dependency_links.txt
[2.735s] writing top-level names to msgs_mainrocon.egg-info/top_level.txt
[2.747s] reading manifest file 'msgs_mainrocon.egg-info/SOURCES.txt'
[2.750s] writing manifest file 'msgs_mainrocon.egg-info/SOURCES.txt'
[2.917s] [100%] Built target ament_cmake_python_build_msgs_mainrocon_egg
[2.965s] Invoked command in '/home/curry/wilson_proj/ros2-rover-ws/build/msgs_mainrocon' returned '0': CMAKE_PREFIX_PATH=/home/curry/wilson_proj/ros2-rover-ws/install/msgs_rovercon:/home/curry/wilson_proj/ros2-rover-ws/install/rovercon_msgs:/home/curry/wilson_proj/ros2-rover-ws/install/package_test:/home/curry/wilson_proj/ros2-rover-ws/install/package_rover_control:/home/curry/wilson_proj/ros2-rover-ws/install/package_position_process:/home/curry/wilson_proj/ros2-rover-ws/install/package_navigate_route:/home/curry/wilson_proj/ros2-rover-ws/install/package_image_process:/home/curry/wilson_proj/ros2-rover-ws/install/msgs_mainrocon:/home/curry/wilson_proj/ros2-rover-ws/install/action_interfaces:/opt/ros/humble LD_LIBRARY_PATH=/home/curry/wilson_proj/ros2-rover-ws/install/msgs_rovercon/lib:/home/curry/wilson_proj/ros2-rover-ws/install/rovercon_msgs/lib:/home/curry/wilson_proj/ros2-rover-ws/install/package_rover_control/lib:/home/curry/wilson_proj/ros2-rover-ws/install/msgs_mainrocon/lib:/home/curry/wilson_proj/ros2-rover-ws/install/action_interfaces/lib:/opt/ros/humble/opt/rviz_ogre_vendor/lib:/opt/ros/humble/lib/aarch64-linux-gnu:/opt/ros/humble/lib /usr/bin/cmake --build /home/curry/wilson_proj/ros2-rover-ws/build/msgs_mainrocon -- -j4 -l4
[2.974s] Invoking command in '/home/curry/wilson_proj/ros2-rover-ws/build/msgs_mainrocon': CMAKE_PREFIX_PATH=/home/curry/wilson_proj/ros2-rover-ws/install/msgs_rovercon:/home/curry/wilson_proj/ros2-rover-ws/install/rovercon_msgs:/home/curry/wilson_proj/ros2-rover-ws/install/package_test:/home/curry/wilson_proj/ros2-rover-ws/install/package_rover_control:/home/curry/wilson_proj/ros2-rover-ws/install/package_position_process:/home/curry/wilson_proj/ros2-rover-ws/install/package_navigate_route:/home/curry/wilson_proj/ros2-rover-ws/install/package_image_process:/home/curry/wilson_proj/ros2-rover-ws/install/msgs_mainrocon:/home/curry/wilson_proj/ros2-rover-ws/install/action_interfaces:/opt/ros/humble LD_LIBRARY_PATH=/home/curry/wilson_proj/ros2-rover-ws/install/msgs_rovercon/lib:/home/curry/wilson_proj/ros2-rover-ws/install/rovercon_msgs/lib:/home/curry/wilson_proj/ros2-rover-ws/install/package_rover_control/lib:/home/curry/wilson_proj/ros2-rover-ws/install/msgs_mainrocon/lib:/home/curry/wilson_proj/ros2-rover-ws/install/action_interfaces/lib:/opt/ros/humble/opt/rviz_ogre_vendor/lib:/opt/ros/humble/lib/aarch64-linux-gnu:/opt/ros/humble/lib /usr/bin/cmake --install /home/curry/wilson_proj/ros2-rover-ws/build/msgs_mainrocon
[3.009s] -- Install configuration: ""
[3.010s] -- Up-to-date: /home/curry/wilson_proj/ros2-rover-ws/install/msgs_mainrocon/share/ament_index/resource_index/rosidl_interfaces/msgs_mainrocon
[3.011s] -- Up-to-date: /home/curry/wilson_proj/ros2-rover-ws/install/msgs_mainrocon/include/msgs_mainrocon/msgs_mainrocon
[3.011s] -- Up-to-date: /home/curry/wilson_proj/ros2-rover-ws/install/msgs_mainrocon/include/msgs_mainrocon/msgs_mainrocon/msg
[3.012s] -- Up-to-date: /home/curry/wilson_proj/ros2-rover-ws/install/msgs_mainrocon/include/msgs_mainrocon/msgs_mainrocon/msg/main_rocon.h
[3.013s] -- Up-to-date: /home/curry/wilson_proj/ros2-rover-ws/install/msgs_mainrocon/include/msgs_mainrocon/msgs_mainrocon/msg/detail
[3.013s] -- Up-to-date: /home/curry/wilson_proj/ros2-rover-ws/install/msgs_mainrocon/include/msgs_mainrocon/msgs_mainrocon/msg/detail/main_rocon__functions.c
[3.014s] -- Up-to-date: /home/curry/wilson_proj/ros2-rover-ws/install/msgs_mainrocon/include/msgs_mainrocon/msgs_mainrocon/msg/detail/main_rocon__type_support.h
[3.014s] -- Up-to-date: /home/curry/wilson_proj/ros2-rover-ws/install/msgs_mainrocon/include/msgs_mainrocon/msgs_mainrocon/msg/detail/main_rocon__functions.h
[3.014s] -- Up-to-date: /home/curry/wilson_proj/ros2-rover-ws/install/msgs_mainrocon/include/msgs_mainrocon/msgs_mainrocon/msg/detail/main_rocon__struct.h
[3.015s] -- Up-to-date: /home/curry/wilson_proj/ros2-rover-ws/install/msgs_mainrocon/include/msgs_mainrocon/msgs_mainrocon/msg/rosidl_generator_c__visibility_control.h
[3.015s] -- Up-to-date: /home/curry/wilson_proj/ros2-rover-ws/install/msgs_mainrocon/share/msgs_mainrocon/environment/library_path.sh
[3.016s] -- Up-to-date: /home/curry/wilson_proj/ros2-rover-ws/install/msgs_mainrocon/share/msgs_mainrocon/environment/library_path.dsv
[3.016s] -- Up-to-date: /home/curry/wilson_proj/ros2-rover-ws/install/msgs_mainrocon/lib/libmsgs_mainrocon__rosidl_generator_c.so
[3.017s] -- Up-to-date: /home/curry/wilson_proj/ros2-rover-ws/install/msgs_mainrocon/include/msgs_mainrocon/msgs_mainrocon
[3.018s] -- Up-to-date: /home/curry/wilson_proj/ros2-rover-ws/install/msgs_mainrocon/include/msgs_mainrocon/msgs_mainrocon/msg
[3.019s] -- Up-to-date: /home/curry/wilson_proj/ros2-rover-ws/install/msgs_mainrocon/include/msgs_mainrocon/msgs_mainrocon/msg/detail
[3.019s] -- Up-to-date: /home/curry/wilson_proj/ros2-rover-ws/install/msgs_mainrocon/include/msgs_mainrocon/msgs_mainrocon/msg/detail/main_rocon__rosidl_typesupport_fastrtps_c.h
[3.019s] -- Up-to-date: /home/curry/wilson_proj/ros2-rover-ws/install/msgs_mainrocon/include/msgs_mainrocon/msgs_mainrocon/msg/rosidl_typesupport_fastrtps_c__visibility_control.h
[3.021s] -- Up-to-date: /home/curry/wilson_proj/ros2-rover-ws/install/msgs_mainrocon/lib/libmsgs_mainrocon__rosidl_typesupport_fastrtps_c.so
[3.022s] -- Up-to-date: /home/curry/wilson_proj/ros2-rover-ws/install/msgs_mainrocon/include/msgs_mainrocon/msgs_mainrocon
[3.023s] -- Up-to-date: /home/curry/wilson_proj/ros2-rover-ws/install/msgs_mainrocon/include/msgs_mainrocon/msgs_mainrocon/msg
[3.023s] -- Up-to-date: /home/curry/wilson_proj/ros2-rover-ws/install/msgs_mainrocon/include/msgs_mainrocon/msgs_mainrocon/msg/rosidl_typesupport_introspection_c__visibility_control.h
[3.024s] -- Up-to-date: /home/curry/wilson_proj/ros2-rover-ws/install/msgs_mainrocon/include/msgs_mainrocon/msgs_mainrocon/msg/detail
[3.024s] -- Up-to-date: /home/curry/wilson_proj/ros2-rover-ws/install/msgs_mainrocon/include/msgs_mainrocon/msgs_mainrocon/msg/detail/main_rocon__type_support.c
[3.025s] -- Up-to-date: /home/curry/wilson_proj/ros2-rover-ws/install/msgs_mainrocon/include/msgs_mainrocon/msgs_mainrocon/msg/detail/main_rocon__rosidl_typesupport_introspection_c.h
[3.025s] -- Up-to-date: /home/curry/wilson_proj/ros2-rover-ws/install/msgs_mainrocon/lib/libmsgs_mainrocon__rosidl_typesupport_introspection_c.so
[3.028s] -- Up-to-date: /home/curry/wilson_proj/ros2-rover-ws/install/msgs_mainrocon/lib/libmsgs_mainrocon__rosidl_typesupport_c.so
[3.029s] -- Up-to-date: /home/curry/wilson_proj/ros2-rover-ws/install/msgs_mainrocon/include/msgs_mainrocon/msgs_mainrocon
[3.030s] -- Up-to-date: /home/curry/wilson_proj/ros2-rover-ws/install/msgs_mainrocon/include/msgs_mainrocon/msgs_mainrocon/msg
[3.030s] -- Up-to-date: /home/curry/wilson_proj/ros2-rover-ws/install/msgs_mainrocon/include/msgs_mainrocon/msgs_mainrocon/msg/rosidl_generator_cpp__visibility_control.hpp
[3.031s] -- Up-to-date: /home/curry/wilson_proj/ros2-rover-ws/install/msgs_mainrocon/include/msgs_mainrocon/msgs_mainrocon/msg/detail
[3.032s] -- Up-to-date: /home/curry/wilson_proj/ros2-rover-ws/install/msgs_mainrocon/include/msgs_mainrocon/msgs_mainrocon/msg/detail/main_rocon__type_support.hpp
[3.032s] -- Up-to-date: /home/curry/wilson_proj/ros2-rover-ws/install/msgs_mainrocon/include/msgs_mainrocon/msgs_mainrocon/msg/detail/main_rocon__traits.hpp
[3.033s] -- Up-to-date: /home/curry/wilson_proj/ros2-rover-ws/install/msgs_mainrocon/include/msgs_mainrocon/msgs_mainrocon/msg/detail/main_rocon__builder.hpp
[3.034s] -- Up-to-date: /home/curry/wilson_proj/ros2-rover-ws/install/msgs_mainrocon/include/msgs_mainrocon/msgs_mainrocon/msg/detail/main_rocon__struct.hpp
[3.034s] -- Up-to-date: /home/curry/wilson_proj/ros2-rover-ws/install/msgs_mainrocon/include/msgs_mainrocon/msgs_mainrocon/msg/main_rocon.hpp
[3.035s] -- Up-to-date: /home/curry/wilson_proj/ros2-rover-ws/install/msgs_mainrocon/include/msgs_mainrocon/msgs_mainrocon
[3.035s] -- Up-to-date: /home/curry/wilson_proj/ros2-rover-ws/install/msgs_mainrocon/include/msgs_mainrocon/msgs_mainrocon/msg
[3.035s] -- Up-to-date: /home/curry/wilson_proj/ros2-rover-ws/install/msgs_mainrocon/include/msgs_mainrocon/msgs_mainrocon/msg/detail
[3.036s] -- Up-to-date: /home/curry/wilson_proj/ros2-rover-ws/install/msgs_mainrocon/include/msgs_mainrocon/msgs_mainrocon/msg/detail/main_rocon__rosidl_typesupport_fastrtps_cpp.hpp
[3.036s] -- Up-to-date: /home/curry/wilson_proj/ros2-rover-ws/install/msgs_mainrocon/include/msgs_mainrocon/msgs_mainrocon/msg/detail/dds_fastrtps
[3.037s] -- Up-to-date: /home/curry/wilson_proj/ros2-rover-ws/install/msgs_mainrocon/include/msgs_mainrocon/msgs_mainrocon/msg/rosidl_typesupport_fastrtps_cpp__visibility_control.h
[3.038s] -- Up-to-date: /home/curry/wilson_proj/ros2-rover-ws/install/msgs_mainrocon/lib/libmsgs_mainrocon__rosidl_typesupport_fastrtps_cpp.so
[3.038s] -- Up-to-date: /home/curry/wilson_proj/ros2-rover-ws/install/msgs_mainrocon/include/msgs_mainrocon/msgs_mainrocon
[3.039s] -- Up-to-date: /home/curry/wilson_proj/ros2-rover-ws/install/msgs_mainrocon/include/msgs_mainrocon/msgs_mainrocon/msg
[3.039s] -- Up-to-date: /home/curry/wilson_proj/ros2-rover-ws/install/msgs_mainrocon/include/msgs_mainrocon/msgs_mainrocon/msg/detail
[3.039s] -- Up-to-date: /home/curry/wilson_proj/ros2-rover-ws/install/msgs_mainrocon/include/msgs_mainrocon/msgs_mainrocon/msg/detail/main_rocon__type_support.cpp
[3.040s] -- Up-to-date: /home/curry/wilson_proj/ros2-rover-ws/install/msgs_mainrocon/include/msgs_mainrocon/msgs_mainrocon/msg/detail/main_rocon__rosidl_typesupport_introspection_cpp.hpp
[3.041s] -- Up-to-date: /home/curry/wilson_proj/ros2-rover-ws/install/msgs_mainrocon/lib/libmsgs_mainrocon__rosidl_typesupport_introspection_cpp.so
[3.042s] -- Up-to-date: /home/curry/wilson_proj/ros2-rover-ws/install/msgs_mainrocon/lib/libmsgs_mainrocon__rosidl_typesupport_cpp.so
[3.044s] -- Up-to-date: /home/curry/wilson_proj/ros2-rover-ws/install/msgs_mainrocon/share/msgs_mainrocon/environment/pythonpath.sh
[3.044s] -- Up-to-date: /home/curry/wilson_proj/ros2-rover-ws/install/msgs_mainrocon/share/msgs_mainrocon/environment/pythonpath.dsv
[3.045s] -- Up-to-date: /home/curry/wilson_proj/ros2-rover-ws/install/msgs_mainrocon/local/lib/python3.10/dist-packages/msgs_mainrocon-0.0.0-py3.10.egg-info
[3.045s] -- Installing: /home/curry/wilson_proj/ros2-rover-ws/install/msgs_mainrocon/local/lib/python3.10/dist-packages/msgs_mainrocon-0.0.0-py3.10.egg-info/dependency_links.txt
[3.047s] -- Installing: /home/curry/wilson_proj/ros2-rover-ws/install/msgs_mainrocon/local/lib/python3.10/dist-packages/msgs_mainrocon-0.0.0-py3.10.egg-info/SOURCES.txt
[3.048s] -- Installing: /home/curry/wilson_proj/ros2-rover-ws/install/msgs_mainrocon/local/lib/python3.10/dist-packages/msgs_mainrocon-0.0.0-py3.10.egg-info/top_level.txt
[3.049s] -- Installing: /home/curry/wilson_proj/ros2-rover-ws/install/msgs_mainrocon/local/lib/python3.10/dist-packages/msgs_mainrocon-0.0.0-py3.10.egg-info/PKG-INFO
[3.051s] -- Up-to-date: /home/curry/wilson_proj/ros2-rover-ws/install/msgs_mainrocon/local/lib/python3.10/dist-packages/msgs_mainrocon
[3.052s] -- Up-to-date: /home/curry/wilson_proj/ros2-rover-ws/install/msgs_mainrocon/local/lib/python3.10/dist-packages/msgs_mainrocon/msgs_mainrocon_s__rosidl_typesupport_fastrtps_c.cpython-310-aarch64-linux-gnu.so
[3.052s] -- Up-to-date: /home/curry/wilson_proj/ros2-rover-ws/install/msgs_mainrocon/local/lib/python3.10/dist-packages/msgs_mainrocon/msgs_mainrocon_s__rosidl_typesupport_c.cpython-310-aarch64-linux-gnu.so
[3.053s] -- Up-to-date: /home/curry/wilson_proj/ros2-rover-ws/install/msgs_mainrocon/local/lib/python3.10/dist-packages/msgs_mainrocon/msgs_mainrocon_s__rosidl_typesupport_introspection_c.cpython-310-aarch64-linux-gnu.so
[3.054s] -- Up-to-date: /home/curry/wilson_proj/ros2-rover-ws/install/msgs_mainrocon/local/lib/python3.10/dist-packages/msgs_mainrocon/msg
[3.055s] -- Up-to-date: /home/curry/wilson_proj/ros2-rover-ws/install/msgs_mainrocon/local/lib/python3.10/dist-packages/msgs_mainrocon/msg/_main_rocon.py
[3.056s] -- Up-to-date: /home/curry/wilson_proj/ros2-rover-ws/install/msgs_mainrocon/local/lib/python3.10/dist-packages/msgs_mainrocon/msg/_main_rocon_s.c
[3.056s] -- Up-to-date: /home/curry/wilson_proj/ros2-rover-ws/install/msgs_mainrocon/local/lib/python3.10/dist-packages/msgs_mainrocon/msg/__init__.py
[3.056s] -- Up-to-date: /home/curry/wilson_proj/ros2-rover-ws/install/msgs_mainrocon/local/lib/python3.10/dist-packages/msgs_mainrocon/libmsgs_mainrocon__rosidl_generator_py.so
[3.057s] -- Up-to-date: /home/curry/wilson_proj/ros2-rover-ws/install/msgs_mainrocon/local/lib/python3.10/dist-packages/msgs_mainrocon/_msgs_mainrocon_s.ep.rosidl_typesupport_introspection_c.c
[3.057s] -- Up-to-date: /home/curry/wilson_proj/ros2-rover-ws/install/msgs_mainrocon/local/lib/python3.10/dist-packages/msgs_mainrocon/__init__.py
[3.058s] -- Up-to-date: /home/curry/wilson_proj/ros2-rover-ws/install/msgs_mainrocon/local/lib/python3.10/dist-packages/msgs_mainrocon/_msgs_mainrocon_s.ep.rosidl_typesupport_c.c
[3.058s] -- Up-to-date: /home/curry/wilson_proj/ros2-rover-ws/install/msgs_mainrocon/local/lib/python3.10/dist-packages/msgs_mainrocon/_msgs_mainrocon_s.ep.rosidl_typesupport_fastrtps_c.c
[3.231s] Listing '/home/curry/wilson_proj/ros2-rover-ws/install/msgs_mainrocon/local/lib/python3.10/dist-packages/msgs_mainrocon'...
[3.232s] Listing '/home/curry/wilson_proj/ros2-rover-ws/install/msgs_mainrocon/local/lib/python3.10/dist-packages/msgs_mainrocon/msg'...
[3.259s] -- Up-to-date: /home/curry/wilson_proj/ros2-rover-ws/install/msgs_mainrocon/local/lib/python3.10/dist-packages/msgs_mainrocon/msgs_mainrocon_s__rosidl_typesupport_fastrtps_c.cpython-310-aarch64-linux-gnu.so
[3.262s] -- Up-to-date: /home/curry/wilson_proj/ros2-rover-ws/install/msgs_mainrocon/local/lib/python3.10/dist-packages/msgs_mainrocon/msgs_mainrocon_s__rosidl_typesupport_introspection_c.cpython-310-aarch64-linux-gnu.so
[3.265s] -- Up-to-date: /home/curry/wilson_proj/ros2-rover-ws/install/msgs_mainrocon/local/lib/python3.10/dist-packages/msgs_mainrocon/msgs_mainrocon_s__rosidl_typesupport_c.cpython-310-aarch64-linux-gnu.so
[3.267s] -- Up-to-date: /home/curry/wilson_proj/ros2-rover-ws/install/msgs_mainrocon/lib/libmsgs_mainrocon__rosidl_generator_py.so
[3.268s] -- Up-to-date: /home/curry/wilson_proj/ros2-rover-ws/install/msgs_mainrocon/share/msgs_mainrocon/msg/MainRocon.idl
[3.269s] -- Up-to-date: /home/curry/wilson_proj/ros2-rover-ws/install/msgs_mainrocon/share/msgs_mainrocon/msg/MainRocon.msg
[3.269s] -- Up-to-date: /home/curry/wilson_proj/ros2-rover-ws/install/msgs_mainrocon/share/ament_index/resource_index/package_run_dependencies/msgs_mainrocon
[3.270s] -- Up-to-date: /home/curry/wilson_proj/ros2-rover-ws/install/msgs_mainrocon/share/ament_index/resource_index/parent_prefix_path/msgs_mainrocon
[3.270s] -- Up-to-date: /home/curry/wilson_proj/ros2-rover-ws/install/msgs_mainrocon/share/msgs_mainrocon/environment/ament_prefix_path.sh
[3.271s] -- Up-to-date: /home/curry/wilson_proj/ros2-rover-ws/install/msgs_mainrocon/share/msgs_mainrocon/environment/ament_prefix_path.dsv
[3.272s] -- Up-to-date: /home/curry/wilson_proj/ros2-rover-ws/install/msgs_mainrocon/share/msgs_mainrocon/environment/path.sh
[3.272s] -- Up-to-date: /home/curry/wilson_proj/ros2-rover-ws/install/msgs_mainrocon/share/msgs_mainrocon/environment/path.dsv
[3.273s] -- Up-to-date: /home/curry/wilson_proj/ros2-rover-ws/install/msgs_mainrocon/share/msgs_mainrocon/local_setup.bash
[3.273s] -- Up-to-date: /home/curry/wilson_proj/ros2-rover-ws/install/msgs_mainrocon/share/msgs_mainrocon/local_setup.sh
[3.274s] -- Up-to-date: /home/curry/wilson_proj/ros2-rover-ws/install/msgs_mainrocon/share/msgs_mainrocon/local_setup.zsh
[3.274s] -- Up-to-date: /home/curry/wilson_proj/ros2-rover-ws/install/msgs_mainrocon/share/msgs_mainrocon/local_setup.dsv
[3.275s] -- Installing: /home/curry/wilson_proj/ros2-rover-ws/install/msgs_mainrocon/share/msgs_mainrocon/package.dsv
[3.276s] -- Up-to-date: /home/curry/wilson_proj/ros2-rover-ws/install/msgs_mainrocon/share/ament_index/resource_index/packages/msgs_mainrocon
[3.277s] -- Up-to-date: /home/curry/wilson_proj/ros2-rover-ws/install/msgs_mainrocon/share/msgs_mainrocon/cmake/export_msgs_mainrocon__rosidl_generator_cExport.cmake
[3.277s] -- Up-to-date: /home/curry/wilson_proj/ros2-rover-ws/install/msgs_mainrocon/share/msgs_mainrocon/cmake/export_msgs_mainrocon__rosidl_generator_cExport-noconfig.cmake
[3.278s] -- Up-to-date: /home/curry/wilson_proj/ros2-rover-ws/install/msgs_mainrocon/share/msgs_mainrocon/cmake/export_msgs_mainrocon__rosidl_typesupport_fastrtps_cExport.cmake
[3.279s] -- Up-to-date: /home/curry/wilson_proj/ros2-rover-ws/install/msgs_mainrocon/share/msgs_mainrocon/cmake/export_msgs_mainrocon__rosidl_typesupport_fastrtps_cExport-noconfig.cmake
[3.280s] -- Up-to-date: /home/curry/wilson_proj/ros2-rover-ws/install/msgs_mainrocon/share/msgs_mainrocon/cmake/msgs_mainrocon__rosidl_typesupport_introspection_cExport.cmake
[3.282s] -- Up-to-date: /home/curry/wilson_proj/ros2-rover-ws/install/msgs_mainrocon/share/msgs_mainrocon/cmake/msgs_mainrocon__rosidl_typesupport_introspection_cExport-noconfig.cmake
[3.283s] -- Up-to-date: /home/curry/wilson_proj/ros2-rover-ws/install/msgs_mainrocon/share/msgs_mainrocon/cmake/msgs_mainrocon__rosidl_typesupport_cExport.cmake
[3.284s] -- Up-to-date: /home/curry/wilson_proj/ros2-rover-ws/install/msgs_mainrocon/share/msgs_mainrocon/cmake/msgs_mainrocon__rosidl_typesupport_cExport-noconfig.cmake
[3.284s] -- Up-to-date: /home/curry/wilson_proj/ros2-rover-ws/install/msgs_mainrocon/share/msgs_mainrocon/cmake/export_msgs_mainrocon__rosidl_generator_cppExport.cmake
[3.286s] -- Up-to-date: /home/curry/wilson_proj/ros2-rover-ws/install/msgs_mainrocon/share/msgs_mainrocon/cmake/export_msgs_mainrocon__rosidl_typesupport_fastrtps_cppExport.cmake
[3.286s] -- Up-to-date: /home/curry/wilson_proj/ros2-rover-ws/install/msgs_mainrocon/share/msgs_mainrocon/cmake/export_msgs_mainrocon__rosidl_typesupport_fastrtps_cppExport-noconfig.cmake
[3.287s] -- Up-to-date: /home/curry/wilson_proj/ros2-rover-ws/install/msgs_mainrocon/share/msgs_mainrocon/cmake/msgs_mainrocon__rosidl_typesupport_introspection_cppExport.cmake
[3.288s] -- Up-to-date: /home/curry/wilson_proj/ros2-rover-ws/install/msgs_mainrocon/share/msgs_mainrocon/cmake/msgs_mainrocon__rosidl_typesupport_introspection_cppExport-noconfig.cmake
[3.289s] -- Up-to-date: /home/curry/wilson_proj/ros2-rover-ws/install/msgs_mainrocon/share/msgs_mainrocon/cmake/msgs_mainrocon__rosidl_typesupport_cppExport.cmake
[3.290s] -- Up-to-date: /home/curry/wilson_proj/ros2-rover-ws/install/msgs_mainrocon/share/msgs_mainrocon/cmake/msgs_mainrocon__rosidl_typesupport_cppExport-noconfig.cmake
[3.290s] -- Up-to-date: /home/curry/wilson_proj/ros2-rover-ws/install/msgs_mainrocon/share/msgs_mainrocon/cmake/export_msgs_mainrocon__rosidl_generator_pyExport.cmake
[3.291s] -- Up-to-date: /home/curry/wilson_proj/ros2-rover-ws/install/msgs_mainrocon/share/msgs_mainrocon/cmake/export_msgs_mainrocon__rosidl_generator_pyExport-noconfig.cmake
[3.292s] -- Up-to-date: /home/curry/wilson_proj/ros2-rover-ws/install/msgs_mainrocon/share/msgs_mainrocon/cmake/rosidl_cmake-extras.cmake
[3.292s] -- Up-to-date: /home/curry/wilson_proj/ros2-rover-ws/install/msgs_mainrocon/share/msgs_mainrocon/cmake/ament_cmake_export_dependencies-extras.cmake
[3.293s] -- Up-to-date: /home/curry/wilson_proj/ros2-rover-ws/install/msgs_mainrocon/share/msgs_mainrocon/cmake/ament_cmake_export_include_directories-extras.cmake
[3.293s] -- Up-to-date: /home/curry/wilson_proj/ros2-rover-ws/install/msgs_mainrocon/share/msgs_mainrocon/cmake/ament_cmake_export_libraries-extras.cmake
[3.294s] -- Up-to-date: /home/curry/wilson_proj/ros2-rover-ws/install/msgs_mainrocon/share/msgs_mainrocon/cmake/ament_cmake_export_targets-extras.cmake
[3.294s] -- Up-to-date: /home/curry/wilson_proj/ros2-rover-ws/install/msgs_mainrocon/share/msgs_mainrocon/cmake/rosidl_cmake_export_typesupport_targets-extras.cmake
[3.295s] -- Up-to-date: /home/curry/wilson_proj/ros2-rover-ws/install/msgs_mainrocon/share/msgs_mainrocon/cmake/rosidl_cmake_export_typesupport_libraries-extras.cmake
[3.295s] -- Up-to-date: /home/curry/wilson_proj/ros2-rover-ws/install/msgs_mainrocon/share/msgs_mainrocon/cmake/msgs_mainroconConfig.cmake
[3.296s] -- Up-to-date: /home/curry/wilson_proj/ros2-rover-ws/install/msgs_mainrocon/share/msgs_mainrocon/cmake/msgs_mainroconConfig-version.cmake
[3.296s] -- Up-to-date: /home/curry/wilson_proj/ros2-rover-ws/install/msgs_mainrocon/share/msgs_mainrocon/package.xml
[3.309s] Invoked command in '/home/curry/wilson_proj/ros2-rover-ws/build/msgs_mainrocon' returned '0': CMAKE_PREFIX_PATH=/home/curry/wilson_proj/ros2-rover-ws/install/msgs_rovercon:/home/curry/wilson_proj/ros2-rover-ws/install/rovercon_msgs:/home/curry/wilson_proj/ros2-rover-ws/install/package_test:/home/curry/wilson_proj/ros2-rover-ws/install/package_rover_control:/home/curry/wilson_proj/ros2-rover-ws/install/package_position_process:/home/curry/wilson_proj/ros2-rover-ws/install/package_navigate_route:/home/curry/wilson_proj/ros2-rover-ws/install/package_image_process:/home/curry/wilson_proj/ros2-rover-ws/install/msgs_mainrocon:/home/curry/wilson_proj/ros2-rover-ws/install/action_interfaces:/opt/ros/humble LD_LIBRARY_PATH=/home/curry/wilson_proj/ros2-rover-ws/install/msgs_rovercon/lib:/home/curry/wilson_proj/ros2-rover-ws/install/rovercon_msgs/lib:/home/curry/wilson_proj/ros2-rover-ws/install/package_rover_control/lib:/home/curry/wilson_proj/ros2-rover-ws/install/msgs_mainrocon/lib:/home/curry/wilson_proj/ros2-rover-ws/install/action_interfaces/lib:/opt/ros/humble/opt/rviz_ogre_vendor/lib:/opt/ros/humble/lib/aarch64-linux-gnu:/opt/ros/humble/lib /usr/bin/cmake --install /home/curry/wilson_proj/ros2-rover-ws/build/msgs_mainrocon
