[0.151s] Invoking command in '/home/curry/wilson_proj/ros2-rover-ws/build/action_interfaces': CMAKE_PREFIX_PATH=${CMAKE_PREFIX_PATH}:/opt/ros/humble /usr/bin/cmake --build /home/curry/wilson_proj/ros2-rover-ws/build/action_interfaces -- -j4 -l4
[1.693s] [  9%] Built target action_interfaces__rosidl_generator_c
[1.694s] [ 12%] Built target action_interfaces__cpp
[1.694s] [ 12%] Built target ament_cmake_python_copy_action_interfaces
[1.732s] [ 22%] Built target action_interfaces__rosidl_typesupport_fastrtps_c
[1.774s] [ 32%] Built target action_interfaces__rosidl_typesupport_introspection_c
[1.840s] [ 41%] Built target action_interfaces__rosidl_typesupport_c
[1.920s] [ 51%] Built target action_interfaces__rosidl_typesupport_fastrtps_cpp
[2.096s] [ 61%] Built target action_interfaces__rosidl_typesupport_introspection_cpp
[2.113s] [ 70%] Built target action_interfaces__rosidl_typesupport_cpp
[2.343s] [ 70%] Built target action_interfaces
[2.623s] [ 74%] Built target action_interfaces__py
[2.781s] [ 80%] Built target action_interfaces__rosidl_generator_py
[3.120s] [ 87%] Built target action_interfaces__rosidl_typesupport_fastrtps_c__pyext
[3.120s] [ 93%] Built target action_interfaces__rosidl_typesupport_c__pyext
[3.147s] [100%] Built target action_interfaces__rosidl_typesupport_introspection_c__pyext
[4.073s] running egg_info
[4.077s] writing action_interfaces.egg-info/PKG-INFO
[4.079s] writing dependency_links to action_interfaces.egg-info/dependency_links.txt
[4.080s] writing top-level names to action_interfaces.egg-info/top_level.txt
[4.093s] reading manifest file 'action_interfaces.egg-info/SOURCES.txt'
[4.099s] writing manifest file 'action_interfaces.egg-info/SOURCES.txt'
[4.364s] [100%] Built target ament_cmake_python_build_action_interfaces_egg
[4.450s] Invoked command in '/home/curry/wilson_proj/ros2-rover-ws/build/action_interfaces' returned '0': CMAKE_PREFIX_PATH=${CMAKE_PREFIX_PATH}:/opt/ros/humble /usr/bin/cmake --build /home/curry/wilson_proj/ros2-rover-ws/build/action_interfaces -- -j4 -l4
[5.153s] Invoking command in '/home/curry/wilson_proj/ros2-rover-ws/build/action_interfaces': CMAKE_PREFIX_PATH=${CMAKE_PREFIX_PATH}:/opt/ros/humble /usr/bin/cmake --install /home/curry/wilson_proj/ros2-rover-ws/build/action_interfaces
[5.217s] -- Install configuration: ""
[5.242s] -- Up-to-date: /home/curry/wilson_proj/ros2-rover-ws/install/action_interfaces/share/ament_index/resource_index/rosidl_interfaces/action_interfaces
[5.242s] -- Up-to-date: /home/curry/wilson_proj/ros2-rover-ws/install/action_interfaces/include/action_interfaces/action_interfaces
[5.243s] -- Up-to-date: /home/curry/wilson_proj/ros2-rover-ws/install/action_interfaces/include/action_interfaces/action_interfaces/msg
[5.243s] -- Up-to-date: /home/curry/wilson_proj/ros2-rover-ws/install/action_interfaces/include/action_interfaces/action_interfaces/msg/rosidl_generator_c__visibility_control.h
[5.244s] -- Up-to-date: /home/curry/wilson_proj/ros2-rover-ws/install/action_interfaces/include/action_interfaces/action_interfaces/action
[5.244s] -- Up-to-date: /home/curry/wilson_proj/ros2-rover-ws/install/action_interfaces/include/action_interfaces/action_interfaces/action/rovercontrol.h
[5.245s] -- Up-to-date: /home/curry/wilson_proj/ros2-rover-ws/install/action_interfaces/include/action_interfaces/action_interfaces/action/detail
[5.245s] -- Up-to-date: /home/curry/wilson_proj/ros2-rover-ws/install/action_interfaces/include/action_interfaces/action_interfaces/action/detail/rovercontrol__functions.h
[5.246s] -- Up-to-date: /home/curry/wilson_proj/ros2-rover-ws/install/action_interfaces/include/action_interfaces/action_interfaces/action/detail/rovercontrol__struct.h
[5.247s] -- Installing: /home/curry/wilson_proj/ros2-rover-ws/install/action_interfaces/include/action_interfaces/action_interfaces/action/detail/rovercontrol__type_support.c
[5.248s] -- Up-to-date: /home/curry/wilson_proj/ros2-rover-ws/install/action_interfaces/include/action_interfaces/action_interfaces/action/detail/rovercontrol__description.c
[5.248s] -- Up-to-date: /home/curry/wilson_proj/ros2-rover-ws/install/action_interfaces/include/action_interfaces/action_interfaces/action/detail/rovercontrol__functions.c
[5.249s] -- Up-to-date: /home/curry/wilson_proj/ros2-rover-ws/install/action_interfaces/include/action_interfaces/action_interfaces/action/detail/rovercontrol__type_support.h
[5.249s] -- Up-to-date: /home/curry/wilson_proj/ros2-rover-ws/install/action_interfaces/share/action_interfaces/environment/library_path.sh
[5.250s] -- Up-to-date: /home/curry/wilson_proj/ros2-rover-ws/install/action_interfaces/share/action_interfaces/environment/library_path.dsv
[5.252s] -- Up-to-date: /home/curry/wilson_proj/ros2-rover-ws/install/action_interfaces/lib/libaction_interfaces__rosidl_generator_c.so
[5.252s] -- Up-to-date: /home/curry/wilson_proj/ros2-rover-ws/install/action_interfaces/include/action_interfaces/action_interfaces
[5.253s] -- Up-to-date: /home/curry/wilson_proj/ros2-rover-ws/install/action_interfaces/include/action_interfaces/action_interfaces/msg
[5.253s] -- Up-to-date: /home/curry/wilson_proj/ros2-rover-ws/install/action_interfaces/include/action_interfaces/action_interfaces/msg/rosidl_typesupport_fastrtps_c__visibility_control.h
[5.254s] -- Up-to-date: /home/curry/wilson_proj/ros2-rover-ws/install/action_interfaces/include/action_interfaces/action_interfaces/action
[5.255s] -- Up-to-date: /home/curry/wilson_proj/ros2-rover-ws/install/action_interfaces/include/action_interfaces/action_interfaces/action/detail
[5.255s] -- Up-to-date: /home/curry/wilson_proj/ros2-rover-ws/install/action_interfaces/include/action_interfaces/action_interfaces/action/detail/rovercontrol__rosidl_typesupport_fastrtps_c.h
[5.256s] -- Up-to-date: /home/curry/wilson_proj/ros2-rover-ws/install/action_interfaces/lib/libaction_interfaces__rosidl_typesupport_fastrtps_c.so
[5.257s] -- Up-to-date: /home/curry/wilson_proj/ros2-rover-ws/install/action_interfaces/include/action_interfaces/action_interfaces
[5.257s] -- Up-to-date: /home/curry/wilson_proj/ros2-rover-ws/install/action_interfaces/include/action_interfaces/action_interfaces/msg
[5.258s] -- Up-to-date: /home/curry/wilson_proj/ros2-rover-ws/install/action_interfaces/include/action_interfaces/action_interfaces/msg/rosidl_typesupport_introspection_c__visibility_control.h
[5.258s] -- Up-to-date: /home/curry/wilson_proj/ros2-rover-ws/install/action_interfaces/include/action_interfaces/action_interfaces/action
[5.259s] -- Up-to-date: /home/curry/wilson_proj/ros2-rover-ws/install/action_interfaces/include/action_interfaces/action_interfaces/action/detail
[5.259s] -- Installing: /home/curry/wilson_proj/ros2-rover-ws/install/action_interfaces/include/action_interfaces/action_interfaces/action/detail/rovercontrol__type_support.c
[5.260s] -- Up-to-date: /home/curry/wilson_proj/ros2-rover-ws/install/action_interfaces/include/action_interfaces/action_interfaces/action/detail/rovercontrol__rosidl_typesupport_introspection_c.h
[5.260s] -- Up-to-date: /home/curry/wilson_proj/ros2-rover-ws/install/action_interfaces/lib/libaction_interfaces__rosidl_typesupport_introspection_c.so
[5.261s] -- Up-to-date: /home/curry/wilson_proj/ros2-rover-ws/install/action_interfaces/lib/libaction_interfaces__rosidl_typesupport_c.so
[5.261s] -- Up-to-date: /home/curry/wilson_proj/ros2-rover-ws/install/action_interfaces/include/action_interfaces/action_interfaces
[5.261s] -- Up-to-date: /home/curry/wilson_proj/ros2-rover-ws/install/action_interfaces/include/action_interfaces/action_interfaces/msg
[5.280s] -- Up-to-date: /home/curry/wilson_proj/ros2-rover-ws/install/action_interfaces/include/action_interfaces/action_interfaces/msg/rosidl_generator_cpp__visibility_control.hpp
[5.281s] -- Up-to-date: /home/curry/wilson_proj/ros2-rover-ws/install/action_interfaces/include/action_interfaces/action_interfaces/action
[5.281s] -- Up-to-date: /home/curry/wilson_proj/ros2-rover-ws/install/action_interfaces/include/action_interfaces/action_interfaces/action/rovercontrol.hpp
[5.282s] -- Up-to-date: /home/curry/wilson_proj/ros2-rover-ws/install/action_interfaces/include/action_interfaces/action_interfaces/action/detail
[5.289s] -- Up-to-date: /home/curry/wilson_proj/ros2-rover-ws/install/action_interfaces/include/action_interfaces/action_interfaces/action/detail/rovercontrol__builder.hpp
[5.289s] -- Up-to-date: /home/curry/wilson_proj/ros2-rover-ws/install/action_interfaces/include/action_interfaces/action_interfaces/action/detail/rovercontrol__traits.hpp
[5.290s] -- Up-to-date: /home/curry/wilson_proj/ros2-rover-ws/install/action_interfaces/include/action_interfaces/action_interfaces/action/detail/rovercontrol__struct.hpp
[5.295s] -- Up-to-date: /home/curry/wilson_proj/ros2-rover-ws/install/action_interfaces/include/action_interfaces/action_interfaces/action/detail/rovercontrol__type_support.hpp
[5.295s] -- Up-to-date: /home/curry/wilson_proj/ros2-rover-ws/install/action_interfaces/include/action_interfaces/action_interfaces
[5.295s] -- Up-to-date: /home/curry/wilson_proj/ros2-rover-ws/install/action_interfaces/include/action_interfaces/action_interfaces/msg
[5.296s] -- Up-to-date: /home/curry/wilson_proj/ros2-rover-ws/install/action_interfaces/include/action_interfaces/action_interfaces/msg/rosidl_typesupport_fastrtps_cpp__visibility_control.h
[5.296s] -- Up-to-date: /home/curry/wilson_proj/ros2-rover-ws/install/action_interfaces/include/action_interfaces/action_interfaces/action
[5.297s] -- Up-to-date: /home/curry/wilson_proj/ros2-rover-ws/install/action_interfaces/include/action_interfaces/action_interfaces/action/detail
[5.297s] -- Up-to-date: /home/curry/wilson_proj/ros2-rover-ws/install/action_interfaces/include/action_interfaces/action_interfaces/action/detail/dds_fastrtps
[5.297s] -- Up-to-date: /home/curry/wilson_proj/ros2-rover-ws/install/action_interfaces/include/action_interfaces/action_interfaces/action/detail/rovercontrol__rosidl_typesupport_fastrtps_cpp.hpp
[5.298s] -- Up-to-date: /home/curry/wilson_proj/ros2-rover-ws/install/action_interfaces/lib/libaction_interfaces__rosidl_typesupport_fastrtps_cpp.so
[5.298s] -- Up-to-date: /home/curry/wilson_proj/ros2-rover-ws/install/action_interfaces/include/action_interfaces/action_interfaces
[5.302s] -- Up-to-date: /home/curry/wilson_proj/ros2-rover-ws/install/action_interfaces/include/action_interfaces/action_interfaces/action
[5.303s] -- Up-to-date: /home/curry/wilson_proj/ros2-rover-ws/install/action_interfaces/include/action_interfaces/action_interfaces/action/detail
[5.303s] -- Up-to-date: /home/curry/wilson_proj/ros2-rover-ws/install/action_interfaces/include/action_interfaces/action_interfaces/action/detail/rovercontrol__rosidl_typesupport_introspection_cpp.hpp
[5.304s] -- Up-to-date: /home/curry/wilson_proj/ros2-rover-ws/install/action_interfaces/include/action_interfaces/action_interfaces/action/detail/rovercontrol__type_support.cpp
[5.305s] -- Up-to-date: /home/curry/wilson_proj/ros2-rover-ws/install/action_interfaces/lib/libaction_interfaces__rosidl_typesupport_introspection_cpp.so
[5.306s] -- Up-to-date: /home/curry/wilson_proj/ros2-rover-ws/install/action_interfaces/lib/libaction_interfaces__rosidl_typesupport_cpp.so
[5.306s] -- Up-to-date: /home/curry/wilson_proj/ros2-rover-ws/install/action_interfaces/share/action_interfaces/environment/pythonpath.sh
[5.307s] -- Up-to-date: /home/curry/wilson_proj/ros2-rover-ws/install/action_interfaces/share/action_interfaces/environment/pythonpath.dsv
[5.308s] -- Up-to-date: /home/curry/wilson_proj/ros2-rover-ws/install/action_interfaces/lib/python3.10/site-packages/action_interfaces-0.0.0-py3.10.egg-info
[5.308s] -- Installing: /home/curry/wilson_proj/ros2-rover-ws/install/action_interfaces/lib/python3.10/site-packages/action_interfaces-0.0.0-py3.10.egg-info/dependency_links.txt
[5.309s] -- Installing: /home/curry/wilson_proj/ros2-rover-ws/install/action_interfaces/lib/python3.10/site-packages/action_interfaces-0.0.0-py3.10.egg-info/SOURCES.txt
[5.309s] -- Installing: /home/curry/wilson_proj/ros2-rover-ws/install/action_interfaces/lib/python3.10/site-packages/action_interfaces-0.0.0-py3.10.egg-info/top_level.txt
[5.310s] -- Installing: /home/curry/wilson_proj/ros2-rover-ws/install/action_interfaces/lib/python3.10/site-packages/action_interfaces-0.0.0-py3.10.egg-info/PKG-INFO
[5.319s] -- Up-to-date: /home/curry/wilson_proj/ros2-rover-ws/install/action_interfaces/lib/python3.10/site-packages/action_interfaces
[5.323s] -- Up-to-date: /home/curry/wilson_proj/ros2-rover-ws/install/action_interfaces/lib/python3.10/site-packages/action_interfaces/action_interfaces_s__rosidl_typesupport_c.cpython-310-aarch64-linux-gnu.so
[5.324s] -- Up-to-date: /home/curry/wilson_proj/ros2-rover-ws/install/action_interfaces/lib/python3.10/site-packages/action_interfaces/action_interfaces_s__rosidl_typesupport_fastrtps_c.cpython-310-aarch64-linux-gnu.so
[5.324s] -- Up-to-date: /home/curry/wilson_proj/ros2-rover-ws/install/action_interfaces/lib/python3.10/site-packages/action_interfaces/action
[5.325s] -- Up-to-date: /home/curry/wilson_proj/ros2-rover-ws/install/action_interfaces/lib/python3.10/site-packages/action_interfaces/action/_rovercontrol.py
[5.325s] -- Up-to-date: /home/curry/wilson_proj/ros2-rover-ws/install/action_interfaces/lib/python3.10/site-packages/action_interfaces/action/__init__.py
[5.325s] -- Up-to-date: /home/curry/wilson_proj/ros2-rover-ws/install/action_interfaces/lib/python3.10/site-packages/action_interfaces/action/_rovercontrol_s.c
[5.326s] -- Up-to-date: /home/curry/wilson_proj/ros2-rover-ws/install/action_interfaces/lib/python3.10/site-packages/action_interfaces/_action_interfaces_s.ep.rosidl_typesupport_c.c
[5.327s] -- Up-to-date: /home/curry/wilson_proj/ros2-rover-ws/install/action_interfaces/lib/python3.10/site-packages/action_interfaces/_action_interfaces_s.ep.rosidl_typesupport_introspection_c.c
[5.327s] -- Up-to-date: /home/curry/wilson_proj/ros2-rover-ws/install/action_interfaces/lib/python3.10/site-packages/action_interfaces/action_interfaces_s__rosidl_typesupport_introspection_c.cpython-310-aarch64-linux-gnu.so
[5.328s] -- Up-to-date: /home/curry/wilson_proj/ros2-rover-ws/install/action_interfaces/lib/python3.10/site-packages/action_interfaces/__init__.py
[5.328s] -- Up-to-date: /home/curry/wilson_proj/ros2-rover-ws/install/action_interfaces/lib/python3.10/site-packages/action_interfaces/_action_interfaces_s.ep.rosidl_typesupport_fastrtps_c.c
[5.329s] -- Up-to-date: /home/curry/wilson_proj/ros2-rover-ws/install/action_interfaces/lib/python3.10/site-packages/action_interfaces/libaction_interfaces__rosidl_generator_py.so
[5.560s] Listing '/home/curry/wilson_proj/ros2-rover-ws/install/action_interfaces/lib/python3.10/site-packages/action_interfaces'...
[5.562s] Listing '/home/curry/wilson_proj/ros2-rover-ws/install/action_interfaces/lib/python3.10/site-packages/action_interfaces/action'...
[5.603s] -- Up-to-date: /home/curry/wilson_proj/ros2-rover-ws/install/action_interfaces/lib/python3.10/site-packages/action_interfaces/action_interfaces_s__rosidl_typesupport_fastrtps_c.cpython-310-aarch64-linux-gnu.so
[5.608s] -- Up-to-date: /home/curry/wilson_proj/ros2-rover-ws/install/action_interfaces/lib/python3.10/site-packages/action_interfaces/action_interfaces_s__rosidl_typesupport_introspection_c.cpython-310-aarch64-linux-gnu.so
[5.613s] -- Up-to-date: /home/curry/wilson_proj/ros2-rover-ws/install/action_interfaces/lib/python3.10/site-packages/action_interfaces/action_interfaces_s__rosidl_typesupport_c.cpython-310-aarch64-linux-gnu.so
[5.617s] -- Up-to-date: /home/curry/wilson_proj/ros2-rover-ws/install/action_interfaces/lib/libaction_interfaces__rosidl_generator_py.so
[5.625s] -- Up-to-date: /home/curry/wilson_proj/ros2-rover-ws/install/action_interfaces/share/action_interfaces/action/Rovercontrol.idl
[5.627s] -- Up-to-date: /home/curry/wilson_proj/ros2-rover-ws/install/action_interfaces/share/action_interfaces/action/Rovercontrol.action
[5.629s] -- Up-to-date: /home/curry/wilson_proj/ros2-rover-ws/install/action_interfaces/share/ament_index/resource_index/package_run_dependencies/action_interfaces
[5.635s] -- Up-to-date: /home/curry/wilson_proj/ros2-rover-ws/install/action_interfaces/share/ament_index/resource_index/parent_prefix_path/action_interfaces
[5.636s] -- Up-to-date: /home/curry/wilson_proj/ros2-rover-ws/install/action_interfaces/share/action_interfaces/environment/ament_prefix_path.sh
[5.637s] -- Up-to-date: /home/curry/wilson_proj/ros2-rover-ws/install/action_interfaces/share/action_interfaces/environment/ament_prefix_path.dsv
[5.637s] -- Up-to-date: /home/curry/wilson_proj/ros2-rover-ws/install/action_interfaces/share/action_interfaces/environment/path.sh
[5.638s] -- Up-to-date: /home/curry/wilson_proj/ros2-rover-ws/install/action_interfaces/share/action_interfaces/environment/path.dsv
[5.642s] -- Up-to-date: /home/curry/wilson_proj/ros2-rover-ws/install/action_interfaces/share/action_interfaces/local_setup.bash
[5.642s] -- Up-to-date: /home/curry/wilson_proj/ros2-rover-ws/install/action_interfaces/share/action_interfaces/local_setup.sh
[5.643s] -- Up-to-date: /home/curry/wilson_proj/ros2-rover-ws/install/action_interfaces/share/action_interfaces/local_setup.zsh
[5.644s] -- Up-to-date: /home/curry/wilson_proj/ros2-rover-ws/install/action_interfaces/share/action_interfaces/local_setup.dsv
[5.649s] -- Installing: /home/curry/wilson_proj/ros2-rover-ws/install/action_interfaces/share/action_interfaces/package.dsv
[5.650s] -- Up-to-date: /home/curry/wilson_proj/ros2-rover-ws/install/action_interfaces/share/ament_index/resource_index/packages/action_interfaces
[5.651s] -- Up-to-date: /home/curry/wilson_proj/ros2-rover-ws/install/action_interfaces/share/action_interfaces/cmake/export_action_interfaces__rosidl_generator_cExport.cmake
[5.652s] -- Up-to-date: /home/curry/wilson_proj/ros2-rover-ws/install/action_interfaces/share/action_interfaces/cmake/export_action_interfaces__rosidl_generator_cExport-noconfig.cmake
[5.653s] -- Up-to-date: /home/curry/wilson_proj/ros2-rover-ws/install/action_interfaces/share/action_interfaces/cmake/export_action_interfaces__rosidl_typesupport_fastrtps_cExport.cmake
[5.656s] -- Up-to-date: /home/curry/wilson_proj/ros2-rover-ws/install/action_interfaces/share/action_interfaces/cmake/export_action_interfaces__rosidl_typesupport_fastrtps_cExport-noconfig.cmake
[5.658s] -- Up-to-date: /home/curry/wilson_proj/ros2-rover-ws/install/action_interfaces/share/action_interfaces/cmake/action_interfaces__rosidl_typesupport_introspection_cExport.cmake
[5.660s] -- Up-to-date: /home/curry/wilson_proj/ros2-rover-ws/install/action_interfaces/share/action_interfaces/cmake/action_interfaces__rosidl_typesupport_introspection_cExport-noconfig.cmake
[5.661s] -- Up-to-date: /home/curry/wilson_proj/ros2-rover-ws/install/action_interfaces/share/action_interfaces/cmake/action_interfaces__rosidl_typesupport_cExport.cmake
[5.662s] -- Up-to-date: /home/curry/wilson_proj/ros2-rover-ws/install/action_interfaces/share/action_interfaces/cmake/action_interfaces__rosidl_typesupport_cExport-noconfig.cmake
[5.664s] -- Up-to-date: /home/curry/wilson_proj/ros2-rover-ws/install/action_interfaces/share/action_interfaces/cmake/export_action_interfaces__rosidl_generator_cppExport.cmake
[5.665s] -- Up-to-date: /home/curry/wilson_proj/ros2-rover-ws/install/action_interfaces/share/action_interfaces/cmake/export_action_interfaces__rosidl_typesupport_fastrtps_cppExport.cmake
[5.665s] -- Up-to-date: /home/curry/wilson_proj/ros2-rover-ws/install/action_interfaces/share/action_interfaces/cmake/export_action_interfaces__rosidl_typesupport_fastrtps_cppExport-noconfig.cmake
[5.667s] -- Up-to-date: /home/curry/wilson_proj/ros2-rover-ws/install/action_interfaces/share/action_interfaces/cmake/action_interfaces__rosidl_typesupport_introspection_cppExport.cmake
[5.668s] -- Up-to-date: /home/curry/wilson_proj/ros2-rover-ws/install/action_interfaces/share/action_interfaces/cmake/action_interfaces__rosidl_typesupport_introspection_cppExport-noconfig.cmake
[5.669s] -- Up-to-date: /home/curry/wilson_proj/ros2-rover-ws/install/action_interfaces/share/action_interfaces/cmake/action_interfaces__rosidl_typesupport_cppExport.cmake
[5.670s] -- Up-to-date: /home/curry/wilson_proj/ros2-rover-ws/install/action_interfaces/share/action_interfaces/cmake/action_interfaces__rosidl_typesupport_cppExport-noconfig.cmake
[5.671s] -- Up-to-date: /home/curry/wilson_proj/ros2-rover-ws/install/action_interfaces/share/action_interfaces/cmake/export_action_interfaces__rosidl_generator_pyExport.cmake
[5.672s] -- Up-to-date: /home/curry/wilson_proj/ros2-rover-ws/install/action_interfaces/share/action_interfaces/cmake/export_action_interfaces__rosidl_generator_pyExport-noconfig.cmake
[5.672s] -- Up-to-date: /home/curry/wilson_proj/ros2-rover-ws/install/action_interfaces/share/action_interfaces/cmake/rosidl_cmake-extras.cmake
[5.685s] -- Up-to-date: /home/curry/wilson_proj/ros2-rover-ws/install/action_interfaces/share/action_interfaces/cmake/ament_cmake_export_dependencies-extras.cmake
[5.685s] -- Up-to-date: /home/curry/wilson_proj/ros2-rover-ws/install/action_interfaces/share/action_interfaces/cmake/ament_cmake_export_include_directories-extras.cmake
[5.686s] -- Up-to-date: /home/curry/wilson_proj/ros2-rover-ws/install/action_interfaces/share/action_interfaces/cmake/ament_cmake_export_libraries-extras.cmake
[5.687s] -- Up-to-date: /home/curry/wilson_proj/ros2-rover-ws/install/action_interfaces/share/action_interfaces/cmake/ament_cmake_export_targets-extras.cmake
[5.688s] -- Up-to-date: /home/curry/wilson_proj/ros2-rover-ws/install/action_interfaces/share/action_interfaces/cmake/rosidl_cmake_export_typesupport_targets-extras.cmake
[5.688s] -- Up-to-date: /home/curry/wilson_proj/ros2-rover-ws/install/action_interfaces/share/action_interfaces/cmake/rosidl_cmake_export_typesupport_libraries-extras.cmake
[5.691s] -- Up-to-date: /home/curry/wilson_proj/ros2-rover-ws/install/action_interfaces/share/action_interfaces/cmake/action_interfacesConfig.cmake
[5.692s] -- Up-to-date: /home/curry/wilson_proj/ros2-rover-ws/install/action_interfaces/share/action_interfaces/cmake/action_interfacesConfig-version.cmake
[5.692s] -- Up-to-date: /home/curry/wilson_proj/ros2-rover-ws/install/action_interfaces/share/action_interfaces/package.xml
[5.711s] Invoked command in '/home/curry/wilson_proj/ros2-rover-ws/build/action_interfaces' returned '0': CMAKE_PREFIX_PATH=${CMAKE_PREFIX_PATH}:/opt/ros/humble /usr/bin/cmake --install /home/curry/wilson_proj/ros2-rover-ws/build/action_interfaces
