[1.707s] Invoking command in '/home/curry/wilson_proj/ros2-rover-ws/build/package_position_process': CMAKE_PREFIX_PATH=${CMAKE_PREFIX_PATH}:/opt/ros/humble /usr/bin/cmake --build /home/curry/wilson_proj/ros2-rover-ws/build/package_position_process -- -j4 -l4
[1.953s] [100%] Built target node_gnss
[2.019s] Invoked command in '/home/curry/wilson_proj/ros2-rover-ws/build/package_position_process' returned '0': CMAKE_PREFIX_PATH=${CMAKE_PREFIX_PATH}:/opt/ros/humble /usr/bin/cmake --build /home/curry/wilson_proj/ros2-rover-ws/build/package_position_process -- -j4 -l4
[2.246s] Invoking command in '/home/curry/wilson_proj/ros2-rover-ws/build/package_position_process': CMAKE_PREFIX_PATH=${CMAKE_PREFIX_PATH}:/opt/ros/humble /usr/bin/cmake --install /home/curry/wilson_proj/ros2-rover-ws/build/package_position_process
[2.312s] -- Install configuration: ""
[2.313s] -- Up-to-date: /home/curry/wilson_proj/ros2-rover-ws/install/package_position_process/lib/package_position_process/node_gnss
[2.314s] -- Up-to-date: /home/curry/wilson_proj/ros2-rover-ws/install/package_position_process/share/ament_index/resource_index/package_run_dependencies/package_position_process
[2.319s] -- Up-to-date: /home/curry/wilson_proj/ros2-rover-ws/install/package_position_process/share/ament_index/resource_index/parent_prefix_path/package_position_process
[2.320s] -- Up-to-date: /home/curry/wilson_proj/ros2-rover-ws/install/package_position_process/share/package_position_process/environment/ament_prefix_path.sh
[2.321s] -- Up-to-date: /home/curry/wilson_proj/ros2-rover-ws/install/package_position_process/share/package_position_process/environment/ament_prefix_path.dsv
[2.323s] -- Up-to-date: /home/curry/wilson_proj/ros2-rover-ws/install/package_position_process/share/package_position_process/environment/path.sh
[2.324s] -- Up-to-date: /home/curry/wilson_proj/ros2-rover-ws/install/package_position_process/share/package_position_process/environment/path.dsv
[2.325s] -- Up-to-date: /home/curry/wilson_proj/ros2-rover-ws/install/package_position_process/share/package_position_process/local_setup.bash
[2.326s] -- Up-to-date: /home/curry/wilson_proj/ros2-rover-ws/install/package_position_process/share/package_position_process/local_setup.sh
[2.327s] -- Up-to-date: /home/curry/wilson_proj/ros2-rover-ws/install/package_position_process/share/package_position_process/local_setup.zsh
[2.329s] -- Up-to-date: /home/curry/wilson_proj/ros2-rover-ws/install/package_position_process/share/package_position_process/local_setup.dsv
[2.329s] -- Installing: /home/curry/wilson_proj/ros2-rover-ws/install/package_position_process/share/package_position_process/package.dsv
[2.331s] -- Up-to-date: /home/curry/wilson_proj/ros2-rover-ws/install/package_position_process/share/ament_index/resource_index/packages/package_position_process
[2.331s] -- Up-to-date: /home/curry/wilson_proj/ros2-rover-ws/install/package_position_process/share/package_position_process/cmake/package_position_processConfig.cmake
[2.332s] -- Up-to-date: /home/curry/wilson_proj/ros2-rover-ws/install/package_position_process/share/package_position_process/cmake/package_position_processConfig-version.cmake
[2.333s] -- Up-to-date: /home/curry/wilson_proj/ros2-rover-ws/install/package_position_process/share/package_position_process/package.xml
[2.335s] Invoked command in '/home/curry/wilson_proj/ros2-rover-ws/build/package_position_process' returned '0': CMAKE_PREFIX_PATH=${CMAKE_PREFIX_PATH}:/opt/ros/humble /usr/bin/cmake --install /home/curry/wilson_proj/ros2-rover-ws/build/package_position_process
