[0.104s] Invoking command in '/home/curry/wilson_proj/ros2-rover-ws/build/msgs_positions': CMAKE_PREFIX_PATH=/opt/ros/humble /usr/bin/cmake --build /home/curry/wilson_proj/ros2-rover-ws/build/msgs_positions -- -j4 -l4
[0.488s] [  3%] Built target msgs_positions__cpp
[0.564s] [ 12%] Built target msgs_positions__rosidl_generator_c
[0.659s] [ 12%] Built target ament_cmake_python_copy_msgs_positions
[0.795s] [ 22%] Built target msgs_positions__rosidl_typesupport_fastrtps_cpp
[0.850s] [ 32%] Built target msgs_positions__rosidl_typesupport_cpp
[1.021s] [ 41%] Built target msgs_positions__rosidl_typesupport_introspection_cpp
[1.031s] [ 51%] Built target msgs_positions__rosidl_typesupport_fastrtps_c
[1.091s] [ 61%] Built target msgs_positions__rosidl_typesupport_introspection_c
[1.155s] [ 70%] Built target msgs_positions__rosidl_typesupport_c
[1.379s] [ 70%] Built target msgs_positions
[1.647s] [ 74%] Built target msgs_positions__py
[1.989s] [ 80%] Built target msgs_positions__rosidl_generator_py
[2.190s] [ 87%] Built target msgs_positions__rosidl_typesupport_introspection_c__pyext
[2.305s] [ 93%] Built target msgs_positions__rosidl_typesupport_fastrtps_c__pyext
[2.337s] [100%] Built target msgs_positions__rosidl_typesupport_c__pyext
[3.386s] running egg_info
[3.393s] writing msgs_positions.egg-info/PKG-INFO
[3.398s] writing dependency_links to msgs_positions.egg-info/dependency_links.txt
[3.401s] writing top-level names to msgs_positions.egg-info/top_level.txt
[3.418s] reading manifest file 'msgs_positions.egg-info/SOURCES.txt'
[3.423s] writing manifest file 'msgs_positions.egg-info/SOURCES.txt'
[3.617s] [100%] Built target ament_cmake_python_build_msgs_positions_egg
[3.687s] Invoked command in '/home/curry/wilson_proj/ros2-rover-ws/build/msgs_positions' returned '0': CMAKE_PREFIX_PATH=/opt/ros/humble /usr/bin/cmake --build /home/curry/wilson_proj/ros2-rover-ws/build/msgs_positions -- -j4 -l4
[3.691s] Invoking command in '/home/curry/wilson_proj/ros2-rover-ws/build/msgs_positions': CMAKE_PREFIX_PATH=/opt/ros/humble /usr/bin/cmake --install /home/curry/wilson_proj/ros2-rover-ws/build/msgs_positions
[3.773s] -- Install configuration: ""
[3.775s] -- Up-to-date: /home/curry/wilson_proj/ros2-rover-ws/install/msgs_positions/share/ament_index/resource_index/rosidl_interfaces/msgs_positions
[3.778s] -- Up-to-date: /home/curry/wilson_proj/ros2-rover-ws/install/msgs_positions/include/msgs_positions/msgs_positions
[3.781s] -- Up-to-date: /home/curry/wilson_proj/ros2-rover-ws/install/msgs_positions/include/msgs_positions/msgs_positions/msg
[3.783s] -- Up-to-date: /home/curry/wilson_proj/ros2-rover-ws/install/msgs_positions/include/msgs_positions/msgs_positions/msg/gnss_data.h
[3.785s] -- Up-to-date: /home/curry/wilson_proj/ros2-rover-ws/install/msgs_positions/include/msgs_positions/msgs_positions/msg/detail
[3.789s] -- Up-to-date: /home/curry/wilson_proj/ros2-rover-ws/install/msgs_positions/include/msgs_positions/msgs_positions/msg/detail/gnss_data__functions.h
[3.791s] -- Up-to-date: /home/curry/wilson_proj/ros2-rover-ws/install/msgs_positions/include/msgs_positions/msgs_positions/msg/detail/nav_sat_fix__struct.h
[3.793s] -- Up-to-date: /home/curry/wilson_proj/ros2-rover-ws/install/msgs_positions/include/msgs_positions/msgs_positions/msg/detail/nav_sat_fix__functions.c
[3.795s] -- Up-to-date: /home/curry/wilson_proj/ros2-rover-ws/install/msgs_positions/include/msgs_positions/msgs_positions/msg/detail/gnss_data__functions.c
[3.801s] -- Up-to-date: /home/curry/wilson_proj/ros2-rover-ws/install/msgs_positions/include/msgs_positions/msgs_positions/msg/detail/nav_sat_fix__type_support.h
[3.803s] -- Up-to-date: /home/curry/wilson_proj/ros2-rover-ws/install/msgs_positions/include/msgs_positions/msgs_positions/msg/detail/gnss_data__type_support.h
[3.805s] -- Up-to-date: /home/curry/wilson_proj/ros2-rover-ws/install/msgs_positions/include/msgs_positions/msgs_positions/msg/detail/gnss_data__struct.h
[3.808s] -- Up-to-date: /home/curry/wilson_proj/ros2-rover-ws/install/msgs_positions/include/msgs_positions/msgs_positions/msg/detail/nav_sat_fix__functions.h
[3.811s] -- Up-to-date: /home/curry/wilson_proj/ros2-rover-ws/install/msgs_positions/include/msgs_positions/msgs_positions/msg/rosidl_generator_c__visibility_control.h
[3.813s] -- Up-to-date: /home/curry/wilson_proj/ros2-rover-ws/install/msgs_positions/include/msgs_positions/msgs_positions/msg/nav_sat_fix.h
[3.816s] -- Up-to-date: /home/curry/wilson_proj/ros2-rover-ws/install/msgs_positions/share/msgs_positions/environment/library_path.sh
[3.817s] -- Up-to-date: /home/curry/wilson_proj/ros2-rover-ws/install/msgs_positions/share/msgs_positions/environment/library_path.dsv
[3.822s] -- Up-to-date: /home/curry/wilson_proj/ros2-rover-ws/install/msgs_positions/lib/libmsgs_positions__rosidl_generator_c.so
[3.823s] -- Up-to-date: /home/curry/wilson_proj/ros2-rover-ws/install/msgs_positions/include/msgs_positions/msgs_positions
[3.825s] -- Up-to-date: /home/curry/wilson_proj/ros2-rover-ws/install/msgs_positions/include/msgs_positions/msgs_positions/msg
[3.826s] -- Up-to-date: /home/curry/wilson_proj/ros2-rover-ws/install/msgs_positions/include/msgs_positions/msgs_positions/msg/detail
[3.828s] -- Up-to-date: /home/curry/wilson_proj/ros2-rover-ws/install/msgs_positions/include/msgs_positions/msgs_positions/msg/detail/nav_sat_fix__rosidl_typesupport_fastrtps_c.h
[3.829s] -- Up-to-date: /home/curry/wilson_proj/ros2-rover-ws/install/msgs_positions/include/msgs_positions/msgs_positions/msg/detail/gnss_data__rosidl_typesupport_fastrtps_c.h
[3.831s] -- Up-to-date: /home/curry/wilson_proj/ros2-rover-ws/install/msgs_positions/include/msgs_positions/msgs_positions/msg/rosidl_typesupport_fastrtps_c__visibility_control.h
[3.834s] -- Up-to-date: /home/curry/wilson_proj/ros2-rover-ws/install/msgs_positions/lib/libmsgs_positions__rosidl_typesupport_fastrtps_c.so
[3.837s] -- Up-to-date: /home/curry/wilson_proj/ros2-rover-ws/install/msgs_positions/include/msgs_positions/msgs_positions
[3.838s] -- Up-to-date: /home/curry/wilson_proj/ros2-rover-ws/install/msgs_positions/include/msgs_positions/msgs_positions/msg
[3.840s] -- Up-to-date: /home/curry/wilson_proj/ros2-rover-ws/install/msgs_positions/include/msgs_positions/msgs_positions/msg/rosidl_generator_cpp__visibility_control.hpp
[3.841s] -- Up-to-date: /home/curry/wilson_proj/ros2-rover-ws/install/msgs_positions/include/msgs_positions/msgs_positions/msg/detail
[3.843s] -- Up-to-date: /home/curry/wilson_proj/ros2-rover-ws/install/msgs_positions/include/msgs_positions/msgs_positions/msg/detail/nav_sat_fix__builder.hpp
[3.853s] -- Up-to-date: /home/curry/wilson_proj/ros2-rover-ws/install/msgs_positions/include/msgs_positions/msgs_positions/msg/detail/nav_sat_fix__traits.hpp
[3.853s] -- Up-to-date: /home/curry/wilson_proj/ros2-rover-ws/install/msgs_positions/include/msgs_positions/msgs_positions/msg/detail/gnss_data__traits.hpp
[3.854s] -- Up-to-date: /home/curry/wilson_proj/ros2-rover-ws/install/msgs_positions/include/msgs_positions/msgs_positions/msg/detail/gnss_data__builder.hpp
[3.855s] -- Up-to-date: /home/curry/wilson_proj/ros2-rover-ws/install/msgs_positions/include/msgs_positions/msgs_positions/msg/detail/nav_sat_fix__type_support.hpp
[3.855s] -- Up-to-date: /home/curry/wilson_proj/ros2-rover-ws/install/msgs_positions/include/msgs_positions/msgs_positions/msg/detail/nav_sat_fix__struct.hpp
[3.856s] -- Up-to-date: /home/curry/wilson_proj/ros2-rover-ws/install/msgs_positions/include/msgs_positions/msgs_positions/msg/detail/gnss_data__struct.hpp
[3.857s] -- Up-to-date: /home/curry/wilson_proj/ros2-rover-ws/install/msgs_positions/include/msgs_positions/msgs_positions/msg/detail/gnss_data__type_support.hpp
[3.857s] -- Up-to-date: /home/curry/wilson_proj/ros2-rover-ws/install/msgs_positions/include/msgs_positions/msgs_positions/msg/gnss_data.hpp
[3.858s] -- Up-to-date: /home/curry/wilson_proj/ros2-rover-ws/install/msgs_positions/include/msgs_positions/msgs_positions/msg/nav_sat_fix.hpp
[3.858s] -- Up-to-date: /home/curry/wilson_proj/ros2-rover-ws/install/msgs_positions/include/msgs_positions/msgs_positions
[3.859s] -- Up-to-date: /home/curry/wilson_proj/ros2-rover-ws/install/msgs_positions/include/msgs_positions/msgs_positions/msg
[3.859s] -- Up-to-date: /home/curry/wilson_proj/ros2-rover-ws/install/msgs_positions/include/msgs_positions/msgs_positions/msg/detail
[3.867s] -- Up-to-date: /home/curry/wilson_proj/ros2-rover-ws/install/msgs_positions/include/msgs_positions/msgs_positions/msg/detail/nav_sat_fix__rosidl_typesupport_fastrtps_cpp.hpp
[3.868s] -- Up-to-date: /home/curry/wilson_proj/ros2-rover-ws/install/msgs_positions/include/msgs_positions/msgs_positions/msg/detail/dds_fastrtps
[3.869s] -- Up-to-date: /home/curry/wilson_proj/ros2-rover-ws/install/msgs_positions/include/msgs_positions/msgs_positions/msg/detail/gnss_data__rosidl_typesupport_fastrtps_cpp.hpp
[3.869s] -- Up-to-date: /home/curry/wilson_proj/ros2-rover-ws/install/msgs_positions/include/msgs_positions/msgs_positions/msg/rosidl_typesupport_fastrtps_cpp__visibility_control.h
[3.871s] -- Up-to-date: /home/curry/wilson_proj/ros2-rover-ws/install/msgs_positions/lib/libmsgs_positions__rosidl_typesupport_fastrtps_cpp.so
[3.871s] -- Up-to-date: /home/curry/wilson_proj/ros2-rover-ws/install/msgs_positions/include/msgs_positions/msgs_positions
[3.872s] -- Up-to-date: /home/curry/wilson_proj/ros2-rover-ws/install/msgs_positions/include/msgs_positions/msgs_positions/msg
[3.873s] -- Up-to-date: /home/curry/wilson_proj/ros2-rover-ws/install/msgs_positions/include/msgs_positions/msgs_positions/msg/rosidl_typesupport_introspection_c__visibility_control.h
[3.873s] -- Up-to-date: /home/curry/wilson_proj/ros2-rover-ws/install/msgs_positions/include/msgs_positions/msgs_positions/msg/detail
[3.874s] -- Up-to-date: /home/curry/wilson_proj/ros2-rover-ws/install/msgs_positions/include/msgs_positions/msgs_positions/msg/detail/gnss_data__type_support.c
[3.874s] -- Up-to-date: /home/curry/wilson_proj/ros2-rover-ws/install/msgs_positions/include/msgs_positions/msgs_positions/msg/detail/nav_sat_fix__rosidl_typesupport_introspection_c.h
[3.875s] -- Up-to-date: /home/curry/wilson_proj/ros2-rover-ws/install/msgs_positions/include/msgs_positions/msgs_positions/msg/detail/gnss_data__rosidl_typesupport_introspection_c.h
[3.876s] -- Up-to-date: /home/curry/wilson_proj/ros2-rover-ws/install/msgs_positions/include/msgs_positions/msgs_positions/msg/detail/nav_sat_fix__type_support.c
[3.876s] -- Up-to-date: /home/curry/wilson_proj/ros2-rover-ws/install/msgs_positions/lib/libmsgs_positions__rosidl_typesupport_introspection_c.so
[3.889s] -- Up-to-date: /home/curry/wilson_proj/ros2-rover-ws/install/msgs_positions/lib/libmsgs_positions__rosidl_typesupport_c.so
[3.889s] -- Up-to-date: /home/curry/wilson_proj/ros2-rover-ws/install/msgs_positions/include/msgs_positions/msgs_positions
[3.890s] -- Up-to-date: /home/curry/wilson_proj/ros2-rover-ws/install/msgs_positions/include/msgs_positions/msgs_positions/msg
[3.890s] -- Up-to-date: /home/curry/wilson_proj/ros2-rover-ws/install/msgs_positions/include/msgs_positions/msgs_positions/msg/detail
[3.891s] -- Up-to-date: /home/curry/wilson_proj/ros2-rover-ws/install/msgs_positions/include/msgs_positions/msgs_positions/msg/detail/nav_sat_fix__type_support.cpp
[3.892s] -- Up-to-date: /home/curry/wilson_proj/ros2-rover-ws/install/msgs_positions/include/msgs_positions/msgs_positions/msg/detail/gnss_data__type_support.cpp
[3.892s] -- Up-to-date: /home/curry/wilson_proj/ros2-rover-ws/install/msgs_positions/include/msgs_positions/msgs_positions/msg/detail/gnss_data__rosidl_typesupport_introspection_cpp.hpp
[3.893s] -- Up-to-date: /home/curry/wilson_proj/ros2-rover-ws/install/msgs_positions/include/msgs_positions/msgs_positions/msg/detail/nav_sat_fix__rosidl_typesupport_introspection_cpp.hpp
[3.894s] -- Up-to-date: /home/curry/wilson_proj/ros2-rover-ws/install/msgs_positions/lib/libmsgs_positions__rosidl_typesupport_introspection_cpp.so
[3.895s] -- Up-to-date: /home/curry/wilson_proj/ros2-rover-ws/install/msgs_positions/lib/libmsgs_positions__rosidl_typesupport_cpp.so
[3.899s] -- Up-to-date: /home/curry/wilson_proj/ros2-rover-ws/install/msgs_positions/share/msgs_positions/environment/pythonpath.sh
[3.900s] -- Up-to-date: /home/curry/wilson_proj/ros2-rover-ws/install/msgs_positions/share/msgs_positions/environment/pythonpath.dsv
[3.901s] -- Up-to-date: /home/curry/wilson_proj/ros2-rover-ws/install/msgs_positions/local/lib/python3.10/dist-packages/msgs_positions-0.0.0-py3.10.egg-info
[3.903s] -- Installing: /home/curry/wilson_proj/ros2-rover-ws/install/msgs_positions/local/lib/python3.10/dist-packages/msgs_positions-0.0.0-py3.10.egg-info/dependency_links.txt
[3.906s] -- Installing: /home/curry/wilson_proj/ros2-rover-ws/install/msgs_positions/local/lib/python3.10/dist-packages/msgs_positions-0.0.0-py3.10.egg-info/SOURCES.txt
[3.908s] -- Installing: /home/curry/wilson_proj/ros2-rover-ws/install/msgs_positions/local/lib/python3.10/dist-packages/msgs_positions-0.0.0-py3.10.egg-info/top_level.txt
[3.918s] -- Installing: /home/curry/wilson_proj/ros2-rover-ws/install/msgs_positions/local/lib/python3.10/dist-packages/msgs_positions-0.0.0-py3.10.egg-info/PKG-INFO
[3.919s] -- Up-to-date: /home/curry/wilson_proj/ros2-rover-ws/install/msgs_positions/local/lib/python3.10/dist-packages/msgs_positions
[3.921s] -- Up-to-date: /home/curry/wilson_proj/ros2-rover-ws/install/msgs_positions/local/lib/python3.10/dist-packages/msgs_positions/msgs_positions_s__rosidl_typesupport_fastrtps_c.cpython-310-aarch64-linux-gnu.so
[3.921s] -- Up-to-date: /home/curry/wilson_proj/ros2-rover-ws/install/msgs_positions/local/lib/python3.10/dist-packages/msgs_positions/_msgs_positions_s.ep.rosidl_typesupport_introspection_c.c
[3.923s] -- Up-to-date: /home/curry/wilson_proj/ros2-rover-ws/install/msgs_positions/local/lib/python3.10/dist-packages/msgs_positions/libmsgs_positions__rosidl_generator_py.so
[3.924s] -- Up-to-date: /home/curry/wilson_proj/ros2-rover-ws/install/msgs_positions/local/lib/python3.10/dist-packages/msgs_positions/msg
[3.925s] -- Up-to-date: /home/curry/wilson_proj/ros2-rover-ws/install/msgs_positions/local/lib/python3.10/dist-packages/msgs_positions/msg/_nav_sat_fix_s.c
[3.927s] -- Up-to-date: /home/curry/wilson_proj/ros2-rover-ws/install/msgs_positions/local/lib/python3.10/dist-packages/msgs_positions/msg/_nav_sat_fix.py
[3.936s] -- Up-to-date: /home/curry/wilson_proj/ros2-rover-ws/install/msgs_positions/local/lib/python3.10/dist-packages/msgs_positions/msg/_gnss_data_s.c
[3.938s] -- Up-to-date: /home/curry/wilson_proj/ros2-rover-ws/install/msgs_positions/local/lib/python3.10/dist-packages/msgs_positions/msg/__init__.py
[3.939s] -- Up-to-date: /home/curry/wilson_proj/ros2-rover-ws/install/msgs_positions/local/lib/python3.10/dist-packages/msgs_positions/msg/_gnss_data.py
[3.940s] -- Up-to-date: /home/curry/wilson_proj/ros2-rover-ws/install/msgs_positions/local/lib/python3.10/dist-packages/msgs_positions/_msgs_positions_s.ep.rosidl_typesupport_fastrtps_c.c
[3.944s] -- Up-to-date: /home/curry/wilson_proj/ros2-rover-ws/install/msgs_positions/local/lib/python3.10/dist-packages/msgs_positions/__init__.py
[3.951s] -- Up-to-date: /home/curry/wilson_proj/ros2-rover-ws/install/msgs_positions/local/lib/python3.10/dist-packages/msgs_positions/msgs_positions_s__rosidl_typesupport_introspection_c.cpython-310-aarch64-linux-gnu.so
[3.952s] -- Up-to-date: /home/curry/wilson_proj/ros2-rover-ws/install/msgs_positions/local/lib/python3.10/dist-packages/msgs_positions/msgs_positions_s__rosidl_typesupport_c.cpython-310-aarch64-linux-gnu.so
[3.953s] -- Up-to-date: /home/curry/wilson_proj/ros2-rover-ws/install/msgs_positions/local/lib/python3.10/dist-packages/msgs_positions/_msgs_positions_s.ep.rosidl_typesupport_c.c
[4.113s] Listing '/home/curry/wilson_proj/ros2-rover-ws/install/msgs_positions/local/lib/python3.10/dist-packages/msgs_positions'...
[4.116s] Listing '/home/curry/wilson_proj/ros2-rover-ws/install/msgs_positions/local/lib/python3.10/dist-packages/msgs_positions/msg'...
[4.153s] -- Up-to-date: /home/curry/wilson_proj/ros2-rover-ws/install/msgs_positions/local/lib/python3.10/dist-packages/msgs_positions/msgs_positions_s__rosidl_typesupport_fastrtps_c.cpython-310-aarch64-linux-gnu.so
[4.156s] -- Up-to-date: /home/curry/wilson_proj/ros2-rover-ws/install/msgs_positions/local/lib/python3.10/dist-packages/msgs_positions/msgs_positions_s__rosidl_typesupport_introspection_c.cpython-310-aarch64-linux-gnu.so
[4.158s] -- Up-to-date: /home/curry/wilson_proj/ros2-rover-ws/install/msgs_positions/local/lib/python3.10/dist-packages/msgs_positions/msgs_positions_s__rosidl_typesupport_c.cpython-310-aarch64-linux-gnu.so
[4.162s] -- Up-to-date: /home/curry/wilson_proj/ros2-rover-ws/install/msgs_positions/lib/libmsgs_positions__rosidl_generator_py.so
[4.166s] -- Up-to-date: /home/curry/wilson_proj/ros2-rover-ws/install/msgs_positions/share/msgs_positions/msg/GnssData.idl
[4.166s] -- Up-to-date: /home/curry/wilson_proj/ros2-rover-ws/install/msgs_positions/share/msgs_positions/msg/GnssData.msg
[4.168s] -- Up-to-date: /home/curry/wilson_proj/ros2-rover-ws/install/msgs_positions/share/ament_index/resource_index/package_run_dependencies/msgs_positions
[4.170s] -- Up-to-date: /home/curry/wilson_proj/ros2-rover-ws/install/msgs_positions/share/ament_index/resource_index/parent_prefix_path/msgs_positions
[4.173s] -- Up-to-date: /home/curry/wilson_proj/ros2-rover-ws/install/msgs_positions/share/msgs_positions/environment/ament_prefix_path.sh
[4.177s] -- Up-to-date: /home/curry/wilson_proj/ros2-rover-ws/install/msgs_positions/share/msgs_positions/environment/ament_prefix_path.dsv
[4.178s] -- Up-to-date: /home/curry/wilson_proj/ros2-rover-ws/install/msgs_positions/share/msgs_positions/environment/path.sh
[4.178s] -- Up-to-date: /home/curry/wilson_proj/ros2-rover-ws/install/msgs_positions/share/msgs_positions/environment/path.dsv
[4.179s] -- Up-to-date: /home/curry/wilson_proj/ros2-rover-ws/install/msgs_positions/share/msgs_positions/local_setup.bash
[4.180s] -- Up-to-date: /home/curry/wilson_proj/ros2-rover-ws/install/msgs_positions/share/msgs_positions/local_setup.sh
[4.184s] -- Up-to-date: /home/curry/wilson_proj/ros2-rover-ws/install/msgs_positions/share/msgs_positions/local_setup.zsh
[4.185s] -- Up-to-date: /home/curry/wilson_proj/ros2-rover-ws/install/msgs_positions/share/msgs_positions/local_setup.dsv
[4.186s] -- Installing: /home/curry/wilson_proj/ros2-rover-ws/install/msgs_positions/share/msgs_positions/package.dsv
[4.187s] -- Up-to-date: /home/curry/wilson_proj/ros2-rover-ws/install/msgs_positions/share/ament_index/resource_index/packages/msgs_positions
[4.193s] -- Up-to-date: /home/curry/wilson_proj/ros2-rover-ws/install/msgs_positions/share/msgs_positions/cmake/export_msgs_positions__rosidl_generator_cExport.cmake
[4.198s] -- Up-to-date: /home/curry/wilson_proj/ros2-rover-ws/install/msgs_positions/share/msgs_positions/cmake/export_msgs_positions__rosidl_generator_cExport-noconfig.cmake
[4.201s] -- Up-to-date: /home/curry/wilson_proj/ros2-rover-ws/install/msgs_positions/share/msgs_positions/cmake/export_msgs_positions__rosidl_typesupport_fastrtps_cExport.cmake
[4.201s] -- Up-to-date: /home/curry/wilson_proj/ros2-rover-ws/install/msgs_positions/share/msgs_positions/cmake/export_msgs_positions__rosidl_typesupport_fastrtps_cExport-noconfig.cmake
[4.203s] -- Up-to-date: /home/curry/wilson_proj/ros2-rover-ws/install/msgs_positions/share/msgs_positions/cmake/export_msgs_positions__rosidl_generator_cppExport.cmake
[4.203s] -- Up-to-date: /home/curry/wilson_proj/ros2-rover-ws/install/msgs_positions/share/msgs_positions/cmake/export_msgs_positions__rosidl_typesupport_fastrtps_cppExport.cmake
[4.204s] -- Up-to-date: /home/curry/wilson_proj/ros2-rover-ws/install/msgs_positions/share/msgs_positions/cmake/export_msgs_positions__rosidl_typesupport_fastrtps_cppExport-noconfig.cmake
[4.205s] -- Up-to-date: /home/curry/wilson_proj/ros2-rover-ws/install/msgs_positions/share/msgs_positions/cmake/msgs_positions__rosidl_typesupport_introspection_cExport.cmake
[4.207s] -- Up-to-date: /home/curry/wilson_proj/ros2-rover-ws/install/msgs_positions/share/msgs_positions/cmake/msgs_positions__rosidl_typesupport_introspection_cExport-noconfig.cmake
[4.207s] -- Up-to-date: /home/curry/wilson_proj/ros2-rover-ws/install/msgs_positions/share/msgs_positions/cmake/msgs_positions__rosidl_typesupport_cExport.cmake
[4.208s] -- Up-to-date: /home/curry/wilson_proj/ros2-rover-ws/install/msgs_positions/share/msgs_positions/cmake/msgs_positions__rosidl_typesupport_cExport-noconfig.cmake
[4.208s] -- Up-to-date: /home/curry/wilson_proj/ros2-rover-ws/install/msgs_positions/share/msgs_positions/cmake/msgs_positions__rosidl_typesupport_introspection_cppExport.cmake
[4.209s] -- Up-to-date: /home/curry/wilson_proj/ros2-rover-ws/install/msgs_positions/share/msgs_positions/cmake/msgs_positions__rosidl_typesupport_introspection_cppExport-noconfig.cmake
[4.209s] -- Up-to-date: /home/curry/wilson_proj/ros2-rover-ws/install/msgs_positions/share/msgs_positions/cmake/msgs_positions__rosidl_typesupport_cppExport.cmake
[4.210s] -- Up-to-date: /home/curry/wilson_proj/ros2-rover-ws/install/msgs_positions/share/msgs_positions/cmake/msgs_positions__rosidl_typesupport_cppExport-noconfig.cmake
[4.210s] -- Up-to-date: /home/curry/wilson_proj/ros2-rover-ws/install/msgs_positions/share/msgs_positions/cmake/export_msgs_positions__rosidl_generator_pyExport.cmake
[4.211s] -- Up-to-date: /home/curry/wilson_proj/ros2-rover-ws/install/msgs_positions/share/msgs_positions/cmake/export_msgs_positions__rosidl_generator_pyExport-noconfig.cmake
[4.212s] -- Up-to-date: /home/curry/wilson_proj/ros2-rover-ws/install/msgs_positions/share/msgs_positions/cmake/rosidl_cmake-extras.cmake
[4.213s] -- Up-to-date: /home/curry/wilson_proj/ros2-rover-ws/install/msgs_positions/share/msgs_positions/cmake/ament_cmake_export_dependencies-extras.cmake
[4.215s] -- Up-to-date: /home/curry/wilson_proj/ros2-rover-ws/install/msgs_positions/share/msgs_positions/cmake/ament_cmake_export_include_directories-extras.cmake
[4.216s] -- Up-to-date: /home/curry/wilson_proj/ros2-rover-ws/install/msgs_positions/share/msgs_positions/cmake/ament_cmake_export_libraries-extras.cmake
[4.217s] -- Up-to-date: /home/curry/wilson_proj/ros2-rover-ws/install/msgs_positions/share/msgs_positions/cmake/ament_cmake_export_targets-extras.cmake
[4.219s] -- Up-to-date: /home/curry/wilson_proj/ros2-rover-ws/install/msgs_positions/share/msgs_positions/cmake/rosidl_cmake_export_typesupport_targets-extras.cmake
[4.220s] -- Up-to-date: /home/curry/wilson_proj/ros2-rover-ws/install/msgs_positions/share/msgs_positions/cmake/rosidl_cmake_export_typesupport_libraries-extras.cmake
[4.221s] -- Up-to-date: /home/curry/wilson_proj/ros2-rover-ws/install/msgs_positions/share/msgs_positions/cmake/msgs_positionsConfig.cmake
[4.221s] -- Up-to-date: /home/curry/wilson_proj/ros2-rover-ws/install/msgs_positions/share/msgs_positions/cmake/msgs_positionsConfig-version.cmake
[4.222s] -- Up-to-date: /home/curry/wilson_proj/ros2-rover-ws/install/msgs_positions/share/msgs_positions/package.xml
[4.275s] Invoked command in '/home/curry/wilson_proj/ros2-rover-ws/build/msgs_positions' returned '0': CMAKE_PREFIX_PATH=/opt/ros/humble /usr/bin/cmake --install /home/curry/wilson_proj/ros2-rover-ws/build/msgs_positions
