[0.066s] Invoking command in '/home/curry/wilson_proj/ros2-rover-ws/build/package_rover_control': CMAKE_PREFIX_PATH=${CMAKE_PREFIX_PATH}:/opt/ros/humble LD_LIBRARY_PATH=/home/curry/wilson_proj/ros2-rover-ws/install/msgs_mainrocon/lib:/home/curry/wilson_proj/ros2-rover-ws/install/msgs_rovercon/lib:/home/curry/wilson_proj/ros2-rover-ws/install/rovercon_msgs/lib:/home/curry/wilson_proj/ros2-rover-ws/install/package_rover_control/lib:/home/curry/wilson_proj/ros2-rover-ws/install/msgs_positions/lib:/home/curry/wilson_proj/ros2-rover-ws/install/action_interfaces/lib:/opt/ros/humble/opt/rviz_ogre_vendor/lib:/opt/ros/humble/lib/aarch64-linux-gnu:/opt/ros/humble/lib /usr/bin/cmake --build /home/curry/wilson_proj/ros2-rover-ws/build/package_rover_control -- -j4 -l4
[0.341s] [100%] Built target node_rovercontrol
[0.387s] Invoked command in '/home/curry/wilson_proj/ros2-rover-ws/build/package_rover_control' returned '0': CMAKE_PREFIX_PATH=${CMAKE_PREFIX_PATH}:/opt/ros/humble LD_LIBRARY_PATH=/home/curry/wilson_proj/ros2-rover-ws/install/msgs_mainrocon/lib:/home/curry/wilson_proj/ros2-rover-ws/install/msgs_rovercon/lib:/home/curry/wilson_proj/ros2-rover-ws/install/rovercon_msgs/lib:/home/curry/wilson_proj/ros2-rover-ws/install/package_rover_control/lib:/home/curry/wilson_proj/ros2-rover-ws/install/msgs_positions/lib:/home/curry/wilson_proj/ros2-rover-ws/install/action_interfaces/lib:/opt/ros/humble/opt/rviz_ogre_vendor/lib:/opt/ros/humble/lib/aarch64-linux-gnu:/opt/ros/humble/lib /usr/bin/cmake --build /home/curry/wilson_proj/ros2-rover-ws/build/package_rover_control -- -j4 -l4
[0.543s] Invoking command in '/home/curry/wilson_proj/ros2-rover-ws/build/package_rover_control': CMAKE_PREFIX_PATH=${CMAKE_PREFIX_PATH}:/opt/ros/humble LD_LIBRARY_PATH=/home/curry/wilson_proj/ros2-rover-ws/install/msgs_mainrocon/lib:/home/curry/wilson_proj/ros2-rover-ws/install/msgs_rovercon/lib:/home/curry/wilson_proj/ros2-rover-ws/install/rovercon_msgs/lib:/home/curry/wilson_proj/ros2-rover-ws/install/package_rover_control/lib:/home/curry/wilson_proj/ros2-rover-ws/install/msgs_positions/lib:/home/curry/wilson_proj/ros2-rover-ws/install/action_interfaces/lib:/opt/ros/humble/opt/rviz_ogre_vendor/lib:/opt/ros/humble/lib/aarch64-linux-gnu:/opt/ros/humble/lib /usr/bin/cmake --install /home/curry/wilson_proj/ros2-rover-ws/build/package_rover_control
[0.578s] -- Install configuration: ""
[0.579s] -- Up-to-date: /home/curry/wilson_proj/ros2-rover-ws/install/package_rover_control/lib/package_rover_control/node_rovercontrol
[0.581s] -- Up-to-date: /home/curry/wilson_proj/ros2-rover-ws/install/package_rover_control/share/ament_index/resource_index/package_run_dependencies/package_rover_control
[0.581s] -- Up-to-date: /home/curry/wilson_proj/ros2-rover-ws/install/package_rover_control/share/ament_index/resource_index/parent_prefix_path/package_rover_control
[0.582s] -- Up-to-date: /home/curry/wilson_proj/ros2-rover-ws/install/package_rover_control/share/package_rover_control/environment/ament_prefix_path.sh
[0.582s] -- Up-to-date: /home/curry/wilson_proj/ros2-rover-ws/install/package_rover_control/share/package_rover_control/environment/ament_prefix_path.dsv
[0.583s] -- Up-to-date: /home/curry/wilson_proj/ros2-rover-ws/install/package_rover_control/share/package_rover_control/environment/path.sh
[0.583s] -- Up-to-date: /home/curry/wilson_proj/ros2-rover-ws/install/package_rover_control/share/package_rover_control/environment/path.dsv
[0.584s] -- Up-to-date: /home/curry/wilson_proj/ros2-rover-ws/install/package_rover_control/share/package_rover_control/local_setup.bash
[0.584s] -- Up-to-date: /home/curry/wilson_proj/ros2-rover-ws/install/package_rover_control/share/package_rover_control/local_setup.sh
[0.585s] -- Up-to-date: /home/curry/wilson_proj/ros2-rover-ws/install/package_rover_control/share/package_rover_control/local_setup.zsh
[0.585s] -- Up-to-date: /home/curry/wilson_proj/ros2-rover-ws/install/package_rover_control/share/package_rover_control/local_setup.dsv
[0.585s] -- Installing: /home/curry/wilson_proj/ros2-rover-ws/install/package_rover_control/share/package_rover_control/package.dsv
[0.587s] -- Up-to-date: /home/curry/wilson_proj/ros2-rover-ws/install/package_rover_control/share/ament_index/resource_index/packages/package_rover_control
[0.588s] -- Up-to-date: /home/curry/wilson_proj/ros2-rover-ws/install/package_rover_control/share/package_rover_control/cmake/package_rover_controlConfig.cmake
[0.588s] -- Up-to-date: /home/curry/wilson_proj/ros2-rover-ws/install/package_rover_control/share/package_rover_control/cmake/package_rover_controlConfig-version.cmake
[0.589s] -- Up-to-date: /home/curry/wilson_proj/ros2-rover-ws/install/package_rover_control/share/package_rover_control/package.xml
[0.597s] Invoked command in '/home/curry/wilson_proj/ros2-rover-ws/build/package_rover_control' returned '0': CMAKE_PREFIX_PATH=${CMAKE_PREFIX_PATH}:/opt/ros/humble LD_LIBRARY_PATH=/home/curry/wilson_proj/ros2-rover-ws/install/msgs_mainrocon/lib:/home/curry/wilson_proj/ros2-rover-ws/install/msgs_rovercon/lib:/home/curry/wilson_proj/ros2-rover-ws/install/rovercon_msgs/lib:/home/curry/wilson_proj/ros2-rover-ws/install/package_rover_control/lib:/home/curry/wilson_proj/ros2-rover-ws/install/msgs_positions/lib:/home/curry/wilson_proj/ros2-rover-ws/install/action_interfaces/lib:/opt/ros/humble/opt/rviz_ogre_vendor/lib:/opt/ros/humble/lib/aarch64-linux-gnu:/opt/ros/humble/lib /usr/bin/cmake --install /home/curry/wilson_proj/ros2-rover-ws/build/package_rover_control
