[5.023s] Invoking command in '/home/curry/wilson_proj/ros2-rover-ws/src/package_image_process': PYTHONPATH=/home/curry/wilson_proj/ros2-rover-ws/build/package_image_process/prefix_override:/usr/lib/python3/dist-packages/colcon_core/task/python/colcon_distutils_commands:/home/curry/wilson_proj/ros2-rover-ws/install/package_image_process/lib/python3.10/site-packages:${PYTHONPATH} /usr/bin/python3 -W ignore:setup.py install is deprecated -W ignore:easy_install command is deprecated setup.py egg_info --egg-base ../../build/package_image_process build --build-base /home/curry/wilson_proj/ros2-rover-ws/build/package_image_process/build install --record /home/curry/wilson_proj/ros2-rover-ws/build/package_image_process/install.log --single-version-externally-managed install_data
[6.747s] running egg_info
[6.751s] writing ../../build/package_image_process/package_image_process.egg-info/PKG-INFO
[6.752s] writing dependency_links to ../../build/package_image_process/package_image_process.egg-info/dependency_links.txt
[6.753s] writing entry points to ../../build/package_image_process/package_image_process.egg-info/entry_points.txt
[6.754s] writing requirements to ../../build/package_image_process/package_image_process.egg-info/requires.txt
[6.755s] writing top-level names to ../../build/package_image_process/package_image_process.egg-info/top_level.txt
[6.768s] reading manifest file '../../build/package_image_process/package_image_process.egg-info/SOURCES.txt'
[6.770s] adding license file 'LICENSE'
[6.774s] writing manifest file '../../build/package_image_process/package_image_process.egg-info/SOURCES.txt'
[6.775s] running build
[6.776s] running build_py
[6.778s] running install
[6.780s] running install_lib
[6.788s] running install_data
[6.789s] running install_egg_info
[6.797s] removing '/home/curry/wilson_proj/ros2-rover-ws/install/package_image_process/lib/python3.10/site-packages/package_image_process-0.0.0-py3.10.egg-info' (and everything under it)
[6.799s] Copying ../../build/package_image_process/package_image_process.egg-info to /home/curry/wilson_proj/ros2-rover-ws/install/package_image_process/lib/python3.10/site-packages/package_image_process-0.0.0-py3.10.egg-info
[6.807s] running install_scripts
[6.899s] Installing node_image_process script to /home/curry/wilson_proj/ros2-rover-ws/install/package_image_process/lib/package_image_process
[6.901s] writing list of installed files to '/home/curry/wilson_proj/ros2-rover-ws/build/package_image_process/install.log'
[7.036s] Invoked command in '/home/curry/wilson_proj/ros2-rover-ws/src/package_image_process' returned '0': PYTHONPATH=/home/curry/wilson_proj/ros2-rover-ws/build/package_image_process/prefix_override:/usr/lib/python3/dist-packages/colcon_core/task/python/colcon_distutils_commands:/home/curry/wilson_proj/ros2-rover-ws/install/package_image_process/lib/python3.10/site-packages:${PYTHONPATH} /usr/bin/python3 -W ignore:setup.py install is deprecated -W ignore:easy_install command is deprecated setup.py egg_info --egg-base ../../build/package_image_process build --build-base /home/curry/wilson_proj/ros2-rover-ws/build/package_image_process/build install --record /home/curry/wilson_proj/ros2-rover-ws/build/package_image_process/install.log --single-version-externally-managed install_data
