[0.458s] DEBUG:colcon:Command line arguments: ['/usr/bin/colcon', 'build']
[0.458s] DEBUG:colcon:Parsed command line arguments: Namespace(log_base=None, log_level=None, verb_name='build', build_base='build', install_base='install', merge_install=False, symlink_install=False, test_result_base=None, continue_on_error=False, executor='parallel', parallel_workers=4, event_handlers=None, ignore_user_meta=False, metas=['./colcon.meta'], base_paths=['.'], packages_ignore=None, packages_ignore_regex=None, paths=None, packages_up_to=None, packages_up_to_regex=None, packages_above=None, packages_above_and_dependencies=None, packages_above_depth=None, packages_select_by_dep=None, packages_skip_by_dep=None, packages_skip_up_to=None, packages_select_build_failed=False, packages_skip_build_finished=False, packages_select_test_failures=False, packages_skip_test_passed=False, packages_select=None, packages_skip=None, packages_select_regex=None, packages_skip_regex=None, packages_start=None, packages_end=None, allow_overriding=[], cmake_args=None, cmake_target=None, cmake_target_skip_unavailable=False, cmake_clean_cache=False, cmake_clean_first=False, cmake_force_configure=False, ament_cmake_args=None, catkin_cmake_args=None, catkin_skip_building_tests=False, mixin_files=None, mixin=None, verb_parser=<colcon_mixin.mixin.mixin_argument.MixinArgumentDecorator object at 0xffff93701720>, verb_extension=<colcon_core.verb.build.BuildVerb object at 0xffff938ae620>, main=<bound method BuildVerb.main of <colcon_core.verb.build.BuildVerb object at 0xffff938ae620>>, mixin_verb=('build',))
[1.276s] Level 1:colcon.colcon_core.package_discovery:discover_packages(colcon_meta) check parameters
[1.277s] Level 1:colcon.colcon_core.package_discovery:discover_packages(recursive) check parameters
[1.290s] Level 1:colcon.colcon_core.package_discovery:discover_packages(ignore) check parameters
[1.291s] Level 1:colcon.colcon_core.package_discovery:discover_packages(path) check parameters
[1.291s] Level 1:colcon.colcon_core.package_discovery:discover_packages(colcon_meta) discover
[1.291s] Level 1:colcon.colcon_core.package_discovery:discover_packages(recursive) discover
[1.292s] INFO:colcon.colcon_core.package_discovery:Crawling recursively for packages in '/home/curry/wilson_proj/ros2-rover-ws'
[1.292s] Level 1:colcon.colcon_core.package_identification:_identify(.) by extensions ['ignore', 'ignore_ament_install']
[1.293s] Level 1:colcon.colcon_core.package_identification:_identify(.) by extension 'ignore'
[1.293s] Level 1:colcon.colcon_core.package_identification:_identify(.) by extension 'ignore_ament_install'
[1.294s] Level 1:colcon.colcon_core.package_identification:_identify(.) by extensions ['colcon_pkg']
[1.294s] Level 1:colcon.colcon_core.package_identification:_identify(.) by extension 'colcon_pkg'
[1.294s] Level 1:colcon.colcon_core.package_identification:_identify(.) by extensions ['colcon_meta']
[1.295s] Level 1:colcon.colcon_core.package_identification:_identify(.) by extension 'colcon_meta'
[1.295s] Level 1:colcon.colcon_core.package_identification:_identify(.) by extensions ['ros']
[1.295s] Level 1:colcon.colcon_core.package_identification:_identify(.) by extension 'ros'
[1.342s] Level 1:colcon.colcon_core.package_identification:_identify(.) by extensions ['cmake', 'python']
[1.343s] Level 1:colcon.colcon_core.package_identification:_identify(.) by extension 'cmake'
[1.343s] Level 1:colcon.colcon_core.package_identification:_identify(.) by extension 'python'
[1.343s] Level 1:colcon.colcon_core.package_identification:_identify(.) by extensions ['python_setup_py']
[1.343s] Level 1:colcon.colcon_core.package_identification:_identify(.) by extension 'python_setup_py'
[1.344s] Level 1:colcon.colcon_core.package_identification:_identify(build) by extensions ['ignore', 'ignore_ament_install']
[1.344s] Level 1:colcon.colcon_core.package_identification:_identify(build) by extension 'ignore'
[1.344s] Level 1:colcon.colcon_core.package_identification:_identify(build) ignored
[1.345s] Level 1:colcon.colcon_core.package_identification:_identify(install) by extensions ['ignore', 'ignore_ament_install']
[1.345s] Level 1:colcon.colcon_core.package_identification:_identify(install) by extension 'ignore'
[1.346s] Level 1:colcon.colcon_core.package_identification:_identify(install) ignored
[1.348s] Level 1:colcon.colcon_core.package_identification:_identify(log) by extensions ['ignore', 'ignore_ament_install']
[1.348s] Level 1:colcon.colcon_core.package_identification:_identify(log) by extension 'ignore'
[1.348s] Level 1:colcon.colcon_core.package_identification:_identify(log) ignored
[1.348s] Level 1:colcon.colcon_core.package_identification:_identify(src) by extensions ['ignore', 'ignore_ament_install']
[1.349s] Level 1:colcon.colcon_core.package_identification:_identify(src) by extension 'ignore'
[1.349s] Level 1:colcon.colcon_core.package_identification:_identify(src) by extension 'ignore_ament_install'
[1.349s] Level 1:colcon.colcon_core.package_identification:_identify(src) by extensions ['colcon_pkg']
[1.349s] Level 1:colcon.colcon_core.package_identification:_identify(src) by extension 'colcon_pkg'
[1.349s] Level 1:colcon.colcon_core.package_identification:_identify(src) by extensions ['colcon_meta']
[1.350s] Level 1:colcon.colcon_core.package_identification:_identify(src) by extension 'colcon_meta'
[1.350s] Level 1:colcon.colcon_core.package_identification:_identify(src) by extensions ['ros']
[1.350s] Level 1:colcon.colcon_core.package_identification:_identify(src) by extension 'ros'
[1.350s] Level 1:colcon.colcon_core.package_identification:_identify(src) by extensions ['cmake', 'python']
[1.350s] Level 1:colcon.colcon_core.package_identification:_identify(src) by extension 'cmake'
[1.350s] Level 1:colcon.colcon_core.package_identification:_identify(src) by extension 'python'
[1.351s] Level 1:colcon.colcon_core.package_identification:_identify(src) by extensions ['python_setup_py']
[1.351s] Level 1:colcon.colcon_core.package_identification:_identify(src) by extension 'python_setup_py'
[1.351s] Level 1:colcon.colcon_core.package_identification:_identify(src/action_interfaces) by extensions ['ignore', 'ignore_ament_install']
[1.351s] Level 1:colcon.colcon_core.package_identification:_identify(src/action_interfaces) by extension 'ignore'
[1.352s] Level 1:colcon.colcon_core.package_identification:_identify(src/action_interfaces) by extension 'ignore_ament_install'
[1.352s] Level 1:colcon.colcon_core.package_identification:_identify(src/action_interfaces) by extensions ['colcon_pkg']
[1.352s] Level 1:colcon.colcon_core.package_identification:_identify(src/action_interfaces) by extension 'colcon_pkg'
[1.352s] Level 1:colcon.colcon_core.package_identification:_identify(src/action_interfaces) by extensions ['colcon_meta']
[1.352s] Level 1:colcon.colcon_core.package_identification:_identify(src/action_interfaces) by extension 'colcon_meta'
[1.352s] Level 1:colcon.colcon_core.package_identification:_identify(src/action_interfaces) by extensions ['ros']
[1.353s] Level 1:colcon.colcon_core.package_identification:_identify(src/action_interfaces) by extension 'ros'
[1.361s] DEBUG:colcon.colcon_core.package_identification:Package 'src/action_interfaces' with type 'ros.ament_cmake' and name 'action_interfaces'
[1.362s] Level 1:colcon.colcon_core.package_identification:_identify(src/package_image_process) by extensions ['ignore', 'ignore_ament_install']
[1.362s] Level 1:colcon.colcon_core.package_identification:_identify(src/package_image_process) by extension 'ignore'
[1.362s] Level 1:colcon.colcon_core.package_identification:_identify(src/package_image_process) by extension 'ignore_ament_install'
[1.362s] Level 1:colcon.colcon_core.package_identification:_identify(src/package_image_process) by extensions ['colcon_pkg']
[1.363s] Level 1:colcon.colcon_core.package_identification:_identify(src/package_image_process) by extension 'colcon_pkg'
[1.363s] Level 1:colcon.colcon_core.package_identification:_identify(src/package_image_process) by extensions ['colcon_meta']
[1.363s] Level 1:colcon.colcon_core.package_identification:_identify(src/package_image_process) by extension 'colcon_meta'
[1.363s] Level 1:colcon.colcon_core.package_identification:_identify(src/package_image_process) by extensions ['ros']
[1.363s] Level 1:colcon.colcon_core.package_identification:_identify(src/package_image_process) by extension 'ros'
[1.366s] DEBUG:colcon.colcon_core.package_identification:Package 'src/package_image_process' with type 'ros.ament_python' and name 'package_image_process'
[1.367s] Level 1:colcon.colcon_core.package_identification:_identify(src/package_navigate_route) by extensions ['ignore', 'ignore_ament_install']
[1.367s] Level 1:colcon.colcon_core.package_identification:_identify(src/package_navigate_route) by extension 'ignore'
[1.367s] Level 1:colcon.colcon_core.package_identification:_identify(src/package_navigate_route) by extension 'ignore_ament_install'
[1.368s] Level 1:colcon.colcon_core.package_identification:_identify(src/package_navigate_route) by extensions ['colcon_pkg']
[1.368s] Level 1:colcon.colcon_core.package_identification:_identify(src/package_navigate_route) by extension 'colcon_pkg'
[1.368s] Level 1:colcon.colcon_core.package_identification:_identify(src/package_navigate_route) by extensions ['colcon_meta']
[1.368s] Level 1:colcon.colcon_core.package_identification:_identify(src/package_navigate_route) by extension 'colcon_meta'
[1.368s] Level 1:colcon.colcon_core.package_identification:_identify(src/package_navigate_route) by extensions ['ros']
[1.368s] Level 1:colcon.colcon_core.package_identification:_identify(src/package_navigate_route) by extension 'ros'
[1.370s] DEBUG:colcon.colcon_core.package_identification:Package 'src/package_navigate_route' with type 'ros.ament_cmake' and name 'package_navigate_route'
[1.371s] Level 1:colcon.colcon_core.package_identification:_identify(src/package_position_process) by extensions ['ignore', 'ignore_ament_install']
[1.371s] Level 1:colcon.colcon_core.package_identification:_identify(src/package_position_process) by extension 'ignore'
[1.372s] Level 1:colcon.colcon_core.package_identification:_identify(src/package_position_process) by extension 'ignore_ament_install'
[1.372s] Level 1:colcon.colcon_core.package_identification:_identify(src/package_position_process) by extensions ['colcon_pkg']
[1.372s] Level 1:colcon.colcon_core.package_identification:_identify(src/package_position_process) by extension 'colcon_pkg'
[1.372s] Level 1:colcon.colcon_core.package_identification:_identify(src/package_position_process) by extensions ['colcon_meta']
[1.372s] Level 1:colcon.colcon_core.package_identification:_identify(src/package_position_process) by extension 'colcon_meta'
[1.372s] Level 1:colcon.colcon_core.package_identification:_identify(src/package_position_process) by extensions ['ros']
[1.372s] Level 1:colcon.colcon_core.package_identification:_identify(src/package_position_process) by extension 'ros'
[1.374s] DEBUG:colcon.colcon_core.package_identification:Package 'src/package_position_process' with type 'ros.ament_cmake' and name 'package_position_process'
[1.375s] Level 1:colcon.colcon_core.package_identification:_identify(src/package_rover_control) by extensions ['ignore', 'ignore_ament_install']
[1.375s] Level 1:colcon.colcon_core.package_identification:_identify(src/package_rover_control) by extension 'ignore'
[1.376s] Level 1:colcon.colcon_core.package_identification:_identify(src/package_rover_control) by extension 'ignore_ament_install'
[1.376s] Level 1:colcon.colcon_core.package_identification:_identify(src/package_rover_control) by extensions ['colcon_pkg']
[1.376s] Level 1:colcon.colcon_core.package_identification:_identify(src/package_rover_control) by extension 'colcon_pkg'
[1.376s] Level 1:colcon.colcon_core.package_identification:_identify(src/package_rover_control) by extensions ['colcon_meta']
[1.376s] Level 1:colcon.colcon_core.package_identification:_identify(src/package_rover_control) by extension 'colcon_meta'
[1.376s] Level 1:colcon.colcon_core.package_identification:_identify(src/package_rover_control) by extensions ['ros']
[1.376s] Level 1:colcon.colcon_core.package_identification:_identify(src/package_rover_control) by extension 'ros'
[1.379s] DEBUG:colcon.colcon_core.package_identification:Package 'src/package_rover_control' with type 'ros.ament_cmake' and name 'package_rover_control'
[1.380s] Level 1:colcon.colcon_core.package_identification:_identify(src/package_test) by extensions ['ignore', 'ignore_ament_install']
[1.380s] Level 1:colcon.colcon_core.package_identification:_identify(src/package_test) by extension 'ignore'
[1.381s] Level 1:colcon.colcon_core.package_identification:_identify(src/package_test) by extension 'ignore_ament_install'
[1.381s] Level 1:colcon.colcon_core.package_identification:_identify(src/package_test) by extensions ['colcon_pkg']
[1.381s] Level 1:colcon.colcon_core.package_identification:_identify(src/package_test) by extension 'colcon_pkg'
[1.381s] Level 1:colcon.colcon_core.package_identification:_identify(src/package_test) by extensions ['colcon_meta']
[1.381s] Level 1:colcon.colcon_core.package_identification:_identify(src/package_test) by extension 'colcon_meta'
[1.381s] Level 1:colcon.colcon_core.package_identification:_identify(src/package_test) by extensions ['ros']
[1.381s] Level 1:colcon.colcon_core.package_identification:_identify(src/package_test) by extension 'ros'
[1.384s] DEBUG:colcon.colcon_core.package_identification:Package 'src/package_test' with type 'ros.ament_cmake' and name 'package_test'
[1.385s] Level 1:colcon.colcon_core.package_discovery:discover_packages(recursive) using defaults
[1.385s] Level 1:colcon.colcon_core.package_discovery:discover_packages(ignore) discover
[1.385s] Level 1:colcon.colcon_core.package_discovery:discover_packages(ignore) using defaults
[1.385s] Level 1:colcon.colcon_core.package_discovery:discover_packages(path) discover
[1.385s] Level 1:colcon.colcon_core.package_discovery:discover_packages(path) using defaults
[1.503s] Level 1:colcon.colcon_core.package_discovery:discover_packages(prefix_path) check parameters
[1.504s] Level 1:colcon.colcon_core.package_discovery:discover_packages(prefix_path) discover
[1.514s] DEBUG:colcon.colcon_installed_package_information.package_discovery:Found 6 installed packages in /home/curry/wilson_proj/ros2-rover-ws/install
[1.522s] DEBUG:colcon.colcon_installed_package_information.package_discovery:Found 270 installed packages in /opt/ros/humble
[1.529s] Level 1:colcon.colcon_core.package_discovery:discover_packages(prefix_path) using defaults
[1.693s] Level 5:colcon.colcon_core.verb:set package 'action_interfaces' build argument 'cmake_args' from command line to 'None'
[1.693s] Level 5:colcon.colcon_core.verb:set package 'action_interfaces' build argument 'cmake_target' from command line to 'None'
[1.693s] Level 5:colcon.colcon_core.verb:set package 'action_interfaces' build argument 'cmake_target_skip_unavailable' from command line to 'False'
[1.693s] Level 5:colcon.colcon_core.verb:set package 'action_interfaces' build argument 'cmake_clean_cache' from command line to 'False'
[1.693s] Level 5:colcon.colcon_core.verb:set package 'action_interfaces' build argument 'cmake_clean_first' from command line to 'False'
[1.693s] Level 5:colcon.colcon_core.verb:set package 'action_interfaces' build argument 'cmake_force_configure' from command line to 'False'
[1.693s] Level 5:colcon.colcon_core.verb:set package 'action_interfaces' build argument 'ament_cmake_args' from command line to 'None'
[1.693s] Level 5:colcon.colcon_core.verb:set package 'action_interfaces' build argument 'catkin_cmake_args' from command line to 'None'
[1.694s] Level 5:colcon.colcon_core.verb:set package 'action_interfaces' build argument 'catkin_skip_building_tests' from command line to 'False'
[1.694s] DEBUG:colcon.colcon_core.verb:Building package 'action_interfaces' with the following arguments: {'ament_cmake_args': None, 'build_base': '/home/curry/wilson_proj/ros2-rover-ws/build/action_interfaces', 'catkin_cmake_args': None, 'catkin_skip_building_tests': False, 'cmake_args': None, 'cmake_clean_cache': False, 'cmake_clean_first': False, 'cmake_force_configure': False, 'cmake_target': None, 'cmake_target_skip_unavailable': False, 'install_base': '/home/curry/wilson_proj/ros2-rover-ws/install/action_interfaces', 'merge_install': False, 'path': '/home/curry/wilson_proj/ros2-rover-ws/src/action_interfaces', 'symlink_install': False, 'test_result_base': None}
[1.695s] Level 5:colcon.colcon_core.verb:set package 'package_image_process' build argument 'cmake_args' from command line to 'None'
[1.695s] Level 5:colcon.colcon_core.verb:set package 'package_image_process' build argument 'cmake_target' from command line to 'None'
[1.696s] Level 5:colcon.colcon_core.verb:set package 'package_image_process' build argument 'cmake_target_skip_unavailable' from command line to 'False'
[1.696s] Level 5:colcon.colcon_core.verb:set package 'package_image_process' build argument 'cmake_clean_cache' from command line to 'False'
[1.696s] Level 5:colcon.colcon_core.verb:set package 'package_image_process' build argument 'cmake_clean_first' from command line to 'False'
[1.696s] Level 5:colcon.colcon_core.verb:set package 'package_image_process' build argument 'cmake_force_configure' from command line to 'False'
[1.696s] Level 5:colcon.colcon_core.verb:set package 'package_image_process' build argument 'ament_cmake_args' from command line to 'None'
[1.696s] Level 5:colcon.colcon_core.verb:set package 'package_image_process' build argument 'catkin_cmake_args' from command line to 'None'
[1.696s] Level 5:colcon.colcon_core.verb:set package 'package_image_process' build argument 'catkin_skip_building_tests' from command line to 'False'
[1.696s] DEBUG:colcon.colcon_core.verb:Building package 'package_image_process' with the following arguments: {'ament_cmake_args': None, 'build_base': '/home/curry/wilson_proj/ros2-rover-ws/build/package_image_process', 'catkin_cmake_args': None, 'catkin_skip_building_tests': False, 'cmake_args': None, 'cmake_clean_cache': False, 'cmake_clean_first': False, 'cmake_force_configure': False, 'cmake_target': None, 'cmake_target_skip_unavailable': False, 'install_base': '/home/curry/wilson_proj/ros2-rover-ws/install/package_image_process', 'merge_install': False, 'path': '/home/curry/wilson_proj/ros2-rover-ws/src/package_image_process', 'symlink_install': False, 'test_result_base': None}
[1.698s] Level 5:colcon.colcon_core.verb:set package 'package_navigate_route' build argument 'cmake_args' from command line to 'None'
[1.698s] Level 5:colcon.colcon_core.verb:set package 'package_navigate_route' build argument 'cmake_target' from command line to 'None'
[1.698s] Level 5:colcon.colcon_core.verb:set package 'package_navigate_route' build argument 'cmake_target_skip_unavailable' from command line to 'False'
[1.698s] Level 5:colcon.colcon_core.verb:set package 'package_navigate_route' build argument 'cmake_clean_cache' from command line to 'False'
[1.698s] Level 5:colcon.colcon_core.verb:set package 'package_navigate_route' build argument 'cmake_clean_first' from command line to 'False'
[1.698s] Level 5:colcon.colcon_core.verb:set package 'package_navigate_route' build argument 'cmake_force_configure' from command line to 'False'
[1.698s] Level 5:colcon.colcon_core.verb:set package 'package_navigate_route' build argument 'ament_cmake_args' from command line to 'None'
[1.698s] Level 5:colcon.colcon_core.verb:set package 'package_navigate_route' build argument 'catkin_cmake_args' from command line to 'None'
[1.699s] Level 5:colcon.colcon_core.verb:set package 'package_navigate_route' build argument 'catkin_skip_building_tests' from command line to 'False'
[1.699s] DEBUG:colcon.colcon_core.verb:Building package 'package_navigate_route' with the following arguments: {'ament_cmake_args': None, 'build_base': '/home/curry/wilson_proj/ros2-rover-ws/build/package_navigate_route', 'catkin_cmake_args': None, 'catkin_skip_building_tests': False, 'cmake_args': None, 'cmake_clean_cache': False, 'cmake_clean_first': False, 'cmake_force_configure': False, 'cmake_target': None, 'cmake_target_skip_unavailable': False, 'install_base': '/home/curry/wilson_proj/ros2-rover-ws/install/package_navigate_route', 'merge_install': False, 'path': '/home/curry/wilson_proj/ros2-rover-ws/src/package_navigate_route', 'symlink_install': False, 'test_result_base': None}
[1.700s] Level 5:colcon.colcon_core.verb:set package 'package_position_process' build argument 'cmake_args' from command line to 'None'
[1.700s] Level 5:colcon.colcon_core.verb:set package 'package_position_process' build argument 'cmake_target' from command line to 'None'
[1.700s] Level 5:colcon.colcon_core.verb:set package 'package_position_process' build argument 'cmake_target_skip_unavailable' from command line to 'False'
[1.700s] Level 5:colcon.colcon_core.verb:set package 'package_position_process' build argument 'cmake_clean_cache' from command line to 'False'
[1.701s] Level 5:colcon.colcon_core.verb:set package 'package_position_process' build argument 'cmake_clean_first' from command line to 'False'
[1.701s] Level 5:colcon.colcon_core.verb:set package 'package_position_process' build argument 'cmake_force_configure' from command line to 'False'
[1.701s] Level 5:colcon.colcon_core.verb:set package 'package_position_process' build argument 'ament_cmake_args' from command line to 'None'
[1.701s] Level 5:colcon.colcon_core.verb:set package 'package_position_process' build argument 'catkin_cmake_args' from command line to 'None'
[1.701s] Level 5:colcon.colcon_core.verb:set package 'package_position_process' build argument 'catkin_skip_building_tests' from command line to 'False'
[1.701s] DEBUG:colcon.colcon_core.verb:Building package 'package_position_process' with the following arguments: {'ament_cmake_args': None, 'build_base': '/home/curry/wilson_proj/ros2-rover-ws/build/package_position_process', 'catkin_cmake_args': None, 'catkin_skip_building_tests': False, 'cmake_args': None, 'cmake_clean_cache': False, 'cmake_clean_first': False, 'cmake_force_configure': False, 'cmake_target': None, 'cmake_target_skip_unavailable': False, 'install_base': '/home/curry/wilson_proj/ros2-rover-ws/install/package_position_process', 'merge_install': False, 'path': '/home/curry/wilson_proj/ros2-rover-ws/src/package_position_process', 'symlink_install': False, 'test_result_base': None}
[1.702s] Level 5:colcon.colcon_core.verb:set package 'package_rover_control' build argument 'cmake_args' from command line to 'None'
[1.703s] Level 5:colcon.colcon_core.verb:set package 'package_rover_control' build argument 'cmake_target' from command line to 'None'
[1.703s] Level 5:colcon.colcon_core.verb:set package 'package_rover_control' build argument 'cmake_target_skip_unavailable' from command line to 'False'
[1.703s] Level 5:colcon.colcon_core.verb:set package 'package_rover_control' build argument 'cmake_clean_cache' from command line to 'False'
[1.703s] Level 5:colcon.colcon_core.verb:set package 'package_rover_control' build argument 'cmake_clean_first' from command line to 'False'
[1.703s] Level 5:colcon.colcon_core.verb:set package 'package_rover_control' build argument 'cmake_force_configure' from command line to 'False'
[1.703s] Level 5:colcon.colcon_core.verb:set package 'package_rover_control' build argument 'ament_cmake_args' from command line to 'None'
[1.703s] Level 5:colcon.colcon_core.verb:set package 'package_rover_control' build argument 'catkin_cmake_args' from command line to 'None'
[1.703s] Level 5:colcon.colcon_core.verb:set package 'package_rover_control' build argument 'catkin_skip_building_tests' from command line to 'False'
[1.703s] DEBUG:colcon.colcon_core.verb:Building package 'package_rover_control' with the following arguments: {'ament_cmake_args': None, 'build_base': '/home/curry/wilson_proj/ros2-rover-ws/build/package_rover_control', 'catkin_cmake_args': None, 'catkin_skip_building_tests': False, 'cmake_args': None, 'cmake_clean_cache': False, 'cmake_clean_first': False, 'cmake_force_configure': False, 'cmake_target': None, 'cmake_target_skip_unavailable': False, 'install_base': '/home/curry/wilson_proj/ros2-rover-ws/install/package_rover_control', 'merge_install': False, 'path': '/home/curry/wilson_proj/ros2-rover-ws/src/package_rover_control', 'symlink_install': False, 'test_result_base': None}
[1.705s] Level 5:colcon.colcon_core.verb:set package 'package_test' build argument 'cmake_args' from command line to 'None'
[1.705s] Level 5:colcon.colcon_core.verb:set package 'package_test' build argument 'cmake_target' from command line to 'None'
[1.705s] Level 5:colcon.colcon_core.verb:set package 'package_test' build argument 'cmake_target_skip_unavailable' from command line to 'False'
[1.705s] Level 5:colcon.colcon_core.verb:set package 'package_test' build argument 'cmake_clean_cache' from command line to 'False'
[1.705s] Level 5:colcon.colcon_core.verb:set package 'package_test' build argument 'cmake_clean_first' from command line to 'False'
[1.705s] Level 5:colcon.colcon_core.verb:set package 'package_test' build argument 'cmake_force_configure' from command line to 'False'
[1.705s] Level 5:colcon.colcon_core.verb:set package 'package_test' build argument 'ament_cmake_args' from command line to 'None'
[1.706s] Level 5:colcon.colcon_core.verb:set package 'package_test' build argument 'catkin_cmake_args' from command line to 'None'
[1.706s] Level 5:colcon.colcon_core.verb:set package 'package_test' build argument 'catkin_skip_building_tests' from command line to 'False'
[1.706s] DEBUG:colcon.colcon_core.verb:Building package 'package_test' with the following arguments: {'ament_cmake_args': None, 'build_base': '/home/curry/wilson_proj/ros2-rover-ws/build/package_test', 'catkin_cmake_args': None, 'catkin_skip_building_tests': False, 'cmake_args': None, 'cmake_clean_cache': False, 'cmake_clean_first': False, 'cmake_force_configure': False, 'cmake_target': None, 'cmake_target_skip_unavailable': False, 'install_base': '/home/curry/wilson_proj/ros2-rover-ws/install/package_test', 'merge_install': False, 'path': '/home/curry/wilson_proj/ros2-rover-ws/src/package_test', 'symlink_install': False, 'test_result_base': None}
[1.706s] INFO:colcon.colcon_core.executor:Executing jobs using 'parallel' executor
[1.710s] DEBUG:colcon.colcon_parallel_executor.executor.parallel:run_until_complete
[1.711s] INFO:colcon.colcon_ros.task.ament_cmake.build:Building ROS package in '/home/curry/wilson_proj/ros2-rover-ws/src/action_interfaces' with build type 'ament_cmake'
[1.711s] INFO:colcon.colcon_cmake.task.cmake.build:Building CMake package in '/home/curry/wilson_proj/ros2-rover-ws/src/action_interfaces'
[1.720s] INFO:colcon.colcon_core.plugin_system:Skipping extension 'colcon_core.shell.bat': Not used on non-Windows systems
[1.721s] INFO:colcon.colcon_core.shell:Skip shell extension 'powershell' for command environment: Not usable outside of PowerShell
[1.721s] DEBUG:colcon.colcon_core.shell:Skip shell extension 'dsv' for command environment
[1.742s] INFO:colcon.colcon_ros.task.ament_python.build:Building ROS package in '/home/curry/wilson_proj/ros2-rover-ws/src/package_image_process' with build type 'ament_python'
[1.743s] Level 1:colcon.colcon_core.shell:create_environment_hook('package_image_process', 'ament_prefix_path')
[1.744s] INFO:colcon.colcon_core.shell:Creating environment hook '/home/curry/wilson_proj/ros2-rover-ws/install/package_image_process/share/package_image_process/hook/ament_prefix_path.ps1'
[1.748s] INFO:colcon.colcon_core.shell:Creating environment descriptor '/home/curry/wilson_proj/ros2-rover-ws/install/package_image_process/share/package_image_process/hook/ament_prefix_path.dsv'
[1.750s] INFO:colcon.colcon_core.shell:Creating environment hook '/home/curry/wilson_proj/ros2-rover-ws/install/package_image_process/share/package_image_process/hook/ament_prefix_path.sh'
[1.754s] INFO:colcon.colcon_core.shell:Skip shell extension 'powershell' for command environment: Not usable outside of PowerShell
[1.755s] DEBUG:colcon.colcon_core.shell:Skip shell extension 'dsv' for command environment
[1.773s] INFO:colcon.colcon_ros.task.ament_cmake.build:Building ROS package in '/home/curry/wilson_proj/ros2-rover-ws/src/package_navigate_route' with build type 'ament_cmake'
[1.774s] INFO:colcon.colcon_cmake.task.cmake.build:Building CMake package in '/home/curry/wilson_proj/ros2-rover-ws/src/package_navigate_route'
[1.775s] INFO:colcon.colcon_core.shell:Skip shell extension 'powershell' for command environment: Not usable outside of PowerShell
[1.776s] DEBUG:colcon.colcon_core.shell:Skip shell extension 'dsv' for command environment
[1.796s] INFO:colcon.colcon_ros.task.ament_cmake.build:Building ROS package in '/home/curry/wilson_proj/ros2-rover-ws/src/package_position_process' with build type 'ament_cmake'
[1.797s] INFO:colcon.colcon_cmake.task.cmake.build:Building CMake package in '/home/curry/wilson_proj/ros2-rover-ws/src/package_position_process'
[1.798s] INFO:colcon.colcon_core.shell:Skip shell extension 'powershell' for command environment: Not usable outside of PowerShell
[1.799s] DEBUG:colcon.colcon_core.shell:Skip shell extension 'dsv' for command environment
[1.837s] DEBUG:colcon.colcon_core.event_handler.log_command:Invoking command in '/home/curry/wilson_proj/ros2-rover-ws/build/action_interfaces': CMAKE_PREFIX_PATH=${CMAKE_PREFIX_PATH}:/opt/ros/humble /usr/bin/cmake --build /home/curry/wilson_proj/ros2-rover-ws/build/action_interfaces -- -j4 -l4
[3.410s] INFO:colcon.colcon_core.task.python.build:Building Python package in '/home/curry/wilson_proj/ros2-rover-ws/src/package_image_process'
[3.412s] INFO:colcon.colcon_core.shell:Skip shell extension 'powershell' for command environment: Not usable outside of PowerShell
[3.412s] DEBUG:colcon.colcon_core.shell:Skip shell extension 'dsv' for command environment
[3.447s] DEBUG:colcon.colcon_core.event_handler.log_command:Invoking command in '/home/curry/wilson_proj/ros2-rover-ws/build/package_navigate_route': CMAKE_PREFIX_PATH=${CMAKE_PREFIX_PATH}:/opt/ros/humble /usr/bin/cmake --build /home/curry/wilson_proj/ros2-rover-ws/build/package_navigate_route -- -j4 -l4
[3.481s] DEBUG:colcon.colcon_core.event_handler.log_command:Invoking command in '/home/curry/wilson_proj/ros2-rover-ws/build/package_position_process': CMAKE_PREFIX_PATH=${CMAKE_PREFIX_PATH}:/opt/ros/humble /usr/bin/cmake --build /home/curry/wilson_proj/ros2-rover-ws/build/package_position_process -- -j4 -l4
[3.773s] DEBUG:colcon.colcon_core.event_handler.log_command:Invoked command in '/home/curry/wilson_proj/ros2-rover-ws/build/package_navigate_route' returned '0': CMAKE_PREFIX_PATH=${CMAKE_PREFIX_PATH}:/opt/ros/humble /usr/bin/cmake --build /home/curry/wilson_proj/ros2-rover-ws/build/package_navigate_route -- -j4 -l4
[3.796s] DEBUG:colcon.colcon_core.event_handler.log_command:Invoked command in '/home/curry/wilson_proj/ros2-rover-ws/build/package_position_process' returned '0': CMAKE_PREFIX_PATH=${CMAKE_PREFIX_PATH}:/opt/ros/humble /usr/bin/cmake --build /home/curry/wilson_proj/ros2-rover-ws/build/package_position_process -- -j4 -l4
[4.037s] DEBUG:colcon.colcon_core.event_handler.log_command:Invoking command in '/home/curry/wilson_proj/ros2-rover-ws/build/package_navigate_route': CMAKE_PREFIX_PATH=${CMAKE_PREFIX_PATH}:/opt/ros/humble /usr/bin/cmake --install /home/curry/wilson_proj/ros2-rover-ws/build/package_navigate_route
[4.048s] DEBUG:colcon.colcon_core.event_handler.log_command:Invoking command in '/home/curry/wilson_proj/ros2-rover-ws/build/package_position_process': CMAKE_PREFIX_PATH=${CMAKE_PREFIX_PATH}:/opt/ros/humble /usr/bin/cmake --install /home/curry/wilson_proj/ros2-rover-ws/build/package_position_process
[4.097s] Level 1:colcon.colcon_core.environment:create_environment_scripts_only(package_navigate_route)
[4.105s] DEBUG:colcon.colcon_core.event_handler.log_command:Invoked command in '/home/curry/wilson_proj/ros2-rover-ws/build/package_navigate_route' returned '0': CMAKE_PREFIX_PATH=${CMAKE_PREFIX_PATH}:/opt/ros/humble /usr/bin/cmake --install /home/curry/wilson_proj/ros2-rover-ws/build/package_navigate_route
[4.128s] Level 1:colcon.colcon_core.environment:checking '/home/curry/wilson_proj/ros2-rover-ws/install/package_navigate_route' for CMake module files
[4.131s] Level 1:colcon.colcon_core.environment:checking '/home/curry/wilson_proj/ros2-rover-ws/install/package_navigate_route' for CMake config files
[4.133s] Level 1:colcon.colcon_core.shell:create_environment_hook('package_navigate_route', 'cmake_prefix_path')
[4.134s] INFO:colcon.colcon_core.shell:Creating environment hook '/home/curry/wilson_proj/ros2-rover-ws/install/package_navigate_route/share/package_navigate_route/hook/cmake_prefix_path.ps1'
[4.136s] INFO:colcon.colcon_core.shell:Creating environment descriptor '/home/curry/wilson_proj/ros2-rover-ws/install/package_navigate_route/share/package_navigate_route/hook/cmake_prefix_path.dsv'
[4.138s] INFO:colcon.colcon_core.shell:Creating environment hook '/home/curry/wilson_proj/ros2-rover-ws/install/package_navigate_route/share/package_navigate_route/hook/cmake_prefix_path.sh'
[4.141s] Level 1:colcon.colcon_core.environment:checking '/home/curry/wilson_proj/ros2-rover-ws/install/package_navigate_route/lib'
[4.142s] Level 1:colcon.colcon_core.environment:checking '/home/curry/wilson_proj/ros2-rover-ws/install/package_navigate_route/bin'
[4.143s] Level 1:colcon.colcon_core.environment:checking '/home/curry/wilson_proj/ros2-rover-ws/install/package_navigate_route/lib/pkgconfig/package_navigate_route.pc'
[4.144s] Level 1:colcon.colcon_core.environment:checking '/home/curry/wilson_proj/ros2-rover-ws/install/package_navigate_route/lib/python3.10/site-packages'
[4.145s] Level 1:colcon.colcon_core.environment:checking '/home/curry/wilson_proj/ros2-rover-ws/install/package_navigate_route/bin'
[4.146s] INFO:colcon.colcon_core.shell:Creating package script '/home/curry/wilson_proj/ros2-rover-ws/install/package_navigate_route/share/package_navigate_route/package.ps1'
[4.150s] INFO:colcon.colcon_core.shell:Creating package descriptor '/home/curry/wilson_proj/ros2-rover-ws/install/package_navigate_route/share/package_navigate_route/package.dsv'
[4.152s] INFO:colcon.colcon_core.shell:Creating package script '/home/curry/wilson_proj/ros2-rover-ws/install/package_navigate_route/share/package_navigate_route/package.sh'
[4.156s] INFO:colcon.colcon_core.shell:Creating package script '/home/curry/wilson_proj/ros2-rover-ws/install/package_navigate_route/share/package_navigate_route/package.bash'
[4.160s] INFO:colcon.colcon_core.shell:Creating package script '/home/curry/wilson_proj/ros2-rover-ws/install/package_navigate_route/share/package_navigate_route/package.zsh'
[4.163s] Level 1:colcon.colcon_core.environment:create_file_with_runtime_dependencies(/home/curry/wilson_proj/ros2-rover-ws/install/package_navigate_route/share/colcon-core/packages/package_navigate_route)
[4.172s] DEBUG:colcon.colcon_core.event_handler.log_command:Invoked command in '/home/curry/wilson_proj/ros2-rover-ws/build/action_interfaces' returned '0': CMAKE_PREFIX_PATH=${CMAKE_PREFIX_PATH}:/opt/ros/humble /usr/bin/cmake --build /home/curry/wilson_proj/ros2-rover-ws/build/action_interfaces -- -j4 -l4
[4.177s] Level 1:colcon.colcon_core.environment:create_environment_scripts_only(package_position_process)
[4.179s] Level 1:colcon.colcon_core.environment:checking '/home/curry/wilson_proj/ros2-rover-ws/install/package_position_process' for CMake module files
[4.181s] DEBUG:colcon.colcon_core.event_handler.log_command:Invoked command in '/home/curry/wilson_proj/ros2-rover-ws/build/package_position_process' returned '0': CMAKE_PREFIX_PATH=${CMAKE_PREFIX_PATH}:/opt/ros/humble /usr/bin/cmake --install /home/curry/wilson_proj/ros2-rover-ws/build/package_position_process
[4.184s] Level 1:colcon.colcon_core.environment:checking '/home/curry/wilson_proj/ros2-rover-ws/install/package_position_process' for CMake config files
[4.186s] Level 1:colcon.colcon_core.shell:create_environment_hook('package_position_process', 'cmake_prefix_path')
[4.188s] INFO:colcon.colcon_core.shell:Creating environment hook '/home/curry/wilson_proj/ros2-rover-ws/install/package_position_process/share/package_position_process/hook/cmake_prefix_path.ps1'
[4.191s] INFO:colcon.colcon_core.shell:Creating environment descriptor '/home/curry/wilson_proj/ros2-rover-ws/install/package_position_process/share/package_position_process/hook/cmake_prefix_path.dsv'
[4.194s] INFO:colcon.colcon_core.shell:Creating environment hook '/home/curry/wilson_proj/ros2-rover-ws/install/package_position_process/share/package_position_process/hook/cmake_prefix_path.sh'
[4.198s] Level 1:colcon.colcon_core.environment:checking '/home/curry/wilson_proj/ros2-rover-ws/install/package_position_process/lib'
[4.199s] Level 1:colcon.colcon_core.environment:checking '/home/curry/wilson_proj/ros2-rover-ws/install/package_position_process/bin'
[4.199s] Level 1:colcon.colcon_core.environment:checking '/home/curry/wilson_proj/ros2-rover-ws/install/package_position_process/lib/pkgconfig/package_position_process.pc'
[4.201s] Level 1:colcon.colcon_core.environment:checking '/home/curry/wilson_proj/ros2-rover-ws/install/package_position_process/lib/python3.10/site-packages'
[4.202s] Level 1:colcon.colcon_core.environment:checking '/home/curry/wilson_proj/ros2-rover-ws/install/package_position_process/bin'
[4.204s] INFO:colcon.colcon_core.shell:Creating package script '/home/curry/wilson_proj/ros2-rover-ws/install/package_position_process/share/package_position_process/package.ps1'
[4.207s] INFO:colcon.colcon_core.shell:Creating package descriptor '/home/curry/wilson_proj/ros2-rover-ws/install/package_position_process/share/package_position_process/package.dsv'
[4.210s] INFO:colcon.colcon_core.shell:Creating package script '/home/curry/wilson_proj/ros2-rover-ws/install/package_position_process/share/package_position_process/package.sh'
[4.213s] INFO:colcon.colcon_core.shell:Creating package script '/home/curry/wilson_proj/ros2-rover-ws/install/package_position_process/share/package_position_process/package.bash'
[4.216s] INFO:colcon.colcon_core.shell:Creating package script '/home/curry/wilson_proj/ros2-rover-ws/install/package_position_process/share/package_position_process/package.zsh'
[4.218s] Level 1:colcon.colcon_core.environment:create_file_with_runtime_dependencies(/home/curry/wilson_proj/ros2-rover-ws/install/package_position_process/share/colcon-core/packages/package_position_process)
[4.318s] Level 1:colcon.colcon_core.environment:create_environment_scripts_only(package_navigate_route)
[4.320s] Level 1:colcon.colcon_core.environment:checking '/home/curry/wilson_proj/ros2-rover-ws/install/package_navigate_route' for CMake module files
[4.323s] Level 1:colcon.colcon_core.environment:checking '/home/curry/wilson_proj/ros2-rover-ws/install/package_navigate_route' for CMake config files
[4.327s] Level 1:colcon.colcon_core.shell:create_environment_hook('package_navigate_route', 'cmake_prefix_path')
[4.329s] INFO:colcon.colcon_core.shell:Creating environment hook '/home/curry/wilson_proj/ros2-rover-ws/install/package_navigate_route/share/package_navigate_route/hook/cmake_prefix_path.ps1'
[4.332s] INFO:colcon.colcon_core.shell:Creating environment descriptor '/home/curry/wilson_proj/ros2-rover-ws/install/package_navigate_route/share/package_navigate_route/hook/cmake_prefix_path.dsv'
[4.335s] INFO:colcon.colcon_core.shell:Creating environment hook '/home/curry/wilson_proj/ros2-rover-ws/install/package_navigate_route/share/package_navigate_route/hook/cmake_prefix_path.sh'
[4.339s] Level 1:colcon.colcon_core.environment:checking '/home/curry/wilson_proj/ros2-rover-ws/install/package_navigate_route/lib'
[4.339s] Level 1:colcon.colcon_core.environment:checking '/home/curry/wilson_proj/ros2-rover-ws/install/package_navigate_route/bin'
[4.340s] Level 1:colcon.colcon_core.environment:checking '/home/curry/wilson_proj/ros2-rover-ws/install/package_navigate_route/lib/pkgconfig/package_navigate_route.pc'
[4.341s] Level 1:colcon.colcon_core.environment:checking '/home/curry/wilson_proj/ros2-rover-ws/install/package_navigate_route/lib/python3.10/site-packages'
[4.342s] Level 1:colcon.colcon_core.environment:checking '/home/curry/wilson_proj/ros2-rover-ws/install/package_navigate_route/bin'
[4.344s] INFO:colcon.colcon_core.shell:Creating package script '/home/curry/wilson_proj/ros2-rover-ws/install/package_navigate_route/share/package_navigate_route/package.ps1'
[4.347s] INFO:colcon.colcon_core.shell:Creating package descriptor '/home/curry/wilson_proj/ros2-rover-ws/install/package_navigate_route/share/package_navigate_route/package.dsv'
[4.350s] INFO:colcon.colcon_core.shell:Creating package script '/home/curry/wilson_proj/ros2-rover-ws/install/package_navigate_route/share/package_navigate_route/package.sh'
[4.353s] INFO:colcon.colcon_core.shell:Creating package script '/home/curry/wilson_proj/ros2-rover-ws/install/package_navigate_route/share/package_navigate_route/package.bash'
[4.357s] INFO:colcon.colcon_core.shell:Creating package script '/home/curry/wilson_proj/ros2-rover-ws/install/package_navigate_route/share/package_navigate_route/package.zsh'
[4.360s] Level 1:colcon.colcon_core.environment:create_file_with_runtime_dependencies(/home/curry/wilson_proj/ros2-rover-ws/install/package_navigate_route/share/colcon-core/packages/package_navigate_route)
[4.364s] INFO:colcon.colcon_ros.task.ament_cmake.build:Building ROS package in '/home/curry/wilson_proj/ros2-rover-ws/src/package_rover_control' with build type 'ament_cmake'
[4.366s] INFO:colcon.colcon_cmake.task.cmake.build:Building CMake package in '/home/curry/wilson_proj/ros2-rover-ws/src/package_rover_control'
[4.367s] INFO:colcon.colcon_core.shell:Skip shell extension 'powershell' for command environment: Not usable outside of PowerShell
[4.368s] DEBUG:colcon.colcon_core.shell:Skip shell extension 'dsv' for command environment
[4.398s] Level 1:colcon.colcon_core.environment:create_environment_scripts_only(package_position_process)
[4.400s] Level 1:colcon.colcon_core.environment:checking '/home/curry/wilson_proj/ros2-rover-ws/install/package_position_process' for CMake module files
[4.403s] Level 1:colcon.colcon_core.environment:checking '/home/curry/wilson_proj/ros2-rover-ws/install/package_position_process' for CMake config files
[4.406s] Level 1:colcon.colcon_core.shell:create_environment_hook('package_position_process', 'cmake_prefix_path')
[4.407s] INFO:colcon.colcon_core.shell:Creating environment hook '/home/curry/wilson_proj/ros2-rover-ws/install/package_position_process/share/package_position_process/hook/cmake_prefix_path.ps1'
[4.409s] INFO:colcon.colcon_core.shell:Creating environment descriptor '/home/curry/wilson_proj/ros2-rover-ws/install/package_position_process/share/package_position_process/hook/cmake_prefix_path.dsv'
[4.412s] INFO:colcon.colcon_core.shell:Creating environment hook '/home/curry/wilson_proj/ros2-rover-ws/install/package_position_process/share/package_position_process/hook/cmake_prefix_path.sh'
[4.415s] Level 1:colcon.colcon_core.environment:checking '/home/curry/wilson_proj/ros2-rover-ws/install/package_position_process/lib'
[4.415s] Level 1:colcon.colcon_core.environment:checking '/home/curry/wilson_proj/ros2-rover-ws/install/package_position_process/bin'
[4.416s] Level 1:colcon.colcon_core.environment:checking '/home/curry/wilson_proj/ros2-rover-ws/install/package_position_process/lib/pkgconfig/package_position_process.pc'
[4.417s] Level 1:colcon.colcon_core.environment:checking '/home/curry/wilson_proj/ros2-rover-ws/install/package_position_process/lib/python3.10/site-packages'
[4.418s] Level 1:colcon.colcon_core.environment:checking '/home/curry/wilson_proj/ros2-rover-ws/install/package_position_process/bin'
[4.420s] INFO:colcon.colcon_core.shell:Creating package script '/home/curry/wilson_proj/ros2-rover-ws/install/package_position_process/share/package_position_process/package.ps1'
[4.422s] INFO:colcon.colcon_core.shell:Creating package descriptor '/home/curry/wilson_proj/ros2-rover-ws/install/package_position_process/share/package_position_process/package.dsv'
[4.425s] INFO:colcon.colcon_core.shell:Creating package script '/home/curry/wilson_proj/ros2-rover-ws/install/package_position_process/share/package_position_process/package.sh'
[4.429s] INFO:colcon.colcon_core.shell:Creating package script '/home/curry/wilson_proj/ros2-rover-ws/install/package_position_process/share/package_position_process/package.bash'
[4.431s] INFO:colcon.colcon_core.shell:Creating package script '/home/curry/wilson_proj/ros2-rover-ws/install/package_position_process/share/package_position_process/package.zsh'
[4.434s] Level 1:colcon.colcon_core.environment:create_file_with_runtime_dependencies(/home/curry/wilson_proj/ros2-rover-ws/install/package_position_process/share/colcon-core/packages/package_position_process)
[4.438s] INFO:colcon.colcon_ros.task.ament_cmake.build:Building ROS package in '/home/curry/wilson_proj/ros2-rover-ws/src/package_test' with build type 'ament_cmake'
[4.438s] INFO:colcon.colcon_cmake.task.cmake.build:Building CMake package in '/home/curry/wilson_proj/ros2-rover-ws/src/package_test'
[4.439s] INFO:colcon.colcon_core.shell:Skip shell extension 'powershell' for command environment: Not usable outside of PowerShell
[4.440s] DEBUG:colcon.colcon_core.shell:Skip shell extension 'dsv' for command environment
[4.480s] DEBUG:colcon.colcon_core.event_handler.log_command:Invoking command in '/home/curry/wilson_proj/ros2-rover-ws/build/package_rover_control': CMAKE_PREFIX_PATH=${CMAKE_PREFIX_PATH}:/opt/ros/humble /usr/bin/cmake --build /home/curry/wilson_proj/ros2-rover-ws/build/package_rover_control -- -j4 -l4
[4.507s] DEBUG:colcon.colcon_core.event_handler.log_command:Invoking command in '/home/curry/wilson_proj/ros2-rover-ws/build/package_test': CMAKE_PREFIX_PATH=${CMAKE_PREFIX_PATH}:/opt/ros/humble /usr/bin/cmake --build /home/curry/wilson_proj/ros2-rover-ws/build/package_test -- -j4 -l4
[4.607s] DEBUG:colcon.colcon_core.event_handler.log_command:Invoking command in '/home/curry/wilson_proj/ros2-rover-ws/build/action_interfaces': CMAKE_PREFIX_PATH=${CMAKE_PREFIX_PATH}:/opt/ros/humble /usr/bin/cmake --install /home/curry/wilson_proj/ros2-rover-ws/build/action_interfaces
[5.064s] DEBUG:colcon.colcon_core.event_handler.log_command:Invoked command in '/home/curry/wilson_proj/ros2-rover-ws/build/package_rover_control' returned '0': CMAKE_PREFIX_PATH=${CMAKE_PREFIX_PATH}:/opt/ros/humble /usr/bin/cmake --build /home/curry/wilson_proj/ros2-rover-ws/build/package_rover_control -- -j4 -l4
[5.144s] DEBUG:colcon.colcon_core.event_handler.log_command:Invoked command in '/home/curry/wilson_proj/ros2-rover-ws/build/package_test' returned '0': CMAKE_PREFIX_PATH=${CMAKE_PREFIX_PATH}:/opt/ros/humble /usr/bin/cmake --build /home/curry/wilson_proj/ros2-rover-ws/build/package_test -- -j4 -l4
[5.209s] Level 1:colcon.colcon_core.environment:create_environment_scripts_only(action_interfaces)
[5.211s] Level 1:colcon.colcon_core.environment:checking '/home/curry/wilson_proj/ros2-rover-ws/install/action_interfaces' for CMake module files
[5.216s] Level 1:colcon.colcon_core.environment:checking '/home/curry/wilson_proj/ros2-rover-ws/install/action_interfaces' for CMake config files
[5.220s] Level 1:colcon.colcon_core.shell:create_environment_hook('action_interfaces', 'cmake_prefix_path')
[5.222s] INFO:colcon.colcon_core.shell:Creating environment hook '/home/curry/wilson_proj/ros2-rover-ws/install/action_interfaces/share/action_interfaces/hook/cmake_prefix_path.ps1'
[5.225s] DEBUG:colcon.colcon_core.event_handler.log_command:Invoked command in '/home/curry/wilson_proj/ros2-rover-ws/build/action_interfaces' returned '0': CMAKE_PREFIX_PATH=${CMAKE_PREFIX_PATH}:/opt/ros/humble /usr/bin/cmake --install /home/curry/wilson_proj/ros2-rover-ws/build/action_interfaces
[5.227s] INFO:colcon.colcon_core.shell:Creating environment descriptor '/home/curry/wilson_proj/ros2-rover-ws/install/action_interfaces/share/action_interfaces/hook/cmake_prefix_path.dsv'
[5.230s] INFO:colcon.colcon_core.shell:Creating environment hook '/home/curry/wilson_proj/ros2-rover-ws/install/action_interfaces/share/action_interfaces/hook/cmake_prefix_path.sh'
[5.234s] Level 1:colcon.colcon_core.environment:checking '/home/curry/wilson_proj/ros2-rover-ws/install/action_interfaces/lib'
[5.234s] Level 1:colcon.colcon_core.shell:create_environment_hook('action_interfaces', 'ld_library_path_lib')
[5.236s] INFO:colcon.colcon_core.shell:Creating environment hook '/home/curry/wilson_proj/ros2-rover-ws/install/action_interfaces/share/action_interfaces/hook/ld_library_path_lib.ps1'
[5.238s] INFO:colcon.colcon_core.shell:Creating environment descriptor '/home/curry/wilson_proj/ros2-rover-ws/install/action_interfaces/share/action_interfaces/hook/ld_library_path_lib.dsv'
[5.241s] INFO:colcon.colcon_core.shell:Creating environment hook '/home/curry/wilson_proj/ros2-rover-ws/install/action_interfaces/share/action_interfaces/hook/ld_library_path_lib.sh'
[5.244s] Level 1:colcon.colcon_core.environment:checking '/home/curry/wilson_proj/ros2-rover-ws/install/action_interfaces/bin'
[5.244s] Level 1:colcon.colcon_core.environment:checking '/home/curry/wilson_proj/ros2-rover-ws/install/action_interfaces/lib/pkgconfig/action_interfaces.pc'
[5.245s] Level 1:colcon.colcon_core.environment:checking '/home/curry/wilson_proj/ros2-rover-ws/install/action_interfaces/lib/python3.10/site-packages'
[5.246s] Level 1:colcon.colcon_core.shell:create_environment_hook('action_interfaces', 'pythonpath')
[5.247s] INFO:colcon.colcon_core.shell:Creating environment hook '/home/curry/wilson_proj/ros2-rover-ws/install/action_interfaces/share/action_interfaces/hook/pythonpath.ps1'
[5.250s] INFO:colcon.colcon_core.shell:Creating environment descriptor '/home/curry/wilson_proj/ros2-rover-ws/install/action_interfaces/share/action_interfaces/hook/pythonpath.dsv'
[5.252s] INFO:colcon.colcon_core.shell:Creating environment hook '/home/curry/wilson_proj/ros2-rover-ws/install/action_interfaces/share/action_interfaces/hook/pythonpath.sh'
[5.256s] Level 1:colcon.colcon_core.environment:checking '/home/curry/wilson_proj/ros2-rover-ws/install/action_interfaces/bin'
[5.258s] INFO:colcon.colcon_core.shell:Creating package script '/home/curry/wilson_proj/ros2-rover-ws/install/action_interfaces/share/action_interfaces/package.ps1'
[5.261s] INFO:colcon.colcon_core.shell:Creating package descriptor '/home/curry/wilson_proj/ros2-rover-ws/install/action_interfaces/share/action_interfaces/package.dsv'
[5.263s] INFO:colcon.colcon_core.shell:Creating package script '/home/curry/wilson_proj/ros2-rover-ws/install/action_interfaces/share/action_interfaces/package.sh'
[5.266s] INFO:colcon.colcon_core.shell:Creating package script '/home/curry/wilson_proj/ros2-rover-ws/install/action_interfaces/share/action_interfaces/package.bash'
[5.268s] INFO:colcon.colcon_core.shell:Creating package script '/home/curry/wilson_proj/ros2-rover-ws/install/action_interfaces/share/action_interfaces/package.zsh'
[5.271s] Level 1:colcon.colcon_core.environment:create_file_with_runtime_dependencies(/home/curry/wilson_proj/ros2-rover-ws/install/action_interfaces/share/colcon-core/packages/action_interfaces)
[5.311s] DEBUG:colcon.colcon_core.event_handler.log_command:Invoking command in '/home/curry/wilson_proj/ros2-rover-ws/build/package_rover_control': CMAKE_PREFIX_PATH=${CMAKE_PREFIX_PATH}:/opt/ros/humble /usr/bin/cmake --install /home/curry/wilson_proj/ros2-rover-ws/build/package_rover_control
[5.382s] Level 1:colcon.colcon_core.environment:create_environment_scripts_only(package_rover_control)
[5.383s] Level 1:colcon.colcon_core.environment:checking '/home/curry/wilson_proj/ros2-rover-ws/install/package_rover_control' for CMake module files
[5.387s] Level 1:colcon.colcon_core.environment:checking '/home/curry/wilson_proj/ros2-rover-ws/install/package_rover_control' for CMake config files
[5.389s] Level 1:colcon.colcon_core.shell:create_environment_hook('package_rover_control', 'cmake_prefix_path')
[5.390s] INFO:colcon.colcon_core.shell:Creating environment hook '/home/curry/wilson_proj/ros2-rover-ws/install/package_rover_control/share/package_rover_control/hook/cmake_prefix_path.ps1'
[5.393s] DEBUG:colcon.colcon_core.event_handler.log_command:Invoked command in '/home/curry/wilson_proj/ros2-rover-ws/build/package_rover_control' returned '0': CMAKE_PREFIX_PATH=${CMAKE_PREFIX_PATH}:/opt/ros/humble /usr/bin/cmake --install /home/curry/wilson_proj/ros2-rover-ws/build/package_rover_control
[5.395s] INFO:colcon.colcon_core.shell:Creating environment descriptor '/home/curry/wilson_proj/ros2-rover-ws/install/package_rover_control/share/package_rover_control/hook/cmake_prefix_path.dsv'
[5.398s] INFO:colcon.colcon_core.shell:Creating environment hook '/home/curry/wilson_proj/ros2-rover-ws/install/package_rover_control/share/package_rover_control/hook/cmake_prefix_path.sh'
[5.402s] Level 1:colcon.colcon_core.environment:checking '/home/curry/wilson_proj/ros2-rover-ws/install/package_rover_control/lib'
[5.403s] Level 1:colcon.colcon_core.shell:create_environment_hook('package_rover_control', 'ld_library_path_lib')
[5.404s] INFO:colcon.colcon_core.shell:Creating environment hook '/home/curry/wilson_proj/ros2-rover-ws/install/package_rover_control/share/package_rover_control/hook/ld_library_path_lib.ps1'
[5.407s] INFO:colcon.colcon_core.shell:Creating environment descriptor '/home/curry/wilson_proj/ros2-rover-ws/install/package_rover_control/share/package_rover_control/hook/ld_library_path_lib.dsv'
[5.411s] INFO:colcon.colcon_core.shell:Creating environment hook '/home/curry/wilson_proj/ros2-rover-ws/install/package_rover_control/share/package_rover_control/hook/ld_library_path_lib.sh'
[5.414s] Level 1:colcon.colcon_core.environment:checking '/home/curry/wilson_proj/ros2-rover-ws/install/package_rover_control/bin'
[5.415s] Level 1:colcon.colcon_core.environment:checking '/home/curry/wilson_proj/ros2-rover-ws/install/package_rover_control/lib/pkgconfig/package_rover_control.pc'
[5.416s] Level 1:colcon.colcon_core.environment:checking '/home/curry/wilson_proj/ros2-rover-ws/install/package_rover_control/lib/python3.10/site-packages'
[5.417s] Level 1:colcon.colcon_core.environment:checking '/home/curry/wilson_proj/ros2-rover-ws/install/package_rover_control/bin'
[5.419s] INFO:colcon.colcon_core.shell:Creating package script '/home/curry/wilson_proj/ros2-rover-ws/install/package_rover_control/share/package_rover_control/package.ps1'
[5.422s] INFO:colcon.colcon_core.shell:Creating package descriptor '/home/curry/wilson_proj/ros2-rover-ws/install/package_rover_control/share/package_rover_control/package.dsv'
[5.425s] INFO:colcon.colcon_core.shell:Creating package script '/home/curry/wilson_proj/ros2-rover-ws/install/package_rover_control/share/package_rover_control/package.sh'
[5.428s] INFO:colcon.colcon_core.shell:Creating package script '/home/curry/wilson_proj/ros2-rover-ws/install/package_rover_control/share/package_rover_control/package.bash'
[5.433s] INFO:colcon.colcon_core.shell:Creating package script '/home/curry/wilson_proj/ros2-rover-ws/install/package_rover_control/share/package_rover_control/package.zsh'
[5.436s] Level 1:colcon.colcon_core.environment:create_file_with_runtime_dependencies(/home/curry/wilson_proj/ros2-rover-ws/install/package_rover_control/share/colcon-core/packages/package_rover_control)
[5.467s] DEBUG:colcon.colcon_core.event_handler.log_command:Invoking command in '/home/curry/wilson_proj/ros2-rover-ws/build/package_test': CMAKE_PREFIX_PATH=${CMAKE_PREFIX_PATH}:/opt/ros/humble /usr/bin/cmake --install /home/curry/wilson_proj/ros2-rover-ws/build/package_test
[5.527s] Level 1:colcon.colcon_core.environment:create_environment_scripts_only(package_test)
[5.529s] Level 1:colcon.colcon_core.environment:checking '/home/curry/wilson_proj/ros2-rover-ws/install/package_test' for CMake module files
[5.533s] Level 1:colcon.colcon_core.environment:checking '/home/curry/wilson_proj/ros2-rover-ws/install/package_test' for CMake config files
[5.536s] Level 1:colcon.colcon_core.shell:create_environment_hook('package_test', 'cmake_prefix_path')
[5.538s] INFO:colcon.colcon_core.shell:Creating environment hook '/home/curry/wilson_proj/ros2-rover-ws/install/package_test/share/package_test/hook/cmake_prefix_path.ps1'
[5.542s] DEBUG:colcon.colcon_core.event_handler.log_command:Invoked command in '/home/curry/wilson_proj/ros2-rover-ws/build/package_test' returned '0': CMAKE_PREFIX_PATH=${CMAKE_PREFIX_PATH}:/opt/ros/humble /usr/bin/cmake --install /home/curry/wilson_proj/ros2-rover-ws/build/package_test
[5.544s] INFO:colcon.colcon_core.shell:Creating environment descriptor '/home/curry/wilson_proj/ros2-rover-ws/install/package_test/share/package_test/hook/cmake_prefix_path.dsv'
[5.546s] INFO:colcon.colcon_core.shell:Creating environment hook '/home/curry/wilson_proj/ros2-rover-ws/install/package_test/share/package_test/hook/cmake_prefix_path.sh'
[5.550s] Level 1:colcon.colcon_core.environment:checking '/home/curry/wilson_proj/ros2-rover-ws/install/package_test/lib'
[5.550s] Level 1:colcon.colcon_core.environment:checking '/home/curry/wilson_proj/ros2-rover-ws/install/package_test/bin'
[5.551s] Level 1:colcon.colcon_core.environment:checking '/home/curry/wilson_proj/ros2-rover-ws/install/package_test/lib/pkgconfig/package_test.pc'
[5.552s] Level 1:colcon.colcon_core.environment:checking '/home/curry/wilson_proj/ros2-rover-ws/install/package_test/lib/python3.10/site-packages'
[5.553s] Level 1:colcon.colcon_core.environment:checking '/home/curry/wilson_proj/ros2-rover-ws/install/package_test/bin'
[5.555s] INFO:colcon.colcon_core.shell:Creating package script '/home/curry/wilson_proj/ros2-rover-ws/install/package_test/share/package_test/package.ps1'
[5.557s] INFO:colcon.colcon_core.shell:Creating package descriptor '/home/curry/wilson_proj/ros2-rover-ws/install/package_test/share/package_test/package.dsv'
[5.560s] INFO:colcon.colcon_core.shell:Creating package script '/home/curry/wilson_proj/ros2-rover-ws/install/package_test/share/package_test/package.sh'
[5.565s] INFO:colcon.colcon_core.shell:Creating package script '/home/curry/wilson_proj/ros2-rover-ws/install/package_test/share/package_test/package.bash'
[5.568s] INFO:colcon.colcon_core.shell:Creating package script '/home/curry/wilson_proj/ros2-rover-ws/install/package_test/share/package_test/package.zsh'
[5.570s] Level 1:colcon.colcon_core.environment:create_file_with_runtime_dependencies(/home/curry/wilson_proj/ros2-rover-ws/install/package_test/share/colcon-core/packages/package_test)
[5.671s] Level 1:colcon.colcon_core.environment:create_environment_scripts_only(package_rover_control)
[5.673s] Level 1:colcon.colcon_core.environment:checking '/home/curry/wilson_proj/ros2-rover-ws/install/package_rover_control' for CMake module files
[5.677s] Level 1:colcon.colcon_core.environment:checking '/home/curry/wilson_proj/ros2-rover-ws/install/package_rover_control' for CMake config files
[5.678s] Level 1:colcon.colcon_core.shell:create_environment_hook('package_rover_control', 'cmake_prefix_path')
[5.680s] INFO:colcon.colcon_core.shell:Creating environment hook '/home/curry/wilson_proj/ros2-rover-ws/install/package_rover_control/share/package_rover_control/hook/cmake_prefix_path.ps1'
[5.682s] INFO:colcon.colcon_core.shell:Creating environment descriptor '/home/curry/wilson_proj/ros2-rover-ws/install/package_rover_control/share/package_rover_control/hook/cmake_prefix_path.dsv'
[5.687s] INFO:colcon.colcon_core.shell:Creating environment hook '/home/curry/wilson_proj/ros2-rover-ws/install/package_rover_control/share/package_rover_control/hook/cmake_prefix_path.sh'
[5.691s] Level 1:colcon.colcon_core.environment:checking '/home/curry/wilson_proj/ros2-rover-ws/install/package_rover_control/lib'
[5.692s] Level 1:colcon.colcon_core.shell:create_environment_hook('package_rover_control', 'ld_library_path_lib')
[5.693s] INFO:colcon.colcon_core.shell:Creating environment hook '/home/curry/wilson_proj/ros2-rover-ws/install/package_rover_control/share/package_rover_control/hook/ld_library_path_lib.ps1'
[5.695s] INFO:colcon.colcon_core.shell:Creating environment descriptor '/home/curry/wilson_proj/ros2-rover-ws/install/package_rover_control/share/package_rover_control/hook/ld_library_path_lib.dsv'
[5.698s] INFO:colcon.colcon_core.shell:Creating environment hook '/home/curry/wilson_proj/ros2-rover-ws/install/package_rover_control/share/package_rover_control/hook/ld_library_path_lib.sh'
[5.701s] Level 1:colcon.colcon_core.environment:checking '/home/curry/wilson_proj/ros2-rover-ws/install/package_rover_control/bin'
[5.701s] Level 1:colcon.colcon_core.environment:checking '/home/curry/wilson_proj/ros2-rover-ws/install/package_rover_control/lib/pkgconfig/package_rover_control.pc'
[5.702s] Level 1:colcon.colcon_core.environment:checking '/home/curry/wilson_proj/ros2-rover-ws/install/package_rover_control/lib/python3.10/site-packages'
[5.704s] Level 1:colcon.colcon_core.environment:checking '/home/curry/wilson_proj/ros2-rover-ws/install/package_rover_control/bin'
[5.706s] INFO:colcon.colcon_core.shell:Creating package script '/home/curry/wilson_proj/ros2-rover-ws/install/package_rover_control/share/package_rover_control/package.ps1'
[5.710s] INFO:colcon.colcon_core.shell:Creating package descriptor '/home/curry/wilson_proj/ros2-rover-ws/install/package_rover_control/share/package_rover_control/package.dsv'
[5.716s] INFO:colcon.colcon_core.shell:Creating package script '/home/curry/wilson_proj/ros2-rover-ws/install/package_rover_control/share/package_rover_control/package.sh'
[5.721s] INFO:colcon.colcon_core.shell:Creating package script '/home/curry/wilson_proj/ros2-rover-ws/install/package_rover_control/share/package_rover_control/package.bash'
[5.727s] INFO:colcon.colcon_core.shell:Creating package script '/home/curry/wilson_proj/ros2-rover-ws/install/package_rover_control/share/package_rover_control/package.zsh'
[5.731s] Level 1:colcon.colcon_core.environment:create_file_with_runtime_dependencies(/home/curry/wilson_proj/ros2-rover-ws/install/package_rover_control/share/colcon-core/packages/package_rover_control)
[5.741s] Level 1:colcon.colcon_core.environment:create_environment_scripts_only(action_interfaces)
[5.744s] Level 1:colcon.colcon_core.environment:checking '/home/curry/wilson_proj/ros2-rover-ws/install/action_interfaces' for CMake module files
[5.751s] Level 1:colcon.colcon_core.environment:checking '/home/curry/wilson_proj/ros2-rover-ws/install/action_interfaces' for CMake config files
[5.759s] Level 1:colcon.colcon_core.shell:create_environment_hook('action_interfaces', 'cmake_prefix_path')
[5.761s] INFO:colcon.colcon_core.shell:Creating environment hook '/home/curry/wilson_proj/ros2-rover-ws/install/action_interfaces/share/action_interfaces/hook/cmake_prefix_path.ps1'
[5.766s] INFO:colcon.colcon_core.shell:Creating environment descriptor '/home/curry/wilson_proj/ros2-rover-ws/install/action_interfaces/share/action_interfaces/hook/cmake_prefix_path.dsv'
[5.771s] INFO:colcon.colcon_core.shell:Creating environment hook '/home/curry/wilson_proj/ros2-rover-ws/install/action_interfaces/share/action_interfaces/hook/cmake_prefix_path.sh'
[5.776s] Level 1:colcon.colcon_core.environment:checking '/home/curry/wilson_proj/ros2-rover-ws/install/action_interfaces/lib'
[5.777s] Level 1:colcon.colcon_core.shell:create_environment_hook('action_interfaces', 'ld_library_path_lib')
[5.779s] INFO:colcon.colcon_core.shell:Creating environment hook '/home/curry/wilson_proj/ros2-rover-ws/install/action_interfaces/share/action_interfaces/hook/ld_library_path_lib.ps1'
[5.783s] INFO:colcon.colcon_core.shell:Creating environment descriptor '/home/curry/wilson_proj/ros2-rover-ws/install/action_interfaces/share/action_interfaces/hook/ld_library_path_lib.dsv'
[5.787s] INFO:colcon.colcon_core.shell:Creating environment hook '/home/curry/wilson_proj/ros2-rover-ws/install/action_interfaces/share/action_interfaces/hook/ld_library_path_lib.sh'
[5.792s] Level 1:colcon.colcon_core.environment:checking '/home/curry/wilson_proj/ros2-rover-ws/install/action_interfaces/bin'
[5.793s] Level 1:colcon.colcon_core.environment:checking '/home/curry/wilson_proj/ros2-rover-ws/install/action_interfaces/lib/pkgconfig/action_interfaces.pc'
[5.794s] Level 1:colcon.colcon_core.environment:checking '/home/curry/wilson_proj/ros2-rover-ws/install/action_interfaces/lib/python3.10/site-packages'
[5.795s] Level 1:colcon.colcon_core.shell:create_environment_hook('action_interfaces', 'pythonpath')
[5.797s] INFO:colcon.colcon_core.shell:Creating environment hook '/home/curry/wilson_proj/ros2-rover-ws/install/action_interfaces/share/action_interfaces/hook/pythonpath.ps1'
[5.800s] INFO:colcon.colcon_core.shell:Creating environment descriptor '/home/curry/wilson_proj/ros2-rover-ws/install/action_interfaces/share/action_interfaces/hook/pythonpath.dsv'
[5.803s] INFO:colcon.colcon_core.shell:Creating environment hook '/home/curry/wilson_proj/ros2-rover-ws/install/action_interfaces/share/action_interfaces/hook/pythonpath.sh'
[5.808s] Level 1:colcon.colcon_core.environment:checking '/home/curry/wilson_proj/ros2-rover-ws/install/action_interfaces/bin'
[5.810s] INFO:colcon.colcon_core.shell:Creating package script '/home/curry/wilson_proj/ros2-rover-ws/install/action_interfaces/share/action_interfaces/package.ps1'
[5.815s] INFO:colcon.colcon_core.shell:Creating package descriptor '/home/curry/wilson_proj/ros2-rover-ws/install/action_interfaces/share/action_interfaces/package.dsv'
[5.819s] INFO:colcon.colcon_core.shell:Creating package script '/home/curry/wilson_proj/ros2-rover-ws/install/action_interfaces/share/action_interfaces/package.sh'
[5.825s] INFO:colcon.colcon_core.shell:Creating package script '/home/curry/wilson_proj/ros2-rover-ws/install/action_interfaces/share/action_interfaces/package.bash'
[5.830s] INFO:colcon.colcon_core.shell:Creating package script '/home/curry/wilson_proj/ros2-rover-ws/install/action_interfaces/share/action_interfaces/package.zsh'
[5.835s] Level 1:colcon.colcon_core.environment:create_file_with_runtime_dependencies(/home/curry/wilson_proj/ros2-rover-ws/install/action_interfaces/share/colcon-core/packages/action_interfaces)
[5.853s] Level 1:colcon.colcon_core.environment:create_environment_scripts_only(package_test)
[5.854s] Level 1:colcon.colcon_core.environment:checking '/home/curry/wilson_proj/ros2-rover-ws/install/package_test' for CMake module files
[5.858s] Level 1:colcon.colcon_core.environment:checking '/home/curry/wilson_proj/ros2-rover-ws/install/package_test' for CMake config files
[5.861s] Level 1:colcon.colcon_core.shell:create_environment_hook('package_test', 'cmake_prefix_path')
[5.863s] INFO:colcon.colcon_core.shell:Creating environment hook '/home/curry/wilson_proj/ros2-rover-ws/install/package_test/share/package_test/hook/cmake_prefix_path.ps1'
[5.867s] INFO:colcon.colcon_core.shell:Creating environment descriptor '/home/curry/wilson_proj/ros2-rover-ws/install/package_test/share/package_test/hook/cmake_prefix_path.dsv'
[5.870s] INFO:colcon.colcon_core.shell:Creating environment hook '/home/curry/wilson_proj/ros2-rover-ws/install/package_test/share/package_test/hook/cmake_prefix_path.sh'
[5.873s] Level 1:colcon.colcon_core.environment:checking '/home/curry/wilson_proj/ros2-rover-ws/install/package_test/lib'
[5.874s] Level 1:colcon.colcon_core.environment:checking '/home/curry/wilson_proj/ros2-rover-ws/install/package_test/bin'
[5.875s] Level 1:colcon.colcon_core.environment:checking '/home/curry/wilson_proj/ros2-rover-ws/install/package_test/lib/pkgconfig/package_test.pc'
[5.876s] Level 1:colcon.colcon_core.environment:checking '/home/curry/wilson_proj/ros2-rover-ws/install/package_test/lib/python3.10/site-packages'
[5.877s] Level 1:colcon.colcon_core.environment:checking '/home/curry/wilson_proj/ros2-rover-ws/install/package_test/bin'
[5.878s] INFO:colcon.colcon_core.shell:Creating package script '/home/curry/wilson_proj/ros2-rover-ws/install/package_test/share/package_test/package.ps1'
[5.881s] INFO:colcon.colcon_core.shell:Creating package descriptor '/home/curry/wilson_proj/ros2-rover-ws/install/package_test/share/package_test/package.dsv'
[5.883s] INFO:colcon.colcon_core.shell:Creating package script '/home/curry/wilson_proj/ros2-rover-ws/install/package_test/share/package_test/package.sh'
[5.886s] INFO:colcon.colcon_core.shell:Creating package script '/home/curry/wilson_proj/ros2-rover-ws/install/package_test/share/package_test/package.bash'
[5.888s] INFO:colcon.colcon_core.shell:Creating package script '/home/curry/wilson_proj/ros2-rover-ws/install/package_test/share/package_test/package.zsh'
[5.890s] Level 1:colcon.colcon_core.environment:create_file_with_runtime_dependencies(/home/curry/wilson_proj/ros2-rover-ws/install/package_test/share/colcon-core/packages/package_test)
[5.904s] DEBUG:colcon.colcon_core.event_handler.log_command:Invoking command in '/home/curry/wilson_proj/ros2-rover-ws/src/package_image_process': PYTHONPATH=/home/curry/wilson_proj/ros2-rover-ws/build/package_image_process/prefix_override:/usr/lib/python3/dist-packages/colcon_core/task/python/colcon_distutils_commands:/home/curry/wilson_proj/ros2-rover-ws/install/package_image_process/lib/python3.10/site-packages:${PYTHONPATH} /usr/bin/python3 -W ignore:setup.py install is deprecated -W ignore:easy_install command is deprecated setup.py egg_info --egg-base ../../build/package_image_process build --build-base /home/curry/wilson_proj/ros2-rover-ws/build/package_image_process/build install --record /home/curry/wilson_proj/ros2-rover-ws/build/package_image_process/install.log --single-version-externally-managed install_data
[7.237s] Level 1:colcon.colcon_core.environment:checking '/home/curry/wilson_proj/ros2-rover-ws/install/package_image_process' for CMake module files
[7.239s] DEBUG:colcon.colcon_core.event_handler.log_command:Invoked command in '/home/curry/wilson_proj/ros2-rover-ws/src/package_image_process' returned '0': PYTHONPATH=/home/curry/wilson_proj/ros2-rover-ws/build/package_image_process/prefix_override:/usr/lib/python3/dist-packages/colcon_core/task/python/colcon_distutils_commands:/home/curry/wilson_proj/ros2-rover-ws/install/package_image_process/lib/python3.10/site-packages:${PYTHONPATH} /usr/bin/python3 -W ignore:setup.py install is deprecated -W ignore:easy_install command is deprecated setup.py egg_info --egg-base ../../build/package_image_process build --build-base /home/curry/wilson_proj/ros2-rover-ws/build/package_image_process/build install --record /home/curry/wilson_proj/ros2-rover-ws/build/package_image_process/install.log --single-version-externally-managed install_data
[7.242s] Level 1:colcon.colcon_core.environment:checking '/home/curry/wilson_proj/ros2-rover-ws/install/package_image_process' for CMake config files
[7.245s] Level 1:colcon.colcon_core.shell:create_environment_hook('package_image_process', 'cmake_prefix_path')
[7.246s] INFO:colcon.colcon_core.shell:Creating environment hook '/home/curry/wilson_proj/ros2-rover-ws/install/package_image_process/share/package_image_process/hook/cmake_prefix_path.ps1'
[7.248s] INFO:colcon.colcon_core.shell:Creating environment descriptor '/home/curry/wilson_proj/ros2-rover-ws/install/package_image_process/share/package_image_process/hook/cmake_prefix_path.dsv'
[7.250s] INFO:colcon.colcon_core.shell:Creating environment hook '/home/curry/wilson_proj/ros2-rover-ws/install/package_image_process/share/package_image_process/hook/cmake_prefix_path.sh'
[7.253s] Level 1:colcon.colcon_core.environment:checking '/home/curry/wilson_proj/ros2-rover-ws/install/package_image_process/lib'
[7.254s] Level 1:colcon.colcon_core.environment:checking '/home/curry/wilson_proj/ros2-rover-ws/install/package_image_process/bin'
[7.254s] Level 1:colcon.colcon_core.environment:checking '/home/curry/wilson_proj/ros2-rover-ws/install/package_image_process/lib/pkgconfig/package_image_process.pc'
[7.255s] Level 1:colcon.colcon_core.environment:checking '/home/curry/wilson_proj/ros2-rover-ws/install/package_image_process/lib/python3.10/site-packages'
[7.255s] Level 1:colcon.colcon_core.shell:create_environment_hook('package_image_process', 'pythonpath')
[7.256s] INFO:colcon.colcon_core.shell:Creating environment hook '/home/curry/wilson_proj/ros2-rover-ws/install/package_image_process/share/package_image_process/hook/pythonpath.ps1'
[7.258s] INFO:colcon.colcon_core.shell:Creating environment descriptor '/home/curry/wilson_proj/ros2-rover-ws/install/package_image_process/share/package_image_process/hook/pythonpath.dsv'
[7.260s] INFO:colcon.colcon_core.shell:Creating environment hook '/home/curry/wilson_proj/ros2-rover-ws/install/package_image_process/share/package_image_process/hook/pythonpath.sh'
[7.263s] Level 1:colcon.colcon_core.environment:checking '/home/curry/wilson_proj/ros2-rover-ws/install/package_image_process/bin'
[7.263s] Level 1:colcon.colcon_core.environment:create_environment_scripts_only(package_image_process)
[7.265s] INFO:colcon.colcon_core.shell:Creating package script '/home/curry/wilson_proj/ros2-rover-ws/install/package_image_process/share/package_image_process/package.ps1'
[7.267s] INFO:colcon.colcon_core.shell:Creating package descriptor '/home/curry/wilson_proj/ros2-rover-ws/install/package_image_process/share/package_image_process/package.dsv'
[7.270s] INFO:colcon.colcon_core.shell:Creating package script '/home/curry/wilson_proj/ros2-rover-ws/install/package_image_process/share/package_image_process/package.sh'
[7.272s] INFO:colcon.colcon_core.shell:Creating package script '/home/curry/wilson_proj/ros2-rover-ws/install/package_image_process/share/package_image_process/package.bash'
[7.274s] INFO:colcon.colcon_core.shell:Creating package script '/home/curry/wilson_proj/ros2-rover-ws/install/package_image_process/share/package_image_process/package.zsh'
[7.276s] Level 1:colcon.colcon_core.environment:create_file_with_runtime_dependencies(/home/curry/wilson_proj/ros2-rover-ws/install/package_image_process/share/colcon-core/packages/package_image_process)
[7.277s] DEBUG:colcon.colcon_parallel_executor.executor.parallel:closing loop
[7.278s] DEBUG:colcon.colcon_parallel_executor.executor.parallel:loop closed
[7.279s] DEBUG:colcon.colcon_parallel_executor.executor.parallel:run_until_complete finished with '0'
[7.279s] DEBUG:colcon.colcon_core.event_reactor:joining thread
[7.302s] INFO:colcon.colcon_core.plugin_system:Skipping extension 'colcon_notification.desktop_notification.terminal_notifier': Not used on non-Darwin systems
[7.302s] INFO:colcon.colcon_core.plugin_system:Skipping extension 'colcon_notification.desktop_notification.win32': Not used on non-Windows systems
[7.303s] INFO:colcon.colcon_notification.desktop_notification:Sending desktop notification using 'notify2'
[7.307s] DEBUG:colcon.colcon_notification.desktop_notification.notify2:Failed to initialize notify2: org.freedesktop.DBus.Error.ServiceUnknown: The name org.freedesktop.Notifications was not provided by any .service files
[7.308s] DEBUG:colcon.colcon_core.event_reactor:joined thread
[7.309s] INFO:colcon.colcon_core.shell:Creating prefix script '/home/curry/wilson_proj/ros2-rover-ws/install/local_setup.ps1'
[7.313s] INFO:colcon.colcon_core.shell:Creating prefix util module '/home/curry/wilson_proj/ros2-rover-ws/install/_local_setup_util_ps1.py'
[7.320s] INFO:colcon.colcon_core.shell:Creating prefix chain script '/home/curry/wilson_proj/ros2-rover-ws/install/setup.ps1'
[7.326s] INFO:colcon.colcon_core.shell:Creating prefix script '/home/curry/wilson_proj/ros2-rover-ws/install/local_setup.sh'
[7.329s] INFO:colcon.colcon_core.shell:Creating prefix util module '/home/curry/wilson_proj/ros2-rover-ws/install/_local_setup_util_sh.py'
[7.332s] INFO:colcon.colcon_core.shell:Creating prefix chain script '/home/curry/wilson_proj/ros2-rover-ws/install/setup.sh'
[7.339s] INFO:colcon.colcon_core.shell:Creating prefix script '/home/curry/wilson_proj/ros2-rover-ws/install/local_setup.bash'
[7.341s] INFO:colcon.colcon_core.shell:Creating prefix chain script '/home/curry/wilson_proj/ros2-rover-ws/install/setup.bash'
[7.347s] INFO:colcon.colcon_core.shell:Creating prefix script '/home/curry/wilson_proj/ros2-rover-ws/install/local_setup.zsh'
[7.349s] INFO:colcon.colcon_core.shell:Creating prefix chain script '/home/curry/wilson_proj/ros2-rover-ws/install/setup.zsh'
