[0.108s] Invoking command in '/home/curry/wilson_proj/ros2-rover-ws/build/ifaces_position': CMAKE_PREFIX_PATH=/opt/ros/humble /usr/bin/cmake /home/curry/wilson_proj/ros2-rover-ws/src/ifaces_position -DCMAKE_INSTALL_PREFIX=/home/curry/wilson_proj/ros2-rover-ws/install/ifaces_position
[0.175s] -- Found ament_cmake: 1.3.11 (/opt/ros/humble/share/ament_cmake/cmake)
[1.573s] -- Found std_msgs: 4.2.4 (/opt/ros/humble/share/std_msgs/cmake)
[1.926s] -- Found rosidl_generator_c: 3.1.6 (/opt/ros/humble/share/rosidl_generator_c/cmake)
[1.968s] -- Found rosidl_adapter: 3.1.6 (/opt/ros/humble/share/rosidl_adapter/cmake)
[2.032s] -- Found rosidl_generator_cpp: 3.1.6 (/opt/ros/humble/share/rosidl_generator_cpp/cmake)
[2.131s] -- Using all available rosidl_typesupport_c: rosidl_typesupport_fastrtps_c;rosidl_typesupport_introspection_c
[2.255s] -- Using all available rosidl_typesupport_cpp: rosidl_typesupport_fastrtps_cpp;rosidl_typesupport_introspection_cpp
[2.422s] -- Found rosidl_default_generators: 1.2.0 (/opt/ros/humble/share/rosidl_default_generators/cmake)
[4.251s] -- Found ament_cmake_ros: 0.10.0 (/opt/ros/humble/share/ament_cmake_ros/cmake)
[6.127s] -- Using all available rosidl_typesupport_c: rosidl_typesupport_fastrtps_c;rosidl_typesupport_introspection_c
[7.198s] -- Using all available rosidl_typesupport_cpp: rosidl_typesupport_fastrtps_cpp;rosidl_typesupport_introspection_cpp
[7.358s] -- Found PythonInterp: /usr/bin/python3 (found suitable version "3.10.12", minimum required is "3.6") 
[7.381s] -- Found python_cmake_module: 0.10.0 (/opt/ros/humble/share/python_cmake_module/cmake)
[7.752s] -- Found PythonLibs: /usr/lib/aarch64-linux-gnu/libpython3.10.so (found suitable version "3.10.12", minimum required is "3.5") 
[7.753s] -- Using PYTHON_EXECUTABLE: /usr/bin/python3
[7.754s] -- Using PYTHON_INCLUDE_DIRS: /usr/include/python3.10
[7.754s] -- Using PYTHON_LIBRARIES: /usr/lib/aarch64-linux-gnu/libpython3.10.so
[7.895s] -- Found PythonExtra: .so  
[8.200s] -- Found ament_lint_auto: 0.12.11 (/opt/ros/humble/share/ament_lint_auto/cmake)
[8.409s] -- Added test 'lint_cmake' to check CMake code style
[8.422s] -- Added test 'xmllint' to check XML markup files
[8.447s] -- Configuring done
[8.813s] -- Generating done
[8.931s] -- Build files have been written to: /home/curry/wilson_proj/ros2-rover-ws/build/ifaces_position
[8.978s] Invoked command in '/home/curry/wilson_proj/ros2-rover-ws/build/ifaces_position' returned '0': CMAKE_PREFIX_PATH=/opt/ros/humble /usr/bin/cmake /home/curry/wilson_proj/ros2-rover-ws/src/ifaces_position -DCMAKE_INSTALL_PREFIX=/home/curry/wilson_proj/ros2-rover-ws/install/ifaces_position
[8.987s] Invoking command in '/home/curry/wilson_proj/ros2-rover-ws/build/ifaces_position': CMAKE_PREFIX_PATH=/opt/ros/humble /usr/bin/cmake --build /home/curry/wilson_proj/ros2-rover-ws/build/ifaces_position -- -j4 -l4
[9.230s] [  2%] [34m[1mGenerating C code for ROS interfaces[0m
[9.304s] [  5%] [34m[1mGenerating C++ code for ROS interfaces[0m
[9.456s] [  5%] Built target ament_cmake_python_copy_ifaces_position
[11.356s] running egg_info
[11.359s] creating ifaces_position.egg-info
[11.360s] writing ifaces_position.egg-info/PKG-INFO
[11.361s] writing dependency_links to ifaces_position.egg-info/dependency_links.txt
[11.362s] writing top-level names to ifaces_position.egg-info/top_level.txt
[11.363s] writing manifest file 'ifaces_position.egg-info/SOURCES.txt'
[11.372s] reading manifest file 'ifaces_position.egg-info/SOURCES.txt'
[11.375s] writing manifest file 'ifaces_position.egg-info/SOURCES.txt'
[11.547s] [  5%] Built target ament_cmake_python_build_ifaces_position_egg
[11.804s] [  7%] [32mBuilding C object CMakeFiles/ifaces_position__rosidl_generator_c.dir/rosidl_generator_c/ifaces_position/msg/detail/gnss_data__functions.c.o[0m
[11.823s] [ 10%] [32mBuilding C object CMakeFiles/ifaces_position__rosidl_generator_c.dir/rosidl_generator_c/ifaces_position/srv/detail/des_data__functions.c.o[0m
[11.891s] [ 10%] Built target ifaces_position__cpp
[11.934s] [ 12%] [34m[1mGenerating C++ type support dispatch for ROS interfaces[0m
[11.937s] [ 15%] [34m[1mGenerating C++ type support for eProsima Fast-RTPS[0m
[12.099s] [ 17%] [34m[1mGenerating C++ introspection for ROS interfaces[0m
[12.176s] [ 20%] [32m[1mLinking C shared library libifaces_position__rosidl_generator_c.so[0m
[12.394s] [ 20%] Built target ifaces_position__rosidl_generator_c
[12.448s] [ 23%] [34m[1mGenerating C type support for eProsima Fast-RTPS[0m
[13.353s] [ 25%] [32mBuilding CXX object CMakeFiles/ifaces_position__rosidl_typesupport_cpp.dir/rosidl_typesupport_cpp/ifaces_position/msg/gnss_data__type_support.cpp.o[0m
[13.682s] [ 28%] [32mBuilding CXX object CMakeFiles/ifaces_position__rosidl_typesupport_fastrtps_cpp.dir/rosidl_typesupport_fastrtps_cpp/ifaces_position/msg/detail/dds_fastrtps/gnss_data__type_support.cpp.o[0m
[13.752s] [ 30%] [32mBuilding CXX object CMakeFiles/ifaces_position__rosidl_typesupport_introspection_cpp.dir/rosidl_typesupport_introspection_cpp/ifaces_position/msg/detail/gnss_data__type_support.cpp.o[0m
[14.168s] [ 33%] [32mBuilding CXX object CMakeFiles/ifaces_position__rosidl_typesupport_fastrtps_c.dir/rosidl_typesupport_fastrtps_c/ifaces_position/msg/detail/gnss_data__type_support_c.cpp.o[0m
[15.014s] [ 35%] [32mBuilding CXX object CMakeFiles/ifaces_position__rosidl_typesupport_cpp.dir/rosidl_typesupport_cpp/ifaces_position/srv/des_data__type_support.cpp.o[0m
[16.067s] [ 38%] [32mBuilding CXX object CMakeFiles/ifaces_position__rosidl_typesupport_introspection_cpp.dir/rosidl_typesupport_introspection_cpp/ifaces_position/srv/detail/des_data__type_support.cpp.o[0m
[16.139s] [ 41%] [32mBuilding CXX object CMakeFiles/ifaces_position__rosidl_typesupport_fastrtps_cpp.dir/rosidl_typesupport_fastrtps_cpp/ifaces_position/srv/detail/dds_fastrtps/des_data__type_support.cpp.o[0m
[16.304s] [ 43%] [32mBuilding CXX object CMakeFiles/ifaces_position__rosidl_typesupport_fastrtps_c.dir/rosidl_typesupport_fastrtps_c/ifaces_position/srv/detail/des_data__type_support_c.cpp.o[0m
[16.723s] [ 46%] [32m[1mLinking CXX shared library libifaces_position__rosidl_typesupport_cpp.so[0m
[16.938s] [ 46%] Built target ifaces_position__rosidl_typesupport_cpp
[16.998s] [ 48%] [34m[1mGenerating C introspection for ROS interfaces[0m
[18.412s] [ 51%] [32m[1mLinking CXX shared library libifaces_position__rosidl_typesupport_introspection_cpp.so[0m
[18.491s] [ 53%] [32m[1mLinking CXX shared library libifaces_position__rosidl_typesupport_fastrtps_c.so[0m
[18.771s] [ 56%] [32m[1mLinking CXX shared library libifaces_position__rosidl_typesupport_fastrtps_cpp.so[0m
[18.803s] [ 56%] Built target ifaces_position__rosidl_typesupport_introspection_cpp
[18.857s] [ 58%] [34m[1mGenerating C type support dispatch for ROS interfaces[0m
[18.935s] [ 58%] Built target ifaces_position__rosidl_typesupport_fastrtps_c
[18.972s] [ 61%] [32mBuilding C object CMakeFiles/ifaces_position__rosidl_typesupport_introspection_c.dir/rosidl_typesupport_introspection_c/ifaces_position/msg/detail/gnss_data__type_support.c.o[0m
[18.987s] [ 64%] [32mBuilding C object CMakeFiles/ifaces_position__rosidl_typesupport_introspection_c.dir/rosidl_typesupport_introspection_c/ifaces_position/srv/detail/des_data__type_support.c.o[0m
[19.158s] [ 64%] Built target ifaces_position__rosidl_typesupport_fastrtps_cpp
[19.212s] [ 66%] [32m[1mLinking C shared library libifaces_position__rosidl_typesupport_introspection_c.so[0m
[19.343s] [ 66%] Built target ifaces_position__rosidl_typesupport_introspection_c
[20.049s] [ 69%] [32mBuilding CXX object CMakeFiles/ifaces_position__rosidl_typesupport_c.dir/rosidl_typesupport_c/ifaces_position/msg/gnss_data__type_support.cpp.o[0m
[20.051s] [ 71%] [32mBuilding CXX object CMakeFiles/ifaces_position__rosidl_typesupport_c.dir/rosidl_typesupport_c/ifaces_position/srv/des_data__type_support.cpp.o[0m
[20.209s] [ 74%] [32m[1mLinking CXX shared library libifaces_position__rosidl_typesupport_c.so[0m
[20.367s] [ 74%] Built target ifaces_position__rosidl_typesupport_c
[20.450s] [ 74%] Built target ifaces_position
[20.536s] [ 76%] [34m[1mGenerating Python code for ROS interfaces[0m
[22.380s] [ 76%] Built target ifaces_position__py
[22.463s] [ 79%] [32mBuilding C object CMakeFiles/ifaces_position__rosidl_generator_py.dir/rosidl_generator_py/ifaces_position/msg/_gnss_data_s.c.o[0m
[22.464s] [ 82%] [32mBuilding C object CMakeFiles/ifaces_position__rosidl_generator_py.dir/rosidl_generator_py/ifaces_position/srv/_des_data_s.c.o[0m
[22.996s] [ 84%] [32m[1mLinking C shared library rosidl_generator_py/ifaces_position/libifaces_position__rosidl_generator_py.so[0m
[23.184s] [ 84%] Built target ifaces_position__rosidl_generator_py
[23.272s] [ 87%] [32mBuilding C object CMakeFiles/ifaces_position__rosidl_typesupport_fastrtps_c__pyext.dir/rosidl_generator_py/ifaces_position/_ifaces_position_s.ep.rosidl_typesupport_fastrtps_c.c.o[0m
[23.273s] [ 92%] [32mBuilding C object CMakeFiles/ifaces_position__rosidl_typesupport_introspection_c__pyext.dir/rosidl_generator_py/ifaces_position/_ifaces_position_s.ep.rosidl_typesupport_introspection_c.c.o[0m
[23.274s] [ 92%] [32mBuilding C object CMakeFiles/ifaces_position__rosidl_typesupport_c__pyext.dir/rosidl_generator_py/ifaces_position/_ifaces_position_s.ep.rosidl_typesupport_c.c.o[0m
[23.841s] [ 97%] [32m[1mLinking C shared library rosidl_generator_py/ifaces_position/ifaces_position_s__rosidl_typesupport_c.cpython-310-aarch64-linux-gnu.so[0m
[23.842s] [ 97%] [32m[1mLinking C shared library rosidl_generator_py/ifaces_position/ifaces_position_s__rosidl_typesupport_fastrtps_c.cpython-310-aarch64-linux-gnu.so[0m
[23.847s] [100%] [32m[1mLinking C shared library rosidl_generator_py/ifaces_position/ifaces_position_s__rosidl_typesupport_introspection_c.cpython-310-aarch64-linux-gnu.so[0m
[24.094s] [100%] Built target ifaces_position__rosidl_typesupport_c__pyext
[24.100s] [100%] Built target ifaces_position__rosidl_typesupport_fastrtps_c__pyext
[24.104s] [100%] Built target ifaces_position__rosidl_typesupport_introspection_c__pyext
[24.146s] Invoked command in '/home/curry/wilson_proj/ros2-rover-ws/build/ifaces_position' returned '0': CMAKE_PREFIX_PATH=/opt/ros/humble /usr/bin/cmake --build /home/curry/wilson_proj/ros2-rover-ws/build/ifaces_position -- -j4 -l4
[24.155s] Invoking command in '/home/curry/wilson_proj/ros2-rover-ws/build/ifaces_position': CMAKE_PREFIX_PATH=/opt/ros/humble /usr/bin/cmake --install /home/curry/wilson_proj/ros2-rover-ws/build/ifaces_position
[24.185s] -- Install configuration: ""
[24.186s] -- Installing: /home/curry/wilson_proj/ros2-rover-ws/install/ifaces_position/share/ament_index/resource_index/rosidl_interfaces/ifaces_position
[24.188s] -- Installing: /home/curry/wilson_proj/ros2-rover-ws/install/ifaces_position/include/ifaces_position/ifaces_position
[24.188s] -- Installing: /home/curry/wilson_proj/ros2-rover-ws/install/ifaces_position/include/ifaces_position/ifaces_position/msg
[24.189s] -- Installing: /home/curry/wilson_proj/ros2-rover-ws/install/ifaces_position/include/ifaces_position/ifaces_position/msg/gnss_data.h
[24.190s] -- Installing: /home/curry/wilson_proj/ros2-rover-ws/install/ifaces_position/include/ifaces_position/ifaces_position/msg/detail
[24.191s] -- Installing: /home/curry/wilson_proj/ros2-rover-ws/install/ifaces_position/include/ifaces_position/ifaces_position/msg/detail/gnss_data__functions.h
[24.192s] -- Installing: /home/curry/wilson_proj/ros2-rover-ws/install/ifaces_position/include/ifaces_position/ifaces_position/msg/detail/gnss_data__functions.c
[24.193s] -- Installing: /home/curry/wilson_proj/ros2-rover-ws/install/ifaces_position/include/ifaces_position/ifaces_position/msg/detail/gnss_data__type_support.h
[24.194s] -- Installing: /home/curry/wilson_proj/ros2-rover-ws/install/ifaces_position/include/ifaces_position/ifaces_position/msg/detail/gnss_data__struct.h
[24.196s] -- Installing: /home/curry/wilson_proj/ros2-rover-ws/install/ifaces_position/include/ifaces_position/ifaces_position/msg/rosidl_generator_c__visibility_control.h
[24.197s] -- Installing: /home/curry/wilson_proj/ros2-rover-ws/install/ifaces_position/include/ifaces_position/ifaces_position/srv
[24.197s] -- Installing: /home/curry/wilson_proj/ros2-rover-ws/install/ifaces_position/include/ifaces_position/ifaces_position/srv/detail
[24.198s] -- Installing: /home/curry/wilson_proj/ros2-rover-ws/install/ifaces_position/include/ifaces_position/ifaces_position/srv/detail/des_data__functions.h
[24.199s] -- Installing: /home/curry/wilson_proj/ros2-rover-ws/install/ifaces_position/include/ifaces_position/ifaces_position/srv/detail/des_data__struct.h
[24.200s] -- Installing: /home/curry/wilson_proj/ros2-rover-ws/install/ifaces_position/include/ifaces_position/ifaces_position/srv/detail/des_data__type_support.h
[24.202s] -- Installing: /home/curry/wilson_proj/ros2-rover-ws/install/ifaces_position/include/ifaces_position/ifaces_position/srv/detail/des_data__functions.c
[24.203s] -- Installing: /home/curry/wilson_proj/ros2-rover-ws/install/ifaces_position/include/ifaces_position/ifaces_position/srv/des_data.h
[24.205s] -- Installing: /home/curry/wilson_proj/ros2-rover-ws/install/ifaces_position/share/ifaces_position/environment/library_path.sh
[24.206s] -- Installing: /home/curry/wilson_proj/ros2-rover-ws/install/ifaces_position/share/ifaces_position/environment/library_path.dsv
[24.207s] -- Installing: /home/curry/wilson_proj/ros2-rover-ws/install/ifaces_position/lib/libifaces_position__rosidl_generator_c.so
[24.210s] -- Set runtime path of "/home/curry/wilson_proj/ros2-rover-ws/install/ifaces_position/lib/libifaces_position__rosidl_generator_c.so" to ""
[24.210s] -- Up-to-date: /home/curry/wilson_proj/ros2-rover-ws/install/ifaces_position/include/ifaces_position/ifaces_position
[24.211s] -- Up-to-date: /home/curry/wilson_proj/ros2-rover-ws/install/ifaces_position/include/ifaces_position/ifaces_position/msg
[24.211s] -- Up-to-date: /home/curry/wilson_proj/ros2-rover-ws/install/ifaces_position/include/ifaces_position/ifaces_position/msg/detail
[24.212s] -- Installing: /home/curry/wilson_proj/ros2-rover-ws/install/ifaces_position/include/ifaces_position/ifaces_position/msg/detail/gnss_data__rosidl_typesupport_fastrtps_c.h
[24.213s] -- Installing: /home/curry/wilson_proj/ros2-rover-ws/install/ifaces_position/include/ifaces_position/ifaces_position/msg/rosidl_typesupport_fastrtps_c__visibility_control.h
[24.214s] -- Up-to-date: /home/curry/wilson_proj/ros2-rover-ws/install/ifaces_position/include/ifaces_position/ifaces_position/srv
[24.214s] -- Up-to-date: /home/curry/wilson_proj/ros2-rover-ws/install/ifaces_position/include/ifaces_position/ifaces_position/srv/detail
[24.215s] -- Installing: /home/curry/wilson_proj/ros2-rover-ws/install/ifaces_position/include/ifaces_position/ifaces_position/srv/detail/des_data__rosidl_typesupport_fastrtps_c.h
[24.217s] -- Installing: /home/curry/wilson_proj/ros2-rover-ws/install/ifaces_position/lib/libifaces_position__rosidl_typesupport_fastrtps_c.so
[24.219s] -- Set runtime path of "/home/curry/wilson_proj/ros2-rover-ws/install/ifaces_position/lib/libifaces_position__rosidl_typesupport_fastrtps_c.so" to ""
[24.220s] -- Up-to-date: /home/curry/wilson_proj/ros2-rover-ws/install/ifaces_position/include/ifaces_position/ifaces_position
[24.220s] -- Up-to-date: /home/curry/wilson_proj/ros2-rover-ws/install/ifaces_position/include/ifaces_position/ifaces_position/msg
[24.220s] -- Installing: /home/curry/wilson_proj/ros2-rover-ws/install/ifaces_position/include/ifaces_position/ifaces_position/msg/rosidl_generator_cpp__visibility_control.hpp
[24.221s] -- Up-to-date: /home/curry/wilson_proj/ros2-rover-ws/install/ifaces_position/include/ifaces_position/ifaces_position/msg/detail
[24.222s] -- Installing: /home/curry/wilson_proj/ros2-rover-ws/install/ifaces_position/include/ifaces_position/ifaces_position/msg/detail/gnss_data__traits.hpp
[24.223s] -- Installing: /home/curry/wilson_proj/ros2-rover-ws/install/ifaces_position/include/ifaces_position/ifaces_position/msg/detail/gnss_data__builder.hpp
[24.224s] -- Installing: /home/curry/wilson_proj/ros2-rover-ws/install/ifaces_position/include/ifaces_position/ifaces_position/msg/detail/gnss_data__struct.hpp
[24.226s] -- Installing: /home/curry/wilson_proj/ros2-rover-ws/install/ifaces_position/include/ifaces_position/ifaces_position/msg/detail/gnss_data__type_support.hpp
[24.227s] -- Installing: /home/curry/wilson_proj/ros2-rover-ws/install/ifaces_position/include/ifaces_position/ifaces_position/msg/gnss_data.hpp
[24.228s] -- Up-to-date: /home/curry/wilson_proj/ros2-rover-ws/install/ifaces_position/include/ifaces_position/ifaces_position/srv
[24.228s] -- Installing: /home/curry/wilson_proj/ros2-rover-ws/install/ifaces_position/include/ifaces_position/ifaces_position/srv/des_data.hpp
[24.229s] -- Up-to-date: /home/curry/wilson_proj/ros2-rover-ws/install/ifaces_position/include/ifaces_position/ifaces_position/srv/detail
[24.230s] -- Installing: /home/curry/wilson_proj/ros2-rover-ws/install/ifaces_position/include/ifaces_position/ifaces_position/srv/detail/des_data__traits.hpp
[24.231s] -- Installing: /home/curry/wilson_proj/ros2-rover-ws/install/ifaces_position/include/ifaces_position/ifaces_position/srv/detail/des_data__struct.hpp
[24.232s] -- Installing: /home/curry/wilson_proj/ros2-rover-ws/install/ifaces_position/include/ifaces_position/ifaces_position/srv/detail/des_data__builder.hpp
[24.233s] -- Installing: /home/curry/wilson_proj/ros2-rover-ws/install/ifaces_position/include/ifaces_position/ifaces_position/srv/detail/des_data__type_support.hpp
[24.235s] -- Up-to-date: /home/curry/wilson_proj/ros2-rover-ws/install/ifaces_position/include/ifaces_position/ifaces_position
[24.235s] -- Up-to-date: /home/curry/wilson_proj/ros2-rover-ws/install/ifaces_position/include/ifaces_position/ifaces_position/msg
[24.235s] -- Up-to-date: /home/curry/wilson_proj/ros2-rover-ws/install/ifaces_position/include/ifaces_position/ifaces_position/msg/detail
[24.236s] -- Installing: /home/curry/wilson_proj/ros2-rover-ws/install/ifaces_position/include/ifaces_position/ifaces_position/msg/detail/dds_fastrtps
[24.237s] -- Installing: /home/curry/wilson_proj/ros2-rover-ws/install/ifaces_position/include/ifaces_position/ifaces_position/msg/detail/gnss_data__rosidl_typesupport_fastrtps_cpp.hpp
[24.238s] -- Installing: /home/curry/wilson_proj/ros2-rover-ws/install/ifaces_position/include/ifaces_position/ifaces_position/msg/rosidl_typesupport_fastrtps_cpp__visibility_control.h
[24.239s] -- Up-to-date: /home/curry/wilson_proj/ros2-rover-ws/install/ifaces_position/include/ifaces_position/ifaces_position/srv
[24.239s] -- Up-to-date: /home/curry/wilson_proj/ros2-rover-ws/install/ifaces_position/include/ifaces_position/ifaces_position/srv/detail
[24.240s] -- Installing: /home/curry/wilson_proj/ros2-rover-ws/install/ifaces_position/include/ifaces_position/ifaces_position/srv/detail/dds_fastrtps
[24.241s] -- Installing: /home/curry/wilson_proj/ros2-rover-ws/install/ifaces_position/include/ifaces_position/ifaces_position/srv/detail/des_data__rosidl_typesupport_fastrtps_cpp.hpp
[24.243s] -- Installing: /home/curry/wilson_proj/ros2-rover-ws/install/ifaces_position/lib/libifaces_position__rosidl_typesupport_fastrtps_cpp.so
[24.246s] -- Set runtime path of "/home/curry/wilson_proj/ros2-rover-ws/install/ifaces_position/lib/libifaces_position__rosidl_typesupport_fastrtps_cpp.so" to ""
[24.246s] -- Up-to-date: /home/curry/wilson_proj/ros2-rover-ws/install/ifaces_position/include/ifaces_position/ifaces_position
[24.246s] -- Up-to-date: /home/curry/wilson_proj/ros2-rover-ws/install/ifaces_position/include/ifaces_position/ifaces_position/msg
[24.247s] -- Installing: /home/curry/wilson_proj/ros2-rover-ws/install/ifaces_position/include/ifaces_position/ifaces_position/msg/rosidl_typesupport_introspection_c__visibility_control.h
[24.248s] -- Up-to-date: /home/curry/wilson_proj/ros2-rover-ws/install/ifaces_position/include/ifaces_position/ifaces_position/msg/detail
[24.248s] -- Installing: /home/curry/wilson_proj/ros2-rover-ws/install/ifaces_position/include/ifaces_position/ifaces_position/msg/detail/gnss_data__type_support.c
[24.250s] -- Installing: /home/curry/wilson_proj/ros2-rover-ws/install/ifaces_position/include/ifaces_position/ifaces_position/msg/detail/gnss_data__rosidl_typesupport_introspection_c.h
[24.251s] -- Up-to-date: /home/curry/wilson_proj/ros2-rover-ws/install/ifaces_position/include/ifaces_position/ifaces_position/srv
[24.251s] -- Up-to-date: /home/curry/wilson_proj/ros2-rover-ws/install/ifaces_position/include/ifaces_position/ifaces_position/srv/detail
[24.252s] -- Installing: /home/curry/wilson_proj/ros2-rover-ws/install/ifaces_position/include/ifaces_position/ifaces_position/srv/detail/des_data__rosidl_typesupport_introspection_c.h
[24.253s] -- Installing: /home/curry/wilson_proj/ros2-rover-ws/install/ifaces_position/include/ifaces_position/ifaces_position/srv/detail/des_data__type_support.c
[24.255s] -- Installing: /home/curry/wilson_proj/ros2-rover-ws/install/ifaces_position/lib/libifaces_position__rosidl_typesupport_introspection_c.so
[24.257s] -- Set runtime path of "/home/curry/wilson_proj/ros2-rover-ws/install/ifaces_position/lib/libifaces_position__rosidl_typesupport_introspection_c.so" to ""
[24.258s] -- Installing: /home/curry/wilson_proj/ros2-rover-ws/install/ifaces_position/lib/libifaces_position__rosidl_typesupport_c.so
[24.260s] -- Set runtime path of "/home/curry/wilson_proj/ros2-rover-ws/install/ifaces_position/lib/libifaces_position__rosidl_typesupport_c.so" to ""
[24.260s] -- Up-to-date: /home/curry/wilson_proj/ros2-rover-ws/install/ifaces_position/include/ifaces_position/ifaces_position
[24.261s] -- Up-to-date: /home/curry/wilson_proj/ros2-rover-ws/install/ifaces_position/include/ifaces_position/ifaces_position/msg
[24.261s] -- Up-to-date: /home/curry/wilson_proj/ros2-rover-ws/install/ifaces_position/include/ifaces_position/ifaces_position/msg/detail
[24.261s] -- Installing: /home/curry/wilson_proj/ros2-rover-ws/install/ifaces_position/include/ifaces_position/ifaces_position/msg/detail/gnss_data__type_support.cpp
[24.263s] -- Installing: /home/curry/wilson_proj/ros2-rover-ws/install/ifaces_position/include/ifaces_position/ifaces_position/msg/detail/gnss_data__rosidl_typesupport_introspection_cpp.hpp
[24.264s] -- Up-to-date: /home/curry/wilson_proj/ros2-rover-ws/install/ifaces_position/include/ifaces_position/ifaces_position/srv
[24.264s] -- Up-to-date: /home/curry/wilson_proj/ros2-rover-ws/install/ifaces_position/include/ifaces_position/ifaces_position/srv/detail
[24.265s] -- Installing: /home/curry/wilson_proj/ros2-rover-ws/install/ifaces_position/include/ifaces_position/ifaces_position/srv/detail/des_data__rosidl_typesupport_introspection_cpp.hpp
[24.266s] -- Installing: /home/curry/wilson_proj/ros2-rover-ws/install/ifaces_position/include/ifaces_position/ifaces_position/srv/detail/des_data__type_support.cpp
[24.268s] -- Installing: /home/curry/wilson_proj/ros2-rover-ws/install/ifaces_position/lib/libifaces_position__rosidl_typesupport_introspection_cpp.so
[24.270s] -- Set runtime path of "/home/curry/wilson_proj/ros2-rover-ws/install/ifaces_position/lib/libifaces_position__rosidl_typesupport_introspection_cpp.so" to ""
[24.271s] -- Installing: /home/curry/wilson_proj/ros2-rover-ws/install/ifaces_position/lib/libifaces_position__rosidl_typesupport_cpp.so
[24.273s] -- Set runtime path of "/home/curry/wilson_proj/ros2-rover-ws/install/ifaces_position/lib/libifaces_position__rosidl_typesupport_cpp.so" to ""
[24.274s] -- Installing: /home/curry/wilson_proj/ros2-rover-ws/install/ifaces_position/share/ifaces_position/environment/pythonpath.sh
[24.275s] -- Installing: /home/curry/wilson_proj/ros2-rover-ws/install/ifaces_position/share/ifaces_position/environment/pythonpath.dsv
[24.276s] -- Installing: /home/curry/wilson_proj/ros2-rover-ws/install/ifaces_position/local/lib/python3.10/dist-packages/ifaces_position-0.0.0-py3.10.egg-info
[24.277s] -- Installing: /home/curry/wilson_proj/ros2-rover-ws/install/ifaces_position/local/lib/python3.10/dist-packages/ifaces_position-0.0.0-py3.10.egg-info/dependency_links.txt
[24.279s] -- Installing: /home/curry/wilson_proj/ros2-rover-ws/install/ifaces_position/local/lib/python3.10/dist-packages/ifaces_position-0.0.0-py3.10.egg-info/SOURCES.txt
[24.280s] -- Installing: /home/curry/wilson_proj/ros2-rover-ws/install/ifaces_position/local/lib/python3.10/dist-packages/ifaces_position-0.0.0-py3.10.egg-info/top_level.txt
[24.281s] -- Installing: /home/curry/wilson_proj/ros2-rover-ws/install/ifaces_position/local/lib/python3.10/dist-packages/ifaces_position-0.0.0-py3.10.egg-info/PKG-INFO
[24.282s] -- Installing: /home/curry/wilson_proj/ros2-rover-ws/install/ifaces_position/local/lib/python3.10/dist-packages/ifaces_position
[24.283s] -- Installing: /home/curry/wilson_proj/ros2-rover-ws/install/ifaces_position/local/lib/python3.10/dist-packages/ifaces_position/ifaces_position_s__rosidl_typesupport_introspection_c.cpython-310-aarch64-linux-gnu.so
[24.285s] -- Installing: /home/curry/wilson_proj/ros2-rover-ws/install/ifaces_position/local/lib/python3.10/dist-packages/ifaces_position/_ifaces_position_s.ep.rosidl_typesupport_introspection_c.c
[24.286s] -- Installing: /home/curry/wilson_proj/ros2-rover-ws/install/ifaces_position/local/lib/python3.10/dist-packages/ifaces_position/libifaces_position__rosidl_generator_py.so
[24.288s] -- Installing: /home/curry/wilson_proj/ros2-rover-ws/install/ifaces_position/local/lib/python3.10/dist-packages/ifaces_position/msg
[24.288s] -- Installing: /home/curry/wilson_proj/ros2-rover-ws/install/ifaces_position/local/lib/python3.10/dist-packages/ifaces_position/msg/_gnss_data_s.c
[24.290s] -- Installing: /home/curry/wilson_proj/ros2-rover-ws/install/ifaces_position/local/lib/python3.10/dist-packages/ifaces_position/msg/__init__.py
[24.291s] -- Installing: /home/curry/wilson_proj/ros2-rover-ws/install/ifaces_position/local/lib/python3.10/dist-packages/ifaces_position/msg/_gnss_data.py
[24.292s] -- Installing: /home/curry/wilson_proj/ros2-rover-ws/install/ifaces_position/local/lib/python3.10/dist-packages/ifaces_position/srv
[24.292s] -- Installing: /home/curry/wilson_proj/ros2-rover-ws/install/ifaces_position/local/lib/python3.10/dist-packages/ifaces_position/srv/__init__.py
[24.293s] -- Installing: /home/curry/wilson_proj/ros2-rover-ws/install/ifaces_position/local/lib/python3.10/dist-packages/ifaces_position/srv/_des_data.py
[24.295s] -- Installing: /home/curry/wilson_proj/ros2-rover-ws/install/ifaces_position/local/lib/python3.10/dist-packages/ifaces_position/srv/_des_data_s.c
[24.296s] -- Installing: /home/curry/wilson_proj/ros2-rover-ws/install/ifaces_position/local/lib/python3.10/dist-packages/ifaces_position/ifaces_position_s__rosidl_typesupport_fastrtps_c.cpython-310-aarch64-linux-gnu.so
[24.297s] -- Installing: /home/curry/wilson_proj/ros2-rover-ws/install/ifaces_position/local/lib/python3.10/dist-packages/ifaces_position/_ifaces_position_s.ep.rosidl_typesupport_fastrtps_c.c
[24.299s] -- Installing: /home/curry/wilson_proj/ros2-rover-ws/install/ifaces_position/local/lib/python3.10/dist-packages/ifaces_position/__init__.py
[24.300s] -- Installing: /home/curry/wilson_proj/ros2-rover-ws/install/ifaces_position/local/lib/python3.10/dist-packages/ifaces_position/_ifaces_position_s.ep.rosidl_typesupport_c.c
[24.301s] -- Installing: /home/curry/wilson_proj/ros2-rover-ws/install/ifaces_position/local/lib/python3.10/dist-packages/ifaces_position/ifaces_position_s__rosidl_typesupport_c.cpython-310-aarch64-linux-gnu.so
[24.458s] Listing '/home/curry/wilson_proj/ros2-rover-ws/install/ifaces_position/local/lib/python3.10/dist-packages/ifaces_position'...
[24.459s] Compiling '/home/curry/wilson_proj/ros2-rover-ws/install/ifaces_position/local/lib/python3.10/dist-packages/ifaces_position/__init__.py'...
[24.460s] Listing '/home/curry/wilson_proj/ros2-rover-ws/install/ifaces_position/local/lib/python3.10/dist-packages/ifaces_position/msg'...
[24.461s] Compiling '/home/curry/wilson_proj/ros2-rover-ws/install/ifaces_position/local/lib/python3.10/dist-packages/ifaces_position/msg/__init__.py'...
[24.462s] Compiling '/home/curry/wilson_proj/ros2-rover-ws/install/ifaces_position/local/lib/python3.10/dist-packages/ifaces_position/msg/_gnss_data.py'...
[24.463s] Listing '/home/curry/wilson_proj/ros2-rover-ws/install/ifaces_position/local/lib/python3.10/dist-packages/ifaces_position/srv'...
[24.464s] Compiling '/home/curry/wilson_proj/ros2-rover-ws/install/ifaces_position/local/lib/python3.10/dist-packages/ifaces_position/srv/__init__.py'...
[24.465s] Compiling '/home/curry/wilson_proj/ros2-rover-ws/install/ifaces_position/local/lib/python3.10/dist-packages/ifaces_position/srv/_des_data.py'...
[24.485s] -- Installing: /home/curry/wilson_proj/ros2-rover-ws/install/ifaces_position/local/lib/python3.10/dist-packages/ifaces_position/ifaces_position_s__rosidl_typesupport_fastrtps_c.cpython-310-aarch64-linux-gnu.so
[24.488s] -- Set runtime path of "/home/curry/wilson_proj/ros2-rover-ws/install/ifaces_position/local/lib/python3.10/dist-packages/ifaces_position/ifaces_position_s__rosidl_typesupport_fastrtps_c.cpython-310-aarch64-linux-gnu.so" to ""
[24.489s] -- Installing: /home/curry/wilson_proj/ros2-rover-ws/install/ifaces_position/local/lib/python3.10/dist-packages/ifaces_position/ifaces_position_s__rosidl_typesupport_introspection_c.cpython-310-aarch64-linux-gnu.so
[24.492s] -- Set runtime path of "/home/curry/wilson_proj/ros2-rover-ws/install/ifaces_position/local/lib/python3.10/dist-packages/ifaces_position/ifaces_position_s__rosidl_typesupport_introspection_c.cpython-310-aarch64-linux-gnu.so" to ""
[24.494s] -- Installing: /home/curry/wilson_proj/ros2-rover-ws/install/ifaces_position/local/lib/python3.10/dist-packages/ifaces_position/ifaces_position_s__rosidl_typesupport_c.cpython-310-aarch64-linux-gnu.so
[24.497s] -- Set runtime path of "/home/curry/wilson_proj/ros2-rover-ws/install/ifaces_position/local/lib/python3.10/dist-packages/ifaces_position/ifaces_position_s__rosidl_typesupport_c.cpython-310-aarch64-linux-gnu.so" to ""
[24.497s] -- Installing: /home/curry/wilson_proj/ros2-rover-ws/install/ifaces_position/lib/libifaces_position__rosidl_generator_py.so
[24.500s] -- Set runtime path of "/home/curry/wilson_proj/ros2-rover-ws/install/ifaces_position/lib/libifaces_position__rosidl_generator_py.so" to ""
[24.501s] -- Installing: /home/curry/wilson_proj/ros2-rover-ws/install/ifaces_position/share/ifaces_position/msg/GnssData.idl
[24.503s] -- Installing: /home/curry/wilson_proj/ros2-rover-ws/install/ifaces_position/share/ifaces_position/srv/DesData.idl
[24.504s] -- Installing: /home/curry/wilson_proj/ros2-rover-ws/install/ifaces_position/share/ifaces_position/msg/GnssData.msg
[24.505s] -- Installing: /home/curry/wilson_proj/ros2-rover-ws/install/ifaces_position/share/ifaces_position/srv/DesData.srv
[24.506s] -- Installing: /home/curry/wilson_proj/ros2-rover-ws/install/ifaces_position/share/ifaces_position/srv/DesData_Request.msg
[24.507s] -- Installing: /home/curry/wilson_proj/ros2-rover-ws/install/ifaces_position/share/ifaces_position/srv/DesData_Response.msg
[24.509s] -- Installing: /home/curry/wilson_proj/ros2-rover-ws/install/ifaces_position/share/ament_index/resource_index/package_run_dependencies/ifaces_position
[24.511s] -- Installing: /home/curry/wilson_proj/ros2-rover-ws/install/ifaces_position/share/ament_index/resource_index/parent_prefix_path/ifaces_position
[24.512s] -- Installing: /home/curry/wilson_proj/ros2-rover-ws/install/ifaces_position/share/ifaces_position/environment/ament_prefix_path.sh
[24.513s] -- Installing: /home/curry/wilson_proj/ros2-rover-ws/install/ifaces_position/share/ifaces_position/environment/ament_prefix_path.dsv
[24.514s] -- Installing: /home/curry/wilson_proj/ros2-rover-ws/install/ifaces_position/share/ifaces_position/environment/path.sh
[24.515s] -- Installing: /home/curry/wilson_proj/ros2-rover-ws/install/ifaces_position/share/ifaces_position/environment/path.dsv
[24.517s] -- Installing: /home/curry/wilson_proj/ros2-rover-ws/install/ifaces_position/share/ifaces_position/local_setup.bash
[24.518s] -- Installing: /home/curry/wilson_proj/ros2-rover-ws/install/ifaces_position/share/ifaces_position/local_setup.sh
[24.519s] -- Installing: /home/curry/wilson_proj/ros2-rover-ws/install/ifaces_position/share/ifaces_position/local_setup.zsh
[24.520s] -- Installing: /home/curry/wilson_proj/ros2-rover-ws/install/ifaces_position/share/ifaces_position/local_setup.dsv
[24.522s] -- Installing: /home/curry/wilson_proj/ros2-rover-ws/install/ifaces_position/share/ifaces_position/package.dsv
[24.523s] -- Installing: /home/curry/wilson_proj/ros2-rover-ws/install/ifaces_position/share/ament_index/resource_index/packages/ifaces_position
[24.525s] -- Installing: /home/curry/wilson_proj/ros2-rover-ws/install/ifaces_position/share/ifaces_position/cmake/export_ifaces_position__rosidl_generator_cExport.cmake
[24.526s] -- Installing: /home/curry/wilson_proj/ros2-rover-ws/install/ifaces_position/share/ifaces_position/cmake/export_ifaces_position__rosidl_generator_cExport-noconfig.cmake
[24.528s] -- Installing: /home/curry/wilson_proj/ros2-rover-ws/install/ifaces_position/share/ifaces_position/cmake/export_ifaces_position__rosidl_typesupport_fastrtps_cExport.cmake
[24.530s] -- Installing: /home/curry/wilson_proj/ros2-rover-ws/install/ifaces_position/share/ifaces_position/cmake/export_ifaces_position__rosidl_typesupport_fastrtps_cExport-noconfig.cmake
[24.531s] -- Installing: /home/curry/wilson_proj/ros2-rover-ws/install/ifaces_position/share/ifaces_position/cmake/export_ifaces_position__rosidl_generator_cppExport.cmake
[24.533s] -- Installing: /home/curry/wilson_proj/ros2-rover-ws/install/ifaces_position/share/ifaces_position/cmake/export_ifaces_position__rosidl_typesupport_fastrtps_cppExport.cmake
[24.534s] -- Installing: /home/curry/wilson_proj/ros2-rover-ws/install/ifaces_position/share/ifaces_position/cmake/export_ifaces_position__rosidl_typesupport_fastrtps_cppExport-noconfig.cmake
[24.536s] -- Installing: /home/curry/wilson_proj/ros2-rover-ws/install/ifaces_position/share/ifaces_position/cmake/ifaces_position__rosidl_typesupport_introspection_cExport.cmake
[24.537s] -- Installing: /home/curry/wilson_proj/ros2-rover-ws/install/ifaces_position/share/ifaces_position/cmake/ifaces_position__rosidl_typesupport_introspection_cExport-noconfig.cmake
[24.539s] -- Installing: /home/curry/wilson_proj/ros2-rover-ws/install/ifaces_position/share/ifaces_position/cmake/ifaces_position__rosidl_typesupport_cExport.cmake
[24.540s] -- Installing: /home/curry/wilson_proj/ros2-rover-ws/install/ifaces_position/share/ifaces_position/cmake/ifaces_position__rosidl_typesupport_cExport-noconfig.cmake
[24.542s] -- Installing: /home/curry/wilson_proj/ros2-rover-ws/install/ifaces_position/share/ifaces_position/cmake/ifaces_position__rosidl_typesupport_introspection_cppExport.cmake
[24.543s] -- Installing: /home/curry/wilson_proj/ros2-rover-ws/install/ifaces_position/share/ifaces_position/cmake/ifaces_position__rosidl_typesupport_introspection_cppExport-noconfig.cmake
[24.545s] -- Installing: /home/curry/wilson_proj/ros2-rover-ws/install/ifaces_position/share/ifaces_position/cmake/ifaces_position__rosidl_typesupport_cppExport.cmake
[24.546s] -- Installing: /home/curry/wilson_proj/ros2-rover-ws/install/ifaces_position/share/ifaces_position/cmake/ifaces_position__rosidl_typesupport_cppExport-noconfig.cmake
[24.548s] -- Installing: /home/curry/wilson_proj/ros2-rover-ws/install/ifaces_position/share/ifaces_position/cmake/export_ifaces_position__rosidl_generator_pyExport.cmake
[24.549s] -- Installing: /home/curry/wilson_proj/ros2-rover-ws/install/ifaces_position/share/ifaces_position/cmake/export_ifaces_position__rosidl_generator_pyExport-noconfig.cmake
[24.551s] -- Installing: /home/curry/wilson_proj/ros2-rover-ws/install/ifaces_position/share/ifaces_position/cmake/rosidl_cmake-extras.cmake
[24.552s] -- Installing: /home/curry/wilson_proj/ros2-rover-ws/install/ifaces_position/share/ifaces_position/cmake/ament_cmake_export_dependencies-extras.cmake
[24.554s] -- Installing: /home/curry/wilson_proj/ros2-rover-ws/install/ifaces_position/share/ifaces_position/cmake/ament_cmake_export_include_directories-extras.cmake
[24.555s] -- Installing: /home/curry/wilson_proj/ros2-rover-ws/install/ifaces_position/share/ifaces_position/cmake/ament_cmake_export_libraries-extras.cmake
[24.556s] -- Installing: /home/curry/wilson_proj/ros2-rover-ws/install/ifaces_position/share/ifaces_position/cmake/ament_cmake_export_targets-extras.cmake
[24.557s] -- Installing: /home/curry/wilson_proj/ros2-rover-ws/install/ifaces_position/share/ifaces_position/cmake/rosidl_cmake_export_typesupport_targets-extras.cmake
[24.559s] -- Installing: /home/curry/wilson_proj/ros2-rover-ws/install/ifaces_position/share/ifaces_position/cmake/rosidl_cmake_export_typesupport_libraries-extras.cmake
[24.560s] -- Installing: /home/curry/wilson_proj/ros2-rover-ws/install/ifaces_position/share/ifaces_position/cmake/ifaces_positionConfig.cmake
[24.561s] -- Installing: /home/curry/wilson_proj/ros2-rover-ws/install/ifaces_position/share/ifaces_position/cmake/ifaces_positionConfig-version.cmake
[24.562s] -- Installing: /home/curry/wilson_proj/ros2-rover-ws/install/ifaces_position/share/ifaces_position/package.xml
[24.571s] Invoked command in '/home/curry/wilson_proj/ros2-rover-ws/build/ifaces_position' returned '0': CMAKE_PREFIX_PATH=/opt/ros/humble /usr/bin/cmake --install /home/curry/wilson_proj/ros2-rover-ws/build/ifaces_position
