[7.312s] Invoking command in '/home/curry/wilson_proj/ros2-rover-ws/src/package_image_process': PYTHONPATH=/home/curry/wilson_proj/ros2-rover-ws/build/package_image_process/prefix_override:/usr/lib/python3/dist-packages/colcon_core/task/python/colcon_distutils_commands:/home/curry/wilson_proj/ros2-rover-ws/install/package_image_process/lib/python3.10/site-packages:${PYTHONPATH} /usr/bin/python3 -W ignore:setup.py install is deprecated -W ignore:easy_install command is deprecated setup.py egg_info --egg-base ../../build/package_image_process build --build-base /home/curry/wilson_proj/ros2-rover-ws/build/package_image_process/build install --record /home/curry/wilson_proj/ros2-rover-ws/build/package_image_process/install.log --single-version-externally-managed install_data
[11.301s] running egg_info
[11.317s] writing ../../build/package_image_process/package_image_process.egg-info/PKG-INFO
[11.324s] writing dependency_links to ../../build/package_image_process/package_image_process.egg-info/dependency_links.txt
[11.327s] writing entry points to ../../build/package_image_process/package_image_process.egg-info/entry_points.txt
[11.331s] writing requirements to ../../build/package_image_process/package_image_process.egg-info/requires.txt
[11.334s] writing top-level names to ../../build/package_image_process/package_image_process.egg-info/top_level.txt
[11.347s] reading manifest file '../../build/package_image_process/package_image_process.egg-info/SOURCES.txt'
[11.350s] adding license file 'LICENSE'
[11.357s] writing manifest file '../../build/package_image_process/package_image_process.egg-info/SOURCES.txt'
[11.366s] running build
[11.367s] running build_py
[11.376s] running install
[11.377s] running install_lib
[11.387s] running install_data
[11.387s] running install_egg_info
[11.400s] removing '/home/curry/wilson_proj/ros2-rover-ws/install/package_image_process/lib/python3.10/site-packages/package_image_process-0.0.0-py3.10.egg-info' (and everything under it)
[11.403s] Copying ../../build/package_image_process/package_image_process.egg-info to /home/curry/wilson_proj/ros2-rover-ws/install/package_image_process/lib/python3.10/site-packages/package_image_process-0.0.0-py3.10.egg-info
[11.417s] running install_scripts
[11.600s] Installing node_image_process script to /home/curry/wilson_proj/ros2-rover-ws/install/package_image_process/lib/package_image_process
[11.603s] writing list of installed files to '/home/curry/wilson_proj/ros2-rover-ws/build/package_image_process/install.log'
[11.878s] Invoked command in '/home/curry/wilson_proj/ros2-rover-ws/src/package_image_process' returned '0': PYTHONPATH=/home/curry/wilson_proj/ros2-rover-ws/build/package_image_process/prefix_override:/usr/lib/python3/dist-packages/colcon_core/task/python/colcon_distutils_commands:/home/curry/wilson_proj/ros2-rover-ws/install/package_image_process/lib/python3.10/site-packages:${PYTHONPATH} /usr/bin/python3 -W ignore:setup.py install is deprecated -W ignore:easy_install command is deprecated setup.py egg_info --egg-base ../../build/package_image_process build --build-base /home/curry/wilson_proj/ros2-rover-ws/build/package_image_process/build install --record /home/curry/wilson_proj/ros2-rover-ws/build/package_image_process/install.log --single-version-externally-managed install_data
