-- Found rosidl_default_generators: 1.2.0 (/opt/ros/humble/share/rosidl_default_generators/cmake)
-- Found ament_cmake_core: 1.3.10 (/opt/ros/humble/share/ament_cmake_core/cmake)
-- Using all available rosidl_typesupport_c: rosidl_typesupport_fastrtps_c;rosidl_typesupport_introspection_c
-- Found rosidl_adapter: 3.1.5 (/opt/ros/humble/share/rosidl_adapter/cmake)
-- Using all available rosidl_typesupport_cpp: rosidl_typesupport_fastrtps_cpp;rosidl_typesupport_introspection_cpp
-- Found ament_cmake_ros: 0.10.0 (/opt/ros/humble/share/ament_cmake_ros/cmake)
-- Using all available rosidl_typesupport_c: rosidl_typesupport_fastrtps_c;rosidl_typesupport_introspection_c
-- Using all available rosidl_typesupport_cpp: rosidl_typesupport_fastrtps_cpp;rosidl_typesupport_introspection_cpp
-- Found python_cmake_module: 0.10.0 (/opt/ros/humble/share/python_cmake_module/cmake)
-- Using PYTHON_EXECUTABLE: /usr/bin/python3
-- Using PYTHON_INCLUDE_DIRS: /usr/include/python3.10
-- Using PYTHON_LIBRARIES: /usr/lib/x86_64-linux-gnu/libpython3.10.so
-- Found ament_lint_auto: 0.12.11 (/opt/ros/humble/share/ament_lint_auto/cmake)
-- Added test 'cppcheck' to perform static code analysis on C / C++ code
-- Configured cppcheck include dirs: 
-- Configured cppcheck exclude dirs and/or files: 
-- Added test 'lint_cmake' to check CMake code style
-- Added test 'uncrustify' to check C / C++ code style
-- Configured uncrustify additional arguments: 
-- Added test 'xmllint' to check XML markup files
-- Configuring done
-- Generating done
-- Build files have been written to: /home/yupi/rover_proj/ros2-base-ws/build/base_command_package
[  3%] [34m[1mGenerating C code for ROS interfaces[0m
[  6%] [34m[1mGenerating C++ code for ROS interfaces[0m
[  6%] Built target ament_cmake_python_copy_base_command_package
running egg_info
creating base_command_package.egg-info
writing base_command_package.egg-info/PKG-INFO
writing dependency_links to base_command_package.egg-info/dependency_links.txt
writing top-level names to base_command_package.egg-info/top_level.txt
writing manifest file 'base_command_package.egg-info/SOURCES.txt'
reading manifest file 'base_command_package.egg-info/SOURCES.txt'
writing manifest file 'base_command_package.egg-info/SOURCES.txt'
[  6%] Built target ament_cmake_python_build_base_command_package_egg
[  6%] Built target base_command_package__cpp
[ 12%] [34m[1mGenerating C++ type support for eProsima Fast-RTPS[0m
[ 12%] [34m[1mGenerating C++ type support dispatch for ROS interfaces[0m
[ 16%] [34m[1mGenerating C++ introspection for ROS interfaces[0m
[ 19%] [32mBuilding C object CMakeFiles/base_command_package__rosidl_generator_c.dir/rosidl_generator_c/base_command_package/action/detail/carcontrol__functions.c.o[0m
[ 22%] [32m[1mLinking C shared library libbase_command_package__rosidl_generator_c.so[0m
[ 22%] Built target base_command_package__rosidl_generator_c
[ 25%] [34m[1mGenerating C type support for eProsima Fast-RTPS[0m
[ 29%] [32mBuilding CXX object CMakeFiles/base_command_package__rosidl_typesupport_cpp.dir/rosidl_typesupport_cpp/base_command_package/action/carcontrol__type_support.cpp.o[0m
[ 32%] [32mBuilding CXX object CMakeFiles/base_command_package__rosidl_typesupport_introspection_cpp.dir/rosidl_typesupport_introspection_cpp/base_command_package/action/detail/carcontrol__type_support.cpp.o[0m
[ 35%] [32mBuilding CXX object CMakeFiles/base_command_package__rosidl_typesupport_fastrtps_cpp.dir/rosidl_typesupport_fastrtps_cpp/base_command_package/action/detail/dds_fastrtps/carcontrol__type_support.cpp.o[0m
[ 38%] [32mBuilding CXX object CMakeFiles/base_command_package__rosidl_typesupport_fastrtps_c.dir/rosidl_typesupport_fastrtps_c/base_command_package/action/detail/carcontrol__type_support_c.cpp.o[0m
[ 41%] [32m[1mLinking CXX shared library libbase_command_package__rosidl_typesupport_cpp.so[0m
[ 41%] Built target base_command_package__rosidl_typesupport_cpp
[ 45%] [34m[1mGenerating C introspection for ROS interfaces[0m
[ 48%] [32m[1mLinking CXX shared library libbase_command_package__rosidl_typesupport_introspection_cpp.so[0m
[ 51%] [32m[1mLinking CXX shared library libbase_command_package__rosidl_typesupport_fastrtps_c.so[0m
[ 54%] [32m[1mLinking CXX shared library libbase_command_package__rosidl_typesupport_fastrtps_cpp.so[0m
[ 54%] Built target base_command_package__rosidl_typesupport_introspection_cpp
[ 58%] [34m[1mGenerating C type support dispatch for ROS interfaces[0m
[ 58%] Built target base_command_package__rosidl_typesupport_fastrtps_c
[ 58%] Built target base_command_package__rosidl_typesupport_fastrtps_cpp
[ 61%] [32mBuilding C object CMakeFiles/base_command_package__rosidl_typesupport_introspection_c.dir/rosidl_typesupport_introspection_c/base_command_package/action/detail/carcontrol__type_support.c.o[0m
[ 64%] [32m[1mLinking C shared library libbase_command_package__rosidl_typesupport_introspection_c.so[0m
[ 64%] Built target base_command_package__rosidl_typesupport_introspection_c
[ 67%] [32mBuilding CXX object CMakeFiles/base_command_package__rosidl_typesupport_c.dir/rosidl_typesupport_c/base_command_package/action/carcontrol__type_support.cpp.o[0m
[ 70%] [32m[1mLinking CXX shared library libbase_command_package__rosidl_typesupport_c.so[0m
[ 70%] Built target base_command_package__rosidl_typesupport_c
[ 70%] Built target base_command_package
[ 74%] [34m[1mGenerating Python code for ROS interfaces[0m
[ 74%] Built target base_command_package__py
[ 77%] [32mBuilding C object CMakeFiles/base_command_package__rosidl_generator_py.dir/rosidl_generator_py/base_command_package/action/_carcontrol_s.c.o[0m
[ 80%] [32m[1mLinking C shared library rosidl_generator_py/base_command_package/libbase_command_package__rosidl_generator_py.so[0m
[ 80%] Built target base_command_package__rosidl_generator_py
[ 90%] [32mBuilding C object CMakeFiles/base_command_package__rosidl_typesupport_fastrtps_c__pyext.dir/rosidl_generator_py/base_command_package/_base_command_package_s.ep.rosidl_typesupport_fastrtps_c.c.o[0m
[ 90%] [32mBuilding C object CMakeFiles/base_command_package__rosidl_typesupport_introspection_c__pyext.dir/rosidl_generator_py/base_command_package/_base_command_package_s.ep.rosidl_typesupport_introspection_c.c.o[0m
[ 90%] [32mBuilding C object CMakeFiles/base_command_package__rosidl_typesupport_c__pyext.dir/rosidl_generator_py/base_command_package/_base_command_package_s.ep.rosidl_typesupport_c.c.o[0m
[100%] [32m[1mLinking C shared library rosidl_generator_py/base_command_package/base_command_package_s__rosidl_typesupport_introspection_c.cpython-310-x86_64-linux-gnu.so[0m
[100%] [32m[1mLinking C shared library rosidl_generator_py/base_command_package/base_command_package_s__rosidl_typesupport_c.cpython-310-x86_64-linux-gnu.so[0m
[100%] [32m[1mLinking C shared library rosidl_generator_py/base_command_package/base_command_package_s__rosidl_typesupport_fastrtps_c.cpython-310-x86_64-linux-gnu.so[0m
[100%] Built target base_command_package__rosidl_typesupport_introspection_c__pyext
[100%] Built target base_command_package__rosidl_typesupport_fastrtps_c__pyext
[100%] Built target base_command_package__rosidl_typesupport_c__pyext
-- Install configuration: ""
-- Installing: /home/yupi/rover_proj/ros2-base-ws/install/base_command_package/share/ament_index/resource_index/rosidl_interfaces/base_command_package
-- Installing: /home/yupi/rover_proj/ros2-base-ws/install/base_command_package/include/base_command_package/base_command_package
-- Installing: /home/yupi/rover_proj/ros2-base-ws/install/base_command_package/include/base_command_package/base_command_package/action
-- Installing: /home/yupi/rover_proj/ros2-base-ws/install/base_command_package/include/base_command_package/base_command_package/action/carcontrol.h
-- Installing: /home/yupi/rover_proj/ros2-base-ws/install/base_command_package/include/base_command_package/base_command_package/action/detail
-- Installing: /home/yupi/rover_proj/ros2-base-ws/install/base_command_package/include/base_command_package/base_command_package/action/detail/carcontrol__struct.h
-- Installing: /home/yupi/rover_proj/ros2-base-ws/install/base_command_package/include/base_command_package/base_command_package/action/detail/carcontrol__functions.h
-- Installing: /home/yupi/rover_proj/ros2-base-ws/install/base_command_package/include/base_command_package/base_command_package/action/detail/carcontrol__type_support.h
-- Installing: /home/yupi/rover_proj/ros2-base-ws/install/base_command_package/include/base_command_package/base_command_package/action/detail/carcontrol__functions.c
-- Installing: /home/yupi/rover_proj/ros2-base-ws/install/base_command_package/include/base_command_package/base_command_package/msg
-- Installing: /home/yupi/rover_proj/ros2-base-ws/install/base_command_package/include/base_command_package/base_command_package/msg/rosidl_generator_c__visibility_control.h
-- Installing: /home/yupi/rover_proj/ros2-base-ws/install/base_command_package/share/base_command_package/environment/library_path.sh
-- Installing: /home/yupi/rover_proj/ros2-base-ws/install/base_command_package/share/base_command_package/environment/library_path.dsv
-- Installing: /home/yupi/rover_proj/ros2-base-ws/install/base_command_package/lib/libbase_command_package__rosidl_generator_c.so
-- Set runtime path of "/home/yupi/rover_proj/ros2-base-ws/install/base_command_package/lib/libbase_command_package__rosidl_generator_c.so" to ""
-- Up-to-date: /home/yupi/rover_proj/ros2-base-ws/install/base_command_package/include/base_command_package/base_command_package
-- Up-to-date: /home/yupi/rover_proj/ros2-base-ws/install/base_command_package/include/base_command_package/base_command_package/action
-- Up-to-date: /home/yupi/rover_proj/ros2-base-ws/install/base_command_package/include/base_command_package/base_command_package/action/detail
-- Installing: /home/yupi/rover_proj/ros2-base-ws/install/base_command_package/include/base_command_package/base_command_package/action/detail/carcontrol__rosidl_typesupport_fastrtps_c.h
-- Up-to-date: /home/yupi/rover_proj/ros2-base-ws/install/base_command_package/include/base_command_package/base_command_package/msg
-- Installing: /home/yupi/rover_proj/ros2-base-ws/install/base_command_package/include/base_command_package/base_command_package/msg/rosidl_typesupport_fastrtps_c__visibility_control.h
-- Installing: /home/yupi/rover_proj/ros2-base-ws/install/base_command_package/lib/libbase_command_package__rosidl_typesupport_fastrtps_c.so
-- Set runtime path of "/home/yupi/rover_proj/ros2-base-ws/install/base_command_package/lib/libbase_command_package__rosidl_typesupport_fastrtps_c.so" to ""
-- Up-to-date: /home/yupi/rover_proj/ros2-base-ws/install/base_command_package/include/base_command_package/base_command_package
-- Up-to-date: /home/yupi/rover_proj/ros2-base-ws/install/base_command_package/include/base_command_package/base_command_package/action
-- Up-to-date: /home/yupi/rover_proj/ros2-base-ws/install/base_command_package/include/base_command_package/base_command_package/action/detail
-- Installing: /home/yupi/rover_proj/ros2-base-ws/install/base_command_package/include/base_command_package/base_command_package/action/detail/carcontrol__type_support.c
-- Installing: /home/yupi/rover_proj/ros2-base-ws/install/base_command_package/include/base_command_package/base_command_package/action/detail/carcontrol__rosidl_typesupport_introspection_c.h
-- Up-to-date: /home/yupi/rover_proj/ros2-base-ws/install/base_command_package/include/base_command_package/base_command_package/msg
-- Installing: /home/yupi/rover_proj/ros2-base-ws/install/base_command_package/include/base_command_package/base_command_package/msg/rosidl_typesupport_introspection_c__visibility_control.h
-- Installing: /home/yupi/rover_proj/ros2-base-ws/install/base_command_package/lib/libbase_command_package__rosidl_typesupport_introspection_c.so
-- Set runtime path of "/home/yupi/rover_proj/ros2-base-ws/install/base_command_package/lib/libbase_command_package__rosidl_typesupport_introspection_c.so" to ""
-- Installing: /home/yupi/rover_proj/ros2-base-ws/install/base_command_package/lib/libbase_command_package__rosidl_typesupport_c.so
-- Set runtime path of "/home/yupi/rover_proj/ros2-base-ws/install/base_command_package/lib/libbase_command_package__rosidl_typesupport_c.so" to ""
-- Up-to-date: /home/yupi/rover_proj/ros2-base-ws/install/base_command_package/include/base_command_package/base_command_package
-- Up-to-date: /home/yupi/rover_proj/ros2-base-ws/install/base_command_package/include/base_command_package/base_command_package/action
-- Installing: /home/yupi/rover_proj/ros2-base-ws/install/base_command_package/include/base_command_package/base_command_package/action/carcontrol.hpp
-- Up-to-date: /home/yupi/rover_proj/ros2-base-ws/install/base_command_package/include/base_command_package/base_command_package/action/detail
-- Installing: /home/yupi/rover_proj/ros2-base-ws/install/base_command_package/include/base_command_package/base_command_package/action/detail/carcontrol__builder.hpp
-- Installing: /home/yupi/rover_proj/ros2-base-ws/install/base_command_package/include/base_command_package/base_command_package/action/detail/carcontrol__struct.hpp
-- Installing: /home/yupi/rover_proj/ros2-base-ws/install/base_command_package/include/base_command_package/base_command_package/action/detail/carcontrol__traits.hpp
-- Up-to-date: /home/yupi/rover_proj/ros2-base-ws/install/base_command_package/include/base_command_package/base_command_package
-- Up-to-date: /home/yupi/rover_proj/ros2-base-ws/install/base_command_package/include/base_command_package/base_command_package/action
-- Up-to-date: /home/yupi/rover_proj/ros2-base-ws/install/base_command_package/include/base_command_package/base_command_package/action/detail
-- Installing: /home/yupi/rover_proj/ros2-base-ws/install/base_command_package/include/base_command_package/base_command_package/action/detail/carcontrol__rosidl_typesupport_fastrtps_cpp.hpp
-- Installing: /home/yupi/rover_proj/ros2-base-ws/install/base_command_package/include/base_command_package/base_command_package/action/detail/dds_fastrtps
-- Up-to-date: /home/yupi/rover_proj/ros2-base-ws/install/base_command_package/include/base_command_package/base_command_package/msg
-- Installing: /home/yupi/rover_proj/ros2-base-ws/install/base_command_package/include/base_command_package/base_command_package/msg/rosidl_typesupport_fastrtps_cpp__visibility_control.h
-- Installing: /home/yupi/rover_proj/ros2-base-ws/install/base_command_package/lib/libbase_command_package__rosidl_typesupport_fastrtps_cpp.so
-- Set runtime path of "/home/yupi/rover_proj/ros2-base-ws/install/base_command_package/lib/libbase_command_package__rosidl_typesupport_fastrtps_cpp.so" to ""
-- Up-to-date: /home/yupi/rover_proj/ros2-base-ws/install/base_command_package/include/base_command_package/base_command_package
-- Up-to-date: /home/yupi/rover_proj/ros2-base-ws/install/base_command_package/include/base_command_package/base_command_package/action
-- Up-to-date: /home/yupi/rover_proj/ros2-base-ws/install/base_command_package/include/base_command_package/base_command_package/action/detail
-- Installing: /home/yupi/rover_proj/ros2-base-ws/install/base_command_package/include/base_command_package/base_command_package/action/detail/carcontrol__rosidl_typesupport_introspection_cpp.hpp
-- Installing: /home/yupi/rover_proj/ros2-base-ws/install/base_command_package/include/base_command_package/base_command_package/action/detail/carcontrol__type_support.cpp
-- Installing: /home/yupi/rover_proj/ros2-base-ws/install/base_command_package/lib/libbase_command_package__rosidl_typesupport_introspection_cpp.so
-- Set runtime path of "/home/yupi/rover_proj/ros2-base-ws/install/base_command_package/lib/libbase_command_package__rosidl_typesupport_introspection_cpp.so" to ""
-- Installing: /home/yupi/rover_proj/ros2-base-ws/install/base_command_package/lib/libbase_command_package__rosidl_typesupport_cpp.so
-- Set runtime path of "/home/yupi/rover_proj/ros2-base-ws/install/base_command_package/lib/libbase_command_package__rosidl_typesupport_cpp.so" to ""
-- Installing: /home/yupi/rover_proj/ros2-base-ws/install/base_command_package/share/base_command_package/environment/pythonpath.sh
-- Installing: /home/yupi/rover_proj/ros2-base-ws/install/base_command_package/share/base_command_package/environment/pythonpath.dsv
-- Installing: /home/yupi/rover_proj/ros2-base-ws/install/base_command_package/local/lib/python3.10/dist-packages/base_command_package-0.0.0-py3.10.egg-info
-- Installing: /home/yupi/rover_proj/ros2-base-ws/install/base_command_package/local/lib/python3.10/dist-packages/base_command_package-0.0.0-py3.10.egg-info/dependency_links.txt
-- Installing: /home/yupi/rover_proj/ros2-base-ws/install/base_command_package/local/lib/python3.10/dist-packages/base_command_package-0.0.0-py3.10.egg-info/PKG-INFO
-- Installing: /home/yupi/rover_proj/ros2-base-ws/install/base_command_package/local/lib/python3.10/dist-packages/base_command_package-0.0.0-py3.10.egg-info/top_level.txt
-- Installing: /home/yupi/rover_proj/ros2-base-ws/install/base_command_package/local/lib/python3.10/dist-packages/base_command_package-0.0.0-py3.10.egg-info/SOURCES.txt
-- Installing: /home/yupi/rover_proj/ros2-base-ws/install/base_command_package/local/lib/python3.10/dist-packages/base_command_package
-- Installing: /home/yupi/rover_proj/ros2-base-ws/install/base_command_package/local/lib/python3.10/dist-packages/base_command_package/base_command_package_s__rosidl_typesupport_fastrtps_c.cpython-310-x86_64-linux-gnu.so
-- Installing: /home/yupi/rover_proj/ros2-base-ws/install/base_command_package/local/lib/python3.10/dist-packages/base_command_package/base_command_package_s__rosidl_typesupport_c.cpython-310-x86_64-linux-gnu.so
-- Installing: /home/yupi/rover_proj/ros2-base-ws/install/base_command_package/local/lib/python3.10/dist-packages/base_command_package/_base_command_package_s.ep.rosidl_typesupport_introspection_c.c
-- Installing: /home/yupi/rover_proj/ros2-base-ws/install/base_command_package/local/lib/python3.10/dist-packages/base_command_package/_base_command_package_s.ep.rosidl_typesupport_fastrtps_c.c
-- Installing: /home/yupi/rover_proj/ros2-base-ws/install/base_command_package/local/lib/python3.10/dist-packages/base_command_package/_base_command_package_s.ep.rosidl_typesupport_c.c
-- Installing: /home/yupi/rover_proj/ros2-base-ws/install/base_command_package/local/lib/python3.10/dist-packages/base_command_package/libbase_command_package__rosidl_generator_py.so
-- Installing: /home/yupi/rover_proj/ros2-base-ws/install/base_command_package/local/lib/python3.10/dist-packages/base_command_package/action
-- Installing: /home/yupi/rover_proj/ros2-base-ws/install/base_command_package/local/lib/python3.10/dist-packages/base_command_package/action/_carcontrol.py
-- Installing: /home/yupi/rover_proj/ros2-base-ws/install/base_command_package/local/lib/python3.10/dist-packages/base_command_package/action/_carcontrol_s.c
-- Installing: /home/yupi/rover_proj/ros2-base-ws/install/base_command_package/local/lib/python3.10/dist-packages/base_command_package/action/__init__.py
-- Installing: /home/yupi/rover_proj/ros2-base-ws/install/base_command_package/local/lib/python3.10/dist-packages/base_command_package/__init__.py
-- Installing: /home/yupi/rover_proj/ros2-base-ws/install/base_command_package/local/lib/python3.10/dist-packages/base_command_package/base_command_package_s__rosidl_typesupport_introspection_c.cpython-310-x86_64-linux-gnu.so
Listing '/home/yupi/rover_proj/ros2-base-ws/install/base_command_package/local/lib/python3.10/dist-packages/base_command_package'...
Compiling '/home/yupi/rover_proj/ros2-base-ws/install/base_command_package/local/lib/python3.10/dist-packages/base_command_package/__init__.py'...
Listing '/home/yupi/rover_proj/ros2-base-ws/install/base_command_package/local/lib/python3.10/dist-packages/base_command_package/action'...
Compiling '/home/yupi/rover_proj/ros2-base-ws/install/base_command_package/local/lib/python3.10/dist-packages/base_command_package/action/__init__.py'...
Compiling '/home/yupi/rover_proj/ros2-base-ws/install/base_command_package/local/lib/python3.10/dist-packages/base_command_package/action/_carcontrol.py'...
-- Installing: /home/yupi/rover_proj/ros2-base-ws/install/base_command_package/local/lib/python3.10/dist-packages/base_command_package/base_command_package_s__rosidl_typesupport_fastrtps_c.cpython-310-x86_64-linux-gnu.so
-- Set runtime path of "/home/yupi/rover_proj/ros2-base-ws/install/base_command_package/local/lib/python3.10/dist-packages/base_command_package/base_command_package_s__rosidl_typesupport_fastrtps_c.cpython-310-x86_64-linux-gnu.so" to ""
-- Installing: /home/yupi/rover_proj/ros2-base-ws/install/base_command_package/local/lib/python3.10/dist-packages/base_command_package/base_command_package_s__rosidl_typesupport_introspection_c.cpython-310-x86_64-linux-gnu.so
-- Set runtime path of "/home/yupi/rover_proj/ros2-base-ws/install/base_command_package/local/lib/python3.10/dist-packages/base_command_package/base_command_package_s__rosidl_typesupport_introspection_c.cpython-310-x86_64-linux-gnu.so" to ""
-- Installing: /home/yupi/rover_proj/ros2-base-ws/install/base_command_package/local/lib/python3.10/dist-packages/base_command_package/base_command_package_s__rosidl_typesupport_c.cpython-310-x86_64-linux-gnu.so
-- Set runtime path of "/home/yupi/rover_proj/ros2-base-ws/install/base_command_package/local/lib/python3.10/dist-packages/base_command_package/base_command_package_s__rosidl_typesupport_c.cpython-310-x86_64-linux-gnu.so" to ""
-- Installing: /home/yupi/rover_proj/ros2-base-ws/install/base_command_package/lib/libbase_command_package__rosidl_generator_py.so
-- Set runtime path of "/home/yupi/rover_proj/ros2-base-ws/install/base_command_package/lib/libbase_command_package__rosidl_generator_py.so" to ""
-- Installing: /home/yupi/rover_proj/ros2-base-ws/install/base_command_package/share/base_command_package/action/Carcontrol.idl
-- Installing: /home/yupi/rover_proj/ros2-base-ws/install/base_command_package/share/base_command_package/action/Carcontrol.action
-- Installing: /home/yupi/rover_proj/ros2-base-ws/install/base_command_package/share/ament_index/resource_index/package_run_dependencies/base_command_package
-- Up-to-date: /home/yupi/rover_proj/ros2-base-ws/install/base_command_package/share/ament_index/resource_index/parent_prefix_path/base_command_package
-- Up-to-date: /home/yupi/rover_proj/ros2-base-ws/install/base_command_package/share/base_command_package/environment/ament_prefix_path.sh
-- Installing: /home/yupi/rover_proj/ros2-base-ws/install/base_command_package/share/base_command_package/environment/ament_prefix_path.dsv
-- Up-to-date: /home/yupi/rover_proj/ros2-base-ws/install/base_command_package/share/base_command_package/environment/path.sh
-- Installing: /home/yupi/rover_proj/ros2-base-ws/install/base_command_package/share/base_command_package/environment/path.dsv
-- Up-to-date: /home/yupi/rover_proj/ros2-base-ws/install/base_command_package/share/base_command_package/local_setup.bash
-- Installing: /home/yupi/rover_proj/ros2-base-ws/install/base_command_package/share/base_command_package/local_setup.sh
-- Up-to-date: /home/yupi/rover_proj/ros2-base-ws/install/base_command_package/share/base_command_package/local_setup.zsh
-- Installing: /home/yupi/rover_proj/ros2-base-ws/install/base_command_package/share/base_command_package/local_setup.dsv
-- Installing: /home/yupi/rover_proj/ros2-base-ws/install/base_command_package/share/base_command_package/package.dsv
-- Up-to-date: /home/yupi/rover_proj/ros2-base-ws/install/base_command_package/share/ament_index/resource_index/packages/base_command_package
-- Installing: /home/yupi/rover_proj/ros2-base-ws/install/base_command_package/share/base_command_package/cmake/export_base_command_package__rosidl_generator_cExport.cmake
-- Installing: /home/yupi/rover_proj/ros2-base-ws/install/base_command_package/share/base_command_package/cmake/export_base_command_package__rosidl_generator_cExport-noconfig.cmake
-- Installing: /home/yupi/rover_proj/ros2-base-ws/install/base_command_package/share/base_command_package/cmake/export_base_command_package__rosidl_typesupport_fastrtps_cExport.cmake
-- Installing: /home/yupi/rover_proj/ros2-base-ws/install/base_command_package/share/base_command_package/cmake/export_base_command_package__rosidl_typesupport_fastrtps_cExport-noconfig.cmake
-- Installing: /home/yupi/rover_proj/ros2-base-ws/install/base_command_package/share/base_command_package/cmake/base_command_package__rosidl_typesupport_introspection_cExport.cmake
-- Installing: /home/yupi/rover_proj/ros2-base-ws/install/base_command_package/share/base_command_package/cmake/base_command_package__rosidl_typesupport_introspection_cExport-noconfig.cmake
-- Installing: /home/yupi/rover_proj/ros2-base-ws/install/base_command_package/share/base_command_package/cmake/base_command_package__rosidl_typesupport_cExport.cmake
-- Installing: /home/yupi/rover_proj/ros2-base-ws/install/base_command_package/share/base_command_package/cmake/base_command_package__rosidl_typesupport_cExport-noconfig.cmake
-- Installing: /home/yupi/rover_proj/ros2-base-ws/install/base_command_package/share/base_command_package/cmake/export_base_command_package__rosidl_generator_cppExport.cmake
-- Installing: /home/yupi/rover_proj/ros2-base-ws/install/base_command_package/share/base_command_package/cmake/export_base_command_package__rosidl_typesupport_fastrtps_cppExport.cmake
-- Installing: /home/yupi/rover_proj/ros2-base-ws/install/base_command_package/share/base_command_package/cmake/export_base_command_package__rosidl_typesupport_fastrtps_cppExport-noconfig.cmake
-- Installing: /home/yupi/rover_proj/ros2-base-ws/install/base_command_package/share/base_command_package/cmake/base_command_package__rosidl_typesupport_introspection_cppExport.cmake
-- Installing: /home/yupi/rover_proj/ros2-base-ws/install/base_command_package/share/base_command_package/cmake/base_command_package__rosidl_typesupport_introspection_cppExport-noconfig.cmake
-- Installing: /home/yupi/rover_proj/ros2-base-ws/install/base_command_package/share/base_command_package/cmake/base_command_package__rosidl_typesupport_cppExport.cmake
-- Installing: /home/yupi/rover_proj/ros2-base-ws/install/base_command_package/share/base_command_package/cmake/base_command_package__rosidl_typesupport_cppExport-noconfig.cmake
-- Installing: /home/yupi/rover_proj/ros2-base-ws/install/base_command_package/share/base_command_package/cmake/export_base_command_package__rosidl_generator_pyExport.cmake
-- Installing: /home/yupi/rover_proj/ros2-base-ws/install/base_command_package/share/base_command_package/cmake/export_base_command_package__rosidl_generator_pyExport-noconfig.cmake
-- Installing: /home/yupi/rover_proj/ros2-base-ws/install/base_command_package/share/base_command_package/cmake/rosidl_cmake-extras.cmake
-- Installing: /home/yupi/rover_proj/ros2-base-ws/install/base_command_package/share/base_command_package/cmake/ament_cmake_export_dependencies-extras.cmake
-- Installing: /home/yupi/rover_proj/ros2-base-ws/install/base_command_package/share/base_command_package/cmake/ament_cmake_export_include_directories-extras.cmake
-- Installing: /home/yupi/rover_proj/ros2-base-ws/install/base_command_package/share/base_command_package/cmake/ament_cmake_export_libraries-extras.cmake
-- Installing: /home/yupi/rover_proj/ros2-base-ws/install/base_command_package/share/base_command_package/cmake/ament_cmake_export_targets-extras.cmake
-- Installing: /home/yupi/rover_proj/ros2-base-ws/install/base_command_package/share/base_command_package/cmake/rosidl_cmake_export_typesupport_targets-extras.cmake
-- Installing: /home/yupi/rover_proj/ros2-base-ws/install/base_command_package/share/base_command_package/cmake/rosidl_cmake_export_typesupport_libraries-extras.cmake
-- Installing: /home/yupi/rover_proj/ros2-base-ws/install/base_command_package/share/base_command_package/cmake/base_command_packageConfig.cmake
-- Up-to-date: /home/yupi/rover_proj/ros2-base-ws/install/base_command_package/share/base_command_package/cmake/base_command_packageConfig-version.cmake
-- Installing: /home/yupi/rover_proj/ros2-base-ws/install/base_command_package/share/base_command_package/package.xml
