[0.058s] Invoking command in '/home/curry/wilson_proj/ros2-rover-ws/build/msgs_mainrocon': AMENT_PREFIX_PATH=/home/curry/wilson_proj/ros2-rover-ws/install/msgs_rovercon:${AMENT_PREFIX_PATH} CMAKE_PREFIX_PATH=/home/curry/wilson_proj/ros2-rover-ws/install/msgs_rovercon:/home/curry/wilson_proj/ros2-rover-ws/install/rovercon_msgs:/home/curry/wilson_proj/ros2-rover-ws/install/package_test:/home/curry/wilson_proj/ros2-rover-ws/install/package_rover_control:/home/curry/wilson_proj/ros2-rover-ws/install/package_position_process:/home/curry/wilson_proj/ros2-rover-ws/install/package_navigate_route:/home/curry/wilson_proj/ros2-rover-ws/install/package_image_process:/home/curry/wilson_proj/ros2-rover-ws/install/msgs_positions:/home/curry/wilson_proj/ros2-rover-ws/install/action_interfaces:/opt/ros/humble LD_LIBRARY_PATH=/home/curry/wilson_proj/ros2-rover-ws/install/msgs_rovercon/lib:${LD_LIBRARY_PATH} PYTHONPATH=/home/curry/wilson_proj/ros2-rover-ws/install/msgs_rovercon/local/lib/python3.10/dist-packages:${PYTHONPATH} /usr/bin/cmake /home/curry/wilson_proj/ros2-rover-ws/src/msgs_mainrocon -DCMAKE_INSTALL_PREFIX=/home/curry/wilson_proj/ros2-rover-ws/install/msgs_mainrocon
[0.338s] -- The C compiler identification is GNU 11.4.0
[0.601s] -- The CXX compiler identification is GNU 11.4.0
[0.634s] -- Detecting C compiler ABI info
[0.973s] -- Detecting C compiler ABI info - done
[1.001s] -- Check for working C compiler: /usr/bin/cc - skipped
[1.001s] -- Detecting C compile features
[1.003s] -- Detecting C compile features - done
[1.014s] -- Detecting CXX compiler ABI info
[1.383s] -- Detecting CXX compiler ABI info - done
[1.409s] -- Check for working CXX compiler: /usr/bin/c++ - skipped
[1.410s] -- Detecting CXX compile features
[1.412s] -- Detecting CXX compile features - done
[1.447s] -- Found ament_cmake: 1.3.11 (/opt/ros/humble/share/ament_cmake/cmake)
[2.239s] -- Found Python3: /usr/bin/python3 (found version "3.10.12") found components: Interpreter 
[2.947s] -- Found rosidl_default_generators: 1.2.0 (/opt/ros/humble/share/rosidl_default_generators/cmake)
[2.985s] -- Using all available rosidl_typesupport_c: rosidl_typesupport_fastrtps_c;rosidl_typesupport_introspection_c
[3.075s] -- Found rosidl_adapter: 3.1.6 (/opt/ros/humble/share/rosidl_adapter/cmake)
[3.480s] -- Using all available rosidl_typesupport_cpp: rosidl_typesupport_fastrtps_cpp;rosidl_typesupport_introspection_cpp
[3.742s] -- Found msgs_rovercon: 0.0.0 (/home/curry/wilson_proj/ros2-rover-ws/install/msgs_rovercon/share/msgs_rovercon/cmake)
[4.940s] -- Found ament_cmake_ros: 0.10.0 (/opt/ros/humble/share/ament_cmake_ros/cmake)
[5.885s] -- Using all available rosidl_typesupport_c: rosidl_typesupport_fastrtps_c;rosidl_typesupport_introspection_c
[7.033s] -- Using all available rosidl_typesupport_cpp: rosidl_typesupport_fastrtps_cpp;rosidl_typesupport_introspection_cpp
[7.152s] -- Found PythonInterp: /usr/bin/python3 (found suitable version "3.10.12", minimum required is "3.6") 
[7.183s] -- Found python_cmake_module: 0.10.0 (/opt/ros/humble/share/python_cmake_module/cmake)
[7.309s] -- Found PythonLibs: /usr/lib/aarch64-linux-gnu/libpython3.10.so (found suitable version "3.10.12", minimum required is "3.5") 
[7.310s] -- Using PYTHON_EXECUTABLE: /usr/bin/python3
[7.310s] -- Using PYTHON_INCLUDE_DIRS: /usr/include/python3.10
[7.310s] -- Using PYTHON_LIBRARIES: /usr/lib/aarch64-linux-gnu/libpython3.10.so
[7.418s] -- Found PythonExtra: .so  
[7.618s] -- Found ament_lint_auto: 0.12.11 (/opt/ros/humble/share/ament_lint_auto/cmake)
[7.856s] -- Added test 'lint_cmake' to check CMake code style
[7.867s] -- Added test 'xmllint' to check XML markup files
[7.886s] -- Configuring done
[8.056s] -- Generating done
[8.100s] -- Build files have been written to: /home/curry/wilson_proj/ros2-rover-ws/build/msgs_mainrocon
[8.121s] Invoked command in '/home/curry/wilson_proj/ros2-rover-ws/build/msgs_mainrocon' returned '0': AMENT_PREFIX_PATH=/home/curry/wilson_proj/ros2-rover-ws/install/msgs_rovercon:${AMENT_PREFIX_PATH} CMAKE_PREFIX_PATH=/home/curry/wilson_proj/ros2-rover-ws/install/msgs_rovercon:/home/curry/wilson_proj/ros2-rover-ws/install/rovercon_msgs:/home/curry/wilson_proj/ros2-rover-ws/install/package_test:/home/curry/wilson_proj/ros2-rover-ws/install/package_rover_control:/home/curry/wilson_proj/ros2-rover-ws/install/package_position_process:/home/curry/wilson_proj/ros2-rover-ws/install/package_navigate_route:/home/curry/wilson_proj/ros2-rover-ws/install/package_image_process:/home/curry/wilson_proj/ros2-rover-ws/install/msgs_positions:/home/curry/wilson_proj/ros2-rover-ws/install/action_interfaces:/opt/ros/humble LD_LIBRARY_PATH=/home/curry/wilson_proj/ros2-rover-ws/install/msgs_rovercon/lib:${LD_LIBRARY_PATH} PYTHONPATH=/home/curry/wilson_proj/ros2-rover-ws/install/msgs_rovercon/local/lib/python3.10/dist-packages:${PYTHONPATH} /usr/bin/cmake /home/curry/wilson_proj/ros2-rover-ws/src/msgs_mainrocon -DCMAKE_INSTALL_PREFIX=/home/curry/wilson_proj/ros2-rover-ws/install/msgs_mainrocon
[8.130s] Invoking command in '/home/curry/wilson_proj/ros2-rover-ws/build/msgs_mainrocon': AMENT_PREFIX_PATH=/home/curry/wilson_proj/ros2-rover-ws/install/msgs_rovercon:${AMENT_PREFIX_PATH} CMAKE_PREFIX_PATH=/home/curry/wilson_proj/ros2-rover-ws/install/msgs_rovercon:/home/curry/wilson_proj/ros2-rover-ws/install/rovercon_msgs:/home/curry/wilson_proj/ros2-rover-ws/install/package_test:/home/curry/wilson_proj/ros2-rover-ws/install/package_rover_control:/home/curry/wilson_proj/ros2-rover-ws/install/package_position_process:/home/curry/wilson_proj/ros2-rover-ws/install/package_navigate_route:/home/curry/wilson_proj/ros2-rover-ws/install/package_image_process:/home/curry/wilson_proj/ros2-rover-ws/install/msgs_positions:/home/curry/wilson_proj/ros2-rover-ws/install/action_interfaces:/opt/ros/humble LD_LIBRARY_PATH=/home/curry/wilson_proj/ros2-rover-ws/install/msgs_rovercon/lib:${LD_LIBRARY_PATH} PYTHONPATH=/home/curry/wilson_proj/ros2-rover-ws/install/msgs_rovercon/local/lib/python3.10/dist-packages:${PYTHONPATH} /usr/bin/cmake --build /home/curry/wilson_proj/ros2-rover-ws/build/msgs_mainrocon -- -j4 -l4
[8.321s] [  3%] [34m[1mGenerating C code for ROS interfaces[0m
[8.367s] [  6%] [34m[1mGenerating C++ code for ROS interfaces[0m
[8.413s] [  6%] Built target ament_cmake_python_copy_msgs_mainrocon
[9.665s] [  9%] [32mBuilding C object CMakeFiles/msgs_mainrocon__rosidl_generator_c.dir/rosidl_generator_c/msgs_mainrocon/msg/detail/main_rocon__functions.c.o[0m
[9.683s] [  9%] Built target msgs_mainrocon__cpp
[9.740s] [ 12%] [34m[1mGenerating C++ type support for eProsima Fast-RTPS[0m
[9.751s] [ 16%] [34m[1mGenerating C++ type support dispatch for ROS interfaces[0m
[9.976s] [ 19%] [32m[1mLinking C shared library libmsgs_mainrocon__rosidl_generator_c.so[0m
[10.183s] running egg_info
[10.188s] creating msgs_mainrocon.egg-info
[10.190s] writing msgs_mainrocon.egg-info/PKG-INFO
[10.193s] writing dependency_links to msgs_mainrocon.egg-info/dependency_links.txt
[10.196s] writing top-level names to msgs_mainrocon.egg-info/top_level.txt
[10.198s] writing manifest file 'msgs_mainrocon.egg-info/SOURCES.txt'
[10.203s] [ 19%] Built target msgs_mainrocon__rosidl_generator_c
[10.214s] reading manifest file 'msgs_mainrocon.egg-info/SOURCES.txt'
[10.218s] writing manifest file 'msgs_mainrocon.egg-info/SOURCES.txt'
[10.283s] [ 22%] [34m[1mGenerating C++ introspection for ROS interfaces[0m
[10.413s] [ 22%] Built target ament_cmake_python_build_msgs_mainrocon_egg
[10.475s] [ 25%] [34m[1mGenerating C type support for eProsima Fast-RTPS[0m
[11.060s] [ 29%] [32mBuilding CXX object CMakeFiles/msgs_mainrocon__rosidl_typesupport_cpp.dir/rosidl_typesupport_cpp/msgs_mainrocon/msg/main_rocon__type_support.cpp.o[0m
[11.179s] [ 32%] [32mBuilding CXX object CMakeFiles/msgs_mainrocon__rosidl_typesupport_fastrtps_cpp.dir/rosidl_typesupport_fastrtps_cpp/msgs_mainrocon/msg/detail/dds_fastrtps/main_rocon__type_support.cpp.o[0m
[11.627s] [ 35%] [32mBuilding CXX object CMakeFiles/msgs_mainrocon__rosidl_typesupport_introspection_cpp.dir/rosidl_typesupport_introspection_cpp/msgs_mainrocon/msg/detail/main_rocon__type_support.cpp.o[0m
[11.865s] [ 38%] [32mBuilding CXX object CMakeFiles/msgs_mainrocon__rosidl_typesupport_fastrtps_c.dir/rosidl_typesupport_fastrtps_c/msgs_mainrocon/msg/detail/main_rocon__type_support_c.cpp.o[0m
[12.730s] [ 41%] [32m[1mLinking CXX shared library libmsgs_mainrocon__rosidl_typesupport_cpp.so[0m
[12.971s] [ 41%] Built target msgs_mainrocon__rosidl_typesupport_cpp
[13.036s] [ 45%] [34m[1mGenerating C introspection for ROS interfaces[0m
[13.752s] [ 48%] [32m[1mLinking CXX shared library libmsgs_mainrocon__rosidl_typesupport_fastrtps_cpp.so[0m
[14.051s] [ 51%] [32m[1mLinking CXX shared library libmsgs_mainrocon__rosidl_typesupport_fastrtps_c.so[0m
[14.091s] [ 54%] [32m[1mLinking CXX shared library libmsgs_mainrocon__rosidl_typesupport_introspection_cpp.so[0m
[14.162s] [ 54%] Built target msgs_mainrocon__rosidl_typesupport_fastrtps_cpp
[14.240s] [ 58%] [34m[1mGenerating C type support dispatch for ROS interfaces[0m
[14.510s] [ 58%] Built target msgs_mainrocon__rosidl_typesupport_introspection_cpp
[14.535s] [ 58%] Built target msgs_mainrocon__rosidl_typesupport_fastrtps_c
[14.609s] [ 61%] [32mBuilding C object CMakeFiles/msgs_mainrocon__rosidl_typesupport_introspection_c.dir/rosidl_typesupport_introspection_c/msgs_mainrocon/msg/detail/main_rocon__type_support.c.o[0m
[14.803s] [ 64%] [32m[1mLinking C shared library libmsgs_mainrocon__rosidl_typesupport_introspection_c.so[0m
[14.942s] [ 64%] Built target msgs_mainrocon__rosidl_typesupport_introspection_c
[15.337s] [ 67%] [32mBuilding CXX object CMakeFiles/msgs_mainrocon__rosidl_typesupport_c.dir/rosidl_typesupport_c/msgs_mainrocon/msg/main_rocon__type_support.cpp.o[0m
[15.494s] [ 70%] [32m[1mLinking CXX shared library libmsgs_mainrocon__rosidl_typesupport_c.so[0m
[15.666s] [ 70%] Built target msgs_mainrocon__rosidl_typesupport_c
[15.765s] [ 70%] Built target msgs_mainrocon
[15.864s] [ 74%] [34m[1mGenerating Python code for ROS interfaces[0m
[17.061s] [ 74%] Built target msgs_mainrocon__py
[17.161s] [ 77%] [32mBuilding C object CMakeFiles/msgs_mainrocon__rosidl_generator_py.dir/rosidl_generator_py/msgs_mainrocon/msg/_main_rocon_s.c.o[0m
[17.630s] [ 80%] [32m[1mLinking C shared library rosidl_generator_py/msgs_mainrocon/libmsgs_mainrocon__rosidl_generator_py.so[0m
[17.831s] [ 80%] Built target msgs_mainrocon__rosidl_generator_py
[17.935s] [ 83%] [32mBuilding C object CMakeFiles/msgs_mainrocon__rosidl_typesupport_fastrtps_c__pyext.dir/rosidl_generator_py/msgs_mainrocon/_msgs_mainrocon_s.ep.rosidl_typesupport_fastrtps_c.c.o[0m
[17.937s] [ 87%] [32mBuilding C object CMakeFiles/msgs_mainrocon__rosidl_typesupport_introspection_c__pyext.dir/rosidl_generator_py/msgs_mainrocon/_msgs_mainrocon_s.ep.rosidl_typesupport_introspection_c.c.o[0m
[17.941s] [ 90%] [32mBuilding C object CMakeFiles/msgs_mainrocon__rosidl_typesupport_c__pyext.dir/rosidl_generator_py/msgs_mainrocon/_msgs_mainrocon_s.ep.rosidl_typesupport_c.c.o[0m
[18.486s] [100%] [32m[1mLinking C shared library rosidl_generator_py/msgs_mainrocon/msgs_mainrocon_s__rosidl_typesupport_c.cpython-310-aarch64-linux-gnu.so[0m
[18.487s] [100%] [32m[1mLinking C shared library rosidl_generator_py/msgs_mainrocon/msgs_mainrocon_s__rosidl_typesupport_introspection_c.cpython-310-aarch64-linux-gnu.so[0m
[18.487s] [100%] [32m[1mLinking C shared library rosidl_generator_py/msgs_mainrocon/msgs_mainrocon_s__rosidl_typesupport_fastrtps_c.cpython-310-aarch64-linux-gnu.so[0m
[18.728s] [100%] Built target msgs_mainrocon__rosidl_typesupport_fastrtps_c__pyext
[18.731s] [100%] Built target msgs_mainrocon__rosidl_typesupport_introspection_c__pyext
[18.733s] [100%] Built target msgs_mainrocon__rosidl_typesupport_c__pyext
[18.781s] Invoked command in '/home/curry/wilson_proj/ros2-rover-ws/build/msgs_mainrocon' returned '0': AMENT_PREFIX_PATH=/home/curry/wilson_proj/ros2-rover-ws/install/msgs_rovercon:${AMENT_PREFIX_PATH} CMAKE_PREFIX_PATH=/home/curry/wilson_proj/ros2-rover-ws/install/msgs_rovercon:/home/curry/wilson_proj/ros2-rover-ws/install/rovercon_msgs:/home/curry/wilson_proj/ros2-rover-ws/install/package_test:/home/curry/wilson_proj/ros2-rover-ws/install/package_rover_control:/home/curry/wilson_proj/ros2-rover-ws/install/package_position_process:/home/curry/wilson_proj/ros2-rover-ws/install/package_navigate_route:/home/curry/wilson_proj/ros2-rover-ws/install/package_image_process:/home/curry/wilson_proj/ros2-rover-ws/install/msgs_positions:/home/curry/wilson_proj/ros2-rover-ws/install/action_interfaces:/opt/ros/humble LD_LIBRARY_PATH=/home/curry/wilson_proj/ros2-rover-ws/install/msgs_rovercon/lib:${LD_LIBRARY_PATH} PYTHONPATH=/home/curry/wilson_proj/ros2-rover-ws/install/msgs_rovercon/local/lib/python3.10/dist-packages:${PYTHONPATH} /usr/bin/cmake --build /home/curry/wilson_proj/ros2-rover-ws/build/msgs_mainrocon -- -j4 -l4
[18.792s] Invoking command in '/home/curry/wilson_proj/ros2-rover-ws/build/msgs_mainrocon': AMENT_PREFIX_PATH=/home/curry/wilson_proj/ros2-rover-ws/install/msgs_rovercon:${AMENT_PREFIX_PATH} CMAKE_PREFIX_PATH=/home/curry/wilson_proj/ros2-rover-ws/install/msgs_rovercon:/home/curry/wilson_proj/ros2-rover-ws/install/rovercon_msgs:/home/curry/wilson_proj/ros2-rover-ws/install/package_test:/home/curry/wilson_proj/ros2-rover-ws/install/package_rover_control:/home/curry/wilson_proj/ros2-rover-ws/install/package_position_process:/home/curry/wilson_proj/ros2-rover-ws/install/package_navigate_route:/home/curry/wilson_proj/ros2-rover-ws/install/package_image_process:/home/curry/wilson_proj/ros2-rover-ws/install/msgs_positions:/home/curry/wilson_proj/ros2-rover-ws/install/action_interfaces:/opt/ros/humble LD_LIBRARY_PATH=/home/curry/wilson_proj/ros2-rover-ws/install/msgs_rovercon/lib:${LD_LIBRARY_PATH} PYTHONPATH=/home/curry/wilson_proj/ros2-rover-ws/install/msgs_rovercon/local/lib/python3.10/dist-packages:${PYTHONPATH} /usr/bin/cmake --install /home/curry/wilson_proj/ros2-rover-ws/build/msgs_mainrocon
[18.825s] -- Install configuration: ""
[18.826s] -- Installing: /home/curry/wilson_proj/ros2-rover-ws/install/msgs_mainrocon/share/ament_index/resource_index/rosidl_interfaces/msgs_mainrocon
[18.827s] -- Up-to-date: /home/curry/wilson_proj/ros2-rover-ws/install/msgs_mainrocon/include/msgs_mainrocon/msgs_mainrocon
[18.828s] -- Up-to-date: /home/curry/wilson_proj/ros2-rover-ws/install/msgs_mainrocon/include/msgs_mainrocon/msgs_mainrocon/msg
[18.828s] -- Installing: /home/curry/wilson_proj/ros2-rover-ws/install/msgs_mainrocon/include/msgs_mainrocon/msgs_mainrocon/msg/main_rocon.h
[18.829s] -- Up-to-date: /home/curry/wilson_proj/ros2-rover-ws/install/msgs_mainrocon/include/msgs_mainrocon/msgs_mainrocon/msg/detail
[18.830s] -- Installing: /home/curry/wilson_proj/ros2-rover-ws/install/msgs_mainrocon/include/msgs_mainrocon/msgs_mainrocon/msg/detail/main_rocon__functions.c
[18.831s] -- Installing: /home/curry/wilson_proj/ros2-rover-ws/install/msgs_mainrocon/include/msgs_mainrocon/msgs_mainrocon/msg/detail/main_rocon__type_support.h
[18.832s] -- Installing: /home/curry/wilson_proj/ros2-rover-ws/install/msgs_mainrocon/include/msgs_mainrocon/msgs_mainrocon/msg/detail/main_rocon__functions.h
[18.833s] -- Installing: /home/curry/wilson_proj/ros2-rover-ws/install/msgs_mainrocon/include/msgs_mainrocon/msgs_mainrocon/msg/detail/main_rocon__struct.h
[18.834s] -- Installing: /home/curry/wilson_proj/ros2-rover-ws/install/msgs_mainrocon/include/msgs_mainrocon/msgs_mainrocon/msg/rosidl_generator_c__visibility_control.h
[18.836s] -- Installing: /home/curry/wilson_proj/ros2-rover-ws/install/msgs_mainrocon/share/msgs_mainrocon/environment/library_path.sh
[18.837s] -- Installing: /home/curry/wilson_proj/ros2-rover-ws/install/msgs_mainrocon/share/msgs_mainrocon/environment/library_path.dsv
[18.839s] -- Installing: /home/curry/wilson_proj/ros2-rover-ws/install/msgs_mainrocon/lib/libmsgs_mainrocon__rosidl_generator_c.so
[18.841s] -- Set runtime path of "/home/curry/wilson_proj/ros2-rover-ws/install/msgs_mainrocon/lib/libmsgs_mainrocon__rosidl_generator_c.so" to ""
[18.842s] -- Up-to-date: /home/curry/wilson_proj/ros2-rover-ws/install/msgs_mainrocon/include/msgs_mainrocon/msgs_mainrocon
[18.842s] -- Up-to-date: /home/curry/wilson_proj/ros2-rover-ws/install/msgs_mainrocon/include/msgs_mainrocon/msgs_mainrocon/msg
[18.842s] -- Up-to-date: /home/curry/wilson_proj/ros2-rover-ws/install/msgs_mainrocon/include/msgs_mainrocon/msgs_mainrocon/msg/detail
[18.843s] -- Installing: /home/curry/wilson_proj/ros2-rover-ws/install/msgs_mainrocon/include/msgs_mainrocon/msgs_mainrocon/msg/detail/main_rocon__rosidl_typesupport_fastrtps_c.h
[18.844s] -- Installing: /home/curry/wilson_proj/ros2-rover-ws/install/msgs_mainrocon/include/msgs_mainrocon/msgs_mainrocon/msg/rosidl_typesupport_fastrtps_c__visibility_control.h
[18.846s] -- Installing: /home/curry/wilson_proj/ros2-rover-ws/install/msgs_mainrocon/lib/libmsgs_mainrocon__rosidl_typesupport_fastrtps_c.so
[18.848s] -- Set runtime path of "/home/curry/wilson_proj/ros2-rover-ws/install/msgs_mainrocon/lib/libmsgs_mainrocon__rosidl_typesupport_fastrtps_c.so" to ""
[18.849s] -- Up-to-date: /home/curry/wilson_proj/ros2-rover-ws/install/msgs_mainrocon/include/msgs_mainrocon/msgs_mainrocon
[18.849s] -- Up-to-date: /home/curry/wilson_proj/ros2-rover-ws/install/msgs_mainrocon/include/msgs_mainrocon/msgs_mainrocon/msg
[18.849s] -- Installing: /home/curry/wilson_proj/ros2-rover-ws/install/msgs_mainrocon/include/msgs_mainrocon/msgs_mainrocon/msg/rosidl_typesupport_introspection_c__visibility_control.h
[18.851s] -- Up-to-date: /home/curry/wilson_proj/ros2-rover-ws/install/msgs_mainrocon/include/msgs_mainrocon/msgs_mainrocon/msg/detail
[18.851s] -- Installing: /home/curry/wilson_proj/ros2-rover-ws/install/msgs_mainrocon/include/msgs_mainrocon/msgs_mainrocon/msg/detail/main_rocon__type_support.c
[18.852s] -- Installing: /home/curry/wilson_proj/ros2-rover-ws/install/msgs_mainrocon/include/msgs_mainrocon/msgs_mainrocon/msg/detail/main_rocon__rosidl_typesupport_introspection_c.h
[18.854s] -- Installing: /home/curry/wilson_proj/ros2-rover-ws/install/msgs_mainrocon/lib/libmsgs_mainrocon__rosidl_typesupport_introspection_c.so
[18.856s] -- Set runtime path of "/home/curry/wilson_proj/ros2-rover-ws/install/msgs_mainrocon/lib/libmsgs_mainrocon__rosidl_typesupport_introspection_c.so" to ""
[18.857s] -- Installing: /home/curry/wilson_proj/ros2-rover-ws/install/msgs_mainrocon/lib/libmsgs_mainrocon__rosidl_typesupport_c.so
[18.859s] -- Set runtime path of "/home/curry/wilson_proj/ros2-rover-ws/install/msgs_mainrocon/lib/libmsgs_mainrocon__rosidl_typesupport_c.so" to ""
[18.860s] -- Up-to-date: /home/curry/wilson_proj/ros2-rover-ws/install/msgs_mainrocon/include/msgs_mainrocon/msgs_mainrocon
[18.860s] -- Up-to-date: /home/curry/wilson_proj/ros2-rover-ws/install/msgs_mainrocon/include/msgs_mainrocon/msgs_mainrocon/msg
[18.860s] -- Installing: /home/curry/wilson_proj/ros2-rover-ws/install/msgs_mainrocon/include/msgs_mainrocon/msgs_mainrocon/msg/rosidl_generator_cpp__visibility_control.hpp
[18.862s] -- Up-to-date: /home/curry/wilson_proj/ros2-rover-ws/install/msgs_mainrocon/include/msgs_mainrocon/msgs_mainrocon/msg/detail
[18.862s] -- Installing: /home/curry/wilson_proj/ros2-rover-ws/install/msgs_mainrocon/include/msgs_mainrocon/msgs_mainrocon/msg/detail/main_rocon__type_support.hpp
[18.863s] -- Installing: /home/curry/wilson_proj/ros2-rover-ws/install/msgs_mainrocon/include/msgs_mainrocon/msgs_mainrocon/msg/detail/main_rocon__traits.hpp
[18.864s] -- Installing: /home/curry/wilson_proj/ros2-rover-ws/install/msgs_mainrocon/include/msgs_mainrocon/msgs_mainrocon/msg/detail/main_rocon__builder.hpp
[18.866s] -- Installing: /home/curry/wilson_proj/ros2-rover-ws/install/msgs_mainrocon/include/msgs_mainrocon/msgs_mainrocon/msg/detail/main_rocon__struct.hpp
[18.867s] -- Installing: /home/curry/wilson_proj/ros2-rover-ws/install/msgs_mainrocon/include/msgs_mainrocon/msgs_mainrocon/msg/main_rocon.hpp
[18.868s] -- Up-to-date: /home/curry/wilson_proj/ros2-rover-ws/install/msgs_mainrocon/include/msgs_mainrocon/msgs_mainrocon
[18.868s] -- Up-to-date: /home/curry/wilson_proj/ros2-rover-ws/install/msgs_mainrocon/include/msgs_mainrocon/msgs_mainrocon/msg
[18.869s] -- Up-to-date: /home/curry/wilson_proj/ros2-rover-ws/install/msgs_mainrocon/include/msgs_mainrocon/msgs_mainrocon/msg/detail
[18.869s] -- Installing: /home/curry/wilson_proj/ros2-rover-ws/install/msgs_mainrocon/include/msgs_mainrocon/msgs_mainrocon/msg/detail/main_rocon__rosidl_typesupport_fastrtps_cpp.hpp
[18.870s] -- Up-to-date: /home/curry/wilson_proj/ros2-rover-ws/install/msgs_mainrocon/include/msgs_mainrocon/msgs_mainrocon/msg/detail/dds_fastrtps
[18.871s] -- Installing: /home/curry/wilson_proj/ros2-rover-ws/install/msgs_mainrocon/include/msgs_mainrocon/msgs_mainrocon/msg/rosidl_typesupport_fastrtps_cpp__visibility_control.h
[18.872s] -- Installing: /home/curry/wilson_proj/ros2-rover-ws/install/msgs_mainrocon/lib/libmsgs_mainrocon__rosidl_typesupport_fastrtps_cpp.so
[18.875s] -- Set runtime path of "/home/curry/wilson_proj/ros2-rover-ws/install/msgs_mainrocon/lib/libmsgs_mainrocon__rosidl_typesupport_fastrtps_cpp.so" to ""
[18.875s] -- Up-to-date: /home/curry/wilson_proj/ros2-rover-ws/install/msgs_mainrocon/include/msgs_mainrocon/msgs_mainrocon
[18.876s] -- Up-to-date: /home/curry/wilson_proj/ros2-rover-ws/install/msgs_mainrocon/include/msgs_mainrocon/msgs_mainrocon/msg
[18.876s] -- Up-to-date: /home/curry/wilson_proj/ros2-rover-ws/install/msgs_mainrocon/include/msgs_mainrocon/msgs_mainrocon/msg/detail
[18.876s] -- Installing: /home/curry/wilson_proj/ros2-rover-ws/install/msgs_mainrocon/include/msgs_mainrocon/msgs_mainrocon/msg/detail/main_rocon__type_support.cpp
[18.878s] -- Installing: /home/curry/wilson_proj/ros2-rover-ws/install/msgs_mainrocon/include/msgs_mainrocon/msgs_mainrocon/msg/detail/main_rocon__rosidl_typesupport_introspection_cpp.hpp
[18.879s] -- Installing: /home/curry/wilson_proj/ros2-rover-ws/install/msgs_mainrocon/lib/libmsgs_mainrocon__rosidl_typesupport_introspection_cpp.so
[18.882s] -- Set runtime path of "/home/curry/wilson_proj/ros2-rover-ws/install/msgs_mainrocon/lib/libmsgs_mainrocon__rosidl_typesupport_introspection_cpp.so" to ""
[18.882s] -- Installing: /home/curry/wilson_proj/ros2-rover-ws/install/msgs_mainrocon/lib/libmsgs_mainrocon__rosidl_typesupport_cpp.so
[18.885s] -- Set runtime path of "/home/curry/wilson_proj/ros2-rover-ws/install/msgs_mainrocon/lib/libmsgs_mainrocon__rosidl_typesupport_cpp.so" to ""
[18.885s] -- Installing: /home/curry/wilson_proj/ros2-rover-ws/install/msgs_mainrocon/share/msgs_mainrocon/environment/pythonpath.sh
[18.886s] -- Installing: /home/curry/wilson_proj/ros2-rover-ws/install/msgs_mainrocon/share/msgs_mainrocon/environment/pythonpath.dsv
[18.887s] -- Installing: /home/curry/wilson_proj/ros2-rover-ws/install/msgs_mainrocon/local/lib/python3.10/dist-packages/msgs_mainrocon-0.0.0-py3.10.egg-info
[18.888s] -- Installing: /home/curry/wilson_proj/ros2-rover-ws/install/msgs_mainrocon/local/lib/python3.10/dist-packages/msgs_mainrocon-0.0.0-py3.10.egg-info/dependency_links.txt
[18.890s] -- Installing: /home/curry/wilson_proj/ros2-rover-ws/install/msgs_mainrocon/local/lib/python3.10/dist-packages/msgs_mainrocon-0.0.0-py3.10.egg-info/SOURCES.txt
[18.891s] -- Installing: /home/curry/wilson_proj/ros2-rover-ws/install/msgs_mainrocon/local/lib/python3.10/dist-packages/msgs_mainrocon-0.0.0-py3.10.egg-info/top_level.txt
[18.892s] -- Installing: /home/curry/wilson_proj/ros2-rover-ws/install/msgs_mainrocon/local/lib/python3.10/dist-packages/msgs_mainrocon-0.0.0-py3.10.egg-info/PKG-INFO
[18.893s] -- Installing: /home/curry/wilson_proj/ros2-rover-ws/install/msgs_mainrocon/local/lib/python3.10/dist-packages/msgs_mainrocon
[18.894s] -- Installing: /home/curry/wilson_proj/ros2-rover-ws/install/msgs_mainrocon/local/lib/python3.10/dist-packages/msgs_mainrocon/msgs_mainrocon_s__rosidl_typesupport_fastrtps_c.cpython-310-aarch64-linux-gnu.so
[18.896s] -- Installing: /home/curry/wilson_proj/ros2-rover-ws/install/msgs_mainrocon/local/lib/python3.10/dist-packages/msgs_mainrocon/msgs_mainrocon_s__rosidl_typesupport_c.cpython-310-aarch64-linux-gnu.so
[18.897s] -- Installing: /home/curry/wilson_proj/ros2-rover-ws/install/msgs_mainrocon/local/lib/python3.10/dist-packages/msgs_mainrocon/msgs_mainrocon_s__rosidl_typesupport_introspection_c.cpython-310-aarch64-linux-gnu.so
[18.898s] -- Installing: /home/curry/wilson_proj/ros2-rover-ws/install/msgs_mainrocon/local/lib/python3.10/dist-packages/msgs_mainrocon/msg
[18.899s] -- Installing: /home/curry/wilson_proj/ros2-rover-ws/install/msgs_mainrocon/local/lib/python3.10/dist-packages/msgs_mainrocon/msg/_main_rocon.py
[18.900s] -- Installing: /home/curry/wilson_proj/ros2-rover-ws/install/msgs_mainrocon/local/lib/python3.10/dist-packages/msgs_mainrocon/msg/_main_rocon_s.c
[18.901s] -- Installing: /home/curry/wilson_proj/ros2-rover-ws/install/msgs_mainrocon/local/lib/python3.10/dist-packages/msgs_mainrocon/msg/__init__.py
[18.902s] -- Installing: /home/curry/wilson_proj/ros2-rover-ws/install/msgs_mainrocon/local/lib/python3.10/dist-packages/msgs_mainrocon/libmsgs_mainrocon__rosidl_generator_py.so
[18.904s] -- Installing: /home/curry/wilson_proj/ros2-rover-ws/install/msgs_mainrocon/local/lib/python3.10/dist-packages/msgs_mainrocon/_msgs_mainrocon_s.ep.rosidl_typesupport_introspection_c.c
[18.905s] -- Installing: /home/curry/wilson_proj/ros2-rover-ws/install/msgs_mainrocon/local/lib/python3.10/dist-packages/msgs_mainrocon/__init__.py
[18.906s] -- Installing: /home/curry/wilson_proj/ros2-rover-ws/install/msgs_mainrocon/local/lib/python3.10/dist-packages/msgs_mainrocon/_msgs_mainrocon_s.ep.rosidl_typesupport_c.c
[18.907s] -- Installing: /home/curry/wilson_proj/ros2-rover-ws/install/msgs_mainrocon/local/lib/python3.10/dist-packages/msgs_mainrocon/_msgs_mainrocon_s.ep.rosidl_typesupport_fastrtps_c.c
[19.068s] Listing '/home/curry/wilson_proj/ros2-rover-ws/install/msgs_mainrocon/local/lib/python3.10/dist-packages/msgs_mainrocon'...
[19.069s] Compiling '/home/curry/wilson_proj/ros2-rover-ws/install/msgs_mainrocon/local/lib/python3.10/dist-packages/msgs_mainrocon/__init__.py'...
[19.070s] Listing '/home/curry/wilson_proj/ros2-rover-ws/install/msgs_mainrocon/local/lib/python3.10/dist-packages/msgs_mainrocon/msg'...
[19.071s] Compiling '/home/curry/wilson_proj/ros2-rover-ws/install/msgs_mainrocon/local/lib/python3.10/dist-packages/msgs_mainrocon/msg/__init__.py'...
[19.072s] Compiling '/home/curry/wilson_proj/ros2-rover-ws/install/msgs_mainrocon/local/lib/python3.10/dist-packages/msgs_mainrocon/msg/_main_rocon.py'...
[19.095s] -- Installing: /home/curry/wilson_proj/ros2-rover-ws/install/msgs_mainrocon/local/lib/python3.10/dist-packages/msgs_mainrocon/msgs_mainrocon_s__rosidl_typesupport_fastrtps_c.cpython-310-aarch64-linux-gnu.so
[19.098s] -- Set runtime path of "/home/curry/wilson_proj/ros2-rover-ws/install/msgs_mainrocon/local/lib/python3.10/dist-packages/msgs_mainrocon/msgs_mainrocon_s__rosidl_typesupport_fastrtps_c.cpython-310-aarch64-linux-gnu.so" to ""
[19.100s] -- Installing: /home/curry/wilson_proj/ros2-rover-ws/install/msgs_mainrocon/local/lib/python3.10/dist-packages/msgs_mainrocon/msgs_mainrocon_s__rosidl_typesupport_introspection_c.cpython-310-aarch64-linux-gnu.so
[19.104s] -- Set runtime path of "/home/curry/wilson_proj/ros2-rover-ws/install/msgs_mainrocon/local/lib/python3.10/dist-packages/msgs_mainrocon/msgs_mainrocon_s__rosidl_typesupport_introspection_c.cpython-310-aarch64-linux-gnu.so" to ""
[19.106s] -- Installing: /home/curry/wilson_proj/ros2-rover-ws/install/msgs_mainrocon/local/lib/python3.10/dist-packages/msgs_mainrocon/msgs_mainrocon_s__rosidl_typesupport_c.cpython-310-aarch64-linux-gnu.so
[19.110s] -- Set runtime path of "/home/curry/wilson_proj/ros2-rover-ws/install/msgs_mainrocon/local/lib/python3.10/dist-packages/msgs_mainrocon/msgs_mainrocon_s__rosidl_typesupport_c.cpython-310-aarch64-linux-gnu.so" to ""
[19.111s] -- Installing: /home/curry/wilson_proj/ros2-rover-ws/install/msgs_mainrocon/lib/libmsgs_mainrocon__rosidl_generator_py.so
[19.114s] -- Set runtime path of "/home/curry/wilson_proj/ros2-rover-ws/install/msgs_mainrocon/lib/libmsgs_mainrocon__rosidl_generator_py.so" to ""
[19.114s] -- Installing: /home/curry/wilson_proj/ros2-rover-ws/install/msgs_mainrocon/share/msgs_mainrocon/msg/MainRocon.idl
[19.116s] -- Installing: /home/curry/wilson_proj/ros2-rover-ws/install/msgs_mainrocon/share/msgs_mainrocon/msg/MainRocon.msg
[19.117s] -- Installing: /home/curry/wilson_proj/ros2-rover-ws/install/msgs_mainrocon/share/ament_index/resource_index/package_run_dependencies/msgs_mainrocon
[19.119s] -- Installing: /home/curry/wilson_proj/ros2-rover-ws/install/msgs_mainrocon/share/ament_index/resource_index/parent_prefix_path/msgs_mainrocon
[19.120s] -- Installing: /home/curry/wilson_proj/ros2-rover-ws/install/msgs_mainrocon/share/msgs_mainrocon/environment/ament_prefix_path.sh
[19.121s] -- Installing: /home/curry/wilson_proj/ros2-rover-ws/install/msgs_mainrocon/share/msgs_mainrocon/environment/ament_prefix_path.dsv
[19.122s] -- Installing: /home/curry/wilson_proj/ros2-rover-ws/install/msgs_mainrocon/share/msgs_mainrocon/environment/path.sh
[19.124s] -- Installing: /home/curry/wilson_proj/ros2-rover-ws/install/msgs_mainrocon/share/msgs_mainrocon/environment/path.dsv
[19.125s] -- Installing: /home/curry/wilson_proj/ros2-rover-ws/install/msgs_mainrocon/share/msgs_mainrocon/local_setup.bash
[19.126s] -- Installing: /home/curry/wilson_proj/ros2-rover-ws/install/msgs_mainrocon/share/msgs_mainrocon/local_setup.sh
[19.127s] -- Installing: /home/curry/wilson_proj/ros2-rover-ws/install/msgs_mainrocon/share/msgs_mainrocon/local_setup.zsh
[19.128s] -- Installing: /home/curry/wilson_proj/ros2-rover-ws/install/msgs_mainrocon/share/msgs_mainrocon/local_setup.dsv
[19.130s] -- Installing: /home/curry/wilson_proj/ros2-rover-ws/install/msgs_mainrocon/share/msgs_mainrocon/package.dsv
[19.131s] -- Installing: /home/curry/wilson_proj/ros2-rover-ws/install/msgs_mainrocon/share/ament_index/resource_index/packages/msgs_mainrocon
[19.133s] -- Installing: /home/curry/wilson_proj/ros2-rover-ws/install/msgs_mainrocon/share/msgs_mainrocon/cmake/export_msgs_mainrocon__rosidl_generator_cExport.cmake
[19.134s] -- Installing: /home/curry/wilson_proj/ros2-rover-ws/install/msgs_mainrocon/share/msgs_mainrocon/cmake/export_msgs_mainrocon__rosidl_generator_cExport-noconfig.cmake
[19.136s] -- Installing: /home/curry/wilson_proj/ros2-rover-ws/install/msgs_mainrocon/share/msgs_mainrocon/cmake/export_msgs_mainrocon__rosidl_typesupport_fastrtps_cExport.cmake
[19.137s] -- Installing: /home/curry/wilson_proj/ros2-rover-ws/install/msgs_mainrocon/share/msgs_mainrocon/cmake/export_msgs_mainrocon__rosidl_typesupport_fastrtps_cExport-noconfig.cmake
[19.139s] -- Installing: /home/curry/wilson_proj/ros2-rover-ws/install/msgs_mainrocon/share/msgs_mainrocon/cmake/msgs_mainrocon__rosidl_typesupport_introspection_cExport.cmake
[19.140s] -- Installing: /home/curry/wilson_proj/ros2-rover-ws/install/msgs_mainrocon/share/msgs_mainrocon/cmake/msgs_mainrocon__rosidl_typesupport_introspection_cExport-noconfig.cmake
[19.142s] -- Installing: /home/curry/wilson_proj/ros2-rover-ws/install/msgs_mainrocon/share/msgs_mainrocon/cmake/msgs_mainrocon__rosidl_typesupport_cExport.cmake
[19.143s] -- Installing: /home/curry/wilson_proj/ros2-rover-ws/install/msgs_mainrocon/share/msgs_mainrocon/cmake/msgs_mainrocon__rosidl_typesupport_cExport-noconfig.cmake
[19.145s] -- Installing: /home/curry/wilson_proj/ros2-rover-ws/install/msgs_mainrocon/share/msgs_mainrocon/cmake/export_msgs_mainrocon__rosidl_generator_cppExport.cmake
[19.146s] -- Installing: /home/curry/wilson_proj/ros2-rover-ws/install/msgs_mainrocon/share/msgs_mainrocon/cmake/export_msgs_mainrocon__rosidl_typesupport_fastrtps_cppExport.cmake
[19.148s] -- Installing: /home/curry/wilson_proj/ros2-rover-ws/install/msgs_mainrocon/share/msgs_mainrocon/cmake/export_msgs_mainrocon__rosidl_typesupport_fastrtps_cppExport-noconfig.cmake
[19.149s] -- Installing: /home/curry/wilson_proj/ros2-rover-ws/install/msgs_mainrocon/share/msgs_mainrocon/cmake/msgs_mainrocon__rosidl_typesupport_introspection_cppExport.cmake
[19.151s] -- Installing: /home/curry/wilson_proj/ros2-rover-ws/install/msgs_mainrocon/share/msgs_mainrocon/cmake/msgs_mainrocon__rosidl_typesupport_introspection_cppExport-noconfig.cmake
[19.152s] -- Installing: /home/curry/wilson_proj/ros2-rover-ws/install/msgs_mainrocon/share/msgs_mainrocon/cmake/msgs_mainrocon__rosidl_typesupport_cppExport.cmake
[19.154s] -- Installing: /home/curry/wilson_proj/ros2-rover-ws/install/msgs_mainrocon/share/msgs_mainrocon/cmake/msgs_mainrocon__rosidl_typesupport_cppExport-noconfig.cmake
[19.155s] -- Installing: /home/curry/wilson_proj/ros2-rover-ws/install/msgs_mainrocon/share/msgs_mainrocon/cmake/export_msgs_mainrocon__rosidl_generator_pyExport.cmake
[19.157s] -- Installing: /home/curry/wilson_proj/ros2-rover-ws/install/msgs_mainrocon/share/msgs_mainrocon/cmake/export_msgs_mainrocon__rosidl_generator_pyExport-noconfig.cmake
[19.158s] -- Installing: /home/curry/wilson_proj/ros2-rover-ws/install/msgs_mainrocon/share/msgs_mainrocon/cmake/rosidl_cmake-extras.cmake
[19.159s] -- Installing: /home/curry/wilson_proj/ros2-rover-ws/install/msgs_mainrocon/share/msgs_mainrocon/cmake/ament_cmake_export_dependencies-extras.cmake
[19.161s] -- Installing: /home/curry/wilson_proj/ros2-rover-ws/install/msgs_mainrocon/share/msgs_mainrocon/cmake/ament_cmake_export_include_directories-extras.cmake
[19.162s] -- Installing: /home/curry/wilson_proj/ros2-rover-ws/install/msgs_mainrocon/share/msgs_mainrocon/cmake/ament_cmake_export_libraries-extras.cmake
[19.163s] -- Installing: /home/curry/wilson_proj/ros2-rover-ws/install/msgs_mainrocon/share/msgs_mainrocon/cmake/ament_cmake_export_targets-extras.cmake
[19.165s] -- Installing: /home/curry/wilson_proj/ros2-rover-ws/install/msgs_mainrocon/share/msgs_mainrocon/cmake/rosidl_cmake_export_typesupport_targets-extras.cmake
[19.166s] -- Installing: /home/curry/wilson_proj/ros2-rover-ws/install/msgs_mainrocon/share/msgs_mainrocon/cmake/rosidl_cmake_export_typesupport_libraries-extras.cmake
[19.168s] -- Installing: /home/curry/wilson_proj/ros2-rover-ws/install/msgs_mainrocon/share/msgs_mainrocon/cmake/msgs_mainroconConfig.cmake
[19.169s] -- Installing: /home/curry/wilson_proj/ros2-rover-ws/install/msgs_mainrocon/share/msgs_mainrocon/cmake/msgs_mainroconConfig-version.cmake
[19.170s] -- Installing: /home/curry/wilson_proj/ros2-rover-ws/install/msgs_mainrocon/share/msgs_mainrocon/package.xml
[19.179s] Invoked command in '/home/curry/wilson_proj/ros2-rover-ws/build/msgs_mainrocon' returned '0': AMENT_PREFIX_PATH=/home/curry/wilson_proj/ros2-rover-ws/install/msgs_rovercon:${AMENT_PREFIX_PATH} CMAKE_PREFIX_PATH=/home/curry/wilson_proj/ros2-rover-ws/install/msgs_rovercon:/home/curry/wilson_proj/ros2-rover-ws/install/rovercon_msgs:/home/curry/wilson_proj/ros2-rover-ws/install/package_test:/home/curry/wilson_proj/ros2-rover-ws/install/package_rover_control:/home/curry/wilson_proj/ros2-rover-ws/install/package_position_process:/home/curry/wilson_proj/ros2-rover-ws/install/package_navigate_route:/home/curry/wilson_proj/ros2-rover-ws/install/package_image_process:/home/curry/wilson_proj/ros2-rover-ws/install/msgs_positions:/home/curry/wilson_proj/ros2-rover-ws/install/action_interfaces:/opt/ros/humble LD_LIBRARY_PATH=/home/curry/wilson_proj/ros2-rover-ws/install/msgs_rovercon/lib:${LD_LIBRARY_PATH} PYTHONPATH=/home/curry/wilson_proj/ros2-rover-ws/install/msgs_rovercon/local/lib/python3.10/dist-packages:${PYTHONPATH} /usr/bin/cmake --install /home/curry/wilson_proj/ros2-rover-ws/build/msgs_mainrocon
