[0.192s] Invoking command in '/home/curry/wilson_proj/ros2-rover-ws/build/msgs_mainrocon': CMAKE_PREFIX_PATH=/home/curry/wilson_proj/ros2-rover-ws/install/msgs_rovercon:/home/curry/wilson_proj/ros2-rover-ws/install/service_ifaces:/home/curry/wilson_proj/ros2-rover-ws/install/ifaces_rover:/home/curry/wilson_proj/ros2-rover-ws/install/rovercon_msgs:/home/curry/wilson_proj/ros2-rover-ws/install/package_test:/home/curry/wilson_proj/ros2-rover-ws/install/package_rover_control:/home/curry/wilson_proj/ros2-rover-ws/install/package_position_process:/home/curry/wilson_proj/ros2-rover-ws/install/package_navigate_route:/home/curry/wilson_proj/ros2-rover-ws/install/package_image_process:/home/curry/wilson_proj/ros2-rover-ws/install/msgs_mainrocon:/home/curry/wilson_proj/ros2-rover-ws/install/msgs_positions:/home/curry/wilson_proj/ros2-rover-ws/install/ifaces_position:/home/curry/wilson_proj/ros2-rover-ws/install/action_interfaces:/opt/ros/humble LD_LIBRARY_PATH=/home/curry/wilson_proj/ros2-rover-ws/install/msgs_rovercon/lib:/home/curry/wilson_proj/ros2-rover-ws/install/service_ifaces/lib:/home/curry/wilson_proj/ros2-rover-ws/install/ifaces_rover/lib:/home/curry/wilson_proj/ros2-rover-ws/install/rovercon_msgs/lib:/home/curry/wilson_proj/ros2-rover-ws/install/package_rover_control/lib:/home/curry/wilson_proj/ros2-rover-ws/install/msgs_mainrocon/lib:/home/curry/wilson_proj/ros2-rover-ws/install/msgs_positions/lib:/home/curry/wilson_proj/ros2-rover-ws/install/ifaces_position/lib:/home/curry/wilson_proj/ros2-rover-ws/install/action_interfaces/lib:/opt/ros/humble/opt/rviz_ogre_vendor/lib:/opt/ros/humble/lib/aarch64-linux-gnu:/opt/ros/humble/lib /usr/bin/cmake --build /home/curry/wilson_proj/ros2-rover-ws/build/msgs_mainrocon -- -j4 -l4
[0.990s] [  3%] Built target msgs_mainrocon__cpp
[0.997s] [ 12%] Built target msgs_mainrocon__rosidl_generator_c
[1.119s] [ 12%] Built target ament_cmake_python_copy_msgs_mainrocon
[1.398s] [ 22%] Built target msgs_mainrocon__rosidl_typesupport_introspection_cpp
[1.430s] [ 32%] Built target msgs_mainrocon__rosidl_typesupport_fastrtps_c
[1.504s] [ 41%] Built target msgs_mainrocon__rosidl_typesupport_cpp
[1.552s] [ 51%] Built target msgs_mainrocon__rosidl_typesupport_fastrtps_cpp
[1.766s] [ 61%] Built target msgs_mainrocon__rosidl_typesupport_c
[1.832s] [ 70%] Built target msgs_mainrocon__rosidl_typesupport_introspection_c
[2.081s] [ 70%] Built target msgs_mainrocon
[2.386s] [ 74%] Built target msgs_mainrocon__py
[2.702s] [ 80%] Built target msgs_mainrocon__rosidl_generator_py
[3.153s] [ 87%] Built target msgs_mainrocon__rosidl_typesupport_fastrtps_c__pyext
[3.182s] [ 93%] Built target msgs_mainrocon__rosidl_typesupport_c__pyext
[3.190s] [100%] Built target msgs_mainrocon__rosidl_typesupport_introspection_c__pyext
[5.326s] running egg_info
[5.334s] writing msgs_mainrocon.egg-info/PKG-INFO
[5.343s] writing dependency_links to msgs_mainrocon.egg-info/dependency_links.txt
[5.345s] writing top-level names to msgs_mainrocon.egg-info/top_level.txt
[5.387s] reading manifest file 'msgs_mainrocon.egg-info/SOURCES.txt'
[5.406s] writing manifest file 'msgs_mainrocon.egg-info/SOURCES.txt'
[6.000s] [100%] Built target ament_cmake_python_build_msgs_mainrocon_egg
[6.162s] Invoked command in '/home/curry/wilson_proj/ros2-rover-ws/build/msgs_mainrocon' returned '0': CMAKE_PREFIX_PATH=/home/curry/wilson_proj/ros2-rover-ws/install/msgs_rovercon:/home/curry/wilson_proj/ros2-rover-ws/install/service_ifaces:/home/curry/wilson_proj/ros2-rover-ws/install/ifaces_rover:/home/curry/wilson_proj/ros2-rover-ws/install/rovercon_msgs:/home/curry/wilson_proj/ros2-rover-ws/install/package_test:/home/curry/wilson_proj/ros2-rover-ws/install/package_rover_control:/home/curry/wilson_proj/ros2-rover-ws/install/package_position_process:/home/curry/wilson_proj/ros2-rover-ws/install/package_navigate_route:/home/curry/wilson_proj/ros2-rover-ws/install/package_image_process:/home/curry/wilson_proj/ros2-rover-ws/install/msgs_mainrocon:/home/curry/wilson_proj/ros2-rover-ws/install/msgs_positions:/home/curry/wilson_proj/ros2-rover-ws/install/ifaces_position:/home/curry/wilson_proj/ros2-rover-ws/install/action_interfaces:/opt/ros/humble LD_LIBRARY_PATH=/home/curry/wilson_proj/ros2-rover-ws/install/msgs_rovercon/lib:/home/curry/wilson_proj/ros2-rover-ws/install/service_ifaces/lib:/home/curry/wilson_proj/ros2-rover-ws/install/ifaces_rover/lib:/home/curry/wilson_proj/ros2-rover-ws/install/rovercon_msgs/lib:/home/curry/wilson_proj/ros2-rover-ws/install/package_rover_control/lib:/home/curry/wilson_proj/ros2-rover-ws/install/msgs_mainrocon/lib:/home/curry/wilson_proj/ros2-rover-ws/install/msgs_positions/lib:/home/curry/wilson_proj/ros2-rover-ws/install/ifaces_position/lib:/home/curry/wilson_proj/ros2-rover-ws/install/action_interfaces/lib:/opt/ros/humble/opt/rviz_ogre_vendor/lib:/opt/ros/humble/lib/aarch64-linux-gnu:/opt/ros/humble/lib /usr/bin/cmake --build /home/curry/wilson_proj/ros2-rover-ws/build/msgs_mainrocon -- -j4 -l4
[6.164s] Invoking command in '/home/curry/wilson_proj/ros2-rover-ws/build/msgs_mainrocon': CMAKE_PREFIX_PATH=/home/curry/wilson_proj/ros2-rover-ws/install/msgs_rovercon:/home/curry/wilson_proj/ros2-rover-ws/install/service_ifaces:/home/curry/wilson_proj/ros2-rover-ws/install/ifaces_rover:/home/curry/wilson_proj/ros2-rover-ws/install/rovercon_msgs:/home/curry/wilson_proj/ros2-rover-ws/install/package_test:/home/curry/wilson_proj/ros2-rover-ws/install/package_rover_control:/home/curry/wilson_proj/ros2-rover-ws/install/package_position_process:/home/curry/wilson_proj/ros2-rover-ws/install/package_navigate_route:/home/curry/wilson_proj/ros2-rover-ws/install/package_image_process:/home/curry/wilson_proj/ros2-rover-ws/install/msgs_mainrocon:/home/curry/wilson_proj/ros2-rover-ws/install/msgs_positions:/home/curry/wilson_proj/ros2-rover-ws/install/ifaces_position:/home/curry/wilson_proj/ros2-rover-ws/install/action_interfaces:/opt/ros/humble LD_LIBRARY_PATH=/home/curry/wilson_proj/ros2-rover-ws/install/msgs_rovercon/lib:/home/curry/wilson_proj/ros2-rover-ws/install/service_ifaces/lib:/home/curry/wilson_proj/ros2-rover-ws/install/ifaces_rover/lib:/home/curry/wilson_proj/ros2-rover-ws/install/rovercon_msgs/lib:/home/curry/wilson_proj/ros2-rover-ws/install/package_rover_control/lib:/home/curry/wilson_proj/ros2-rover-ws/install/msgs_mainrocon/lib:/home/curry/wilson_proj/ros2-rover-ws/install/msgs_positions/lib:/home/curry/wilson_proj/ros2-rover-ws/install/ifaces_position/lib:/home/curry/wilson_proj/ros2-rover-ws/install/action_interfaces/lib:/opt/ros/humble/opt/rviz_ogre_vendor/lib:/opt/ros/humble/lib/aarch64-linux-gnu:/opt/ros/humble/lib /usr/bin/cmake --install /home/curry/wilson_proj/ros2-rover-ws/build/msgs_mainrocon
[6.321s] -- Install configuration: ""
[6.323s] -- Up-to-date: /home/curry/wilson_proj/ros2-rover-ws/install/msgs_mainrocon/share/ament_index/resource_index/rosidl_interfaces/msgs_mainrocon
[6.325s] -- Up-to-date: /home/curry/wilson_proj/ros2-rover-ws/install/msgs_mainrocon/include/msgs_mainrocon/msgs_mainrocon
[6.332s] -- Up-to-date: /home/curry/wilson_proj/ros2-rover-ws/install/msgs_mainrocon/include/msgs_mainrocon/msgs_mainrocon/msg
[6.334s] -- Up-to-date: /home/curry/wilson_proj/ros2-rover-ws/install/msgs_mainrocon/include/msgs_mainrocon/msgs_mainrocon/msg/main_rocon.h
[6.335s] -- Up-to-date: /home/curry/wilson_proj/ros2-rover-ws/install/msgs_mainrocon/include/msgs_mainrocon/msgs_mainrocon/msg/detail
[6.337s] -- Up-to-date: /home/curry/wilson_proj/ros2-rover-ws/install/msgs_mainrocon/include/msgs_mainrocon/msgs_mainrocon/msg/detail/main_rocon__functions.c
[6.339s] -- Up-to-date: /home/curry/wilson_proj/ros2-rover-ws/install/msgs_mainrocon/include/msgs_mainrocon/msgs_mainrocon/msg/detail/main_rocon__type_support.h
[6.340s] -- Up-to-date: /home/curry/wilson_proj/ros2-rover-ws/install/msgs_mainrocon/include/msgs_mainrocon/msgs_mainrocon/msg/detail/main_rocon__functions.h
[6.342s] -- Up-to-date: /home/curry/wilson_proj/ros2-rover-ws/install/msgs_mainrocon/include/msgs_mainrocon/msgs_mainrocon/msg/detail/main_rocon__struct.h
[6.343s] -- Up-to-date: /home/curry/wilson_proj/ros2-rover-ws/install/msgs_mainrocon/include/msgs_mainrocon/msgs_mainrocon/msg/rosidl_generator_c__visibility_control.h
[6.344s] -- Up-to-date: /home/curry/wilson_proj/ros2-rover-ws/install/msgs_mainrocon/share/msgs_mainrocon/environment/library_path.sh
[6.346s] -- Up-to-date: /home/curry/wilson_proj/ros2-rover-ws/install/msgs_mainrocon/share/msgs_mainrocon/environment/library_path.dsv
[6.349s] -- Up-to-date: /home/curry/wilson_proj/ros2-rover-ws/install/msgs_mainrocon/lib/libmsgs_mainrocon__rosidl_generator_c.so
[6.352s] -- Up-to-date: /home/curry/wilson_proj/ros2-rover-ws/install/msgs_mainrocon/include/msgs_mainrocon/msgs_mainrocon
[6.353s] -- Up-to-date: /home/curry/wilson_proj/ros2-rover-ws/install/msgs_mainrocon/include/msgs_mainrocon/msgs_mainrocon/msg
[6.357s] -- Up-to-date: /home/curry/wilson_proj/ros2-rover-ws/install/msgs_mainrocon/include/msgs_mainrocon/msgs_mainrocon/msg/detail
[6.359s] -- Up-to-date: /home/curry/wilson_proj/ros2-rover-ws/install/msgs_mainrocon/include/msgs_mainrocon/msgs_mainrocon/msg/detail/main_rocon__rosidl_typesupport_fastrtps_c.h
[6.361s] -- Up-to-date: /home/curry/wilson_proj/ros2-rover-ws/install/msgs_mainrocon/include/msgs_mainrocon/msgs_mainrocon/msg/rosidl_typesupport_fastrtps_c__visibility_control.h
[6.364s] -- Up-to-date: /home/curry/wilson_proj/ros2-rover-ws/install/msgs_mainrocon/lib/libmsgs_mainrocon__rosidl_typesupport_fastrtps_c.so
[6.367s] -- Up-to-date: /home/curry/wilson_proj/ros2-rover-ws/install/msgs_mainrocon/include/msgs_mainrocon/msgs_mainrocon
[6.368s] -- Up-to-date: /home/curry/wilson_proj/ros2-rover-ws/install/msgs_mainrocon/include/msgs_mainrocon/msgs_mainrocon/msg
[6.370s] -- Up-to-date: /home/curry/wilson_proj/ros2-rover-ws/install/msgs_mainrocon/include/msgs_mainrocon/msgs_mainrocon/msg/rosidl_typesupport_introspection_c__visibility_control.h
[6.371s] -- Up-to-date: /home/curry/wilson_proj/ros2-rover-ws/install/msgs_mainrocon/include/msgs_mainrocon/msgs_mainrocon/msg/detail
[6.373s] -- Up-to-date: /home/curry/wilson_proj/ros2-rover-ws/install/msgs_mainrocon/include/msgs_mainrocon/msgs_mainrocon/msg/detail/main_rocon__type_support.c
[6.374s] -- Up-to-date: /home/curry/wilson_proj/ros2-rover-ws/install/msgs_mainrocon/include/msgs_mainrocon/msgs_mainrocon/msg/detail/main_rocon__rosidl_typesupport_introspection_c.h
[6.376s] -- Up-to-date: /home/curry/wilson_proj/ros2-rover-ws/install/msgs_mainrocon/lib/libmsgs_mainrocon__rosidl_typesupport_introspection_c.so
[6.380s] -- Up-to-date: /home/curry/wilson_proj/ros2-rover-ws/install/msgs_mainrocon/lib/libmsgs_mainrocon__rosidl_typesupport_c.so
[6.383s] -- Up-to-date: /home/curry/wilson_proj/ros2-rover-ws/install/msgs_mainrocon/include/msgs_mainrocon/msgs_mainrocon
[6.385s] -- Up-to-date: /home/curry/wilson_proj/ros2-rover-ws/install/msgs_mainrocon/include/msgs_mainrocon/msgs_mainrocon/msg
[6.387s] -- Up-to-date: /home/curry/wilson_proj/ros2-rover-ws/install/msgs_mainrocon/include/msgs_mainrocon/msgs_mainrocon/msg/rosidl_generator_cpp__visibility_control.hpp
[6.388s] -- Up-to-date: /home/curry/wilson_proj/ros2-rover-ws/install/msgs_mainrocon/include/msgs_mainrocon/msgs_mainrocon/msg/detail
[6.390s] -- Up-to-date: /home/curry/wilson_proj/ros2-rover-ws/install/msgs_mainrocon/include/msgs_mainrocon/msgs_mainrocon/msg/detail/main_rocon__type_support.hpp
[6.392s] -- Up-to-date: /home/curry/wilson_proj/ros2-rover-ws/install/msgs_mainrocon/include/msgs_mainrocon/msgs_mainrocon/msg/detail/main_rocon__traits.hpp
[6.394s] -- Up-to-date: /home/curry/wilson_proj/ros2-rover-ws/install/msgs_mainrocon/include/msgs_mainrocon/msgs_mainrocon/msg/detail/main_rocon__builder.hpp
[6.396s] -- Up-to-date: /home/curry/wilson_proj/ros2-rover-ws/install/msgs_mainrocon/include/msgs_mainrocon/msgs_mainrocon/msg/detail/main_rocon__struct.hpp
[6.398s] -- Up-to-date: /home/curry/wilson_proj/ros2-rover-ws/install/msgs_mainrocon/include/msgs_mainrocon/msgs_mainrocon/msg/main_rocon.hpp
[6.400s] -- Up-to-date: /home/curry/wilson_proj/ros2-rover-ws/install/msgs_mainrocon/include/msgs_mainrocon/msgs_mainrocon
[6.401s] -- Up-to-date: /home/curry/wilson_proj/ros2-rover-ws/install/msgs_mainrocon/include/msgs_mainrocon/msgs_mainrocon/msg
[6.403s] -- Up-to-date: /home/curry/wilson_proj/ros2-rover-ws/install/msgs_mainrocon/include/msgs_mainrocon/msgs_mainrocon/msg/detail
[6.406s] -- Up-to-date: /home/curry/wilson_proj/ros2-rover-ws/install/msgs_mainrocon/include/msgs_mainrocon/msgs_mainrocon/msg/detail/main_rocon__rosidl_typesupport_fastrtps_cpp.hpp
[6.407s] -- Up-to-date: /home/curry/wilson_proj/ros2-rover-ws/install/msgs_mainrocon/include/msgs_mainrocon/msgs_mainrocon/msg/detail/dds_fastrtps
[6.409s] -- Up-to-date: /home/curry/wilson_proj/ros2-rover-ws/install/msgs_mainrocon/include/msgs_mainrocon/msgs_mainrocon/msg/rosidl_typesupport_fastrtps_cpp__visibility_control.h
[6.412s] -- Up-to-date: /home/curry/wilson_proj/ros2-rover-ws/install/msgs_mainrocon/lib/libmsgs_mainrocon__rosidl_typesupport_fastrtps_cpp.so
[6.415s] -- Up-to-date: /home/curry/wilson_proj/ros2-rover-ws/install/msgs_mainrocon/include/msgs_mainrocon/msgs_mainrocon
[6.416s] -- Up-to-date: /home/curry/wilson_proj/ros2-rover-ws/install/msgs_mainrocon/include/msgs_mainrocon/msgs_mainrocon/msg
[6.418s] -- Up-to-date: /home/curry/wilson_proj/ros2-rover-ws/install/msgs_mainrocon/include/msgs_mainrocon/msgs_mainrocon/msg/detail
[6.419s] -- Up-to-date: /home/curry/wilson_proj/ros2-rover-ws/install/msgs_mainrocon/include/msgs_mainrocon/msgs_mainrocon/msg/detail/main_rocon__type_support.cpp
[6.421s] -- Up-to-date: /home/curry/wilson_proj/ros2-rover-ws/install/msgs_mainrocon/include/msgs_mainrocon/msgs_mainrocon/msg/detail/main_rocon__rosidl_typesupport_introspection_cpp.hpp
[6.424s] -- Up-to-date: /home/curry/wilson_proj/ros2-rover-ws/install/msgs_mainrocon/lib/libmsgs_mainrocon__rosidl_typesupport_introspection_cpp.so
[6.429s] -- Up-to-date: /home/curry/wilson_proj/ros2-rover-ws/install/msgs_mainrocon/lib/libmsgs_mainrocon__rosidl_typesupport_cpp.so
[6.431s] -- Up-to-date: /home/curry/wilson_proj/ros2-rover-ws/install/msgs_mainrocon/share/msgs_mainrocon/environment/pythonpath.sh
[6.432s] -- Up-to-date: /home/curry/wilson_proj/ros2-rover-ws/install/msgs_mainrocon/share/msgs_mainrocon/environment/pythonpath.dsv
[6.435s] -- Up-to-date: /home/curry/wilson_proj/ros2-rover-ws/install/msgs_mainrocon/local/lib/python3.10/dist-packages/msgs_mainrocon-0.0.0-py3.10.egg-info
[6.436s] -- Installing: /home/curry/wilson_proj/ros2-rover-ws/install/msgs_mainrocon/local/lib/python3.10/dist-packages/msgs_mainrocon-0.0.0-py3.10.egg-info/dependency_links.txt
[6.439s] -- Installing: /home/curry/wilson_proj/ros2-rover-ws/install/msgs_mainrocon/local/lib/python3.10/dist-packages/msgs_mainrocon-0.0.0-py3.10.egg-info/SOURCES.txt
[6.442s] -- Installing: /home/curry/wilson_proj/ros2-rover-ws/install/msgs_mainrocon/local/lib/python3.10/dist-packages/msgs_mainrocon-0.0.0-py3.10.egg-info/top_level.txt
[6.445s] -- Installing: /home/curry/wilson_proj/ros2-rover-ws/install/msgs_mainrocon/local/lib/python3.10/dist-packages/msgs_mainrocon-0.0.0-py3.10.egg-info/PKG-INFO
[6.448s] -- Up-to-date: /home/curry/wilson_proj/ros2-rover-ws/install/msgs_mainrocon/local/lib/python3.10/dist-packages/msgs_mainrocon
[6.450s] -- Up-to-date: /home/curry/wilson_proj/ros2-rover-ws/install/msgs_mainrocon/local/lib/python3.10/dist-packages/msgs_mainrocon/msgs_mainrocon_s__rosidl_typesupport_fastrtps_c.cpython-310-aarch64-linux-gnu.so
[6.451s] -- Up-to-date: /home/curry/wilson_proj/ros2-rover-ws/install/msgs_mainrocon/local/lib/python3.10/dist-packages/msgs_mainrocon/msgs_mainrocon_s__rosidl_typesupport_c.cpython-310-aarch64-linux-gnu.so
[6.453s] -- Up-to-date: /home/curry/wilson_proj/ros2-rover-ws/install/msgs_mainrocon/local/lib/python3.10/dist-packages/msgs_mainrocon/msgs_mainrocon_s__rosidl_typesupport_introspection_c.cpython-310-aarch64-linux-gnu.so
[6.454s] -- Up-to-date: /home/curry/wilson_proj/ros2-rover-ws/install/msgs_mainrocon/local/lib/python3.10/dist-packages/msgs_mainrocon/msg
[6.456s] -- Up-to-date: /home/curry/wilson_proj/ros2-rover-ws/install/msgs_mainrocon/local/lib/python3.10/dist-packages/msgs_mainrocon/msg/_main_rocon.py
[6.457s] -- Up-to-date: /home/curry/wilson_proj/ros2-rover-ws/install/msgs_mainrocon/local/lib/python3.10/dist-packages/msgs_mainrocon/msg/_main_rocon_s.c
[6.458s] -- Up-to-date: /home/curry/wilson_proj/ros2-rover-ws/install/msgs_mainrocon/local/lib/python3.10/dist-packages/msgs_mainrocon/msg/__init__.py
[6.460s] -- Up-to-date: /home/curry/wilson_proj/ros2-rover-ws/install/msgs_mainrocon/local/lib/python3.10/dist-packages/msgs_mainrocon/libmsgs_mainrocon__rosidl_generator_py.so
[6.461s] -- Up-to-date: /home/curry/wilson_proj/ros2-rover-ws/install/msgs_mainrocon/local/lib/python3.10/dist-packages/msgs_mainrocon/_msgs_mainrocon_s.ep.rosidl_typesupport_introspection_c.c
[6.462s] -- Up-to-date: /home/curry/wilson_proj/ros2-rover-ws/install/msgs_mainrocon/local/lib/python3.10/dist-packages/msgs_mainrocon/__init__.py
[6.464s] -- Up-to-date: /home/curry/wilson_proj/ros2-rover-ws/install/msgs_mainrocon/local/lib/python3.10/dist-packages/msgs_mainrocon/_msgs_mainrocon_s.ep.rosidl_typesupport_c.c
[6.465s] -- Up-to-date: /home/curry/wilson_proj/ros2-rover-ws/install/msgs_mainrocon/local/lib/python3.10/dist-packages/msgs_mainrocon/_msgs_mainrocon_s.ep.rosidl_typesupport_fastrtps_c.c
[6.961s] Listing '/home/curry/wilson_proj/ros2-rover-ws/install/msgs_mainrocon/local/lib/python3.10/dist-packages/msgs_mainrocon'...
[6.963s] Listing '/home/curry/wilson_proj/ros2-rover-ws/install/msgs_mainrocon/local/lib/python3.10/dist-packages/msgs_mainrocon/msg'...
[7.070s] -- Up-to-date: /home/curry/wilson_proj/ros2-rover-ws/install/msgs_mainrocon/local/lib/python3.10/dist-packages/msgs_mainrocon/msgs_mainrocon_s__rosidl_typesupport_fastrtps_c.cpython-310-aarch64-linux-gnu.so
[7.071s] -- Up-to-date: /home/curry/wilson_proj/ros2-rover-ws/install/msgs_mainrocon/local/lib/python3.10/dist-packages/msgs_mainrocon/msgs_mainrocon_s__rosidl_typesupport_introspection_c.cpython-310-aarch64-linux-gnu.so
[7.073s] -- Up-to-date: /home/curry/wilson_proj/ros2-rover-ws/install/msgs_mainrocon/local/lib/python3.10/dist-packages/msgs_mainrocon/msgs_mainrocon_s__rosidl_typesupport_c.cpython-310-aarch64-linux-gnu.so
[7.089s] -- Up-to-date: /home/curry/wilson_proj/ros2-rover-ws/install/msgs_mainrocon/lib/libmsgs_mainrocon__rosidl_generator_py.so
[7.091s] -- Up-to-date: /home/curry/wilson_proj/ros2-rover-ws/install/msgs_mainrocon/share/msgs_mainrocon/msg/MainRocon.idl
[7.096s] -- Up-to-date: /home/curry/wilson_proj/ros2-rover-ws/install/msgs_mainrocon/share/msgs_mainrocon/msg/MainRocon.msg
[7.098s] -- Up-to-date: /home/curry/wilson_proj/ros2-rover-ws/install/msgs_mainrocon/share/ament_index/resource_index/package_run_dependencies/msgs_mainrocon
[7.105s] -- Up-to-date: /home/curry/wilson_proj/ros2-rover-ws/install/msgs_mainrocon/share/ament_index/resource_index/parent_prefix_path/msgs_mainrocon
[7.114s] -- Up-to-date: /home/curry/wilson_proj/ros2-rover-ws/install/msgs_mainrocon/share/msgs_mainrocon/environment/ament_prefix_path.sh
[7.116s] -- Up-to-date: /home/curry/wilson_proj/ros2-rover-ws/install/msgs_mainrocon/share/msgs_mainrocon/environment/ament_prefix_path.dsv
[7.117s] -- Up-to-date: /home/curry/wilson_proj/ros2-rover-ws/install/msgs_mainrocon/share/msgs_mainrocon/environment/path.sh
[7.118s] -- Up-to-date: /home/curry/wilson_proj/ros2-rover-ws/install/msgs_mainrocon/share/msgs_mainrocon/environment/path.dsv
[7.126s] -- Up-to-date: /home/curry/wilson_proj/ros2-rover-ws/install/msgs_mainrocon/share/msgs_mainrocon/local_setup.bash
[7.128s] -- Up-to-date: /home/curry/wilson_proj/ros2-rover-ws/install/msgs_mainrocon/share/msgs_mainrocon/local_setup.sh
[7.129s] -- Up-to-date: /home/curry/wilson_proj/ros2-rover-ws/install/msgs_mainrocon/share/msgs_mainrocon/local_setup.zsh
[7.138s] -- Up-to-date: /home/curry/wilson_proj/ros2-rover-ws/install/msgs_mainrocon/share/msgs_mainrocon/local_setup.dsv
[7.145s] -- Installing: /home/curry/wilson_proj/ros2-rover-ws/install/msgs_mainrocon/share/msgs_mainrocon/package.dsv
[7.148s] -- Up-to-date: /home/curry/wilson_proj/ros2-rover-ws/install/msgs_mainrocon/share/ament_index/resource_index/packages/msgs_mainrocon
[7.151s] -- Up-to-date: /home/curry/wilson_proj/ros2-rover-ws/install/msgs_mainrocon/share/msgs_mainrocon/cmake/export_msgs_mainrocon__rosidl_generator_cExport.cmake
[7.161s] -- Up-to-date: /home/curry/wilson_proj/ros2-rover-ws/install/msgs_mainrocon/share/msgs_mainrocon/cmake/export_msgs_mainrocon__rosidl_generator_cExport-noconfig.cmake
[7.163s] -- Up-to-date: /home/curry/wilson_proj/ros2-rover-ws/install/msgs_mainrocon/share/msgs_mainrocon/cmake/export_msgs_mainrocon__rosidl_typesupport_fastrtps_cExport.cmake
[7.165s] -- Up-to-date: /home/curry/wilson_proj/ros2-rover-ws/install/msgs_mainrocon/share/msgs_mainrocon/cmake/export_msgs_mainrocon__rosidl_typesupport_fastrtps_cExport-noconfig.cmake
[7.167s] -- Up-to-date: /home/curry/wilson_proj/ros2-rover-ws/install/msgs_mainrocon/share/msgs_mainrocon/cmake/msgs_mainrocon__rosidl_typesupport_introspection_cExport.cmake
[7.181s] -- Up-to-date: /home/curry/wilson_proj/ros2-rover-ws/install/msgs_mainrocon/share/msgs_mainrocon/cmake/msgs_mainrocon__rosidl_typesupport_introspection_cExport-noconfig.cmake
[7.182s] -- Up-to-date: /home/curry/wilson_proj/ros2-rover-ws/install/msgs_mainrocon/share/msgs_mainrocon/cmake/msgs_mainrocon__rosidl_typesupport_cExport.cmake
[7.183s] -- Up-to-date: /home/curry/wilson_proj/ros2-rover-ws/install/msgs_mainrocon/share/msgs_mainrocon/cmake/msgs_mainrocon__rosidl_typesupport_cExport-noconfig.cmake
[7.184s] -- Up-to-date: /home/curry/wilson_proj/ros2-rover-ws/install/msgs_mainrocon/share/msgs_mainrocon/cmake/export_msgs_mainrocon__rosidl_generator_cppExport.cmake
[7.185s] -- Up-to-date: /home/curry/wilson_proj/ros2-rover-ws/install/msgs_mainrocon/share/msgs_mainrocon/cmake/export_msgs_mainrocon__rosidl_typesupport_fastrtps_cppExport.cmake
[7.186s] -- Up-to-date: /home/curry/wilson_proj/ros2-rover-ws/install/msgs_mainrocon/share/msgs_mainrocon/cmake/export_msgs_mainrocon__rosidl_typesupport_fastrtps_cppExport-noconfig.cmake
[7.199s] -- Up-to-date: /home/curry/wilson_proj/ros2-rover-ws/install/msgs_mainrocon/share/msgs_mainrocon/cmake/msgs_mainrocon__rosidl_typesupport_introspection_cppExport.cmake
[7.200s] -- Up-to-date: /home/curry/wilson_proj/ros2-rover-ws/install/msgs_mainrocon/share/msgs_mainrocon/cmake/msgs_mainrocon__rosidl_typesupport_introspection_cppExport-noconfig.cmake
[7.202s] -- Up-to-date: /home/curry/wilson_proj/ros2-rover-ws/install/msgs_mainrocon/share/msgs_mainrocon/cmake/msgs_mainrocon__rosidl_typesupport_cppExport.cmake
[7.205s] -- Up-to-date: /home/curry/wilson_proj/ros2-rover-ws/install/msgs_mainrocon/share/msgs_mainrocon/cmake/msgs_mainrocon__rosidl_typesupport_cppExport-noconfig.cmake
[7.219s] -- Up-to-date: /home/curry/wilson_proj/ros2-rover-ws/install/msgs_mainrocon/share/msgs_mainrocon/cmake/export_msgs_mainrocon__rosidl_generator_pyExport.cmake
[7.220s] -- Up-to-date: /home/curry/wilson_proj/ros2-rover-ws/install/msgs_mainrocon/share/msgs_mainrocon/cmake/export_msgs_mainrocon__rosidl_generator_pyExport-noconfig.cmake
[7.220s] -- Up-to-date: /home/curry/wilson_proj/ros2-rover-ws/install/msgs_mainrocon/share/msgs_mainrocon/cmake/rosidl_cmake-extras.cmake
[7.221s] -- Up-to-date: /home/curry/wilson_proj/ros2-rover-ws/install/msgs_mainrocon/share/msgs_mainrocon/cmake/ament_cmake_export_dependencies-extras.cmake
[7.222s] -- Up-to-date: /home/curry/wilson_proj/ros2-rover-ws/install/msgs_mainrocon/share/msgs_mainrocon/cmake/ament_cmake_export_include_directories-extras.cmake
[7.222s] -- Up-to-date: /home/curry/wilson_proj/ros2-rover-ws/install/msgs_mainrocon/share/msgs_mainrocon/cmake/ament_cmake_export_libraries-extras.cmake
[7.223s] -- Up-to-date: /home/curry/wilson_proj/ros2-rover-ws/install/msgs_mainrocon/share/msgs_mainrocon/cmake/ament_cmake_export_targets-extras.cmake
[7.224s] -- Up-to-date: /home/curry/wilson_proj/ros2-rover-ws/install/msgs_mainrocon/share/msgs_mainrocon/cmake/rosidl_cmake_export_typesupport_targets-extras.cmake
[7.224s] -- Up-to-date: /home/curry/wilson_proj/ros2-rover-ws/install/msgs_mainrocon/share/msgs_mainrocon/cmake/rosidl_cmake_export_typesupport_libraries-extras.cmake
[7.225s] -- Up-to-date: /home/curry/wilson_proj/ros2-rover-ws/install/msgs_mainrocon/share/msgs_mainrocon/cmake/msgs_mainroconConfig.cmake
[7.225s] -- Up-to-date: /home/curry/wilson_proj/ros2-rover-ws/install/msgs_mainrocon/share/msgs_mainrocon/cmake/msgs_mainroconConfig-version.cmake
[7.226s] -- Up-to-date: /home/curry/wilson_proj/ros2-rover-ws/install/msgs_mainrocon/share/msgs_mainrocon/package.xml
[7.322s] Invoked command in '/home/curry/wilson_proj/ros2-rover-ws/build/msgs_mainrocon' returned '0': CMAKE_PREFIX_PATH=/home/curry/wilson_proj/ros2-rover-ws/install/msgs_rovercon:/home/curry/wilson_proj/ros2-rover-ws/install/service_ifaces:/home/curry/wilson_proj/ros2-rover-ws/install/ifaces_rover:/home/curry/wilson_proj/ros2-rover-ws/install/rovercon_msgs:/home/curry/wilson_proj/ros2-rover-ws/install/package_test:/home/curry/wilson_proj/ros2-rover-ws/install/package_rover_control:/home/curry/wilson_proj/ros2-rover-ws/install/package_position_process:/home/curry/wilson_proj/ros2-rover-ws/install/package_navigate_route:/home/curry/wilson_proj/ros2-rover-ws/install/package_image_process:/home/curry/wilson_proj/ros2-rover-ws/install/msgs_mainrocon:/home/curry/wilson_proj/ros2-rover-ws/install/msgs_positions:/home/curry/wilson_proj/ros2-rover-ws/install/ifaces_position:/home/curry/wilson_proj/ros2-rover-ws/install/action_interfaces:/opt/ros/humble LD_LIBRARY_PATH=/home/curry/wilson_proj/ros2-rover-ws/install/msgs_rovercon/lib:/home/curry/wilson_proj/ros2-rover-ws/install/service_ifaces/lib:/home/curry/wilson_proj/ros2-rover-ws/install/ifaces_rover/lib:/home/curry/wilson_proj/ros2-rover-ws/install/rovercon_msgs/lib:/home/curry/wilson_proj/ros2-rover-ws/install/package_rover_control/lib:/home/curry/wilson_proj/ros2-rover-ws/install/msgs_mainrocon/lib:/home/curry/wilson_proj/ros2-rover-ws/install/msgs_positions/lib:/home/curry/wilson_proj/ros2-rover-ws/install/ifaces_position/lib:/home/curry/wilson_proj/ros2-rover-ws/install/action_interfaces/lib:/opt/ros/humble/opt/rviz_ogre_vendor/lib:/opt/ros/humble/lib/aarch64-linux-gnu:/opt/ros/humble/lib /usr/bin/cmake --install /home/curry/wilson_proj/ros2-rover-ws/build/msgs_mainrocon
