[4.182s] Invoking command in '/home/curry/wilson_proj/ros2-rover-ws/src/package_image_process': PYTHONPATH=/home/curry/wilson_proj/ros2-rover-ws/build/package_image_process/prefix_override:/usr/lib/python3/dist-packages/colcon_core/task/python/colcon_distutils_commands:/home/curry/wilson_proj/ros2-rover-ws/install/package_image_process/lib/python3.10/site-packages:${PYTHONPATH} /usr/bin/python3 -W ignore:setup.py install is deprecated -W ignore:easy_install command is deprecated setup.py egg_info --egg-base ../../build/package_image_process build --build-base /home/curry/wilson_proj/ros2-rover-ws/build/package_image_process/build install --record /home/curry/wilson_proj/ros2-rover-ws/build/package_image_process/install.log --single-version-externally-managed install_data
[5.519s] running egg_info
[5.523s] writing ../../build/package_image_process/package_image_process.egg-info/PKG-INFO
[5.524s] writing dependency_links to ../../build/package_image_process/package_image_process.egg-info/dependency_links.txt
[5.525s] writing entry points to ../../build/package_image_process/package_image_process.egg-info/entry_points.txt
[5.527s] writing requirements to ../../build/package_image_process/package_image_process.egg-info/requires.txt
[5.528s] writing top-level names to ../../build/package_image_process/package_image_process.egg-info/top_level.txt
[5.536s] reading manifest file '../../build/package_image_process/package_image_process.egg-info/SOURCES.txt'
[5.538s] adding license file 'LICENSE'
[5.541s] writing manifest file '../../build/package_image_process/package_image_process.egg-info/SOURCES.txt'
[5.542s] running build
[5.543s] running build_py
[5.544s] running install
[5.545s] running install_lib
[5.553s] running install_data
[5.554s] running install_egg_info
[5.562s] removing '/home/curry/wilson_proj/ros2-rover-ws/install/package_image_process/lib/python3.10/site-packages/package_image_process-0.0.0-py3.10.egg-info' (and everything under it)
[5.564s] Copying ../../build/package_image_process/package_image_process.egg-info to /home/curry/wilson_proj/ros2-rover-ws/install/package_image_process/lib/python3.10/site-packages/package_image_process-0.0.0-py3.10.egg-info
[5.572s] running install_scripts
[5.668s] Installing node_image_process script to /home/curry/wilson_proj/ros2-rover-ws/install/package_image_process/lib/package_image_process
[5.670s] writing list of installed files to '/home/curry/wilson_proj/ros2-rover-ws/build/package_image_process/install.log'
[5.815s] Invoked command in '/home/curry/wilson_proj/ros2-rover-ws/src/package_image_process' returned '0': PYTHONPATH=/home/curry/wilson_proj/ros2-rover-ws/build/package_image_process/prefix_override:/usr/lib/python3/dist-packages/colcon_core/task/python/colcon_distutils_commands:/home/curry/wilson_proj/ros2-rover-ws/install/package_image_process/lib/python3.10/site-packages:${PYTHONPATH} /usr/bin/python3 -W ignore:setup.py install is deprecated -W ignore:easy_install command is deprecated setup.py egg_info --egg-base ../../build/package_image_process build --build-base /home/curry/wilson_proj/ros2-rover-ws/build/package_image_process/build install --record /home/curry/wilson_proj/ros2-rover-ws/build/package_image_process/install.log --single-version-externally-managed install_data
