[0.049s] Invoking command in '/home/curry/wilson_proj/ros2-rover-ws/build/msgs_rovercon': CMAKE_PREFIX_PATH=${CMAKE_PREFIX_PATH}:/opt/ros/humble /usr/bin/cmake /home/curry/wilson_proj/ros2-rover-ws/src/msgs_rovercon -DCMAKE_INSTALL_PREFIX=/home/curry/wilson_proj/ros2-rover-ws/install/msgs_rovercon
[0.108s] -- Found ament_cmake: 1.3.11 (/opt/ros/humble/share/ament_cmake/cmake)
[0.694s] -- Found rosidl_default_generators: 1.2.0 (/opt/ros/humble/share/rosidl_default_generators/cmake)
[0.704s] -- Using all available rosidl_typesupport_c: rosidl_typesupport_fastrtps_c;rosidl_typesupport_introspection_c
[0.715s] -- Found rosidl_adapter: 3.1.6 (/opt/ros/humble/share/rosidl_adapter/cmake)
[0.891s] -- Using all available rosidl_typesupport_cpp: rosidl_typesupport_fastrtps_cpp;rosidl_typesupport_introspection_cpp
[2.124s] -- Found ament_cmake_ros: 0.10.0 (/opt/ros/humble/share/ament_cmake_ros/cmake)
[3.037s] -- Using all available rosidl_typesupport_c: rosidl_typesupport_fastrtps_c;rosidl_typesupport_introspection_c
[4.153s] -- Using all available rosidl_typesupport_cpp: rosidl_typesupport_fastrtps_cpp;rosidl_typesupport_introspection_cpp
[4.267s] -- Found PythonInterp: /usr/bin/python3 (found suitable version "3.10.12", minimum required is "3.6") 
[4.295s] -- Found python_cmake_module: 0.10.0 (/opt/ros/humble/share/python_cmake_module/cmake)
[4.424s] -- Found PythonLibs: /usr/lib/aarch64-linux-gnu/libpython3.10.so (found suitable version "3.10.12", minimum required is "3.5") 
[4.424s] -- Using PYTHON_EXECUTABLE: /usr/bin/python3
[4.424s] -- Using PYTHON_INCLUDE_DIRS: /usr/include/python3.10
[4.425s] -- Using PYTHON_LIBRARIES: /usr/lib/aarch64-linux-gnu/libpython3.10.so
[4.528s] -- Found PythonExtra: .so  
[4.703s] -- Found ament_lint_auto: 0.12.11 (/opt/ros/humble/share/ament_lint_auto/cmake)
[4.924s] -- Added test 'lint_cmake' to check CMake code style
[4.935s] -- Added test 'xmllint' to check XML markup files
[4.954s] -- Configuring done
[5.106s] -- Generating done
[5.147s] -- Build files have been written to: /home/curry/wilson_proj/ros2-rover-ws/build/msgs_rovercon
[5.163s] Invoked command in '/home/curry/wilson_proj/ros2-rover-ws/build/msgs_rovercon' returned '0': CMAKE_PREFIX_PATH=${CMAKE_PREFIX_PATH}:/opt/ros/humble /usr/bin/cmake /home/curry/wilson_proj/ros2-rover-ws/src/msgs_rovercon -DCMAKE_INSTALL_PREFIX=/home/curry/wilson_proj/ros2-rover-ws/install/msgs_rovercon
[5.172s] Invoking command in '/home/curry/wilson_proj/ros2-rover-ws/build/msgs_rovercon': CMAKE_PREFIX_PATH=${CMAKE_PREFIX_PATH}:/opt/ros/humble /usr/bin/cmake --build /home/curry/wilson_proj/ros2-rover-ws/build/msgs_rovercon -- -j4 -l4
[5.354s] [  3%] [34m[1mGenerating C code for ROS interfaces[0m
[5.404s] [  6%] [34m[1mGenerating C++ code for ROS interfaces[0m
[5.444s] [  6%] Built target ament_cmake_python_copy_msgs_rovercon
[6.712s] [  9%] [32mBuilding C object CMakeFiles/msgs_rovercon__rosidl_generator_c.dir/rosidl_generator_c/msgs_rovercon/msg/detail/sub_rocon__functions.c.o[0m
[6.723s] [  9%] Built target msgs_rovercon__cpp
[6.776s] [ 12%] [34m[1mGenerating C++ introspection for ROS interfaces[0m
[6.780s] [ 16%] [34m[1mGenerating C++ type support dispatch for ROS interfaces[0m
[7.002s] [ 19%] [32m[1mLinking C shared library libmsgs_rovercon__rosidl_generator_c.so[0m
[7.214s] running egg_info
[7.218s] creating msgs_rovercon.egg-info
[7.219s] writing msgs_rovercon.egg-info/PKG-INFO
[7.220s] [ 19%] Built target msgs_rovercon__rosidl_generator_c
[7.221s] writing dependency_links to msgs_rovercon.egg-info/dependency_links.txt
[7.223s] writing top-level names to msgs_rovercon.egg-info/top_level.txt
[7.224s] writing manifest file 'msgs_rovercon.egg-info/SOURCES.txt'
[7.235s] reading manifest file 'msgs_rovercon.egg-info/SOURCES.txt'
[7.238s] writing manifest file 'msgs_rovercon.egg-info/SOURCES.txt'
[7.299s] [ 22%] [34m[1mGenerating C++ type support for eProsima Fast-RTPS[0m
[7.430s] [ 22%] Built target ament_cmake_python_build_msgs_rovercon_egg
[7.486s] [ 25%] [34m[1mGenerating C type support for eProsima Fast-RTPS[0m
[8.138s] [ 29%] [32mBuilding CXX object CMakeFiles/msgs_rovercon__rosidl_typesupport_cpp.dir/rosidl_typesupport_cpp/msgs_rovercon/msg/sub_rocon__type_support.cpp.o[0m
[8.195s] [ 32%] [32mBuilding CXX object CMakeFiles/msgs_rovercon__rosidl_typesupport_introspection_cpp.dir/rosidl_typesupport_introspection_cpp/msgs_rovercon/msg/detail/sub_rocon__type_support.cpp.o[0m
[8.748s] [ 35%] [32mBuilding CXX object CMakeFiles/msgs_rovercon__rosidl_typesupport_fastrtps_cpp.dir/rosidl_typesupport_fastrtps_cpp/msgs_rovercon/msg/detail/dds_fastrtps/sub_rocon__type_support.cpp.o[0m
[8.920s] [ 38%] [32mBuilding CXX object CMakeFiles/msgs_rovercon__rosidl_typesupport_fastrtps_c.dir/rosidl_typesupport_fastrtps_c/msgs_rovercon/msg/detail/sub_rocon__type_support_c.cpp.o[0m
[9.804s] [ 41%] [32m[1mLinking CXX shared library libmsgs_rovercon__rosidl_typesupport_cpp.so[0m
[10.041s] [ 41%] Built target msgs_rovercon__rosidl_typesupport_cpp
[10.106s] [ 45%] [34m[1mGenerating C introspection for ROS interfaces[0m
[10.508s] [ 48%] [32m[1mLinking CXX shared library libmsgs_rovercon__rosidl_typesupport_introspection_cpp.so[0m
[10.736s] [ 48%] Built target msgs_rovercon__rosidl_typesupport_introspection_cpp
[10.800s] [ 51%] [34m[1mGenerating C type support dispatch for ROS interfaces[0m
[11.055s] [ 54%] [32m[1mLinking CXX shared library libmsgs_rovercon__rosidl_typesupport_fastrtps_c.so[0m
[11.264s] [ 58%] [32m[1mLinking CXX shared library libmsgs_rovercon__rosidl_typesupport_fastrtps_cpp.so[0m
[11.525s] [ 58%] Built target msgs_rovercon__rosidl_typesupport_fastrtps_c
[11.622s] [ 61%] [32mBuilding C object CMakeFiles/msgs_rovercon__rosidl_typesupport_introspection_c.dir/rosidl_typesupport_introspection_c/msgs_rovercon/msg/detail/sub_rocon__type_support.c.o[0m
[11.705s] [ 61%] Built target msgs_rovercon__rosidl_typesupport_fastrtps_cpp
[11.803s] [ 64%] [32m[1mLinking C shared library libmsgs_rovercon__rosidl_typesupport_introspection_c.so[0m
[11.958s] [ 64%] Built target msgs_rovercon__rosidl_typesupport_introspection_c
[12.058s] [ 67%] [32mBuilding CXX object CMakeFiles/msgs_rovercon__rosidl_typesupport_c.dir/rosidl_typesupport_c/msgs_rovercon/msg/sub_rocon__type_support.cpp.o[0m
[12.207s] [ 70%] [32m[1mLinking CXX shared library libmsgs_rovercon__rosidl_typesupport_c.so[0m
[12.375s] [ 70%] Built target msgs_rovercon__rosidl_typesupport_c
[12.468s] [ 70%] Built target msgs_rovercon
[12.567s] [ 74%] [34m[1mGenerating Python code for ROS interfaces[0m
[13.800s] [ 74%] Built target msgs_rovercon__py
[13.899s] [ 77%] [32mBuilding C object CMakeFiles/msgs_rovercon__rosidl_generator_py.dir/rosidl_generator_py/msgs_rovercon/msg/_sub_rocon_s.c.o[0m
[14.352s] [ 80%] [32m[1mLinking C shared library rosidl_generator_py/msgs_rovercon/libmsgs_rovercon__rosidl_generator_py.so[0m
[14.540s] [ 80%] Built target msgs_rovercon__rosidl_generator_py
[14.641s] [ 83%] [32mBuilding C object CMakeFiles/msgs_rovercon__rosidl_typesupport_fastrtps_c__pyext.dir/rosidl_generator_py/msgs_rovercon/_msgs_rovercon_s.ep.rosidl_typesupport_fastrtps_c.c.o[0m
[14.643s] [ 87%] [32mBuilding C object CMakeFiles/msgs_rovercon__rosidl_typesupport_introspection_c__pyext.dir/rosidl_generator_py/msgs_rovercon/_msgs_rovercon_s.ep.rosidl_typesupport_introspection_c.c.o[0m
[14.646s] [ 90%] [32mBuilding C object CMakeFiles/msgs_rovercon__rosidl_typesupport_c__pyext.dir/rosidl_generator_py/msgs_rovercon/_msgs_rovercon_s.ep.rosidl_typesupport_c.c.o[0m
[15.101s] [ 93%] [32m[1mLinking C shared library rosidl_generator_py/msgs_rovercon/msgs_rovercon_s__rosidl_typesupport_c.cpython-310-aarch64-linux-gnu.so[0m
[15.111s] [ 96%] [32m[1mLinking C shared library rosidl_generator_py/msgs_rovercon/msgs_rovercon_s__rosidl_typesupport_introspection_c.cpython-310-aarch64-linux-gnu.so[0m
[15.154s] [100%] [32m[1mLinking C shared library rosidl_generator_py/msgs_rovercon/msgs_rovercon_s__rosidl_typesupport_fastrtps_c.cpython-310-aarch64-linux-gnu.so[0m
[15.284s] [100%] Built target msgs_rovercon__rosidl_typesupport_c__pyext
[15.298s] [100%] Built target msgs_rovercon__rosidl_typesupport_introspection_c__pyext
[15.341s] [100%] Built target msgs_rovercon__rosidl_typesupport_fastrtps_c__pyext
[15.387s] Invoked command in '/home/curry/wilson_proj/ros2-rover-ws/build/msgs_rovercon' returned '0': CMAKE_PREFIX_PATH=${CMAKE_PREFIX_PATH}:/opt/ros/humble /usr/bin/cmake --build /home/curry/wilson_proj/ros2-rover-ws/build/msgs_rovercon -- -j4 -l4
[15.432s] Invoking command in '/home/curry/wilson_proj/ros2-rover-ws/build/msgs_rovercon': CMAKE_PREFIX_PATH=${CMAKE_PREFIX_PATH}:/opt/ros/humble /usr/bin/cmake --install /home/curry/wilson_proj/ros2-rover-ws/build/msgs_rovercon
[15.465s] -- Install configuration: ""
[15.465s] -- Installing: /home/curry/wilson_proj/ros2-rover-ws/install/msgs_rovercon/share/ament_index/resource_index/rosidl_interfaces/msgs_rovercon
[15.467s] -- Installing: /home/curry/wilson_proj/ros2-rover-ws/install/msgs_rovercon/include/msgs_rovercon/msgs_rovercon
[15.467s] -- Installing: /home/curry/wilson_proj/ros2-rover-ws/install/msgs_rovercon/include/msgs_rovercon/msgs_rovercon/msg
[15.468s] -- Installing: /home/curry/wilson_proj/ros2-rover-ws/install/msgs_rovercon/include/msgs_rovercon/msgs_rovercon/msg/detail
[15.469s] -- Installing: /home/curry/wilson_proj/ros2-rover-ws/install/msgs_rovercon/include/msgs_rovercon/msgs_rovercon/msg/detail/sub_rocon__struct.h
[15.470s] -- Installing: /home/curry/wilson_proj/ros2-rover-ws/install/msgs_rovercon/include/msgs_rovercon/msgs_rovercon/msg/detail/sub_rocon__functions.c
[15.471s] -- Installing: /home/curry/wilson_proj/ros2-rover-ws/install/msgs_rovercon/include/msgs_rovercon/msgs_rovercon/msg/detail/sub_rocon__type_support.h
[15.472s] -- Installing: /home/curry/wilson_proj/ros2-rover-ws/install/msgs_rovercon/include/msgs_rovercon/msgs_rovercon/msg/detail/sub_rocon__functions.h
[15.474s] -- Installing: /home/curry/wilson_proj/ros2-rover-ws/install/msgs_rovercon/include/msgs_rovercon/msgs_rovercon/msg/rosidl_generator_c__visibility_control.h
[15.475s] -- Installing: /home/curry/wilson_proj/ros2-rover-ws/install/msgs_rovercon/include/msgs_rovercon/msgs_rovercon/msg/sub_rocon.h
[15.476s] -- Installing: /home/curry/wilson_proj/ros2-rover-ws/install/msgs_rovercon/share/msgs_rovercon/environment/library_path.sh
[15.477s] -- Installing: /home/curry/wilson_proj/ros2-rover-ws/install/msgs_rovercon/share/msgs_rovercon/environment/library_path.dsv
[15.479s] -- Installing: /home/curry/wilson_proj/ros2-rover-ws/install/msgs_rovercon/lib/libmsgs_rovercon__rosidl_generator_c.so
[15.481s] -- Set runtime path of "/home/curry/wilson_proj/ros2-rover-ws/install/msgs_rovercon/lib/libmsgs_rovercon__rosidl_generator_c.so" to ""
[15.482s] -- Up-to-date: /home/curry/wilson_proj/ros2-rover-ws/install/msgs_rovercon/include/msgs_rovercon/msgs_rovercon
[15.482s] -- Up-to-date: /home/curry/wilson_proj/ros2-rover-ws/install/msgs_rovercon/include/msgs_rovercon/msgs_rovercon/msg
[15.483s] -- Up-to-date: /home/curry/wilson_proj/ros2-rover-ws/install/msgs_rovercon/include/msgs_rovercon/msgs_rovercon/msg/detail
[15.483s] -- Installing: /home/curry/wilson_proj/ros2-rover-ws/install/msgs_rovercon/include/msgs_rovercon/msgs_rovercon/msg/detail/sub_rocon__rosidl_typesupport_fastrtps_c.h
[15.484s] -- Installing: /home/curry/wilson_proj/ros2-rover-ws/install/msgs_rovercon/include/msgs_rovercon/msgs_rovercon/msg/rosidl_typesupport_fastrtps_c__visibility_control.h
[15.486s] -- Installing: /home/curry/wilson_proj/ros2-rover-ws/install/msgs_rovercon/lib/libmsgs_rovercon__rosidl_typesupport_fastrtps_c.so
[15.488s] -- Set runtime path of "/home/curry/wilson_proj/ros2-rover-ws/install/msgs_rovercon/lib/libmsgs_rovercon__rosidl_typesupport_fastrtps_c.so" to ""
[15.489s] -- Up-to-date: /home/curry/wilson_proj/ros2-rover-ws/install/msgs_rovercon/include/msgs_rovercon/msgs_rovercon
[15.489s] -- Up-to-date: /home/curry/wilson_proj/ros2-rover-ws/install/msgs_rovercon/include/msgs_rovercon/msgs_rovercon/msg
[15.489s] -- Installing: /home/curry/wilson_proj/ros2-rover-ws/install/msgs_rovercon/include/msgs_rovercon/msgs_rovercon/msg/rosidl_typesupport_introspection_c__visibility_control.h
[15.491s] -- Up-to-date: /home/curry/wilson_proj/ros2-rover-ws/install/msgs_rovercon/include/msgs_rovercon/msgs_rovercon/msg/detail
[15.491s] -- Installing: /home/curry/wilson_proj/ros2-rover-ws/install/msgs_rovercon/include/msgs_rovercon/msgs_rovercon/msg/detail/sub_rocon__type_support.c
[15.492s] -- Installing: /home/curry/wilson_proj/ros2-rover-ws/install/msgs_rovercon/include/msgs_rovercon/msgs_rovercon/msg/detail/sub_rocon__rosidl_typesupport_introspection_c.h
[15.494s] -- Installing: /home/curry/wilson_proj/ros2-rover-ws/install/msgs_rovercon/lib/libmsgs_rovercon__rosidl_typesupport_introspection_c.so
[15.497s] -- Set runtime path of "/home/curry/wilson_proj/ros2-rover-ws/install/msgs_rovercon/lib/libmsgs_rovercon__rosidl_typesupport_introspection_c.so" to ""
[15.497s] -- Installing: /home/curry/wilson_proj/ros2-rover-ws/install/msgs_rovercon/lib/libmsgs_rovercon__rosidl_typesupport_c.so
[15.499s] -- Set runtime path of "/home/curry/wilson_proj/ros2-rover-ws/install/msgs_rovercon/lib/libmsgs_rovercon__rosidl_typesupport_c.so" to ""
[15.500s] -- Up-to-date: /home/curry/wilson_proj/ros2-rover-ws/install/msgs_rovercon/include/msgs_rovercon/msgs_rovercon
[15.500s] -- Up-to-date: /home/curry/wilson_proj/ros2-rover-ws/install/msgs_rovercon/include/msgs_rovercon/msgs_rovercon/msg
[15.500s] -- Installing: /home/curry/wilson_proj/ros2-rover-ws/install/msgs_rovercon/include/msgs_rovercon/msgs_rovercon/msg/rosidl_generator_cpp__visibility_control.hpp
[15.502s] -- Up-to-date: /home/curry/wilson_proj/ros2-rover-ws/install/msgs_rovercon/include/msgs_rovercon/msgs_rovercon/msg/detail
[15.502s] -- Installing: /home/curry/wilson_proj/ros2-rover-ws/install/msgs_rovercon/include/msgs_rovercon/msgs_rovercon/msg/detail/sub_rocon__builder.hpp
[15.503s] -- Installing: /home/curry/wilson_proj/ros2-rover-ws/install/msgs_rovercon/include/msgs_rovercon/msgs_rovercon/msg/detail/sub_rocon__type_support.hpp
[15.504s] -- Installing: /home/curry/wilson_proj/ros2-rover-ws/install/msgs_rovercon/include/msgs_rovercon/msgs_rovercon/msg/detail/sub_rocon__traits.hpp
[15.506s] -- Installing: /home/curry/wilson_proj/ros2-rover-ws/install/msgs_rovercon/include/msgs_rovercon/msgs_rovercon/msg/detail/sub_rocon__struct.hpp
[15.507s] -- Installing: /home/curry/wilson_proj/ros2-rover-ws/install/msgs_rovercon/include/msgs_rovercon/msgs_rovercon/msg/sub_rocon.hpp
[15.508s] -- Up-to-date: /home/curry/wilson_proj/ros2-rover-ws/install/msgs_rovercon/include/msgs_rovercon/msgs_rovercon
[15.508s] -- Up-to-date: /home/curry/wilson_proj/ros2-rover-ws/install/msgs_rovercon/include/msgs_rovercon/msgs_rovercon/msg
[15.509s] -- Up-to-date: /home/curry/wilson_proj/ros2-rover-ws/install/msgs_rovercon/include/msgs_rovercon/msgs_rovercon/msg/detail
[15.509s] -- Installing: /home/curry/wilson_proj/ros2-rover-ws/install/msgs_rovercon/include/msgs_rovercon/msgs_rovercon/msg/detail/dds_fastrtps
[15.510s] -- Installing: /home/curry/wilson_proj/ros2-rover-ws/install/msgs_rovercon/include/msgs_rovercon/msgs_rovercon/msg/detail/sub_rocon__rosidl_typesupport_fastrtps_cpp.hpp
[15.511s] -- Installing: /home/curry/wilson_proj/ros2-rover-ws/install/msgs_rovercon/include/msgs_rovercon/msgs_rovercon/msg/rosidl_typesupport_fastrtps_cpp__visibility_control.h
[15.513s] -- Installing: /home/curry/wilson_proj/ros2-rover-ws/install/msgs_rovercon/lib/libmsgs_rovercon__rosidl_typesupport_fastrtps_cpp.so
[15.515s] -- Set runtime path of "/home/curry/wilson_proj/ros2-rover-ws/install/msgs_rovercon/lib/libmsgs_rovercon__rosidl_typesupport_fastrtps_cpp.so" to ""
[15.516s] -- Up-to-date: /home/curry/wilson_proj/ros2-rover-ws/install/msgs_rovercon/include/msgs_rovercon/msgs_rovercon
[15.517s] -- Up-to-date: /home/curry/wilson_proj/ros2-rover-ws/install/msgs_rovercon/include/msgs_rovercon/msgs_rovercon/msg
[15.517s] -- Up-to-date: /home/curry/wilson_proj/ros2-rover-ws/install/msgs_rovercon/include/msgs_rovercon/msgs_rovercon/msg/detail
[15.517s] -- Installing: /home/curry/wilson_proj/ros2-rover-ws/install/msgs_rovercon/include/msgs_rovercon/msgs_rovercon/msg/detail/sub_rocon__rosidl_typesupport_introspection_cpp.hpp
[15.518s] -- Installing: /home/curry/wilson_proj/ros2-rover-ws/install/msgs_rovercon/include/msgs_rovercon/msgs_rovercon/msg/detail/sub_rocon__type_support.cpp
[15.520s] -- Installing: /home/curry/wilson_proj/ros2-rover-ws/install/msgs_rovercon/lib/libmsgs_rovercon__rosidl_typesupport_introspection_cpp.so
[15.522s] -- Set runtime path of "/home/curry/wilson_proj/ros2-rover-ws/install/msgs_rovercon/lib/libmsgs_rovercon__rosidl_typesupport_introspection_cpp.so" to ""
[15.523s] -- Installing: /home/curry/wilson_proj/ros2-rover-ws/install/msgs_rovercon/lib/libmsgs_rovercon__rosidl_typesupport_cpp.so
[15.525s] -- Set runtime path of "/home/curry/wilson_proj/ros2-rover-ws/install/msgs_rovercon/lib/libmsgs_rovercon__rosidl_typesupport_cpp.so" to ""
[15.525s] -- Installing: /home/curry/wilson_proj/ros2-rover-ws/install/msgs_rovercon/share/msgs_rovercon/environment/pythonpath.sh
[15.527s] -- Installing: /home/curry/wilson_proj/ros2-rover-ws/install/msgs_rovercon/share/msgs_rovercon/environment/pythonpath.dsv
[15.528s] -- Installing: /home/curry/wilson_proj/ros2-rover-ws/install/msgs_rovercon/local/lib/python3.10/dist-packages/msgs_rovercon-0.0.0-py3.10.egg-info
[15.529s] -- Installing: /home/curry/wilson_proj/ros2-rover-ws/install/msgs_rovercon/local/lib/python3.10/dist-packages/msgs_rovercon-0.0.0-py3.10.egg-info/dependency_links.txt
[15.530s] -- Installing: /home/curry/wilson_proj/ros2-rover-ws/install/msgs_rovercon/local/lib/python3.10/dist-packages/msgs_rovercon-0.0.0-py3.10.egg-info/SOURCES.txt
[15.531s] -- Installing: /home/curry/wilson_proj/ros2-rover-ws/install/msgs_rovercon/local/lib/python3.10/dist-packages/msgs_rovercon-0.0.0-py3.10.egg-info/top_level.txt
[15.532s] -- Installing: /home/curry/wilson_proj/ros2-rover-ws/install/msgs_rovercon/local/lib/python3.10/dist-packages/msgs_rovercon-0.0.0-py3.10.egg-info/PKG-INFO
[15.534s] -- Installing: /home/curry/wilson_proj/ros2-rover-ws/install/msgs_rovercon/local/lib/python3.10/dist-packages/msgs_rovercon
[15.534s] -- Installing: /home/curry/wilson_proj/ros2-rover-ws/install/msgs_rovercon/local/lib/python3.10/dist-packages/msgs_rovercon/_msgs_rovercon_s.ep.rosidl_typesupport_introspection_c.c
[15.536s] -- Installing: /home/curry/wilson_proj/ros2-rover-ws/install/msgs_rovercon/local/lib/python3.10/dist-packages/msgs_rovercon/msg
[15.536s] -- Installing: /home/curry/wilson_proj/ros2-rover-ws/install/msgs_rovercon/local/lib/python3.10/dist-packages/msgs_rovercon/msg/_sub_rocon.py
[15.538s] -- Installing: /home/curry/wilson_proj/ros2-rover-ws/install/msgs_rovercon/local/lib/python3.10/dist-packages/msgs_rovercon/msg/__init__.py
[15.539s] -- Installing: /home/curry/wilson_proj/ros2-rover-ws/install/msgs_rovercon/local/lib/python3.10/dist-packages/msgs_rovercon/msg/_sub_rocon_s.c
[15.540s] -- Installing: /home/curry/wilson_proj/ros2-rover-ws/install/msgs_rovercon/local/lib/python3.10/dist-packages/msgs_rovercon/msgs_rovercon_s__rosidl_typesupport_c.cpython-310-aarch64-linux-gnu.so
[15.541s] -- Installing: /home/curry/wilson_proj/ros2-rover-ws/install/msgs_rovercon/local/lib/python3.10/dist-packages/msgs_rovercon/libmsgs_rovercon__rosidl_generator_py.so
[15.543s] -- Installing: /home/curry/wilson_proj/ros2-rover-ws/install/msgs_rovercon/local/lib/python3.10/dist-packages/msgs_rovercon/__init__.py
[15.544s] -- Installing: /home/curry/wilson_proj/ros2-rover-ws/install/msgs_rovercon/local/lib/python3.10/dist-packages/msgs_rovercon/_msgs_rovercon_s.ep.rosidl_typesupport_fastrtps_c.c
[15.545s] -- Installing: /home/curry/wilson_proj/ros2-rover-ws/install/msgs_rovercon/local/lib/python3.10/dist-packages/msgs_rovercon/msgs_rovercon_s__rosidl_typesupport_fastrtps_c.cpython-310-aarch64-linux-gnu.so
[15.546s] -- Installing: /home/curry/wilson_proj/ros2-rover-ws/install/msgs_rovercon/local/lib/python3.10/dist-packages/msgs_rovercon/_msgs_rovercon_s.ep.rosidl_typesupport_c.c
[15.548s] -- Installing: /home/curry/wilson_proj/ros2-rover-ws/install/msgs_rovercon/local/lib/python3.10/dist-packages/msgs_rovercon/msgs_rovercon_s__rosidl_typesupport_introspection_c.cpython-310-aarch64-linux-gnu.so
[15.709s] Listing '/home/curry/wilson_proj/ros2-rover-ws/install/msgs_rovercon/local/lib/python3.10/dist-packages/msgs_rovercon'...
[15.710s] Compiling '/home/curry/wilson_proj/ros2-rover-ws/install/msgs_rovercon/local/lib/python3.10/dist-packages/msgs_rovercon/__init__.py'...
[15.711s] Listing '/home/curry/wilson_proj/ros2-rover-ws/install/msgs_rovercon/local/lib/python3.10/dist-packages/msgs_rovercon/msg'...
[15.712s] Compiling '/home/curry/wilson_proj/ros2-rover-ws/install/msgs_rovercon/local/lib/python3.10/dist-packages/msgs_rovercon/msg/__init__.py'...
[15.713s] Compiling '/home/curry/wilson_proj/ros2-rover-ws/install/msgs_rovercon/local/lib/python3.10/dist-packages/msgs_rovercon/msg/_sub_rocon.py'...
[15.736s] -- Installing: /home/curry/wilson_proj/ros2-rover-ws/install/msgs_rovercon/local/lib/python3.10/dist-packages/msgs_rovercon/msgs_rovercon_s__rosidl_typesupport_fastrtps_c.cpython-310-aarch64-linux-gnu.so
[15.739s] -- Set runtime path of "/home/curry/wilson_proj/ros2-rover-ws/install/msgs_rovercon/local/lib/python3.10/dist-packages/msgs_rovercon/msgs_rovercon_s__rosidl_typesupport_fastrtps_c.cpython-310-aarch64-linux-gnu.so" to ""
[15.740s] -- Installing: /home/curry/wilson_proj/ros2-rover-ws/install/msgs_rovercon/local/lib/python3.10/dist-packages/msgs_rovercon/msgs_rovercon_s__rosidl_typesupport_introspection_c.cpython-310-aarch64-linux-gnu.so
[15.744s] -- Set runtime path of "/home/curry/wilson_proj/ros2-rover-ws/install/msgs_rovercon/local/lib/python3.10/dist-packages/msgs_rovercon/msgs_rovercon_s__rosidl_typesupport_introspection_c.cpython-310-aarch64-linux-gnu.so" to ""
[15.746s] -- Installing: /home/curry/wilson_proj/ros2-rover-ws/install/msgs_rovercon/local/lib/python3.10/dist-packages/msgs_rovercon/msgs_rovercon_s__rosidl_typesupport_c.cpython-310-aarch64-linux-gnu.so
[15.749s] -- Set runtime path of "/home/curry/wilson_proj/ros2-rover-ws/install/msgs_rovercon/local/lib/python3.10/dist-packages/msgs_rovercon/msgs_rovercon_s__rosidl_typesupport_c.cpython-310-aarch64-linux-gnu.so" to ""
[15.749s] -- Installing: /home/curry/wilson_proj/ros2-rover-ws/install/msgs_rovercon/lib/libmsgs_rovercon__rosidl_generator_py.so
[15.752s] -- Set runtime path of "/home/curry/wilson_proj/ros2-rover-ws/install/msgs_rovercon/lib/libmsgs_rovercon__rosidl_generator_py.so" to ""
[15.752s] -- Installing: /home/curry/wilson_proj/ros2-rover-ws/install/msgs_rovercon/share/msgs_rovercon/msg/SubRocon.idl
[15.754s] -- Installing: /home/curry/wilson_proj/ros2-rover-ws/install/msgs_rovercon/share/msgs_rovercon/msg/SubRocon.msg
[15.755s] -- Installing: /home/curry/wilson_proj/ros2-rover-ws/install/msgs_rovercon/share/ament_index/resource_index/package_run_dependencies/msgs_rovercon
[15.757s] -- Installing: /home/curry/wilson_proj/ros2-rover-ws/install/msgs_rovercon/share/ament_index/resource_index/parent_prefix_path/msgs_rovercon
[15.758s] -- Installing: /home/curry/wilson_proj/ros2-rover-ws/install/msgs_rovercon/share/msgs_rovercon/environment/ament_prefix_path.sh
[15.759s] -- Installing: /home/curry/wilson_proj/ros2-rover-ws/install/msgs_rovercon/share/msgs_rovercon/environment/ament_prefix_path.dsv
[15.761s] -- Installing: /home/curry/wilson_proj/ros2-rover-ws/install/msgs_rovercon/share/msgs_rovercon/environment/path.sh
[15.762s] -- Installing: /home/curry/wilson_proj/ros2-rover-ws/install/msgs_rovercon/share/msgs_rovercon/environment/path.dsv
[15.763s] -- Installing: /home/curry/wilson_proj/ros2-rover-ws/install/msgs_rovercon/share/msgs_rovercon/local_setup.bash
[15.764s] -- Installing: /home/curry/wilson_proj/ros2-rover-ws/install/msgs_rovercon/share/msgs_rovercon/local_setup.sh
[15.765s] -- Installing: /home/curry/wilson_proj/ros2-rover-ws/install/msgs_rovercon/share/msgs_rovercon/local_setup.zsh
[15.767s] -- Installing: /home/curry/wilson_proj/ros2-rover-ws/install/msgs_rovercon/share/msgs_rovercon/local_setup.dsv
[15.768s] -- Installing: /home/curry/wilson_proj/ros2-rover-ws/install/msgs_rovercon/share/msgs_rovercon/package.dsv
[15.769s] -- Installing: /home/curry/wilson_proj/ros2-rover-ws/install/msgs_rovercon/share/ament_index/resource_index/packages/msgs_rovercon
[15.771s] -- Installing: /home/curry/wilson_proj/ros2-rover-ws/install/msgs_rovercon/share/msgs_rovercon/cmake/export_msgs_rovercon__rosidl_generator_cExport.cmake
[15.772s] -- Installing: /home/curry/wilson_proj/ros2-rover-ws/install/msgs_rovercon/share/msgs_rovercon/cmake/export_msgs_rovercon__rosidl_generator_cExport-noconfig.cmake
[15.774s] -- Installing: /home/curry/wilson_proj/ros2-rover-ws/install/msgs_rovercon/share/msgs_rovercon/cmake/export_msgs_rovercon__rosidl_typesupport_fastrtps_cExport.cmake
[15.775s] -- Installing: /home/curry/wilson_proj/ros2-rover-ws/install/msgs_rovercon/share/msgs_rovercon/cmake/export_msgs_rovercon__rosidl_typesupport_fastrtps_cExport-noconfig.cmake
[15.777s] -- Installing: /home/curry/wilson_proj/ros2-rover-ws/install/msgs_rovercon/share/msgs_rovercon/cmake/msgs_rovercon__rosidl_typesupport_introspection_cExport.cmake
[15.778s] -- Installing: /home/curry/wilson_proj/ros2-rover-ws/install/msgs_rovercon/share/msgs_rovercon/cmake/msgs_rovercon__rosidl_typesupport_introspection_cExport-noconfig.cmake
[15.780s] -- Installing: /home/curry/wilson_proj/ros2-rover-ws/install/msgs_rovercon/share/msgs_rovercon/cmake/msgs_rovercon__rosidl_typesupport_cExport.cmake
[15.781s] -- Installing: /home/curry/wilson_proj/ros2-rover-ws/install/msgs_rovercon/share/msgs_rovercon/cmake/msgs_rovercon__rosidl_typesupport_cExport-noconfig.cmake
[15.783s] -- Installing: /home/curry/wilson_proj/ros2-rover-ws/install/msgs_rovercon/share/msgs_rovercon/cmake/export_msgs_rovercon__rosidl_generator_cppExport.cmake
[15.784s] -- Installing: /home/curry/wilson_proj/ros2-rover-ws/install/msgs_rovercon/share/msgs_rovercon/cmake/export_msgs_rovercon__rosidl_typesupport_fastrtps_cppExport.cmake
[15.786s] -- Installing: /home/curry/wilson_proj/ros2-rover-ws/install/msgs_rovercon/share/msgs_rovercon/cmake/export_msgs_rovercon__rosidl_typesupport_fastrtps_cppExport-noconfig.cmake
[15.787s] -- Installing: /home/curry/wilson_proj/ros2-rover-ws/install/msgs_rovercon/share/msgs_rovercon/cmake/msgs_rovercon__rosidl_typesupport_introspection_cppExport.cmake
[15.789s] -- Installing: /home/curry/wilson_proj/ros2-rover-ws/install/msgs_rovercon/share/msgs_rovercon/cmake/msgs_rovercon__rosidl_typesupport_introspection_cppExport-noconfig.cmake
[15.790s] -- Installing: /home/curry/wilson_proj/ros2-rover-ws/install/msgs_rovercon/share/msgs_rovercon/cmake/msgs_rovercon__rosidl_typesupport_cppExport.cmake
[15.792s] -- Installing: /home/curry/wilson_proj/ros2-rover-ws/install/msgs_rovercon/share/msgs_rovercon/cmake/msgs_rovercon__rosidl_typesupport_cppExport-noconfig.cmake
[15.793s] -- Installing: /home/curry/wilson_proj/ros2-rover-ws/install/msgs_rovercon/share/msgs_rovercon/cmake/export_msgs_rovercon__rosidl_generator_pyExport.cmake
[15.795s] -- Installing: /home/curry/wilson_proj/ros2-rover-ws/install/msgs_rovercon/share/msgs_rovercon/cmake/export_msgs_rovercon__rosidl_generator_pyExport-noconfig.cmake
[15.796s] -- Installing: /home/curry/wilson_proj/ros2-rover-ws/install/msgs_rovercon/share/msgs_rovercon/cmake/rosidl_cmake-extras.cmake
[15.797s] -- Installing: /home/curry/wilson_proj/ros2-rover-ws/install/msgs_rovercon/share/msgs_rovercon/cmake/ament_cmake_export_include_directories-extras.cmake
[15.799s] -- Installing: /home/curry/wilson_proj/ros2-rover-ws/install/msgs_rovercon/share/msgs_rovercon/cmake/ament_cmake_export_libraries-extras.cmake
[15.800s] -- Installing: /home/curry/wilson_proj/ros2-rover-ws/install/msgs_rovercon/share/msgs_rovercon/cmake/ament_cmake_export_targets-extras.cmake
[15.801s] -- Installing: /home/curry/wilson_proj/ros2-rover-ws/install/msgs_rovercon/share/msgs_rovercon/cmake/rosidl_cmake_export_typesupport_targets-extras.cmake
[15.803s] -- Installing: /home/curry/wilson_proj/ros2-rover-ws/install/msgs_rovercon/share/msgs_rovercon/cmake/ament_cmake_export_dependencies-extras.cmake
[15.804s] -- Installing: /home/curry/wilson_proj/ros2-rover-ws/install/msgs_rovercon/share/msgs_rovercon/cmake/rosidl_cmake_export_typesupport_libraries-extras.cmake
[15.805s] -- Installing: /home/curry/wilson_proj/ros2-rover-ws/install/msgs_rovercon/share/msgs_rovercon/cmake/msgs_roverconConfig.cmake
[15.806s] -- Installing: /home/curry/wilson_proj/ros2-rover-ws/install/msgs_rovercon/share/msgs_rovercon/cmake/msgs_roverconConfig-version.cmake
[15.808s] -- Installing: /home/curry/wilson_proj/ros2-rover-ws/install/msgs_rovercon/share/msgs_rovercon/package.xml
[15.815s] Invoked command in '/home/curry/wilson_proj/ros2-rover-ws/build/msgs_rovercon' returned '0': CMAKE_PREFIX_PATH=${CMAKE_PREFIX_PATH}:/opt/ros/humble /usr/bin/cmake --install /home/curry/wilson_proj/ros2-rover-ws/build/msgs_rovercon
