[0.125s] Invoking command in '/home/curry/wilson_proj/ros2-rover-ws/build/package_rover_control': CMAKE_PREFIX_PATH=${CMAKE_PREFIX_PATH}:/opt/ros/humble /usr/bin/cmake --build /home/curry/wilson_proj/ros2-rover-ws/build/package_rover_control -- -j4 -l4
[0.576s] [ 33%] Built target node_motor_control
[0.590s] [ 66%] Built target motorcontrol
[0.611s] [100%] Built target node_rovercontrol
[0.694s] Invoked command in '/home/curry/wilson_proj/ros2-rover-ws/build/package_rover_control' returned '0': CMAKE_PREFIX_PATH=${CMAKE_PREFIX_PATH}:/opt/ros/humble /usr/bin/cmake --build /home/curry/wilson_proj/ros2-rover-ws/build/package_rover_control -- -j4 -l4
[0.956s] Invoking command in '/home/curry/wilson_proj/ros2-rover-ws/build/package_rover_control': CMAKE_PREFIX_PATH=${CMAKE_PREFIX_PATH}:/opt/ros/humble /usr/bin/cmake --install /home/curry/wilson_proj/ros2-rover-ws/build/package_rover_control
[1.004s] -- Install configuration: ""
[1.006s] -- Up-to-date: /home/curry/wilson_proj/ros2-rover-ws/install/package_rover_control/lib/libmotorcontrol.so
[1.011s] -- Up-to-date: /home/curry/wilson_proj/ros2-rover-ws/install/package_rover_control/lib/package_rover_control/node_motor_control
[1.015s] -- Up-to-date: /home/curry/wilson_proj/ros2-rover-ws/install/package_rover_control/lib/package_rover_control/node_rovercontrol
[1.018s] -- Up-to-date: /home/curry/wilson_proj/ros2-rover-ws/install/package_rover_control/share/ament_index/resource_index/package_run_dependencies/package_rover_control
[1.020s] -- Up-to-date: /home/curry/wilson_proj/ros2-rover-ws/install/package_rover_control/share/ament_index/resource_index/parent_prefix_path/package_rover_control
[1.022s] -- Up-to-date: /home/curry/wilson_proj/ros2-rover-ws/install/package_rover_control/share/package_rover_control/environment/ament_prefix_path.sh
[1.024s] -- Up-to-date: /home/curry/wilson_proj/ros2-rover-ws/install/package_rover_control/share/package_rover_control/environment/ament_prefix_path.dsv
[1.026s] -- Up-to-date: /home/curry/wilson_proj/ros2-rover-ws/install/package_rover_control/share/package_rover_control/environment/path.sh
[1.028s] -- Up-to-date: /home/curry/wilson_proj/ros2-rover-ws/install/package_rover_control/share/package_rover_control/environment/path.dsv
[1.030s] -- Up-to-date: /home/curry/wilson_proj/ros2-rover-ws/install/package_rover_control/share/package_rover_control/local_setup.bash
[1.031s] -- Up-to-date: /home/curry/wilson_proj/ros2-rover-ws/install/package_rover_control/share/package_rover_control/local_setup.sh
[1.033s] -- Up-to-date: /home/curry/wilson_proj/ros2-rover-ws/install/package_rover_control/share/package_rover_control/local_setup.zsh
[1.036s] -- Up-to-date: /home/curry/wilson_proj/ros2-rover-ws/install/package_rover_control/share/package_rover_control/local_setup.dsv
[1.037s] -- Installing: /home/curry/wilson_proj/ros2-rover-ws/install/package_rover_control/share/package_rover_control/package.dsv
[1.040s] -- Up-to-date: /home/curry/wilson_proj/ros2-rover-ws/install/package_rover_control/share/ament_index/resource_index/packages/package_rover_control
[1.042s] -- Up-to-date: /home/curry/wilson_proj/ros2-rover-ws/install/package_rover_control/share/ament_index/resource_index/rclcpp_components/package_rover_control
[1.045s] -- Up-to-date: /home/curry/wilson_proj/ros2-rover-ws/install/package_rover_control/share/package_rover_control/cmake/package_rover_controlConfig.cmake
[1.047s] -- Up-to-date: /home/curry/wilson_proj/ros2-rover-ws/install/package_rover_control/share/package_rover_control/cmake/package_rover_controlConfig-version.cmake
[1.052s] -- Up-to-date: /home/curry/wilson_proj/ros2-rover-ws/install/package_rover_control/share/package_rover_control/package.xml
[1.071s] Invoked command in '/home/curry/wilson_proj/ros2-rover-ws/build/package_rover_control' returned '0': CMAKE_PREFIX_PATH=${CMAKE_PREFIX_PATH}:/opt/ros/humble /usr/bin/cmake --install /home/curry/wilson_proj/ros2-rover-ws/build/package_rover_control
