[0.078s] Invoking command in '/home/curry/wilson_proj/ros2-rover-ws/build/msgs_mainrocon': CMAKE_PREFIX_PATH=/home/curry/wilson_proj/ros2-rover-ws/install/msgs_rovercon:/home/curry/wilson_proj/ros2-rover-ws/install/msgs_ifaces:/home/curry/wilson_proj/ros2-rover-ws/install/service_ifaces:/home/curry/wilson_proj/ros2-rover-ws/install/ifaces_rover:/home/curry/wilson_proj/ros2-rover-ws/install/rovercon_msgs:/home/curry/wilson_proj/ros2-rover-ws/install/package_test:/home/curry/wilson_proj/ros2-rover-ws/install/package_rover_control:/home/curry/wilson_proj/ros2-rover-ws/install/package_position_process:/home/curry/wilson_proj/ros2-rover-ws/install/package_navigate_route:/home/curry/wilson_proj/ros2-rover-ws/install/package_image_process:/home/curry/wilson_proj/ros2-rover-ws/install/msgs_mainrocon:/home/curry/wilson_proj/ros2-rover-ws/install/msgs_positions:/home/curry/wilson_proj/ros2-rover-ws/install/ifaces_position:/home/curry/wilson_proj/ros2-rover-ws/install/action_interfaces:/opt/ros/humble LD_LIBRARY_PATH=/home/curry/wilson_proj/ros2-rover-ws/install/msgs_rovercon/lib:/home/curry/wilson_proj/ros2-rover-ws/install/msgs_ifaces/lib:/home/curry/wilson_proj/ros2-rover-ws/install/service_ifaces/lib:/home/curry/wilson_proj/ros2-rover-ws/install/ifaces_rover/lib:/home/curry/wilson_proj/ros2-rover-ws/install/rovercon_msgs/lib:/home/curry/wilson_proj/ros2-rover-ws/install/package_rover_control/lib:/home/curry/wilson_proj/ros2-rover-ws/install/msgs_mainrocon/lib:/home/curry/wilson_proj/ros2-rover-ws/install/msgs_positions/lib:/home/curry/wilson_proj/ros2-rover-ws/install/ifaces_position/lib:/home/curry/wilson_proj/ros2-rover-ws/install/action_interfaces/lib:/opt/ros/humble/opt/rviz_ogre_vendor/lib:/opt/ros/humble/lib/aarch64-linux-gnu:/opt/ros/humble/lib /usr/bin/cmake --build /home/curry/wilson_proj/ros2-rover-ws/build/msgs_mainrocon -- -j4 -l4
[0.495s] [  9%] Built target msgs_mainrocon__rosidl_generator_c
[0.520s] [ 12%] Built target msgs_mainrocon__cpp
[0.718s] [ 12%] Built target ament_cmake_python_copy_msgs_mainrocon
[0.756s] [ 22%] Built target msgs_mainrocon__rosidl_typesupport_c
[0.802s] [ 32%] Built target msgs_mainrocon__rosidl_typesupport_introspection_c
[0.823s] [ 41%] Built target msgs_mainrocon__rosidl_typesupport_fastrtps_c
[1.014s] [ 51%] Built target msgs_mainrocon__rosidl_typesupport_introspection_cpp
[1.023s] [ 61%] Built target msgs_mainrocon__rosidl_typesupport_fastrtps_cpp
[1.053s] [ 70%] Built target msgs_mainrocon__rosidl_typesupport_cpp
[1.282s] [ 70%] Built target msgs_mainrocon
[1.453s] [ 74%] Built target msgs_mainrocon__py
[1.641s] [ 80%] Built target msgs_mainrocon__rosidl_generator_py
[1.937s] [ 87%] Built target msgs_mainrocon__rosidl_typesupport_introspection_c__pyext
[1.945s] [ 93%] Built target msgs_mainrocon__rosidl_typesupport_fastrtps_c__pyext
[1.967s] [100%] Built target msgs_mainrocon__rosidl_typesupport_c__pyext
[2.837s] running egg_info
[2.842s] writing msgs_mainrocon.egg-info/PKG-INFO
[2.843s] writing dependency_links to msgs_mainrocon.egg-info/dependency_links.txt
[2.844s] writing top-level names to msgs_mainrocon.egg-info/top_level.txt
[2.856s] reading manifest file 'msgs_mainrocon.egg-info/SOURCES.txt'
[2.859s] writing manifest file 'msgs_mainrocon.egg-info/SOURCES.txt'
[3.052s] [100%] Built target ament_cmake_python_build_msgs_mainrocon_egg
