[0.109s] Invoking command in '/home/curry/wilson_proj/ros2-rover-ws/build/ifaces_rover': CMAKE_PREFIX_PATH=${CMAKE_PREFIX_PATH}:/opt/ros/humble /usr/bin/cmake --build /home/curry/wilson_proj/ros2-rover-ws/build/ifaces_rover -- -j4 -l4
[0.366s] Invoked command in '/home/curry/wilson_proj/ros2-rover-ws/build/ifaces_rover' returned '0': CMAKE_PREFIX_PATH=${CMAKE_PREFIX_PATH}:/opt/ros/humble /usr/bin/cmake --build /home/curry/wilson_proj/ros2-rover-ws/build/ifaces_rover -- -j4 -l4
[0.456s] Invoking command in '/home/curry/wilson_proj/ros2-rover-ws/build/ifaces_rover': CMAKE_PREFIX_PATH=${CMAKE_PREFIX_PATH}:/opt/ros/humble /usr/bin/cmake --install /home/curry/wilson_proj/ros2-rover-ws/build/ifaces_rover
[0.620s] -- Install configuration: ""
[0.630s] -- Up-to-date: /home/curry/wilson_proj/ros2-rover-ws/install/ifaces_rover/share/ament_index/resource_index/package_run_dependencies/ifaces_rover
[0.631s] -- Up-to-date: /home/curry/wilson_proj/ros2-rover-ws/install/ifaces_rover/share/ament_index/resource_index/parent_prefix_path/ifaces_rover
[0.633s] -- Up-to-date: /home/curry/wilson_proj/ros2-rover-ws/install/ifaces_rover/share/ifaces_rover/environment/ament_prefix_path.sh
[0.634s] -- Up-to-date: /home/curry/wilson_proj/ros2-rover-ws/install/ifaces_rover/share/ifaces_rover/environment/ament_prefix_path.dsv
[0.636s] -- Up-to-date: /home/curry/wilson_proj/ros2-rover-ws/install/ifaces_rover/share/ifaces_rover/environment/path.sh
[0.638s] -- Up-to-date: /home/curry/wilson_proj/ros2-rover-ws/install/ifaces_rover/share/ifaces_rover/environment/path.dsv
[0.647s] -- Up-to-date: /home/curry/wilson_proj/ros2-rover-ws/install/ifaces_rover/share/ifaces_rover/local_setup.bash
[0.650s] -- Up-to-date: /home/curry/wilson_proj/ros2-rover-ws/install/ifaces_rover/share/ifaces_rover/local_setup.sh
[0.657s] -- Up-to-date: /home/curry/wilson_proj/ros2-rover-ws/install/ifaces_rover/share/ifaces_rover/local_setup.zsh
[0.659s] -- Up-to-date: /home/curry/wilson_proj/ros2-rover-ws/install/ifaces_rover/share/ifaces_rover/local_setup.dsv
[0.662s] -- Installing: /home/curry/wilson_proj/ros2-rover-ws/install/ifaces_rover/share/ifaces_rover/package.dsv
[0.665s] -- Up-to-date: /home/curry/wilson_proj/ros2-rover-ws/install/ifaces_rover/share/ament_index/resource_index/packages/ifaces_rover
[0.667s] -- Up-to-date: /home/curry/wilson_proj/ros2-rover-ws/install/ifaces_rover/share/ifaces_rover/cmake/ifaces_roverConfig.cmake
[0.668s] -- Up-to-date: /home/curry/wilson_proj/ros2-rover-ws/install/ifaces_rover/share/ifaces_rover/cmake/ifaces_roverConfig-version.cmake
[0.669s] -- Up-to-date: /home/curry/wilson_proj/ros2-rover-ws/install/ifaces_rover/share/ifaces_rover/package.xml
[0.697s] Invoked command in '/home/curry/wilson_proj/ros2-rover-ws/build/ifaces_rover' returned '0': CMAKE_PREFIX_PATH=${CMAKE_PREFIX_PATH}:/opt/ros/humble /usr/bin/cmake --install /home/curry/wilson_proj/ros2-rover-ws/build/ifaces_rover
