[0.012s] Invoking command in '/home/yupi/rover_proj/ros2-base/build/ros2_base_package': CMAKE_PREFIX_PATH=${CMAKE_PREFIX_PATH}:/opt/ros/humble /usr/bin/cmake /home/yupi/rover_proj/ros2-base/src/ros2_base_package -DCMAKE_INSTALL_PREFIX=/home/yupi/rover_proj/ros2-base/install/ros2_base_package
[0.111s] -- The C compiler identification is GNU 11.4.0
[0.167s] -- The CXX compiler identification is GNU 11.4.0
[0.174s] -- Detecting C compiler ABI info
[0.296s] -- Detecting C compiler ABI info - done
[0.305s] -- Check for working C compiler: /usr/bin/cc - skipped
[0.305s] -- Detecting C compile features
[0.305s] -- Detecting C compile features - done
[0.309s] -- Detecting CXX compiler ABI info
[0.391s] -- Detecting CXX compiler ABI info - done
[0.399s] -- Check for working CXX compiler: /usr/bin/c++ - skipped
[0.399s] -- Detecting CXX compile features
[0.400s] -- Detecting CXX compile features - done
[0.405s] -- Found ament_cmake: 1.3.9 (/opt/ros/humble/share/ament_cmake/cmake)
[0.554s] -- Found Python3: /usr/bin/python3 (found version "3.10.12") found components: Interpreter 
[0.648s] -- Found ament_lint_auto: 0.12.11 (/opt/ros/humble/share/ament_lint_auto/cmake)
[0.729s] -- Added test 'lint_cmake' to check CMake code style
[0.730s] -- Added test 'xmllint' to check XML markup files
[0.731s] -- Configuring done
[0.734s] -- Generating done
[0.735s] -- Build files have been written to: /home/yupi/rover_proj/ros2-base/build/ros2_base_package
[0.739s] Invoked command in '/home/yupi/rover_proj/ros2-base/build/ros2_base_package' returned '0': CMAKE_PREFIX_PATH=${CMAKE_PREFIX_PATH}:/opt/ros/humble /usr/bin/cmake /home/yupi/rover_proj/ros2-base/src/ros2_base_package -DCMAKE_INSTALL_PREFIX=/home/yupi/rover_proj/ros2-base/install/ros2_base_package
[0.740s] Invoking command in '/home/yupi/rover_proj/ros2-base/build/ros2_base_package': CMAKE_PREFIX_PATH=${CMAKE_PREFIX_PATH}:/opt/ros/humble /usr/bin/cmake --build /home/yupi/rover_proj/ros2-base/build/ros2_base_package -- -j4 -l4
[0.775s] Invoked command in '/home/yupi/rover_proj/ros2-base/build/ros2_base_package' returned '0': CMAKE_PREFIX_PATH=${CMAKE_PREFIX_PATH}:/opt/ros/humble /usr/bin/cmake --build /home/yupi/rover_proj/ros2-base/build/ros2_base_package -- -j4 -l4
[0.798s] Invoking command in '/home/yupi/rover_proj/ros2-base/build/ros2_base_package': CMAKE_PREFIX_PATH=${CMAKE_PREFIX_PATH}:/opt/ros/humble /usr/bin/cmake --install /home/yupi/rover_proj/ros2-base/build/ros2_base_package
[0.805s] -- Install configuration: ""
[0.805s] -- Installing: /home/yupi/rover_proj/ros2-base/install/ros2_base_package/share/ament_index/resource_index/package_run_dependencies/ros2_base_package
[0.806s] -- Installing: /home/yupi/rover_proj/ros2-base/install/ros2_base_package/share/ament_index/resource_index/parent_prefix_path/ros2_base_package
[0.806s] -- Installing: /home/yupi/rover_proj/ros2-base/install/ros2_base_package/share/ros2_base_package/environment/ament_prefix_path.sh
[0.806s] -- Installing: /home/yupi/rover_proj/ros2-base/install/ros2_base_package/share/ros2_base_package/environment/ament_prefix_path.dsv
[0.806s] -- Installing: /home/yupi/rover_proj/ros2-base/install/ros2_base_package/share/ros2_base_package/environment/path.sh
[0.806s] -- Installing: /home/yupi/rover_proj/ros2-base/install/ros2_base_package/share/ros2_base_package/environment/path.dsv
[0.806s] -- Installing: /home/yupi/rover_proj/ros2-base/install/ros2_base_package/share/ros2_base_package/local_setup.bash
[0.806s] -- Installing: /home/yupi/rover_proj/ros2-base/install/ros2_base_package/share/ros2_base_package/local_setup.sh
[0.807s] -- Installing: /home/yupi/rover_proj/ros2-base/install/ros2_base_package/share/ros2_base_package/local_setup.zsh
[0.807s] -- Installing: /home/yupi/rover_proj/ros2-base/install/ros2_base_package/share/ros2_base_package/local_setup.dsv
[0.807s] -- Installing: /home/yupi/rover_proj/ros2-base/install/ros2_base_package/share/ros2_base_package/package.dsv
[0.807s] -- Installing: /home/yupi/rover_proj/ros2-base/install/ros2_base_package/share/ament_index/resource_index/packages/ros2_base_package
[0.807s] -- Installing: /home/yupi/rover_proj/ros2-base/install/ros2_base_package/share/ros2_base_package/cmake/ros2_base_packageConfig.cmake
[0.807s] -- Installing: /home/yupi/rover_proj/ros2-base/install/ros2_base_package/share/ros2_base_package/cmake/ros2_base_packageConfig-version.cmake
[0.808s] -- Installing: /home/yupi/rover_proj/ros2-base/install/ros2_base_package/share/ros2_base_package/package.xml
[0.810s] Invoked command in '/home/yupi/rover_proj/ros2-base/build/ros2_base_package' returned '0': CMAKE_PREFIX_PATH=${CMAKE_PREFIX_PATH}:/opt/ros/humble /usr/bin/cmake --install /home/yupi/rover_proj/ros2-base/build/ros2_base_package
