[  2%] Built target rover_control_package__rosidl_generator_type_description
[ 10%] [32mBuilding CXX object CMakeFiles/carcontrol_ros2_server.dir/src/motor_drive_node.cpp.o[0m
[ 10%] Built target carcontrol_server
[ 10%] Built target ament_cmake_python_copy_rover_control_package
[ 13%] Built target rover_control_package__cpp
[ 26%] Built target rover_control_package__rosidl_generator_c
[ 34%] Built target rover_control_package__rosidl_typesupport_cpp
[ 42%] Built target rover_control_package__rosidl_typesupport_fastrtps_c
[ 50%] Built target rover_control_package__rosidl_typesupport_introspection_c
[ 57%] Built target rover_control_package__rosidl_typesupport_c
[ 65%] Built target rover_control_package__rosidl_typesupport_fastrtps_cpp
[ 73%] Built target rover_control_package__rosidl_typesupport_introspection_cpp
[ 73%] Built target rover_control_package
[ 76%] Built target rover_control_package__py
running egg_info
writing rover_control_package.egg-info/PKG-INFO
writing dependency_links to rover_control_package.egg-info/dependency_links.txt
writing top-level names to rover_control_package.egg-info/top_level.txt
reading manifest file 'rover_control_package.egg-info/SOURCES.txt'
writing manifest file 'rover_control_package.egg-info/SOURCES.txt'
[ 76%] Built target ament_cmake_python_build_rover_control_package_egg
