[0.111s] Invoking command in '/home/curry/wilson_proj/ros2-rover-ws/build/package_rover_control': CMAKE_PREFIX_PATH=${CMAKE_PREFIX_PATH}:/opt/ros/humble /usr/bin/cmake --build /home/curry/wilson_proj/ros2-rover-ws/build/package_rover_control -- -j4 -l4
[0.225s] -- Found ament_cmake: 1.3.11 (/opt/ros/humble/share/ament_cmake/cmake)
[0.918s] -- Found action_interfaces: 0.0.0 (/home/curry/wilson_proj/ros2-rover-ws/install/action_interfaces/share/action_interfaces/cmake)
[1.100s] [31mCMake Error at /home/curry/wilson_proj/ros2-rover-ws/install/action_interfaces/share/action_interfaces/cmake/ament_cmake_export_dependencies-extras.cmake:21 (find_package):
[1.101s]   By not providing "Findservice_msgs.cmake" in CMAKE_MODULE_PATH this project
[1.101s]   has asked CMake to find a package configuration file provided by
[1.102s]   "service_msgs", but CMake did not find one.
[1.102s] 
[1.102s]   Could not find a package configuration file provided by "service_msgs" with
[1.103s]   any of the following names:
[1.103s] 
[1.104s]     service_msgsConfig.cmake
[1.105s]     service_msgs-config.cmake
[1.106s] 
[1.106s]   Add the installation prefix of "service_msgs" to CMAKE_PREFIX_PATH or set
[1.107s]   "service_msgs_DIR" to a directory containing one of the above files.  If
[1.107s]   "service_msgs" provides a separate development package or SDK, be sure it
[1.107s]   has been installed.
[1.108s] Call Stack (most recent call first):
[1.108s]   /home/curry/wilson_proj/ros2-rover-ws/install/action_interfaces/share/action_interfaces/cmake/action_interfacesConfig.cmake:41 (include)
[1.110s]   CMakeLists.txt:20 (find_package)
[1.111s] 
[1.111s] [0m
[1.112s] -- Configuring incomplete, errors occurred!
[1.112s] See also "/home/curry/wilson_proj/ros2-rover-ws/build/package_rover_control/CMakeFiles/CMakeOutput.log".
[1.117s] gmake: *** [Makefile:472: cmake_check_build_system] Error 1
[1.118s] Invoked command in '/home/curry/wilson_proj/ros2-rover-ws/build/package_rover_control' returned '2': CMAKE_PREFIX_PATH=${CMAKE_PREFIX_PATH}:/opt/ros/humble /usr/bin/cmake --build /home/curry/wilson_proj/ros2-rover-ws/build/package_rover_control -- -j4 -l4
