[0.135s] Invoking command in '/home/curry/wilson_proj/ros2-rover-ws/build/package_position_process': CMAKE_PREFIX_PATH=${CMAKE_PREFIX_PATH}:/opt/ros/humble /usr/bin/cmake --build /home/curry/wilson_proj/ros2-rover-ws/build/package_position_process -- -j4 -l4
[0.545s] [100%] Built target node_gnss
[0.663s] Invoked command in '/home/curry/wilson_proj/ros2-rover-ws/build/package_position_process' returned '0': CMAKE_PREFIX_PATH=${CMAKE_PREFIX_PATH}:/opt/ros/humble /usr/bin/cmake --build /home/curry/wilson_proj/ros2-rover-ws/build/package_position_process -- -j4 -l4
[0.962s] Invoking command in '/home/curry/wilson_proj/ros2-rover-ws/build/package_position_process': CMAKE_PREFIX_PATH=${CMAKE_PREFIX_PATH}:/opt/ros/humble /usr/bin/cmake --install /home/curry/wilson_proj/ros2-rover-ws/build/package_position_process
[1.025s] -- Install configuration: ""
[1.029s] -- Up-to-date: /home/curry/wilson_proj/ros2-rover-ws/install/package_position_process/lib/package_position_process/node_gnss
[1.031s] -- Up-to-date: /home/curry/wilson_proj/ros2-rover-ws/install/package_position_process/share/ament_index/resource_index/package_run_dependencies/package_position_process
[1.033s] -- Up-to-date: /home/curry/wilson_proj/ros2-rover-ws/install/package_position_process/share/ament_index/resource_index/parent_prefix_path/package_position_process
[1.036s] -- Up-to-date: /home/curry/wilson_proj/ros2-rover-ws/install/package_position_process/share/package_position_process/environment/ament_prefix_path.sh
[1.037s] -- Up-to-date: /home/curry/wilson_proj/ros2-rover-ws/install/package_position_process/share/package_position_process/environment/ament_prefix_path.dsv
[1.039s] -- Up-to-date: /home/curry/wilson_proj/ros2-rover-ws/install/package_position_process/share/package_position_process/environment/path.sh
[1.041s] -- Up-to-date: /home/curry/wilson_proj/ros2-rover-ws/install/package_position_process/share/package_position_process/environment/path.dsv
[1.043s] -- Up-to-date: /home/curry/wilson_proj/ros2-rover-ws/install/package_position_process/share/package_position_process/local_setup.bash
[1.044s] -- Up-to-date: /home/curry/wilson_proj/ros2-rover-ws/install/package_position_process/share/package_position_process/local_setup.sh
[1.046s] -- Up-to-date: /home/curry/wilson_proj/ros2-rover-ws/install/package_position_process/share/package_position_process/local_setup.zsh
[1.048s] -- Up-to-date: /home/curry/wilson_proj/ros2-rover-ws/install/package_position_process/share/package_position_process/local_setup.dsv
[1.050s] -- Installing: /home/curry/wilson_proj/ros2-rover-ws/install/package_position_process/share/package_position_process/package.dsv
[1.053s] -- Up-to-date: /home/curry/wilson_proj/ros2-rover-ws/install/package_position_process/share/ament_index/resource_index/packages/package_position_process
[1.055s] -- Up-to-date: /home/curry/wilson_proj/ros2-rover-ws/install/package_position_process/share/package_position_process/cmake/package_position_processConfig.cmake
[1.056s] -- Up-to-date: /home/curry/wilson_proj/ros2-rover-ws/install/package_position_process/share/package_position_process/cmake/package_position_processConfig-version.cmake
[1.058s] -- Up-to-date: /home/curry/wilson_proj/ros2-rover-ws/install/package_position_process/share/package_position_process/package.xml
[1.079s] Invoked command in '/home/curry/wilson_proj/ros2-rover-ws/build/package_position_process' returned '0': CMAKE_PREFIX_PATH=${CMAKE_PREFIX_PATH}:/opt/ros/humble /usr/bin/cmake --install /home/curry/wilson_proj/ros2-rover-ws/build/package_position_process
