[35m[1mConsolidate compiler generated dependencies of target service_ifaces__rosidl_generator_c[0m
[  2%] Built target service_ifaces__cpp
[ 12%] Built target service_ifaces__rosidl_generator_c
[35m[1mConsolidate compiler generated dependencies of target service_ifaces__rosidl_typesupport_cpp[0m
[35m[1mConsolidate compiler generated dependencies of target service_ifaces__rosidl_typesupport_fastrtps_cpp[0m
[ 12%] Built target ament_cmake_python_copy_service_ifaces
[35m[1mConsolidate compiler generated dependencies of target service_ifaces__rosidl_typesupport_introspection_cpp[0m
[ 23%] Built target service_ifaces__rosidl_typesupport_cpp
[ 33%] Built target service_ifaces__rosidl_typesupport_fastrtps_cpp
[35m[1mConsolidate compiler generated dependencies of target service_ifaces__rosidl_typesupport_fastrtps_c[0m
[35m[1mConsolidate compiler generated dependencies of target service_ifaces__rosidl_typesupport_introspection_c[0m
[ 43%] Built target service_ifaces__rosidl_typesupport_introspection_cpp
[35m[1mConsolidate compiler generated dependencies of target service_ifaces__rosidl_typesupport_c[0m
[ 53%] Built target service_ifaces__rosidl_typesupport_fastrtps_c
[ 64%] Built target service_ifaces__rosidl_typesupport_c
[ 74%] Built target service_ifaces__rosidl_typesupport_introspection_c
[ 74%] Built target service_ifaces
[ 76%] Built target service_ifaces__py
[35m[1mConsolidate compiler generated dependencies of target service_ifaces__rosidl_generator_py[0m
[ 84%] Built target service_ifaces__rosidl_generator_py
[35m[1mConsolidate compiler generated dependencies of target service_ifaces__rosidl_typesupport_introspection_c__pyext[0m
[35m[1mConsolidate compiler generated dependencies of target service_ifaces__rosidl_typesupport_fastrtps_c__pyext[0m
[35m[1mConsolidate compiler generated dependencies of target service_ifaces__rosidl_typesupport_c__pyext[0m
[ 89%] Built target service_ifaces__rosidl_typesupport_introspection_c__pyext
[ 94%] Built target service_ifaces__rosidl_typesupport_fastrtps_c__pyext
[100%] Built target service_ifaces__rosidl_typesupport_c__pyext
running egg_info
writing service_ifaces.egg-info/PKG-INFO
writing dependency_links to service_ifaces.egg-info/dependency_links.txt
writing top-level names to service_ifaces.egg-info/top_level.txt
reading manifest file 'service_ifaces.egg-info/SOURCES.txt'
writing manifest file 'service_ifaces.egg-info/SOURCES.txt'
[100%] Built target ament_cmake_python_build_service_ifaces_egg
-- Install configuration: ""
-- Up-to-date: /home/curry/wilson_proj/ros2-rover-ws/install/service_ifaces/share/ament_index/resource_index/rosidl_interfaces/service_ifaces
-- Up-to-date: /home/curry/wilson_proj/ros2-rover-ws/install/service_ifaces/include/service_ifaces/service_ifaces
-- Up-to-date: /home/curry/wilson_proj/ros2-rover-ws/install/service_ifaces/include/service_ifaces/service_ifaces/msg
-- Up-to-date: /home/curry/wilson_proj/ros2-rover-ws/install/service_ifaces/include/service_ifaces/service_ifaces/msg/rosidl_generator_c__visibility_control.h
-- Up-to-date: /home/curry/wilson_proj/ros2-rover-ws/install/service_ifaces/include/service_ifaces/service_ifaces/srv
-- Up-to-date: /home/curry/wilson_proj/ros2-rover-ws/install/service_ifaces/include/service_ifaces/service_ifaces/srv/detail
-- Installing: /home/curry/wilson_proj/ros2-rover-ws/install/service_ifaces/include/service_ifaces/service_ifaces/srv/detail/des_data__functions.h
-- Installing: /home/curry/wilson_proj/ros2-rover-ws/install/service_ifaces/include/service_ifaces/service_ifaces/srv/detail/spd_limit__functions.c
-- Installing: /home/curry/wilson_proj/ros2-rover-ws/install/service_ifaces/include/service_ifaces/service_ifaces/srv/detail/des_data__struct.h
-- Installing: /home/curry/wilson_proj/ros2-rover-ws/install/service_ifaces/include/service_ifaces/service_ifaces/srv/detail/des_data__type_support.h
-- Installing: /home/curry/wilson_proj/ros2-rover-ws/install/service_ifaces/include/service_ifaces/service_ifaces/srv/detail/spd_limit__functions.h
-- Installing: /home/curry/wilson_proj/ros2-rover-ws/install/service_ifaces/include/service_ifaces/service_ifaces/srv/detail/spd_limit__struct.h
-- Installing: /home/curry/wilson_proj/ros2-rover-ws/install/service_ifaces/include/service_ifaces/service_ifaces/srv/detail/des_data__functions.c
-- Installing: /home/curry/wilson_proj/ros2-rover-ws/install/service_ifaces/include/service_ifaces/service_ifaces/srv/detail/spd_limit__type_support.h
-- Installing: /home/curry/wilson_proj/ros2-rover-ws/install/service_ifaces/include/service_ifaces/service_ifaces/srv/des_data.h
-- Installing: /home/curry/wilson_proj/ros2-rover-ws/install/service_ifaces/include/service_ifaces/service_ifaces/srv/spd_limit.h
-- Up-to-date: /home/curry/wilson_proj/ros2-rover-ws/install/service_ifaces/share/service_ifaces/environment/library_path.sh
-- Installing: /home/curry/wilson_proj/ros2-rover-ws/install/service_ifaces/share/service_ifaces/environment/library_path.dsv
-- Installing: /home/curry/wilson_proj/ros2-rover-ws/install/service_ifaces/lib/libservice_ifaces__rosidl_generator_c.so
-- Set runtime path of "/home/curry/wilson_proj/ros2-rover-ws/install/service_ifaces/lib/libservice_ifaces__rosidl_generator_c.so" to ""
-- Up-to-date: /home/curry/wilson_proj/ros2-rover-ws/install/service_ifaces/include/service_ifaces/service_ifaces
-- Up-to-date: /home/curry/wilson_proj/ros2-rover-ws/install/service_ifaces/include/service_ifaces/service_ifaces/msg
-- Up-to-date: /home/curry/wilson_proj/ros2-rover-ws/install/service_ifaces/include/service_ifaces/service_ifaces/msg/rosidl_typesupport_fastrtps_c__visibility_control.h
-- Up-to-date: /home/curry/wilson_proj/ros2-rover-ws/install/service_ifaces/include/service_ifaces/service_ifaces/srv
-- Up-to-date: /home/curry/wilson_proj/ros2-rover-ws/install/service_ifaces/include/service_ifaces/service_ifaces/srv/detail
-- Installing: /home/curry/wilson_proj/ros2-rover-ws/install/service_ifaces/include/service_ifaces/service_ifaces/srv/detail/des_data__rosidl_typesupport_fastrtps_c.h
-- Installing: /home/curry/wilson_proj/ros2-rover-ws/install/service_ifaces/include/service_ifaces/service_ifaces/srv/detail/spd_limit__rosidl_typesupport_fastrtps_c.h
-- Installing: /home/curry/wilson_proj/ros2-rover-ws/install/service_ifaces/lib/libservice_ifaces__rosidl_typesupport_fastrtps_c.so
-- Set runtime path of "/home/curry/wilson_proj/ros2-rover-ws/install/service_ifaces/lib/libservice_ifaces__rosidl_typesupport_fastrtps_c.so" to ""
-- Up-to-date: /home/curry/wilson_proj/ros2-rover-ws/install/service_ifaces/include/service_ifaces/service_ifaces
-- Up-to-date: /home/curry/wilson_proj/ros2-rover-ws/install/service_ifaces/include/service_ifaces/service_ifaces/msg
-- Up-to-date: /home/curry/wilson_proj/ros2-rover-ws/install/service_ifaces/include/service_ifaces/service_ifaces/msg/rosidl_generator_cpp__visibility_control.hpp
-- Up-to-date: /home/curry/wilson_proj/ros2-rover-ws/install/service_ifaces/include/service_ifaces/service_ifaces/srv
-- Installing: /home/curry/wilson_proj/ros2-rover-ws/install/service_ifaces/include/service_ifaces/service_ifaces/srv/des_data.hpp
-- Installing: /home/curry/wilson_proj/ros2-rover-ws/install/service_ifaces/include/service_ifaces/service_ifaces/srv/spd_limit.hpp
-- Up-to-date: /home/curry/wilson_proj/ros2-rover-ws/install/service_ifaces/include/service_ifaces/service_ifaces/srv/detail
-- Installing: /home/curry/wilson_proj/ros2-rover-ws/install/service_ifaces/include/service_ifaces/service_ifaces/srv/detail/spd_limit__builder.hpp
-- Installing: /home/curry/wilson_proj/ros2-rover-ws/install/service_ifaces/include/service_ifaces/service_ifaces/srv/detail/spd_limit__traits.hpp
-- Installing: /home/curry/wilson_proj/ros2-rover-ws/install/service_ifaces/include/service_ifaces/service_ifaces/srv/detail/spd_limit__struct.hpp
-- Installing: /home/curry/wilson_proj/ros2-rover-ws/install/service_ifaces/include/service_ifaces/service_ifaces/srv/detail/des_data__traits.hpp
-- Installing: /home/curry/wilson_proj/ros2-rover-ws/install/service_ifaces/include/service_ifaces/service_ifaces/srv/detail/des_data__struct.hpp
-- Installing: /home/curry/wilson_proj/ros2-rover-ws/install/service_ifaces/include/service_ifaces/service_ifaces/srv/detail/des_data__builder.hpp
-- Installing: /home/curry/wilson_proj/ros2-rover-ws/install/service_ifaces/include/service_ifaces/service_ifaces/srv/detail/des_data__type_support.hpp
-- Installing: /home/curry/wilson_proj/ros2-rover-ws/install/service_ifaces/include/service_ifaces/service_ifaces/srv/detail/spd_limit__type_support.hpp
-- Up-to-date: /home/curry/wilson_proj/ros2-rover-ws/install/service_ifaces/include/service_ifaces/service_ifaces
-- Up-to-date: /home/curry/wilson_proj/ros2-rover-ws/install/service_ifaces/include/service_ifaces/service_ifaces/msg
-- Up-to-date: /home/curry/wilson_proj/ros2-rover-ws/install/service_ifaces/include/service_ifaces/service_ifaces/msg/rosidl_typesupport_fastrtps_cpp__visibility_control.h
-- Up-to-date: /home/curry/wilson_proj/ros2-rover-ws/install/service_ifaces/include/service_ifaces/service_ifaces/srv
-- Up-to-date: /home/curry/wilson_proj/ros2-rover-ws/install/service_ifaces/include/service_ifaces/service_ifaces/srv/detail
-- Up-to-date: /home/curry/wilson_proj/ros2-rover-ws/install/service_ifaces/include/service_ifaces/service_ifaces/srv/detail/dds_fastrtps
-- Installing: /home/curry/wilson_proj/ros2-rover-ws/install/service_ifaces/include/service_ifaces/service_ifaces/srv/detail/spd_limit__rosidl_typesupport_fastrtps_cpp.hpp
-- Installing: /home/curry/wilson_proj/ros2-rover-ws/install/service_ifaces/include/service_ifaces/service_ifaces/srv/detail/des_data__rosidl_typesupport_fastrtps_cpp.hpp
-- Installing: /home/curry/wilson_proj/ros2-rover-ws/install/service_ifaces/lib/libservice_ifaces__rosidl_typesupport_fastrtps_cpp.so
-- Set runtime path of "/home/curry/wilson_proj/ros2-rover-ws/install/service_ifaces/lib/libservice_ifaces__rosidl_typesupport_fastrtps_cpp.so" to ""
-- Up-to-date: /home/curry/wilson_proj/ros2-rover-ws/install/service_ifaces/include/service_ifaces/service_ifaces
-- Up-to-date: /home/curry/wilson_proj/ros2-rover-ws/install/service_ifaces/include/service_ifaces/service_ifaces/msg
-- Up-to-date: /home/curry/wilson_proj/ros2-rover-ws/install/service_ifaces/include/service_ifaces/service_ifaces/msg/rosidl_typesupport_introspection_c__visibility_control.h
-- Up-to-date: /home/curry/wilson_proj/ros2-rover-ws/install/service_ifaces/include/service_ifaces/service_ifaces/srv
-- Up-to-date: /home/curry/wilson_proj/ros2-rover-ws/install/service_ifaces/include/service_ifaces/service_ifaces/srv/detail
-- Installing: /home/curry/wilson_proj/ros2-rover-ws/install/service_ifaces/include/service_ifaces/service_ifaces/srv/detail/des_data__rosidl_typesupport_introspection_c.h
-- Installing: /home/curry/wilson_proj/ros2-rover-ws/install/service_ifaces/include/service_ifaces/service_ifaces/srv/detail/spd_limit__type_support.c
-- Installing: /home/curry/wilson_proj/ros2-rover-ws/install/service_ifaces/include/service_ifaces/service_ifaces/srv/detail/spd_limit__rosidl_typesupport_introspection_c.h
-- Installing: /home/curry/wilson_proj/ros2-rover-ws/install/service_ifaces/include/service_ifaces/service_ifaces/srv/detail/des_data__type_support.c
-- Installing: /home/curry/wilson_proj/ros2-rover-ws/install/service_ifaces/lib/libservice_ifaces__rosidl_typesupport_introspection_c.so
-- Set runtime path of "/home/curry/wilson_proj/ros2-rover-ws/install/service_ifaces/lib/libservice_ifaces__rosidl_typesupport_introspection_c.so" to ""
-- Installing: /home/curry/wilson_proj/ros2-rover-ws/install/service_ifaces/lib/libservice_ifaces__rosidl_typesupport_c.so
-- Set runtime path of "/home/curry/wilson_proj/ros2-rover-ws/install/service_ifaces/lib/libservice_ifaces__rosidl_typesupport_c.so" to ""
-- Up-to-date: /home/curry/wilson_proj/ros2-rover-ws/install/service_ifaces/include/service_ifaces/service_ifaces
-- Up-to-date: /home/curry/wilson_proj/ros2-rover-ws/install/service_ifaces/include/service_ifaces/service_ifaces/srv
-- Up-to-date: /home/curry/wilson_proj/ros2-rover-ws/install/service_ifaces/include/service_ifaces/service_ifaces/srv/detail
-- Installing: /home/curry/wilson_proj/ros2-rover-ws/install/service_ifaces/include/service_ifaces/service_ifaces/srv/detail/des_data__rosidl_typesupport_introspection_cpp.hpp
-- Installing: /home/curry/wilson_proj/ros2-rover-ws/install/service_ifaces/include/service_ifaces/service_ifaces/srv/detail/spd_limit__type_support.cpp
-- Installing: /home/curry/wilson_proj/ros2-rover-ws/install/service_ifaces/include/service_ifaces/service_ifaces/srv/detail/spd_limit__rosidl_typesupport_introspection_cpp.hpp
-- Installing: /home/curry/wilson_proj/ros2-rover-ws/install/service_ifaces/include/service_ifaces/service_ifaces/srv/detail/des_data__type_support.cpp
-- Installing: /home/curry/wilson_proj/ros2-rover-ws/install/service_ifaces/lib/libservice_ifaces__rosidl_typesupport_introspection_cpp.so
-- Set runtime path of "/home/curry/wilson_proj/ros2-rover-ws/install/service_ifaces/lib/libservice_ifaces__rosidl_typesupport_introspection_cpp.so" to ""
-- Installing: /home/curry/wilson_proj/ros2-rover-ws/install/service_ifaces/lib/libservice_ifaces__rosidl_typesupport_cpp.so
-- Set runtime path of "/home/curry/wilson_proj/ros2-rover-ws/install/service_ifaces/lib/libservice_ifaces__rosidl_typesupport_cpp.so" to ""
-- Up-to-date: /home/curry/wilson_proj/ros2-rover-ws/install/service_ifaces/share/service_ifaces/environment/pythonpath.sh
-- Installing: /home/curry/wilson_proj/ros2-rover-ws/install/service_ifaces/share/service_ifaces/environment/pythonpath.dsv
-- Up-to-date: /home/curry/wilson_proj/ros2-rover-ws/install/service_ifaces/local/lib/python3.10/dist-packages/service_ifaces-0.0.0-py3.10.egg-info
-- Installing: /home/curry/wilson_proj/ros2-rover-ws/install/service_ifaces/local/lib/python3.10/dist-packages/service_ifaces-0.0.0-py3.10.egg-info/dependency_links.txt
-- Installing: /home/curry/wilson_proj/ros2-rover-ws/install/service_ifaces/local/lib/python3.10/dist-packages/service_ifaces-0.0.0-py3.10.egg-info/SOURCES.txt
-- Installing: /home/curry/wilson_proj/ros2-rover-ws/install/service_ifaces/local/lib/python3.10/dist-packages/service_ifaces-0.0.0-py3.10.egg-info/top_level.txt
-- Installing: /home/curry/wilson_proj/ros2-rover-ws/install/service_ifaces/local/lib/python3.10/dist-packages/service_ifaces-0.0.0-py3.10.egg-info/PKG-INFO
-- Up-to-date: /home/curry/wilson_proj/ros2-rover-ws/install/service_ifaces/local/lib/python3.10/dist-packages/service_ifaces
-- Installing: /home/curry/wilson_proj/ros2-rover-ws/install/service_ifaces/local/lib/python3.10/dist-packages/service_ifaces/service_ifaces_s__rosidl_typesupport_c.cpython-310-aarch64-linux-gnu.so
-- Up-to-date: /home/curry/wilson_proj/ros2-rover-ws/install/service_ifaces/local/lib/python3.10/dist-packages/service_ifaces/srv
-- Installing: /home/curry/wilson_proj/ros2-rover-ws/install/service_ifaces/local/lib/python3.10/dist-packages/service_ifaces/srv/_spd_limit_s.c
-- Installing: /home/curry/wilson_proj/ros2-rover-ws/install/service_ifaces/local/lib/python3.10/dist-packages/service_ifaces/srv/__init__.py
-- Installing: /home/curry/wilson_proj/ros2-rover-ws/install/service_ifaces/local/lib/python3.10/dist-packages/service_ifaces/srv/_des_data.py
-- Installing: /home/curry/wilson_proj/ros2-rover-ws/install/service_ifaces/local/lib/python3.10/dist-packages/service_ifaces/srv/_spd_limit.py
-- Installing: /home/curry/wilson_proj/ros2-rover-ws/install/service_ifaces/local/lib/python3.10/dist-packages/service_ifaces/srv/_des_data_s.c
-- Installing: /home/curry/wilson_proj/ros2-rover-ws/install/service_ifaces/local/lib/python3.10/dist-packages/service_ifaces/_service_ifaces_s.ep.rosidl_typesupport_c.c
-- Installing: /home/curry/wilson_proj/ros2-rover-ws/install/service_ifaces/local/lib/python3.10/dist-packages/service_ifaces/_service_ifaces_s.ep.rosidl_typesupport_fastrtps_c.c
-- Installing: /home/curry/wilson_proj/ros2-rover-ws/install/service_ifaces/local/lib/python3.10/dist-packages/service_ifaces/service_ifaces_s__rosidl_typesupport_introspection_c.cpython-310-aarch64-linux-gnu.so
-- Installing: /home/curry/wilson_proj/ros2-rover-ws/install/service_ifaces/local/lib/python3.10/dist-packages/service_ifaces/__init__.py
-- Installing: /home/curry/wilson_proj/ros2-rover-ws/install/service_ifaces/local/lib/python3.10/dist-packages/service_ifaces/libservice_ifaces__rosidl_generator_py.so
-- Installing: /home/curry/wilson_proj/ros2-rover-ws/install/service_ifaces/local/lib/python3.10/dist-packages/service_ifaces/service_ifaces_s__rosidl_typesupport_fastrtps_c.cpython-310-aarch64-linux-gnu.so
-- Installing: /home/curry/wilson_proj/ros2-rover-ws/install/service_ifaces/local/lib/python3.10/dist-packages/service_ifaces/_service_ifaces_s.ep.rosidl_typesupport_introspection_c.c
Listing '/home/curry/wilson_proj/ros2-rover-ws/install/service_ifaces/local/lib/python3.10/dist-packages/service_ifaces'...
Compiling '/home/curry/wilson_proj/ros2-rover-ws/install/service_ifaces/local/lib/python3.10/dist-packages/service_ifaces/__init__.py'...
Listing '/home/curry/wilson_proj/ros2-rover-ws/install/service_ifaces/local/lib/python3.10/dist-packages/service_ifaces/srv'...
Compiling '/home/curry/wilson_proj/ros2-rover-ws/install/service_ifaces/local/lib/python3.10/dist-packages/service_ifaces/srv/__init__.py'...
Compiling '/home/curry/wilson_proj/ros2-rover-ws/install/service_ifaces/local/lib/python3.10/dist-packages/service_ifaces/srv/_des_data.py'...
Compiling '/home/curry/wilson_proj/ros2-rover-ws/install/service_ifaces/local/lib/python3.10/dist-packages/service_ifaces/srv/_spd_limit.py'...
-- Installing: /home/curry/wilson_proj/ros2-rover-ws/install/service_ifaces/local/lib/python3.10/dist-packages/service_ifaces/service_ifaces_s__rosidl_typesupport_fastrtps_c.cpython-310-aarch64-linux-gnu.so
-- Set runtime path of "/home/curry/wilson_proj/ros2-rover-ws/install/service_ifaces/local/lib/python3.10/dist-packages/service_ifaces/service_ifaces_s__rosidl_typesupport_fastrtps_c.cpython-310-aarch64-linux-gnu.so" to ""
-- Installing: /home/curry/wilson_proj/ros2-rover-ws/install/service_ifaces/local/lib/python3.10/dist-packages/service_ifaces/service_ifaces_s__rosidl_typesupport_introspection_c.cpython-310-aarch64-linux-gnu.so
-- Set runtime path of "/home/curry/wilson_proj/ros2-rover-ws/install/service_ifaces/local/lib/python3.10/dist-packages/service_ifaces/service_ifaces_s__rosidl_typesupport_introspection_c.cpython-310-aarch64-linux-gnu.so" to ""
-- Installing: /home/curry/wilson_proj/ros2-rover-ws/install/service_ifaces/local/lib/python3.10/dist-packages/service_ifaces/service_ifaces_s__rosidl_typesupport_c.cpython-310-aarch64-linux-gnu.so
-- Set runtime path of "/home/curry/wilson_proj/ros2-rover-ws/install/service_ifaces/local/lib/python3.10/dist-packages/service_ifaces/service_ifaces_s__rosidl_typesupport_c.cpython-310-aarch64-linux-gnu.so" to ""
-- Installing: /home/curry/wilson_proj/ros2-rover-ws/install/service_ifaces/lib/libservice_ifaces__rosidl_generator_py.so
-- Set runtime path of "/home/curry/wilson_proj/ros2-rover-ws/install/service_ifaces/lib/libservice_ifaces__rosidl_generator_py.so" to ""
-- Installing: /home/curry/wilson_proj/ros2-rover-ws/install/service_ifaces/share/service_ifaces/srv/DesData.idl
-- Up-to-date: /home/curry/wilson_proj/ros2-rover-ws/install/service_ifaces/share/service_ifaces/srv/SpdLimit.idl
-- Installing: /home/curry/wilson_proj/ros2-rover-ws/install/service_ifaces/share/service_ifaces/srv/DesData.srv
-- Installing: /home/curry/wilson_proj/ros2-rover-ws/install/service_ifaces/share/service_ifaces/srv/DesData_Request.msg
-- Up-to-date: /home/curry/wilson_proj/ros2-rover-ws/install/service_ifaces/share/service_ifaces/srv/DesData_Response.msg
-- Up-to-date: /home/curry/wilson_proj/ros2-rover-ws/install/service_ifaces/share/service_ifaces/srv/SpdLimit.srv
-- Up-to-date: /home/curry/wilson_proj/ros2-rover-ws/install/service_ifaces/share/service_ifaces/srv/SpdLimit_Request.msg
-- Up-to-date: /home/curry/wilson_proj/ros2-rover-ws/install/service_ifaces/share/service_ifaces/srv/SpdLimit_Response.msg
-- Up-to-date: /home/curry/wilson_proj/ros2-rover-ws/install/service_ifaces/share/ament_index/resource_index/package_run_dependencies/service_ifaces
-- Installing: /home/curry/wilson_proj/ros2-rover-ws/install/service_ifaces/share/ament_index/resource_index/parent_prefix_path/service_ifaces
-- Up-to-date: /home/curry/wilson_proj/ros2-rover-ws/install/service_ifaces/share/service_ifaces/environment/ament_prefix_path.sh
-- Installing: /home/curry/wilson_proj/ros2-rover-ws/install/service_ifaces/share/service_ifaces/environment/ament_prefix_path.dsv
-- Up-to-date: /home/curry/wilson_proj/ros2-rover-ws/install/service_ifaces/share/service_ifaces/environment/path.sh
-- Installing: /home/curry/wilson_proj/ros2-rover-ws/install/service_ifaces/share/service_ifaces/environment/path.dsv
-- Up-to-date: /home/curry/wilson_proj/ros2-rover-ws/install/service_ifaces/share/service_ifaces/local_setup.bash
-- Up-to-date: /home/curry/wilson_proj/ros2-rover-ws/install/service_ifaces/share/service_ifaces/local_setup.sh
-- Up-to-date: /home/curry/wilson_proj/ros2-rover-ws/install/service_ifaces/share/service_ifaces/local_setup.zsh
-- Installing: /home/curry/wilson_proj/ros2-rover-ws/install/service_ifaces/share/service_ifaces/local_setup.dsv
-- Installing: /home/curry/wilson_proj/ros2-rover-ws/install/service_ifaces/share/service_ifaces/package.dsv
-- Up-to-date: /home/curry/wilson_proj/ros2-rover-ws/install/service_ifaces/share/ament_index/resource_index/packages/service_ifaces
-- Up-to-date: /home/curry/wilson_proj/ros2-rover-ws/install/service_ifaces/share/service_ifaces/cmake/export_service_ifaces__rosidl_generator_cExport.cmake
-- Up-to-date: /home/curry/wilson_proj/ros2-rover-ws/install/service_ifaces/share/service_ifaces/cmake/export_service_ifaces__rosidl_generator_cExport-noconfig.cmake
-- Up-to-date: /home/curry/wilson_proj/ros2-rover-ws/install/service_ifaces/share/service_ifaces/cmake/export_service_ifaces__rosidl_typesupport_fastrtps_cExport.cmake
-- Up-to-date: /home/curry/wilson_proj/ros2-rover-ws/install/service_ifaces/share/service_ifaces/cmake/export_service_ifaces__rosidl_typesupport_fastrtps_cExport-noconfig.cmake
-- Up-to-date: /home/curry/wilson_proj/ros2-rover-ws/install/service_ifaces/share/service_ifaces/cmake/export_service_ifaces__rosidl_generator_cppExport.cmake
-- Up-to-date: /home/curry/wilson_proj/ros2-rover-ws/install/service_ifaces/share/service_ifaces/cmake/export_service_ifaces__rosidl_typesupport_fastrtps_cppExport.cmake
-- Up-to-date: /home/curry/wilson_proj/ros2-rover-ws/install/service_ifaces/share/service_ifaces/cmake/export_service_ifaces__rosidl_typesupport_fastrtps_cppExport-noconfig.cmake
-- Up-to-date: /home/curry/wilson_proj/ros2-rover-ws/install/service_ifaces/share/service_ifaces/cmake/service_ifaces__rosidl_typesupport_introspection_cExport.cmake
-- Up-to-date: /home/curry/wilson_proj/ros2-rover-ws/install/service_ifaces/share/service_ifaces/cmake/service_ifaces__rosidl_typesupport_introspection_cExport-noconfig.cmake
-- Up-to-date: /home/curry/wilson_proj/ros2-rover-ws/install/service_ifaces/share/service_ifaces/cmake/service_ifaces__rosidl_typesupport_cExport.cmake
-- Up-to-date: /home/curry/wilson_proj/ros2-rover-ws/install/service_ifaces/share/service_ifaces/cmake/service_ifaces__rosidl_typesupport_cExport-noconfig.cmake
-- Up-to-date: /home/curry/wilson_proj/ros2-rover-ws/install/service_ifaces/share/service_ifaces/cmake/service_ifaces__rosidl_typesupport_introspection_cppExport.cmake
-- Up-to-date: /home/curry/wilson_proj/ros2-rover-ws/install/service_ifaces/share/service_ifaces/cmake/service_ifaces__rosidl_typesupport_introspection_cppExport-noconfig.cmake
-- Up-to-date: /home/curry/wilson_proj/ros2-rover-ws/install/service_ifaces/share/service_ifaces/cmake/service_ifaces__rosidl_typesupport_cppExport.cmake
-- Up-to-date: /home/curry/wilson_proj/ros2-rover-ws/install/service_ifaces/share/service_ifaces/cmake/service_ifaces__rosidl_typesupport_cppExport-noconfig.cmake
-- Up-to-date: /home/curry/wilson_proj/ros2-rover-ws/install/service_ifaces/share/service_ifaces/cmake/export_service_ifaces__rosidl_generator_pyExport.cmake
-- Up-to-date: /home/curry/wilson_proj/ros2-rover-ws/install/service_ifaces/share/service_ifaces/cmake/export_service_ifaces__rosidl_generator_pyExport-noconfig.cmake
-- Up-to-date: /home/curry/wilson_proj/ros2-rover-ws/install/service_ifaces/share/service_ifaces/cmake/rosidl_cmake-extras.cmake
-- Up-to-date: /home/curry/wilson_proj/ros2-rover-ws/install/service_ifaces/share/service_ifaces/cmake/ament_cmake_export_dependencies-extras.cmake
-- Up-to-date: /home/curry/wilson_proj/ros2-rover-ws/install/service_ifaces/share/service_ifaces/cmake/ament_cmake_export_include_directories-extras.cmake
-- Up-to-date: /home/curry/wilson_proj/ros2-rover-ws/install/service_ifaces/share/service_ifaces/cmake/ament_cmake_export_libraries-extras.cmake
-- Up-to-date: /home/curry/wilson_proj/ros2-rover-ws/install/service_ifaces/share/service_ifaces/cmake/ament_cmake_export_targets-extras.cmake
-- Up-to-date: /home/curry/wilson_proj/ros2-rover-ws/install/service_ifaces/share/service_ifaces/cmake/rosidl_cmake_export_typesupport_targets-extras.cmake
-- Up-to-date: /home/curry/wilson_proj/ros2-rover-ws/install/service_ifaces/share/service_ifaces/cmake/rosidl_cmake_export_typesupport_libraries-extras.cmake
-- Up-to-date: /home/curry/wilson_proj/ros2-rover-ws/install/service_ifaces/share/service_ifaces/cmake/service_ifacesConfig.cmake
-- Up-to-date: /home/curry/wilson_proj/ros2-rover-ws/install/service_ifaces/share/service_ifaces/cmake/service_ifacesConfig-version.cmake
-- Up-to-date: /home/curry/wilson_proj/ros2-rover-ws/install/service_ifaces/share/service_ifaces/package.xml
