[0.089s] Invoking command in '/home/curry/wilson_proj/ros2-rover-ws/build/service_ifaces': CMAKE_PREFIX_PATH=${CMAKE_PREFIX_PATH}:/opt/ros/humble /usr/bin/cmake --build /home/curry/wilson_proj/ros2-rover-ws/build/service_ifaces -- -j4 -l4
[0.380s] [35m[1mConsolidate compiler generated dependencies of target service_ifaces__rosidl_generator_c[0m
[0.481s] [  2%] Built target service_ifaces__cpp
[0.569s] [ 12%] Built target service_ifaces__rosidl_generator_c
[0.588s] [35m[1mConsolidate compiler generated dependencies of target service_ifaces__rosidl_typesupport_cpp[0m
[0.592s] [35m[1mConsolidate compiler generated dependencies of target service_ifaces__rosidl_typesupport_fastrtps_cpp[0m
[0.681s] [ 12%] Built target ament_cmake_python_copy_service_ifaces
[0.724s] [35m[1mConsolidate compiler generated dependencies of target service_ifaces__rosidl_typesupport_introspection_cpp[0m
[0.807s] [ 23%] Built target service_ifaces__rosidl_typesupport_cpp
[0.813s] [ 33%] Built target service_ifaces__rosidl_typesupport_fastrtps_cpp
[0.826s] [35m[1mConsolidate compiler generated dependencies of target service_ifaces__rosidl_typesupport_fastrtps_c[0m
[0.921s] [35m[1mConsolidate compiler generated dependencies of target service_ifaces__rosidl_typesupport_introspection_c[0m
[0.923s] [ 43%] Built target service_ifaces__rosidl_typesupport_introspection_cpp
[0.925s] [35m[1mConsolidate compiler generated dependencies of target service_ifaces__rosidl_typesupport_c[0m
[0.998s] [ 53%] Built target service_ifaces__rosidl_typesupport_fastrtps_c
[1.047s] [ 64%] Built target service_ifaces__rosidl_typesupport_c
[1.058s] [ 74%] Built target service_ifaces__rosidl_typesupport_introspection_c
[1.201s] [ 74%] Built target service_ifaces
[1.346s] [ 76%] Built target service_ifaces__py
[1.426s] [35m[1mConsolidate compiler generated dependencies of target service_ifaces__rosidl_generator_py[0m
[1.526s] [ 84%] Built target service_ifaces__rosidl_generator_py
[1.616s] [35m[1mConsolidate compiler generated dependencies of target service_ifaces__rosidl_typesupport_introspection_c__pyext[0m
[1.687s] [35m[1mConsolidate compiler generated dependencies of target service_ifaces__rosidl_typesupport_fastrtps_c__pyext[0m
[1.691s] [35m[1mConsolidate compiler generated dependencies of target service_ifaces__rosidl_typesupport_c__pyext[0m
[1.768s] [ 89%] Built target service_ifaces__rosidl_typesupport_introspection_c__pyext
[1.832s] [ 94%] Built target service_ifaces__rosidl_typesupport_fastrtps_c__pyext
[1.850s] [100%] Built target service_ifaces__rosidl_typesupport_c__pyext
[2.894s] running egg_info
[2.898s] writing service_ifaces.egg-info/PKG-INFO
[2.899s] writing dependency_links to service_ifaces.egg-info/dependency_links.txt
[2.900s] writing top-level names to service_ifaces.egg-info/top_level.txt
[2.912s] reading manifest file 'service_ifaces.egg-info/SOURCES.txt'
[2.915s] writing manifest file 'service_ifaces.egg-info/SOURCES.txt'
[3.082s] [100%] Built target ament_cmake_python_build_service_ifaces_egg
[3.144s] Invoked command in '/home/curry/wilson_proj/ros2-rover-ws/build/service_ifaces' returned '0': CMAKE_PREFIX_PATH=${CMAKE_PREFIX_PATH}:/opt/ros/humble /usr/bin/cmake --build /home/curry/wilson_proj/ros2-rover-ws/build/service_ifaces -- -j4 -l4
[3.154s] Invoking command in '/home/curry/wilson_proj/ros2-rover-ws/build/service_ifaces': CMAKE_PREFIX_PATH=${CMAKE_PREFIX_PATH}:/opt/ros/humble /usr/bin/cmake --install /home/curry/wilson_proj/ros2-rover-ws/build/service_ifaces
[3.201s] -- Install configuration: ""
[3.202s] -- Up-to-date: /home/curry/wilson_proj/ros2-rover-ws/install/service_ifaces/share/ament_index/resource_index/rosidl_interfaces/service_ifaces
[3.204s] -- Up-to-date: /home/curry/wilson_proj/ros2-rover-ws/install/service_ifaces/include/service_ifaces/service_ifaces
[3.204s] -- Up-to-date: /home/curry/wilson_proj/ros2-rover-ws/install/service_ifaces/include/service_ifaces/service_ifaces/msg
[3.205s] -- Up-to-date: /home/curry/wilson_proj/ros2-rover-ws/install/service_ifaces/include/service_ifaces/service_ifaces/msg/rosidl_generator_c__visibility_control.h
[3.206s] -- Up-to-date: /home/curry/wilson_proj/ros2-rover-ws/install/service_ifaces/include/service_ifaces/service_ifaces/srv
[3.207s] -- Up-to-date: /home/curry/wilson_proj/ros2-rover-ws/install/service_ifaces/include/service_ifaces/service_ifaces/srv/detail
[3.207s] -- Installing: /home/curry/wilson_proj/ros2-rover-ws/install/service_ifaces/include/service_ifaces/service_ifaces/srv/detail/des_data__functions.h
[3.208s] -- Installing: /home/curry/wilson_proj/ros2-rover-ws/install/service_ifaces/include/service_ifaces/service_ifaces/srv/detail/spd_limit__functions.c
[3.209s] -- Installing: /home/curry/wilson_proj/ros2-rover-ws/install/service_ifaces/include/service_ifaces/service_ifaces/srv/detail/des_data__struct.h
[3.210s] -- Installing: /home/curry/wilson_proj/ros2-rover-ws/install/service_ifaces/include/service_ifaces/service_ifaces/srv/detail/des_data__type_support.h
[3.212s] -- Installing: /home/curry/wilson_proj/ros2-rover-ws/install/service_ifaces/include/service_ifaces/service_ifaces/srv/detail/spd_limit__functions.h
[3.213s] -- Installing: /home/curry/wilson_proj/ros2-rover-ws/install/service_ifaces/include/service_ifaces/service_ifaces/srv/detail/spd_limit__struct.h
[3.215s] -- Installing: /home/curry/wilson_proj/ros2-rover-ws/install/service_ifaces/include/service_ifaces/service_ifaces/srv/detail/des_data__functions.c
[3.217s] -- Installing: /home/curry/wilson_proj/ros2-rover-ws/install/service_ifaces/include/service_ifaces/service_ifaces/srv/detail/spd_limit__type_support.h
[3.218s] -- Installing: /home/curry/wilson_proj/ros2-rover-ws/install/service_ifaces/include/service_ifaces/service_ifaces/srv/des_data.h
[3.220s] -- Installing: /home/curry/wilson_proj/ros2-rover-ws/install/service_ifaces/include/service_ifaces/service_ifaces/srv/spd_limit.h
[3.221s] -- Up-to-date: /home/curry/wilson_proj/ros2-rover-ws/install/service_ifaces/share/service_ifaces/environment/library_path.sh
[3.222s] -- Installing: /home/curry/wilson_proj/ros2-rover-ws/install/service_ifaces/share/service_ifaces/environment/library_path.dsv
[3.224s] -- Installing: /home/curry/wilson_proj/ros2-rover-ws/install/service_ifaces/lib/libservice_ifaces__rosidl_generator_c.so
[3.228s] -- Set runtime path of "/home/curry/wilson_proj/ros2-rover-ws/install/service_ifaces/lib/libservice_ifaces__rosidl_generator_c.so" to ""
[3.229s] -- Up-to-date: /home/curry/wilson_proj/ros2-rover-ws/install/service_ifaces/include/service_ifaces/service_ifaces
[3.230s] -- Up-to-date: /home/curry/wilson_proj/ros2-rover-ws/install/service_ifaces/include/service_ifaces/service_ifaces/msg
[3.231s] -- Up-to-date: /home/curry/wilson_proj/ros2-rover-ws/install/service_ifaces/include/service_ifaces/service_ifaces/msg/rosidl_typesupport_fastrtps_c__visibility_control.h
[3.231s] -- Up-to-date: /home/curry/wilson_proj/ros2-rover-ws/install/service_ifaces/include/service_ifaces/service_ifaces/srv
[3.232s] -- Up-to-date: /home/curry/wilson_proj/ros2-rover-ws/install/service_ifaces/include/service_ifaces/service_ifaces/srv/detail
[3.232s] -- Installing: /home/curry/wilson_proj/ros2-rover-ws/install/service_ifaces/include/service_ifaces/service_ifaces/srv/detail/des_data__rosidl_typesupport_fastrtps_c.h
[3.233s] -- Installing: /home/curry/wilson_proj/ros2-rover-ws/install/service_ifaces/include/service_ifaces/service_ifaces/srv/detail/spd_limit__rosidl_typesupport_fastrtps_c.h
[3.236s] -- Installing: /home/curry/wilson_proj/ros2-rover-ws/install/service_ifaces/lib/libservice_ifaces__rosidl_typesupport_fastrtps_c.so
[3.240s] -- Set runtime path of "/home/curry/wilson_proj/ros2-rover-ws/install/service_ifaces/lib/libservice_ifaces__rosidl_typesupport_fastrtps_c.so" to ""
[3.241s] -- Up-to-date: /home/curry/wilson_proj/ros2-rover-ws/install/service_ifaces/include/service_ifaces/service_ifaces
[3.241s] -- Up-to-date: /home/curry/wilson_proj/ros2-rover-ws/install/service_ifaces/include/service_ifaces/service_ifaces/msg
[3.242s] -- Up-to-date: /home/curry/wilson_proj/ros2-rover-ws/install/service_ifaces/include/service_ifaces/service_ifaces/msg/rosidl_generator_cpp__visibility_control.hpp
[3.243s] -- Up-to-date: /home/curry/wilson_proj/ros2-rover-ws/install/service_ifaces/include/service_ifaces/service_ifaces/srv
[3.244s] -- Installing: /home/curry/wilson_proj/ros2-rover-ws/install/service_ifaces/include/service_ifaces/service_ifaces/srv/des_data.hpp
[3.244s] -- Installing: /home/curry/wilson_proj/ros2-rover-ws/install/service_ifaces/include/service_ifaces/service_ifaces/srv/spd_limit.hpp
[3.245s] -- Up-to-date: /home/curry/wilson_proj/ros2-rover-ws/install/service_ifaces/include/service_ifaces/service_ifaces/srv/detail
[3.246s] -- Installing: /home/curry/wilson_proj/ros2-rover-ws/install/service_ifaces/include/service_ifaces/service_ifaces/srv/detail/spd_limit__builder.hpp
[3.247s] -- Installing: /home/curry/wilson_proj/ros2-rover-ws/install/service_ifaces/include/service_ifaces/service_ifaces/srv/detail/spd_limit__traits.hpp
[3.249s] -- Installing: /home/curry/wilson_proj/ros2-rover-ws/install/service_ifaces/include/service_ifaces/service_ifaces/srv/detail/spd_limit__struct.hpp
[3.251s] -- Installing: /home/curry/wilson_proj/ros2-rover-ws/install/service_ifaces/include/service_ifaces/service_ifaces/srv/detail/des_data__traits.hpp
[3.252s] -- Installing: /home/curry/wilson_proj/ros2-rover-ws/install/service_ifaces/include/service_ifaces/service_ifaces/srv/detail/des_data__struct.hpp
[3.254s] -- Installing: /home/curry/wilson_proj/ros2-rover-ws/install/service_ifaces/include/service_ifaces/service_ifaces/srv/detail/des_data__builder.hpp
[3.256s] -- Installing: /home/curry/wilson_proj/ros2-rover-ws/install/service_ifaces/include/service_ifaces/service_ifaces/srv/detail/des_data__type_support.hpp
[3.257s] -- Installing: /home/curry/wilson_proj/ros2-rover-ws/install/service_ifaces/include/service_ifaces/service_ifaces/srv/detail/spd_limit__type_support.hpp
[3.259s] -- Up-to-date: /home/curry/wilson_proj/ros2-rover-ws/install/service_ifaces/include/service_ifaces/service_ifaces
[3.260s] -- Up-to-date: /home/curry/wilson_proj/ros2-rover-ws/install/service_ifaces/include/service_ifaces/service_ifaces/msg
[3.260s] -- Up-to-date: /home/curry/wilson_proj/ros2-rover-ws/install/service_ifaces/include/service_ifaces/service_ifaces/msg/rosidl_typesupport_fastrtps_cpp__visibility_control.h
[3.261s] -- Up-to-date: /home/curry/wilson_proj/ros2-rover-ws/install/service_ifaces/include/service_ifaces/service_ifaces/srv
[3.261s] -- Up-to-date: /home/curry/wilson_proj/ros2-rover-ws/install/service_ifaces/include/service_ifaces/service_ifaces/srv/detail
[3.262s] -- Up-to-date: /home/curry/wilson_proj/ros2-rover-ws/install/service_ifaces/include/service_ifaces/service_ifaces/srv/detail/dds_fastrtps
[3.263s] -- Installing: /home/curry/wilson_proj/ros2-rover-ws/install/service_ifaces/include/service_ifaces/service_ifaces/srv/detail/spd_limit__rosidl_typesupport_fastrtps_cpp.hpp
[3.263s] -- Installing: /home/curry/wilson_proj/ros2-rover-ws/install/service_ifaces/include/service_ifaces/service_ifaces/srv/detail/des_data__rosidl_typesupport_fastrtps_cpp.hpp
[3.266s] -- Installing: /home/curry/wilson_proj/ros2-rover-ws/install/service_ifaces/lib/libservice_ifaces__rosidl_typesupport_fastrtps_cpp.so
[3.270s] -- Set runtime path of "/home/curry/wilson_proj/ros2-rover-ws/install/service_ifaces/lib/libservice_ifaces__rosidl_typesupport_fastrtps_cpp.so" to ""
[3.271s] -- Up-to-date: /home/curry/wilson_proj/ros2-rover-ws/install/service_ifaces/include/service_ifaces/service_ifaces
[3.272s] -- Up-to-date: /home/curry/wilson_proj/ros2-rover-ws/install/service_ifaces/include/service_ifaces/service_ifaces/msg
[3.272s] -- Up-to-date: /home/curry/wilson_proj/ros2-rover-ws/install/service_ifaces/include/service_ifaces/service_ifaces/msg/rosidl_typesupport_introspection_c__visibility_control.h
[3.273s] -- Up-to-date: /home/curry/wilson_proj/ros2-rover-ws/install/service_ifaces/include/service_ifaces/service_ifaces/srv
[3.274s] -- Up-to-date: /home/curry/wilson_proj/ros2-rover-ws/install/service_ifaces/include/service_ifaces/service_ifaces/srv/detail
[3.274s] -- Installing: /home/curry/wilson_proj/ros2-rover-ws/install/service_ifaces/include/service_ifaces/service_ifaces/srv/detail/des_data__rosidl_typesupport_introspection_c.h
[3.275s] -- Installing: /home/curry/wilson_proj/ros2-rover-ws/install/service_ifaces/include/service_ifaces/service_ifaces/srv/detail/spd_limit__type_support.c
[3.276s] -- Installing: /home/curry/wilson_proj/ros2-rover-ws/install/service_ifaces/include/service_ifaces/service_ifaces/srv/detail/spd_limit__rosidl_typesupport_introspection_c.h
[3.278s] -- Installing: /home/curry/wilson_proj/ros2-rover-ws/install/service_ifaces/include/service_ifaces/service_ifaces/srv/detail/des_data__type_support.c
[3.280s] -- Installing: /home/curry/wilson_proj/ros2-rover-ws/install/service_ifaces/lib/libservice_ifaces__rosidl_typesupport_introspection_c.so
[3.283s] -- Set runtime path of "/home/curry/wilson_proj/ros2-rover-ws/install/service_ifaces/lib/libservice_ifaces__rosidl_typesupport_introspection_c.so" to ""
[3.286s] -- Installing: /home/curry/wilson_proj/ros2-rover-ws/install/service_ifaces/lib/libservice_ifaces__rosidl_typesupport_c.so
[3.288s] -- Set runtime path of "/home/curry/wilson_proj/ros2-rover-ws/install/service_ifaces/lib/libservice_ifaces__rosidl_typesupport_c.so" to ""
[3.289s] -- Up-to-date: /home/curry/wilson_proj/ros2-rover-ws/install/service_ifaces/include/service_ifaces/service_ifaces
[3.289s] -- Up-to-date: /home/curry/wilson_proj/ros2-rover-ws/install/service_ifaces/include/service_ifaces/service_ifaces/srv
[3.290s] -- Up-to-date: /home/curry/wilson_proj/ros2-rover-ws/install/service_ifaces/include/service_ifaces/service_ifaces/srv/detail
[3.290s] -- Installing: /home/curry/wilson_proj/ros2-rover-ws/install/service_ifaces/include/service_ifaces/service_ifaces/srv/detail/des_data__rosidl_typesupport_introspection_cpp.hpp
[3.291s] -- Installing: /home/curry/wilson_proj/ros2-rover-ws/install/service_ifaces/include/service_ifaces/service_ifaces/srv/detail/spd_limit__type_support.cpp
[3.293s] -- Installing: /home/curry/wilson_proj/ros2-rover-ws/install/service_ifaces/include/service_ifaces/service_ifaces/srv/detail/spd_limit__rosidl_typesupport_introspection_cpp.hpp
[3.295s] -- Installing: /home/curry/wilson_proj/ros2-rover-ws/install/service_ifaces/include/service_ifaces/service_ifaces/srv/detail/des_data__type_support.cpp
[3.297s] -- Installing: /home/curry/wilson_proj/ros2-rover-ws/install/service_ifaces/lib/libservice_ifaces__rosidl_typesupport_introspection_cpp.so
[3.300s] -- Set runtime path of "/home/curry/wilson_proj/ros2-rover-ws/install/service_ifaces/lib/libservice_ifaces__rosidl_typesupport_introspection_cpp.so" to ""
[3.302s] -- Installing: /home/curry/wilson_proj/ros2-rover-ws/install/service_ifaces/lib/libservice_ifaces__rosidl_typesupport_cpp.so
[3.305s] -- Set runtime path of "/home/curry/wilson_proj/ros2-rover-ws/install/service_ifaces/lib/libservice_ifaces__rosidl_typesupport_cpp.so" to ""
[3.305s] -- Up-to-date: /home/curry/wilson_proj/ros2-rover-ws/install/service_ifaces/share/service_ifaces/environment/pythonpath.sh
[3.306s] -- Installing: /home/curry/wilson_proj/ros2-rover-ws/install/service_ifaces/share/service_ifaces/environment/pythonpath.dsv
[3.307s] -- Up-to-date: /home/curry/wilson_proj/ros2-rover-ws/install/service_ifaces/local/lib/python3.10/dist-packages/service_ifaces-0.0.0-py3.10.egg-info
[3.308s] -- Installing: /home/curry/wilson_proj/ros2-rover-ws/install/service_ifaces/local/lib/python3.10/dist-packages/service_ifaces-0.0.0-py3.10.egg-info/dependency_links.txt
[3.309s] -- Installing: /home/curry/wilson_proj/ros2-rover-ws/install/service_ifaces/local/lib/python3.10/dist-packages/service_ifaces-0.0.0-py3.10.egg-info/SOURCES.txt
[3.311s] -- Installing: /home/curry/wilson_proj/ros2-rover-ws/install/service_ifaces/local/lib/python3.10/dist-packages/service_ifaces-0.0.0-py3.10.egg-info/top_level.txt
[3.312s] -- Installing: /home/curry/wilson_proj/ros2-rover-ws/install/service_ifaces/local/lib/python3.10/dist-packages/service_ifaces-0.0.0-py3.10.egg-info/PKG-INFO
[3.314s] -- Up-to-date: /home/curry/wilson_proj/ros2-rover-ws/install/service_ifaces/local/lib/python3.10/dist-packages/service_ifaces
[3.315s] -- Installing: /home/curry/wilson_proj/ros2-rover-ws/install/service_ifaces/local/lib/python3.10/dist-packages/service_ifaces/service_ifaces_s__rosidl_typesupport_c.cpython-310-aarch64-linux-gnu.so
[3.317s] -- Up-to-date: /home/curry/wilson_proj/ros2-rover-ws/install/service_ifaces/local/lib/python3.10/dist-packages/service_ifaces/srv
[3.317s] -- Installing: /home/curry/wilson_proj/ros2-rover-ws/install/service_ifaces/local/lib/python3.10/dist-packages/service_ifaces/srv/_spd_limit_s.c
[3.319s] -- Installing: /home/curry/wilson_proj/ros2-rover-ws/install/service_ifaces/local/lib/python3.10/dist-packages/service_ifaces/srv/__init__.py
[3.320s] -- Installing: /home/curry/wilson_proj/ros2-rover-ws/install/service_ifaces/local/lib/python3.10/dist-packages/service_ifaces/srv/_des_data.py
[3.322s] -- Installing: /home/curry/wilson_proj/ros2-rover-ws/install/service_ifaces/local/lib/python3.10/dist-packages/service_ifaces/srv/_spd_limit.py
[3.323s] -- Installing: /home/curry/wilson_proj/ros2-rover-ws/install/service_ifaces/local/lib/python3.10/dist-packages/service_ifaces/srv/_des_data_s.c
[3.325s] -- Installing: /home/curry/wilson_proj/ros2-rover-ws/install/service_ifaces/local/lib/python3.10/dist-packages/service_ifaces/_service_ifaces_s.ep.rosidl_typesupport_c.c
[3.326s] -- Installing: /home/curry/wilson_proj/ros2-rover-ws/install/service_ifaces/local/lib/python3.10/dist-packages/service_ifaces/_service_ifaces_s.ep.rosidl_typesupport_fastrtps_c.c
[3.328s] -- Installing: /home/curry/wilson_proj/ros2-rover-ws/install/service_ifaces/local/lib/python3.10/dist-packages/service_ifaces/service_ifaces_s__rosidl_typesupport_introspection_c.cpython-310-aarch64-linux-gnu.so
[3.330s] -- Installing: /home/curry/wilson_proj/ros2-rover-ws/install/service_ifaces/local/lib/python3.10/dist-packages/service_ifaces/__init__.py
[3.332s] -- Installing: /home/curry/wilson_proj/ros2-rover-ws/install/service_ifaces/local/lib/python3.10/dist-packages/service_ifaces/libservice_ifaces__rosidl_generator_py.so
[3.333s] -- Installing: /home/curry/wilson_proj/ros2-rover-ws/install/service_ifaces/local/lib/python3.10/dist-packages/service_ifaces/service_ifaces_s__rosidl_typesupport_fastrtps_c.cpython-310-aarch64-linux-gnu.so
[3.335s] -- Installing: /home/curry/wilson_proj/ros2-rover-ws/install/service_ifaces/local/lib/python3.10/dist-packages/service_ifaces/_service_ifaces_s.ep.rosidl_typesupport_introspection_c.c
[3.577s] Listing '/home/curry/wilson_proj/ros2-rover-ws/install/service_ifaces/local/lib/python3.10/dist-packages/service_ifaces'...
[3.578s] Compiling '/home/curry/wilson_proj/ros2-rover-ws/install/service_ifaces/local/lib/python3.10/dist-packages/service_ifaces/__init__.py'...
[3.579s] Listing '/home/curry/wilson_proj/ros2-rover-ws/install/service_ifaces/local/lib/python3.10/dist-packages/service_ifaces/srv'...
[3.580s] Compiling '/home/curry/wilson_proj/ros2-rover-ws/install/service_ifaces/local/lib/python3.10/dist-packages/service_ifaces/srv/__init__.py'...
[3.581s] Compiling '/home/curry/wilson_proj/ros2-rover-ws/install/service_ifaces/local/lib/python3.10/dist-packages/service_ifaces/srv/_des_data.py'...
[3.583s] Compiling '/home/curry/wilson_proj/ros2-rover-ws/install/service_ifaces/local/lib/python3.10/dist-packages/service_ifaces/srv/_spd_limit.py'...
[3.610s] -- Installing: /home/curry/wilson_proj/ros2-rover-ws/install/service_ifaces/local/lib/python3.10/dist-packages/service_ifaces/service_ifaces_s__rosidl_typesupport_fastrtps_c.cpython-310-aarch64-linux-gnu.so
[3.614s] -- Set runtime path of "/home/curry/wilson_proj/ros2-rover-ws/install/service_ifaces/local/lib/python3.10/dist-packages/service_ifaces/service_ifaces_s__rosidl_typesupport_fastrtps_c.cpython-310-aarch64-linux-gnu.so" to ""
[3.616s] -- Installing: /home/curry/wilson_proj/ros2-rover-ws/install/service_ifaces/local/lib/python3.10/dist-packages/service_ifaces/service_ifaces_s__rosidl_typesupport_introspection_c.cpython-310-aarch64-linux-gnu.so
[3.619s] -- Set runtime path of "/home/curry/wilson_proj/ros2-rover-ws/install/service_ifaces/local/lib/python3.10/dist-packages/service_ifaces/service_ifaces_s__rosidl_typesupport_introspection_c.cpython-310-aarch64-linux-gnu.so" to ""
[3.621s] -- Installing: /home/curry/wilson_proj/ros2-rover-ws/install/service_ifaces/local/lib/python3.10/dist-packages/service_ifaces/service_ifaces_s__rosidl_typesupport_c.cpython-310-aarch64-linux-gnu.so
[3.625s] -- Set runtime path of "/home/curry/wilson_proj/ros2-rover-ws/install/service_ifaces/local/lib/python3.10/dist-packages/service_ifaces/service_ifaces_s__rosidl_typesupport_c.cpython-310-aarch64-linux-gnu.so" to ""
[3.626s] -- Installing: /home/curry/wilson_proj/ros2-rover-ws/install/service_ifaces/lib/libservice_ifaces__rosidl_generator_py.so
[3.630s] -- Set runtime path of "/home/curry/wilson_proj/ros2-rover-ws/install/service_ifaces/lib/libservice_ifaces__rosidl_generator_py.so" to ""
[3.631s] -- Installing: /home/curry/wilson_proj/ros2-rover-ws/install/service_ifaces/share/service_ifaces/srv/DesData.idl
[3.632s] -- Up-to-date: /home/curry/wilson_proj/ros2-rover-ws/install/service_ifaces/share/service_ifaces/srv/SpdLimit.idl
[3.632s] -- Installing: /home/curry/wilson_proj/ros2-rover-ws/install/service_ifaces/share/service_ifaces/srv/DesData.srv
[3.634s] -- Installing: /home/curry/wilson_proj/ros2-rover-ws/install/service_ifaces/share/service_ifaces/srv/DesData_Request.msg
[3.635s] -- Up-to-date: /home/curry/wilson_proj/ros2-rover-ws/install/service_ifaces/share/service_ifaces/srv/DesData_Response.msg
[3.636s] -- Up-to-date: /home/curry/wilson_proj/ros2-rover-ws/install/service_ifaces/share/service_ifaces/srv/SpdLimit.srv
[3.637s] -- Up-to-date: /home/curry/wilson_proj/ros2-rover-ws/install/service_ifaces/share/service_ifaces/srv/SpdLimit_Request.msg
[3.638s] -- Up-to-date: /home/curry/wilson_proj/ros2-rover-ws/install/service_ifaces/share/service_ifaces/srv/SpdLimit_Response.msg
[3.638s] -- Up-to-date: /home/curry/wilson_proj/ros2-rover-ws/install/service_ifaces/share/ament_index/resource_index/package_run_dependencies/service_ifaces
[3.639s] -- Installing: /home/curry/wilson_proj/ros2-rover-ws/install/service_ifaces/share/ament_index/resource_index/parent_prefix_path/service_ifaces
[3.640s] -- Up-to-date: /home/curry/wilson_proj/ros2-rover-ws/install/service_ifaces/share/service_ifaces/environment/ament_prefix_path.sh
[3.640s] -- Installing: /home/curry/wilson_proj/ros2-rover-ws/install/service_ifaces/share/service_ifaces/environment/ament_prefix_path.dsv
[3.642s] -- Up-to-date: /home/curry/wilson_proj/ros2-rover-ws/install/service_ifaces/share/service_ifaces/environment/path.sh
[3.643s] -- Installing: /home/curry/wilson_proj/ros2-rover-ws/install/service_ifaces/share/service_ifaces/environment/path.dsv
[3.644s] -- Up-to-date: /home/curry/wilson_proj/ros2-rover-ws/install/service_ifaces/share/service_ifaces/local_setup.bash
[3.645s] -- Up-to-date: /home/curry/wilson_proj/ros2-rover-ws/install/service_ifaces/share/service_ifaces/local_setup.sh
[3.645s] -- Up-to-date: /home/curry/wilson_proj/ros2-rover-ws/install/service_ifaces/share/service_ifaces/local_setup.zsh
[3.646s] -- Installing: /home/curry/wilson_proj/ros2-rover-ws/install/service_ifaces/share/service_ifaces/local_setup.dsv
[3.647s] -- Installing: /home/curry/wilson_proj/ros2-rover-ws/install/service_ifaces/share/service_ifaces/package.dsv
[3.649s] -- Up-to-date: /home/curry/wilson_proj/ros2-rover-ws/install/service_ifaces/share/ament_index/resource_index/packages/service_ifaces
[3.650s] -- Up-to-date: /home/curry/wilson_proj/ros2-rover-ws/install/service_ifaces/share/service_ifaces/cmake/export_service_ifaces__rosidl_generator_cExport.cmake
[3.650s] -- Up-to-date: /home/curry/wilson_proj/ros2-rover-ws/install/service_ifaces/share/service_ifaces/cmake/export_service_ifaces__rosidl_generator_cExport-noconfig.cmake
[3.651s] -- Up-to-date: /home/curry/wilson_proj/ros2-rover-ws/install/service_ifaces/share/service_ifaces/cmake/export_service_ifaces__rosidl_typesupport_fastrtps_cExport.cmake
[3.652s] -- Up-to-date: /home/curry/wilson_proj/ros2-rover-ws/install/service_ifaces/share/service_ifaces/cmake/export_service_ifaces__rosidl_typesupport_fastrtps_cExport-noconfig.cmake
[3.653s] -- Up-to-date: /home/curry/wilson_proj/ros2-rover-ws/install/service_ifaces/share/service_ifaces/cmake/export_service_ifaces__rosidl_generator_cppExport.cmake
[3.654s] -- Up-to-date: /home/curry/wilson_proj/ros2-rover-ws/install/service_ifaces/share/service_ifaces/cmake/export_service_ifaces__rosidl_typesupport_fastrtps_cppExport.cmake
[3.655s] -- Up-to-date: /home/curry/wilson_proj/ros2-rover-ws/install/service_ifaces/share/service_ifaces/cmake/export_service_ifaces__rosidl_typesupport_fastrtps_cppExport-noconfig.cmake
[3.656s] -- Up-to-date: /home/curry/wilson_proj/ros2-rover-ws/install/service_ifaces/share/service_ifaces/cmake/service_ifaces__rosidl_typesupport_introspection_cExport.cmake
[3.656s] -- Up-to-date: /home/curry/wilson_proj/ros2-rover-ws/install/service_ifaces/share/service_ifaces/cmake/service_ifaces__rosidl_typesupport_introspection_cExport-noconfig.cmake
[3.657s] -- Up-to-date: /home/curry/wilson_proj/ros2-rover-ws/install/service_ifaces/share/service_ifaces/cmake/service_ifaces__rosidl_typesupport_cExport.cmake
[3.658s] -- Up-to-date: /home/curry/wilson_proj/ros2-rover-ws/install/service_ifaces/share/service_ifaces/cmake/service_ifaces__rosidl_typesupport_cExport-noconfig.cmake
[3.659s] -- Up-to-date: /home/curry/wilson_proj/ros2-rover-ws/install/service_ifaces/share/service_ifaces/cmake/service_ifaces__rosidl_typesupport_introspection_cppExport.cmake
[3.659s] -- Up-to-date: /home/curry/wilson_proj/ros2-rover-ws/install/service_ifaces/share/service_ifaces/cmake/service_ifaces__rosidl_typesupport_introspection_cppExport-noconfig.cmake
[3.661s] -- Up-to-date: /home/curry/wilson_proj/ros2-rover-ws/install/service_ifaces/share/service_ifaces/cmake/service_ifaces__rosidl_typesupport_cppExport.cmake
[3.662s] -- Up-to-date: /home/curry/wilson_proj/ros2-rover-ws/install/service_ifaces/share/service_ifaces/cmake/service_ifaces__rosidl_typesupport_cppExport-noconfig.cmake
[3.663s] -- Up-to-date: /home/curry/wilson_proj/ros2-rover-ws/install/service_ifaces/share/service_ifaces/cmake/export_service_ifaces__rosidl_generator_pyExport.cmake
[3.663s] -- Up-to-date: /home/curry/wilson_proj/ros2-rover-ws/install/service_ifaces/share/service_ifaces/cmake/export_service_ifaces__rosidl_generator_pyExport-noconfig.cmake
[3.664s] -- Up-to-date: /home/curry/wilson_proj/ros2-rover-ws/install/service_ifaces/share/service_ifaces/cmake/rosidl_cmake-extras.cmake
[3.665s] -- Up-to-date: /home/curry/wilson_proj/ros2-rover-ws/install/service_ifaces/share/service_ifaces/cmake/ament_cmake_export_dependencies-extras.cmake
[3.665s] -- Up-to-date: /home/curry/wilson_proj/ros2-rover-ws/install/service_ifaces/share/service_ifaces/cmake/ament_cmake_export_include_directories-extras.cmake
[3.666s] -- Up-to-date: /home/curry/wilson_proj/ros2-rover-ws/install/service_ifaces/share/service_ifaces/cmake/ament_cmake_export_libraries-extras.cmake
[3.667s] -- Up-to-date: /home/curry/wilson_proj/ros2-rover-ws/install/service_ifaces/share/service_ifaces/cmake/ament_cmake_export_targets-extras.cmake
[3.668s] -- Up-to-date: /home/curry/wilson_proj/ros2-rover-ws/install/service_ifaces/share/service_ifaces/cmake/rosidl_cmake_export_typesupport_targets-extras.cmake
[3.668s] -- Up-to-date: /home/curry/wilson_proj/ros2-rover-ws/install/service_ifaces/share/service_ifaces/cmake/rosidl_cmake_export_typesupport_libraries-extras.cmake
[3.669s] -- Up-to-date: /home/curry/wilson_proj/ros2-rover-ws/install/service_ifaces/share/service_ifaces/cmake/service_ifacesConfig.cmake
[3.669s] -- Up-to-date: /home/curry/wilson_proj/ros2-rover-ws/install/service_ifaces/share/service_ifaces/cmake/service_ifacesConfig-version.cmake
[3.670s] -- Up-to-date: /home/curry/wilson_proj/ros2-rover-ws/install/service_ifaces/share/service_ifaces/package.xml
[3.678s] Invoked command in '/home/curry/wilson_proj/ros2-rover-ws/build/service_ifaces' returned '0': CMAKE_PREFIX_PATH=${CMAKE_PREFIX_PATH}:/opt/ros/humble /usr/bin/cmake --install /home/curry/wilson_proj/ros2-rover-ws/build/service_ifaces
