-- The C compiler identification is GNU 11.4.0
-- The CXX compiler identification is GNU 11.4.0
-- Detecting C compiler ABI info
-- Detecting C compiler ABI info - done
-- Check for working C compiler: /usr/bin/cc - skipped
-- Detecting C compile features
-- Detecting C compile features - done
-- Detecting CXX compiler ABI info
-- Detecting CXX compiler ABI info - done
-- Check for working CXX compiler: /usr/bin/c++ - skipped
-- Detecting CXX compile features
-- Detecting CXX compile features - done
-- Found ament_cmake: 1.3.11 (/opt/ros/humble/share/ament_cmake/cmake)
-- Found Python3: /usr/bin/python3 (found version "3.10.12") found components: Interpreter 
-- Found rosidl_default_generators: 1.2.0 (/opt/ros/humble/share/rosidl_default_generators/cmake)
-- Using all available rosidl_typesupport_c: rosidl_typesupport_fastrtps_c;rosidl_typesupport_introspection_c
-- Found rosidl_adapter: 3.1.6 (/opt/ros/humble/share/rosidl_adapter/cmake)
-- Using all available rosidl_typesupport_cpp: rosidl_typesupport_fastrtps_cpp;rosidl_typesupport_introspection_cpp
-- Found ament_cmake_ros: 0.10.0 (/opt/ros/humble/share/ament_cmake_ros/cmake)
-- Using all available rosidl_typesupport_c: rosidl_typesupport_fastrtps_c;rosidl_typesupport_introspection_c
-- Using all available rosidl_typesupport_cpp: rosidl_typesupport_fastrtps_cpp;rosidl_typesupport_introspection_cpp
-- Found PythonInterp: /usr/bin/python3 (found suitable version "3.10.12", minimum required is "3.6") 
-- Found python_cmake_module: 0.10.0 (/opt/ros/humble/share/python_cmake_module/cmake)
-- Found PythonLibs: /usr/lib/aarch64-linux-gnu/libpython3.10.so (found suitable version "3.10.12", minimum required is "3.5") 
-- Using PYTHON_EXECUTABLE: /usr/bin/python3
-- Using PYTHON_INCLUDE_DIRS: /usr/include/python3.10
-- Using PYTHON_LIBRARIES: /usr/lib/aarch64-linux-gnu/libpython3.10.so
-- Found PythonExtra: .so  
-- Found ament_lint_auto: 0.12.11 (/opt/ros/humble/share/ament_lint_auto/cmake)
-- Added test 'lint_cmake' to check CMake code style
-- Added test 'xmllint' to check XML markup files
-- Configuring done
-- Generating done
-- Build files have been written to: /home/curry/wilson_proj/ros2-rover-ws/build/msgs_rovercon
[  3%] [34m[1mGenerating C code for ROS interfaces[0m
[  6%] [34m[1mGenerating C++ code for ROS interfaces[0m
[  6%] Built target ament_cmake_python_copy_msgs_rovercon
[  6%] Built target msgs_rovercon__cpp
[  9%] [34m[1mGenerating C++ type support for eProsima Fast-RTPS[0m
[ 12%] [34m[1mGenerating C++ introspection for ROS interfaces[0m
[ 16%] [32mBuilding C object CMakeFiles/msgs_rovercon__rosidl_generator_c.dir/rosidl_generator_c/msgs_rovercon/msg/detail/sub_rocon__functions.c.o[0m
running egg_info
creating msgs_rovercon.egg-info
writing msgs_rovercon.egg-info/PKG-INFO
writing dependency_links to msgs_rovercon.egg-info/dependency_links.txt
writing top-level names to msgs_rovercon.egg-info/top_level.txt
writing manifest file 'msgs_rovercon.egg-info/SOURCES.txt'
reading manifest file 'msgs_rovercon.egg-info/SOURCES.txt'
writing manifest file 'msgs_rovercon.egg-info/SOURCES.txt'
[ 16%] Built target ament_cmake_python_build_msgs_rovercon_egg
[ 19%] [34m[1mGenerating C++ type support dispatch for ROS interfaces[0m
[ 22%] [32m[1mLinking C shared library libmsgs_rovercon__rosidl_generator_c.so[0m
[ 22%] Built target msgs_rovercon__rosidl_generator_c
[ 25%] [34m[1mGenerating C type support for eProsima Fast-RTPS[0m
[ 29%] [32mBuilding CXX object CMakeFiles/msgs_rovercon__rosidl_typesupport_introspection_cpp.dir/rosidl_typesupport_introspection_cpp/msgs_rovercon/msg/detail/sub_rocon__type_support.cpp.o[0m
[ 32%] [32mBuilding CXX object CMakeFiles/msgs_rovercon__rosidl_typesupport_fastrtps_cpp.dir/rosidl_typesupport_fastrtps_cpp/msgs_rovercon/msg/detail/dds_fastrtps/sub_rocon__type_support.cpp.o[0m
[ 35%] [32mBuilding CXX object CMakeFiles/msgs_rovercon__rosidl_typesupport_cpp.dir/rosidl_typesupport_cpp/msgs_rovercon/msg/sub_rocon__type_support.cpp.o[0m
[ 38%] [32mBuilding CXX object CMakeFiles/msgs_rovercon__rosidl_typesupport_fastrtps_c.dir/rosidl_typesupport_fastrtps_c/msgs_rovercon/msg/detail/sub_rocon__type_support_c.cpp.o[0m
[ 41%] [32m[1mLinking CXX shared library libmsgs_rovercon__rosidl_typesupport_cpp.so[0m
[ 41%] Built target msgs_rovercon__rosidl_typesupport_cpp
[ 45%] [34m[1mGenerating C introspection for ROS interfaces[0m
[ 48%] [32m[1mLinking CXX shared library libmsgs_rovercon__rosidl_typesupport_introspection_cpp.so[0m
[ 51%] [32m[1mLinking CXX shared library libmsgs_rovercon__rosidl_typesupport_fastrtps_c.so[0m
[ 54%] [32m[1mLinking CXX shared library libmsgs_rovercon__rosidl_typesupport_fastrtps_cpp.so[0m
[ 54%] Built target msgs_rovercon__rosidl_typesupport_introspection_cpp
[ 58%] [34m[1mGenerating C type support dispatch for ROS interfaces[0m
[ 58%] Built target msgs_rovercon__rosidl_typesupport_fastrtps_c
[ 58%] Built target msgs_rovercon__rosidl_typesupport_fastrtps_cpp
[ 61%] [32mBuilding C object CMakeFiles/msgs_rovercon__rosidl_typesupport_introspection_c.dir/rosidl_typesupport_introspection_c/msgs_rovercon/msg/detail/sub_rocon__type_support.c.o[0m
[ 64%] [32m[1mLinking C shared library libmsgs_rovercon__rosidl_typesupport_introspection_c.so[0m
[ 64%] Built target msgs_rovercon__rosidl_typesupport_introspection_c
[ 67%] [32mBuilding CXX object CMakeFiles/msgs_rovercon__rosidl_typesupport_c.dir/rosidl_typesupport_c/msgs_rovercon/msg/sub_rocon__type_support.cpp.o[0m
[ 70%] [32m[1mLinking CXX shared library libmsgs_rovercon__rosidl_typesupport_c.so[0m
[ 70%] Built target msgs_rovercon__rosidl_typesupport_c
[ 70%] Built target msgs_rovercon
[ 74%] [34m[1mGenerating Python code for ROS interfaces[0m
[ 74%] Built target msgs_rovercon__py
[ 77%] [32mBuilding C object CMakeFiles/msgs_rovercon__rosidl_generator_py.dir/rosidl_generator_py/msgs_rovercon/msg/_sub_rocon_s.c.o[0m
[ 80%] [32m[1mLinking C shared library rosidl_generator_py/msgs_rovercon/libmsgs_rovercon__rosidl_generator_py.so[0m
[ 80%] Built target msgs_rovercon__rosidl_generator_py
[ 83%] [32mBuilding C object CMakeFiles/msgs_rovercon__rosidl_typesupport_fastrtps_c__pyext.dir/rosidl_generator_py/msgs_rovercon/_msgs_rovercon_s.ep.rosidl_typesupport_fastrtps_c.c.o[0m
[ 87%] [32mBuilding C object CMakeFiles/msgs_rovercon__rosidl_typesupport_introspection_c__pyext.dir/rosidl_generator_py/msgs_rovercon/_msgs_rovercon_s.ep.rosidl_typesupport_introspection_c.c.o[0m
[ 90%] [32mBuilding C object CMakeFiles/msgs_rovercon__rosidl_typesupport_c__pyext.dir/rosidl_generator_py/msgs_rovercon/_msgs_rovercon_s.ep.rosidl_typesupport_c.c.o[0m
[ 93%] [32m[1mLinking C shared library rosidl_generator_py/msgs_rovercon/msgs_rovercon_s__rosidl_typesupport_c.cpython-310-aarch64-linux-gnu.so[0m
[ 96%] [32m[1mLinking C shared library rosidl_generator_py/msgs_rovercon/msgs_rovercon_s__rosidl_typesupport_introspection_c.cpython-310-aarch64-linux-gnu.so[0m
[100%] [32m[1mLinking C shared library rosidl_generator_py/msgs_rovercon/msgs_rovercon_s__rosidl_typesupport_fastrtps_c.cpython-310-aarch64-linux-gnu.so[0m
[100%] Built target msgs_rovercon__rosidl_typesupport_c__pyext
[100%] Built target msgs_rovercon__rosidl_typesupport_introspection_c__pyext
[100%] Built target msgs_rovercon__rosidl_typesupport_fastrtps_c__pyext
-- Install configuration: ""
-- Installing: /home/curry/wilson_proj/ros2-rover-ws/install/msgs_rovercon/share/ament_index/resource_index/rosidl_interfaces/msgs_rovercon
-- Up-to-date: /home/curry/wilson_proj/ros2-rover-ws/install/msgs_rovercon/include/msgs_rovercon/msgs_rovercon
-- Up-to-date: /home/curry/wilson_proj/ros2-rover-ws/install/msgs_rovercon/include/msgs_rovercon/msgs_rovercon/msg
-- Up-to-date: /home/curry/wilson_proj/ros2-rover-ws/install/msgs_rovercon/include/msgs_rovercon/msgs_rovercon/msg/detail
-- Installing: /home/curry/wilson_proj/ros2-rover-ws/install/msgs_rovercon/include/msgs_rovercon/msgs_rovercon/msg/detail/sub_rocon__struct.h
-- Installing: /home/curry/wilson_proj/ros2-rover-ws/install/msgs_rovercon/include/msgs_rovercon/msgs_rovercon/msg/detail/sub_rocon__functions.c
-- Installing: /home/curry/wilson_proj/ros2-rover-ws/install/msgs_rovercon/include/msgs_rovercon/msgs_rovercon/msg/detail/sub_rocon__type_support.h
-- Installing: /home/curry/wilson_proj/ros2-rover-ws/install/msgs_rovercon/include/msgs_rovercon/msgs_rovercon/msg/detail/sub_rocon__functions.h
-- Installing: /home/curry/wilson_proj/ros2-rover-ws/install/msgs_rovercon/include/msgs_rovercon/msgs_rovercon/msg/rosidl_generator_c__visibility_control.h
-- Installing: /home/curry/wilson_proj/ros2-rover-ws/install/msgs_rovercon/include/msgs_rovercon/msgs_rovercon/msg/sub_rocon.h
-- Installing: /home/curry/wilson_proj/ros2-rover-ws/install/msgs_rovercon/share/msgs_rovercon/environment/library_path.sh
-- Installing: /home/curry/wilson_proj/ros2-rover-ws/install/msgs_rovercon/share/msgs_rovercon/environment/library_path.dsv
-- Installing: /home/curry/wilson_proj/ros2-rover-ws/install/msgs_rovercon/lib/libmsgs_rovercon__rosidl_generator_c.so
-- Set runtime path of "/home/curry/wilson_proj/ros2-rover-ws/install/msgs_rovercon/lib/libmsgs_rovercon__rosidl_generator_c.so" to ""
-- Up-to-date: /home/curry/wilson_proj/ros2-rover-ws/install/msgs_rovercon/include/msgs_rovercon/msgs_rovercon
-- Up-to-date: /home/curry/wilson_proj/ros2-rover-ws/install/msgs_rovercon/include/msgs_rovercon/msgs_rovercon/msg
-- Up-to-date: /home/curry/wilson_proj/ros2-rover-ws/install/msgs_rovercon/include/msgs_rovercon/msgs_rovercon/msg/detail
-- Installing: /home/curry/wilson_proj/ros2-rover-ws/install/msgs_rovercon/include/msgs_rovercon/msgs_rovercon/msg/detail/sub_rocon__rosidl_typesupport_fastrtps_c.h
-- Installing: /home/curry/wilson_proj/ros2-rover-ws/install/msgs_rovercon/include/msgs_rovercon/msgs_rovercon/msg/rosidl_typesupport_fastrtps_c__visibility_control.h
-- Installing: /home/curry/wilson_proj/ros2-rover-ws/install/msgs_rovercon/lib/libmsgs_rovercon__rosidl_typesupport_fastrtps_c.so
-- Set runtime path of "/home/curry/wilson_proj/ros2-rover-ws/install/msgs_rovercon/lib/libmsgs_rovercon__rosidl_typesupport_fastrtps_c.so" to ""
-- Up-to-date: /home/curry/wilson_proj/ros2-rover-ws/install/msgs_rovercon/include/msgs_rovercon/msgs_rovercon
-- Up-to-date: /home/curry/wilson_proj/ros2-rover-ws/install/msgs_rovercon/include/msgs_rovercon/msgs_rovercon/msg
-- Installing: /home/curry/wilson_proj/ros2-rover-ws/install/msgs_rovercon/include/msgs_rovercon/msgs_rovercon/msg/rosidl_typesupport_introspection_c__visibility_control.h
-- Up-to-date: /home/curry/wilson_proj/ros2-rover-ws/install/msgs_rovercon/include/msgs_rovercon/msgs_rovercon/msg/detail
-- Installing: /home/curry/wilson_proj/ros2-rover-ws/install/msgs_rovercon/include/msgs_rovercon/msgs_rovercon/msg/detail/sub_rocon__type_support.c
-- Installing: /home/curry/wilson_proj/ros2-rover-ws/install/msgs_rovercon/include/msgs_rovercon/msgs_rovercon/msg/detail/sub_rocon__rosidl_typesupport_introspection_c.h
-- Installing: /home/curry/wilson_proj/ros2-rover-ws/install/msgs_rovercon/lib/libmsgs_rovercon__rosidl_typesupport_introspection_c.so
-- Set runtime path of "/home/curry/wilson_proj/ros2-rover-ws/install/msgs_rovercon/lib/libmsgs_rovercon__rosidl_typesupport_introspection_c.so" to ""
-- Installing: /home/curry/wilson_proj/ros2-rover-ws/install/msgs_rovercon/lib/libmsgs_rovercon__rosidl_typesupport_c.so
-- Set runtime path of "/home/curry/wilson_proj/ros2-rover-ws/install/msgs_rovercon/lib/libmsgs_rovercon__rosidl_typesupport_c.so" to ""
-- Up-to-date: /home/curry/wilson_proj/ros2-rover-ws/install/msgs_rovercon/include/msgs_rovercon/msgs_rovercon
-- Up-to-date: /home/curry/wilson_proj/ros2-rover-ws/install/msgs_rovercon/include/msgs_rovercon/msgs_rovercon/msg
-- Installing: /home/curry/wilson_proj/ros2-rover-ws/install/msgs_rovercon/include/msgs_rovercon/msgs_rovercon/msg/rosidl_generator_cpp__visibility_control.hpp
-- Up-to-date: /home/curry/wilson_proj/ros2-rover-ws/install/msgs_rovercon/include/msgs_rovercon/msgs_rovercon/msg/detail
-- Installing: /home/curry/wilson_proj/ros2-rover-ws/install/msgs_rovercon/include/msgs_rovercon/msgs_rovercon/msg/detail/sub_rocon__builder.hpp
-- Installing: /home/curry/wilson_proj/ros2-rover-ws/install/msgs_rovercon/include/msgs_rovercon/msgs_rovercon/msg/detail/sub_rocon__type_support.hpp
-- Installing: /home/curry/wilson_proj/ros2-rover-ws/install/msgs_rovercon/include/msgs_rovercon/msgs_rovercon/msg/detail/sub_rocon__traits.hpp
-- Installing: /home/curry/wilson_proj/ros2-rover-ws/install/msgs_rovercon/include/msgs_rovercon/msgs_rovercon/msg/detail/sub_rocon__struct.hpp
-- Installing: /home/curry/wilson_proj/ros2-rover-ws/install/msgs_rovercon/include/msgs_rovercon/msgs_rovercon/msg/sub_rocon.hpp
-- Up-to-date: /home/curry/wilson_proj/ros2-rover-ws/install/msgs_rovercon/include/msgs_rovercon/msgs_rovercon
-- Up-to-date: /home/curry/wilson_proj/ros2-rover-ws/install/msgs_rovercon/include/msgs_rovercon/msgs_rovercon/msg
-- Up-to-date: /home/curry/wilson_proj/ros2-rover-ws/install/msgs_rovercon/include/msgs_rovercon/msgs_rovercon/msg/detail
-- Up-to-date: /home/curry/wilson_proj/ros2-rover-ws/install/msgs_rovercon/include/msgs_rovercon/msgs_rovercon/msg/detail/dds_fastrtps
-- Installing: /home/curry/wilson_proj/ros2-rover-ws/install/msgs_rovercon/include/msgs_rovercon/msgs_rovercon/msg/detail/sub_rocon__rosidl_typesupport_fastrtps_cpp.hpp
-- Installing: /home/curry/wilson_proj/ros2-rover-ws/install/msgs_rovercon/include/msgs_rovercon/msgs_rovercon/msg/rosidl_typesupport_fastrtps_cpp__visibility_control.h
-- Installing: /home/curry/wilson_proj/ros2-rover-ws/install/msgs_rovercon/lib/libmsgs_rovercon__rosidl_typesupport_fastrtps_cpp.so
-- Set runtime path of "/home/curry/wilson_proj/ros2-rover-ws/install/msgs_rovercon/lib/libmsgs_rovercon__rosidl_typesupport_fastrtps_cpp.so" to ""
-- Up-to-date: /home/curry/wilson_proj/ros2-rover-ws/install/msgs_rovercon/include/msgs_rovercon/msgs_rovercon
-- Up-to-date: /home/curry/wilson_proj/ros2-rover-ws/install/msgs_rovercon/include/msgs_rovercon/msgs_rovercon/msg
-- Up-to-date: /home/curry/wilson_proj/ros2-rover-ws/install/msgs_rovercon/include/msgs_rovercon/msgs_rovercon/msg/detail
-- Installing: /home/curry/wilson_proj/ros2-rover-ws/install/msgs_rovercon/include/msgs_rovercon/msgs_rovercon/msg/detail/sub_rocon__rosidl_typesupport_introspection_cpp.hpp
-- Installing: /home/curry/wilson_proj/ros2-rover-ws/install/msgs_rovercon/include/msgs_rovercon/msgs_rovercon/msg/detail/sub_rocon__type_support.cpp
-- Installing: /home/curry/wilson_proj/ros2-rover-ws/install/msgs_rovercon/lib/libmsgs_rovercon__rosidl_typesupport_introspection_cpp.so
-- Set runtime path of "/home/curry/wilson_proj/ros2-rover-ws/install/msgs_rovercon/lib/libmsgs_rovercon__rosidl_typesupport_introspection_cpp.so" to ""
-- Installing: /home/curry/wilson_proj/ros2-rover-ws/install/msgs_rovercon/lib/libmsgs_rovercon__rosidl_typesupport_cpp.so
-- Set runtime path of "/home/curry/wilson_proj/ros2-rover-ws/install/msgs_rovercon/lib/libmsgs_rovercon__rosidl_typesupport_cpp.so" to ""
-- Installing: /home/curry/wilson_proj/ros2-rover-ws/install/msgs_rovercon/share/msgs_rovercon/environment/pythonpath.sh
-- Installing: /home/curry/wilson_proj/ros2-rover-ws/install/msgs_rovercon/share/msgs_rovercon/environment/pythonpath.dsv
-- Installing: /home/curry/wilson_proj/ros2-rover-ws/install/msgs_rovercon/local/lib/python3.10/dist-packages/msgs_rovercon-0.0.0-py3.10.egg-info
-- Installing: /home/curry/wilson_proj/ros2-rover-ws/install/msgs_rovercon/local/lib/python3.10/dist-packages/msgs_rovercon-0.0.0-py3.10.egg-info/dependency_links.txt
-- Installing: /home/curry/wilson_proj/ros2-rover-ws/install/msgs_rovercon/local/lib/python3.10/dist-packages/msgs_rovercon-0.0.0-py3.10.egg-info/SOURCES.txt
-- Installing: /home/curry/wilson_proj/ros2-rover-ws/install/msgs_rovercon/local/lib/python3.10/dist-packages/msgs_rovercon-0.0.0-py3.10.egg-info/top_level.txt
-- Installing: /home/curry/wilson_proj/ros2-rover-ws/install/msgs_rovercon/local/lib/python3.10/dist-packages/msgs_rovercon-0.0.0-py3.10.egg-info/PKG-INFO
-- Installing: /home/curry/wilson_proj/ros2-rover-ws/install/msgs_rovercon/local/lib/python3.10/dist-packages/msgs_rovercon
-- Installing: /home/curry/wilson_proj/ros2-rover-ws/install/msgs_rovercon/local/lib/python3.10/dist-packages/msgs_rovercon/_msgs_rovercon_s.ep.rosidl_typesupport_introspection_c.c
-- Installing: /home/curry/wilson_proj/ros2-rover-ws/install/msgs_rovercon/local/lib/python3.10/dist-packages/msgs_rovercon/msg
-- Installing: /home/curry/wilson_proj/ros2-rover-ws/install/msgs_rovercon/local/lib/python3.10/dist-packages/msgs_rovercon/msg/_sub_rocon.py
-- Installing: /home/curry/wilson_proj/ros2-rover-ws/install/msgs_rovercon/local/lib/python3.10/dist-packages/msgs_rovercon/msg/__init__.py
-- Installing: /home/curry/wilson_proj/ros2-rover-ws/install/msgs_rovercon/local/lib/python3.10/dist-packages/msgs_rovercon/msg/_sub_rocon_s.c
-- Installing: /home/curry/wilson_proj/ros2-rover-ws/install/msgs_rovercon/local/lib/python3.10/dist-packages/msgs_rovercon/msgs_rovercon_s__rosidl_typesupport_c.cpython-310-aarch64-linux-gnu.so
-- Installing: /home/curry/wilson_proj/ros2-rover-ws/install/msgs_rovercon/local/lib/python3.10/dist-packages/msgs_rovercon/libmsgs_rovercon__rosidl_generator_py.so
-- Installing: /home/curry/wilson_proj/ros2-rover-ws/install/msgs_rovercon/local/lib/python3.10/dist-packages/msgs_rovercon/__init__.py
-- Installing: /home/curry/wilson_proj/ros2-rover-ws/install/msgs_rovercon/local/lib/python3.10/dist-packages/msgs_rovercon/_msgs_rovercon_s.ep.rosidl_typesupport_fastrtps_c.c
-- Installing: /home/curry/wilson_proj/ros2-rover-ws/install/msgs_rovercon/local/lib/python3.10/dist-packages/msgs_rovercon/msgs_rovercon_s__rosidl_typesupport_fastrtps_c.cpython-310-aarch64-linux-gnu.so
-- Installing: /home/curry/wilson_proj/ros2-rover-ws/install/msgs_rovercon/local/lib/python3.10/dist-packages/msgs_rovercon/_msgs_rovercon_s.ep.rosidl_typesupport_c.c
-- Installing: /home/curry/wilson_proj/ros2-rover-ws/install/msgs_rovercon/local/lib/python3.10/dist-packages/msgs_rovercon/msgs_rovercon_s__rosidl_typesupport_introspection_c.cpython-310-aarch64-linux-gnu.so
Listing '/home/curry/wilson_proj/ros2-rover-ws/install/msgs_rovercon/local/lib/python3.10/dist-packages/msgs_rovercon'...
Compiling '/home/curry/wilson_proj/ros2-rover-ws/install/msgs_rovercon/local/lib/python3.10/dist-packages/msgs_rovercon/__init__.py'...
Listing '/home/curry/wilson_proj/ros2-rover-ws/install/msgs_rovercon/local/lib/python3.10/dist-packages/msgs_rovercon/msg'...
Compiling '/home/curry/wilson_proj/ros2-rover-ws/install/msgs_rovercon/local/lib/python3.10/dist-packages/msgs_rovercon/msg/__init__.py'...
Compiling '/home/curry/wilson_proj/ros2-rover-ws/install/msgs_rovercon/local/lib/python3.10/dist-packages/msgs_rovercon/msg/_sub_rocon.py'...
-- Installing: /home/curry/wilson_proj/ros2-rover-ws/install/msgs_rovercon/local/lib/python3.10/dist-packages/msgs_rovercon/msgs_rovercon_s__rosidl_typesupport_fastrtps_c.cpython-310-aarch64-linux-gnu.so
-- Set runtime path of "/home/curry/wilson_proj/ros2-rover-ws/install/msgs_rovercon/local/lib/python3.10/dist-packages/msgs_rovercon/msgs_rovercon_s__rosidl_typesupport_fastrtps_c.cpython-310-aarch64-linux-gnu.so" to ""
-- Installing: /home/curry/wilson_proj/ros2-rover-ws/install/msgs_rovercon/local/lib/python3.10/dist-packages/msgs_rovercon/msgs_rovercon_s__rosidl_typesupport_introspection_c.cpython-310-aarch64-linux-gnu.so
-- Set runtime path of "/home/curry/wilson_proj/ros2-rover-ws/install/msgs_rovercon/local/lib/python3.10/dist-packages/msgs_rovercon/msgs_rovercon_s__rosidl_typesupport_introspection_c.cpython-310-aarch64-linux-gnu.so" to ""
-- Installing: /home/curry/wilson_proj/ros2-rover-ws/install/msgs_rovercon/local/lib/python3.10/dist-packages/msgs_rovercon/msgs_rovercon_s__rosidl_typesupport_c.cpython-310-aarch64-linux-gnu.so
-- Set runtime path of "/home/curry/wilson_proj/ros2-rover-ws/install/msgs_rovercon/local/lib/python3.10/dist-packages/msgs_rovercon/msgs_rovercon_s__rosidl_typesupport_c.cpython-310-aarch64-linux-gnu.so" to ""
-- Installing: /home/curry/wilson_proj/ros2-rover-ws/install/msgs_rovercon/lib/libmsgs_rovercon__rosidl_generator_py.so
-- Set runtime path of "/home/curry/wilson_proj/ros2-rover-ws/install/msgs_rovercon/lib/libmsgs_rovercon__rosidl_generator_py.so" to ""
-- Installing: /home/curry/wilson_proj/ros2-rover-ws/install/msgs_rovercon/share/msgs_rovercon/msg/SubRocon.idl
-- Installing: /home/curry/wilson_proj/ros2-rover-ws/install/msgs_rovercon/share/msgs_rovercon/msg/SubRocon.msg
-- Installing: /home/curry/wilson_proj/ros2-rover-ws/install/msgs_rovercon/share/ament_index/resource_index/package_run_dependencies/msgs_rovercon
-- Installing: /home/curry/wilson_proj/ros2-rover-ws/install/msgs_rovercon/share/ament_index/resource_index/parent_prefix_path/msgs_rovercon
-- Installing: /home/curry/wilson_proj/ros2-rover-ws/install/msgs_rovercon/share/msgs_rovercon/environment/ament_prefix_path.sh
-- Installing: /home/curry/wilson_proj/ros2-rover-ws/install/msgs_rovercon/share/msgs_rovercon/environment/ament_prefix_path.dsv
-- Installing: /home/curry/wilson_proj/ros2-rover-ws/install/msgs_rovercon/share/msgs_rovercon/environment/path.sh
-- Installing: /home/curry/wilson_proj/ros2-rover-ws/install/msgs_rovercon/share/msgs_rovercon/environment/path.dsv
-- Installing: /home/curry/wilson_proj/ros2-rover-ws/install/msgs_rovercon/share/msgs_rovercon/local_setup.bash
-- Installing: /home/curry/wilson_proj/ros2-rover-ws/install/msgs_rovercon/share/msgs_rovercon/local_setup.sh
-- Installing: /home/curry/wilson_proj/ros2-rover-ws/install/msgs_rovercon/share/msgs_rovercon/local_setup.zsh
-- Installing: /home/curry/wilson_proj/ros2-rover-ws/install/msgs_rovercon/share/msgs_rovercon/local_setup.dsv
-- Installing: /home/curry/wilson_proj/ros2-rover-ws/install/msgs_rovercon/share/msgs_rovercon/package.dsv
-- Installing: /home/curry/wilson_proj/ros2-rover-ws/install/msgs_rovercon/share/ament_index/resource_index/packages/msgs_rovercon
-- Installing: /home/curry/wilson_proj/ros2-rover-ws/install/msgs_rovercon/share/msgs_rovercon/cmake/export_msgs_rovercon__rosidl_generator_cExport.cmake
-- Installing: /home/curry/wilson_proj/ros2-rover-ws/install/msgs_rovercon/share/msgs_rovercon/cmake/export_msgs_rovercon__rosidl_generator_cExport-noconfig.cmake
-- Installing: /home/curry/wilson_proj/ros2-rover-ws/install/msgs_rovercon/share/msgs_rovercon/cmake/export_msgs_rovercon__rosidl_typesupport_fastrtps_cExport.cmake
-- Installing: /home/curry/wilson_proj/ros2-rover-ws/install/msgs_rovercon/share/msgs_rovercon/cmake/export_msgs_rovercon__rosidl_typesupport_fastrtps_cExport-noconfig.cmake
-- Installing: /home/curry/wilson_proj/ros2-rover-ws/install/msgs_rovercon/share/msgs_rovercon/cmake/msgs_rovercon__rosidl_typesupport_introspection_cExport.cmake
-- Installing: /home/curry/wilson_proj/ros2-rover-ws/install/msgs_rovercon/share/msgs_rovercon/cmake/msgs_rovercon__rosidl_typesupport_introspection_cExport-noconfig.cmake
-- Installing: /home/curry/wilson_proj/ros2-rover-ws/install/msgs_rovercon/share/msgs_rovercon/cmake/msgs_rovercon__rosidl_typesupport_cExport.cmake
-- Installing: /home/curry/wilson_proj/ros2-rover-ws/install/msgs_rovercon/share/msgs_rovercon/cmake/msgs_rovercon__rosidl_typesupport_cExport-noconfig.cmake
-- Installing: /home/curry/wilson_proj/ros2-rover-ws/install/msgs_rovercon/share/msgs_rovercon/cmake/export_msgs_rovercon__rosidl_generator_cppExport.cmake
-- Installing: /home/curry/wilson_proj/ros2-rover-ws/install/msgs_rovercon/share/msgs_rovercon/cmake/export_msgs_rovercon__rosidl_typesupport_fastrtps_cppExport.cmake
-- Installing: /home/curry/wilson_proj/ros2-rover-ws/install/msgs_rovercon/share/msgs_rovercon/cmake/export_msgs_rovercon__rosidl_typesupport_fastrtps_cppExport-noconfig.cmake
-- Installing: /home/curry/wilson_proj/ros2-rover-ws/install/msgs_rovercon/share/msgs_rovercon/cmake/msgs_rovercon__rosidl_typesupport_introspection_cppExport.cmake
-- Installing: /home/curry/wilson_proj/ros2-rover-ws/install/msgs_rovercon/share/msgs_rovercon/cmake/msgs_rovercon__rosidl_typesupport_introspection_cppExport-noconfig.cmake
-- Installing: /home/curry/wilson_proj/ros2-rover-ws/install/msgs_rovercon/share/msgs_rovercon/cmake/msgs_rovercon__rosidl_typesupport_cppExport.cmake
-- Installing: /home/curry/wilson_proj/ros2-rover-ws/install/msgs_rovercon/share/msgs_rovercon/cmake/msgs_rovercon__rosidl_typesupport_cppExport-noconfig.cmake
-- Installing: /home/curry/wilson_proj/ros2-rover-ws/install/msgs_rovercon/share/msgs_rovercon/cmake/export_msgs_rovercon__rosidl_generator_pyExport.cmake
-- Installing: /home/curry/wilson_proj/ros2-rover-ws/install/msgs_rovercon/share/msgs_rovercon/cmake/export_msgs_rovercon__rosidl_generator_pyExport-noconfig.cmake
-- Installing: /home/curry/wilson_proj/ros2-rover-ws/install/msgs_rovercon/share/msgs_rovercon/cmake/rosidl_cmake-extras.cmake
-- Installing: /home/curry/wilson_proj/ros2-rover-ws/install/msgs_rovercon/share/msgs_rovercon/cmake/ament_cmake_export_include_directories-extras.cmake
-- Installing: /home/curry/wilson_proj/ros2-rover-ws/install/msgs_rovercon/share/msgs_rovercon/cmake/ament_cmake_export_libraries-extras.cmake
-- Installing: /home/curry/wilson_proj/ros2-rover-ws/install/msgs_rovercon/share/msgs_rovercon/cmake/ament_cmake_export_targets-extras.cmake
-- Installing: /home/curry/wilson_proj/ros2-rover-ws/install/msgs_rovercon/share/msgs_rovercon/cmake/rosidl_cmake_export_typesupport_targets-extras.cmake
-- Installing: /home/curry/wilson_proj/ros2-rover-ws/install/msgs_rovercon/share/msgs_rovercon/cmake/ament_cmake_export_dependencies-extras.cmake
-- Installing: /home/curry/wilson_proj/ros2-rover-ws/install/msgs_rovercon/share/msgs_rovercon/cmake/rosidl_cmake_export_typesupport_libraries-extras.cmake
-- Installing: /home/curry/wilson_proj/ros2-rover-ws/install/msgs_rovercon/share/msgs_rovercon/cmake/msgs_roverconConfig.cmake
-- Installing: /home/curry/wilson_proj/ros2-rover-ws/install/msgs_rovercon/share/msgs_rovercon/cmake/msgs_roverconConfig-version.cmake
-- Installing: /home/curry/wilson_proj/ros2-rover-ws/install/msgs_rovercon/share/msgs_rovercon/package.xml
