[1.155s] DEBUG:colcon:Command line arguments: ['/usr/bin/colcon', 'build']
[1.156s] DEBUG:colcon:Parsed command line arguments: Namespace(log_base=None, log_level=None, verb_name='build', build_base='build', install_base='install', merge_install=False, symlink_install=False, test_result_base=None, continue_on_error=False, executor='parallel', parallel_workers=4, event_handlers=None, ignore_user_meta=False, metas=['./colcon.meta'], base_paths=['.'], packages_ignore=None, packages_ignore_regex=None, paths=None, packages_up_to=None, packages_up_to_regex=None, packages_above=None, packages_above_and_dependencies=None, packages_above_depth=None, packages_select_by_dep=None, packages_skip_by_dep=None, packages_skip_up_to=None, packages_select_build_failed=False, packages_skip_build_finished=False, packages_select_test_failures=False, packages_skip_test_passed=False, packages_select=None, packages_skip=None, packages_select_regex=None, packages_skip_regex=None, packages_start=None, packages_end=None, allow_overriding=[], cmake_args=None, cmake_target=None, cmake_target_skip_unavailable=False, cmake_clean_cache=False, cmake_clean_first=False, cmake_force_configure=False, ament_cmake_args=None, catkin_cmake_args=None, catkin_skip_building_tests=False, mixin_files=None, mixin=None, verb_parser=<colcon_mixin.mixin.mixin_argument.MixinArgumentDecorator object at 0xffff88d02aa0>, verb_extension=<colcon_core.verb.build.BuildVerb object at 0xffff88e1ba30>, main=<bound method BuildVerb.main of <colcon_core.verb.build.BuildVerb object at 0xffff88e1ba30>>, mixin_verb=('build',))
[4.914s] Level 1:colcon.colcon_core.package_discovery:discover_packages(colcon_meta) check parameters
[4.915s] Level 1:colcon.colcon_core.package_discovery:discover_packages(recursive) check parameters
[4.915s] Level 1:colcon.colcon_core.package_discovery:discover_packages(ignore) check parameters
[4.915s] Level 1:colcon.colcon_core.package_discovery:discover_packages(path) check parameters
[4.915s] Level 1:colcon.colcon_core.package_discovery:discover_packages(colcon_meta) discover
[4.916s] Level 1:colcon.colcon_core.package_discovery:discover_packages(recursive) discover
[4.916s] INFO:colcon.colcon_core.package_discovery:Crawling recursively for packages in '/home/curry/wilson_proj/ros2-rover-ws'
[4.917s] Level 1:colcon.colcon_core.package_identification:_identify(.) by extensions ['ignore', 'ignore_ament_install']
[4.918s] Level 1:colcon.colcon_core.package_identification:_identify(.) by extension 'ignore'
[4.918s] Level 1:colcon.colcon_core.package_identification:_identify(.) by extension 'ignore_ament_install'
[4.919s] Level 1:colcon.colcon_core.package_identification:_identify(.) by extensions ['colcon_pkg']
[4.919s] Level 1:colcon.colcon_core.package_identification:_identify(.) by extension 'colcon_pkg'
[4.921s] Level 1:colcon.colcon_core.package_identification:_identify(.) by extensions ['colcon_meta']
[4.921s] Level 1:colcon.colcon_core.package_identification:_identify(.) by extension 'colcon_meta'
[4.921s] Level 1:colcon.colcon_core.package_identification:_identify(.) by extensions ['ros']
[4.921s] Level 1:colcon.colcon_core.package_identification:_identify(.) by extension 'ros'
[5.121s] Level 1:colcon.colcon_core.package_identification:_identify(.) by extensions ['cmake', 'python']
[5.121s] Level 1:colcon.colcon_core.package_identification:_identify(.) by extension 'cmake'
[5.121s] Level 1:colcon.colcon_core.package_identification:_identify(.) by extension 'python'
[5.121s] Level 1:colcon.colcon_core.package_identification:_identify(.) by extensions ['python_setup_py']
[5.121s] Level 1:colcon.colcon_core.package_identification:_identify(.) by extension 'python_setup_py'
[5.122s] Level 1:colcon.colcon_core.package_identification:_identify(build) by extensions ['ignore', 'ignore_ament_install']
[5.122s] Level 1:colcon.colcon_core.package_identification:_identify(build) by extension 'ignore'
[5.123s] Level 1:colcon.colcon_core.package_identification:_identify(build) ignored
[5.124s] Level 1:colcon.colcon_core.package_identification:_identify(install) by extensions ['ignore', 'ignore_ament_install']
[5.125s] Level 1:colcon.colcon_core.package_identification:_identify(install) by extension 'ignore'
[5.126s] Level 1:colcon.colcon_core.package_identification:_identify(install) ignored
[5.128s] Level 1:colcon.colcon_core.package_identification:_identify(log) by extensions ['ignore', 'ignore_ament_install']
[5.129s] Level 1:colcon.colcon_core.package_identification:_identify(log) by extension 'ignore'
[5.130s] Level 1:colcon.colcon_core.package_identification:_identify(log) ignored
[5.131s] Level 1:colcon.colcon_core.package_identification:_identify(src) by extensions ['ignore', 'ignore_ament_install']
[5.131s] Level 1:colcon.colcon_core.package_identification:_identify(src) by extension 'ignore'
[5.133s] Level 1:colcon.colcon_core.package_identification:_identify(src) by extension 'ignore_ament_install'
[5.134s] Level 1:colcon.colcon_core.package_identification:_identify(src) by extensions ['colcon_pkg']
[5.134s] Level 1:colcon.colcon_core.package_identification:_identify(src) by extension 'colcon_pkg'
[5.134s] Level 1:colcon.colcon_core.package_identification:_identify(src) by extensions ['colcon_meta']
[5.135s] Level 1:colcon.colcon_core.package_identification:_identify(src) by extension 'colcon_meta'
[5.136s] Level 1:colcon.colcon_core.package_identification:_identify(src) by extensions ['ros']
[5.136s] Level 1:colcon.colcon_core.package_identification:_identify(src) by extension 'ros'
[5.137s] Level 1:colcon.colcon_core.package_identification:_identify(src) by extensions ['cmake', 'python']
[5.139s] Level 1:colcon.colcon_core.package_identification:_identify(src) by extension 'cmake'
[5.140s] Level 1:colcon.colcon_core.package_identification:_identify(src) by extension 'python'
[5.141s] Level 1:colcon.colcon_core.package_identification:_identify(src) by extensions ['python_setup_py']
[5.142s] Level 1:colcon.colcon_core.package_identification:_identify(src) by extension 'python_setup_py'
[5.142s] Level 1:colcon.colcon_core.package_identification:_identify(src/action_interfaces) by extensions ['ignore', 'ignore_ament_install']
[5.143s] Level 1:colcon.colcon_core.package_identification:_identify(src/action_interfaces) by extension 'ignore'
[5.144s] Level 1:colcon.colcon_core.package_identification:_identify(src/action_interfaces) by extension 'ignore_ament_install'
[5.145s] Level 1:colcon.colcon_core.package_identification:_identify(src/action_interfaces) by extensions ['colcon_pkg']
[5.146s] Level 1:colcon.colcon_core.package_identification:_identify(src/action_interfaces) by extension 'colcon_pkg'
[5.146s] Level 1:colcon.colcon_core.package_identification:_identify(src/action_interfaces) by extensions ['colcon_meta']
[5.146s] Level 1:colcon.colcon_core.package_identification:_identify(src/action_interfaces) by extension 'colcon_meta'
[5.147s] Level 1:colcon.colcon_core.package_identification:_identify(src/action_interfaces) by extensions ['ros']
[5.147s] Level 1:colcon.colcon_core.package_identification:_identify(src/action_interfaces) by extension 'ros'
[5.163s] DEBUG:colcon.colcon_core.package_identification:Package 'src/action_interfaces' with type 'ros.ament_cmake' and name 'action_interfaces'
[5.164s] Level 1:colcon.colcon_core.package_identification:_identify(src/package_image_process) by extensions ['ignore', 'ignore_ament_install']
[5.165s] Level 1:colcon.colcon_core.package_identification:_identify(src/package_image_process) by extension 'ignore'
[5.166s] Level 1:colcon.colcon_core.package_identification:_identify(src/package_image_process) by extension 'ignore_ament_install'
[5.167s] Level 1:colcon.colcon_core.package_identification:_identify(src/package_image_process) by extensions ['colcon_pkg']
[5.167s] Level 1:colcon.colcon_core.package_identification:_identify(src/package_image_process) by extension 'colcon_pkg'
[5.168s] Level 1:colcon.colcon_core.package_identification:_identify(src/package_image_process) by extensions ['colcon_meta']
[5.168s] Level 1:colcon.colcon_core.package_identification:_identify(src/package_image_process) by extension 'colcon_meta'
[5.168s] Level 1:colcon.colcon_core.package_identification:_identify(src/package_image_process) by extensions ['ros']
[5.169s] Level 1:colcon.colcon_core.package_identification:_identify(src/package_image_process) by extension 'ros'
[5.176s] DEBUG:colcon.colcon_core.package_identification:Package 'src/package_image_process' with type 'ros.ament_python' and name 'package_image_process'
[5.178s] Level 1:colcon.colcon_core.package_identification:_identify(src/package_navigate_route) by extensions ['ignore', 'ignore_ament_install']
[5.179s] Level 1:colcon.colcon_core.package_identification:_identify(src/package_navigate_route) by extension 'ignore'
[5.179s] Level 1:colcon.colcon_core.package_identification:_identify(src/package_navigate_route) by extension 'ignore_ament_install'
[5.180s] Level 1:colcon.colcon_core.package_identification:_identify(src/package_navigate_route) by extensions ['colcon_pkg']
[5.180s] Level 1:colcon.colcon_core.package_identification:_identify(src/package_navigate_route) by extension 'colcon_pkg'
[5.180s] Level 1:colcon.colcon_core.package_identification:_identify(src/package_navigate_route) by extensions ['colcon_meta']
[5.180s] Level 1:colcon.colcon_core.package_identification:_identify(src/package_navigate_route) by extension 'colcon_meta'
[5.181s] Level 1:colcon.colcon_core.package_identification:_identify(src/package_navigate_route) by extensions ['ros']
[5.181s] Level 1:colcon.colcon_core.package_identification:_identify(src/package_navigate_route) by extension 'ros'
[5.183s] DEBUG:colcon.colcon_core.package_identification:Package 'src/package_navigate_route' with type 'ros.ament_cmake' and name 'package_navigate_route'
[5.184s] Level 1:colcon.colcon_core.package_identification:_identify(src/package_position_process) by extensions ['ignore', 'ignore_ament_install']
[5.185s] Level 1:colcon.colcon_core.package_identification:_identify(src/package_position_process) by extension 'ignore'
[5.185s] Level 1:colcon.colcon_core.package_identification:_identify(src/package_position_process) by extension 'ignore_ament_install'
[5.186s] Level 1:colcon.colcon_core.package_identification:_identify(src/package_position_process) by extensions ['colcon_pkg']
[5.187s] Level 1:colcon.colcon_core.package_identification:_identify(src/package_position_process) by extension 'colcon_pkg'
[5.188s] Level 1:colcon.colcon_core.package_identification:_identify(src/package_position_process) by extensions ['colcon_meta']
[5.188s] Level 1:colcon.colcon_core.package_identification:_identify(src/package_position_process) by extension 'colcon_meta'
[5.189s] Level 1:colcon.colcon_core.package_identification:_identify(src/package_position_process) by extensions ['ros']
[5.189s] Level 1:colcon.colcon_core.package_identification:_identify(src/package_position_process) by extension 'ros'
[5.193s] DEBUG:colcon.colcon_core.package_identification:Package 'src/package_position_process' with type 'ros.ament_cmake' and name 'package_position_process'
[5.195s] Level 1:colcon.colcon_core.package_identification:_identify(src/package_rover_control) by extensions ['ignore', 'ignore_ament_install']
[5.195s] Level 1:colcon.colcon_core.package_identification:_identify(src/package_rover_control) by extension 'ignore'
[5.196s] Level 1:colcon.colcon_core.package_identification:_identify(src/package_rover_control) by extension 'ignore_ament_install'
[5.197s] Level 1:colcon.colcon_core.package_identification:_identify(src/package_rover_control) by extensions ['colcon_pkg']
[5.198s] Level 1:colcon.colcon_core.package_identification:_identify(src/package_rover_control) by extension 'colcon_pkg'
[5.198s] Level 1:colcon.colcon_core.package_identification:_identify(src/package_rover_control) by extensions ['colcon_meta']
[5.199s] Level 1:colcon.colcon_core.package_identification:_identify(src/package_rover_control) by extension 'colcon_meta'
[5.200s] Level 1:colcon.colcon_core.package_identification:_identify(src/package_rover_control) by extensions ['ros']
[5.201s] Level 1:colcon.colcon_core.package_identification:_identify(src/package_rover_control) by extension 'ros'
[5.208s] DEBUG:colcon.colcon_core.package_identification:Package 'src/package_rover_control' with type 'ros.ament_cmake' and name 'package_rover_control'
[5.209s] Level 1:colcon.colcon_core.package_identification:_identify(src/package_test) by extensions ['ignore', 'ignore_ament_install']
[5.209s] Level 1:colcon.colcon_core.package_identification:_identify(src/package_test) by extension 'ignore'
[5.210s] Level 1:colcon.colcon_core.package_identification:_identify(src/package_test) by extension 'ignore_ament_install'
[5.210s] Level 1:colcon.colcon_core.package_identification:_identify(src/package_test) by extensions ['colcon_pkg']
[5.210s] Level 1:colcon.colcon_core.package_identification:_identify(src/package_test) by extension 'colcon_pkg'
[5.211s] Level 1:colcon.colcon_core.package_identification:_identify(src/package_test) by extensions ['colcon_meta']
[5.211s] Level 1:colcon.colcon_core.package_identification:_identify(src/package_test) by extension 'colcon_meta'
[5.211s] Level 1:colcon.colcon_core.package_identification:_identify(src/package_test) by extensions ['ros']
[5.212s] Level 1:colcon.colcon_core.package_identification:_identify(src/package_test) by extension 'ros'
[5.216s] DEBUG:colcon.colcon_core.package_identification:Package 'src/package_test' with type 'ros.ament_cmake' and name 'package_test'
[5.217s] Level 1:colcon.colcon_core.package_discovery:discover_packages(recursive) using defaults
[5.217s] Level 1:colcon.colcon_core.package_discovery:discover_packages(ignore) discover
[5.217s] Level 1:colcon.colcon_core.package_discovery:discover_packages(ignore) using defaults
[5.217s] Level 1:colcon.colcon_core.package_discovery:discover_packages(path) discover
[5.218s] Level 1:colcon.colcon_core.package_discovery:discover_packages(path) using defaults
[5.474s] Level 1:colcon.colcon_core.package_discovery:discover_packages(prefix_path) check parameters
[5.475s] Level 1:colcon.colcon_core.package_discovery:discover_packages(prefix_path) discover
[5.495s] DEBUG:colcon.colcon_installed_package_information.package_discovery:Found 6 installed packages in /home/curry/wilson_proj/ros2-rover-ws/install
[5.500s] DEBUG:colcon.colcon_installed_package_information.package_discovery:Found 2 installed packages in /home/curry/wilson_proj/mros2-host-examples-main/install
[5.511s] DEBUG:colcon.colcon_installed_package_information.package_discovery:Found 270 installed packages in /opt/ros/humble
[5.518s] Level 1:colcon.colcon_core.package_discovery:discover_packages(prefix_path) using defaults
[5.854s] Level 5:colcon.colcon_core.verb:set package 'action_interfaces' build argument 'cmake_args' from command line to 'None'
[5.855s] Level 5:colcon.colcon_core.verb:set package 'action_interfaces' build argument 'cmake_target' from command line to 'None'
[5.855s] Level 5:colcon.colcon_core.verb:set package 'action_interfaces' build argument 'cmake_target_skip_unavailable' from command line to 'False'
[5.855s] Level 5:colcon.colcon_core.verb:set package 'action_interfaces' build argument 'cmake_clean_cache' from command line to 'False'
[5.855s] Level 5:colcon.colcon_core.verb:set package 'action_interfaces' build argument 'cmake_clean_first' from command line to 'False'
[5.855s] Level 5:colcon.colcon_core.verb:set package 'action_interfaces' build argument 'cmake_force_configure' from command line to 'False'
[5.855s] Level 5:colcon.colcon_core.verb:set package 'action_interfaces' build argument 'ament_cmake_args' from command line to 'None'
[5.855s] Level 5:colcon.colcon_core.verb:set package 'action_interfaces' build argument 'catkin_cmake_args' from command line to 'None'
[5.856s] Level 5:colcon.colcon_core.verb:set package 'action_interfaces' build argument 'catkin_skip_building_tests' from command line to 'False'
[5.856s] DEBUG:colcon.colcon_core.verb:Building package 'action_interfaces' with the following arguments: {'ament_cmake_args': None, 'build_base': '/home/curry/wilson_proj/ros2-rover-ws/build/action_interfaces', 'catkin_cmake_args': None, 'catkin_skip_building_tests': False, 'cmake_args': None, 'cmake_clean_cache': False, 'cmake_clean_first': False, 'cmake_force_configure': False, 'cmake_target': None, 'cmake_target_skip_unavailable': False, 'install_base': '/home/curry/wilson_proj/ros2-rover-ws/install/action_interfaces', 'merge_install': False, 'path': '/home/curry/wilson_proj/ros2-rover-ws/src/action_interfaces', 'symlink_install': False, 'test_result_base': None}
[5.859s] Level 5:colcon.colcon_core.verb:set package 'package_image_process' build argument 'cmake_args' from command line to 'None'
[5.860s] Level 5:colcon.colcon_core.verb:set package 'package_image_process' build argument 'cmake_target' from command line to 'None'
[5.862s] Level 5:colcon.colcon_core.verb:set package 'package_image_process' build argument 'cmake_target_skip_unavailable' from command line to 'False'
[5.863s] Level 5:colcon.colcon_core.verb:set package 'package_image_process' build argument 'cmake_clean_cache' from command line to 'False'
[5.864s] Level 5:colcon.colcon_core.verb:set package 'package_image_process' build argument 'cmake_clean_first' from command line to 'False'
[5.865s] Level 5:colcon.colcon_core.verb:set package 'package_image_process' build argument 'cmake_force_configure' from command line to 'False'
[5.866s] Level 5:colcon.colcon_core.verb:set package 'package_image_process' build argument 'ament_cmake_args' from command line to 'None'
[5.866s] Level 5:colcon.colcon_core.verb:set package 'package_image_process' build argument 'catkin_cmake_args' from command line to 'None'
[5.866s] Level 5:colcon.colcon_core.verb:set package 'package_image_process' build argument 'catkin_skip_building_tests' from command line to 'False'
[5.867s] DEBUG:colcon.colcon_core.verb:Building package 'package_image_process' with the following arguments: {'ament_cmake_args': None, 'build_base': '/home/curry/wilson_proj/ros2-rover-ws/build/package_image_process', 'catkin_cmake_args': None, 'catkin_skip_building_tests': False, 'cmake_args': None, 'cmake_clean_cache': False, 'cmake_clean_first': False, 'cmake_force_configure': False, 'cmake_target': None, 'cmake_target_skip_unavailable': False, 'install_base': '/home/curry/wilson_proj/ros2-rover-ws/install/package_image_process', 'merge_install': False, 'path': '/home/curry/wilson_proj/ros2-rover-ws/src/package_image_process', 'symlink_install': False, 'test_result_base': None}
[5.871s] Level 5:colcon.colcon_core.verb:set package 'package_navigate_route' build argument 'cmake_args' from command line to 'None'
[5.872s] Level 5:colcon.colcon_core.verb:set package 'package_navigate_route' build argument 'cmake_target' from command line to 'None'
[5.872s] Level 5:colcon.colcon_core.verb:set package 'package_navigate_route' build argument 'cmake_target_skip_unavailable' from command line to 'False'
[5.872s] Level 5:colcon.colcon_core.verb:set package 'package_navigate_route' build argument 'cmake_clean_cache' from command line to 'False'
[5.873s] Level 5:colcon.colcon_core.verb:set package 'package_navigate_route' build argument 'cmake_clean_first' from command line to 'False'
[5.873s] Level 5:colcon.colcon_core.verb:set package 'package_navigate_route' build argument 'cmake_force_configure' from command line to 'False'
[5.873s] Level 5:colcon.colcon_core.verb:set package 'package_navigate_route' build argument 'ament_cmake_args' from command line to 'None'
[5.873s] Level 5:colcon.colcon_core.verb:set package 'package_navigate_route' build argument 'catkin_cmake_args' from command line to 'None'
[5.873s] Level 5:colcon.colcon_core.verb:set package 'package_navigate_route' build argument 'catkin_skip_building_tests' from command line to 'False'
[5.873s] DEBUG:colcon.colcon_core.verb:Building package 'package_navigate_route' with the following arguments: {'ament_cmake_args': None, 'build_base': '/home/curry/wilson_proj/ros2-rover-ws/build/package_navigate_route', 'catkin_cmake_args': None, 'catkin_skip_building_tests': False, 'cmake_args': None, 'cmake_clean_cache': False, 'cmake_clean_first': False, 'cmake_force_configure': False, 'cmake_target': None, 'cmake_target_skip_unavailable': False, 'install_base': '/home/curry/wilson_proj/ros2-rover-ws/install/package_navigate_route', 'merge_install': False, 'path': '/home/curry/wilson_proj/ros2-rover-ws/src/package_navigate_route', 'symlink_install': False, 'test_result_base': None}
[5.875s] Level 5:colcon.colcon_core.verb:set package 'package_position_process' build argument 'cmake_args' from command line to 'None'
[5.876s] Level 5:colcon.colcon_core.verb:set package 'package_position_process' build argument 'cmake_target' from command line to 'None'
[5.876s] Level 5:colcon.colcon_core.verb:set package 'package_position_process' build argument 'cmake_target_skip_unavailable' from command line to 'False'
[5.876s] Level 5:colcon.colcon_core.verb:set package 'package_position_process' build argument 'cmake_clean_cache' from command line to 'False'
[5.877s] Level 5:colcon.colcon_core.verb:set package 'package_position_process' build argument 'cmake_clean_first' from command line to 'False'
[5.877s] Level 5:colcon.colcon_core.verb:set package 'package_position_process' build argument 'cmake_force_configure' from command line to 'False'
[5.877s] Level 5:colcon.colcon_core.verb:set package 'package_position_process' build argument 'ament_cmake_args' from command line to 'None'
[5.877s] Level 5:colcon.colcon_core.verb:set package 'package_position_process' build argument 'catkin_cmake_args' from command line to 'None'
[5.877s] Level 5:colcon.colcon_core.verb:set package 'package_position_process' build argument 'catkin_skip_building_tests' from command line to 'False'
[5.877s] DEBUG:colcon.colcon_core.verb:Building package 'package_position_process' with the following arguments: {'ament_cmake_args': None, 'build_base': '/home/curry/wilson_proj/ros2-rover-ws/build/package_position_process', 'catkin_cmake_args': None, 'catkin_skip_building_tests': False, 'cmake_args': None, 'cmake_clean_cache': False, 'cmake_clean_first': False, 'cmake_force_configure': False, 'cmake_target': None, 'cmake_target_skip_unavailable': False, 'install_base': '/home/curry/wilson_proj/ros2-rover-ws/install/package_position_process', 'merge_install': False, 'path': '/home/curry/wilson_proj/ros2-rover-ws/src/package_position_process', 'symlink_install': False, 'test_result_base': None}
[5.880s] Level 5:colcon.colcon_core.verb:set package 'package_rover_control' build argument 'cmake_args' from command line to 'None'
[5.881s] Level 5:colcon.colcon_core.verb:set package 'package_rover_control' build argument 'cmake_target' from command line to 'None'
[5.881s] Level 5:colcon.colcon_core.verb:set package 'package_rover_control' build argument 'cmake_target_skip_unavailable' from command line to 'False'
[5.881s] Level 5:colcon.colcon_core.verb:set package 'package_rover_control' build argument 'cmake_clean_cache' from command line to 'False'
[5.882s] Level 5:colcon.colcon_core.verb:set package 'package_rover_control' build argument 'cmake_clean_first' from command line to 'False'
[5.882s] Level 5:colcon.colcon_core.verb:set package 'package_rover_control' build argument 'cmake_force_configure' from command line to 'False'
[5.882s] Level 5:colcon.colcon_core.verb:set package 'package_rover_control' build argument 'ament_cmake_args' from command line to 'None'
[5.883s] Level 5:colcon.colcon_core.verb:set package 'package_rover_control' build argument 'catkin_cmake_args' from command line to 'None'
[5.884s] Level 5:colcon.colcon_core.verb:set package 'package_rover_control' build argument 'catkin_skip_building_tests' from command line to 'False'
[5.884s] DEBUG:colcon.colcon_core.verb:Building package 'package_rover_control' with the following arguments: {'ament_cmake_args': None, 'build_base': '/home/curry/wilson_proj/ros2-rover-ws/build/package_rover_control', 'catkin_cmake_args': None, 'catkin_skip_building_tests': False, 'cmake_args': None, 'cmake_clean_cache': False, 'cmake_clean_first': False, 'cmake_force_configure': False, 'cmake_target': None, 'cmake_target_skip_unavailable': False, 'install_base': '/home/curry/wilson_proj/ros2-rover-ws/install/package_rover_control', 'merge_install': False, 'path': '/home/curry/wilson_proj/ros2-rover-ws/src/package_rover_control', 'symlink_install': False, 'test_result_base': None}
[5.888s] Level 5:colcon.colcon_core.verb:set package 'package_test' build argument 'cmake_args' from command line to 'None'
[5.889s] Level 5:colcon.colcon_core.verb:set package 'package_test' build argument 'cmake_target' from command line to 'None'
[5.889s] Level 5:colcon.colcon_core.verb:set package 'package_test' build argument 'cmake_target_skip_unavailable' from command line to 'False'
[5.889s] Level 5:colcon.colcon_core.verb:set package 'package_test' build argument 'cmake_clean_cache' from command line to 'False'
[5.890s] Level 5:colcon.colcon_core.verb:set package 'package_test' build argument 'cmake_clean_first' from command line to 'False'
[5.890s] Level 5:colcon.colcon_core.verb:set package 'package_test' build argument 'cmake_force_configure' from command line to 'False'
[5.890s] Level 5:colcon.colcon_core.verb:set package 'package_test' build argument 'ament_cmake_args' from command line to 'None'
[5.890s] Level 5:colcon.colcon_core.verb:set package 'package_test' build argument 'catkin_cmake_args' from command line to 'None'
[5.890s] Level 5:colcon.colcon_core.verb:set package 'package_test' build argument 'catkin_skip_building_tests' from command line to 'False'
[5.890s] DEBUG:colcon.colcon_core.verb:Building package 'package_test' with the following arguments: {'ament_cmake_args': None, 'build_base': '/home/curry/wilson_proj/ros2-rover-ws/build/package_test', 'catkin_cmake_args': None, 'catkin_skip_building_tests': False, 'cmake_args': None, 'cmake_clean_cache': False, 'cmake_clean_first': False, 'cmake_force_configure': False, 'cmake_target': None, 'cmake_target_skip_unavailable': False, 'install_base': '/home/curry/wilson_proj/ros2-rover-ws/install/package_test', 'merge_install': False, 'path': '/home/curry/wilson_proj/ros2-rover-ws/src/package_test', 'symlink_install': False, 'test_result_base': None}
[5.892s] INFO:colcon.colcon_core.executor:Executing jobs using 'parallel' executor
[5.897s] DEBUG:colcon.colcon_parallel_executor.executor.parallel:run_until_complete
[5.898s] INFO:colcon.colcon_ros.task.ament_cmake.build:Building ROS package in '/home/curry/wilson_proj/ros2-rover-ws/src/action_interfaces' with build type 'ament_cmake'
[5.899s] INFO:colcon.colcon_cmake.task.cmake.build:Building CMake package in '/home/curry/wilson_proj/ros2-rover-ws/src/action_interfaces'
[5.911s] INFO:colcon.colcon_core.plugin_system:Skipping extension 'colcon_core.shell.bat': Not used on non-Windows systems
[5.912s] INFO:colcon.colcon_core.shell:Skip shell extension 'powershell' for command environment: Not usable outside of PowerShell
[5.913s] DEBUG:colcon.colcon_core.shell:Skip shell extension 'dsv' for command environment
[5.948s] INFO:colcon.colcon_ros.task.ament_python.build:Building ROS package in '/home/curry/wilson_proj/ros2-rover-ws/src/package_image_process' with build type 'ament_python'
[5.950s] Level 1:colcon.colcon_core.shell:create_environment_hook('package_image_process', 'ament_prefix_path')
[5.951s] INFO:colcon.colcon_core.shell:Creating environment hook '/home/curry/wilson_proj/ros2-rover-ws/install/package_image_process/share/package_image_process/hook/ament_prefix_path.ps1'
[5.966s] INFO:colcon.colcon_core.shell:Creating environment descriptor '/home/curry/wilson_proj/ros2-rover-ws/install/package_image_process/share/package_image_process/hook/ament_prefix_path.dsv'
[5.972s] INFO:colcon.colcon_core.shell:Creating environment hook '/home/curry/wilson_proj/ros2-rover-ws/install/package_image_process/share/package_image_process/hook/ament_prefix_path.sh'
[5.975s] INFO:colcon.colcon_core.shell:Skip shell extension 'powershell' for command environment: Not usable outside of PowerShell
[5.976s] DEBUG:colcon.colcon_core.shell:Skip shell extension 'dsv' for command environment
[6.011s] INFO:colcon.colcon_ros.task.ament_cmake.build:Building ROS package in '/home/curry/wilson_proj/ros2-rover-ws/src/package_navigate_route' with build type 'ament_cmake'
[6.016s] INFO:colcon.colcon_cmake.task.cmake.build:Building CMake package in '/home/curry/wilson_proj/ros2-rover-ws/src/package_navigate_route'
[6.018s] INFO:colcon.colcon_core.shell:Skip shell extension 'powershell' for command environment: Not usable outside of PowerShell
[6.018s] DEBUG:colcon.colcon_core.shell:Skip shell extension 'dsv' for command environment
[6.064s] INFO:colcon.colcon_ros.task.ament_cmake.build:Building ROS package in '/home/curry/wilson_proj/ros2-rover-ws/src/package_position_process' with build type 'ament_cmake'
[6.065s] INFO:colcon.colcon_cmake.task.cmake.build:Building CMake package in '/home/curry/wilson_proj/ros2-rover-ws/src/package_position_process'
[6.066s] INFO:colcon.colcon_core.shell:Skip shell extension 'powershell' for command environment: Not usable outside of PowerShell
[6.067s] DEBUG:colcon.colcon_core.shell:Skip shell extension 'dsv' for command environment
[6.144s] DEBUG:colcon.colcon_core.event_handler.log_command:Invoking command in '/home/curry/wilson_proj/ros2-rover-ws/build/action_interfaces': CMAKE_PREFIX_PATH=${CMAKE_PREFIX_PATH}:/opt/ros/humble /usr/bin/cmake --build /home/curry/wilson_proj/ros2-rover-ws/build/action_interfaces -- -j4 -l4
[9.010s] INFO:colcon.colcon_core.task.python.build:Building Python package in '/home/curry/wilson_proj/ros2-rover-ws/src/package_image_process'
[9.011s] INFO:colcon.colcon_core.shell:Skip shell extension 'powershell' for command environment: Not usable outside of PowerShell
[9.011s] DEBUG:colcon.colcon_core.shell:Skip shell extension 'dsv' for command environment
[9.060s] DEBUG:colcon.colcon_core.event_handler.log_command:Invoking command in '/home/curry/wilson_proj/ros2-rover-ws/build/package_navigate_route': CMAKE_PREFIX_PATH=${CMAKE_PREFIX_PATH}:/opt/ros/humble /usr/bin/cmake --build /home/curry/wilson_proj/ros2-rover-ws/build/package_navigate_route -- -j4 -l4
[9.122s] DEBUG:colcon.colcon_core.event_handler.log_command:Invoking command in '/home/curry/wilson_proj/ros2-rover-ws/build/package_position_process': CMAKE_PREFIX_PATH=${CMAKE_PREFIX_PATH}:/opt/ros/humble /usr/bin/cmake --build /home/curry/wilson_proj/ros2-rover-ws/build/package_position_process -- -j4 -l4
[9.836s] DEBUG:colcon.colcon_core.event_handler.log_command:Invoked command in '/home/curry/wilson_proj/ros2-rover-ws/build/package_navigate_route' returned '0': CMAKE_PREFIX_PATH=${CMAKE_PREFIX_PATH}:/opt/ros/humble /usr/bin/cmake --build /home/curry/wilson_proj/ros2-rover-ws/build/package_navigate_route -- -j4 -l4
[9.864s] DEBUG:colcon.colcon_core.event_handler.log_command:Invoked command in '/home/curry/wilson_proj/ros2-rover-ws/build/package_position_process' returned '0': CMAKE_PREFIX_PATH=${CMAKE_PREFIX_PATH}:/opt/ros/humble /usr/bin/cmake --build /home/curry/wilson_proj/ros2-rover-ws/build/package_position_process -- -j4 -l4
[10.299s] DEBUG:colcon.colcon_core.event_handler.log_command:Invoking command in '/home/curry/wilson_proj/ros2-rover-ws/build/package_position_process': CMAKE_PREFIX_PATH=${CMAKE_PREFIX_PATH}:/opt/ros/humble /usr/bin/cmake --install /home/curry/wilson_proj/ros2-rover-ws/build/package_position_process
[10.327s] DEBUG:colcon.colcon_core.event_handler.log_command:Invoking command in '/home/curry/wilson_proj/ros2-rover-ws/build/package_navigate_route': CMAKE_PREFIX_PATH=${CMAKE_PREFIX_PATH}:/opt/ros/humble /usr/bin/cmake --install /home/curry/wilson_proj/ros2-rover-ws/build/package_navigate_route
[10.419s] Level 1:colcon.colcon_core.environment:create_environment_scripts_only(package_navigate_route)
[10.439s] DEBUG:colcon.colcon_core.event_handler.log_command:Invoked command in '/home/curry/wilson_proj/ros2-rover-ws/build/package_navigate_route' returned '0': CMAKE_PREFIX_PATH=${CMAKE_PREFIX_PATH}:/opt/ros/humble /usr/bin/cmake --install /home/curry/wilson_proj/ros2-rover-ws/build/package_navigate_route
[10.486s] Level 1:colcon.colcon_core.environment:checking '/home/curry/wilson_proj/ros2-rover-ws/install/package_navigate_route' for CMake module files
[10.498s] Level 1:colcon.colcon_core.environment:checking '/home/curry/wilson_proj/ros2-rover-ws/install/package_navigate_route' for CMake config files
[10.501s] Level 1:colcon.colcon_core.shell:create_environment_hook('package_navigate_route', 'cmake_prefix_path')
[10.504s] INFO:colcon.colcon_core.shell:Creating environment hook '/home/curry/wilson_proj/ros2-rover-ws/install/package_navigate_route/share/package_navigate_route/hook/cmake_prefix_path.ps1'
[10.512s] INFO:colcon.colcon_core.shell:Creating environment descriptor '/home/curry/wilson_proj/ros2-rover-ws/install/package_navigate_route/share/package_navigate_route/hook/cmake_prefix_path.dsv'
[10.514s] INFO:colcon.colcon_core.shell:Creating environment hook '/home/curry/wilson_proj/ros2-rover-ws/install/package_navigate_route/share/package_navigate_route/hook/cmake_prefix_path.sh'
[10.519s] Level 1:colcon.colcon_core.environment:checking '/home/curry/wilson_proj/ros2-rover-ws/install/package_navigate_route/lib'
[10.520s] Level 1:colcon.colcon_core.environment:checking '/home/curry/wilson_proj/ros2-rover-ws/install/package_navigate_route/bin'
[10.525s] Level 1:colcon.colcon_core.environment:checking '/home/curry/wilson_proj/ros2-rover-ws/install/package_navigate_route/lib/pkgconfig/package_navigate_route.pc'
[10.527s] Level 1:colcon.colcon_core.environment:checking '/home/curry/wilson_proj/ros2-rover-ws/install/package_navigate_route/lib/python3.10/site-packages'
[10.530s] Level 1:colcon.colcon_core.environment:checking '/home/curry/wilson_proj/ros2-rover-ws/install/package_navigate_route/bin'
[10.537s] INFO:colcon.colcon_core.shell:Creating package script '/home/curry/wilson_proj/ros2-rover-ws/install/package_navigate_route/share/package_navigate_route/package.ps1'
[10.542s] INFO:colcon.colcon_core.shell:Creating package descriptor '/home/curry/wilson_proj/ros2-rover-ws/install/package_navigate_route/share/package_navigate_route/package.dsv'
[10.550s] INFO:colcon.colcon_core.shell:Creating package script '/home/curry/wilson_proj/ros2-rover-ws/install/package_navigate_route/share/package_navigate_route/package.sh'
[10.555s] INFO:colcon.colcon_core.shell:Creating package script '/home/curry/wilson_proj/ros2-rover-ws/install/package_navigate_route/share/package_navigate_route/package.bash'
[10.569s] INFO:colcon.colcon_core.shell:Creating package script '/home/curry/wilson_proj/ros2-rover-ws/install/package_navigate_route/share/package_navigate_route/package.zsh'
[10.580s] Level 1:colcon.colcon_core.environment:create_file_with_runtime_dependencies(/home/curry/wilson_proj/ros2-rover-ws/install/package_navigate_route/share/colcon-core/packages/package_navigate_route)
[10.607s] Level 1:colcon.colcon_core.environment:create_environment_scripts_only(package_position_process)
[10.616s] Level 1:colcon.colcon_core.environment:checking '/home/curry/wilson_proj/ros2-rover-ws/install/package_position_process' for CMake module files
[10.621s] Level 1:colcon.colcon_core.environment:checking '/home/curry/wilson_proj/ros2-rover-ws/install/package_position_process' for CMake config files
[10.614s] DEBUG:colcon.colcon_core.event_handler.log_command:Invoked command in '/home/curry/wilson_proj/ros2-rover-ws/build/package_position_process' returned '0': CMAKE_PREFIX_PATH=${CMAKE_PREFIX_PATH}:/opt/ros/humble /usr/bin/cmake --install /home/curry/wilson_proj/ros2-rover-ws/build/package_position_process
[10.625s] Level 1:colcon.colcon_core.shell:create_environment_hook('package_position_process', 'cmake_prefix_path')
[10.627s] INFO:colcon.colcon_core.shell:Creating environment hook '/home/curry/wilson_proj/ros2-rover-ws/install/package_position_process/share/package_position_process/hook/cmake_prefix_path.ps1'
[10.632s] INFO:colcon.colcon_core.shell:Creating environment descriptor '/home/curry/wilson_proj/ros2-rover-ws/install/package_position_process/share/package_position_process/hook/cmake_prefix_path.dsv'
[10.635s] INFO:colcon.colcon_core.shell:Creating environment hook '/home/curry/wilson_proj/ros2-rover-ws/install/package_position_process/share/package_position_process/hook/cmake_prefix_path.sh'
[10.647s] Level 1:colcon.colcon_core.environment:checking '/home/curry/wilson_proj/ros2-rover-ws/install/package_position_process/lib'
[10.650s] Level 1:colcon.colcon_core.environment:checking '/home/curry/wilson_proj/ros2-rover-ws/install/package_position_process/bin'
[10.650s] Level 1:colcon.colcon_core.environment:checking '/home/curry/wilson_proj/ros2-rover-ws/install/package_position_process/lib/pkgconfig/package_position_process.pc'
[10.655s] Level 1:colcon.colcon_core.environment:checking '/home/curry/wilson_proj/ros2-rover-ws/install/package_position_process/lib/python3.10/site-packages'
[10.656s] Level 1:colcon.colcon_core.environment:checking '/home/curry/wilson_proj/ros2-rover-ws/install/package_position_process/bin'
[10.660s] INFO:colcon.colcon_core.shell:Creating package script '/home/curry/wilson_proj/ros2-rover-ws/install/package_position_process/share/package_position_process/package.ps1'
[10.666s] INFO:colcon.colcon_core.shell:Creating package descriptor '/home/curry/wilson_proj/ros2-rover-ws/install/package_position_process/share/package_position_process/package.dsv'
[10.671s] INFO:colcon.colcon_core.shell:Creating package script '/home/curry/wilson_proj/ros2-rover-ws/install/package_position_process/share/package_position_process/package.sh'
[10.675s] INFO:colcon.colcon_core.shell:Creating package script '/home/curry/wilson_proj/ros2-rover-ws/install/package_position_process/share/package_position_process/package.bash'
[10.678s] INFO:colcon.colcon_core.shell:Creating package script '/home/curry/wilson_proj/ros2-rover-ws/install/package_position_process/share/package_position_process/package.zsh'
[10.681s] Level 1:colcon.colcon_core.environment:create_file_with_runtime_dependencies(/home/curry/wilson_proj/ros2-rover-ws/install/package_position_process/share/colcon-core/packages/package_position_process)
[10.985s] Level 1:colcon.colcon_core.environment:create_environment_scripts_only(package_navigate_route)
[10.986s] Level 1:colcon.colcon_core.environment:checking '/home/curry/wilson_proj/ros2-rover-ws/install/package_navigate_route' for CMake module files
[10.999s] Level 1:colcon.colcon_core.environment:checking '/home/curry/wilson_proj/ros2-rover-ws/install/package_navigate_route' for CMake config files
[11.011s] Level 1:colcon.colcon_core.shell:create_environment_hook('package_navigate_route', 'cmake_prefix_path')
[11.014s] INFO:colcon.colcon_core.shell:Creating environment hook '/home/curry/wilson_proj/ros2-rover-ws/install/package_navigate_route/share/package_navigate_route/hook/cmake_prefix_path.ps1'
[11.020s] INFO:colcon.colcon_core.shell:Creating environment descriptor '/home/curry/wilson_proj/ros2-rover-ws/install/package_navigate_route/share/package_navigate_route/hook/cmake_prefix_path.dsv'
[11.031s] INFO:colcon.colcon_core.shell:Creating environment hook '/home/curry/wilson_proj/ros2-rover-ws/install/package_navigate_route/share/package_navigate_route/hook/cmake_prefix_path.sh'
[11.039s] Level 1:colcon.colcon_core.environment:checking '/home/curry/wilson_proj/ros2-rover-ws/install/package_navigate_route/lib'
[11.045s] Level 1:colcon.colcon_core.environment:checking '/home/curry/wilson_proj/ros2-rover-ws/install/package_navigate_route/bin'
[11.046s] Level 1:colcon.colcon_core.environment:checking '/home/curry/wilson_proj/ros2-rover-ws/install/package_navigate_route/lib/pkgconfig/package_navigate_route.pc'
[11.053s] Level 1:colcon.colcon_core.environment:checking '/home/curry/wilson_proj/ros2-rover-ws/install/package_navigate_route/lib/python3.10/site-packages'
[11.054s] Level 1:colcon.colcon_core.environment:checking '/home/curry/wilson_proj/ros2-rover-ws/install/package_navigate_route/bin'
[11.059s] INFO:colcon.colcon_core.shell:Creating package script '/home/curry/wilson_proj/ros2-rover-ws/install/package_navigate_route/share/package_navigate_route/package.ps1'
[11.064s] INFO:colcon.colcon_core.shell:Creating package descriptor '/home/curry/wilson_proj/ros2-rover-ws/install/package_navigate_route/share/package_navigate_route/package.dsv'
[11.066s] INFO:colcon.colcon_core.shell:Creating package script '/home/curry/wilson_proj/ros2-rover-ws/install/package_navigate_route/share/package_navigate_route/package.sh'
[11.081s] INFO:colcon.colcon_core.shell:Creating package script '/home/curry/wilson_proj/ros2-rover-ws/install/package_navigate_route/share/package_navigate_route/package.bash'
[11.094s] INFO:colcon.colcon_core.shell:Creating package script '/home/curry/wilson_proj/ros2-rover-ws/install/package_navigate_route/share/package_navigate_route/package.zsh'
[11.117s] Level 1:colcon.colcon_core.environment:create_file_with_runtime_dependencies(/home/curry/wilson_proj/ros2-rover-ws/install/package_navigate_route/share/colcon-core/packages/package_navigate_route)
[11.135s] INFO:colcon.colcon_ros.task.ament_cmake.build:Building ROS package in '/home/curry/wilson_proj/ros2-rover-ws/src/package_rover_control' with build type 'ament_cmake'
[11.145s] INFO:colcon.colcon_cmake.task.cmake.build:Building CMake package in '/home/curry/wilson_proj/ros2-rover-ws/src/package_rover_control'
[11.147s] INFO:colcon.colcon_core.shell:Skip shell extension 'powershell' for command environment: Not usable outside of PowerShell
[11.147s] DEBUG:colcon.colcon_core.shell:Skip shell extension 'dsv' for command environment
[11.203s] Level 1:colcon.colcon_core.environment:create_environment_scripts_only(package_position_process)
[11.205s] Level 1:colcon.colcon_core.environment:checking '/home/curry/wilson_proj/ros2-rover-ws/install/package_position_process' for CMake module files
[11.211s] Level 1:colcon.colcon_core.environment:checking '/home/curry/wilson_proj/ros2-rover-ws/install/package_position_process' for CMake config files
[11.214s] Level 1:colcon.colcon_core.shell:create_environment_hook('package_position_process', 'cmake_prefix_path')
[11.216s] INFO:colcon.colcon_core.shell:Creating environment hook '/home/curry/wilson_proj/ros2-rover-ws/install/package_position_process/share/package_position_process/hook/cmake_prefix_path.ps1'
[11.219s] INFO:colcon.colcon_core.shell:Creating environment descriptor '/home/curry/wilson_proj/ros2-rover-ws/install/package_position_process/share/package_position_process/hook/cmake_prefix_path.dsv'
[11.233s] INFO:colcon.colcon_core.shell:Creating environment hook '/home/curry/wilson_proj/ros2-rover-ws/install/package_position_process/share/package_position_process/hook/cmake_prefix_path.sh'
[11.237s] Level 1:colcon.colcon_core.environment:checking '/home/curry/wilson_proj/ros2-rover-ws/install/package_position_process/lib'
[11.237s] Level 1:colcon.colcon_core.environment:checking '/home/curry/wilson_proj/ros2-rover-ws/install/package_position_process/bin'
[11.238s] Level 1:colcon.colcon_core.environment:checking '/home/curry/wilson_proj/ros2-rover-ws/install/package_position_process/lib/pkgconfig/package_position_process.pc'
[11.239s] Level 1:colcon.colcon_core.environment:checking '/home/curry/wilson_proj/ros2-rover-ws/install/package_position_process/lib/python3.10/site-packages'
[11.240s] Level 1:colcon.colcon_core.environment:checking '/home/curry/wilson_proj/ros2-rover-ws/install/package_position_process/bin'
[11.243s] INFO:colcon.colcon_core.shell:Creating package script '/home/curry/wilson_proj/ros2-rover-ws/install/package_position_process/share/package_position_process/package.ps1'
[11.258s] INFO:colcon.colcon_core.shell:Creating package descriptor '/home/curry/wilson_proj/ros2-rover-ws/install/package_position_process/share/package_position_process/package.dsv'
[11.264s] INFO:colcon.colcon_core.shell:Creating package script '/home/curry/wilson_proj/ros2-rover-ws/install/package_position_process/share/package_position_process/package.sh'
[11.273s] INFO:colcon.colcon_core.shell:Creating package script '/home/curry/wilson_proj/ros2-rover-ws/install/package_position_process/share/package_position_process/package.bash'
[11.283s] INFO:colcon.colcon_core.shell:Creating package script '/home/curry/wilson_proj/ros2-rover-ws/install/package_position_process/share/package_position_process/package.zsh'
[11.288s] Level 1:colcon.colcon_core.environment:create_file_with_runtime_dependencies(/home/curry/wilson_proj/ros2-rover-ws/install/package_position_process/share/colcon-core/packages/package_position_process)
[11.305s] INFO:colcon.colcon_ros.task.ament_cmake.build:Building ROS package in '/home/curry/wilson_proj/ros2-rover-ws/src/package_test' with build type 'ament_cmake'
[11.311s] INFO:colcon.colcon_cmake.task.cmake.build:Building CMake package in '/home/curry/wilson_proj/ros2-rover-ws/src/package_test'
[11.312s] INFO:colcon.colcon_core.shell:Skip shell extension 'powershell' for command environment: Not usable outside of PowerShell
[11.313s] DEBUG:colcon.colcon_core.shell:Skip shell extension 'dsv' for command environment
[11.365s] DEBUG:colcon.colcon_core.event_handler.log_command:Invoking command in '/home/curry/wilson_proj/ros2-rover-ws/build/package_rover_control': CMAKE_PREFIX_PATH=${CMAKE_PREFIX_PATH}:/opt/ros/humble /usr/bin/cmake --build /home/curry/wilson_proj/ros2-rover-ws/build/package_rover_control -- -j4 -l4
[11.440s] DEBUG:colcon.colcon_core.event_handler.log_command:Invoking command in '/home/curry/wilson_proj/ros2-rover-ws/build/package_test': CMAKE_PREFIX_PATH=${CMAKE_PREFIX_PATH}:/opt/ros/humble /usr/bin/cmake --build /home/curry/wilson_proj/ros2-rover-ws/build/package_test -- -j4 -l4
[13.050s] DEBUG:colcon.colcon_core.event_handler.log_command:Invoked command in '/home/curry/wilson_proj/ros2-rover-ws/build/package_rover_control' returned '0': CMAKE_PREFIX_PATH=${CMAKE_PREFIX_PATH}:/opt/ros/humble /usr/bin/cmake --build /home/curry/wilson_proj/ros2-rover-ws/build/package_rover_control -- -j4 -l4
[13.263s] DEBUG:colcon.colcon_core.event_handler.log_command:Invoked command in '/home/curry/wilson_proj/ros2-rover-ws/build/package_test' returned '0': CMAKE_PREFIX_PATH=${CMAKE_PREFIX_PATH}:/opt/ros/humble /usr/bin/cmake --build /home/curry/wilson_proj/ros2-rover-ws/build/package_test -- -j4 -l4
[13.525s] DEBUG:colcon.colcon_core.event_handler.log_command:Invoking command in '/home/curry/wilson_proj/ros2-rover-ws/build/package_rover_control': CMAKE_PREFIX_PATH=${CMAKE_PREFIX_PATH}:/opt/ros/humble /usr/bin/cmake --install /home/curry/wilson_proj/ros2-rover-ws/build/package_rover_control
[13.752s] Level 1:colcon.colcon_core.environment:create_environment_scripts_only(package_rover_control)
[13.755s] Level 1:colcon.colcon_core.environment:checking '/home/curry/wilson_proj/ros2-rover-ws/install/package_rover_control' for CMake module files
[13.761s] Level 1:colcon.colcon_core.environment:checking '/home/curry/wilson_proj/ros2-rover-ws/install/package_rover_control' for CMake config files
[13.768s] DEBUG:colcon.colcon_core.event_handler.log_command:Invoked command in '/home/curry/wilson_proj/ros2-rover-ws/build/package_rover_control' returned '0': CMAKE_PREFIX_PATH=${CMAKE_PREFIX_PATH}:/opt/ros/humble /usr/bin/cmake --install /home/curry/wilson_proj/ros2-rover-ws/build/package_rover_control
[13.773s] Level 1:colcon.colcon_core.shell:create_environment_hook('package_rover_control', 'cmake_prefix_path')
[13.775s] INFO:colcon.colcon_core.shell:Creating environment hook '/home/curry/wilson_proj/ros2-rover-ws/install/package_rover_control/share/package_rover_control/hook/cmake_prefix_path.ps1'
[13.784s] INFO:colcon.colcon_core.shell:Creating environment descriptor '/home/curry/wilson_proj/ros2-rover-ws/install/package_rover_control/share/package_rover_control/hook/cmake_prefix_path.dsv'
[13.796s] INFO:colcon.colcon_core.shell:Creating environment hook '/home/curry/wilson_proj/ros2-rover-ws/install/package_rover_control/share/package_rover_control/hook/cmake_prefix_path.sh'
[13.802s] Level 1:colcon.colcon_core.environment:checking '/home/curry/wilson_proj/ros2-rover-ws/install/package_rover_control/lib'
[13.803s] Level 1:colcon.colcon_core.shell:create_environment_hook('package_rover_control', 'ld_library_path_lib')
[13.805s] INFO:colcon.colcon_core.shell:Creating environment hook '/home/curry/wilson_proj/ros2-rover-ws/install/package_rover_control/share/package_rover_control/hook/ld_library_path_lib.ps1'
[13.815s] INFO:colcon.colcon_core.shell:Creating environment descriptor '/home/curry/wilson_proj/ros2-rover-ws/install/package_rover_control/share/package_rover_control/hook/ld_library_path_lib.dsv'
[13.826s] INFO:colcon.colcon_core.shell:Creating environment hook '/home/curry/wilson_proj/ros2-rover-ws/install/package_rover_control/share/package_rover_control/hook/ld_library_path_lib.sh'
[13.831s] Level 1:colcon.colcon_core.environment:checking '/home/curry/wilson_proj/ros2-rover-ws/install/package_rover_control/bin'
[13.836s] Level 1:colcon.colcon_core.environment:checking '/home/curry/wilson_proj/ros2-rover-ws/install/package_rover_control/lib/pkgconfig/package_rover_control.pc'
[13.839s] Level 1:colcon.colcon_core.environment:checking '/home/curry/wilson_proj/ros2-rover-ws/install/package_rover_control/lib/python3.10/site-packages'
[13.841s] Level 1:colcon.colcon_core.environment:checking '/home/curry/wilson_proj/ros2-rover-ws/install/package_rover_control/bin'
[13.847s] INFO:colcon.colcon_core.shell:Creating package script '/home/curry/wilson_proj/ros2-rover-ws/install/package_rover_control/share/package_rover_control/package.ps1'
[13.856s] INFO:colcon.colcon_core.shell:Creating package descriptor '/home/curry/wilson_proj/ros2-rover-ws/install/package_rover_control/share/package_rover_control/package.dsv'
[13.887s] INFO:colcon.colcon_core.shell:Creating package script '/home/curry/wilson_proj/ros2-rover-ws/install/package_rover_control/share/package_rover_control/package.sh'
[13.892s] INFO:colcon.colcon_core.shell:Creating package script '/home/curry/wilson_proj/ros2-rover-ws/install/package_rover_control/share/package_rover_control/package.bash'
[13.899s] INFO:colcon.colcon_core.shell:Creating package script '/home/curry/wilson_proj/ros2-rover-ws/install/package_rover_control/share/package_rover_control/package.zsh'
[13.909s] Level 1:colcon.colcon_core.environment:create_file_with_runtime_dependencies(/home/curry/wilson_proj/ros2-rover-ws/install/package_rover_control/share/colcon-core/packages/package_rover_control)
[13.950s] DEBUG:colcon.colcon_core.event_handler.log_command:Invoking command in '/home/curry/wilson_proj/ros2-rover-ws/build/package_test': CMAKE_PREFIX_PATH=${CMAKE_PREFIX_PATH}:/opt/ros/humble /usr/bin/cmake --install /home/curry/wilson_proj/ros2-rover-ws/build/package_test
[14.136s] Level 1:colcon.colcon_core.environment:create_environment_scripts_only(package_test)
[14.138s] Level 1:colcon.colcon_core.environment:checking '/home/curry/wilson_proj/ros2-rover-ws/install/package_test' for CMake module files
[14.153s] DEBUG:colcon.colcon_core.event_handler.log_command:Invoking command in '/home/curry/wilson_proj/ros2-rover-ws/src/package_image_process': PYTHONPATH=/home/curry/wilson_proj/ros2-rover-ws/build/package_image_process/prefix_override:/usr/lib/python3/dist-packages/colcon_core/task/python/colcon_distutils_commands:/home/curry/wilson_proj/ros2-rover-ws/install/package_image_process/lib/python3.10/site-packages:${PYTHONPATH} /usr/bin/python3 -W ignore:setup.py install is deprecated -W ignore:easy_install command is deprecated setup.py egg_info --egg-base ../../build/package_image_process build --build-base /home/curry/wilson_proj/ros2-rover-ws/build/package_image_process/build install --record /home/curry/wilson_proj/ros2-rover-ws/build/package_image_process/install.log --single-version-externally-managed install_data
[14.168s] Level 1:colcon.colcon_core.environment:checking '/home/curry/wilson_proj/ros2-rover-ws/install/package_test' for CMake config files
[14.171s] Level 1:colcon.colcon_core.shell:create_environment_hook('package_test', 'cmake_prefix_path')
[14.182s] INFO:colcon.colcon_core.shell:Creating environment hook '/home/curry/wilson_proj/ros2-rover-ws/install/package_test/share/package_test/hook/cmake_prefix_path.ps1'
[14.199s] INFO:colcon.colcon_core.shell:Creating environment descriptor '/home/curry/wilson_proj/ros2-rover-ws/install/package_test/share/package_test/hook/cmake_prefix_path.dsv'
[14.207s] DEBUG:colcon.colcon_core.event_handler.log_command:Invoked command in '/home/curry/wilson_proj/ros2-rover-ws/build/package_test' returned '0': CMAKE_PREFIX_PATH=${CMAKE_PREFIX_PATH}:/opt/ros/humble /usr/bin/cmake --install /home/curry/wilson_proj/ros2-rover-ws/build/package_test
[14.217s] INFO:colcon.colcon_core.shell:Creating environment hook '/home/curry/wilson_proj/ros2-rover-ws/install/package_test/share/package_test/hook/cmake_prefix_path.sh'
[14.221s] Level 1:colcon.colcon_core.environment:checking '/home/curry/wilson_proj/ros2-rover-ws/install/package_test/lib'
[14.221s] Level 1:colcon.colcon_core.environment:checking '/home/curry/wilson_proj/ros2-rover-ws/install/package_test/bin'
[14.222s] Level 1:colcon.colcon_core.environment:checking '/home/curry/wilson_proj/ros2-rover-ws/install/package_test/lib/pkgconfig/package_test.pc'
[14.229s] Level 1:colcon.colcon_core.environment:checking '/home/curry/wilson_proj/ros2-rover-ws/install/package_test/lib/python3.10/site-packages'
[14.231s] Level 1:colcon.colcon_core.environment:checking '/home/curry/wilson_proj/ros2-rover-ws/install/package_test/bin'
[14.239s] INFO:colcon.colcon_core.shell:Creating package script '/home/curry/wilson_proj/ros2-rover-ws/install/package_test/share/package_test/package.ps1'
[14.250s] INFO:colcon.colcon_core.shell:Creating package descriptor '/home/curry/wilson_proj/ros2-rover-ws/install/package_test/share/package_test/package.dsv'
[14.254s] INFO:colcon.colcon_core.shell:Creating package script '/home/curry/wilson_proj/ros2-rover-ws/install/package_test/share/package_test/package.sh'
[14.259s] INFO:colcon.colcon_core.shell:Creating package script '/home/curry/wilson_proj/ros2-rover-ws/install/package_test/share/package_test/package.bash'
[14.263s] INFO:colcon.colcon_core.shell:Creating package script '/home/curry/wilson_proj/ros2-rover-ws/install/package_test/share/package_test/package.zsh'
[14.268s] Level 1:colcon.colcon_core.environment:create_file_with_runtime_dependencies(/home/curry/wilson_proj/ros2-rover-ws/install/package_test/share/colcon-core/packages/package_test)
[14.500s] Level 1:colcon.colcon_core.environment:create_environment_scripts_only(package_rover_control)
[14.505s] Level 1:colcon.colcon_core.environment:checking '/home/curry/wilson_proj/ros2-rover-ws/install/package_rover_control' for CMake module files
[14.514s] Level 1:colcon.colcon_core.environment:checking '/home/curry/wilson_proj/ros2-rover-ws/install/package_rover_control' for CMake config files
[14.519s] Level 1:colcon.colcon_core.shell:create_environment_hook('package_rover_control', 'cmake_prefix_path')
[14.529s] INFO:colcon.colcon_core.shell:Creating environment hook '/home/curry/wilson_proj/ros2-rover-ws/install/package_rover_control/share/package_rover_control/hook/cmake_prefix_path.ps1'
[14.532s] INFO:colcon.colcon_core.shell:Creating environment descriptor '/home/curry/wilson_proj/ros2-rover-ws/install/package_rover_control/share/package_rover_control/hook/cmake_prefix_path.dsv'
[14.538s] INFO:colcon.colcon_core.shell:Creating environment hook '/home/curry/wilson_proj/ros2-rover-ws/install/package_rover_control/share/package_rover_control/hook/cmake_prefix_path.sh'
[14.547s] Level 1:colcon.colcon_core.environment:checking '/home/curry/wilson_proj/ros2-rover-ws/install/package_rover_control/lib'
[14.548s] Level 1:colcon.colcon_core.shell:create_environment_hook('package_rover_control', 'ld_library_path_lib')
[14.549s] INFO:colcon.colcon_core.shell:Creating environment hook '/home/curry/wilson_proj/ros2-rover-ws/install/package_rover_control/share/package_rover_control/hook/ld_library_path_lib.ps1'
[14.553s] INFO:colcon.colcon_core.shell:Creating environment descriptor '/home/curry/wilson_proj/ros2-rover-ws/install/package_rover_control/share/package_rover_control/hook/ld_library_path_lib.dsv'
[14.560s] INFO:colcon.colcon_core.shell:Creating environment hook '/home/curry/wilson_proj/ros2-rover-ws/install/package_rover_control/share/package_rover_control/hook/ld_library_path_lib.sh'
[14.564s] Level 1:colcon.colcon_core.environment:checking '/home/curry/wilson_proj/ros2-rover-ws/install/package_rover_control/bin'
[14.565s] Level 1:colcon.colcon_core.environment:checking '/home/curry/wilson_proj/ros2-rover-ws/install/package_rover_control/lib/pkgconfig/package_rover_control.pc'
[14.567s] Level 1:colcon.colcon_core.environment:checking '/home/curry/wilson_proj/ros2-rover-ws/install/package_rover_control/lib/python3.10/site-packages'
[14.569s] Level 1:colcon.colcon_core.environment:checking '/home/curry/wilson_proj/ros2-rover-ws/install/package_rover_control/bin'
[14.571s] INFO:colcon.colcon_core.shell:Creating package script '/home/curry/wilson_proj/ros2-rover-ws/install/package_rover_control/share/package_rover_control/package.ps1'
[14.586s] INFO:colcon.colcon_core.shell:Creating package descriptor '/home/curry/wilson_proj/ros2-rover-ws/install/package_rover_control/share/package_rover_control/package.dsv'
[14.596s] INFO:colcon.colcon_core.shell:Creating package script '/home/curry/wilson_proj/ros2-rover-ws/install/package_rover_control/share/package_rover_control/package.sh'
[14.599s] INFO:colcon.colcon_core.shell:Creating package script '/home/curry/wilson_proj/ros2-rover-ws/install/package_rover_control/share/package_rover_control/package.bash'
[14.605s] INFO:colcon.colcon_core.shell:Creating package script '/home/curry/wilson_proj/ros2-rover-ws/install/package_rover_control/share/package_rover_control/package.zsh'
[14.611s] Level 1:colcon.colcon_core.environment:create_file_with_runtime_dependencies(/home/curry/wilson_proj/ros2-rover-ws/install/package_rover_control/share/colcon-core/packages/package_rover_control)
[14.634s] DEBUG:colcon.colcon_core.event_handler.log_command:Invoked command in '/home/curry/wilson_proj/ros2-rover-ws/build/action_interfaces' returned '0': CMAKE_PREFIX_PATH=${CMAKE_PREFIX_PATH}:/opt/ros/humble /usr/bin/cmake --build /home/curry/wilson_proj/ros2-rover-ws/build/action_interfaces -- -j4 -l4
[14.766s] Level 1:colcon.colcon_core.environment:create_environment_scripts_only(package_test)
[14.767s] Level 1:colcon.colcon_core.environment:checking '/home/curry/wilson_proj/ros2-rover-ws/install/package_test' for CMake module files
[14.772s] Level 1:colcon.colcon_core.environment:checking '/home/curry/wilson_proj/ros2-rover-ws/install/package_test' for CMake config files
[14.791s] Level 1:colcon.colcon_core.shell:create_environment_hook('package_test', 'cmake_prefix_path')
[14.793s] INFO:colcon.colcon_core.shell:Creating environment hook '/home/curry/wilson_proj/ros2-rover-ws/install/package_test/share/package_test/hook/cmake_prefix_path.ps1'
[14.800s] INFO:colcon.colcon_core.shell:Creating environment descriptor '/home/curry/wilson_proj/ros2-rover-ws/install/package_test/share/package_test/hook/cmake_prefix_path.dsv'
[14.804s] INFO:colcon.colcon_core.shell:Creating environment hook '/home/curry/wilson_proj/ros2-rover-ws/install/package_test/share/package_test/hook/cmake_prefix_path.sh'
[14.815s] Level 1:colcon.colcon_core.environment:checking '/home/curry/wilson_proj/ros2-rover-ws/install/package_test/lib'
[14.816s] Level 1:colcon.colcon_core.environment:checking '/home/curry/wilson_proj/ros2-rover-ws/install/package_test/bin'
[14.816s] Level 1:colcon.colcon_core.environment:checking '/home/curry/wilson_proj/ros2-rover-ws/install/package_test/lib/pkgconfig/package_test.pc'
[14.817s] Level 1:colcon.colcon_core.environment:checking '/home/curry/wilson_proj/ros2-rover-ws/install/package_test/lib/python3.10/site-packages'
[14.819s] Level 1:colcon.colcon_core.environment:checking '/home/curry/wilson_proj/ros2-rover-ws/install/package_test/bin'
[14.820s] INFO:colcon.colcon_core.shell:Creating package script '/home/curry/wilson_proj/ros2-rover-ws/install/package_test/share/package_test/package.ps1'
[14.823s] INFO:colcon.colcon_core.shell:Creating package descriptor '/home/curry/wilson_proj/ros2-rover-ws/install/package_test/share/package_test/package.dsv'
[14.840s] INFO:colcon.colcon_core.shell:Creating package script '/home/curry/wilson_proj/ros2-rover-ws/install/package_test/share/package_test/package.sh'
[14.854s] INFO:colcon.colcon_core.shell:Creating package script '/home/curry/wilson_proj/ros2-rover-ws/install/package_test/share/package_test/package.bash'
[14.859s] INFO:colcon.colcon_core.shell:Creating package script '/home/curry/wilson_proj/ros2-rover-ws/install/package_test/share/package_test/package.zsh'
[14.862s] Level 1:colcon.colcon_core.environment:create_file_with_runtime_dependencies(/home/curry/wilson_proj/ros2-rover-ws/install/package_test/share/colcon-core/packages/package_test)
[15.356s] DEBUG:colcon.colcon_core.event_handler.log_command:Invoking command in '/home/curry/wilson_proj/ros2-rover-ws/build/action_interfaces': CMAKE_PREFIX_PATH=${CMAKE_PREFIX_PATH}:/opt/ros/humble /usr/bin/cmake --install /home/curry/wilson_proj/ros2-rover-ws/build/action_interfaces
[15.802s] Level 1:colcon.colcon_core.environment:create_environment_scripts_only(action_interfaces)
[15.803s] Level 1:colcon.colcon_core.environment:checking '/home/curry/wilson_proj/ros2-rover-ws/install/action_interfaces' for CMake module files
[15.808s] Level 1:colcon.colcon_core.environment:checking '/home/curry/wilson_proj/ros2-rover-ws/install/action_interfaces' for CMake config files
[15.812s] Level 1:colcon.colcon_core.shell:create_environment_hook('action_interfaces', 'cmake_prefix_path')
[15.814s] INFO:colcon.colcon_core.shell:Creating environment hook '/home/curry/wilson_proj/ros2-rover-ws/install/action_interfaces/share/action_interfaces/hook/cmake_prefix_path.ps1'
[15.817s] DEBUG:colcon.colcon_core.event_handler.log_command:Invoked command in '/home/curry/wilson_proj/ros2-rover-ws/build/action_interfaces' returned '0': CMAKE_PREFIX_PATH=${CMAKE_PREFIX_PATH}:/opt/ros/humble /usr/bin/cmake --install /home/curry/wilson_proj/ros2-rover-ws/build/action_interfaces
[15.817s] INFO:colcon.colcon_core.shell:Creating environment descriptor '/home/curry/wilson_proj/ros2-rover-ws/install/action_interfaces/share/action_interfaces/hook/cmake_prefix_path.dsv'
[15.819s] INFO:colcon.colcon_core.shell:Creating environment hook '/home/curry/wilson_proj/ros2-rover-ws/install/action_interfaces/share/action_interfaces/hook/cmake_prefix_path.sh'
[15.822s] Level 1:colcon.colcon_core.environment:checking '/home/curry/wilson_proj/ros2-rover-ws/install/action_interfaces/lib'
[15.823s] Level 1:colcon.colcon_core.shell:create_environment_hook('action_interfaces', 'ld_library_path_lib')
[15.824s] INFO:colcon.colcon_core.shell:Creating environment hook '/home/curry/wilson_proj/ros2-rover-ws/install/action_interfaces/share/action_interfaces/hook/ld_library_path_lib.ps1'
[15.826s] INFO:colcon.colcon_core.shell:Creating environment descriptor '/home/curry/wilson_proj/ros2-rover-ws/install/action_interfaces/share/action_interfaces/hook/ld_library_path_lib.dsv'
[15.828s] INFO:colcon.colcon_core.shell:Creating environment hook '/home/curry/wilson_proj/ros2-rover-ws/install/action_interfaces/share/action_interfaces/hook/ld_library_path_lib.sh'
[15.831s] Level 1:colcon.colcon_core.environment:checking '/home/curry/wilson_proj/ros2-rover-ws/install/action_interfaces/bin'
[15.831s] Level 1:colcon.colcon_core.environment:checking '/home/curry/wilson_proj/ros2-rover-ws/install/action_interfaces/lib/pkgconfig/action_interfaces.pc'
[15.832s] Level 1:colcon.colcon_core.environment:checking '/home/curry/wilson_proj/ros2-rover-ws/install/action_interfaces/lib/python3.10/site-packages'
[15.832s] Level 1:colcon.colcon_core.shell:create_environment_hook('action_interfaces', 'pythonpath')
[15.833s] INFO:colcon.colcon_core.shell:Creating environment hook '/home/curry/wilson_proj/ros2-rover-ws/install/action_interfaces/share/action_interfaces/hook/pythonpath.ps1'
[15.835s] INFO:colcon.colcon_core.shell:Creating environment descriptor '/home/curry/wilson_proj/ros2-rover-ws/install/action_interfaces/share/action_interfaces/hook/pythonpath.dsv'
[15.837s] INFO:colcon.colcon_core.shell:Creating environment hook '/home/curry/wilson_proj/ros2-rover-ws/install/action_interfaces/share/action_interfaces/hook/pythonpath.sh'
[15.841s] Level 1:colcon.colcon_core.environment:checking '/home/curry/wilson_proj/ros2-rover-ws/install/action_interfaces/bin'
[15.842s] INFO:colcon.colcon_core.shell:Creating package script '/home/curry/wilson_proj/ros2-rover-ws/install/action_interfaces/share/action_interfaces/package.ps1'
[15.845s] INFO:colcon.colcon_core.shell:Creating package descriptor '/home/curry/wilson_proj/ros2-rover-ws/install/action_interfaces/share/action_interfaces/package.dsv'
[15.848s] INFO:colcon.colcon_core.shell:Creating package script '/home/curry/wilson_proj/ros2-rover-ws/install/action_interfaces/share/action_interfaces/package.sh'
[15.851s] INFO:colcon.colcon_core.shell:Creating package script '/home/curry/wilson_proj/ros2-rover-ws/install/action_interfaces/share/action_interfaces/package.bash'
[15.853s] INFO:colcon.colcon_core.shell:Creating package script '/home/curry/wilson_proj/ros2-rover-ws/install/action_interfaces/share/action_interfaces/package.zsh'
[15.855s] Level 1:colcon.colcon_core.environment:create_file_with_runtime_dependencies(/home/curry/wilson_proj/ros2-rover-ws/install/action_interfaces/share/colcon-core/packages/action_interfaces)
[16.235s] Level 1:colcon.colcon_core.environment:create_environment_scripts_only(action_interfaces)
[16.236s] Level 1:colcon.colcon_core.environment:checking '/home/curry/wilson_proj/ros2-rover-ws/install/action_interfaces' for CMake module files
[16.240s] Level 1:colcon.colcon_core.environment:checking '/home/curry/wilson_proj/ros2-rover-ws/install/action_interfaces' for CMake config files
[16.245s] Level 1:colcon.colcon_core.shell:create_environment_hook('action_interfaces', 'cmake_prefix_path')
[16.246s] INFO:colcon.colcon_core.shell:Creating environment hook '/home/curry/wilson_proj/ros2-rover-ws/install/action_interfaces/share/action_interfaces/hook/cmake_prefix_path.ps1'
[16.249s] INFO:colcon.colcon_core.shell:Creating environment descriptor '/home/curry/wilson_proj/ros2-rover-ws/install/action_interfaces/share/action_interfaces/hook/cmake_prefix_path.dsv'
[16.251s] INFO:colcon.colcon_core.shell:Creating environment hook '/home/curry/wilson_proj/ros2-rover-ws/install/action_interfaces/share/action_interfaces/hook/cmake_prefix_path.sh'
[16.254s] Level 1:colcon.colcon_core.environment:checking '/home/curry/wilson_proj/ros2-rover-ws/install/action_interfaces/lib'
[16.255s] Level 1:colcon.colcon_core.shell:create_environment_hook('action_interfaces', 'ld_library_path_lib')
[16.256s] INFO:colcon.colcon_core.shell:Creating environment hook '/home/curry/wilson_proj/ros2-rover-ws/install/action_interfaces/share/action_interfaces/hook/ld_library_path_lib.ps1'
[16.258s] INFO:colcon.colcon_core.shell:Creating environment descriptor '/home/curry/wilson_proj/ros2-rover-ws/install/action_interfaces/share/action_interfaces/hook/ld_library_path_lib.dsv'
[16.260s] INFO:colcon.colcon_core.shell:Creating environment hook '/home/curry/wilson_proj/ros2-rover-ws/install/action_interfaces/share/action_interfaces/hook/ld_library_path_lib.sh'
[16.262s] Level 1:colcon.colcon_core.environment:checking '/home/curry/wilson_proj/ros2-rover-ws/install/action_interfaces/bin'
[16.263s] Level 1:colcon.colcon_core.environment:checking '/home/curry/wilson_proj/ros2-rover-ws/install/action_interfaces/lib/pkgconfig/action_interfaces.pc'
[16.264s] Level 1:colcon.colcon_core.environment:checking '/home/curry/wilson_proj/ros2-rover-ws/install/action_interfaces/lib/python3.10/site-packages'
[16.264s] Level 1:colcon.colcon_core.shell:create_environment_hook('action_interfaces', 'pythonpath')
[16.265s] INFO:colcon.colcon_core.shell:Creating environment hook '/home/curry/wilson_proj/ros2-rover-ws/install/action_interfaces/share/action_interfaces/hook/pythonpath.ps1'
[16.268s] INFO:colcon.colcon_core.shell:Creating environment descriptor '/home/curry/wilson_proj/ros2-rover-ws/install/action_interfaces/share/action_interfaces/hook/pythonpath.dsv'
[16.270s] INFO:colcon.colcon_core.shell:Creating environment hook '/home/curry/wilson_proj/ros2-rover-ws/install/action_interfaces/share/action_interfaces/hook/pythonpath.sh'
[16.273s] Level 1:colcon.colcon_core.environment:checking '/home/curry/wilson_proj/ros2-rover-ws/install/action_interfaces/bin'
[16.274s] INFO:colcon.colcon_core.shell:Creating package script '/home/curry/wilson_proj/ros2-rover-ws/install/action_interfaces/share/action_interfaces/package.ps1'
[16.277s] INFO:colcon.colcon_core.shell:Creating package descriptor '/home/curry/wilson_proj/ros2-rover-ws/install/action_interfaces/share/action_interfaces/package.dsv'
[16.280s] INFO:colcon.colcon_core.shell:Creating package script '/home/curry/wilson_proj/ros2-rover-ws/install/action_interfaces/share/action_interfaces/package.sh'
[16.283s] INFO:colcon.colcon_core.shell:Creating package script '/home/curry/wilson_proj/ros2-rover-ws/install/action_interfaces/share/action_interfaces/package.bash'
[16.286s] INFO:colcon.colcon_core.shell:Creating package script '/home/curry/wilson_proj/ros2-rover-ws/install/action_interfaces/share/action_interfaces/package.zsh'
[16.288s] Level 1:colcon.colcon_core.environment:create_file_with_runtime_dependencies(/home/curry/wilson_proj/ros2-rover-ws/install/action_interfaces/share/colcon-core/packages/action_interfaces)
[16.823s] Level 1:colcon.colcon_core.environment:checking '/home/curry/wilson_proj/ros2-rover-ws/install/package_image_process' for CMake module files
[16.826s] DEBUG:colcon.colcon_core.event_handler.log_command:Invoked command in '/home/curry/wilson_proj/ros2-rover-ws/src/package_image_process' returned '0': PYTHONPATH=/home/curry/wilson_proj/ros2-rover-ws/build/package_image_process/prefix_override:/usr/lib/python3/dist-packages/colcon_core/task/python/colcon_distutils_commands:/home/curry/wilson_proj/ros2-rover-ws/install/package_image_process/lib/python3.10/site-packages:${PYTHONPATH} /usr/bin/python3 -W ignore:setup.py install is deprecated -W ignore:easy_install command is deprecated setup.py egg_info --egg-base ../../build/package_image_process build --build-base /home/curry/wilson_proj/ros2-rover-ws/build/package_image_process/build install --record /home/curry/wilson_proj/ros2-rover-ws/build/package_image_process/install.log --single-version-externally-managed install_data
[16.828s] Level 1:colcon.colcon_core.environment:checking '/home/curry/wilson_proj/ros2-rover-ws/install/package_image_process' for CMake config files
[16.831s] Level 1:colcon.colcon_core.shell:create_environment_hook('package_image_process', 'cmake_prefix_path')
[16.832s] INFO:colcon.colcon_core.shell:Creating environment hook '/home/curry/wilson_proj/ros2-rover-ws/install/package_image_process/share/package_image_process/hook/cmake_prefix_path.ps1'
[16.834s] INFO:colcon.colcon_core.shell:Creating environment descriptor '/home/curry/wilson_proj/ros2-rover-ws/install/package_image_process/share/package_image_process/hook/cmake_prefix_path.dsv'
[16.836s] INFO:colcon.colcon_core.shell:Creating environment hook '/home/curry/wilson_proj/ros2-rover-ws/install/package_image_process/share/package_image_process/hook/cmake_prefix_path.sh'
[16.839s] Level 1:colcon.colcon_core.environment:checking '/home/curry/wilson_proj/ros2-rover-ws/install/package_image_process/lib'
[16.840s] Level 1:colcon.colcon_core.environment:checking '/home/curry/wilson_proj/ros2-rover-ws/install/package_image_process/bin'
[16.840s] Level 1:colcon.colcon_core.environment:checking '/home/curry/wilson_proj/ros2-rover-ws/install/package_image_process/lib/pkgconfig/package_image_process.pc'
[16.841s] Level 1:colcon.colcon_core.environment:checking '/home/curry/wilson_proj/ros2-rover-ws/install/package_image_process/lib/python3.10/site-packages'
[16.841s] Level 1:colcon.colcon_core.shell:create_environment_hook('package_image_process', 'pythonpath')
[16.842s] INFO:colcon.colcon_core.shell:Creating environment hook '/home/curry/wilson_proj/ros2-rover-ws/install/package_image_process/share/package_image_process/hook/pythonpath.ps1'
[16.845s] INFO:colcon.colcon_core.shell:Creating environment descriptor '/home/curry/wilson_proj/ros2-rover-ws/install/package_image_process/share/package_image_process/hook/pythonpath.dsv'
[16.847s] INFO:colcon.colcon_core.shell:Creating environment hook '/home/curry/wilson_proj/ros2-rover-ws/install/package_image_process/share/package_image_process/hook/pythonpath.sh'
[16.850s] Level 1:colcon.colcon_core.environment:checking '/home/curry/wilson_proj/ros2-rover-ws/install/package_image_process/bin'
[16.850s] Level 1:colcon.colcon_core.environment:create_environment_scripts_only(package_image_process)
[16.852s] INFO:colcon.colcon_core.shell:Creating package script '/home/curry/wilson_proj/ros2-rover-ws/install/package_image_process/share/package_image_process/package.ps1'
[16.854s] INFO:colcon.colcon_core.shell:Creating package descriptor '/home/curry/wilson_proj/ros2-rover-ws/install/package_image_process/share/package_image_process/package.dsv'
[16.857s] INFO:colcon.colcon_core.shell:Creating package script '/home/curry/wilson_proj/ros2-rover-ws/install/package_image_process/share/package_image_process/package.sh'
[16.859s] INFO:colcon.colcon_core.shell:Creating package script '/home/curry/wilson_proj/ros2-rover-ws/install/package_image_process/share/package_image_process/package.bash'
[16.861s] INFO:colcon.colcon_core.shell:Creating package script '/home/curry/wilson_proj/ros2-rover-ws/install/package_image_process/share/package_image_process/package.zsh'
[16.863s] Level 1:colcon.colcon_core.environment:create_file_with_runtime_dependencies(/home/curry/wilson_proj/ros2-rover-ws/install/package_image_process/share/colcon-core/packages/package_image_process)
[16.865s] DEBUG:colcon.colcon_parallel_executor.executor.parallel:closing loop
[16.866s] DEBUG:colcon.colcon_parallel_executor.executor.parallel:loop closed
[16.866s] DEBUG:colcon.colcon_parallel_executor.executor.parallel:run_until_complete finished with '0'
[16.867s] DEBUG:colcon.colcon_core.event_reactor:joining thread
[16.920s] INFO:colcon.colcon_core.plugin_system:Skipping extension 'colcon_notification.desktop_notification.terminal_notifier': Not used on non-Darwin systems
[16.920s] INFO:colcon.colcon_core.plugin_system:Skipping extension 'colcon_notification.desktop_notification.win32': Not used on non-Windows systems
[16.921s] INFO:colcon.colcon_notification.desktop_notification:Sending desktop notification using 'notify2'
[16.926s] DEBUG:colcon.colcon_notification.desktop_notification.notify2:Failed to initialize notify2: org.freedesktop.DBus.Error.ServiceUnknown: The name org.freedesktop.Notifications was not provided by any .service files
[16.926s] DEBUG:colcon.colcon_core.event_reactor:joined thread
[16.928s] INFO:colcon.colcon_core.shell:Creating prefix script '/home/curry/wilson_proj/ros2-rover-ws/install/local_setup.ps1'
[16.932s] INFO:colcon.colcon_core.shell:Creating prefix util module '/home/curry/wilson_proj/ros2-rover-ws/install/_local_setup_util_ps1.py'
[16.939s] INFO:colcon.colcon_core.shell:Creating prefix chain script '/home/curry/wilson_proj/ros2-rover-ws/install/setup.ps1'
[16.947s] INFO:colcon.colcon_core.shell:Creating prefix script '/home/curry/wilson_proj/ros2-rover-ws/install/local_setup.sh'
[16.949s] INFO:colcon.colcon_core.shell:Creating prefix util module '/home/curry/wilson_proj/ros2-rover-ws/install/_local_setup_util_sh.py'
[16.952s] INFO:colcon.colcon_core.shell:Creating prefix chain script '/home/curry/wilson_proj/ros2-rover-ws/install/setup.sh'
[16.959s] INFO:colcon.colcon_core.shell:Creating prefix script '/home/curry/wilson_proj/ros2-rover-ws/install/local_setup.bash'
[16.962s] INFO:colcon.colcon_core.shell:Creating prefix chain script '/home/curry/wilson_proj/ros2-rover-ws/install/setup.bash'
[16.969s] INFO:colcon.colcon_core.shell:Creating prefix script '/home/curry/wilson_proj/ros2-rover-ws/install/local_setup.zsh'
[16.971s] INFO:colcon.colcon_core.shell:Creating prefix chain script '/home/curry/wilson_proj/ros2-rover-ws/install/setup.zsh'
