[0.104s] Invoking command in '/home/curry/wilson_proj/ros2-rover-ws/build/package_navigate_route': CMAKE_PREFIX_PATH=${CMAKE_PREFIX_PATH}:/opt/ros/iron /usr/bin/cmake --build /home/curry/wilson_proj/ros2-rover-ws/build/package_navigate_route -- -j4 -l4
[0.355s] [100%] Built target node_sub_destination
[0.452s] Invoked command in '/home/curry/wilson_proj/ros2-rover-ws/build/package_navigate_route' returned '0': CMAKE_PREFIX_PATH=${CMAKE_PREFIX_PATH}:/opt/ros/iron /usr/bin/cmake --build /home/curry/wilson_proj/ros2-rover-ws/build/package_navigate_route -- -j4 -l4
[0.791s] Invoking command in '/home/curry/wilson_proj/ros2-rover-ws/build/package_navigate_route': CMAKE_PREFIX_PATH=${CMAKE_PREFIX_PATH}:/opt/ros/iron /usr/bin/cmake --install /home/curry/wilson_proj/ros2-rover-ws/build/package_navigate_route
[0.853s] -- Install configuration: ""
[0.855s] -- Up-to-date: /home/curry/wilson_proj/ros2-rover-ws/install/package_navigate_route/lib/package_navigate_route/node_sub_destination
[0.857s] -- Up-to-date: /home/curry/wilson_proj/ros2-rover-ws/install/package_navigate_route/share/ament_index/resource_index/package_run_dependencies/package_navigate_route
[0.859s] -- Up-to-date: /home/curry/wilson_proj/ros2-rover-ws/install/package_navigate_route/share/ament_index/resource_index/parent_prefix_path/package_navigate_route
[0.860s] -- Up-to-date: /home/curry/wilson_proj/ros2-rover-ws/install/package_navigate_route/share/package_navigate_route/environment/ament_prefix_path.sh
[0.860s] -- Up-to-date: /home/curry/wilson_proj/ros2-rover-ws/install/package_navigate_route/share/package_navigate_route/environment/ament_prefix_path.dsv
[0.863s] -- Up-to-date: /home/curry/wilson_proj/ros2-rover-ws/install/package_navigate_route/share/package_navigate_route/environment/path.sh
[0.869s] -- Up-to-date: /home/curry/wilson_proj/ros2-rover-ws/install/package_navigate_route/share/package_navigate_route/environment/path.dsv
[0.869s] -- Up-to-date: /home/curry/wilson_proj/ros2-rover-ws/install/package_navigate_route/share/package_navigate_route/local_setup.bash
[0.876s] -- Up-to-date: /home/curry/wilson_proj/ros2-rover-ws/install/package_navigate_route/share/package_navigate_route/local_setup.sh
[0.877s] -- Up-to-date: /home/curry/wilson_proj/ros2-rover-ws/install/package_navigate_route/share/package_navigate_route/local_setup.zsh
[0.878s] -- Up-to-date: /home/curry/wilson_proj/ros2-rover-ws/install/package_navigate_route/share/package_navigate_route/local_setup.dsv
[0.878s] -- Installing: /home/curry/wilson_proj/ros2-rover-ws/install/package_navigate_route/share/package_navigate_route/package.dsv
[0.881s] -- Up-to-date: /home/curry/wilson_proj/ros2-rover-ws/install/package_navigate_route/share/ament_index/resource_index/packages/package_navigate_route
[0.883s] -- Up-to-date: /home/curry/wilson_proj/ros2-rover-ws/install/package_navigate_route/share/package_navigate_route/cmake/package_navigate_routeConfig.cmake
[0.883s] -- Up-to-date: /home/curry/wilson_proj/ros2-rover-ws/install/package_navigate_route/share/package_navigate_route/cmake/package_navigate_routeConfig-version.cmake
[0.884s] -- Up-to-date: /home/curry/wilson_proj/ros2-rover-ws/install/package_navigate_route/share/package_navigate_route/package.xml
[0.974s] Invoked command in '/home/curry/wilson_proj/ros2-rover-ws/build/package_navigate_route' returned '0': CMAKE_PREFIX_PATH=${CMAKE_PREFIX_PATH}:/opt/ros/iron /usr/bin/cmake --install /home/curry/wilson_proj/ros2-rover-ws/build/package_navigate_route
