[0.123s] Invoking command in '/home/curry/wilson_proj/ros2-rover-ws/build/action_interfaces': CMAKE_PREFIX_PATH=${CMAKE_PREFIX_PATH}:/opt/ros/humble /usr/bin/cmake --build /home/curry/wilson_proj/ros2-rover-ws/build/action_interfaces -- -j4 -l4
[1.759s] [  3%] Built target action_interfaces__cpp
[1.759s] [ 12%] Built target action_interfaces__rosidl_generator_c
[1.760s] [ 12%] Built target ament_cmake_python_copy_action_interfaces
[1.760s] [ 22%] Built target action_interfaces__rosidl_typesupport_fastrtps_cpp
[1.761s] [ 32%] Built target action_interfaces__rosidl_typesupport_cpp
[1.761s] [ 41%] Built target action_interfaces__rosidl_typesupport_introspection_cpp
[1.762s] [ 51%] Built target action_interfaces__rosidl_typesupport_fastrtps_c
[1.762s] [ 61%] Built target action_interfaces__rosidl_typesupport_introspection_c
[1.763s] [ 70%] Built target action_interfaces__rosidl_typesupport_c
[1.763s] [ 70%] Built target action_interfaces
[1.763s] [ 74%] Built target action_interfaces__py
[1.764s] [ 80%] Built target action_interfaces__rosidl_generator_py
[1.764s] [ 87%] Built target action_interfaces__rosidl_typesupport_fastrtps_c__pyext
[1.765s] [ 93%] Built target action_interfaces__rosidl_typesupport_introspection_c__pyext
[1.765s] [100%] Built target action_interfaces__rosidl_typesupport_c__pyext
[2.094s] running egg_info
[2.101s] writing action_interfaces.egg-info/PKG-INFO
[2.102s] writing dependency_links to action_interfaces.egg-info/dependency_links.txt
[2.106s] writing top-level names to action_interfaces.egg-info/top_level.txt
[2.115s] reading manifest file 'action_interfaces.egg-info/SOURCES.txt'
[2.118s] writing manifest file 'action_interfaces.egg-info/SOURCES.txt'
[2.304s] [100%] Built target ament_cmake_python_build_action_interfaces_egg
[2.369s] Invoked command in '/home/curry/wilson_proj/ros2-rover-ws/build/action_interfaces' returned '0': CMAKE_PREFIX_PATH=${CMAKE_PREFIX_PATH}:/opt/ros/humble /usr/bin/cmake --build /home/curry/wilson_proj/ros2-rover-ws/build/action_interfaces -- -j4 -l4
[2.815s] Invoking command in '/home/curry/wilson_proj/ros2-rover-ws/build/action_interfaces': CMAKE_PREFIX_PATH=${CMAKE_PREFIX_PATH}:/opt/ros/humble /usr/bin/cmake --install /home/curry/wilson_proj/ros2-rover-ws/build/action_interfaces
[2.857s] -- Install configuration: ""
[2.859s] -- Up-to-date: /home/curry/wilson_proj/ros2-rover-ws/install/action_interfaces/share/ament_index/resource_index/rosidl_interfaces/action_interfaces
[2.860s] -- Up-to-date: /home/curry/wilson_proj/ros2-rover-ws/install/action_interfaces/include/action_interfaces/action_interfaces
[2.861s] -- Up-to-date: /home/curry/wilson_proj/ros2-rover-ws/install/action_interfaces/include/action_interfaces/action_interfaces/msg
[2.863s] -- Up-to-date: /home/curry/wilson_proj/ros2-rover-ws/install/action_interfaces/include/action_interfaces/action_interfaces/msg/rosidl_generator_c__visibility_control.h
[2.864s] -- Up-to-date: /home/curry/wilson_proj/ros2-rover-ws/install/action_interfaces/include/action_interfaces/action_interfaces/action
[2.866s] -- Up-to-date: /home/curry/wilson_proj/ros2-rover-ws/install/action_interfaces/include/action_interfaces/action_interfaces/action/rovercontrol.h
[2.867s] -- Up-to-date: /home/curry/wilson_proj/ros2-rover-ws/install/action_interfaces/include/action_interfaces/action_interfaces/action/detail
[2.869s] -- Up-to-date: /home/curry/wilson_proj/ros2-rover-ws/install/action_interfaces/include/action_interfaces/action_interfaces/action/detail/rovercontrol__functions.h
[2.871s] -- Up-to-date: /home/curry/wilson_proj/ros2-rover-ws/install/action_interfaces/include/action_interfaces/action_interfaces/action/detail/rovercontrol__struct.h
[2.873s] -- Installing: /home/curry/wilson_proj/ros2-rover-ws/install/action_interfaces/include/action_interfaces/action_interfaces/action/detail/rovercontrol__type_support.c
[2.876s] -- Up-to-date: /home/curry/wilson_proj/ros2-rover-ws/install/action_interfaces/include/action_interfaces/action_interfaces/action/detail/rovercontrol__description.c
[2.878s] -- Up-to-date: /home/curry/wilson_proj/ros2-rover-ws/install/action_interfaces/include/action_interfaces/action_interfaces/action/detail/rovercontrol__functions.c
[2.879s] -- Up-to-date: /home/curry/wilson_proj/ros2-rover-ws/install/action_interfaces/include/action_interfaces/action_interfaces/action/detail/rovercontrol__type_support.h
[2.881s] -- Up-to-date: /home/curry/wilson_proj/ros2-rover-ws/install/action_interfaces/share/action_interfaces/environment/library_path.sh
[2.882s] -- Up-to-date: /home/curry/wilson_proj/ros2-rover-ws/install/action_interfaces/share/action_interfaces/environment/library_path.dsv
[2.885s] -- Up-to-date: /home/curry/wilson_proj/ros2-rover-ws/install/action_interfaces/lib/libaction_interfaces__rosidl_generator_c.so
[2.887s] -- Up-to-date: /home/curry/wilson_proj/ros2-rover-ws/install/action_interfaces/include/action_interfaces/action_interfaces
[2.889s] -- Up-to-date: /home/curry/wilson_proj/ros2-rover-ws/install/action_interfaces/include/action_interfaces/action_interfaces/msg
[2.890s] -- Up-to-date: /home/curry/wilson_proj/ros2-rover-ws/install/action_interfaces/include/action_interfaces/action_interfaces/msg/rosidl_typesupport_fastrtps_c__visibility_control.h
[2.891s] -- Up-to-date: /home/curry/wilson_proj/ros2-rover-ws/install/action_interfaces/include/action_interfaces/action_interfaces/action
[2.893s] -- Up-to-date: /home/curry/wilson_proj/ros2-rover-ws/install/action_interfaces/include/action_interfaces/action_interfaces/action/detail
[2.894s] -- Up-to-date: /home/curry/wilson_proj/ros2-rover-ws/install/action_interfaces/include/action_interfaces/action_interfaces/action/detail/rovercontrol__rosidl_typesupport_fastrtps_c.h
[2.897s] -- Up-to-date: /home/curry/wilson_proj/ros2-rover-ws/install/action_interfaces/lib/libaction_interfaces__rosidl_typesupport_fastrtps_c.so
[2.900s] -- Up-to-date: /home/curry/wilson_proj/ros2-rover-ws/install/action_interfaces/include/action_interfaces/action_interfaces
[2.902s] -- Up-to-date: /home/curry/wilson_proj/ros2-rover-ws/install/action_interfaces/include/action_interfaces/action_interfaces/msg
[2.904s] -- Up-to-date: /home/curry/wilson_proj/ros2-rover-ws/install/action_interfaces/include/action_interfaces/action_interfaces/msg/rosidl_typesupport_introspection_c__visibility_control.h
[2.906s] -- Up-to-date: /home/curry/wilson_proj/ros2-rover-ws/install/action_interfaces/include/action_interfaces/action_interfaces/action
[2.907s] -- Up-to-date: /home/curry/wilson_proj/ros2-rover-ws/install/action_interfaces/include/action_interfaces/action_interfaces/action/detail
[2.909s] -- Installing: /home/curry/wilson_proj/ros2-rover-ws/install/action_interfaces/include/action_interfaces/action_interfaces/action/detail/rovercontrol__type_support.c
[2.912s] -- Up-to-date: /home/curry/wilson_proj/ros2-rover-ws/install/action_interfaces/include/action_interfaces/action_interfaces/action/detail/rovercontrol__rosidl_typesupport_introspection_c.h
[2.915s] -- Up-to-date: /home/curry/wilson_proj/ros2-rover-ws/install/action_interfaces/lib/libaction_interfaces__rosidl_typesupport_introspection_c.so
[2.919s] -- Up-to-date: /home/curry/wilson_proj/ros2-rover-ws/install/action_interfaces/lib/libaction_interfaces__rosidl_typesupport_c.so
[2.921s] -- Up-to-date: /home/curry/wilson_proj/ros2-rover-ws/install/action_interfaces/include/action_interfaces/action_interfaces
[2.923s] -- Up-to-date: /home/curry/wilson_proj/ros2-rover-ws/install/action_interfaces/include/action_interfaces/action_interfaces/msg
[2.925s] -- Up-to-date: /home/curry/wilson_proj/ros2-rover-ws/install/action_interfaces/include/action_interfaces/action_interfaces/msg/rosidl_generator_cpp__visibility_control.hpp
[2.927s] -- Up-to-date: /home/curry/wilson_proj/ros2-rover-ws/install/action_interfaces/include/action_interfaces/action_interfaces/action
[2.929s] -- Up-to-date: /home/curry/wilson_proj/ros2-rover-ws/install/action_interfaces/include/action_interfaces/action_interfaces/action/rovercontrol.hpp
[2.931s] -- Up-to-date: /home/curry/wilson_proj/ros2-rover-ws/install/action_interfaces/include/action_interfaces/action_interfaces/action/detail
[2.933s] -- Up-to-date: /home/curry/wilson_proj/ros2-rover-ws/install/action_interfaces/include/action_interfaces/action_interfaces/action/detail/rovercontrol__builder.hpp
[2.934s] -- Up-to-date: /home/curry/wilson_proj/ros2-rover-ws/install/action_interfaces/include/action_interfaces/action_interfaces/action/detail/rovercontrol__traits.hpp
[2.936s] -- Up-to-date: /home/curry/wilson_proj/ros2-rover-ws/install/action_interfaces/include/action_interfaces/action_interfaces/action/detail/rovercontrol__struct.hpp
[2.937s] -- Up-to-date: /home/curry/wilson_proj/ros2-rover-ws/install/action_interfaces/include/action_interfaces/action_interfaces/action/detail/rovercontrol__type_support.hpp
[2.939s] -- Up-to-date: /home/curry/wilson_proj/ros2-rover-ws/install/action_interfaces/include/action_interfaces/action_interfaces
[2.940s] -- Up-to-date: /home/curry/wilson_proj/ros2-rover-ws/install/action_interfaces/include/action_interfaces/action_interfaces/msg
[2.942s] -- Up-to-date: /home/curry/wilson_proj/ros2-rover-ws/install/action_interfaces/include/action_interfaces/action_interfaces/msg/rosidl_typesupport_fastrtps_cpp__visibility_control.h
[2.943s] -- Up-to-date: /home/curry/wilson_proj/ros2-rover-ws/install/action_interfaces/include/action_interfaces/action_interfaces/action
[2.945s] -- Up-to-date: /home/curry/wilson_proj/ros2-rover-ws/install/action_interfaces/include/action_interfaces/action_interfaces/action/detail
[2.946s] -- Up-to-date: /home/curry/wilson_proj/ros2-rover-ws/install/action_interfaces/include/action_interfaces/action_interfaces/action/detail/dds_fastrtps
[2.948s] -- Up-to-date: /home/curry/wilson_proj/ros2-rover-ws/install/action_interfaces/include/action_interfaces/action_interfaces/action/detail/rovercontrol__rosidl_typesupport_fastrtps_cpp.hpp
[2.951s] -- Up-to-date: /home/curry/wilson_proj/ros2-rover-ws/install/action_interfaces/lib/libaction_interfaces__rosidl_typesupport_fastrtps_cpp.so
[2.953s] -- Up-to-date: /home/curry/wilson_proj/ros2-rover-ws/install/action_interfaces/include/action_interfaces/action_interfaces
[2.955s] -- Up-to-date: /home/curry/wilson_proj/ros2-rover-ws/install/action_interfaces/include/action_interfaces/action_interfaces/action
[2.957s] -- Up-to-date: /home/curry/wilson_proj/ros2-rover-ws/install/action_interfaces/include/action_interfaces/action_interfaces/action/detail
[2.958s] -- Up-to-date: /home/curry/wilson_proj/ros2-rover-ws/install/action_interfaces/include/action_interfaces/action_interfaces/action/detail/rovercontrol__rosidl_typesupport_introspection_cpp.hpp
[2.960s] -- Up-to-date: /home/curry/wilson_proj/ros2-rover-ws/install/action_interfaces/include/action_interfaces/action_interfaces/action/detail/rovercontrol__type_support.cpp
[2.962s] -- Up-to-date: /home/curry/wilson_proj/ros2-rover-ws/install/action_interfaces/lib/libaction_interfaces__rosidl_typesupport_introspection_cpp.so
[2.966s] -- Up-to-date: /home/curry/wilson_proj/ros2-rover-ws/install/action_interfaces/lib/libaction_interfaces__rosidl_typesupport_cpp.so
[2.972s] -- Up-to-date: /home/curry/wilson_proj/ros2-rover-ws/install/action_interfaces/share/action_interfaces/environment/pythonpath.sh
[2.973s] -- Up-to-date: /home/curry/wilson_proj/ros2-rover-ws/install/action_interfaces/share/action_interfaces/environment/pythonpath.dsv
[2.979s] -- Up-to-date: /home/curry/wilson_proj/ros2-rover-ws/install/action_interfaces/lib/python3.10/site-packages/action_interfaces-0.0.0-py3.10.egg-info
[2.980s] -- Installing: /home/curry/wilson_proj/ros2-rover-ws/install/action_interfaces/lib/python3.10/site-packages/action_interfaces-0.0.0-py3.10.egg-info/dependency_links.txt
[2.983s] -- Installing: /home/curry/wilson_proj/ros2-rover-ws/install/action_interfaces/lib/python3.10/site-packages/action_interfaces-0.0.0-py3.10.egg-info/SOURCES.txt
[2.986s] -- Installing: /home/curry/wilson_proj/ros2-rover-ws/install/action_interfaces/lib/python3.10/site-packages/action_interfaces-0.0.0-py3.10.egg-info/top_level.txt
[2.996s] -- Installing: /home/curry/wilson_proj/ros2-rover-ws/install/action_interfaces/lib/python3.10/site-packages/action_interfaces-0.0.0-py3.10.egg-info/PKG-INFO
[3.000s] -- Up-to-date: /home/curry/wilson_proj/ros2-rover-ws/install/action_interfaces/lib/python3.10/site-packages/action_interfaces
[3.003s] -- Up-to-date: /home/curry/wilson_proj/ros2-rover-ws/install/action_interfaces/lib/python3.10/site-packages/action_interfaces/action_interfaces_s__rosidl_typesupport_c.cpython-310-aarch64-linux-gnu.so
[3.004s] -- Up-to-date: /home/curry/wilson_proj/ros2-rover-ws/install/action_interfaces/lib/python3.10/site-packages/action_interfaces/action_interfaces_s__rosidl_typesupport_fastrtps_c.cpython-310-aarch64-linux-gnu.so
[3.006s] -- Up-to-date: /home/curry/wilson_proj/ros2-rover-ws/install/action_interfaces/lib/python3.10/site-packages/action_interfaces/action
[3.008s] -- Up-to-date: /home/curry/wilson_proj/ros2-rover-ws/install/action_interfaces/lib/python3.10/site-packages/action_interfaces/action/_rovercontrol.py
[3.009s] -- Up-to-date: /home/curry/wilson_proj/ros2-rover-ws/install/action_interfaces/lib/python3.10/site-packages/action_interfaces/action/__init__.py
[3.015s] -- Up-to-date: /home/curry/wilson_proj/ros2-rover-ws/install/action_interfaces/lib/python3.10/site-packages/action_interfaces/action/_rovercontrol_s.c
[3.016s] -- Up-to-date: /home/curry/wilson_proj/ros2-rover-ws/install/action_interfaces/lib/python3.10/site-packages/action_interfaces/_action_interfaces_s.ep.rosidl_typesupport_c.c
[3.018s] -- Up-to-date: /home/curry/wilson_proj/ros2-rover-ws/install/action_interfaces/lib/python3.10/site-packages/action_interfaces/_action_interfaces_s.ep.rosidl_typesupport_introspection_c.c
[3.020s] -- Up-to-date: /home/curry/wilson_proj/ros2-rover-ws/install/action_interfaces/lib/python3.10/site-packages/action_interfaces/action_interfaces_s__rosidl_typesupport_introspection_c.cpython-310-aarch64-linux-gnu.so
[3.021s] -- Up-to-date: /home/curry/wilson_proj/ros2-rover-ws/install/action_interfaces/lib/python3.10/site-packages/action_interfaces/__init__.py
[3.023s] -- Up-to-date: /home/curry/wilson_proj/ros2-rover-ws/install/action_interfaces/lib/python3.10/site-packages/action_interfaces/_action_interfaces_s.ep.rosidl_typesupport_fastrtps_c.c
[3.025s] -- Up-to-date: /home/curry/wilson_proj/ros2-rover-ws/install/action_interfaces/lib/python3.10/site-packages/action_interfaces/libaction_interfaces__rosidl_generator_py.so
[3.375s] Listing '/home/curry/wilson_proj/ros2-rover-ws/install/action_interfaces/lib/python3.10/site-packages/action_interfaces'...
[3.376s] Listing '/home/curry/wilson_proj/ros2-rover-ws/install/action_interfaces/lib/python3.10/site-packages/action_interfaces/action'...
[3.409s] -- Up-to-date: /home/curry/wilson_proj/ros2-rover-ws/install/action_interfaces/lib/python3.10/site-packages/action_interfaces/action_interfaces_s__rosidl_typesupport_fastrtps_c.cpython-310-aarch64-linux-gnu.so
[3.412s] -- Up-to-date: /home/curry/wilson_proj/ros2-rover-ws/install/action_interfaces/lib/python3.10/site-packages/action_interfaces/action_interfaces_s__rosidl_typesupport_introspection_c.cpython-310-aarch64-linux-gnu.so
[3.415s] -- Up-to-date: /home/curry/wilson_proj/ros2-rover-ws/install/action_interfaces/lib/python3.10/site-packages/action_interfaces/action_interfaces_s__rosidl_typesupport_c.cpython-310-aarch64-linux-gnu.so
[3.418s] -- Up-to-date: /home/curry/wilson_proj/ros2-rover-ws/install/action_interfaces/lib/libaction_interfaces__rosidl_generator_py.so
[3.419s] -- Up-to-date: /home/curry/wilson_proj/ros2-rover-ws/install/action_interfaces/share/action_interfaces/action/Rovercontrol.idl
[3.420s] -- Up-to-date: /home/curry/wilson_proj/ros2-rover-ws/install/action_interfaces/share/action_interfaces/action/Rovercontrol.action
[3.421s] -- Up-to-date: /home/curry/wilson_proj/ros2-rover-ws/install/action_interfaces/share/ament_index/resource_index/package_run_dependencies/action_interfaces
[3.422s] -- Up-to-date: /home/curry/wilson_proj/ros2-rover-ws/install/action_interfaces/share/ament_index/resource_index/parent_prefix_path/action_interfaces
[3.423s] -- Up-to-date: /home/curry/wilson_proj/ros2-rover-ws/install/action_interfaces/share/action_interfaces/environment/ament_prefix_path.sh
[3.424s] -- Up-to-date: /home/curry/wilson_proj/ros2-rover-ws/install/action_interfaces/share/action_interfaces/environment/ament_prefix_path.dsv
[3.425s] -- Up-to-date: /home/curry/wilson_proj/ros2-rover-ws/install/action_interfaces/share/action_interfaces/environment/path.sh
[3.426s] -- Up-to-date: /home/curry/wilson_proj/ros2-rover-ws/install/action_interfaces/share/action_interfaces/environment/path.dsv
[3.426s] -- Up-to-date: /home/curry/wilson_proj/ros2-rover-ws/install/action_interfaces/share/action_interfaces/local_setup.bash
[3.428s] -- Up-to-date: /home/curry/wilson_proj/ros2-rover-ws/install/action_interfaces/share/action_interfaces/local_setup.sh
[3.429s] -- Up-to-date: /home/curry/wilson_proj/ros2-rover-ws/install/action_interfaces/share/action_interfaces/local_setup.zsh
[3.430s] -- Up-to-date: /home/curry/wilson_proj/ros2-rover-ws/install/action_interfaces/share/action_interfaces/local_setup.dsv
[3.431s] -- Installing: /home/curry/wilson_proj/ros2-rover-ws/install/action_interfaces/share/action_interfaces/package.dsv
[3.433s] -- Up-to-date: /home/curry/wilson_proj/ros2-rover-ws/install/action_interfaces/share/ament_index/resource_index/packages/action_interfaces
[3.434s] -- Up-to-date: /home/curry/wilson_proj/ros2-rover-ws/install/action_interfaces/share/action_interfaces/cmake/export_action_interfaces__rosidl_generator_cExport.cmake
[3.435s] -- Up-to-date: /home/curry/wilson_proj/ros2-rover-ws/install/action_interfaces/share/action_interfaces/cmake/export_action_interfaces__rosidl_generator_cExport-noconfig.cmake
[3.436s] -- Up-to-date: /home/curry/wilson_proj/ros2-rover-ws/install/action_interfaces/share/action_interfaces/cmake/export_action_interfaces__rosidl_typesupport_fastrtps_cExport.cmake
[3.437s] -- Up-to-date: /home/curry/wilson_proj/ros2-rover-ws/install/action_interfaces/share/action_interfaces/cmake/export_action_interfaces__rosidl_typesupport_fastrtps_cExport-noconfig.cmake
[3.445s] -- Up-to-date: /home/curry/wilson_proj/ros2-rover-ws/install/action_interfaces/share/action_interfaces/cmake/action_interfaces__rosidl_typesupport_introspection_cExport.cmake
[3.446s] -- Up-to-date: /home/curry/wilson_proj/ros2-rover-ws/install/action_interfaces/share/action_interfaces/cmake/action_interfaces__rosidl_typesupport_introspection_cExport-noconfig.cmake
[3.447s] -- Up-to-date: /home/curry/wilson_proj/ros2-rover-ws/install/action_interfaces/share/action_interfaces/cmake/action_interfaces__rosidl_typesupport_cExport.cmake
[3.447s] -- Up-to-date: /home/curry/wilson_proj/ros2-rover-ws/install/action_interfaces/share/action_interfaces/cmake/action_interfaces__rosidl_typesupport_cExport-noconfig.cmake
[3.448s] -- Up-to-date: /home/curry/wilson_proj/ros2-rover-ws/install/action_interfaces/share/action_interfaces/cmake/export_action_interfaces__rosidl_generator_cppExport.cmake
[3.448s] -- Up-to-date: /home/curry/wilson_proj/ros2-rover-ws/install/action_interfaces/share/action_interfaces/cmake/export_action_interfaces__rosidl_typesupport_fastrtps_cppExport.cmake
[3.449s] -- Up-to-date: /home/curry/wilson_proj/ros2-rover-ws/install/action_interfaces/share/action_interfaces/cmake/export_action_interfaces__rosidl_typesupport_fastrtps_cppExport-noconfig.cmake
[3.450s] -- Up-to-date: /home/curry/wilson_proj/ros2-rover-ws/install/action_interfaces/share/action_interfaces/cmake/action_interfaces__rosidl_typesupport_introspection_cppExport.cmake
[3.450s] -- Up-to-date: /home/curry/wilson_proj/ros2-rover-ws/install/action_interfaces/share/action_interfaces/cmake/action_interfaces__rosidl_typesupport_introspection_cppExport-noconfig.cmake
[3.451s] -- Up-to-date: /home/curry/wilson_proj/ros2-rover-ws/install/action_interfaces/share/action_interfaces/cmake/action_interfaces__rosidl_typesupport_cppExport.cmake
[3.453s] -- Up-to-date: /home/curry/wilson_proj/ros2-rover-ws/install/action_interfaces/share/action_interfaces/cmake/action_interfaces__rosidl_typesupport_cppExport-noconfig.cmake
[3.453s] -- Up-to-date: /home/curry/wilson_proj/ros2-rover-ws/install/action_interfaces/share/action_interfaces/cmake/export_action_interfaces__rosidl_generator_pyExport.cmake
[3.467s] -- Up-to-date: /home/curry/wilson_proj/ros2-rover-ws/install/action_interfaces/share/action_interfaces/cmake/export_action_interfaces__rosidl_generator_pyExport-noconfig.cmake
[3.468s] -- Up-to-date: /home/curry/wilson_proj/ros2-rover-ws/install/action_interfaces/share/action_interfaces/cmake/rosidl_cmake-extras.cmake
[3.471s] -- Up-to-date: /home/curry/wilson_proj/ros2-rover-ws/install/action_interfaces/share/action_interfaces/cmake/ament_cmake_export_dependencies-extras.cmake
[3.474s] -- Up-to-date: /home/curry/wilson_proj/ros2-rover-ws/install/action_interfaces/share/action_interfaces/cmake/ament_cmake_export_include_directories-extras.cmake
[3.475s] -- Up-to-date: /home/curry/wilson_proj/ros2-rover-ws/install/action_interfaces/share/action_interfaces/cmake/ament_cmake_export_libraries-extras.cmake
[3.476s] -- Up-to-date: /home/curry/wilson_proj/ros2-rover-ws/install/action_interfaces/share/action_interfaces/cmake/ament_cmake_export_targets-extras.cmake
[3.476s] -- Up-to-date: /home/curry/wilson_proj/ros2-rover-ws/install/action_interfaces/share/action_interfaces/cmake/rosidl_cmake_export_typesupport_targets-extras.cmake
[3.477s] -- Up-to-date: /home/curry/wilson_proj/ros2-rover-ws/install/action_interfaces/share/action_interfaces/cmake/rosidl_cmake_export_typesupport_libraries-extras.cmake
[3.478s] -- Up-to-date: /home/curry/wilson_proj/ros2-rover-ws/install/action_interfaces/share/action_interfaces/cmake/action_interfacesConfig.cmake
[3.479s] -- Up-to-date: /home/curry/wilson_proj/ros2-rover-ws/install/action_interfaces/share/action_interfaces/cmake/action_interfacesConfig-version.cmake
[3.479s] -- Up-to-date: /home/curry/wilson_proj/ros2-rover-ws/install/action_interfaces/share/action_interfaces/package.xml
[3.480s] Invoked command in '/home/curry/wilson_proj/ros2-rover-ws/build/action_interfaces' returned '0': CMAKE_PREFIX_PATH=${CMAKE_PREFIX_PATH}:/opt/ros/humble /usr/bin/cmake --install /home/curry/wilson_proj/ros2-rover-ws/build/action_interfaces
