[0.121s] Invoking command in '/home/curry/wilson_proj/ros2-rover-ws/build/package_rover_control': CMAKE_PREFIX_PATH=${CMAKE_PREFIX_PATH}:/opt/ros/humble /usr/bin/cmake --build /home/curry/wilson_proj/ros2-rover-ws/build/package_rover_control -- -j4 -l4
[0.546s] [ 33%] Built target node_rovercontrol
[0.565s] [ 66%] Built target node_motor_control
[0.614s] [100%] Built target motorcontrol
[0.675s] Invoked command in '/home/curry/wilson_proj/ros2-rover-ws/build/package_rover_control' returned '0': CMAKE_PREFIX_PATH=${CMAKE_PREFIX_PATH}:/opt/ros/humble /usr/bin/cmake --build /home/curry/wilson_proj/ros2-rover-ws/build/package_rover_control -- -j4 -l4
[0.928s] Invoking command in '/home/curry/wilson_proj/ros2-rover-ws/build/package_rover_control': CMAKE_PREFIX_PATH=${CMAKE_PREFIX_PATH}:/opt/ros/humble /usr/bin/cmake --install /home/curry/wilson_proj/ros2-rover-ws/build/package_rover_control
[0.968s] -- Install configuration: ""
[0.972s] -- Up-to-date: /home/curry/wilson_proj/ros2-rover-ws/install/package_rover_control/lib/libmotorcontrol.so
[0.983s] -- Up-to-date: /home/curry/wilson_proj/ros2-rover-ws/install/package_rover_control/lib/package_rover_control/node_motor_control
[0.983s] -- Up-to-date: /home/curry/wilson_proj/ros2-rover-ws/install/package_rover_control/lib/package_rover_control/node_rovercontrol
[0.984s] -- Up-to-date: /home/curry/wilson_proj/ros2-rover-ws/install/package_rover_control/share/ament_index/resource_index/package_run_dependencies/package_rover_control
[0.986s] -- Up-to-date: /home/curry/wilson_proj/ros2-rover-ws/install/package_rover_control/share/ament_index/resource_index/parent_prefix_path/package_rover_control
[0.987s] -- Up-to-date: /home/curry/wilson_proj/ros2-rover-ws/install/package_rover_control/share/package_rover_control/environment/ament_prefix_path.sh
[0.988s] -- Up-to-date: /home/curry/wilson_proj/ros2-rover-ws/install/package_rover_control/share/package_rover_control/environment/ament_prefix_path.dsv
[0.989s] -- Up-to-date: /home/curry/wilson_proj/ros2-rover-ws/install/package_rover_control/share/package_rover_control/environment/path.sh
[0.990s] -- Up-to-date: /home/curry/wilson_proj/ros2-rover-ws/install/package_rover_control/share/package_rover_control/environment/path.dsv
[0.990s] -- Up-to-date: /home/curry/wilson_proj/ros2-rover-ws/install/package_rover_control/share/package_rover_control/local_setup.bash
[0.991s] -- Up-to-date: /home/curry/wilson_proj/ros2-rover-ws/install/package_rover_control/share/package_rover_control/local_setup.sh
[0.991s] -- Up-to-date: /home/curry/wilson_proj/ros2-rover-ws/install/package_rover_control/share/package_rover_control/local_setup.zsh
[0.992s] -- Up-to-date: /home/curry/wilson_proj/ros2-rover-ws/install/package_rover_control/share/package_rover_control/local_setup.dsv
[0.993s] -- Installing: /home/curry/wilson_proj/ros2-rover-ws/install/package_rover_control/share/package_rover_control/package.dsv
[0.999s] -- Up-to-date: /home/curry/wilson_proj/ros2-rover-ws/install/package_rover_control/share/ament_index/resource_index/packages/package_rover_control
[1.013s] -- Up-to-date: /home/curry/wilson_proj/ros2-rover-ws/install/package_rover_control/share/ament_index/resource_index/rclcpp_components/package_rover_control
[1.014s] -- Up-to-date: /home/curry/wilson_proj/ros2-rover-ws/install/package_rover_control/share/package_rover_control/cmake/package_rover_controlConfig.cmake
[1.014s] -- Up-to-date: /home/curry/wilson_proj/ros2-rover-ws/install/package_rover_control/share/package_rover_control/cmake/package_rover_controlConfig-version.cmake
[1.015s] -- Up-to-date: /home/curry/wilson_proj/ros2-rover-ws/install/package_rover_control/share/package_rover_control/package.xml
[1.016s] Invoked command in '/home/curry/wilson_proj/ros2-rover-ws/build/package_rover_control' returned '0': CMAKE_PREFIX_PATH=${CMAKE_PREFIX_PATH}:/opt/ros/humble /usr/bin/cmake --install /home/curry/wilson_proj/ros2-rover-ws/build/package_rover_control
