[0.153s] Invoking command in '/home/curry/wilson_proj/ros2-rover-ws/build/package_rover_control': CMAKE_PREFIX_PATH=${CMAKE_PREFIX_PATH}:/opt/ros/iron /usr/bin/cmake --build /home/curry/wilson_proj/ros2-rover-ws/build/package_rover_control -- -j4 -l4
[0.313s] -- Found ament_cmake: 2.0.6 (/opt/ros/iron/share/ament_cmake/cmake)
[1.126s] -- Found action_interfaces: 0.0.0 (/home/curry/wilson_proj/ros2-rover-ws/install/action_interfaces/share/action_interfaces/cmake)
[1.306s] -- Found rosidl_generator_c: 4.0.1 (/opt/ros/iron/share/rosidl_generator_c/cmake)
[1.343s] -- Found rosidl_generator_cpp: 4.0.1 (/opt/ros/iron/share/rosidl_generator_cpp/cmake)
[1.399s] -- Using all available rosidl_typesupport_c: rosidl_typesupport_fastrtps_c;rosidl_typesupport_introspection_c
[1.468s] -- Using all available rosidl_typesupport_cpp: rosidl_typesupport_fastrtps_cpp;rosidl_typesupport_introspection_cpp
[2.553s] -- Found rclcpp: 21.0.7 (/opt/ros/iron/share/rclcpp/cmake)
[2.905s] -- Found rmw_implementation_cmake: 7.1.0 (/opt/ros/iron/share/rmw_implementation_cmake/cmake)
[2.912s] -- Found rmw_fastrtps_cpp: 7.1.4 (/opt/ros/iron/share/rmw_fastrtps_cpp/cmake)
[3.946s] -- Using RMW implementation 'rmw_fastrtps_cpp' as default
[4.571s] -- Found rclcpp_action: 21.0.7 (/opt/ros/iron/share/rclcpp_action/cmake)
[4.736s] -- Found rclcpp_components: 21.0.7 (/opt/ros/iron/share/rclcpp_components/cmake)
[5.162s] -- Found std_msgs: 5.0.1 (/opt/ros/iron/share/std_msgs/cmake)
[5.283s] -- Found std_srvs: 5.0.1 (/opt/ros/iron/share/std_srvs/cmake)
[5.814s] -- Configuring done
[5.959s] -- Generating done
[5.970s] -- Build files have been written to: /home/curry/wilson_proj/ros2-rover-ws/build/package_rover_control
[6.090s] [35m[1mConsolidate compiler generated dependencies of target node_motor_control[0m
[6.091s] [35m[1mConsolidate compiler generated dependencies of target motorcontrol[0m
[6.095s] [35m[1mConsolidate compiler generated dependencies of target node_rovercontrol[0m
[6.144s] [ 10%] [32mBuilding CXX object CMakeFiles/pub_node.dir/src/pub_node.cpp.o[0m
[6.199s] [ 30%] Built target node_motor_control
[6.201s] [ 50%] Built target node_rovercontrol
[6.204s] [ 60%] [32m[1mLinking CXX shared library libmotorcontrol.so[0m
[6.289s] [ 70%] [32mBuilding CXX object CMakeFiles/sub_node.dir/src/sub_node.cpp.o[0m
[7.442s] [ 80%] Built target motorcontrol
[26.399s] [ 90%] [32m[1mLinking CXX executable pub_node[0m
[27.406s] [ 90%] Built target pub_node
[37.406s] [100%] [32m[1mLinking CXX executable sub_node[0m
[39.055s] [100%] Built target sub_node
[39.096s] Invoked command in '/home/curry/wilson_proj/ros2-rover-ws/build/package_rover_control' returned '0': CMAKE_PREFIX_PATH=${CMAKE_PREFIX_PATH}:/opt/ros/iron /usr/bin/cmake --build /home/curry/wilson_proj/ros2-rover-ws/build/package_rover_control -- -j4 -l4
[39.313s] Invoking command in '/home/curry/wilson_proj/ros2-rover-ws/build/package_rover_control': CMAKE_PREFIX_PATH=${CMAKE_PREFIX_PATH}:/opt/ros/iron /usr/bin/cmake --install /home/curry/wilson_proj/ros2-rover-ws/build/package_rover_control
[39.341s] -- Install configuration: ""
[39.342s] -- Installing: /home/curry/wilson_proj/ros2-rover-ws/install/package_rover_control/lib/libmotorcontrol.so
[39.355s] -- Set runtime path of "/home/curry/wilson_proj/ros2-rover-ws/install/package_rover_control/lib/libmotorcontrol.so" to ""
[39.356s] -- Up-to-date: /home/curry/wilson_proj/ros2-rover-ws/install/package_rover_control/lib/package_rover_control/node_motor_control
[39.359s] -- Up-to-date: /home/curry/wilson_proj/ros2-rover-ws/install/package_rover_control/lib/package_rover_control/node_rovercontrol
[39.360s] -- Installing: /home/curry/wilson_proj/ros2-rover-ws/install/package_rover_control/lib/package_rover_control/pub_node
[39.369s] -- Set runtime path of "/home/curry/wilson_proj/ros2-rover-ws/install/package_rover_control/lib/package_rover_control/pub_node" to ""
[39.370s] -- Installing: /home/curry/wilson_proj/ros2-rover-ws/install/package_rover_control/lib/package_rover_control/sub_node
[39.402s] -- Set runtime path of "/home/curry/wilson_proj/ros2-rover-ws/install/package_rover_control/lib/package_rover_control/sub_node" to ""
[39.403s] -- Up-to-date: /home/curry/wilson_proj/ros2-rover-ws/install/package_rover_control/share/ament_index/resource_index/package_run_dependencies/package_rover_control
[39.403s] -- Installing: /home/curry/wilson_proj/ros2-rover-ws/install/package_rover_control/share/ament_index/resource_index/parent_prefix_path/package_rover_control
[39.404s] -- Up-to-date: /home/curry/wilson_proj/ros2-rover-ws/install/package_rover_control/share/package_rover_control/environment/ament_prefix_path.sh
[39.405s] -- Up-to-date: /home/curry/wilson_proj/ros2-rover-ws/install/package_rover_control/share/package_rover_control/environment/ament_prefix_path.dsv
[39.405s] -- Up-to-date: /home/curry/wilson_proj/ros2-rover-ws/install/package_rover_control/share/package_rover_control/environment/path.sh
[39.406s] -- Up-to-date: /home/curry/wilson_proj/ros2-rover-ws/install/package_rover_control/share/package_rover_control/environment/path.dsv
[39.406s] -- Up-to-date: /home/curry/wilson_proj/ros2-rover-ws/install/package_rover_control/share/package_rover_control/local_setup.bash
[39.406s] -- Up-to-date: /home/curry/wilson_proj/ros2-rover-ws/install/package_rover_control/share/package_rover_control/local_setup.sh
[39.407s] -- Up-to-date: /home/curry/wilson_proj/ros2-rover-ws/install/package_rover_control/share/package_rover_control/local_setup.zsh
[39.407s] -- Up-to-date: /home/curry/wilson_proj/ros2-rover-ws/install/package_rover_control/share/package_rover_control/local_setup.dsv
[39.408s] -- Installing: /home/curry/wilson_proj/ros2-rover-ws/install/package_rover_control/share/package_rover_control/package.dsv
[39.409s] -- Up-to-date: /home/curry/wilson_proj/ros2-rover-ws/install/package_rover_control/share/ament_index/resource_index/packages/package_rover_control
[39.409s] -- Up-to-date: /home/curry/wilson_proj/ros2-rover-ws/install/package_rover_control/share/ament_index/resource_index/rclcpp_components/package_rover_control
[39.410s] -- Up-to-date: /home/curry/wilson_proj/ros2-rover-ws/install/package_rover_control/share/package_rover_control/cmake/package_rover_controlConfig.cmake
[39.410s] -- Up-to-date: /home/curry/wilson_proj/ros2-rover-ws/install/package_rover_control/share/package_rover_control/cmake/package_rover_controlConfig-version.cmake
[39.411s] -- Up-to-date: /home/curry/wilson_proj/ros2-rover-ws/install/package_rover_control/share/package_rover_control/package.xml
[39.418s] Invoked command in '/home/curry/wilson_proj/ros2-rover-ws/build/package_rover_control' returned '0': CMAKE_PREFIX_PATH=${CMAKE_PREFIX_PATH}:/opt/ros/iron /usr/bin/cmake --install /home/curry/wilson_proj/ros2-rover-ws/build/package_rover_control
