[1.024s] DEBUG:colcon:Command line arguments: ['/usr/bin/colcon', 'build']
[1.025s] DEBUG:colcon:Parsed command line arguments: Namespace(log_base=None, log_level=None, verb_name='build', build_base='build', install_base='install', merge_install=False, symlink_install=False, test_result_base=None, continue_on_error=False, executor='parallel', parallel_workers=4, event_handlers=None, ignore_user_meta=False, metas=['./colcon.meta'], base_paths=['.'], packages_ignore=None, packages_ignore_regex=None, paths=None, packages_up_to=None, packages_up_to_regex=None, packages_above=None, packages_above_and_dependencies=None, packages_above_depth=None, packages_select_by_dep=None, packages_skip_by_dep=None, packages_skip_up_to=None, packages_select_build_failed=False, packages_skip_build_finished=False, packages_select_test_failures=False, packages_skip_test_passed=False, packages_select=None, packages_skip=None, packages_select_regex=None, packages_skip_regex=None, packages_start=None, packages_end=None, allow_overriding=[], cmake_args=None, cmake_target=None, cmake_target_skip_unavailable=False, cmake_clean_cache=False, cmake_clean_first=False, cmake_force_configure=False, ament_cmake_args=None, catkin_cmake_args=None, catkin_skip_building_tests=False, mixin_files=None, mixin=None, verb_parser=<colcon_mixin.mixin.mixin_argument.MixinArgumentDecorator object at 0xffffaa32d1e0>, verb_extension=<colcon_core.verb.build.BuildVerb object at 0xffffaa4da0e0>, main=<bound method BuildVerb.main of <colcon_core.verb.build.BuildVerb object at 0xffffaa4da0e0>>, mixin_verb=('build',))
[2.694s] Level 1:colcon.colcon_core.package_discovery:discover_packages(colcon_meta) check parameters
[2.695s] Level 1:colcon.colcon_core.package_discovery:discover_packages(recursive) check parameters
[2.695s] Level 1:colcon.colcon_core.package_discovery:discover_packages(ignore) check parameters
[2.696s] Level 1:colcon.colcon_core.package_discovery:discover_packages(path) check parameters
[2.696s] Level 1:colcon.colcon_core.package_discovery:discover_packages(colcon_meta) discover
[2.696s] Level 1:colcon.colcon_core.package_discovery:discover_packages(recursive) discover
[2.696s] INFO:colcon.colcon_core.package_discovery:Crawling recursively for packages in '/home/curry/wilson_proj/ros2-rover-ws'
[2.698s] Level 1:colcon.colcon_core.package_identification:_identify(.) by extensions ['ignore', 'ignore_ament_install']
[2.699s] Level 1:colcon.colcon_core.package_identification:_identify(.) by extension 'ignore'
[2.699s] Level 1:colcon.colcon_core.package_identification:_identify(.) by extension 'ignore_ament_install'
[2.700s] Level 1:colcon.colcon_core.package_identification:_identify(.) by extensions ['colcon_pkg']
[2.700s] Level 1:colcon.colcon_core.package_identification:_identify(.) by extension 'colcon_pkg'
[2.700s] Level 1:colcon.colcon_core.package_identification:_identify(.) by extensions ['colcon_meta']
[2.701s] Level 1:colcon.colcon_core.package_identification:_identify(.) by extension 'colcon_meta'
[2.701s] Level 1:colcon.colcon_core.package_identification:_identify(.) by extensions ['ros']
[2.701s] Level 1:colcon.colcon_core.package_identification:_identify(.) by extension 'ros'
[2.757s] Level 1:colcon.colcon_core.package_identification:_identify(.) by extensions ['cmake', 'python']
[2.757s] Level 1:colcon.colcon_core.package_identification:_identify(.) by extension 'cmake'
[2.757s] Level 1:colcon.colcon_core.package_identification:_identify(.) by extension 'python'
[2.758s] Level 1:colcon.colcon_core.package_identification:_identify(.) by extensions ['python_setup_py']
[2.758s] Level 1:colcon.colcon_core.package_identification:_identify(.) by extension 'python_setup_py'
[2.758s] Level 1:colcon.colcon_core.package_identification:_identify(build) by extensions ['ignore', 'ignore_ament_install']
[2.759s] Level 1:colcon.colcon_core.package_identification:_identify(build) by extension 'ignore'
[2.759s] Level 1:colcon.colcon_core.package_identification:_identify(build) ignored
[2.760s] Level 1:colcon.colcon_core.package_identification:_identify(install) by extensions ['ignore', 'ignore_ament_install']
[2.760s] Level 1:colcon.colcon_core.package_identification:_identify(install) by extension 'ignore'
[2.760s] Level 1:colcon.colcon_core.package_identification:_identify(install) ignored
[2.763s] Level 1:colcon.colcon_core.package_identification:_identify(log) by extensions ['ignore', 'ignore_ament_install']
[2.763s] Level 1:colcon.colcon_core.package_identification:_identify(log) by extension 'ignore'
[2.763s] Level 1:colcon.colcon_core.package_identification:_identify(log) ignored
[2.764s] Level 1:colcon.colcon_core.package_identification:_identify(src) by extensions ['ignore', 'ignore_ament_install']
[2.764s] Level 1:colcon.colcon_core.package_identification:_identify(src) by extension 'ignore'
[2.764s] Level 1:colcon.colcon_core.package_identification:_identify(src) by extension 'ignore_ament_install'
[2.765s] Level 1:colcon.colcon_core.package_identification:_identify(src) by extensions ['colcon_pkg']
[2.765s] Level 1:colcon.colcon_core.package_identification:_identify(src) by extension 'colcon_pkg'
[2.765s] Level 1:colcon.colcon_core.package_identification:_identify(src) by extensions ['colcon_meta']
[2.765s] Level 1:colcon.colcon_core.package_identification:_identify(src) by extension 'colcon_meta'
[2.765s] Level 1:colcon.colcon_core.package_identification:_identify(src) by extensions ['ros']
[2.765s] Level 1:colcon.colcon_core.package_identification:_identify(src) by extension 'ros'
[2.766s] Level 1:colcon.colcon_core.package_identification:_identify(src) by extensions ['cmake', 'python']
[2.766s] Level 1:colcon.colcon_core.package_identification:_identify(src) by extension 'cmake'
[2.766s] Level 1:colcon.colcon_core.package_identification:_identify(src) by extension 'python'
[2.766s] Level 1:colcon.colcon_core.package_identification:_identify(src) by extensions ['python_setup_py']
[2.766s] Level 1:colcon.colcon_core.package_identification:_identify(src) by extension 'python_setup_py'
[2.767s] Level 1:colcon.colcon_core.package_identification:_identify(src/action_interfaces) by extensions ['ignore', 'ignore_ament_install']
[2.767s] Level 1:colcon.colcon_core.package_identification:_identify(src/action_interfaces) by extension 'ignore'
[2.767s] Level 1:colcon.colcon_core.package_identification:_identify(src/action_interfaces) by extension 'ignore_ament_install'
[2.767s] Level 1:colcon.colcon_core.package_identification:_identify(src/action_interfaces) by extensions ['colcon_pkg']
[2.767s] Level 1:colcon.colcon_core.package_identification:_identify(src/action_interfaces) by extension 'colcon_pkg'
[2.767s] Level 1:colcon.colcon_core.package_identification:_identify(src/action_interfaces) by extensions ['colcon_meta']
[2.768s] Level 1:colcon.colcon_core.package_identification:_identify(src/action_interfaces) by extension 'colcon_meta'
[2.768s] Level 1:colcon.colcon_core.package_identification:_identify(src/action_interfaces) by extensions ['ros']
[2.768s] Level 1:colcon.colcon_core.package_identification:_identify(src/action_interfaces) by extension 'ros'
[2.776s] DEBUG:colcon.colcon_core.package_identification:Package 'src/action_interfaces' with type 'ros.ament_cmake' and name 'action_interfaces'
[2.777s] Level 1:colcon.colcon_core.package_identification:_identify(src/package_image_process) by extensions ['ignore', 'ignore_ament_install']
[2.777s] Level 1:colcon.colcon_core.package_identification:_identify(src/package_image_process) by extension 'ignore'
[2.777s] Level 1:colcon.colcon_core.package_identification:_identify(src/package_image_process) by extension 'ignore_ament_install'
[2.778s] Level 1:colcon.colcon_core.package_identification:_identify(src/package_image_process) by extensions ['colcon_pkg']
[2.778s] Level 1:colcon.colcon_core.package_identification:_identify(src/package_image_process) by extension 'colcon_pkg'
[2.778s] Level 1:colcon.colcon_core.package_identification:_identify(src/package_image_process) by extensions ['colcon_meta']
[2.778s] Level 1:colcon.colcon_core.package_identification:_identify(src/package_image_process) by extension 'colcon_meta'
[2.778s] Level 1:colcon.colcon_core.package_identification:_identify(src/package_image_process) by extensions ['ros']
[2.778s] Level 1:colcon.colcon_core.package_identification:_identify(src/package_image_process) by extension 'ros'
[2.781s] DEBUG:colcon.colcon_core.package_identification:Package 'src/package_image_process' with type 'ros.ament_python' and name 'package_image_process'
[2.782s] Level 1:colcon.colcon_core.package_identification:_identify(src/package_navigate_route) by extensions ['ignore', 'ignore_ament_install']
[2.782s] Level 1:colcon.colcon_core.package_identification:_identify(src/package_navigate_route) by extension 'ignore'
[2.782s] Level 1:colcon.colcon_core.package_identification:_identify(src/package_navigate_route) by extension 'ignore_ament_install'
[2.783s] Level 1:colcon.colcon_core.package_identification:_identify(src/package_navigate_route) by extensions ['colcon_pkg']
[2.783s] Level 1:colcon.colcon_core.package_identification:_identify(src/package_navigate_route) by extension 'colcon_pkg'
[2.783s] Level 1:colcon.colcon_core.package_identification:_identify(src/package_navigate_route) by extensions ['colcon_meta']
[2.783s] Level 1:colcon.colcon_core.package_identification:_identify(src/package_navigate_route) by extension 'colcon_meta'
[2.783s] Level 1:colcon.colcon_core.package_identification:_identify(src/package_navigate_route) by extensions ['ros']
[2.783s] Level 1:colcon.colcon_core.package_identification:_identify(src/package_navigate_route) by extension 'ros'
[2.786s] DEBUG:colcon.colcon_core.package_identification:Package 'src/package_navigate_route' with type 'ros.ament_cmake' and name 'package_navigate_route'
[2.786s] Level 1:colcon.colcon_core.package_identification:_identify(src/package_position_process) by extensions ['ignore', 'ignore_ament_install']
[2.787s] Level 1:colcon.colcon_core.package_identification:_identify(src/package_position_process) by extension 'ignore'
[2.787s] Level 1:colcon.colcon_core.package_identification:_identify(src/package_position_process) by extension 'ignore_ament_install'
[2.787s] Level 1:colcon.colcon_core.package_identification:_identify(src/package_position_process) by extensions ['colcon_pkg']
[2.787s] Level 1:colcon.colcon_core.package_identification:_identify(src/package_position_process) by extension 'colcon_pkg'
[2.788s] Level 1:colcon.colcon_core.package_identification:_identify(src/package_position_process) by extensions ['colcon_meta']
[2.788s] Level 1:colcon.colcon_core.package_identification:_identify(src/package_position_process) by extension 'colcon_meta'
[2.788s] Level 1:colcon.colcon_core.package_identification:_identify(src/package_position_process) by extensions ['ros']
[2.788s] Level 1:colcon.colcon_core.package_identification:_identify(src/package_position_process) by extension 'ros'
[2.790s] DEBUG:colcon.colcon_core.package_identification:Package 'src/package_position_process' with type 'ros.ament_cmake' and name 'package_position_process'
[2.791s] Level 1:colcon.colcon_core.package_identification:_identify(src/package_rover_control) by extensions ['ignore', 'ignore_ament_install']
[2.791s] Level 1:colcon.colcon_core.package_identification:_identify(src/package_rover_control) by extension 'ignore'
[2.791s] Level 1:colcon.colcon_core.package_identification:_identify(src/package_rover_control) by extension 'ignore_ament_install'
[2.791s] Level 1:colcon.colcon_core.package_identification:_identify(src/package_rover_control) by extensions ['colcon_pkg']
[2.791s] Level 1:colcon.colcon_core.package_identification:_identify(src/package_rover_control) by extension 'colcon_pkg'
[2.792s] Level 1:colcon.colcon_core.package_identification:_identify(src/package_rover_control) by extensions ['colcon_meta']
[2.792s] Level 1:colcon.colcon_core.package_identification:_identify(src/package_rover_control) by extension 'colcon_meta'
[2.792s] Level 1:colcon.colcon_core.package_identification:_identify(src/package_rover_control) by extensions ['ros']
[2.792s] Level 1:colcon.colcon_core.package_identification:_identify(src/package_rover_control) by extension 'ros'
[2.795s] DEBUG:colcon.colcon_core.package_identification:Package 'src/package_rover_control' with type 'ros.ament_cmake' and name 'package_rover_control'
[2.795s] Level 1:colcon.colcon_core.package_identification:_identify(src/package_test) by extensions ['ignore', 'ignore_ament_install']
[2.796s] Level 1:colcon.colcon_core.package_identification:_identify(src/package_test) by extension 'ignore'
[2.796s] Level 1:colcon.colcon_core.package_identification:_identify(src/package_test) by extension 'ignore_ament_install'
[2.796s] Level 1:colcon.colcon_core.package_identification:_identify(src/package_test) by extensions ['colcon_pkg']
[2.796s] Level 1:colcon.colcon_core.package_identification:_identify(src/package_test) by extension 'colcon_pkg'
[2.796s] Level 1:colcon.colcon_core.package_identification:_identify(src/package_test) by extensions ['colcon_meta']
[2.797s] Level 1:colcon.colcon_core.package_identification:_identify(src/package_test) by extension 'colcon_meta'
[2.797s] Level 1:colcon.colcon_core.package_identification:_identify(src/package_test) by extensions ['ros']
[2.797s] Level 1:colcon.colcon_core.package_identification:_identify(src/package_test) by extension 'ros'
[2.800s] DEBUG:colcon.colcon_core.package_identification:Package 'src/package_test' with type 'ros.ament_cmake' and name 'package_test'
[2.800s] Level 1:colcon.colcon_core.package_identification:_identify(src/rovercon_msgs) by extensions ['ignore', 'ignore_ament_install']
[2.801s] Level 1:colcon.colcon_core.package_identification:_identify(src/rovercon_msgs) by extension 'ignore'
[2.801s] Level 1:colcon.colcon_core.package_identification:_identify(src/rovercon_msgs) by extension 'ignore_ament_install'
[2.801s] Level 1:colcon.colcon_core.package_identification:_identify(src/rovercon_msgs) by extensions ['colcon_pkg']
[2.801s] Level 1:colcon.colcon_core.package_identification:_identify(src/rovercon_msgs) by extension 'colcon_pkg'
[2.801s] Level 1:colcon.colcon_core.package_identification:_identify(src/rovercon_msgs) by extensions ['colcon_meta']
[2.801s] Level 1:colcon.colcon_core.package_identification:_identify(src/rovercon_msgs) by extension 'colcon_meta'
[2.802s] Level 1:colcon.colcon_core.package_identification:_identify(src/rovercon_msgs) by extensions ['ros']
[2.802s] Level 1:colcon.colcon_core.package_identification:_identify(src/rovercon_msgs) by extension 'ros'
[2.804s] DEBUG:colcon.colcon_core.package_identification:Package 'src/rovercon_msgs' with type 'ros.ament_cmake' and name 'rovercon_msgs'
[2.804s] Level 1:colcon.colcon_core.package_discovery:discover_packages(recursive) using defaults
[2.804s] Level 1:colcon.colcon_core.package_discovery:discover_packages(ignore) discover
[2.804s] Level 1:colcon.colcon_core.package_discovery:discover_packages(ignore) using defaults
[2.804s] Level 1:colcon.colcon_core.package_discovery:discover_packages(path) discover
[2.805s] Level 1:colcon.colcon_core.package_discovery:discover_packages(path) using defaults
[2.977s] Level 1:colcon.colcon_core.package_discovery:discover_packages(prefix_path) check parameters
[2.977s] Level 1:colcon.colcon_core.package_discovery:discover_packages(prefix_path) discover
[2.991s] DEBUG:colcon.colcon_installed_package_information.package_discovery:Found 270 installed packages in /opt/ros/humble
[2.997s] Level 1:colcon.colcon_core.package_discovery:discover_packages(prefix_path) using defaults
[3.280s] Level 5:colcon.colcon_core.verb:set package 'action_interfaces' build argument 'cmake_args' from command line to 'None'
[3.281s] Level 5:colcon.colcon_core.verb:set package 'action_interfaces' build argument 'cmake_target' from command line to 'None'
[3.281s] Level 5:colcon.colcon_core.verb:set package 'action_interfaces' build argument 'cmake_target_skip_unavailable' from command line to 'False'
[3.281s] Level 5:colcon.colcon_core.verb:set package 'action_interfaces' build argument 'cmake_clean_cache' from command line to 'False'
[3.281s] Level 5:colcon.colcon_core.verb:set package 'action_interfaces' build argument 'cmake_clean_first' from command line to 'False'
[3.281s] Level 5:colcon.colcon_core.verb:set package 'action_interfaces' build argument 'cmake_force_configure' from command line to 'False'
[3.282s] Level 5:colcon.colcon_core.verb:set package 'action_interfaces' build argument 'ament_cmake_args' from command line to 'None'
[3.282s] Level 5:colcon.colcon_core.verb:set package 'action_interfaces' build argument 'catkin_cmake_args' from command line to 'None'
[3.282s] Level 5:colcon.colcon_core.verb:set package 'action_interfaces' build argument 'catkin_skip_building_tests' from command line to 'False'
[3.284s] DEBUG:colcon.colcon_core.verb:Building package 'action_interfaces' with the following arguments: {'ament_cmake_args': None, 'build_base': '/home/curry/wilson_proj/ros2-rover-ws/build/action_interfaces', 'catkin_cmake_args': None, 'catkin_skip_building_tests': False, 'cmake_args': None, 'cmake_clean_cache': False, 'cmake_clean_first': False, 'cmake_force_configure': False, 'cmake_target': None, 'cmake_target_skip_unavailable': False, 'install_base': '/home/curry/wilson_proj/ros2-rover-ws/install/action_interfaces', 'merge_install': False, 'path': '/home/curry/wilson_proj/ros2-rover-ws/src/action_interfaces', 'symlink_install': False, 'test_result_base': None}
[3.289s] Level 5:colcon.colcon_core.verb:set package 'package_image_process' build argument 'cmake_args' from command line to 'None'
[3.290s] Level 5:colcon.colcon_core.verb:set package 'package_image_process' build argument 'cmake_target' from command line to 'None'
[3.291s] Level 5:colcon.colcon_core.verb:set package 'package_image_process' build argument 'cmake_target_skip_unavailable' from command line to 'False'
[3.292s] Level 5:colcon.colcon_core.verb:set package 'package_image_process' build argument 'cmake_clean_cache' from command line to 'False'
[3.292s] Level 5:colcon.colcon_core.verb:set package 'package_image_process' build argument 'cmake_clean_first' from command line to 'False'
[3.293s] Level 5:colcon.colcon_core.verb:set package 'package_image_process' build argument 'cmake_force_configure' from command line to 'False'
[3.293s] Level 5:colcon.colcon_core.verb:set package 'package_image_process' build argument 'ament_cmake_args' from command line to 'None'
[3.293s] Level 5:colcon.colcon_core.verb:set package 'package_image_process' build argument 'catkin_cmake_args' from command line to 'None'
[3.293s] Level 5:colcon.colcon_core.verb:set package 'package_image_process' build argument 'catkin_skip_building_tests' from command line to 'False'
[3.293s] DEBUG:colcon.colcon_core.verb:Building package 'package_image_process' with the following arguments: {'ament_cmake_args': None, 'build_base': '/home/curry/wilson_proj/ros2-rover-ws/build/package_image_process', 'catkin_cmake_args': None, 'catkin_skip_building_tests': False, 'cmake_args': None, 'cmake_clean_cache': False, 'cmake_clean_first': False, 'cmake_force_configure': False, 'cmake_target': None, 'cmake_target_skip_unavailable': False, 'install_base': '/home/curry/wilson_proj/ros2-rover-ws/install/package_image_process', 'merge_install': False, 'path': '/home/curry/wilson_proj/ros2-rover-ws/src/package_image_process', 'symlink_install': False, 'test_result_base': None}
[3.295s] Level 5:colcon.colcon_core.verb:set package 'package_navigate_route' build argument 'cmake_args' from command line to 'None'
[3.296s] Level 5:colcon.colcon_core.verb:set package 'package_navigate_route' build argument 'cmake_target' from command line to 'None'
[3.297s] Level 5:colcon.colcon_core.verb:set package 'package_navigate_route' build argument 'cmake_target_skip_unavailable' from command line to 'False'
[3.297s] Level 5:colcon.colcon_core.verb:set package 'package_navigate_route' build argument 'cmake_clean_cache' from command line to 'False'
[3.298s] Level 5:colcon.colcon_core.verb:set package 'package_navigate_route' build argument 'cmake_clean_first' from command line to 'False'
[3.299s] Level 5:colcon.colcon_core.verb:set package 'package_navigate_route' build argument 'cmake_force_configure' from command line to 'False'
[3.299s] Level 5:colcon.colcon_core.verb:set package 'package_navigate_route' build argument 'ament_cmake_args' from command line to 'None'
[3.299s] Level 5:colcon.colcon_core.verb:set package 'package_navigate_route' build argument 'catkin_cmake_args' from command line to 'None'
[3.299s] Level 5:colcon.colcon_core.verb:set package 'package_navigate_route' build argument 'catkin_skip_building_tests' from command line to 'False'
[3.299s] DEBUG:colcon.colcon_core.verb:Building package 'package_navigate_route' with the following arguments: {'ament_cmake_args': None, 'build_base': '/home/curry/wilson_proj/ros2-rover-ws/build/package_navigate_route', 'catkin_cmake_args': None, 'catkin_skip_building_tests': False, 'cmake_args': None, 'cmake_clean_cache': False, 'cmake_clean_first': False, 'cmake_force_configure': False, 'cmake_target': None, 'cmake_target_skip_unavailable': False, 'install_base': '/home/curry/wilson_proj/ros2-rover-ws/install/package_navigate_route', 'merge_install': False, 'path': '/home/curry/wilson_proj/ros2-rover-ws/src/package_navigate_route', 'symlink_install': False, 'test_result_base': None}
[3.301s] Level 5:colcon.colcon_core.verb:set package 'package_position_process' build argument 'cmake_args' from command line to 'None'
[3.302s] Level 5:colcon.colcon_core.verb:set package 'package_position_process' build argument 'cmake_target' from command line to 'None'
[3.302s] Level 5:colcon.colcon_core.verb:set package 'package_position_process' build argument 'cmake_target_skip_unavailable' from command line to 'False'
[3.302s] Level 5:colcon.colcon_core.verb:set package 'package_position_process' build argument 'cmake_clean_cache' from command line to 'False'
[3.302s] Level 5:colcon.colcon_core.verb:set package 'package_position_process' build argument 'cmake_clean_first' from command line to 'False'
[3.303s] Level 5:colcon.colcon_core.verb:set package 'package_position_process' build argument 'cmake_force_configure' from command line to 'False'
[3.303s] Level 5:colcon.colcon_core.verb:set package 'package_position_process' build argument 'ament_cmake_args' from command line to 'None'
[3.303s] Level 5:colcon.colcon_core.verb:set package 'package_position_process' build argument 'catkin_cmake_args' from command line to 'None'
[3.303s] Level 5:colcon.colcon_core.verb:set package 'package_position_process' build argument 'catkin_skip_building_tests' from command line to 'False'
[3.303s] DEBUG:colcon.colcon_core.verb:Building package 'package_position_process' with the following arguments: {'ament_cmake_args': None, 'build_base': '/home/curry/wilson_proj/ros2-rover-ws/build/package_position_process', 'catkin_cmake_args': None, 'catkin_skip_building_tests': False, 'cmake_args': None, 'cmake_clean_cache': False, 'cmake_clean_first': False, 'cmake_force_configure': False, 'cmake_target': None, 'cmake_target_skip_unavailable': False, 'install_base': '/home/curry/wilson_proj/ros2-rover-ws/install/package_position_process', 'merge_install': False, 'path': '/home/curry/wilson_proj/ros2-rover-ws/src/package_position_process', 'symlink_install': False, 'test_result_base': None}
[3.305s] Level 5:colcon.colcon_core.verb:set package 'package_rover_control' build argument 'cmake_args' from command line to 'None'
[3.306s] Level 5:colcon.colcon_core.verb:set package 'package_rover_control' build argument 'cmake_target' from command line to 'None'
[3.306s] Level 5:colcon.colcon_core.verb:set package 'package_rover_control' build argument 'cmake_target_skip_unavailable' from command line to 'False'
[3.306s] Level 5:colcon.colcon_core.verb:set package 'package_rover_control' build argument 'cmake_clean_cache' from command line to 'False'
[3.306s] Level 5:colcon.colcon_core.verb:set package 'package_rover_control' build argument 'cmake_clean_first' from command line to 'False'
[3.306s] Level 5:colcon.colcon_core.verb:set package 'package_rover_control' build argument 'cmake_force_configure' from command line to 'False'
[3.306s] Level 5:colcon.colcon_core.verb:set package 'package_rover_control' build argument 'ament_cmake_args' from command line to 'None'
[3.307s] Level 5:colcon.colcon_core.verb:set package 'package_rover_control' build argument 'catkin_cmake_args' from command line to 'None'
[3.307s] Level 5:colcon.colcon_core.verb:set package 'package_rover_control' build argument 'catkin_skip_building_tests' from command line to 'False'
[3.307s] DEBUG:colcon.colcon_core.verb:Building package 'package_rover_control' with the following arguments: {'ament_cmake_args': None, 'build_base': '/home/curry/wilson_proj/ros2-rover-ws/build/package_rover_control', 'catkin_cmake_args': None, 'catkin_skip_building_tests': False, 'cmake_args': None, 'cmake_clean_cache': False, 'cmake_clean_first': False, 'cmake_force_configure': False, 'cmake_target': None, 'cmake_target_skip_unavailable': False, 'install_base': '/home/curry/wilson_proj/ros2-rover-ws/install/package_rover_control', 'merge_install': False, 'path': '/home/curry/wilson_proj/ros2-rover-ws/src/package_rover_control', 'symlink_install': False, 'test_result_base': None}
[3.312s] Level 5:colcon.colcon_core.verb:set package 'package_test' build argument 'cmake_args' from command line to 'None'
[3.313s] Level 5:colcon.colcon_core.verb:set package 'package_test' build argument 'cmake_target' from command line to 'None'
[3.314s] Level 5:colcon.colcon_core.verb:set package 'package_test' build argument 'cmake_target_skip_unavailable' from command line to 'False'
[3.314s] Level 5:colcon.colcon_core.verb:set package 'package_test' build argument 'cmake_clean_cache' from command line to 'False'
[3.315s] Level 5:colcon.colcon_core.verb:set package 'package_test' build argument 'cmake_clean_first' from command line to 'False'
[3.315s] Level 5:colcon.colcon_core.verb:set package 'package_test' build argument 'cmake_force_configure' from command line to 'False'
[3.315s] Level 5:colcon.colcon_core.verb:set package 'package_test' build argument 'ament_cmake_args' from command line to 'None'
[3.315s] Level 5:colcon.colcon_core.verb:set package 'package_test' build argument 'catkin_cmake_args' from command line to 'None'
[3.316s] Level 5:colcon.colcon_core.verb:set package 'package_test' build argument 'catkin_skip_building_tests' from command line to 'False'
[3.316s] DEBUG:colcon.colcon_core.verb:Building package 'package_test' with the following arguments: {'ament_cmake_args': None, 'build_base': '/home/curry/wilson_proj/ros2-rover-ws/build/package_test', 'catkin_cmake_args': None, 'catkin_skip_building_tests': False, 'cmake_args': None, 'cmake_clean_cache': False, 'cmake_clean_first': False, 'cmake_force_configure': False, 'cmake_target': None, 'cmake_target_skip_unavailable': False, 'install_base': '/home/curry/wilson_proj/ros2-rover-ws/install/package_test', 'merge_install': False, 'path': '/home/curry/wilson_proj/ros2-rover-ws/src/package_test', 'symlink_install': False, 'test_result_base': None}
[3.319s] Level 5:colcon.colcon_core.verb:set package 'rovercon_msgs' build argument 'cmake_args' from command line to 'None'
[3.320s] Level 5:colcon.colcon_core.verb:set package 'rovercon_msgs' build argument 'cmake_target' from command line to 'None'
[3.320s] Level 5:colcon.colcon_core.verb:set package 'rovercon_msgs' build argument 'cmake_target_skip_unavailable' from command line to 'False'
[3.321s] Level 5:colcon.colcon_core.verb:set package 'rovercon_msgs' build argument 'cmake_clean_cache' from command line to 'False'
[3.321s] Level 5:colcon.colcon_core.verb:set package 'rovercon_msgs' build argument 'cmake_clean_first' from command line to 'False'
[3.321s] Level 5:colcon.colcon_core.verb:set package 'rovercon_msgs' build argument 'cmake_force_configure' from command line to 'False'
[3.321s] Level 5:colcon.colcon_core.verb:set package 'rovercon_msgs' build argument 'ament_cmake_args' from command line to 'None'
[3.321s] Level 5:colcon.colcon_core.verb:set package 'rovercon_msgs' build argument 'catkin_cmake_args' from command line to 'None'
[3.321s] Level 5:colcon.colcon_core.verb:set package 'rovercon_msgs' build argument 'catkin_skip_building_tests' from command line to 'False'
[3.321s] DEBUG:colcon.colcon_core.verb:Building package 'rovercon_msgs' with the following arguments: {'ament_cmake_args': None, 'build_base': '/home/curry/wilson_proj/ros2-rover-ws/build/rovercon_msgs', 'catkin_cmake_args': None, 'catkin_skip_building_tests': False, 'cmake_args': None, 'cmake_clean_cache': False, 'cmake_clean_first': False, 'cmake_force_configure': False, 'cmake_target': None, 'cmake_target_skip_unavailable': False, 'install_base': '/home/curry/wilson_proj/ros2-rover-ws/install/rovercon_msgs', 'merge_install': False, 'path': '/home/curry/wilson_proj/ros2-rover-ws/src/rovercon_msgs', 'symlink_install': False, 'test_result_base': None}
[3.322s] INFO:colcon.colcon_core.executor:Executing jobs using 'parallel' executor
[3.327s] DEBUG:colcon.colcon_parallel_executor.executor.parallel:run_until_complete
[3.328s] INFO:colcon.colcon_ros.task.ament_cmake.build:Building ROS package in '/home/curry/wilson_proj/ros2-rover-ws/src/action_interfaces' with build type 'ament_cmake'
[3.329s] INFO:colcon.colcon_cmake.task.cmake.build:Building CMake package in '/home/curry/wilson_proj/ros2-rover-ws/src/action_interfaces'
[3.348s] INFO:colcon.colcon_core.plugin_system:Skipping extension 'colcon_core.shell.bat': Not used on non-Windows systems
[3.350s] INFO:colcon.colcon_core.shell:Skip shell extension 'powershell' for command environment: Not usable outside of PowerShell
[3.351s] DEBUG:colcon.colcon_core.shell:Skip shell extension 'dsv' for command environment
[3.377s] INFO:colcon.colcon_ros.task.ament_python.build:Building ROS package in '/home/curry/wilson_proj/ros2-rover-ws/src/package_image_process' with build type 'ament_python'
[3.380s] Level 1:colcon.colcon_core.shell:create_environment_hook('package_image_process', 'ament_prefix_path')
[3.381s] INFO:colcon.colcon_core.shell:Creating environment hook '/home/curry/wilson_proj/ros2-rover-ws/install/package_image_process/share/package_image_process/hook/ament_prefix_path.ps1'
[3.386s] INFO:colcon.colcon_core.shell:Creating environment descriptor '/home/curry/wilson_proj/ros2-rover-ws/install/package_image_process/share/package_image_process/hook/ament_prefix_path.dsv'
[3.389s] INFO:colcon.colcon_core.shell:Creating environment hook '/home/curry/wilson_proj/ros2-rover-ws/install/package_image_process/share/package_image_process/hook/ament_prefix_path.sh'
[3.394s] INFO:colcon.colcon_core.shell:Skip shell extension 'powershell' for command environment: Not usable outside of PowerShell
[3.394s] DEBUG:colcon.colcon_core.shell:Skip shell extension 'dsv' for command environment
[3.413s] INFO:colcon.colcon_ros.task.ament_cmake.build:Building ROS package in '/home/curry/wilson_proj/ros2-rover-ws/src/package_navigate_route' with build type 'ament_cmake'
[3.414s] INFO:colcon.colcon_cmake.task.cmake.build:Building CMake package in '/home/curry/wilson_proj/ros2-rover-ws/src/package_navigate_route'
[3.415s] INFO:colcon.colcon_core.shell:Skip shell extension 'powershell' for command environment: Not usable outside of PowerShell
[3.415s] DEBUG:colcon.colcon_core.shell:Skip shell extension 'dsv' for command environment
[3.434s] INFO:colcon.colcon_ros.task.ament_cmake.build:Building ROS package in '/home/curry/wilson_proj/ros2-rover-ws/src/package_position_process' with build type 'ament_cmake'
[3.435s] INFO:colcon.colcon_cmake.task.cmake.build:Building CMake package in '/home/curry/wilson_proj/ros2-rover-ws/src/package_position_process'
[3.437s] INFO:colcon.colcon_core.shell:Skip shell extension 'powershell' for command environment: Not usable outside of PowerShell
[3.438s] DEBUG:colcon.colcon_core.shell:Skip shell extension 'dsv' for command environment
[3.485s] DEBUG:colcon.colcon_core.event_handler.log_command:Invoking command in '/home/curry/wilson_proj/ros2-rover-ws/build/action_interfaces': CMAKE_PREFIX_PATH=/opt/ros/humble /usr/bin/cmake --build /home/curry/wilson_proj/ros2-rover-ws/build/action_interfaces -- -j4 -l4
[5.825s] INFO:colcon.colcon_core.task.python.build:Building Python package in '/home/curry/wilson_proj/ros2-rover-ws/src/package_image_process'
[5.826s] INFO:colcon.colcon_core.shell:Skip shell extension 'powershell' for command environment: Not usable outside of PowerShell
[5.827s] DEBUG:colcon.colcon_core.shell:Skip shell extension 'dsv' for command environment
[5.864s] DEBUG:colcon.colcon_core.event_handler.log_command:Invoking command in '/home/curry/wilson_proj/ros2-rover-ws/build/package_navigate_route': CMAKE_PREFIX_PATH=/opt/ros/humble /usr/bin/cmake --build /home/curry/wilson_proj/ros2-rover-ws/build/package_navigate_route -- -j4 -l4
[5.916s] DEBUG:colcon.colcon_core.event_handler.log_command:Invoking command in '/home/curry/wilson_proj/ros2-rover-ws/build/package_position_process': CMAKE_PREFIX_PATH=/opt/ros/humble /usr/bin/cmake --build /home/curry/wilson_proj/ros2-rover-ws/build/package_position_process -- -j4 -l4
[6.230s] DEBUG:colcon.colcon_core.event_handler.log_command:Invoked command in '/home/curry/wilson_proj/ros2-rover-ws/build/package_navigate_route' returned '0': CMAKE_PREFIX_PATH=/opt/ros/humble /usr/bin/cmake --build /home/curry/wilson_proj/ros2-rover-ws/build/package_navigate_route -- -j4 -l4
[6.534s] DEBUG:colcon.colcon_core.event_handler.log_command:Invoking command in '/home/curry/wilson_proj/ros2-rover-ws/build/package_navigate_route': CMAKE_PREFIX_PATH=/opt/ros/humble /usr/bin/cmake --install /home/curry/wilson_proj/ros2-rover-ws/build/package_navigate_route
[6.554s] DEBUG:colcon.colcon_core.event_handler.log_command:Invoked command in '/home/curry/wilson_proj/ros2-rover-ws/build/package_position_process' returned '0': CMAKE_PREFIX_PATH=/opt/ros/humble /usr/bin/cmake --build /home/curry/wilson_proj/ros2-rover-ws/build/package_position_process -- -j4 -l4
[6.662s] Level 1:colcon.colcon_core.environment:create_environment_scripts_only(package_navigate_route)
[6.663s] DEBUG:colcon.colcon_core.event_handler.log_command:Invoked command in '/home/curry/wilson_proj/ros2-rover-ws/build/package_navigate_route' returned '0': CMAKE_PREFIX_PATH=/opt/ros/humble /usr/bin/cmake --install /home/curry/wilson_proj/ros2-rover-ws/build/package_navigate_route
[6.693s] Level 1:colcon.colcon_core.environment:checking '/home/curry/wilson_proj/ros2-rover-ws/install/package_navigate_route' for CMake module files
[6.704s] Level 1:colcon.colcon_core.environment:checking '/home/curry/wilson_proj/ros2-rover-ws/install/package_navigate_route' for CMake config files
[6.709s] Level 1:colcon.colcon_core.shell:create_environment_hook('package_navigate_route', 'cmake_prefix_path')
[6.711s] INFO:colcon.colcon_core.shell:Creating environment hook '/home/curry/wilson_proj/ros2-rover-ws/install/package_navigate_route/share/package_navigate_route/hook/cmake_prefix_path.ps1'
[6.721s] INFO:colcon.colcon_core.shell:Creating environment descriptor '/home/curry/wilson_proj/ros2-rover-ws/install/package_navigate_route/share/package_navigate_route/hook/cmake_prefix_path.dsv'
[6.725s] INFO:colcon.colcon_core.shell:Creating environment hook '/home/curry/wilson_proj/ros2-rover-ws/install/package_navigate_route/share/package_navigate_route/hook/cmake_prefix_path.sh'
[6.729s] Level 1:colcon.colcon_core.environment:checking '/home/curry/wilson_proj/ros2-rover-ws/install/package_navigate_route/lib'
[6.730s] Level 1:colcon.colcon_core.environment:checking '/home/curry/wilson_proj/ros2-rover-ws/install/package_navigate_route/bin'
[6.731s] Level 1:colcon.colcon_core.environment:checking '/home/curry/wilson_proj/ros2-rover-ws/install/package_navigate_route/lib/pkgconfig/package_navigate_route.pc'
[6.732s] Level 1:colcon.colcon_core.environment:checking '/home/curry/wilson_proj/ros2-rover-ws/install/package_navigate_route/lib/python3.10/site-packages'
[6.733s] Level 1:colcon.colcon_core.environment:checking '/home/curry/wilson_proj/ros2-rover-ws/install/package_navigate_route/bin'
[6.735s] INFO:colcon.colcon_core.shell:Creating package script '/home/curry/wilson_proj/ros2-rover-ws/install/package_navigate_route/share/package_navigate_route/package.ps1'
[6.741s] INFO:colcon.colcon_core.shell:Creating package descriptor '/home/curry/wilson_proj/ros2-rover-ws/install/package_navigate_route/share/package_navigate_route/package.dsv'
[6.744s] INFO:colcon.colcon_core.shell:Creating package script '/home/curry/wilson_proj/ros2-rover-ws/install/package_navigate_route/share/package_navigate_route/package.sh'
[6.754s] INFO:colcon.colcon_core.shell:Creating package script '/home/curry/wilson_proj/ros2-rover-ws/install/package_navigate_route/share/package_navigate_route/package.bash'
[6.762s] INFO:colcon.colcon_core.shell:Creating package script '/home/curry/wilson_proj/ros2-rover-ws/install/package_navigate_route/share/package_navigate_route/package.zsh'
[6.767s] Level 1:colcon.colcon_core.environment:create_file_with_runtime_dependencies(/home/curry/wilson_proj/ros2-rover-ws/install/package_navigate_route/share/colcon-core/packages/package_navigate_route)
[6.915s] DEBUG:colcon.colcon_core.event_handler.log_command:Invoking command in '/home/curry/wilson_proj/ros2-rover-ws/build/package_position_process': CMAKE_PREFIX_PATH=/opt/ros/humble /usr/bin/cmake --install /home/curry/wilson_proj/ros2-rover-ws/build/package_position_process
[7.004s] Level 1:colcon.colcon_core.environment:create_environment_scripts_only(package_position_process)
[7.007s] Level 1:colcon.colcon_core.environment:checking '/home/curry/wilson_proj/ros2-rover-ws/install/package_position_process' for CMake module files
[7.015s] DEBUG:colcon.colcon_core.event_handler.log_command:Invoked command in '/home/curry/wilson_proj/ros2-rover-ws/build/package_position_process' returned '0': CMAKE_PREFIX_PATH=/opt/ros/humble /usr/bin/cmake --install /home/curry/wilson_proj/ros2-rover-ws/build/package_position_process
[7.019s] Level 1:colcon.colcon_core.environment:checking '/home/curry/wilson_proj/ros2-rover-ws/install/package_position_process' for CMake config files
[7.028s] Level 1:colcon.colcon_core.shell:create_environment_hook('package_position_process', 'cmake_prefix_path')
[7.030s] INFO:colcon.colcon_core.shell:Creating environment hook '/home/curry/wilson_proj/ros2-rover-ws/install/package_position_process/share/package_position_process/hook/cmake_prefix_path.ps1'
[7.036s] INFO:colcon.colcon_core.shell:Creating environment descriptor '/home/curry/wilson_proj/ros2-rover-ws/install/package_position_process/share/package_position_process/hook/cmake_prefix_path.dsv'
[7.041s] INFO:colcon.colcon_core.shell:Creating environment hook '/home/curry/wilson_proj/ros2-rover-ws/install/package_position_process/share/package_position_process/hook/cmake_prefix_path.sh'
[7.046s] Level 1:colcon.colcon_core.environment:checking '/home/curry/wilson_proj/ros2-rover-ws/install/package_position_process/lib'
[7.048s] Level 1:colcon.colcon_core.environment:checking '/home/curry/wilson_proj/ros2-rover-ws/install/package_position_process/bin'
[7.049s] Level 1:colcon.colcon_core.environment:checking '/home/curry/wilson_proj/ros2-rover-ws/install/package_position_process/lib/pkgconfig/package_position_process.pc'
[7.050s] Level 1:colcon.colcon_core.environment:checking '/home/curry/wilson_proj/ros2-rover-ws/install/package_position_process/lib/python3.10/site-packages'
[7.053s] Level 1:colcon.colcon_core.environment:checking '/home/curry/wilson_proj/ros2-rover-ws/install/package_position_process/bin'
[7.056s] INFO:colcon.colcon_core.shell:Creating package script '/home/curry/wilson_proj/ros2-rover-ws/install/package_position_process/share/package_position_process/package.ps1'
[7.062s] INFO:colcon.colcon_core.shell:Creating package descriptor '/home/curry/wilson_proj/ros2-rover-ws/install/package_position_process/share/package_position_process/package.dsv'
[7.066s] INFO:colcon.colcon_core.shell:Creating package script '/home/curry/wilson_proj/ros2-rover-ws/install/package_position_process/share/package_position_process/package.sh'
[7.070s] INFO:colcon.colcon_core.shell:Creating package script '/home/curry/wilson_proj/ros2-rover-ws/install/package_position_process/share/package_position_process/package.bash'
[7.074s] INFO:colcon.colcon_core.shell:Creating package script '/home/curry/wilson_proj/ros2-rover-ws/install/package_position_process/share/package_position_process/package.zsh'
[7.078s] Level 1:colcon.colcon_core.environment:create_file_with_runtime_dependencies(/home/curry/wilson_proj/ros2-rover-ws/install/package_position_process/share/colcon-core/packages/package_position_process)
[7.093s] Level 1:colcon.colcon_core.environment:create_environment_scripts_only(package_navigate_route)
[7.095s] Level 1:colcon.colcon_core.environment:checking '/home/curry/wilson_proj/ros2-rover-ws/install/package_navigate_route' for CMake module files
[7.105s] Level 1:colcon.colcon_core.environment:checking '/home/curry/wilson_proj/ros2-rover-ws/install/package_navigate_route' for CMake config files
[7.110s] Level 1:colcon.colcon_core.shell:create_environment_hook('package_navigate_route', 'cmake_prefix_path')
[7.116s] INFO:colcon.colcon_core.shell:Creating environment hook '/home/curry/wilson_proj/ros2-rover-ws/install/package_navigate_route/share/package_navigate_route/hook/cmake_prefix_path.ps1'
[7.120s] INFO:colcon.colcon_core.shell:Creating environment descriptor '/home/curry/wilson_proj/ros2-rover-ws/install/package_navigate_route/share/package_navigate_route/hook/cmake_prefix_path.dsv'
[7.128s] INFO:colcon.colcon_core.shell:Creating environment hook '/home/curry/wilson_proj/ros2-rover-ws/install/package_navigate_route/share/package_navigate_route/hook/cmake_prefix_path.sh'
[7.134s] Level 1:colcon.colcon_core.environment:checking '/home/curry/wilson_proj/ros2-rover-ws/install/package_navigate_route/lib'
[7.135s] Level 1:colcon.colcon_core.environment:checking '/home/curry/wilson_proj/ros2-rover-ws/install/package_navigate_route/bin'
[7.136s] Level 1:colcon.colcon_core.environment:checking '/home/curry/wilson_proj/ros2-rover-ws/install/package_navigate_route/lib/pkgconfig/package_navigate_route.pc'
[7.138s] Level 1:colcon.colcon_core.environment:checking '/home/curry/wilson_proj/ros2-rover-ws/install/package_navigate_route/lib/python3.10/site-packages'
[7.140s] Level 1:colcon.colcon_core.environment:checking '/home/curry/wilson_proj/ros2-rover-ws/install/package_navigate_route/bin'
[7.142s] INFO:colcon.colcon_core.shell:Creating package script '/home/curry/wilson_proj/ros2-rover-ws/install/package_navigate_route/share/package_navigate_route/package.ps1'
[7.146s] INFO:colcon.colcon_core.shell:Creating package descriptor '/home/curry/wilson_proj/ros2-rover-ws/install/package_navigate_route/share/package_navigate_route/package.dsv'
[7.150s] INFO:colcon.colcon_core.shell:Creating package script '/home/curry/wilson_proj/ros2-rover-ws/install/package_navigate_route/share/package_navigate_route/package.sh'
[7.154s] INFO:colcon.colcon_core.shell:Creating package script '/home/curry/wilson_proj/ros2-rover-ws/install/package_navigate_route/share/package_navigate_route/package.bash'
[7.159s] INFO:colcon.colcon_core.shell:Creating package script '/home/curry/wilson_proj/ros2-rover-ws/install/package_navigate_route/share/package_navigate_route/package.zsh'
[7.165s] Level 1:colcon.colcon_core.environment:create_file_with_runtime_dependencies(/home/curry/wilson_proj/ros2-rover-ws/install/package_navigate_route/share/colcon-core/packages/package_navigate_route)
[7.168s] INFO:colcon.colcon_ros.task.ament_cmake.build:Building ROS package in '/home/curry/wilson_proj/ros2-rover-ws/src/package_rover_control' with build type 'ament_cmake'
[7.168s] INFO:colcon.colcon_cmake.task.cmake.build:Building CMake package in '/home/curry/wilson_proj/ros2-rover-ws/src/package_rover_control'
[7.170s] INFO:colcon.colcon_core.shell:Skip shell extension 'powershell' for command environment: Not usable outside of PowerShell
[7.170s] DEBUG:colcon.colcon_core.shell:Skip shell extension 'dsv' for command environment
[7.260s] Level 1:colcon.colcon_core.environment:create_environment_scripts_only(package_position_process)
[7.261s] Level 1:colcon.colcon_core.environment:checking '/home/curry/wilson_proj/ros2-rover-ws/install/package_position_process' for CMake module files
[7.265s] Level 1:colcon.colcon_core.environment:checking '/home/curry/wilson_proj/ros2-rover-ws/install/package_position_process' for CMake config files
[7.268s] Level 1:colcon.colcon_core.shell:create_environment_hook('package_position_process', 'cmake_prefix_path')
[7.269s] INFO:colcon.colcon_core.shell:Creating environment hook '/home/curry/wilson_proj/ros2-rover-ws/install/package_position_process/share/package_position_process/hook/cmake_prefix_path.ps1'
[7.271s] INFO:colcon.colcon_core.shell:Creating environment descriptor '/home/curry/wilson_proj/ros2-rover-ws/install/package_position_process/share/package_position_process/hook/cmake_prefix_path.dsv'
[7.274s] INFO:colcon.colcon_core.shell:Creating environment hook '/home/curry/wilson_proj/ros2-rover-ws/install/package_position_process/share/package_position_process/hook/cmake_prefix_path.sh'
[7.278s] Level 1:colcon.colcon_core.environment:checking '/home/curry/wilson_proj/ros2-rover-ws/install/package_position_process/lib'
[7.279s] Level 1:colcon.colcon_core.environment:checking '/home/curry/wilson_proj/ros2-rover-ws/install/package_position_process/bin'
[7.279s] Level 1:colcon.colcon_core.environment:checking '/home/curry/wilson_proj/ros2-rover-ws/install/package_position_process/lib/pkgconfig/package_position_process.pc'
[7.281s] Level 1:colcon.colcon_core.environment:checking '/home/curry/wilson_proj/ros2-rover-ws/install/package_position_process/lib/python3.10/site-packages'
[7.283s] Level 1:colcon.colcon_core.environment:checking '/home/curry/wilson_proj/ros2-rover-ws/install/package_position_process/bin'
[7.284s] INFO:colcon.colcon_core.shell:Creating package script '/home/curry/wilson_proj/ros2-rover-ws/install/package_position_process/share/package_position_process/package.ps1'
[7.287s] INFO:colcon.colcon_core.shell:Creating package descriptor '/home/curry/wilson_proj/ros2-rover-ws/install/package_position_process/share/package_position_process/package.dsv'
[7.290s] INFO:colcon.colcon_core.shell:Creating package script '/home/curry/wilson_proj/ros2-rover-ws/install/package_position_process/share/package_position_process/package.sh'
[7.293s] INFO:colcon.colcon_core.shell:Creating package script '/home/curry/wilson_proj/ros2-rover-ws/install/package_position_process/share/package_position_process/package.bash'
[7.296s] INFO:colcon.colcon_core.shell:Creating package script '/home/curry/wilson_proj/ros2-rover-ws/install/package_position_process/share/package_position_process/package.zsh'
[7.298s] Level 1:colcon.colcon_core.environment:create_file_with_runtime_dependencies(/home/curry/wilson_proj/ros2-rover-ws/install/package_position_process/share/colcon-core/packages/package_position_process)
[7.302s] INFO:colcon.colcon_ros.task.ament_cmake.build:Building ROS package in '/home/curry/wilson_proj/ros2-rover-ws/src/package_test' with build type 'ament_cmake'
[7.302s] INFO:colcon.colcon_cmake.task.cmake.build:Building CMake package in '/home/curry/wilson_proj/ros2-rover-ws/src/package_test'
[7.303s] INFO:colcon.colcon_core.shell:Skip shell extension 'powershell' for command environment: Not usable outside of PowerShell
[7.304s] DEBUG:colcon.colcon_core.shell:Skip shell extension 'dsv' for command environment
[7.339s] DEBUG:colcon.colcon_core.event_handler.log_command:Invoking command in '/home/curry/wilson_proj/ros2-rover-ws/build/package_rover_control': CMAKE_PREFIX_PATH=/opt/ros/humble /usr/bin/cmake --build /home/curry/wilson_proj/ros2-rover-ws/build/package_rover_control -- -j4 -l4
[7.367s] DEBUG:colcon.colcon_core.event_handler.log_command:Invoking command in '/home/curry/wilson_proj/ros2-rover-ws/build/package_test': CMAKE_PREFIX_PATH=/opt/ros/humble /usr/bin/cmake --build /home/curry/wilson_proj/ros2-rover-ws/build/package_test -- -j4 -l4
[9.139s] DEBUG:colcon.colcon_core.event_handler.log_command:Invoked command in '/home/curry/wilson_proj/ros2-rover-ws/build/package_test' returned '0': CMAKE_PREFIX_PATH=/opt/ros/humble /usr/bin/cmake --build /home/curry/wilson_proj/ros2-rover-ws/build/package_test -- -j4 -l4
[9.551s] DEBUG:colcon.colcon_core.event_handler.log_command:Invoked command in '/home/curry/wilson_proj/ros2-rover-ws/build/action_interfaces' returned '0': CMAKE_PREFIX_PATH=/opt/ros/humble /usr/bin/cmake --build /home/curry/wilson_proj/ros2-rover-ws/build/action_interfaces -- -j4 -l4
[9.675s] DEBUG:colcon.colcon_core.event_handler.log_command:Invoking command in '/home/curry/wilson_proj/ros2-rover-ws/build/package_test': CMAKE_PREFIX_PATH=/opt/ros/humble /usr/bin/cmake --install /home/curry/wilson_proj/ros2-rover-ws/build/package_test
[9.886s] Level 1:colcon.colcon_core.environment:create_environment_scripts_only(package_test)
[9.887s] Level 1:colcon.colcon_core.environment:checking '/home/curry/wilson_proj/ros2-rover-ws/install/package_test' for CMake module files
[9.891s] DEBUG:colcon.colcon_core.event_handler.log_command:Invoked command in '/home/curry/wilson_proj/ros2-rover-ws/build/package_test' returned '0': CMAKE_PREFIX_PATH=/opt/ros/humble /usr/bin/cmake --install /home/curry/wilson_proj/ros2-rover-ws/build/package_test
[9.892s] Level 1:colcon.colcon_core.environment:checking '/home/curry/wilson_proj/ros2-rover-ws/install/package_test' for CMake config files
[9.901s] Level 1:colcon.colcon_core.shell:create_environment_hook('package_test', 'cmake_prefix_path')
[9.902s] INFO:colcon.colcon_core.shell:Creating environment hook '/home/curry/wilson_proj/ros2-rover-ws/install/package_test/share/package_test/hook/cmake_prefix_path.ps1'
[9.909s] INFO:colcon.colcon_core.shell:Creating environment descriptor '/home/curry/wilson_proj/ros2-rover-ws/install/package_test/share/package_test/hook/cmake_prefix_path.dsv'
[9.915s] INFO:colcon.colcon_core.shell:Creating environment hook '/home/curry/wilson_proj/ros2-rover-ws/install/package_test/share/package_test/hook/cmake_prefix_path.sh'
[9.929s] Level 1:colcon.colcon_core.environment:checking '/home/curry/wilson_proj/ros2-rover-ws/install/package_test/lib'
[9.930s] Level 1:colcon.colcon_core.environment:checking '/home/curry/wilson_proj/ros2-rover-ws/install/package_test/bin'
[9.931s] Level 1:colcon.colcon_core.environment:checking '/home/curry/wilson_proj/ros2-rover-ws/install/package_test/lib/pkgconfig/package_test.pc'
[9.940s] Level 1:colcon.colcon_core.environment:checking '/home/curry/wilson_proj/ros2-rover-ws/install/package_test/lib/python3.10/site-packages'
[9.941s] Level 1:colcon.colcon_core.environment:checking '/home/curry/wilson_proj/ros2-rover-ws/install/package_test/bin'
[9.943s] INFO:colcon.colcon_core.shell:Creating package script '/home/curry/wilson_proj/ros2-rover-ws/install/package_test/share/package_test/package.ps1'
[9.946s] INFO:colcon.colcon_core.shell:Creating package descriptor '/home/curry/wilson_proj/ros2-rover-ws/install/package_test/share/package_test/package.dsv'
[9.949s] INFO:colcon.colcon_core.shell:Creating package script '/home/curry/wilson_proj/ros2-rover-ws/install/package_test/share/package_test/package.sh'
[9.955s] INFO:colcon.colcon_core.shell:Creating package script '/home/curry/wilson_proj/ros2-rover-ws/install/package_test/share/package_test/package.bash'
[9.959s] INFO:colcon.colcon_core.shell:Creating package script '/home/curry/wilson_proj/ros2-rover-ws/install/package_test/share/package_test/package.zsh'
[9.963s] Level 1:colcon.colcon_core.environment:create_file_with_runtime_dependencies(/home/curry/wilson_proj/ros2-rover-ws/install/package_test/share/colcon-core/packages/package_test)
[10.303s] DEBUG:colcon.colcon_core.event_handler.log_command:Invoking command in '/home/curry/wilson_proj/ros2-rover-ws/src/package_image_process': PYTHONPATH=/home/curry/wilson_proj/ros2-rover-ws/build/package_image_process/prefix_override:/usr/lib/python3/dist-packages/colcon_core/task/python/colcon_distutils_commands:/home/curry/wilson_proj/ros2-rover-ws/install/package_image_process/lib/python3.10/site-packages:${PYTHONPATH} /usr/bin/python3 -W ignore:setup.py install is deprecated -W ignore:easy_install command is deprecated setup.py egg_info --egg-base ../../build/package_image_process build --build-base /home/curry/wilson_proj/ros2-rover-ws/build/package_image_process/build install --record /home/curry/wilson_proj/ros2-rover-ws/build/package_image_process/install.log --single-version-externally-managed install_data
[10.535s] Level 1:colcon.colcon_core.environment:create_environment_scripts_only(package_test)
[10.542s] Level 1:colcon.colcon_core.environment:checking '/home/curry/wilson_proj/ros2-rover-ws/install/package_test' for CMake module files
[10.554s] Level 1:colcon.colcon_core.environment:checking '/home/curry/wilson_proj/ros2-rover-ws/install/package_test' for CMake config files
[10.557s] Level 1:colcon.colcon_core.shell:create_environment_hook('package_test', 'cmake_prefix_path')
[10.559s] INFO:colcon.colcon_core.shell:Creating environment hook '/home/curry/wilson_proj/ros2-rover-ws/install/package_test/share/package_test/hook/cmake_prefix_path.ps1'
[10.563s] INFO:colcon.colcon_core.shell:Creating environment descriptor '/home/curry/wilson_proj/ros2-rover-ws/install/package_test/share/package_test/hook/cmake_prefix_path.dsv'
[10.567s] INFO:colcon.colcon_core.shell:Creating environment hook '/home/curry/wilson_proj/ros2-rover-ws/install/package_test/share/package_test/hook/cmake_prefix_path.sh'
[10.571s] Level 1:colcon.colcon_core.environment:checking '/home/curry/wilson_proj/ros2-rover-ws/install/package_test/lib'
[10.572s] Level 1:colcon.colcon_core.environment:checking '/home/curry/wilson_proj/ros2-rover-ws/install/package_test/bin'
[10.573s] Level 1:colcon.colcon_core.environment:checking '/home/curry/wilson_proj/ros2-rover-ws/install/package_test/lib/pkgconfig/package_test.pc'
[10.574s] Level 1:colcon.colcon_core.environment:checking '/home/curry/wilson_proj/ros2-rover-ws/install/package_test/lib/python3.10/site-packages'
[10.576s] Level 1:colcon.colcon_core.environment:checking '/home/curry/wilson_proj/ros2-rover-ws/install/package_test/bin'
[10.585s] INFO:colcon.colcon_core.shell:Creating package script '/home/curry/wilson_proj/ros2-rover-ws/install/package_test/share/package_test/package.ps1'
[10.592s] INFO:colcon.colcon_core.shell:Creating package descriptor '/home/curry/wilson_proj/ros2-rover-ws/install/package_test/share/package_test/package.dsv'
[10.597s] INFO:colcon.colcon_core.shell:Creating package script '/home/curry/wilson_proj/ros2-rover-ws/install/package_test/share/package_test/package.sh'
[10.622s] INFO:colcon.colcon_core.shell:Creating package script '/home/curry/wilson_proj/ros2-rover-ws/install/package_test/share/package_test/package.bash'
[10.625s] INFO:colcon.colcon_core.shell:Creating package script '/home/curry/wilson_proj/ros2-rover-ws/install/package_test/share/package_test/package.zsh'
[10.652s] Level 1:colcon.colcon_core.environment:create_file_with_runtime_dependencies(/home/curry/wilson_proj/ros2-rover-ws/install/package_test/share/colcon-core/packages/package_test)
[10.661s] INFO:colcon.colcon_ros.task.ament_cmake.build:Building ROS package in '/home/curry/wilson_proj/ros2-rover-ws/src/rovercon_msgs' with build type 'ament_cmake'
[10.662s] INFO:colcon.colcon_cmake.task.cmake.build:Building CMake package in '/home/curry/wilson_proj/ros2-rover-ws/src/rovercon_msgs'
[10.663s] INFO:colcon.colcon_core.shell:Skip shell extension 'powershell' for command environment: Not usable outside of PowerShell
[10.664s] DEBUG:colcon.colcon_core.shell:Skip shell extension 'dsv' for command environment
[10.716s] DEBUG:colcon.colcon_core.event_handler.log_command:Invoking command in '/home/curry/wilson_proj/ros2-rover-ws/build/action_interfaces': CMAKE_PREFIX_PATH=/opt/ros/humble /usr/bin/cmake --install /home/curry/wilson_proj/ros2-rover-ws/build/action_interfaces
[10.744s] DEBUG:colcon.colcon_core.event_handler.log_command:Invoking command in '/home/curry/wilson_proj/ros2-rover-ws/build/rovercon_msgs': CMAKE_PREFIX_PATH=/opt/ros/humble /usr/bin/cmake /home/curry/wilson_proj/ros2-rover-ws/src/rovercon_msgs -DCMAKE_INSTALL_PREFIX=/home/curry/wilson_proj/ros2-rover-ws/install/rovercon_msgs
[11.653s] Level 1:colcon.colcon_core.environment:create_environment_scripts_only(action_interfaces)
[11.654s] Level 1:colcon.colcon_core.environment:checking '/home/curry/wilson_proj/ros2-rover-ws/install/action_interfaces' for CMake module files
[11.662s] DEBUG:colcon.colcon_core.event_handler.log_command:Invoked command in '/home/curry/wilson_proj/ros2-rover-ws/build/action_interfaces' returned '0': CMAKE_PREFIX_PATH=/opt/ros/humble /usr/bin/cmake --install /home/curry/wilson_proj/ros2-rover-ws/build/action_interfaces
[11.673s] Level 1:colcon.colcon_core.environment:checking '/home/curry/wilson_proj/ros2-rover-ws/install/action_interfaces' for CMake config files
[11.680s] Level 1:colcon.colcon_core.shell:create_environment_hook('action_interfaces', 'cmake_prefix_path')
[11.681s] INFO:colcon.colcon_core.shell:Creating environment hook '/home/curry/wilson_proj/ros2-rover-ws/install/action_interfaces/share/action_interfaces/hook/cmake_prefix_path.ps1'
[11.694s] INFO:colcon.colcon_core.shell:Creating environment descriptor '/home/curry/wilson_proj/ros2-rover-ws/install/action_interfaces/share/action_interfaces/hook/cmake_prefix_path.dsv'
[11.715s] INFO:colcon.colcon_core.shell:Creating environment hook '/home/curry/wilson_proj/ros2-rover-ws/install/action_interfaces/share/action_interfaces/hook/cmake_prefix_path.sh'
[11.722s] Level 1:colcon.colcon_core.environment:checking '/home/curry/wilson_proj/ros2-rover-ws/install/action_interfaces/lib'
[11.723s] Level 1:colcon.colcon_core.shell:create_environment_hook('action_interfaces', 'ld_library_path_lib')
[11.731s] INFO:colcon.colcon_core.shell:Creating environment hook '/home/curry/wilson_proj/ros2-rover-ws/install/action_interfaces/share/action_interfaces/hook/ld_library_path_lib.ps1'
[11.743s] INFO:colcon.colcon_core.shell:Creating environment descriptor '/home/curry/wilson_proj/ros2-rover-ws/install/action_interfaces/share/action_interfaces/hook/ld_library_path_lib.dsv'
[11.749s] INFO:colcon.colcon_core.shell:Creating environment hook '/home/curry/wilson_proj/ros2-rover-ws/install/action_interfaces/share/action_interfaces/hook/ld_library_path_lib.sh'
[11.771s] Level 1:colcon.colcon_core.environment:checking '/home/curry/wilson_proj/ros2-rover-ws/install/action_interfaces/bin'
[11.772s] Level 1:colcon.colcon_core.environment:checking '/home/curry/wilson_proj/ros2-rover-ws/install/action_interfaces/lib/pkgconfig/action_interfaces.pc'
[11.774s] Level 1:colcon.colcon_core.environment:checking '/home/curry/wilson_proj/ros2-rover-ws/install/action_interfaces/lib/python3.10/site-packages'
[11.774s] Level 1:colcon.colcon_core.shell:create_environment_hook('action_interfaces', 'pythonpath')
[11.776s] INFO:colcon.colcon_core.shell:Creating environment hook '/home/curry/wilson_proj/ros2-rover-ws/install/action_interfaces/share/action_interfaces/hook/pythonpath.ps1'
[11.779s] INFO:colcon.colcon_core.shell:Creating environment descriptor '/home/curry/wilson_proj/ros2-rover-ws/install/action_interfaces/share/action_interfaces/hook/pythonpath.dsv'
[11.782s] INFO:colcon.colcon_core.shell:Creating environment hook '/home/curry/wilson_proj/ros2-rover-ws/install/action_interfaces/share/action_interfaces/hook/pythonpath.sh'
[11.786s] Level 1:colcon.colcon_core.environment:checking '/home/curry/wilson_proj/ros2-rover-ws/install/action_interfaces/bin'
[11.788s] INFO:colcon.colcon_core.shell:Creating package script '/home/curry/wilson_proj/ros2-rover-ws/install/action_interfaces/share/action_interfaces/package.ps1'
[11.828s] INFO:colcon.colcon_core.shell:Creating package descriptor '/home/curry/wilson_proj/ros2-rover-ws/install/action_interfaces/share/action_interfaces/package.dsv'
[11.831s] INFO:colcon.colcon_core.shell:Creating package script '/home/curry/wilson_proj/ros2-rover-ws/install/action_interfaces/share/action_interfaces/package.sh'
[11.836s] INFO:colcon.colcon_core.shell:Creating package script '/home/curry/wilson_proj/ros2-rover-ws/install/action_interfaces/share/action_interfaces/package.bash'
[11.838s] INFO:colcon.colcon_core.shell:Creating package script '/home/curry/wilson_proj/ros2-rover-ws/install/action_interfaces/share/action_interfaces/package.zsh'
[11.842s] Level 1:colcon.colcon_core.environment:create_file_with_runtime_dependencies(/home/curry/wilson_proj/ros2-rover-ws/install/action_interfaces/share/colcon-core/packages/action_interfaces)
[12.467s] Level 1:colcon.colcon_core.environment:create_environment_scripts_only(action_interfaces)
[12.469s] Level 1:colcon.colcon_core.environment:checking '/home/curry/wilson_proj/ros2-rover-ws/install/action_interfaces' for CMake module files
[12.476s] Level 1:colcon.colcon_core.environment:checking '/home/curry/wilson_proj/ros2-rover-ws/install/action_interfaces' for CMake config files
[12.483s] Level 1:colcon.colcon_core.shell:create_environment_hook('action_interfaces', 'cmake_prefix_path')
[12.485s] INFO:colcon.colcon_core.shell:Creating environment hook '/home/curry/wilson_proj/ros2-rover-ws/install/action_interfaces/share/action_interfaces/hook/cmake_prefix_path.ps1'
[12.488s] INFO:colcon.colcon_core.shell:Creating environment descriptor '/home/curry/wilson_proj/ros2-rover-ws/install/action_interfaces/share/action_interfaces/hook/cmake_prefix_path.dsv'
[12.491s] INFO:colcon.colcon_core.shell:Creating environment hook '/home/curry/wilson_proj/ros2-rover-ws/install/action_interfaces/share/action_interfaces/hook/cmake_prefix_path.sh'
[12.501s] Level 1:colcon.colcon_core.environment:checking '/home/curry/wilson_proj/ros2-rover-ws/install/action_interfaces/lib'
[12.501s] Level 1:colcon.colcon_core.shell:create_environment_hook('action_interfaces', 'ld_library_path_lib')
[12.503s] INFO:colcon.colcon_core.shell:Creating environment hook '/home/curry/wilson_proj/ros2-rover-ws/install/action_interfaces/share/action_interfaces/hook/ld_library_path_lib.ps1'
[12.506s] INFO:colcon.colcon_core.shell:Creating environment descriptor '/home/curry/wilson_proj/ros2-rover-ws/install/action_interfaces/share/action_interfaces/hook/ld_library_path_lib.dsv'
[12.513s] INFO:colcon.colcon_core.shell:Creating environment hook '/home/curry/wilson_proj/ros2-rover-ws/install/action_interfaces/share/action_interfaces/hook/ld_library_path_lib.sh'
[12.515s] Level 1:colcon.colcon_core.environment:checking '/home/curry/wilson_proj/ros2-rover-ws/install/action_interfaces/bin'
[12.516s] Level 1:colcon.colcon_core.environment:checking '/home/curry/wilson_proj/ros2-rover-ws/install/action_interfaces/lib/pkgconfig/action_interfaces.pc'
[12.517s] Level 1:colcon.colcon_core.environment:checking '/home/curry/wilson_proj/ros2-rover-ws/install/action_interfaces/lib/python3.10/site-packages'
[12.518s] Level 1:colcon.colcon_core.shell:create_environment_hook('action_interfaces', 'pythonpath')
[12.518s] INFO:colcon.colcon_core.shell:Creating environment hook '/home/curry/wilson_proj/ros2-rover-ws/install/action_interfaces/share/action_interfaces/hook/pythonpath.ps1'
[12.521s] INFO:colcon.colcon_core.shell:Creating environment descriptor '/home/curry/wilson_proj/ros2-rover-ws/install/action_interfaces/share/action_interfaces/hook/pythonpath.dsv'
[12.523s] INFO:colcon.colcon_core.shell:Creating environment hook '/home/curry/wilson_proj/ros2-rover-ws/install/action_interfaces/share/action_interfaces/hook/pythonpath.sh'
[12.528s] Level 1:colcon.colcon_core.environment:checking '/home/curry/wilson_proj/ros2-rover-ws/install/action_interfaces/bin'
[12.531s] INFO:colcon.colcon_core.shell:Creating package script '/home/curry/wilson_proj/ros2-rover-ws/install/action_interfaces/share/action_interfaces/package.ps1'
[12.543s] INFO:colcon.colcon_core.shell:Creating package descriptor '/home/curry/wilson_proj/ros2-rover-ws/install/action_interfaces/share/action_interfaces/package.dsv'
[12.569s] INFO:colcon.colcon_core.shell:Creating package script '/home/curry/wilson_proj/ros2-rover-ws/install/action_interfaces/share/action_interfaces/package.sh'
[12.579s] INFO:colcon.colcon_core.shell:Creating package script '/home/curry/wilson_proj/ros2-rover-ws/install/action_interfaces/share/action_interfaces/package.bash'
[12.593s] INFO:colcon.colcon_core.shell:Creating package script '/home/curry/wilson_proj/ros2-rover-ws/install/action_interfaces/share/action_interfaces/package.zsh'
[12.625s] Level 1:colcon.colcon_core.environment:create_file_with_runtime_dependencies(/home/curry/wilson_proj/ros2-rover-ws/install/action_interfaces/share/colcon-core/packages/action_interfaces)
[13.649s] Level 1:colcon.colcon_core.environment:checking '/home/curry/wilson_proj/ros2-rover-ws/install/package_image_process' for CMake module files
[13.652s] Level 1:colcon.colcon_core.environment:checking '/home/curry/wilson_proj/ros2-rover-ws/install/package_image_process' for CMake config files
[13.659s] DEBUG:colcon.colcon_core.event_handler.log_command:Invoked command in '/home/curry/wilson_proj/ros2-rover-ws/src/package_image_process' returned '0': PYTHONPATH=/home/curry/wilson_proj/ros2-rover-ws/build/package_image_process/prefix_override:/usr/lib/python3/dist-packages/colcon_core/task/python/colcon_distutils_commands:/home/curry/wilson_proj/ros2-rover-ws/install/package_image_process/lib/python3.10/site-packages:${PYTHONPATH} /usr/bin/python3 -W ignore:setup.py install is deprecated -W ignore:easy_install command is deprecated setup.py egg_info --egg-base ../../build/package_image_process build --build-base /home/curry/wilson_proj/ros2-rover-ws/build/package_image_process/build install --record /home/curry/wilson_proj/ros2-rover-ws/build/package_image_process/install.log --single-version-externally-managed install_data
[13.667s] Level 1:colcon.colcon_core.shell:create_environment_hook('package_image_process', 'cmake_prefix_path')
[13.670s] INFO:colcon.colcon_core.shell:Creating environment hook '/home/curry/wilson_proj/ros2-rover-ws/install/package_image_process/share/package_image_process/hook/cmake_prefix_path.ps1'
[13.678s] INFO:colcon.colcon_core.shell:Creating environment descriptor '/home/curry/wilson_proj/ros2-rover-ws/install/package_image_process/share/package_image_process/hook/cmake_prefix_path.dsv'
[13.686s] INFO:colcon.colcon_core.shell:Creating environment hook '/home/curry/wilson_proj/ros2-rover-ws/install/package_image_process/share/package_image_process/hook/cmake_prefix_path.sh'
[13.693s] Level 1:colcon.colcon_core.environment:checking '/home/curry/wilson_proj/ros2-rover-ws/install/package_image_process/lib'
[13.694s] Level 1:colcon.colcon_core.environment:checking '/home/curry/wilson_proj/ros2-rover-ws/install/package_image_process/bin'
[13.694s] Level 1:colcon.colcon_core.environment:checking '/home/curry/wilson_proj/ros2-rover-ws/install/package_image_process/lib/pkgconfig/package_image_process.pc'
[13.697s] Level 1:colcon.colcon_core.environment:checking '/home/curry/wilson_proj/ros2-rover-ws/install/package_image_process/lib/python3.10/site-packages'
[13.698s] Level 1:colcon.colcon_core.shell:create_environment_hook('package_image_process', 'pythonpath')
[13.700s] INFO:colcon.colcon_core.shell:Creating environment hook '/home/curry/wilson_proj/ros2-rover-ws/install/package_image_process/share/package_image_process/hook/pythonpath.ps1'
[13.703s] INFO:colcon.colcon_core.shell:Creating environment descriptor '/home/curry/wilson_proj/ros2-rover-ws/install/package_image_process/share/package_image_process/hook/pythonpath.dsv'
[13.706s] INFO:colcon.colcon_core.shell:Creating environment hook '/home/curry/wilson_proj/ros2-rover-ws/install/package_image_process/share/package_image_process/hook/pythonpath.sh'
[13.710s] Level 1:colcon.colcon_core.environment:checking '/home/curry/wilson_proj/ros2-rover-ws/install/package_image_process/bin'
[13.710s] Level 1:colcon.colcon_core.environment:create_environment_scripts_only(package_image_process)
[13.712s] INFO:colcon.colcon_core.shell:Creating package script '/home/curry/wilson_proj/ros2-rover-ws/install/package_image_process/share/package_image_process/package.ps1'
[13.715s] INFO:colcon.colcon_core.shell:Creating package descriptor '/home/curry/wilson_proj/ros2-rover-ws/install/package_image_process/share/package_image_process/package.dsv'
[13.719s] INFO:colcon.colcon_core.shell:Creating package script '/home/curry/wilson_proj/ros2-rover-ws/install/package_image_process/share/package_image_process/package.sh'
[13.727s] INFO:colcon.colcon_core.shell:Creating package script '/home/curry/wilson_proj/ros2-rover-ws/install/package_image_process/share/package_image_process/package.bash'
[13.730s] INFO:colcon.colcon_core.shell:Creating package script '/home/curry/wilson_proj/ros2-rover-ws/install/package_image_process/share/package_image_process/package.zsh'
[13.734s] Level 1:colcon.colcon_core.environment:create_file_with_runtime_dependencies(/home/curry/wilson_proj/ros2-rover-ws/install/package_image_process/share/colcon-core/packages/package_image_process)
[22.715s] DEBUG:colcon.colcon_core.event_handler.log_command:Invoked command in '/home/curry/wilson_proj/ros2-rover-ws/build/rovercon_msgs' returned '0': CMAKE_PREFIX_PATH=/opt/ros/humble /usr/bin/cmake /home/curry/wilson_proj/ros2-rover-ws/src/rovercon_msgs -DCMAKE_INSTALL_PREFIX=/home/curry/wilson_proj/ros2-rover-ws/install/rovercon_msgs
[22.731s] DEBUG:colcon.colcon_core.event_handler.log_command:Invoking command in '/home/curry/wilson_proj/ros2-rover-ws/build/rovercon_msgs': CMAKE_PREFIX_PATH=/opt/ros/humble /usr/bin/cmake --build /home/curry/wilson_proj/ros2-rover-ws/build/rovercon_msgs -- -j4 -l4
[58.853s] DEBUG:colcon.colcon_core.event_handler.log_command:Invoked command in '/home/curry/wilson_proj/ros2-rover-ws/build/package_rover_control' returned '2': CMAKE_PREFIX_PATH=/opt/ros/humble /usr/bin/cmake --build /home/curry/wilson_proj/ros2-rover-ws/build/package_rover_control -- -j4 -l4
[59.171s] Level 1:colcon.colcon_core.environment:create_environment_scripts_only(package_rover_control)
[59.172s] Level 1:colcon.colcon_core.environment:checking '/home/curry/wilson_proj/ros2-rover-ws/install/package_rover_control' for CMake module files
[59.186s] Level 1:colcon.colcon_core.environment:checking '/home/curry/wilson_proj/ros2-rover-ws/install/package_rover_control' for CMake config files
[59.207s] Level 1:colcon.colcon_core.shell:create_environment_hook('package_rover_control', 'cmake_prefix_path')
[59.209s] INFO:colcon.colcon_core.shell:Creating environment hook '/home/curry/wilson_proj/ros2-rover-ws/install/package_rover_control/share/package_rover_control/hook/cmake_prefix_path.ps1'
[59.227s] INFO:colcon.colcon_core.shell:Creating environment descriptor '/home/curry/wilson_proj/ros2-rover-ws/install/package_rover_control/share/package_rover_control/hook/cmake_prefix_path.dsv'
[59.231s] INFO:colcon.colcon_core.shell:Creating environment hook '/home/curry/wilson_proj/ros2-rover-ws/install/package_rover_control/share/package_rover_control/hook/cmake_prefix_path.sh'
[59.242s] Level 1:colcon.colcon_core.environment:checking '/home/curry/wilson_proj/ros2-rover-ws/install/package_rover_control/lib'
[59.243s] Level 1:colcon.colcon_core.shell:create_environment_hook('package_rover_control', 'ld_library_path_lib')
[59.244s] INFO:colcon.colcon_core.shell:Creating environment hook '/home/curry/wilson_proj/ros2-rover-ws/install/package_rover_control/share/package_rover_control/hook/ld_library_path_lib.ps1'
[59.247s] INFO:colcon.colcon_core.shell:Creating environment descriptor '/home/curry/wilson_proj/ros2-rover-ws/install/package_rover_control/share/package_rover_control/hook/ld_library_path_lib.dsv'
[59.255s] INFO:colcon.colcon_core.shell:Creating environment hook '/home/curry/wilson_proj/ros2-rover-ws/install/package_rover_control/share/package_rover_control/hook/ld_library_path_lib.sh'
[59.261s] Level 1:colcon.colcon_core.environment:checking '/home/curry/wilson_proj/ros2-rover-ws/install/package_rover_control/bin'
[59.262s] Level 1:colcon.colcon_core.environment:checking '/home/curry/wilson_proj/ros2-rover-ws/install/package_rover_control/lib/pkgconfig/package_rover_control.pc'
[59.263s] Level 1:colcon.colcon_core.environment:checking '/home/curry/wilson_proj/ros2-rover-ws/install/package_rover_control/lib/python3.10/site-packages'
[59.265s] Level 1:colcon.colcon_core.environment:checking '/home/curry/wilson_proj/ros2-rover-ws/install/package_rover_control/bin'
[59.267s] INFO:colcon.colcon_core.shell:Creating package script '/home/curry/wilson_proj/ros2-rover-ws/install/package_rover_control/share/package_rover_control/package.ps1'
[59.272s] INFO:colcon.colcon_core.shell:Creating package descriptor '/home/curry/wilson_proj/ros2-rover-ws/install/package_rover_control/share/package_rover_control/package.dsv'
[59.276s] INFO:colcon.colcon_core.shell:Creating package script '/home/curry/wilson_proj/ros2-rover-ws/install/package_rover_control/share/package_rover_control/package.sh'
[59.289s] INFO:colcon.colcon_core.shell:Creating package script '/home/curry/wilson_proj/ros2-rover-ws/install/package_rover_control/share/package_rover_control/package.bash'
[59.299s] INFO:colcon.colcon_core.shell:Creating package script '/home/curry/wilson_proj/ros2-rover-ws/install/package_rover_control/share/package_rover_control/package.zsh'
[59.305s] Level 1:colcon.colcon_core.environment:create_file_with_runtime_dependencies(/home/curry/wilson_proj/ros2-rover-ws/install/package_rover_control/share/colcon-core/packages/package_rover_control)
[70.476s] DEBUG:colcon.colcon_parallel_executor.executor.parallel:closing loop
[70.477s] DEBUG:colcon.colcon_parallel_executor.executor.parallel:loop closed
[70.477s] DEBUG:colcon.colcon_parallel_executor.executor.parallel:run_until_complete finished with '2'
[70.478s] DEBUG:colcon.colcon_core.event_reactor:joining thread
[70.531s] INFO:colcon.colcon_core.plugin_system:Skipping extension 'colcon_notification.desktop_notification.terminal_notifier': Not used on non-Darwin systems
[70.531s] INFO:colcon.colcon_core.plugin_system:Skipping extension 'colcon_notification.desktop_notification.win32': Not used on non-Windows systems
[70.531s] INFO:colcon.colcon_notification.desktop_notification:Sending desktop notification using 'notify2'
[70.538s] DEBUG:colcon.colcon_notification.desktop_notification.notify2:Failed to initialize notify2: org.freedesktop.DBus.Error.ServiceUnknown: The name org.freedesktop.Notifications was not provided by any .service files
[70.539s] DEBUG:colcon.colcon_core.event_reactor:joined thread
[70.540s] INFO:colcon.colcon_core.shell:Creating prefix script '/home/curry/wilson_proj/ros2-rover-ws/install/local_setup.ps1'
[70.548s] INFO:colcon.colcon_core.shell:Creating prefix util module '/home/curry/wilson_proj/ros2-rover-ws/install/_local_setup_util_ps1.py'
[70.563s] INFO:colcon.colcon_core.shell:Creating prefix chain script '/home/curry/wilson_proj/ros2-rover-ws/install/setup.ps1'
[70.570s] INFO:colcon.colcon_core.shell:Creating prefix script '/home/curry/wilson_proj/ros2-rover-ws/install/local_setup.sh'
[70.578s] INFO:colcon.colcon_core.shell:Creating prefix util module '/home/curry/wilson_proj/ros2-rover-ws/install/_local_setup_util_sh.py'
[70.583s] INFO:colcon.colcon_core.shell:Creating prefix chain script '/home/curry/wilson_proj/ros2-rover-ws/install/setup.sh'
[70.589s] INFO:colcon.colcon_core.shell:Creating prefix script '/home/curry/wilson_proj/ros2-rover-ws/install/local_setup.bash'
[70.593s] INFO:colcon.colcon_core.shell:Creating prefix chain script '/home/curry/wilson_proj/ros2-rover-ws/install/setup.bash'
[70.600s] INFO:colcon.colcon_core.shell:Creating prefix script '/home/curry/wilson_proj/ros2-rover-ws/install/local_setup.zsh'
[70.607s] INFO:colcon.colcon_core.shell:Creating prefix chain script '/home/curry/wilson_proj/ros2-rover-ws/install/setup.zsh'
