[  3%] Built target rovercon_msgs__cpp
[  3%] Built target ament_cmake_python_copy_rovercon_msgs
[35m[1mConsolidate compiler generated dependencies of target rovercon_msgs__rosidl_typesupport_fastrtps_cpp[0m
[ 12%] Built target rovercon_msgs__rosidl_typesupport_fastrtps_cpp
[35m[1mConsolidate compiler generated dependencies of target rovercon_msgs__rosidl_typesupport_introspection_cpp[0m
[ 22%] Built target rovercon_msgs__rosidl_typesupport_introspection_cpp
running egg_info
writing rovercon_msgs.egg-info/PKG-INFO
writing dependency_links to rovercon_msgs.egg-info/dependency_links.txt
writing top-level names to rovercon_msgs.egg-info/top_level.txt
reading manifest file 'rovercon_msgs.egg-info/SOURCES.txt'
writing manifest file 'rovercon_msgs.egg-info/SOURCES.txt'
[ 22%] Built target ament_cmake_python_build_rovercon_msgs_egg
[35m[1mConsolidate compiler generated dependencies of target rovercon_msgs__rosidl_typesupport_cpp[0m
[ 32%] Built target rovercon_msgs__rosidl_typesupport_cpp
[35m[1mConsolidate compiler generated dependencies of target rovercon_msgs__rosidl_generator_c[0m
[ 41%] Built target rovercon_msgs__rosidl_generator_c
[35m[1mConsolidate compiler generated dependencies of target rovercon_msgs__rosidl_typesupport_fastrtps_c[0m
[ 51%] Built target rovercon_msgs__rosidl_typesupport_fastrtps_c
[35m[1mConsolidate compiler generated dependencies of target rovercon_msgs__rosidl_typesupport_c[0m
[ 61%] Built target rovercon_msgs__rosidl_typesupport_c
[35m[1mConsolidate compiler generated dependencies of target rovercon_msgs__rosidl_typesupport_introspection_c[0m
[ 70%] Built target rovercon_msgs__rosidl_typesupport_introspection_c
[ 70%] Built target rovercon_msgs
[ 74%] Built target rovercon_msgs__py
[35m[1mConsolidate compiler generated dependencies of target rovercon_msgs__rosidl_generator_py[0m
[ 80%] Built target rovercon_msgs__rosidl_generator_py
[35m[1mConsolidate compiler generated dependencies of target rovercon_msgs__rosidl_typesupport_fastrtps_c__pyext[0m
[ 87%] Built target rovercon_msgs__rosidl_typesupport_fastrtps_c__pyext
[35m[1mConsolidate compiler generated dependencies of target rovercon_msgs__rosidl_typesupport_c__pyext[0m
[ 93%] Built target rovercon_msgs__rosidl_typesupport_c__pyext
[35m[1mConsolidate compiler generated dependencies of target rovercon_msgs__rosidl_typesupport_introspection_c__pyext[0m
[100%] Built target rovercon_msgs__rosidl_typesupport_introspection_c__pyext
-- Install configuration: ""
-- Installing: /home/curry/wilson_proj/ros2-rover-ws/install/rovercon_msgs/share/ament_index/resource_index/rosidl_interfaces/rovercon_msgs
-- Installing: /home/curry/wilson_proj/ros2-rover-ws/install/rovercon_msgs/include/rovercon_msgs/rovercon_msgs
-- Installing: /home/curry/wilson_proj/ros2-rover-ws/install/rovercon_msgs/include/rovercon_msgs/rovercon_msgs/msg
-- Installing: /home/curry/wilson_proj/ros2-rover-ws/install/rovercon_msgs/include/rovercon_msgs/rovercon_msgs/msg/detail
-- Installing: /home/curry/wilson_proj/ros2-rover-ws/install/rovercon_msgs/include/rovercon_msgs/rovercon_msgs/msg/detail/sub_rocon__struct.h
-- Installing: /home/curry/wilson_proj/ros2-rover-ws/install/rovercon_msgs/include/rovercon_msgs/rovercon_msgs/msg/detail/sub_rocon__functions.c
-- Installing: /home/curry/wilson_proj/ros2-rover-ws/install/rovercon_msgs/include/rovercon_msgs/rovercon_msgs/msg/detail/sub_rocon__type_support.h
-- Installing: /home/curry/wilson_proj/ros2-rover-ws/install/rovercon_msgs/include/rovercon_msgs/rovercon_msgs/msg/detail/sub_rocon__functions.h
-- Installing: /home/curry/wilson_proj/ros2-rover-ws/install/rovercon_msgs/include/rovercon_msgs/rovercon_msgs/msg/rosidl_generator_c__visibility_control.h
-- Installing: /home/curry/wilson_proj/ros2-rover-ws/install/rovercon_msgs/include/rovercon_msgs/rovercon_msgs/msg/sub_rocon.h
-- Installing: /home/curry/wilson_proj/ros2-rover-ws/install/rovercon_msgs/share/rovercon_msgs/environment/library_path.sh
-- Installing: /home/curry/wilson_proj/ros2-rover-ws/install/rovercon_msgs/share/rovercon_msgs/environment/library_path.dsv
-- Installing: /home/curry/wilson_proj/ros2-rover-ws/install/rovercon_msgs/lib/librovercon_msgs__rosidl_generator_c.so
-- Set runtime path of "/home/curry/wilson_proj/ros2-rover-ws/install/rovercon_msgs/lib/librovercon_msgs__rosidl_generator_c.so" to ""
-- Up-to-date: /home/curry/wilson_proj/ros2-rover-ws/install/rovercon_msgs/include/rovercon_msgs/rovercon_msgs
-- Up-to-date: /home/curry/wilson_proj/ros2-rover-ws/install/rovercon_msgs/include/rovercon_msgs/rovercon_msgs/msg
-- Up-to-date: /home/curry/wilson_proj/ros2-rover-ws/install/rovercon_msgs/include/rovercon_msgs/rovercon_msgs/msg/detail
-- Installing: /home/curry/wilson_proj/ros2-rover-ws/install/rovercon_msgs/include/rovercon_msgs/rovercon_msgs/msg/detail/sub_rocon__rosidl_typesupport_fastrtps_c.h
-- Installing: /home/curry/wilson_proj/ros2-rover-ws/install/rovercon_msgs/include/rovercon_msgs/rovercon_msgs/msg/rosidl_typesupport_fastrtps_c__visibility_control.h
-- Installing: /home/curry/wilson_proj/ros2-rover-ws/install/rovercon_msgs/lib/librovercon_msgs__rosidl_typesupport_fastrtps_c.so
-- Set runtime path of "/home/curry/wilson_proj/ros2-rover-ws/install/rovercon_msgs/lib/librovercon_msgs__rosidl_typesupport_fastrtps_c.so" to ""
-- Up-to-date: /home/curry/wilson_proj/ros2-rover-ws/install/rovercon_msgs/include/rovercon_msgs/rovercon_msgs
-- Up-to-date: /home/curry/wilson_proj/ros2-rover-ws/install/rovercon_msgs/include/rovercon_msgs/rovercon_msgs/msg
-- Installing: /home/curry/wilson_proj/ros2-rover-ws/install/rovercon_msgs/include/rovercon_msgs/rovercon_msgs/msg/rosidl_typesupport_introspection_c__visibility_control.h
-- Up-to-date: /home/curry/wilson_proj/ros2-rover-ws/install/rovercon_msgs/include/rovercon_msgs/rovercon_msgs/msg/detail
-- Installing: /home/curry/wilson_proj/ros2-rover-ws/install/rovercon_msgs/include/rovercon_msgs/rovercon_msgs/msg/detail/sub_rocon__type_support.c
-- Installing: /home/curry/wilson_proj/ros2-rover-ws/install/rovercon_msgs/include/rovercon_msgs/rovercon_msgs/msg/detail/sub_rocon__rosidl_typesupport_introspection_c.h
-- Installing: /home/curry/wilson_proj/ros2-rover-ws/install/rovercon_msgs/lib/librovercon_msgs__rosidl_typesupport_introspection_c.so
-- Set runtime path of "/home/curry/wilson_proj/ros2-rover-ws/install/rovercon_msgs/lib/librovercon_msgs__rosidl_typesupport_introspection_c.so" to ""
-- Installing: /home/curry/wilson_proj/ros2-rover-ws/install/rovercon_msgs/lib/librovercon_msgs__rosidl_typesupport_c.so
-- Set runtime path of "/home/curry/wilson_proj/ros2-rover-ws/install/rovercon_msgs/lib/librovercon_msgs__rosidl_typesupport_c.so" to ""
-- Up-to-date: /home/curry/wilson_proj/ros2-rover-ws/install/rovercon_msgs/include/rovercon_msgs/rovercon_msgs
-- Up-to-date: /home/curry/wilson_proj/ros2-rover-ws/install/rovercon_msgs/include/rovercon_msgs/rovercon_msgs/msg
-- Installing: /home/curry/wilson_proj/ros2-rover-ws/install/rovercon_msgs/include/rovercon_msgs/rovercon_msgs/msg/rosidl_generator_cpp__visibility_control.hpp
-- Up-to-date: /home/curry/wilson_proj/ros2-rover-ws/install/rovercon_msgs/include/rovercon_msgs/rovercon_msgs/msg/detail
-- Installing: /home/curry/wilson_proj/ros2-rover-ws/install/rovercon_msgs/include/rovercon_msgs/rovercon_msgs/msg/detail/sub_rocon__builder.hpp
-- Installing: /home/curry/wilson_proj/ros2-rover-ws/install/rovercon_msgs/include/rovercon_msgs/rovercon_msgs/msg/detail/sub_rocon__type_support.hpp
-- Installing: /home/curry/wilson_proj/ros2-rover-ws/install/rovercon_msgs/include/rovercon_msgs/rovercon_msgs/msg/detail/sub_rocon__traits.hpp
-- Installing: /home/curry/wilson_proj/ros2-rover-ws/install/rovercon_msgs/include/rovercon_msgs/rovercon_msgs/msg/detail/sub_rocon__struct.hpp
-- Installing: /home/curry/wilson_proj/ros2-rover-ws/install/rovercon_msgs/include/rovercon_msgs/rovercon_msgs/msg/sub_rocon.hpp
-- Up-to-date: /home/curry/wilson_proj/ros2-rover-ws/install/rovercon_msgs/include/rovercon_msgs/rovercon_msgs
-- Up-to-date: /home/curry/wilson_proj/ros2-rover-ws/install/rovercon_msgs/include/rovercon_msgs/rovercon_msgs/msg
-- Up-to-date: /home/curry/wilson_proj/ros2-rover-ws/install/rovercon_msgs/include/rovercon_msgs/rovercon_msgs/msg/detail
-- Installing: /home/curry/wilson_proj/ros2-rover-ws/install/rovercon_msgs/include/rovercon_msgs/rovercon_msgs/msg/detail/dds_fastrtps
-- Installing: /home/curry/wilson_proj/ros2-rover-ws/install/rovercon_msgs/include/rovercon_msgs/rovercon_msgs/msg/detail/sub_rocon__rosidl_typesupport_fastrtps_cpp.hpp
-- Installing: /home/curry/wilson_proj/ros2-rover-ws/install/rovercon_msgs/include/rovercon_msgs/rovercon_msgs/msg/rosidl_typesupport_fastrtps_cpp__visibility_control.h
-- Installing: /home/curry/wilson_proj/ros2-rover-ws/install/rovercon_msgs/lib/librovercon_msgs__rosidl_typesupport_fastrtps_cpp.so
-- Set runtime path of "/home/curry/wilson_proj/ros2-rover-ws/install/rovercon_msgs/lib/librovercon_msgs__rosidl_typesupport_fastrtps_cpp.so" to ""
-- Up-to-date: /home/curry/wilson_proj/ros2-rover-ws/install/rovercon_msgs/include/rovercon_msgs/rovercon_msgs
-- Up-to-date: /home/curry/wilson_proj/ros2-rover-ws/install/rovercon_msgs/include/rovercon_msgs/rovercon_msgs/msg
-- Up-to-date: /home/curry/wilson_proj/ros2-rover-ws/install/rovercon_msgs/include/rovercon_msgs/rovercon_msgs/msg/detail
-- Installing: /home/curry/wilson_proj/ros2-rover-ws/install/rovercon_msgs/include/rovercon_msgs/rovercon_msgs/msg/detail/sub_rocon__rosidl_typesupport_introspection_cpp.hpp
-- Installing: /home/curry/wilson_proj/ros2-rover-ws/install/rovercon_msgs/include/rovercon_msgs/rovercon_msgs/msg/detail/sub_rocon__type_support.cpp
-- Installing: /home/curry/wilson_proj/ros2-rover-ws/install/rovercon_msgs/lib/librovercon_msgs__rosidl_typesupport_introspection_cpp.so
-- Set runtime path of "/home/curry/wilson_proj/ros2-rover-ws/install/rovercon_msgs/lib/librovercon_msgs__rosidl_typesupport_introspection_cpp.so" to ""
-- Installing: /home/curry/wilson_proj/ros2-rover-ws/install/rovercon_msgs/lib/librovercon_msgs__rosidl_typesupport_cpp.so
-- Set runtime path of "/home/curry/wilson_proj/ros2-rover-ws/install/rovercon_msgs/lib/librovercon_msgs__rosidl_typesupport_cpp.so" to ""
-- Installing: /home/curry/wilson_proj/ros2-rover-ws/install/rovercon_msgs/share/rovercon_msgs/environment/pythonpath.sh
-- Installing: /home/curry/wilson_proj/ros2-rover-ws/install/rovercon_msgs/share/rovercon_msgs/environment/pythonpath.dsv
-- Installing: /home/curry/wilson_proj/ros2-rover-ws/install/rovercon_msgs/local/lib/python3.10/dist-packages/rovercon_msgs-0.0.0-py3.10.egg-info
-- Installing: /home/curry/wilson_proj/ros2-rover-ws/install/rovercon_msgs/local/lib/python3.10/dist-packages/rovercon_msgs-0.0.0-py3.10.egg-info/dependency_links.txt
-- Installing: /home/curry/wilson_proj/ros2-rover-ws/install/rovercon_msgs/local/lib/python3.10/dist-packages/rovercon_msgs-0.0.0-py3.10.egg-info/SOURCES.txt
-- Installing: /home/curry/wilson_proj/ros2-rover-ws/install/rovercon_msgs/local/lib/python3.10/dist-packages/rovercon_msgs-0.0.0-py3.10.egg-info/top_level.txt
-- Installing: /home/curry/wilson_proj/ros2-rover-ws/install/rovercon_msgs/local/lib/python3.10/dist-packages/rovercon_msgs-0.0.0-py3.10.egg-info/PKG-INFO
-- Installing: /home/curry/wilson_proj/ros2-rover-ws/install/rovercon_msgs/local/lib/python3.10/dist-packages/rovercon_msgs
-- Installing: /home/curry/wilson_proj/ros2-rover-ws/install/rovercon_msgs/local/lib/python3.10/dist-packages/rovercon_msgs/rovercon_msgs_s__rosidl_typesupport_fastrtps_c.cpython-310-aarch64-linux-gnu.so
-- Installing: /home/curry/wilson_proj/ros2-rover-ws/install/rovercon_msgs/local/lib/python3.10/dist-packages/rovercon_msgs/msg
-- Installing: /home/curry/wilson_proj/ros2-rover-ws/install/rovercon_msgs/local/lib/python3.10/dist-packages/rovercon_msgs/msg/_sub_rocon.py
-- Installing: /home/curry/wilson_proj/ros2-rover-ws/install/rovercon_msgs/local/lib/python3.10/dist-packages/rovercon_msgs/msg/__init__.py
-- Installing: /home/curry/wilson_proj/ros2-rover-ws/install/rovercon_msgs/local/lib/python3.10/dist-packages/rovercon_msgs/msg/_sub_rocon_s.c
-- Installing: /home/curry/wilson_proj/ros2-rover-ws/install/rovercon_msgs/local/lib/python3.10/dist-packages/rovercon_msgs/_rovercon_msgs_s.ep.rosidl_typesupport_introspection_c.c
-- Installing: /home/curry/wilson_proj/ros2-rover-ws/install/rovercon_msgs/local/lib/python3.10/dist-packages/rovercon_msgs/_rovercon_msgs_s.ep.rosidl_typesupport_c.c
-- Installing: /home/curry/wilson_proj/ros2-rover-ws/install/rovercon_msgs/local/lib/python3.10/dist-packages/rovercon_msgs/rovercon_msgs_s__rosidl_typesupport_introspection_c.cpython-310-aarch64-linux-gnu.so
-- Installing: /home/curry/wilson_proj/ros2-rover-ws/install/rovercon_msgs/local/lib/python3.10/dist-packages/rovercon_msgs/__init__.py
-- Installing: /home/curry/wilson_proj/ros2-rover-ws/install/rovercon_msgs/local/lib/python3.10/dist-packages/rovercon_msgs/librovercon_msgs__rosidl_generator_py.so
-- Installing: /home/curry/wilson_proj/ros2-rover-ws/install/rovercon_msgs/local/lib/python3.10/dist-packages/rovercon_msgs/_rovercon_msgs_s.ep.rosidl_typesupport_fastrtps_c.c
-- Installing: /home/curry/wilson_proj/ros2-rover-ws/install/rovercon_msgs/local/lib/python3.10/dist-packages/rovercon_msgs/rovercon_msgs_s__rosidl_typesupport_c.cpython-310-aarch64-linux-gnu.so
Listing '/home/curry/wilson_proj/ros2-rover-ws/install/rovercon_msgs/local/lib/python3.10/dist-packages/rovercon_msgs'...
Compiling '/home/curry/wilson_proj/ros2-rover-ws/install/rovercon_msgs/local/lib/python3.10/dist-packages/rovercon_msgs/__init__.py'...
Listing '/home/curry/wilson_proj/ros2-rover-ws/install/rovercon_msgs/local/lib/python3.10/dist-packages/rovercon_msgs/msg'...
Compiling '/home/curry/wilson_proj/ros2-rover-ws/install/rovercon_msgs/local/lib/python3.10/dist-packages/rovercon_msgs/msg/__init__.py'...
Compiling '/home/curry/wilson_proj/ros2-rover-ws/install/rovercon_msgs/local/lib/python3.10/dist-packages/rovercon_msgs/msg/_sub_rocon.py'...
-- Installing: /home/curry/wilson_proj/ros2-rover-ws/install/rovercon_msgs/local/lib/python3.10/dist-packages/rovercon_msgs/rovercon_msgs_s__rosidl_typesupport_fastrtps_c.cpython-310-aarch64-linux-gnu.so
-- Set runtime path of "/home/curry/wilson_proj/ros2-rover-ws/install/rovercon_msgs/local/lib/python3.10/dist-packages/rovercon_msgs/rovercon_msgs_s__rosidl_typesupport_fastrtps_c.cpython-310-aarch64-linux-gnu.so" to ""
-- Installing: /home/curry/wilson_proj/ros2-rover-ws/install/rovercon_msgs/local/lib/python3.10/dist-packages/rovercon_msgs/rovercon_msgs_s__rosidl_typesupport_introspection_c.cpython-310-aarch64-linux-gnu.so
-- Set runtime path of "/home/curry/wilson_proj/ros2-rover-ws/install/rovercon_msgs/local/lib/python3.10/dist-packages/rovercon_msgs/rovercon_msgs_s__rosidl_typesupport_introspection_c.cpython-310-aarch64-linux-gnu.so" to ""
-- Installing: /home/curry/wilson_proj/ros2-rover-ws/install/rovercon_msgs/local/lib/python3.10/dist-packages/rovercon_msgs/rovercon_msgs_s__rosidl_typesupport_c.cpython-310-aarch64-linux-gnu.so
-- Set runtime path of "/home/curry/wilson_proj/ros2-rover-ws/install/rovercon_msgs/local/lib/python3.10/dist-packages/rovercon_msgs/rovercon_msgs_s__rosidl_typesupport_c.cpython-310-aarch64-linux-gnu.so" to ""
-- Installing: /home/curry/wilson_proj/ros2-rover-ws/install/rovercon_msgs/lib/librovercon_msgs__rosidl_generator_py.so
-- Set runtime path of "/home/curry/wilson_proj/ros2-rover-ws/install/rovercon_msgs/lib/librovercon_msgs__rosidl_generator_py.so" to ""
-- Installing: /home/curry/wilson_proj/ros2-rover-ws/install/rovercon_msgs/share/rovercon_msgs/msg/SubRocon.idl
-- Installing: /home/curry/wilson_proj/ros2-rover-ws/install/rovercon_msgs/share/rovercon_msgs/msg/SubRocon.msg
-- Installing: /home/curry/wilson_proj/ros2-rover-ws/install/rovercon_msgs/share/ament_index/resource_index/package_run_dependencies/rovercon_msgs
-- Installing: /home/curry/wilson_proj/ros2-rover-ws/install/rovercon_msgs/share/ament_index/resource_index/parent_prefix_path/rovercon_msgs
-- Installing: /home/curry/wilson_proj/ros2-rover-ws/install/rovercon_msgs/share/rovercon_msgs/environment/ament_prefix_path.sh
-- Installing: /home/curry/wilson_proj/ros2-rover-ws/install/rovercon_msgs/share/rovercon_msgs/environment/ament_prefix_path.dsv
-- Installing: /home/curry/wilson_proj/ros2-rover-ws/install/rovercon_msgs/share/rovercon_msgs/environment/path.sh
-- Installing: /home/curry/wilson_proj/ros2-rover-ws/install/rovercon_msgs/share/rovercon_msgs/environment/path.dsv
-- Installing: /home/curry/wilson_proj/ros2-rover-ws/install/rovercon_msgs/share/rovercon_msgs/local_setup.bash
-- Installing: /home/curry/wilson_proj/ros2-rover-ws/install/rovercon_msgs/share/rovercon_msgs/local_setup.sh
-- Installing: /home/curry/wilson_proj/ros2-rover-ws/install/rovercon_msgs/share/rovercon_msgs/local_setup.zsh
-- Installing: /home/curry/wilson_proj/ros2-rover-ws/install/rovercon_msgs/share/rovercon_msgs/local_setup.dsv
-- Installing: /home/curry/wilson_proj/ros2-rover-ws/install/rovercon_msgs/share/rovercon_msgs/package.dsv
-- Installing: /home/curry/wilson_proj/ros2-rover-ws/install/rovercon_msgs/share/ament_index/resource_index/packages/rovercon_msgs
-- Installing: /home/curry/wilson_proj/ros2-rover-ws/install/rovercon_msgs/share/rovercon_msgs/cmake/export_rovercon_msgs__rosidl_generator_cExport.cmake
-- Installing: /home/curry/wilson_proj/ros2-rover-ws/install/rovercon_msgs/share/rovercon_msgs/cmake/export_rovercon_msgs__rosidl_generator_cExport-noconfig.cmake
-- Installing: /home/curry/wilson_proj/ros2-rover-ws/install/rovercon_msgs/share/rovercon_msgs/cmake/export_rovercon_msgs__rosidl_typesupport_fastrtps_cExport.cmake
-- Installing: /home/curry/wilson_proj/ros2-rover-ws/install/rovercon_msgs/share/rovercon_msgs/cmake/export_rovercon_msgs__rosidl_typesupport_fastrtps_cExport-noconfig.cmake
-- Installing: /home/curry/wilson_proj/ros2-rover-ws/install/rovercon_msgs/share/rovercon_msgs/cmake/rovercon_msgs__rosidl_typesupport_introspection_cExport.cmake
-- Installing: /home/curry/wilson_proj/ros2-rover-ws/install/rovercon_msgs/share/rovercon_msgs/cmake/rovercon_msgs__rosidl_typesupport_introspection_cExport-noconfig.cmake
-- Installing: /home/curry/wilson_proj/ros2-rover-ws/install/rovercon_msgs/share/rovercon_msgs/cmake/rovercon_msgs__rosidl_typesupport_cExport.cmake
-- Installing: /home/curry/wilson_proj/ros2-rover-ws/install/rovercon_msgs/share/rovercon_msgs/cmake/rovercon_msgs__rosidl_typesupport_cExport-noconfig.cmake
-- Installing: /home/curry/wilson_proj/ros2-rover-ws/install/rovercon_msgs/share/rovercon_msgs/cmake/export_rovercon_msgs__rosidl_generator_cppExport.cmake
-- Installing: /home/curry/wilson_proj/ros2-rover-ws/install/rovercon_msgs/share/rovercon_msgs/cmake/export_rovercon_msgs__rosidl_typesupport_fastrtps_cppExport.cmake
-- Installing: /home/curry/wilson_proj/ros2-rover-ws/install/rovercon_msgs/share/rovercon_msgs/cmake/export_rovercon_msgs__rosidl_typesupport_fastrtps_cppExport-noconfig.cmake
-- Installing: /home/curry/wilson_proj/ros2-rover-ws/install/rovercon_msgs/share/rovercon_msgs/cmake/rovercon_msgs__rosidl_typesupport_introspection_cppExport.cmake
-- Installing: /home/curry/wilson_proj/ros2-rover-ws/install/rovercon_msgs/share/rovercon_msgs/cmake/rovercon_msgs__rosidl_typesupport_introspection_cppExport-noconfig.cmake
-- Installing: /home/curry/wilson_proj/ros2-rover-ws/install/rovercon_msgs/share/rovercon_msgs/cmake/rovercon_msgs__rosidl_typesupport_cppExport.cmake
-- Installing: /home/curry/wilson_proj/ros2-rover-ws/install/rovercon_msgs/share/rovercon_msgs/cmake/rovercon_msgs__rosidl_typesupport_cppExport-noconfig.cmake
-- Installing: /home/curry/wilson_proj/ros2-rover-ws/install/rovercon_msgs/share/rovercon_msgs/cmake/export_rovercon_msgs__rosidl_generator_pyExport.cmake
-- Installing: /home/curry/wilson_proj/ros2-rover-ws/install/rovercon_msgs/share/rovercon_msgs/cmake/export_rovercon_msgs__rosidl_generator_pyExport-noconfig.cmake
-- Installing: /home/curry/wilson_proj/ros2-rover-ws/install/rovercon_msgs/share/rovercon_msgs/cmake/rosidl_cmake-extras.cmake
-- Installing: /home/curry/wilson_proj/ros2-rover-ws/install/rovercon_msgs/share/rovercon_msgs/cmake/ament_cmake_export_include_directories-extras.cmake
-- Installing: /home/curry/wilson_proj/ros2-rover-ws/install/rovercon_msgs/share/rovercon_msgs/cmake/ament_cmake_export_libraries-extras.cmake
-- Installing: /home/curry/wilson_proj/ros2-rover-ws/install/rovercon_msgs/share/rovercon_msgs/cmake/ament_cmake_export_targets-extras.cmake
-- Installing: /home/curry/wilson_proj/ros2-rover-ws/install/rovercon_msgs/share/rovercon_msgs/cmake/rosidl_cmake_export_typesupport_targets-extras.cmake
-- Installing: /home/curry/wilson_proj/ros2-rover-ws/install/rovercon_msgs/share/rovercon_msgs/cmake/ament_cmake_export_dependencies-extras.cmake
-- Installing: /home/curry/wilson_proj/ros2-rover-ws/install/rovercon_msgs/share/rovercon_msgs/cmake/rosidl_cmake_export_typesupport_libraries-extras.cmake
-- Installing: /home/curry/wilson_proj/ros2-rover-ws/install/rovercon_msgs/share/rovercon_msgs/cmake/rovercon_msgsConfig.cmake
-- Installing: /home/curry/wilson_proj/ros2-rover-ws/install/rovercon_msgs/share/rovercon_msgs/cmake/rovercon_msgsConfig-version.cmake
-- Installing: /home/curry/wilson_proj/ros2-rover-ws/install/rovercon_msgs/share/rovercon_msgs/package.xml
