[  2%] Built target ifaces_position__cpp
[ 12%] Built target ifaces_position__rosidl_generator_c
[ 12%] Built target ament_cmake_python_copy_ifaces_position
[ 23%] Built target ifaces_position__rosidl_typesupport_cpp
[ 33%] Built target ifaces_position__rosidl_typesupport_fastrtps_cpp
[ 43%] Built target ifaces_position__rosidl_typesupport_fastrtps_c
[ 53%] Built target ifaces_position__rosidl_typesupport_introspection_cpp
[ 64%] Built target ifaces_position__rosidl_typesupport_introspection_c
[ 74%] Built target ifaces_position__rosidl_typesupport_c
[ 74%] Built target ifaces_position
[ 76%] Built target ifaces_position__py
[ 84%] Built target ifaces_position__rosidl_generator_py
[ 89%] Built target ifaces_position__rosidl_typesupport_c__pyext
[ 94%] Built target ifaces_position__rosidl_typesupport_introspection_c__pyext
[100%] Built target ifaces_position__rosidl_typesupport_fastrtps_c__pyext
running egg_info
writing ifaces_position.egg-info/PKG-INFO
writing dependency_links to ifaces_position.egg-info/dependency_links.txt
writing top-level names to ifaces_position.egg-info/top_level.txt
reading manifest file 'ifaces_position.egg-info/SOURCES.txt'
writing manifest file 'ifaces_position.egg-info/SOURCES.txt'
[100%] Built target ament_cmake_python_build_ifaces_position_egg
-- Install configuration: ""
-- Up-to-date: /home/curry/wilson_proj/ros2-rover-ws/install/ifaces_position/share/ament_index/resource_index/rosidl_interfaces/ifaces_position
-- Up-to-date: /home/curry/wilson_proj/ros2-rover-ws/install/ifaces_position/include/ifaces_position/ifaces_position
-- Up-to-date: /home/curry/wilson_proj/ros2-rover-ws/install/ifaces_position/include/ifaces_position/ifaces_position/msg
-- Up-to-date: /home/curry/wilson_proj/ros2-rover-ws/install/ifaces_position/include/ifaces_position/ifaces_position/msg/gnss_data.h
-- Up-to-date: /home/curry/wilson_proj/ros2-rover-ws/install/ifaces_position/include/ifaces_position/ifaces_position/msg/detail
-- Up-to-date: /home/curry/wilson_proj/ros2-rover-ws/install/ifaces_position/include/ifaces_position/ifaces_position/msg/detail/gnss_data__functions.h
-- Up-to-date: /home/curry/wilson_proj/ros2-rover-ws/install/ifaces_position/include/ifaces_position/ifaces_position/msg/detail/gnss_data__functions.c
-- Up-to-date: /home/curry/wilson_proj/ros2-rover-ws/install/ifaces_position/include/ifaces_position/ifaces_position/msg/detail/gnss_data__type_support.h
-- Up-to-date: /home/curry/wilson_proj/ros2-rover-ws/install/ifaces_position/include/ifaces_position/ifaces_position/msg/detail/gnss_data__struct.h
-- Up-to-date: /home/curry/wilson_proj/ros2-rover-ws/install/ifaces_position/include/ifaces_position/ifaces_position/msg/rosidl_generator_c__visibility_control.h
-- Up-to-date: /home/curry/wilson_proj/ros2-rover-ws/install/ifaces_position/include/ifaces_position/ifaces_position/srv
-- Up-to-date: /home/curry/wilson_proj/ros2-rover-ws/install/ifaces_position/include/ifaces_position/ifaces_position/srv/detail
-- Up-to-date: /home/curry/wilson_proj/ros2-rover-ws/install/ifaces_position/include/ifaces_position/ifaces_position/srv/detail/des_data__functions.h
-- Up-to-date: /home/curry/wilson_proj/ros2-rover-ws/install/ifaces_position/include/ifaces_position/ifaces_position/srv/detail/des_data__struct.h
-- Up-to-date: /home/curry/wilson_proj/ros2-rover-ws/install/ifaces_position/include/ifaces_position/ifaces_position/srv/detail/des_data__type_support.h
-- Up-to-date: /home/curry/wilson_proj/ros2-rover-ws/install/ifaces_position/include/ifaces_position/ifaces_position/srv/detail/des_data__functions.c
-- Up-to-date: /home/curry/wilson_proj/ros2-rover-ws/install/ifaces_position/include/ifaces_position/ifaces_position/srv/des_data.h
-- Up-to-date: /home/curry/wilson_proj/ros2-rover-ws/install/ifaces_position/share/ifaces_position/environment/library_path.sh
-- Up-to-date: /home/curry/wilson_proj/ros2-rover-ws/install/ifaces_position/share/ifaces_position/environment/library_path.dsv
-- Up-to-date: /home/curry/wilson_proj/ros2-rover-ws/install/ifaces_position/lib/libifaces_position__rosidl_generator_c.so
-- Up-to-date: /home/curry/wilson_proj/ros2-rover-ws/install/ifaces_position/include/ifaces_position/ifaces_position
-- Up-to-date: /home/curry/wilson_proj/ros2-rover-ws/install/ifaces_position/include/ifaces_position/ifaces_position/msg
-- Up-to-date: /home/curry/wilson_proj/ros2-rover-ws/install/ifaces_position/include/ifaces_position/ifaces_position/msg/detail
-- Up-to-date: /home/curry/wilson_proj/ros2-rover-ws/install/ifaces_position/include/ifaces_position/ifaces_position/msg/detail/gnss_data__rosidl_typesupport_fastrtps_c.h
-- Up-to-date: /home/curry/wilson_proj/ros2-rover-ws/install/ifaces_position/include/ifaces_position/ifaces_position/msg/rosidl_typesupport_fastrtps_c__visibility_control.h
-- Up-to-date: /home/curry/wilson_proj/ros2-rover-ws/install/ifaces_position/include/ifaces_position/ifaces_position/srv
-- Up-to-date: /home/curry/wilson_proj/ros2-rover-ws/install/ifaces_position/include/ifaces_position/ifaces_position/srv/detail
-- Up-to-date: /home/curry/wilson_proj/ros2-rover-ws/install/ifaces_position/include/ifaces_position/ifaces_position/srv/detail/des_data__rosidl_typesupport_fastrtps_c.h
-- Up-to-date: /home/curry/wilson_proj/ros2-rover-ws/install/ifaces_position/lib/libifaces_position__rosidl_typesupport_fastrtps_c.so
-- Up-to-date: /home/curry/wilson_proj/ros2-rover-ws/install/ifaces_position/include/ifaces_position/ifaces_position
-- Up-to-date: /home/curry/wilson_proj/ros2-rover-ws/install/ifaces_position/include/ifaces_position/ifaces_position/msg
-- Up-to-date: /home/curry/wilson_proj/ros2-rover-ws/install/ifaces_position/include/ifaces_position/ifaces_position/msg/rosidl_generator_cpp__visibility_control.hpp
-- Up-to-date: /home/curry/wilson_proj/ros2-rover-ws/install/ifaces_position/include/ifaces_position/ifaces_position/msg/detail
-- Up-to-date: /home/curry/wilson_proj/ros2-rover-ws/install/ifaces_position/include/ifaces_position/ifaces_position/msg/detail/gnss_data__traits.hpp
-- Up-to-date: /home/curry/wilson_proj/ros2-rover-ws/install/ifaces_position/include/ifaces_position/ifaces_position/msg/detail/gnss_data__builder.hpp
-- Up-to-date: /home/curry/wilson_proj/ros2-rover-ws/install/ifaces_position/include/ifaces_position/ifaces_position/msg/detail/gnss_data__struct.hpp
-- Up-to-date: /home/curry/wilson_proj/ros2-rover-ws/install/ifaces_position/include/ifaces_position/ifaces_position/msg/detail/gnss_data__type_support.hpp
-- Up-to-date: /home/curry/wilson_proj/ros2-rover-ws/install/ifaces_position/include/ifaces_position/ifaces_position/msg/gnss_data.hpp
-- Up-to-date: /home/curry/wilson_proj/ros2-rover-ws/install/ifaces_position/include/ifaces_position/ifaces_position/srv
-- Up-to-date: /home/curry/wilson_proj/ros2-rover-ws/install/ifaces_position/include/ifaces_position/ifaces_position/srv/des_data.hpp
-- Up-to-date: /home/curry/wilson_proj/ros2-rover-ws/install/ifaces_position/include/ifaces_position/ifaces_position/srv/detail
-- Up-to-date: /home/curry/wilson_proj/ros2-rover-ws/install/ifaces_position/include/ifaces_position/ifaces_position/srv/detail/des_data__traits.hpp
-- Up-to-date: /home/curry/wilson_proj/ros2-rover-ws/install/ifaces_position/include/ifaces_position/ifaces_position/srv/detail/des_data__struct.hpp
-- Up-to-date: /home/curry/wilson_proj/ros2-rover-ws/install/ifaces_position/include/ifaces_position/ifaces_position/srv/detail/des_data__builder.hpp
-- Up-to-date: /home/curry/wilson_proj/ros2-rover-ws/install/ifaces_position/include/ifaces_position/ifaces_position/srv/detail/des_data__type_support.hpp
-- Up-to-date: /home/curry/wilson_proj/ros2-rover-ws/install/ifaces_position/include/ifaces_position/ifaces_position
-- Up-to-date: /home/curry/wilson_proj/ros2-rover-ws/install/ifaces_position/include/ifaces_position/ifaces_position/msg
-- Up-to-date: /home/curry/wilson_proj/ros2-rover-ws/install/ifaces_position/include/ifaces_position/ifaces_position/msg/detail
-- Up-to-date: /home/curry/wilson_proj/ros2-rover-ws/install/ifaces_position/include/ifaces_position/ifaces_position/msg/detail/dds_fastrtps
-- Up-to-date: /home/curry/wilson_proj/ros2-rover-ws/install/ifaces_position/include/ifaces_position/ifaces_position/msg/detail/gnss_data__rosidl_typesupport_fastrtps_cpp.hpp
-- Up-to-date: /home/curry/wilson_proj/ros2-rover-ws/install/ifaces_position/include/ifaces_position/ifaces_position/msg/rosidl_typesupport_fastrtps_cpp__visibility_control.h
-- Up-to-date: /home/curry/wilson_proj/ros2-rover-ws/install/ifaces_position/include/ifaces_position/ifaces_position/srv
-- Up-to-date: /home/curry/wilson_proj/ros2-rover-ws/install/ifaces_position/include/ifaces_position/ifaces_position/srv/detail
-- Up-to-date: /home/curry/wilson_proj/ros2-rover-ws/install/ifaces_position/include/ifaces_position/ifaces_position/srv/detail/dds_fastrtps
-- Up-to-date: /home/curry/wilson_proj/ros2-rover-ws/install/ifaces_position/include/ifaces_position/ifaces_position/srv/detail/des_data__rosidl_typesupport_fastrtps_cpp.hpp
-- Up-to-date: /home/curry/wilson_proj/ros2-rover-ws/install/ifaces_position/lib/libifaces_position__rosidl_typesupport_fastrtps_cpp.so
-- Up-to-date: /home/curry/wilson_proj/ros2-rover-ws/install/ifaces_position/include/ifaces_position/ifaces_position
-- Up-to-date: /home/curry/wilson_proj/ros2-rover-ws/install/ifaces_position/include/ifaces_position/ifaces_position/msg
-- Up-to-date: /home/curry/wilson_proj/ros2-rover-ws/install/ifaces_position/include/ifaces_position/ifaces_position/msg/rosidl_typesupport_introspection_c__visibility_control.h
-- Up-to-date: /home/curry/wilson_proj/ros2-rover-ws/install/ifaces_position/include/ifaces_position/ifaces_position/msg/detail
-- Up-to-date: /home/curry/wilson_proj/ros2-rover-ws/install/ifaces_position/include/ifaces_position/ifaces_position/msg/detail/gnss_data__type_support.c
-- Up-to-date: /home/curry/wilson_proj/ros2-rover-ws/install/ifaces_position/include/ifaces_position/ifaces_position/msg/detail/gnss_data__rosidl_typesupport_introspection_c.h
-- Up-to-date: /home/curry/wilson_proj/ros2-rover-ws/install/ifaces_position/include/ifaces_position/ifaces_position/srv
-- Up-to-date: /home/curry/wilson_proj/ros2-rover-ws/install/ifaces_position/include/ifaces_position/ifaces_position/srv/detail
-- Up-to-date: /home/curry/wilson_proj/ros2-rover-ws/install/ifaces_position/include/ifaces_position/ifaces_position/srv/detail/des_data__rosidl_typesupport_introspection_c.h
-- Up-to-date: /home/curry/wilson_proj/ros2-rover-ws/install/ifaces_position/include/ifaces_position/ifaces_position/srv/detail/des_data__type_support.c
-- Up-to-date: /home/curry/wilson_proj/ros2-rover-ws/install/ifaces_position/lib/libifaces_position__rosidl_typesupport_introspection_c.so
-- Up-to-date: /home/curry/wilson_proj/ros2-rover-ws/install/ifaces_position/lib/libifaces_position__rosidl_typesupport_c.so
-- Up-to-date: /home/curry/wilson_proj/ros2-rover-ws/install/ifaces_position/include/ifaces_position/ifaces_position
-- Up-to-date: /home/curry/wilson_proj/ros2-rover-ws/install/ifaces_position/include/ifaces_position/ifaces_position/msg
-- Up-to-date: /home/curry/wilson_proj/ros2-rover-ws/install/ifaces_position/include/ifaces_position/ifaces_position/msg/detail
-- Up-to-date: /home/curry/wilson_proj/ros2-rover-ws/install/ifaces_position/include/ifaces_position/ifaces_position/msg/detail/gnss_data__type_support.cpp
-- Up-to-date: /home/curry/wilson_proj/ros2-rover-ws/install/ifaces_position/include/ifaces_position/ifaces_position/msg/detail/gnss_data__rosidl_typesupport_introspection_cpp.hpp
-- Up-to-date: /home/curry/wilson_proj/ros2-rover-ws/install/ifaces_position/include/ifaces_position/ifaces_position/srv
-- Up-to-date: /home/curry/wilson_proj/ros2-rover-ws/install/ifaces_position/include/ifaces_position/ifaces_position/srv/detail
-- Up-to-date: /home/curry/wilson_proj/ros2-rover-ws/install/ifaces_position/include/ifaces_position/ifaces_position/srv/detail/des_data__rosidl_typesupport_introspection_cpp.hpp
-- Up-to-date: /home/curry/wilson_proj/ros2-rover-ws/install/ifaces_position/include/ifaces_position/ifaces_position/srv/detail/des_data__type_support.cpp
-- Up-to-date: /home/curry/wilson_proj/ros2-rover-ws/install/ifaces_position/lib/libifaces_position__rosidl_typesupport_introspection_cpp.so
-- Up-to-date: /home/curry/wilson_proj/ros2-rover-ws/install/ifaces_position/lib/libifaces_position__rosidl_typesupport_cpp.so
-- Up-to-date: /home/curry/wilson_proj/ros2-rover-ws/install/ifaces_position/share/ifaces_position/environment/pythonpath.sh
-- Up-to-date: /home/curry/wilson_proj/ros2-rover-ws/install/ifaces_position/share/ifaces_position/environment/pythonpath.dsv
-- Up-to-date: /home/curry/wilson_proj/ros2-rover-ws/install/ifaces_position/local/lib/python3.10/dist-packages/ifaces_position-0.0.0-py3.10.egg-info
-- Installing: /home/curry/wilson_proj/ros2-rover-ws/install/ifaces_position/local/lib/python3.10/dist-packages/ifaces_position-0.0.0-py3.10.egg-info/dependency_links.txt
-- Installing: /home/curry/wilson_proj/ros2-rover-ws/install/ifaces_position/local/lib/python3.10/dist-packages/ifaces_position-0.0.0-py3.10.egg-info/SOURCES.txt
-- Installing: /home/curry/wilson_proj/ros2-rover-ws/install/ifaces_position/local/lib/python3.10/dist-packages/ifaces_position-0.0.0-py3.10.egg-info/top_level.txt
-- Installing: /home/curry/wilson_proj/ros2-rover-ws/install/ifaces_position/local/lib/python3.10/dist-packages/ifaces_position-0.0.0-py3.10.egg-info/PKG-INFO
-- Up-to-date: /home/curry/wilson_proj/ros2-rover-ws/install/ifaces_position/local/lib/python3.10/dist-packages/ifaces_position
-- Up-to-date: /home/curry/wilson_proj/ros2-rover-ws/install/ifaces_position/local/lib/python3.10/dist-packages/ifaces_position/ifaces_position_s__rosidl_typesupport_introspection_c.cpython-310-aarch64-linux-gnu.so
-- Up-to-date: /home/curry/wilson_proj/ros2-rover-ws/install/ifaces_position/local/lib/python3.10/dist-packages/ifaces_position/_ifaces_position_s.ep.rosidl_typesupport_introspection_c.c
-- Up-to-date: /home/curry/wilson_proj/ros2-rover-ws/install/ifaces_position/local/lib/python3.10/dist-packages/ifaces_position/libifaces_position__rosidl_generator_py.so
-- Up-to-date: /home/curry/wilson_proj/ros2-rover-ws/install/ifaces_position/local/lib/python3.10/dist-packages/ifaces_position/msg
-- Up-to-date: /home/curry/wilson_proj/ros2-rover-ws/install/ifaces_position/local/lib/python3.10/dist-packages/ifaces_position/msg/_gnss_data_s.c
-- Up-to-date: /home/curry/wilson_proj/ros2-rover-ws/install/ifaces_position/local/lib/python3.10/dist-packages/ifaces_position/msg/__init__.py
-- Up-to-date: /home/curry/wilson_proj/ros2-rover-ws/install/ifaces_position/local/lib/python3.10/dist-packages/ifaces_position/msg/_gnss_data.py
-- Up-to-date: /home/curry/wilson_proj/ros2-rover-ws/install/ifaces_position/local/lib/python3.10/dist-packages/ifaces_position/srv
-- Up-to-date: /home/curry/wilson_proj/ros2-rover-ws/install/ifaces_position/local/lib/python3.10/dist-packages/ifaces_position/srv/__init__.py
-- Up-to-date: /home/curry/wilson_proj/ros2-rover-ws/install/ifaces_position/local/lib/python3.10/dist-packages/ifaces_position/srv/_des_data.py
-- Up-to-date: /home/curry/wilson_proj/ros2-rover-ws/install/ifaces_position/local/lib/python3.10/dist-packages/ifaces_position/srv/_des_data_s.c
-- Up-to-date: /home/curry/wilson_proj/ros2-rover-ws/install/ifaces_position/local/lib/python3.10/dist-packages/ifaces_position/ifaces_position_s__rosidl_typesupport_fastrtps_c.cpython-310-aarch64-linux-gnu.so
-- Up-to-date: /home/curry/wilson_proj/ros2-rover-ws/install/ifaces_position/local/lib/python3.10/dist-packages/ifaces_position/_ifaces_position_s.ep.rosidl_typesupport_fastrtps_c.c
-- Up-to-date: /home/curry/wilson_proj/ros2-rover-ws/install/ifaces_position/local/lib/python3.10/dist-packages/ifaces_position/__init__.py
-- Up-to-date: /home/curry/wilson_proj/ros2-rover-ws/install/ifaces_position/local/lib/python3.10/dist-packages/ifaces_position/_ifaces_position_s.ep.rosidl_typesupport_c.c
-- Up-to-date: /home/curry/wilson_proj/ros2-rover-ws/install/ifaces_position/local/lib/python3.10/dist-packages/ifaces_position/ifaces_position_s__rosidl_typesupport_c.cpython-310-aarch64-linux-gnu.so
Listing '/home/curry/wilson_proj/ros2-rover-ws/install/ifaces_position/local/lib/python3.10/dist-packages/ifaces_position'...
Listing '/home/curry/wilson_proj/ros2-rover-ws/install/ifaces_position/local/lib/python3.10/dist-packages/ifaces_position/msg'...
Listing '/home/curry/wilson_proj/ros2-rover-ws/install/ifaces_position/local/lib/python3.10/dist-packages/ifaces_position/srv'...
-- Up-to-date: /home/curry/wilson_proj/ros2-rover-ws/install/ifaces_position/local/lib/python3.10/dist-packages/ifaces_position/ifaces_position_s__rosidl_typesupport_fastrtps_c.cpython-310-aarch64-linux-gnu.so
-- Up-to-date: /home/curry/wilson_proj/ros2-rover-ws/install/ifaces_position/local/lib/python3.10/dist-packages/ifaces_position/ifaces_position_s__rosidl_typesupport_introspection_c.cpython-310-aarch64-linux-gnu.so
-- Up-to-date: /home/curry/wilson_proj/ros2-rover-ws/install/ifaces_position/local/lib/python3.10/dist-packages/ifaces_position/ifaces_position_s__rosidl_typesupport_c.cpython-310-aarch64-linux-gnu.so
-- Up-to-date: /home/curry/wilson_proj/ros2-rover-ws/install/ifaces_position/lib/libifaces_position__rosidl_generator_py.so
-- Up-to-date: /home/curry/wilson_proj/ros2-rover-ws/install/ifaces_position/share/ifaces_position/msg/GnssData.idl
-- Up-to-date: /home/curry/wilson_proj/ros2-rover-ws/install/ifaces_position/share/ifaces_position/srv/DesData.idl
-- Up-to-date: /home/curry/wilson_proj/ros2-rover-ws/install/ifaces_position/share/ifaces_position/msg/GnssData.msg
-- Up-to-date: /home/curry/wilson_proj/ros2-rover-ws/install/ifaces_position/share/ifaces_position/srv/DesData.srv
-- Up-to-date: /home/curry/wilson_proj/ros2-rover-ws/install/ifaces_position/share/ifaces_position/srv/DesData_Request.msg
-- Up-to-date: /home/curry/wilson_proj/ros2-rover-ws/install/ifaces_position/share/ifaces_position/srv/DesData_Response.msg
-- Up-to-date: /home/curry/wilson_proj/ros2-rover-ws/install/ifaces_position/share/ament_index/resource_index/package_run_dependencies/ifaces_position
-- Up-to-date: /home/curry/wilson_proj/ros2-rover-ws/install/ifaces_position/share/ament_index/resource_index/parent_prefix_path/ifaces_position
-- Up-to-date: /home/curry/wilson_proj/ros2-rover-ws/install/ifaces_position/share/ifaces_position/environment/ament_prefix_path.sh
-- Up-to-date: /home/curry/wilson_proj/ros2-rover-ws/install/ifaces_position/share/ifaces_position/environment/ament_prefix_path.dsv
-- Up-to-date: /home/curry/wilson_proj/ros2-rover-ws/install/ifaces_position/share/ifaces_position/environment/path.sh
-- Up-to-date: /home/curry/wilson_proj/ros2-rover-ws/install/ifaces_position/share/ifaces_position/environment/path.dsv
-- Up-to-date: /home/curry/wilson_proj/ros2-rover-ws/install/ifaces_position/share/ifaces_position/local_setup.bash
-- Up-to-date: /home/curry/wilson_proj/ros2-rover-ws/install/ifaces_position/share/ifaces_position/local_setup.sh
-- Up-to-date: /home/curry/wilson_proj/ros2-rover-ws/install/ifaces_position/share/ifaces_position/local_setup.zsh
-- Up-to-date: /home/curry/wilson_proj/ros2-rover-ws/install/ifaces_position/share/ifaces_position/local_setup.dsv
-- Installing: /home/curry/wilson_proj/ros2-rover-ws/install/ifaces_position/share/ifaces_position/package.dsv
-- Up-to-date: /home/curry/wilson_proj/ros2-rover-ws/install/ifaces_position/share/ament_index/resource_index/packages/ifaces_position
-- Up-to-date: /home/curry/wilson_proj/ros2-rover-ws/install/ifaces_position/share/ifaces_position/cmake/export_ifaces_position__rosidl_generator_cExport.cmake
-- Up-to-date: /home/curry/wilson_proj/ros2-rover-ws/install/ifaces_position/share/ifaces_position/cmake/export_ifaces_position__rosidl_generator_cExport-noconfig.cmake
-- Up-to-date: /home/curry/wilson_proj/ros2-rover-ws/install/ifaces_position/share/ifaces_position/cmake/export_ifaces_position__rosidl_typesupport_fastrtps_cExport.cmake
-- Up-to-date: /home/curry/wilson_proj/ros2-rover-ws/install/ifaces_position/share/ifaces_position/cmake/export_ifaces_position__rosidl_typesupport_fastrtps_cExport-noconfig.cmake
-- Up-to-date: /home/curry/wilson_proj/ros2-rover-ws/install/ifaces_position/share/ifaces_position/cmake/export_ifaces_position__rosidl_generator_cppExport.cmake
-- Up-to-date: /home/curry/wilson_proj/ros2-rover-ws/install/ifaces_position/share/ifaces_position/cmake/export_ifaces_position__rosidl_typesupport_fastrtps_cppExport.cmake
-- Up-to-date: /home/curry/wilson_proj/ros2-rover-ws/install/ifaces_position/share/ifaces_position/cmake/export_ifaces_position__rosidl_typesupport_fastrtps_cppExport-noconfig.cmake
-- Up-to-date: /home/curry/wilson_proj/ros2-rover-ws/install/ifaces_position/share/ifaces_position/cmake/ifaces_position__rosidl_typesupport_introspection_cExport.cmake
-- Up-to-date: /home/curry/wilson_proj/ros2-rover-ws/install/ifaces_position/share/ifaces_position/cmake/ifaces_position__rosidl_typesupport_introspection_cExport-noconfig.cmake
-- Up-to-date: /home/curry/wilson_proj/ros2-rover-ws/install/ifaces_position/share/ifaces_position/cmake/ifaces_position__rosidl_typesupport_cExport.cmake
-- Up-to-date: /home/curry/wilson_proj/ros2-rover-ws/install/ifaces_position/share/ifaces_position/cmake/ifaces_position__rosidl_typesupport_cExport-noconfig.cmake
-- Up-to-date: /home/curry/wilson_proj/ros2-rover-ws/install/ifaces_position/share/ifaces_position/cmake/ifaces_position__rosidl_typesupport_introspection_cppExport.cmake
-- Up-to-date: /home/curry/wilson_proj/ros2-rover-ws/install/ifaces_position/share/ifaces_position/cmake/ifaces_position__rosidl_typesupport_introspection_cppExport-noconfig.cmake
-- Up-to-date: /home/curry/wilson_proj/ros2-rover-ws/install/ifaces_position/share/ifaces_position/cmake/ifaces_position__rosidl_typesupport_cppExport.cmake
-- Up-to-date: /home/curry/wilson_proj/ros2-rover-ws/install/ifaces_position/share/ifaces_position/cmake/ifaces_position__rosidl_typesupport_cppExport-noconfig.cmake
-- Up-to-date: /home/curry/wilson_proj/ros2-rover-ws/install/ifaces_position/share/ifaces_position/cmake/export_ifaces_position__rosidl_generator_pyExport.cmake
-- Up-to-date: /home/curry/wilson_proj/ros2-rover-ws/install/ifaces_position/share/ifaces_position/cmake/export_ifaces_position__rosidl_generator_pyExport-noconfig.cmake
-- Up-to-date: /home/curry/wilson_proj/ros2-rover-ws/install/ifaces_position/share/ifaces_position/cmake/rosidl_cmake-extras.cmake
-- Up-to-date: /home/curry/wilson_proj/ros2-rover-ws/install/ifaces_position/share/ifaces_position/cmake/ament_cmake_export_dependencies-extras.cmake
-- Up-to-date: /home/curry/wilson_proj/ros2-rover-ws/install/ifaces_position/share/ifaces_position/cmake/ament_cmake_export_include_directories-extras.cmake
-- Up-to-date: /home/curry/wilson_proj/ros2-rover-ws/install/ifaces_position/share/ifaces_position/cmake/ament_cmake_export_libraries-extras.cmake
-- Up-to-date: /home/curry/wilson_proj/ros2-rover-ws/install/ifaces_position/share/ifaces_position/cmake/ament_cmake_export_targets-extras.cmake
-- Up-to-date: /home/curry/wilson_proj/ros2-rover-ws/install/ifaces_position/share/ifaces_position/cmake/rosidl_cmake_export_typesupport_targets-extras.cmake
-- Up-to-date: /home/curry/wilson_proj/ros2-rover-ws/install/ifaces_position/share/ifaces_position/cmake/rosidl_cmake_export_typesupport_libraries-extras.cmake
-- Up-to-date: /home/curry/wilson_proj/ros2-rover-ws/install/ifaces_position/share/ifaces_position/cmake/ifaces_positionConfig.cmake
-- Up-to-date: /home/curry/wilson_proj/ros2-rover-ws/install/ifaces_position/share/ifaces_position/cmake/ifaces_positionConfig-version.cmake
-- Up-to-date: /home/curry/wilson_proj/ros2-rover-ws/install/ifaces_position/share/ifaces_position/package.xml
