[0.019s] Invoking command in '/home/yupi/rover_proj/ros2-base-ws/build/action_interfaces': CMAKE_PREFIX_PATH=${CMAKE_PREFIX_PATH}:/opt/ros/humble /usr/bin/cmake --build /home/yupi/rover_proj/ros2-base-ws/build/action_interfaces -- -j4 -l4
[0.097s] [  9%] Built target action_interfaces__rosidl_generator_c
[0.097s] [ 12%] Built target action_interfaces__cpp
[0.106s] [ 12%] Built target ament_cmake_python_copy_action_interfaces
[0.123s] [ 22%] Built target action_interfaces__rosidl_typesupport_introspection_c
[0.136s] [ 32%] Built target action_interfaces__rosidl_typesupport_fastrtps_c
[0.140s] [ 41%] Built target action_interfaces__rosidl_typesupport_cpp
[0.145s] [ 51%] Built target action_interfaces__rosidl_typesupport_c
[0.153s] [ 61%] Built target action_interfaces__rosidl_typesupport_fastrtps_cpp
[0.162s] [ 70%] Built target action_interfaces__rosidl_typesupport_introspection_cpp
[0.183s] [ 70%] Built target action_interfaces
[0.203s] [ 74%] Built target action_interfaces__py
[0.227s] [ 80%] Built target action_interfaces__rosidl_generator_py
[0.256s] [ 87%] Built target action_interfaces__rosidl_typesupport_introspection_c__pyext
[0.258s] [ 93%] Built target action_interfaces__rosidl_typesupport_fastrtps_c__pyext
[0.259s] [100%] Built target action_interfaces__rosidl_typesupport_c__pyext
[0.384s] running egg_info
[0.385s] writing action_interfaces.egg-info/PKG-INFO
[0.385s] writing dependency_links to action_interfaces.egg-info/dependency_links.txt
[0.386s] writing top-level names to action_interfaces.egg-info/top_level.txt
[0.388s] reading manifest file 'action_interfaces.egg-info/SOURCES.txt'
[0.389s] writing manifest file 'action_interfaces.egg-info/SOURCES.txt'
[0.414s] [100%] Built target ament_cmake_python_build_action_interfaces_egg
[0.426s] Invoked command in '/home/yupi/rover_proj/ros2-base-ws/build/action_interfaces' returned '0': CMAKE_PREFIX_PATH=${CMAKE_PREFIX_PATH}:/opt/ros/humble /usr/bin/cmake --build /home/yupi/rover_proj/ros2-base-ws/build/action_interfaces -- -j4 -l4
[0.488s] Invoking command in '/home/yupi/rover_proj/ros2-base-ws/build/action_interfaces': CMAKE_PREFIX_PATH=${CMAKE_PREFIX_PATH}:/opt/ros/humble /usr/bin/cmake --install /home/yupi/rover_proj/ros2-base-ws/build/action_interfaces
[0.497s] -- Install configuration: ""
[0.497s] -- Up-to-date: /home/yupi/rover_proj/ros2-base-ws/install/action_interfaces/share/ament_index/resource_index/rosidl_interfaces/action_interfaces
[0.497s] -- Up-to-date: /home/yupi/rover_proj/ros2-base-ws/install/action_interfaces/include/action_interfaces/action_interfaces
[0.497s] -- Up-to-date: /home/yupi/rover_proj/ros2-base-ws/install/action_interfaces/include/action_interfaces/action_interfaces/action
[0.497s] -- Up-to-date: /home/yupi/rover_proj/ros2-base-ws/install/action_interfaces/include/action_interfaces/action_interfaces/action/rovercontrol.h
[0.497s] -- Up-to-date: /home/yupi/rover_proj/ros2-base-ws/install/action_interfaces/include/action_interfaces/action_interfaces/action/detail
[0.498s] -- Up-to-date: /home/yupi/rover_proj/ros2-base-ws/install/action_interfaces/include/action_interfaces/action_interfaces/action/detail/rovercontrol__struct.h
[0.498s] -- Up-to-date: /home/yupi/rover_proj/ros2-base-ws/install/action_interfaces/include/action_interfaces/action_interfaces/action/detail/rovercontrol__functions.h
[0.498s] -- Up-to-date: /home/yupi/rover_proj/ros2-base-ws/install/action_interfaces/include/action_interfaces/action_interfaces/action/detail/rovercontrol__type_support.h
[0.498s] -- Up-to-date: /home/yupi/rover_proj/ros2-base-ws/install/action_interfaces/include/action_interfaces/action_interfaces/action/detail/rovercontrol__functions.c
[0.498s] -- Up-to-date: /home/yupi/rover_proj/ros2-base-ws/install/action_interfaces/include/action_interfaces/action_interfaces/msg
[0.498s] -- Up-to-date: /home/yupi/rover_proj/ros2-base-ws/install/action_interfaces/include/action_interfaces/action_interfaces/msg/rosidl_generator_c__visibility_control.h
[0.498s] -- Up-to-date: /home/yupi/rover_proj/ros2-base-ws/install/action_interfaces/share/action_interfaces/environment/library_path.sh
[0.498s] -- Up-to-date: /home/yupi/rover_proj/ros2-base-ws/install/action_interfaces/share/action_interfaces/environment/library_path.dsv
[0.498s] -- Up-to-date: /home/yupi/rover_proj/ros2-base-ws/install/action_interfaces/lib/libaction_interfaces__rosidl_generator_c.so
[0.498s] -- Up-to-date: /home/yupi/rover_proj/ros2-base-ws/install/action_interfaces/include/action_interfaces/action_interfaces
[0.499s] -- Up-to-date: /home/yupi/rover_proj/ros2-base-ws/install/action_interfaces/include/action_interfaces/action_interfaces/action
[0.499s] -- Up-to-date: /home/yupi/rover_proj/ros2-base-ws/install/action_interfaces/include/action_interfaces/action_interfaces/action/detail
[0.499s] -- Up-to-date: /home/yupi/rover_proj/ros2-base-ws/install/action_interfaces/include/action_interfaces/action_interfaces/action/detail/rovercontrol__rosidl_typesupport_fastrtps_c.h
[0.499s] -- Up-to-date: /home/yupi/rover_proj/ros2-base-ws/install/action_interfaces/include/action_interfaces/action_interfaces/msg
[0.500s] -- Up-to-date: /home/yupi/rover_proj/ros2-base-ws/install/action_interfaces/include/action_interfaces/action_interfaces/msg/rosidl_typesupport_fastrtps_c__visibility_control.h
[0.500s] -- Up-to-date: /home/yupi/rover_proj/ros2-base-ws/install/action_interfaces/lib/libaction_interfaces__rosidl_typesupport_fastrtps_c.so
[0.500s] -- Up-to-date: /home/yupi/rover_proj/ros2-base-ws/install/action_interfaces/include/action_interfaces/action_interfaces
[0.500s] -- Up-to-date: /home/yupi/rover_proj/ros2-base-ws/install/action_interfaces/include/action_interfaces/action_interfaces/action
[0.501s] -- Up-to-date: /home/yupi/rover_proj/ros2-base-ws/install/action_interfaces/include/action_interfaces/action_interfaces/action/detail
[0.501s] -- Up-to-date: /home/yupi/rover_proj/ros2-base-ws/install/action_interfaces/include/action_interfaces/action_interfaces/action/detail/rovercontrol__rosidl_typesupport_introspection_c.h
[0.501s] -- Up-to-date: /home/yupi/rover_proj/ros2-base-ws/install/action_interfaces/include/action_interfaces/action_interfaces/action/detail/rovercontrol__type_support.c
[0.501s] -- Up-to-date: /home/yupi/rover_proj/ros2-base-ws/install/action_interfaces/include/action_interfaces/action_interfaces/msg
[0.501s] -- Up-to-date: /home/yupi/rover_proj/ros2-base-ws/install/action_interfaces/include/action_interfaces/action_interfaces/msg/rosidl_typesupport_introspection_c__visibility_control.h
[0.502s] -- Up-to-date: /home/yupi/rover_proj/ros2-base-ws/install/action_interfaces/lib/libaction_interfaces__rosidl_typesupport_introspection_c.so
[0.502s] -- Up-to-date: /home/yupi/rover_proj/ros2-base-ws/install/action_interfaces/lib/libaction_interfaces__rosidl_typesupport_c.so
[0.502s] -- Up-to-date: /home/yupi/rover_proj/ros2-base-ws/install/action_interfaces/include/action_interfaces/action_interfaces
[0.502s] -- Up-to-date: /home/yupi/rover_proj/ros2-base-ws/install/action_interfaces/include/action_interfaces/action_interfaces/action
[0.503s] -- Up-to-date: /home/yupi/rover_proj/ros2-base-ws/install/action_interfaces/include/action_interfaces/action_interfaces/action/rovercontrol.hpp
[0.503s] -- Up-to-date: /home/yupi/rover_proj/ros2-base-ws/install/action_interfaces/include/action_interfaces/action_interfaces/action/detail
[0.503s] -- Up-to-date: /home/yupi/rover_proj/ros2-base-ws/install/action_interfaces/include/action_interfaces/action_interfaces/action/detail/rovercontrol__struct.hpp
[0.503s] -- Up-to-date: /home/yupi/rover_proj/ros2-base-ws/install/action_interfaces/include/action_interfaces/action_interfaces/action/detail/rovercontrol__builder.hpp
[0.503s] -- Up-to-date: /home/yupi/rover_proj/ros2-base-ws/install/action_interfaces/include/action_interfaces/action_interfaces/action/detail/rovercontrol__traits.hpp
[0.503s] -- Up-to-date: /home/yupi/rover_proj/ros2-base-ws/install/action_interfaces/include/action_interfaces/action_interfaces
[0.503s] -- Up-to-date: /home/yupi/rover_proj/ros2-base-ws/install/action_interfaces/include/action_interfaces/action_interfaces/action
[0.503s] -- Up-to-date: /home/yupi/rover_proj/ros2-base-ws/install/action_interfaces/include/action_interfaces/action_interfaces/action/detail
[0.504s] -- Up-to-date: /home/yupi/rover_proj/ros2-base-ws/install/action_interfaces/include/action_interfaces/action_interfaces/action/detail/rovercontrol__rosidl_typesupport_fastrtps_cpp.hpp
[0.504s] -- Up-to-date: /home/yupi/rover_proj/ros2-base-ws/install/action_interfaces/include/action_interfaces/action_interfaces/action/detail/dds_fastrtps
[0.504s] -- Up-to-date: /home/yupi/rover_proj/ros2-base-ws/install/action_interfaces/include/action_interfaces/action_interfaces/msg
[0.504s] -- Up-to-date: /home/yupi/rover_proj/ros2-base-ws/install/action_interfaces/include/action_interfaces/action_interfaces/msg/rosidl_typesupport_fastrtps_cpp__visibility_control.h
[0.505s] -- Up-to-date: /home/yupi/rover_proj/ros2-base-ws/install/action_interfaces/lib/libaction_interfaces__rosidl_typesupport_fastrtps_cpp.so
[0.505s] -- Up-to-date: /home/yupi/rover_proj/ros2-base-ws/install/action_interfaces/include/action_interfaces/action_interfaces
[0.505s] -- Up-to-date: /home/yupi/rover_proj/ros2-base-ws/install/action_interfaces/include/action_interfaces/action_interfaces/action
[0.506s] -- Up-to-date: /home/yupi/rover_proj/ros2-base-ws/install/action_interfaces/include/action_interfaces/action_interfaces/action/detail
[0.506s] -- Up-to-date: /home/yupi/rover_proj/ros2-base-ws/install/action_interfaces/include/action_interfaces/action_interfaces/action/detail/rovercontrol__rosidl_typesupport_introspection_cpp.hpp
[0.506s] -- Up-to-date: /home/yupi/rover_proj/ros2-base-ws/install/action_interfaces/include/action_interfaces/action_interfaces/action/detail/rovercontrol__type_support.cpp
[0.506s] -- Up-to-date: /home/yupi/rover_proj/ros2-base-ws/install/action_interfaces/lib/libaction_interfaces__rosidl_typesupport_introspection_cpp.so
[0.507s] -- Up-to-date: /home/yupi/rover_proj/ros2-base-ws/install/action_interfaces/lib/libaction_interfaces__rosidl_typesupport_cpp.so
[0.507s] -- Up-to-date: /home/yupi/rover_proj/ros2-base-ws/install/action_interfaces/share/action_interfaces/environment/pythonpath.sh
[0.507s] -- Up-to-date: /home/yupi/rover_proj/ros2-base-ws/install/action_interfaces/share/action_interfaces/environment/pythonpath.dsv
[0.507s] -- Up-to-date: /home/yupi/rover_proj/ros2-base-ws/install/action_interfaces/local/lib/python3.10/dist-packages/action_interfaces-0.0.0-py3.10.egg-info
[0.507s] -- Installing: /home/yupi/rover_proj/ros2-base-ws/install/action_interfaces/local/lib/python3.10/dist-packages/action_interfaces-0.0.0-py3.10.egg-info/dependency_links.txt
[0.507s] -- Installing: /home/yupi/rover_proj/ros2-base-ws/install/action_interfaces/local/lib/python3.10/dist-packages/action_interfaces-0.0.0-py3.10.egg-info/PKG-INFO
[0.508s] -- Installing: /home/yupi/rover_proj/ros2-base-ws/install/action_interfaces/local/lib/python3.10/dist-packages/action_interfaces-0.0.0-py3.10.egg-info/top_level.txt
[0.508s] -- Installing: /home/yupi/rover_proj/ros2-base-ws/install/action_interfaces/local/lib/python3.10/dist-packages/action_interfaces-0.0.0-py3.10.egg-info/SOURCES.txt
[0.508s] -- Up-to-date: /home/yupi/rover_proj/ros2-base-ws/install/action_interfaces/local/lib/python3.10/dist-packages/action_interfaces
[0.508s] -- Up-to-date: /home/yupi/rover_proj/ros2-base-ws/install/action_interfaces/local/lib/python3.10/dist-packages/action_interfaces/action_interfaces_s__rosidl_typesupport_c.cpython-310-x86_64-linux-gnu.so
[0.508s] -- Up-to-date: /home/yupi/rover_proj/ros2-base-ws/install/action_interfaces/local/lib/python3.10/dist-packages/action_interfaces/_action_interfaces_s.ep.rosidl_typesupport_fastrtps_c.c
[0.508s] -- Up-to-date: /home/yupi/rover_proj/ros2-base-ws/install/action_interfaces/local/lib/python3.10/dist-packages/action_interfaces/libaction_interfaces__rosidl_generator_py.so
[0.508s] -- Up-to-date: /home/yupi/rover_proj/ros2-base-ws/install/action_interfaces/local/lib/python3.10/dist-packages/action_interfaces/_action_interfaces_s.ep.rosidl_typesupport_introspection_c.c
[0.508s] -- Up-to-date: /home/yupi/rover_proj/ros2-base-ws/install/action_interfaces/local/lib/python3.10/dist-packages/action_interfaces/action
[0.508s] -- Up-to-date: /home/yupi/rover_proj/ros2-base-ws/install/action_interfaces/local/lib/python3.10/dist-packages/action_interfaces/action/_rovercontrol.py
[0.508s] -- Up-to-date: /home/yupi/rover_proj/ros2-base-ws/install/action_interfaces/local/lib/python3.10/dist-packages/action_interfaces/action/_rovercontrol_s.c
[0.508s] -- Up-to-date: /home/yupi/rover_proj/ros2-base-ws/install/action_interfaces/local/lib/python3.10/dist-packages/action_interfaces/action/__init__.py
[0.508s] -- Up-to-date: /home/yupi/rover_proj/ros2-base-ws/install/action_interfaces/local/lib/python3.10/dist-packages/action_interfaces/__init__.py
[0.508s] -- Up-to-date: /home/yupi/rover_proj/ros2-base-ws/install/action_interfaces/local/lib/python3.10/dist-packages/action_interfaces/action_interfaces_s__rosidl_typesupport_fastrtps_c.cpython-310-x86_64-linux-gnu.so
[0.508s] -- Up-to-date: /home/yupi/rover_proj/ros2-base-ws/install/action_interfaces/local/lib/python3.10/dist-packages/action_interfaces/action_interfaces_s__rosidl_typesupport_introspection_c.cpython-310-x86_64-linux-gnu.so
[0.509s] -- Up-to-date: /home/yupi/rover_proj/ros2-base-ws/install/action_interfaces/local/lib/python3.10/dist-packages/action_interfaces/_action_interfaces_s.ep.rosidl_typesupport_c.c
[0.540s] Listing '/home/yupi/rover_proj/ros2-base-ws/install/action_interfaces/local/lib/python3.10/dist-packages/action_interfaces'...
[0.540s] Listing '/home/yupi/rover_proj/ros2-base-ws/install/action_interfaces/local/lib/python3.10/dist-packages/action_interfaces/action'...
[0.544s] -- Up-to-date: /home/yupi/rover_proj/ros2-base-ws/install/action_interfaces/local/lib/python3.10/dist-packages/action_interfaces/action_interfaces_s__rosidl_typesupport_fastrtps_c.cpython-310-x86_64-linux-gnu.so
[0.545s] -- Up-to-date: /home/yupi/rover_proj/ros2-base-ws/install/action_interfaces/local/lib/python3.10/dist-packages/action_interfaces/action_interfaces_s__rosidl_typesupport_introspection_c.cpython-310-x86_64-linux-gnu.so
[0.545s] -- Up-to-date: /home/yupi/rover_proj/ros2-base-ws/install/action_interfaces/local/lib/python3.10/dist-packages/action_interfaces/action_interfaces_s__rosidl_typesupport_c.cpython-310-x86_64-linux-gnu.so
[0.545s] -- Up-to-date: /home/yupi/rover_proj/ros2-base-ws/install/action_interfaces/lib/libaction_interfaces__rosidl_generator_py.so
[0.545s] -- Up-to-date: /home/yupi/rover_proj/ros2-base-ws/install/action_interfaces/share/action_interfaces/action/Rovercontrol.idl
[0.546s] -- Up-to-date: /home/yupi/rover_proj/ros2-base-ws/install/action_interfaces/share/action_interfaces/action/Rovercontrol.action
[0.546s] -- Up-to-date: /home/yupi/rover_proj/ros2-base-ws/install/action_interfaces/share/ament_index/resource_index/package_run_dependencies/action_interfaces
[0.546s] -- Up-to-date: /home/yupi/rover_proj/ros2-base-ws/install/action_interfaces/share/ament_index/resource_index/parent_prefix_path/action_interfaces
[0.546s] -- Up-to-date: /home/yupi/rover_proj/ros2-base-ws/install/action_interfaces/share/action_interfaces/environment/ament_prefix_path.sh
[0.546s] -- Up-to-date: /home/yupi/rover_proj/ros2-base-ws/install/action_interfaces/share/action_interfaces/environment/ament_prefix_path.dsv
[0.546s] -- Up-to-date: /home/yupi/rover_proj/ros2-base-ws/install/action_interfaces/share/action_interfaces/environment/path.sh
[0.546s] -- Up-to-date: /home/yupi/rover_proj/ros2-base-ws/install/action_interfaces/share/action_interfaces/environment/path.dsv
[0.546s] -- Up-to-date: /home/yupi/rover_proj/ros2-base-ws/install/action_interfaces/share/action_interfaces/local_setup.bash
[0.546s] -- Up-to-date: /home/yupi/rover_proj/ros2-base-ws/install/action_interfaces/share/action_interfaces/local_setup.sh
[0.546s] -- Up-to-date: /home/yupi/rover_proj/ros2-base-ws/install/action_interfaces/share/action_interfaces/local_setup.zsh
[0.546s] -- Up-to-date: /home/yupi/rover_proj/ros2-base-ws/install/action_interfaces/share/action_interfaces/local_setup.dsv
[0.546s] -- Installing: /home/yupi/rover_proj/ros2-base-ws/install/action_interfaces/share/action_interfaces/package.dsv
[0.547s] -- Up-to-date: /home/yupi/rover_proj/ros2-base-ws/install/action_interfaces/share/ament_index/resource_index/packages/action_interfaces
[0.547s] -- Up-to-date: /home/yupi/rover_proj/ros2-base-ws/install/action_interfaces/share/action_interfaces/cmake/export_action_interfaces__rosidl_generator_cExport.cmake
[0.547s] -- Up-to-date: /home/yupi/rover_proj/ros2-base-ws/install/action_interfaces/share/action_interfaces/cmake/export_action_interfaces__rosidl_generator_cExport-noconfig.cmake
[0.547s] -- Up-to-date: /home/yupi/rover_proj/ros2-base-ws/install/action_interfaces/share/action_interfaces/cmake/export_action_interfaces__rosidl_typesupport_fastrtps_cExport.cmake
[0.547s] -- Up-to-date: /home/yupi/rover_proj/ros2-base-ws/install/action_interfaces/share/action_interfaces/cmake/export_action_interfaces__rosidl_typesupport_fastrtps_cExport-noconfig.cmake
[0.548s] -- Up-to-date: /home/yupi/rover_proj/ros2-base-ws/install/action_interfaces/share/action_interfaces/cmake/action_interfaces__rosidl_typesupport_introspection_cExport.cmake
[0.548s] -- Up-to-date: /home/yupi/rover_proj/ros2-base-ws/install/action_interfaces/share/action_interfaces/cmake/action_interfaces__rosidl_typesupport_introspection_cExport-noconfig.cmake
[0.548s] -- Up-to-date: /home/yupi/rover_proj/ros2-base-ws/install/action_interfaces/share/action_interfaces/cmake/action_interfaces__rosidl_typesupport_cExport.cmake
[0.548s] -- Up-to-date: /home/yupi/rover_proj/ros2-base-ws/install/action_interfaces/share/action_interfaces/cmake/action_interfaces__rosidl_typesupport_cExport-noconfig.cmake
[0.548s] -- Up-to-date: /home/yupi/rover_proj/ros2-base-ws/install/action_interfaces/share/action_interfaces/cmake/export_action_interfaces__rosidl_generator_cppExport.cmake
[0.549s] -- Up-to-date: /home/yupi/rover_proj/ros2-base-ws/install/action_interfaces/share/action_interfaces/cmake/export_action_interfaces__rosidl_typesupport_fastrtps_cppExport.cmake
[0.549s] -- Up-to-date: /home/yupi/rover_proj/ros2-base-ws/install/action_interfaces/share/action_interfaces/cmake/export_action_interfaces__rosidl_typesupport_fastrtps_cppExport-noconfig.cmake
[0.549s] -- Up-to-date: /home/yupi/rover_proj/ros2-base-ws/install/action_interfaces/share/action_interfaces/cmake/action_interfaces__rosidl_typesupport_introspection_cppExport.cmake
[0.549s] -- Up-to-date: /home/yupi/rover_proj/ros2-base-ws/install/action_interfaces/share/action_interfaces/cmake/action_interfaces__rosidl_typesupport_introspection_cppExport-noconfig.cmake
[0.550s] -- Up-to-date: /home/yupi/rover_proj/ros2-base-ws/install/action_interfaces/share/action_interfaces/cmake/action_interfaces__rosidl_typesupport_cppExport.cmake
[0.550s] -- Up-to-date: /home/yupi/rover_proj/ros2-base-ws/install/action_interfaces/share/action_interfaces/cmake/action_interfaces__rosidl_typesupport_cppExport-noconfig.cmake
[0.550s] -- Up-to-date: /home/yupi/rover_proj/ros2-base-ws/install/action_interfaces/share/action_interfaces/cmake/export_action_interfaces__rosidl_generator_pyExport.cmake
[0.550s] -- Up-to-date: /home/yupi/rover_proj/ros2-base-ws/install/action_interfaces/share/action_interfaces/cmake/export_action_interfaces__rosidl_generator_pyExport-noconfig.cmake
[0.550s] -- Up-to-date: /home/yupi/rover_proj/ros2-base-ws/install/action_interfaces/share/action_interfaces/cmake/rosidl_cmake-extras.cmake
[0.550s] -- Up-to-date: /home/yupi/rover_proj/ros2-base-ws/install/action_interfaces/share/action_interfaces/cmake/ament_cmake_export_dependencies-extras.cmake
[0.550s] -- Up-to-date: /home/yupi/rover_proj/ros2-base-ws/install/action_interfaces/share/action_interfaces/cmake/ament_cmake_export_include_directories-extras.cmake
[0.550s] -- Up-to-date: /home/yupi/rover_proj/ros2-base-ws/install/action_interfaces/share/action_interfaces/cmake/ament_cmake_export_libraries-extras.cmake
[0.550s] -- Up-to-date: /home/yupi/rover_proj/ros2-base-ws/install/action_interfaces/share/action_interfaces/cmake/ament_cmake_export_targets-extras.cmake
[0.550s] -- Up-to-date: /home/yupi/rover_proj/ros2-base-ws/install/action_interfaces/share/action_interfaces/cmake/rosidl_cmake_export_typesupport_targets-extras.cmake
[0.551s] -- Up-to-date: /home/yupi/rover_proj/ros2-base-ws/install/action_interfaces/share/action_interfaces/cmake/rosidl_cmake_export_typesupport_libraries-extras.cmake
[0.551s] -- Up-to-date: /home/yupi/rover_proj/ros2-base-ws/install/action_interfaces/share/action_interfaces/cmake/action_interfacesConfig.cmake
[0.551s] -- Up-to-date: /home/yupi/rover_proj/ros2-base-ws/install/action_interfaces/share/action_interfaces/cmake/action_interfacesConfig-version.cmake
[0.551s] -- Up-to-date: /home/yupi/rover_proj/ros2-base-ws/install/action_interfaces/share/action_interfaces/package.xml
[0.553s] Invoked command in '/home/yupi/rover_proj/ros2-base-ws/build/action_interfaces' returned '0': CMAKE_PREFIX_PATH=${CMAKE_PREFIX_PATH}:/opt/ros/humble /usr/bin/cmake --install /home/yupi/rover_proj/ros2-base-ws/build/action_interfaces
