[0.288s] Invoking command in '/home/curry/wilson_proj/ros2-rover-ws/build/msgs_mainrocon': CMAKE_PREFIX_PATH=/home/curry/wilson_proj/ros2-rover-ws/install/msgs_rovercon:/home/curry/wilson_proj/ros2-rover-ws/install/msgs_mainrocon:/home/curry/wilson_proj/ros2-rover-ws/install/rovercon_msgs:/home/curry/wilson_proj/ros2-rover-ws/install/package_test:/home/curry/wilson_proj/ros2-rover-ws/install/package_rover_control:/home/curry/wilson_proj/ros2-rover-ws/install/package_position_process:/home/curry/wilson_proj/ros2-rover-ws/install/package_navigate_route:/home/curry/wilson_proj/ros2-rover-ws/install/package_image_process:/home/curry/wilson_proj/ros2-rover-ws/install/msgs_positions:/home/curry/wilson_proj/ros2-rover-ws/install/action_interfaces:/opt/ros/humble LD_LIBRARY_PATH=/home/curry/wilson_proj/ros2-rover-ws/install/msgs_rovercon/lib:${LD_LIBRARY_PATH} /usr/bin/cmake --build /home/curry/wilson_proj/ros2-rover-ws/build/msgs_mainrocon -- -j4 -l4
[0.570s] [  3%] Built target msgs_mainrocon__cpp
[0.607s] [ 12%] Built target msgs_mainrocon__rosidl_generator_c
[0.638s] [ 12%] Built target ament_cmake_python_copy_msgs_mainrocon
[0.778s] [ 22%] Built target msgs_mainrocon__rosidl_typesupport_fastrtps_cpp
[0.839s] [ 35%] Built target msgs_mainrocon__rosidl_typesupport_introspection_cpp
[0.843s] [ 41%] Built target msgs_mainrocon__rosidl_typesupport_cpp
[0.847s] [ 51%] Built target msgs_mainrocon__rosidl_typesupport_fastrtps_c
[1.007s] [ 61%] Built target msgs_mainrocon__rosidl_typesupport_introspection_c
[1.041s] [ 70%] Built target msgs_mainrocon__rosidl_typesupport_c
[1.211s] [ 70%] Built target msgs_mainrocon
[1.328s] [ 74%] Built target msgs_mainrocon__py
[1.536s] [ 80%] Built target msgs_mainrocon__rosidl_generator_py
[1.781s] [ 87%] Built target msgs_mainrocon__rosidl_typesupport_fastrtps_c__pyext
[1.821s] [100%] Built target msgs_mainrocon__rosidl_typesupport_introspection_c__pyext
[1.837s] [100%] Built target msgs_mainrocon__rosidl_typesupport_c__pyext
[2.882s] running egg_info
[2.887s] writing msgs_mainrocon.egg-info/PKG-INFO
[2.888s] writing dependency_links to msgs_mainrocon.egg-info/dependency_links.txt
[2.889s] writing top-level names to msgs_mainrocon.egg-info/top_level.txt
[2.903s] reading manifest file 'msgs_mainrocon.egg-info/SOURCES.txt'
[2.907s] writing manifest file 'msgs_mainrocon.egg-info/SOURCES.txt'
[3.099s] [100%] Built target ament_cmake_python_build_msgs_mainrocon_egg
[3.160s] Invoked command in '/home/curry/wilson_proj/ros2-rover-ws/build/msgs_mainrocon' returned '0': CMAKE_PREFIX_PATH=/home/curry/wilson_proj/ros2-rover-ws/install/msgs_rovercon:/home/curry/wilson_proj/ros2-rover-ws/install/msgs_mainrocon:/home/curry/wilson_proj/ros2-rover-ws/install/rovercon_msgs:/home/curry/wilson_proj/ros2-rover-ws/install/package_test:/home/curry/wilson_proj/ros2-rover-ws/install/package_rover_control:/home/curry/wilson_proj/ros2-rover-ws/install/package_position_process:/home/curry/wilson_proj/ros2-rover-ws/install/package_navigate_route:/home/curry/wilson_proj/ros2-rover-ws/install/package_image_process:/home/curry/wilson_proj/ros2-rover-ws/install/msgs_positions:/home/curry/wilson_proj/ros2-rover-ws/install/action_interfaces:/opt/ros/humble LD_LIBRARY_PATH=/home/curry/wilson_proj/ros2-rover-ws/install/msgs_rovercon/lib:${LD_LIBRARY_PATH} /usr/bin/cmake --build /home/curry/wilson_proj/ros2-rover-ws/build/msgs_mainrocon -- -j4 -l4
[3.172s] Invoking command in '/home/curry/wilson_proj/ros2-rover-ws/build/msgs_mainrocon': CMAKE_PREFIX_PATH=/home/curry/wilson_proj/ros2-rover-ws/install/msgs_rovercon:/home/curry/wilson_proj/ros2-rover-ws/install/msgs_mainrocon:/home/curry/wilson_proj/ros2-rover-ws/install/rovercon_msgs:/home/curry/wilson_proj/ros2-rover-ws/install/package_test:/home/curry/wilson_proj/ros2-rover-ws/install/package_rover_control:/home/curry/wilson_proj/ros2-rover-ws/install/package_position_process:/home/curry/wilson_proj/ros2-rover-ws/install/package_navigate_route:/home/curry/wilson_proj/ros2-rover-ws/install/package_image_process:/home/curry/wilson_proj/ros2-rover-ws/install/msgs_positions:/home/curry/wilson_proj/ros2-rover-ws/install/action_interfaces:/opt/ros/humble LD_LIBRARY_PATH=/home/curry/wilson_proj/ros2-rover-ws/install/msgs_rovercon/lib:${LD_LIBRARY_PATH} /usr/bin/cmake --install /home/curry/wilson_proj/ros2-rover-ws/build/msgs_mainrocon
[3.226s] -- Install configuration: ""
[3.228s] -- Up-to-date: /home/curry/wilson_proj/ros2-rover-ws/install/msgs_mainrocon/share/ament_index/resource_index/rosidl_interfaces/msgs_mainrocon
[3.230s] -- Up-to-date: /home/curry/wilson_proj/ros2-rover-ws/install/msgs_mainrocon/include/msgs_mainrocon/msgs_mainrocon
[3.231s] -- Up-to-date: /home/curry/wilson_proj/ros2-rover-ws/install/msgs_mainrocon/include/msgs_mainrocon/msgs_mainrocon/msg
[3.237s] -- Up-to-date: /home/curry/wilson_proj/ros2-rover-ws/install/msgs_mainrocon/include/msgs_mainrocon/msgs_mainrocon/msg/main_rocon.h
[3.238s] -- Up-to-date: /home/curry/wilson_proj/ros2-rover-ws/install/msgs_mainrocon/include/msgs_mainrocon/msgs_mainrocon/msg/detail
[3.239s] -- Up-to-date: /home/curry/wilson_proj/ros2-rover-ws/install/msgs_mainrocon/include/msgs_mainrocon/msgs_mainrocon/msg/detail/main_rocon__functions.c
[3.241s] -- Up-to-date: /home/curry/wilson_proj/ros2-rover-ws/install/msgs_mainrocon/include/msgs_mainrocon/msgs_mainrocon/msg/detail/main_rocon__type_support.h
[3.241s] -- Up-to-date: /home/curry/wilson_proj/ros2-rover-ws/install/msgs_mainrocon/include/msgs_mainrocon/msgs_mainrocon/msg/detail/main_rocon__functions.h
[3.242s] -- Up-to-date: /home/curry/wilson_proj/ros2-rover-ws/install/msgs_mainrocon/include/msgs_mainrocon/msgs_mainrocon/msg/detail/main_rocon__struct.h
[3.243s] -- Up-to-date: /home/curry/wilson_proj/ros2-rover-ws/install/msgs_mainrocon/include/msgs_mainrocon/msgs_mainrocon/msg/rosidl_generator_c__visibility_control.h
[3.243s] -- Up-to-date: /home/curry/wilson_proj/ros2-rover-ws/install/msgs_mainrocon/share/msgs_mainrocon/environment/library_path.sh
[3.245s] -- Up-to-date: /home/curry/wilson_proj/ros2-rover-ws/install/msgs_mainrocon/share/msgs_mainrocon/environment/library_path.dsv
[3.246s] -- Up-to-date: /home/curry/wilson_proj/ros2-rover-ws/install/msgs_mainrocon/lib/libmsgs_mainrocon__rosidl_generator_c.so
[3.248s] -- Up-to-date: /home/curry/wilson_proj/ros2-rover-ws/install/msgs_mainrocon/include/msgs_mainrocon/msgs_mainrocon
[3.248s] -- Up-to-date: /home/curry/wilson_proj/ros2-rover-ws/install/msgs_mainrocon/include/msgs_mainrocon/msgs_mainrocon/msg
[3.249s] -- Up-to-date: /home/curry/wilson_proj/ros2-rover-ws/install/msgs_mainrocon/include/msgs_mainrocon/msgs_mainrocon/msg/detail
[3.251s] -- Up-to-date: /home/curry/wilson_proj/ros2-rover-ws/install/msgs_mainrocon/include/msgs_mainrocon/msgs_mainrocon/msg/detail/main_rocon__rosidl_typesupport_fastrtps_c.h
[3.252s] -- Up-to-date: /home/curry/wilson_proj/ros2-rover-ws/install/msgs_mainrocon/include/msgs_mainrocon/msgs_mainrocon/msg/rosidl_typesupport_fastrtps_c__visibility_control.h
[3.257s] -- Up-to-date: /home/curry/wilson_proj/ros2-rover-ws/install/msgs_mainrocon/lib/libmsgs_mainrocon__rosidl_typesupport_fastrtps_c.so
[3.258s] -- Up-to-date: /home/curry/wilson_proj/ros2-rover-ws/install/msgs_mainrocon/include/msgs_mainrocon/msgs_mainrocon
[3.259s] -- Up-to-date: /home/curry/wilson_proj/ros2-rover-ws/install/msgs_mainrocon/include/msgs_mainrocon/msgs_mainrocon/msg
[3.260s] -- Up-to-date: /home/curry/wilson_proj/ros2-rover-ws/install/msgs_mainrocon/include/msgs_mainrocon/msgs_mainrocon/msg/rosidl_typesupport_introspection_c__visibility_control.h
[3.261s] -- Up-to-date: /home/curry/wilson_proj/ros2-rover-ws/install/msgs_mainrocon/include/msgs_mainrocon/msgs_mainrocon/msg/detail
[3.262s] -- Up-to-date: /home/curry/wilson_proj/ros2-rover-ws/install/msgs_mainrocon/include/msgs_mainrocon/msgs_mainrocon/msg/detail/main_rocon__type_support.c
[3.262s] -- Up-to-date: /home/curry/wilson_proj/ros2-rover-ws/install/msgs_mainrocon/include/msgs_mainrocon/msgs_mainrocon/msg/detail/main_rocon__rosidl_typesupport_introspection_c.h
[3.263s] -- Up-to-date: /home/curry/wilson_proj/ros2-rover-ws/install/msgs_mainrocon/lib/libmsgs_mainrocon__rosidl_typesupport_introspection_c.so
[3.264s] -- Up-to-date: /home/curry/wilson_proj/ros2-rover-ws/install/msgs_mainrocon/lib/libmsgs_mainrocon__rosidl_typesupport_c.so
[3.265s] -- Up-to-date: /home/curry/wilson_proj/ros2-rover-ws/install/msgs_mainrocon/include/msgs_mainrocon/msgs_mainrocon
[3.265s] -- Up-to-date: /home/curry/wilson_proj/ros2-rover-ws/install/msgs_mainrocon/include/msgs_mainrocon/msgs_mainrocon/msg
[3.266s] -- Up-to-date: /home/curry/wilson_proj/ros2-rover-ws/install/msgs_mainrocon/include/msgs_mainrocon/msgs_mainrocon/msg/rosidl_generator_cpp__visibility_control.hpp
[3.268s] -- Up-to-date: /home/curry/wilson_proj/ros2-rover-ws/install/msgs_mainrocon/include/msgs_mainrocon/msgs_mainrocon/msg/detail
[3.274s] -- Up-to-date: /home/curry/wilson_proj/ros2-rover-ws/install/msgs_mainrocon/include/msgs_mainrocon/msgs_mainrocon/msg/detail/main_rocon__type_support.hpp
[3.275s] -- Up-to-date: /home/curry/wilson_proj/ros2-rover-ws/install/msgs_mainrocon/include/msgs_mainrocon/msgs_mainrocon/msg/detail/main_rocon__traits.hpp
[3.276s] -- Up-to-date: /home/curry/wilson_proj/ros2-rover-ws/install/msgs_mainrocon/include/msgs_mainrocon/msgs_mainrocon/msg/detail/main_rocon__builder.hpp
[3.277s] -- Up-to-date: /home/curry/wilson_proj/ros2-rover-ws/install/msgs_mainrocon/include/msgs_mainrocon/msgs_mainrocon/msg/detail/main_rocon__struct.hpp
[3.278s] -- Up-to-date: /home/curry/wilson_proj/ros2-rover-ws/install/msgs_mainrocon/include/msgs_mainrocon/msgs_mainrocon/msg/main_rocon.hpp
[3.278s] -- Up-to-date: /home/curry/wilson_proj/ros2-rover-ws/install/msgs_mainrocon/include/msgs_mainrocon/msgs_mainrocon
[3.279s] -- Up-to-date: /home/curry/wilson_proj/ros2-rover-ws/install/msgs_mainrocon/include/msgs_mainrocon/msgs_mainrocon/msg
[3.280s] -- Up-to-date: /home/curry/wilson_proj/ros2-rover-ws/install/msgs_mainrocon/include/msgs_mainrocon/msgs_mainrocon/msg/detail
[3.281s] -- Up-to-date: /home/curry/wilson_proj/ros2-rover-ws/install/msgs_mainrocon/include/msgs_mainrocon/msgs_mainrocon/msg/detail/main_rocon__rosidl_typesupport_fastrtps_cpp.hpp
[3.281s] -- Up-to-date: /home/curry/wilson_proj/ros2-rover-ws/install/msgs_mainrocon/include/msgs_mainrocon/msgs_mainrocon/msg/detail/dds_fastrtps
[3.282s] -- Up-to-date: /home/curry/wilson_proj/ros2-rover-ws/install/msgs_mainrocon/include/msgs_mainrocon/msgs_mainrocon/msg/rosidl_typesupport_fastrtps_cpp__visibility_control.h
[3.283s] -- Up-to-date: /home/curry/wilson_proj/ros2-rover-ws/install/msgs_mainrocon/lib/libmsgs_mainrocon__rosidl_typesupport_fastrtps_cpp.so
[3.283s] -- Up-to-date: /home/curry/wilson_proj/ros2-rover-ws/install/msgs_mainrocon/include/msgs_mainrocon/msgs_mainrocon
[3.284s] -- Up-to-date: /home/curry/wilson_proj/ros2-rover-ws/install/msgs_mainrocon/include/msgs_mainrocon/msgs_mainrocon/msg
[3.285s] -- Up-to-date: /home/curry/wilson_proj/ros2-rover-ws/install/msgs_mainrocon/include/msgs_mainrocon/msgs_mainrocon/msg/detail
[3.286s] -- Up-to-date: /home/curry/wilson_proj/ros2-rover-ws/install/msgs_mainrocon/include/msgs_mainrocon/msgs_mainrocon/msg/detail/main_rocon__type_support.cpp
[3.288s] -- Up-to-date: /home/curry/wilson_proj/ros2-rover-ws/install/msgs_mainrocon/include/msgs_mainrocon/msgs_mainrocon/msg/detail/main_rocon__rosidl_typesupport_introspection_cpp.hpp
[3.289s] -- Up-to-date: /home/curry/wilson_proj/ros2-rover-ws/install/msgs_mainrocon/lib/libmsgs_mainrocon__rosidl_typesupport_introspection_cpp.so
[3.291s] -- Up-to-date: /home/curry/wilson_proj/ros2-rover-ws/install/msgs_mainrocon/lib/libmsgs_mainrocon__rosidl_typesupport_cpp.so
[3.292s] -- Up-to-date: /home/curry/wilson_proj/ros2-rover-ws/install/msgs_mainrocon/share/msgs_mainrocon/environment/pythonpath.sh
[3.292s] -- Up-to-date: /home/curry/wilson_proj/ros2-rover-ws/install/msgs_mainrocon/share/msgs_mainrocon/environment/pythonpath.dsv
[3.293s] -- Up-to-date: /home/curry/wilson_proj/ros2-rover-ws/install/msgs_mainrocon/local/lib/python3.10/dist-packages/msgs_mainrocon-0.0.0-py3.10.egg-info
[3.294s] -- Installing: /home/curry/wilson_proj/ros2-rover-ws/install/msgs_mainrocon/local/lib/python3.10/dist-packages/msgs_mainrocon-0.0.0-py3.10.egg-info/dependency_links.txt
[3.295s] -- Installing: /home/curry/wilson_proj/ros2-rover-ws/install/msgs_mainrocon/local/lib/python3.10/dist-packages/msgs_mainrocon-0.0.0-py3.10.egg-info/SOURCES.txt
[3.295s] -- Installing: /home/curry/wilson_proj/ros2-rover-ws/install/msgs_mainrocon/local/lib/python3.10/dist-packages/msgs_mainrocon-0.0.0-py3.10.egg-info/top_level.txt
[3.296s] -- Installing: /home/curry/wilson_proj/ros2-rover-ws/install/msgs_mainrocon/local/lib/python3.10/dist-packages/msgs_mainrocon-0.0.0-py3.10.egg-info/PKG-INFO
[3.298s] -- Up-to-date: /home/curry/wilson_proj/ros2-rover-ws/install/msgs_mainrocon/local/lib/python3.10/dist-packages/msgs_mainrocon
[3.299s] -- Up-to-date: /home/curry/wilson_proj/ros2-rover-ws/install/msgs_mainrocon/local/lib/python3.10/dist-packages/msgs_mainrocon/msgs_mainrocon_s__rosidl_typesupport_fastrtps_c.cpython-310-aarch64-linux-gnu.so
[3.300s] -- Up-to-date: /home/curry/wilson_proj/ros2-rover-ws/install/msgs_mainrocon/local/lib/python3.10/dist-packages/msgs_mainrocon/msgs_mainrocon_s__rosidl_typesupport_c.cpython-310-aarch64-linux-gnu.so
[3.305s] -- Up-to-date: /home/curry/wilson_proj/ros2-rover-ws/install/msgs_mainrocon/local/lib/python3.10/dist-packages/msgs_mainrocon/msgs_mainrocon_s__rosidl_typesupport_introspection_c.cpython-310-aarch64-linux-gnu.so
[3.305s] -- Up-to-date: /home/curry/wilson_proj/ros2-rover-ws/install/msgs_mainrocon/local/lib/python3.10/dist-packages/msgs_mainrocon/msg
[3.306s] -- Up-to-date: /home/curry/wilson_proj/ros2-rover-ws/install/msgs_mainrocon/local/lib/python3.10/dist-packages/msgs_mainrocon/msg/_main_rocon.py
[3.308s] -- Up-to-date: /home/curry/wilson_proj/ros2-rover-ws/install/msgs_mainrocon/local/lib/python3.10/dist-packages/msgs_mainrocon/msg/_main_rocon_s.c
[3.308s] -- Up-to-date: /home/curry/wilson_proj/ros2-rover-ws/install/msgs_mainrocon/local/lib/python3.10/dist-packages/msgs_mainrocon/msg/__init__.py
[3.310s] -- Up-to-date: /home/curry/wilson_proj/ros2-rover-ws/install/msgs_mainrocon/local/lib/python3.10/dist-packages/msgs_mainrocon/libmsgs_mainrocon__rosidl_generator_py.so
[3.311s] -- Up-to-date: /home/curry/wilson_proj/ros2-rover-ws/install/msgs_mainrocon/local/lib/python3.10/dist-packages/msgs_mainrocon/_msgs_mainrocon_s.ep.rosidl_typesupport_introspection_c.c
[3.312s] -- Up-to-date: /home/curry/wilson_proj/ros2-rover-ws/install/msgs_mainrocon/local/lib/python3.10/dist-packages/msgs_mainrocon/__init__.py
[3.313s] -- Up-to-date: /home/curry/wilson_proj/ros2-rover-ws/install/msgs_mainrocon/local/lib/python3.10/dist-packages/msgs_mainrocon/_msgs_mainrocon_s.ep.rosidl_typesupport_c.c
[3.314s] -- Up-to-date: /home/curry/wilson_proj/ros2-rover-ws/install/msgs_mainrocon/local/lib/python3.10/dist-packages/msgs_mainrocon/_msgs_mainrocon_s.ep.rosidl_typesupport_fastrtps_c.c
[3.628s] Listing '/home/curry/wilson_proj/ros2-rover-ws/install/msgs_mainrocon/local/lib/python3.10/dist-packages/msgs_mainrocon'...
[3.630s] Listing '/home/curry/wilson_proj/ros2-rover-ws/install/msgs_mainrocon/local/lib/python3.10/dist-packages/msgs_mainrocon/msg'...
[3.668s] -- Up-to-date: /home/curry/wilson_proj/ros2-rover-ws/install/msgs_mainrocon/local/lib/python3.10/dist-packages/msgs_mainrocon/msgs_mainrocon_s__rosidl_typesupport_fastrtps_c.cpython-310-aarch64-linux-gnu.so
[3.671s] -- Up-to-date: /home/curry/wilson_proj/ros2-rover-ws/install/msgs_mainrocon/local/lib/python3.10/dist-packages/msgs_mainrocon/msgs_mainrocon_s__rosidl_typesupport_introspection_c.cpython-310-aarch64-linux-gnu.so
[3.677s] -- Up-to-date: /home/curry/wilson_proj/ros2-rover-ws/install/msgs_mainrocon/local/lib/python3.10/dist-packages/msgs_mainrocon/msgs_mainrocon_s__rosidl_typesupport_c.cpython-310-aarch64-linux-gnu.so
[3.681s] -- Up-to-date: /home/curry/wilson_proj/ros2-rover-ws/install/msgs_mainrocon/lib/libmsgs_mainrocon__rosidl_generator_py.so
[3.683s] -- Up-to-date: /home/curry/wilson_proj/ros2-rover-ws/install/msgs_mainrocon/share/msgs_mainrocon/msg/MainRocon.idl
[3.685s] -- Up-to-date: /home/curry/wilson_proj/ros2-rover-ws/install/msgs_mainrocon/share/msgs_mainrocon/msg/MainRocon.msg
[3.687s] -- Up-to-date: /home/curry/wilson_proj/ros2-rover-ws/install/msgs_mainrocon/share/ament_index/resource_index/package_run_dependencies/msgs_mainrocon
[3.688s] -- Up-to-date: /home/curry/wilson_proj/ros2-rover-ws/install/msgs_mainrocon/share/ament_index/resource_index/parent_prefix_path/msgs_mainrocon
[3.690s] -- Up-to-date: /home/curry/wilson_proj/ros2-rover-ws/install/msgs_mainrocon/share/msgs_mainrocon/environment/ament_prefix_path.sh
[3.692s] -- Up-to-date: /home/curry/wilson_proj/ros2-rover-ws/install/msgs_mainrocon/share/msgs_mainrocon/environment/ament_prefix_path.dsv
[3.693s] -- Up-to-date: /home/curry/wilson_proj/ros2-rover-ws/install/msgs_mainrocon/share/msgs_mainrocon/environment/path.sh
[3.696s] -- Up-to-date: /home/curry/wilson_proj/ros2-rover-ws/install/msgs_mainrocon/share/msgs_mainrocon/environment/path.dsv
[3.697s] -- Up-to-date: /home/curry/wilson_proj/ros2-rover-ws/install/msgs_mainrocon/share/msgs_mainrocon/local_setup.bash
[3.697s] -- Up-to-date: /home/curry/wilson_proj/ros2-rover-ws/install/msgs_mainrocon/share/msgs_mainrocon/local_setup.sh
[3.698s] -- Up-to-date: /home/curry/wilson_proj/ros2-rover-ws/install/msgs_mainrocon/share/msgs_mainrocon/local_setup.zsh
[3.699s] -- Up-to-date: /home/curry/wilson_proj/ros2-rover-ws/install/msgs_mainrocon/share/msgs_mainrocon/local_setup.dsv
[3.700s] -- Installing: /home/curry/wilson_proj/ros2-rover-ws/install/msgs_mainrocon/share/msgs_mainrocon/package.dsv
[3.702s] -- Up-to-date: /home/curry/wilson_proj/ros2-rover-ws/install/msgs_mainrocon/share/ament_index/resource_index/packages/msgs_mainrocon
[3.702s] -- Up-to-date: /home/curry/wilson_proj/ros2-rover-ws/install/msgs_mainrocon/share/msgs_mainrocon/cmake/export_msgs_mainrocon__rosidl_generator_cExport.cmake
[3.703s] -- Up-to-date: /home/curry/wilson_proj/ros2-rover-ws/install/msgs_mainrocon/share/msgs_mainrocon/cmake/export_msgs_mainrocon__rosidl_generator_cExport-noconfig.cmake
[3.705s] -- Up-to-date: /home/curry/wilson_proj/ros2-rover-ws/install/msgs_mainrocon/share/msgs_mainrocon/cmake/export_msgs_mainrocon__rosidl_typesupport_fastrtps_cExport.cmake
[3.705s] -- Up-to-date: /home/curry/wilson_proj/ros2-rover-ws/install/msgs_mainrocon/share/msgs_mainrocon/cmake/export_msgs_mainrocon__rosidl_typesupport_fastrtps_cExport-noconfig.cmake
[3.707s] -- Up-to-date: /home/curry/wilson_proj/ros2-rover-ws/install/msgs_mainrocon/share/msgs_mainrocon/cmake/msgs_mainrocon__rosidl_typesupport_introspection_cExport.cmake
[3.708s] -- Up-to-date: /home/curry/wilson_proj/ros2-rover-ws/install/msgs_mainrocon/share/msgs_mainrocon/cmake/msgs_mainrocon__rosidl_typesupport_introspection_cExport-noconfig.cmake
[3.709s] -- Up-to-date: /home/curry/wilson_proj/ros2-rover-ws/install/msgs_mainrocon/share/msgs_mainrocon/cmake/msgs_mainrocon__rosidl_typesupport_cExport.cmake
[3.710s] -- Up-to-date: /home/curry/wilson_proj/ros2-rover-ws/install/msgs_mainrocon/share/msgs_mainrocon/cmake/msgs_mainrocon__rosidl_typesupport_cExport-noconfig.cmake
[3.712s] -- Up-to-date: /home/curry/wilson_proj/ros2-rover-ws/install/msgs_mainrocon/share/msgs_mainrocon/cmake/export_msgs_mainrocon__rosidl_generator_cppExport.cmake
[3.713s] -- Up-to-date: /home/curry/wilson_proj/ros2-rover-ws/install/msgs_mainrocon/share/msgs_mainrocon/cmake/export_msgs_mainrocon__rosidl_typesupport_fastrtps_cppExport.cmake
[3.714s] -- Up-to-date: /home/curry/wilson_proj/ros2-rover-ws/install/msgs_mainrocon/share/msgs_mainrocon/cmake/export_msgs_mainrocon__rosidl_typesupport_fastrtps_cppExport-noconfig.cmake
[3.715s] -- Up-to-date: /home/curry/wilson_proj/ros2-rover-ws/install/msgs_mainrocon/share/msgs_mainrocon/cmake/msgs_mainrocon__rosidl_typesupport_introspection_cppExport.cmake
[3.716s] -- Up-to-date: /home/curry/wilson_proj/ros2-rover-ws/install/msgs_mainrocon/share/msgs_mainrocon/cmake/msgs_mainrocon__rosidl_typesupport_introspection_cppExport-noconfig.cmake
[3.718s] -- Up-to-date: /home/curry/wilson_proj/ros2-rover-ws/install/msgs_mainrocon/share/msgs_mainrocon/cmake/msgs_mainrocon__rosidl_typesupport_cppExport.cmake
[3.719s] -- Up-to-date: /home/curry/wilson_proj/ros2-rover-ws/install/msgs_mainrocon/share/msgs_mainrocon/cmake/msgs_mainrocon__rosidl_typesupport_cppExport-noconfig.cmake
[3.720s] -- Up-to-date: /home/curry/wilson_proj/ros2-rover-ws/install/msgs_mainrocon/share/msgs_mainrocon/cmake/export_msgs_mainrocon__rosidl_generator_pyExport.cmake
[3.721s] -- Up-to-date: /home/curry/wilson_proj/ros2-rover-ws/install/msgs_mainrocon/share/msgs_mainrocon/cmake/export_msgs_mainrocon__rosidl_generator_pyExport-noconfig.cmake
[3.723s] -- Up-to-date: /home/curry/wilson_proj/ros2-rover-ws/install/msgs_mainrocon/share/msgs_mainrocon/cmake/rosidl_cmake-extras.cmake
[3.724s] -- Up-to-date: /home/curry/wilson_proj/ros2-rover-ws/install/msgs_mainrocon/share/msgs_mainrocon/cmake/ament_cmake_export_dependencies-extras.cmake
[3.726s] -- Up-to-date: /home/curry/wilson_proj/ros2-rover-ws/install/msgs_mainrocon/share/msgs_mainrocon/cmake/ament_cmake_export_include_directories-extras.cmake
[3.727s] -- Up-to-date: /home/curry/wilson_proj/ros2-rover-ws/install/msgs_mainrocon/share/msgs_mainrocon/cmake/ament_cmake_export_libraries-extras.cmake
[3.727s] -- Up-to-date: /home/curry/wilson_proj/ros2-rover-ws/install/msgs_mainrocon/share/msgs_mainrocon/cmake/ament_cmake_export_targets-extras.cmake
[3.729s] -- Up-to-date: /home/curry/wilson_proj/ros2-rover-ws/install/msgs_mainrocon/share/msgs_mainrocon/cmake/rosidl_cmake_export_typesupport_targets-extras.cmake
[3.729s] -- Up-to-date: /home/curry/wilson_proj/ros2-rover-ws/install/msgs_mainrocon/share/msgs_mainrocon/cmake/rosidl_cmake_export_typesupport_libraries-extras.cmake
[3.730s] -- Up-to-date: /home/curry/wilson_proj/ros2-rover-ws/install/msgs_mainrocon/share/msgs_mainrocon/cmake/msgs_mainroconConfig.cmake
[3.731s] -- Up-to-date: /home/curry/wilson_proj/ros2-rover-ws/install/msgs_mainrocon/share/msgs_mainrocon/cmake/msgs_mainroconConfig-version.cmake
[3.731s] -- Up-to-date: /home/curry/wilson_proj/ros2-rover-ws/install/msgs_mainrocon/share/msgs_mainrocon/package.xml
[3.738s] Invoked command in '/home/curry/wilson_proj/ros2-rover-ws/build/msgs_mainrocon' returned '0': CMAKE_PREFIX_PATH=/home/curry/wilson_proj/ros2-rover-ws/install/msgs_rovercon:/home/curry/wilson_proj/ros2-rover-ws/install/msgs_mainrocon:/home/curry/wilson_proj/ros2-rover-ws/install/rovercon_msgs:/home/curry/wilson_proj/ros2-rover-ws/install/package_test:/home/curry/wilson_proj/ros2-rover-ws/install/package_rover_control:/home/curry/wilson_proj/ros2-rover-ws/install/package_position_process:/home/curry/wilson_proj/ros2-rover-ws/install/package_navigate_route:/home/curry/wilson_proj/ros2-rover-ws/install/package_image_process:/home/curry/wilson_proj/ros2-rover-ws/install/msgs_positions:/home/curry/wilson_proj/ros2-rover-ws/install/action_interfaces:/opt/ros/humble LD_LIBRARY_PATH=/home/curry/wilson_proj/ros2-rover-ws/install/msgs_rovercon/lib:${LD_LIBRARY_PATH} /usr/bin/cmake --install /home/curry/wilson_proj/ros2-rover-ws/build/msgs_mainrocon
