[0.093s] Invoking command in '/home/curry/wilson_proj/ros2-rover-ws/build/msgs_positions': CMAKE_PREFIX_PATH=/opt/ros/humble /usr/bin/cmake --build /home/curry/wilson_proj/ros2-rover-ws/build/msgs_positions -- -j4 -l4
[0.472s] [  3%] Built target msgs_positions__cpp
[0.534s] [ 12%] Built target msgs_positions__rosidl_generator_c
[0.646s] [ 12%] Built target ament_cmake_python_copy_msgs_positions
[0.747s] [ 22%] Built target msgs_positions__rosidl_typesupport_introspection_cpp
[0.821s] [ 32%] Built target msgs_positions__rosidl_typesupport_cpp
[0.920s] [ 41%] Built target msgs_positions__rosidl_typesupport_fastrtps_cpp
[1.049s] [ 51%] Built target msgs_positions__rosidl_typesupport_fastrtps_c
[1.099s] [ 61%] Built target msgs_positions__rosidl_typesupport_introspection_c
[1.107s] [ 70%] Built target msgs_positions__rosidl_typesupport_c
[1.327s] [ 70%] Built target msgs_positions
[1.549s] [ 74%] Built target msgs_positions__py
[1.791s] [ 80%] Built target msgs_positions__rosidl_generator_py
[2.084s] [ 87%] Built target msgs_positions__rosidl_typesupport_fastrtps_c__pyext
[2.094s] [ 93%] Built target msgs_positions__rosidl_typesupport_introspection_c__pyext
[2.140s] [100%] Built target msgs_positions__rosidl_typesupport_c__pyext
[3.323s] running egg_info
[3.329s] writing msgs_positions.egg-info/PKG-INFO
[3.331s] writing dependency_links to msgs_positions.egg-info/dependency_links.txt
[3.333s] writing top-level names to msgs_positions.egg-info/top_level.txt
[3.348s] reading manifest file 'msgs_positions.egg-info/SOURCES.txt'
[3.354s] writing manifest file 'msgs_positions.egg-info/SOURCES.txt'
[3.588s] [100%] Built target ament_cmake_python_build_msgs_positions_egg
[3.662s] Invoked command in '/home/curry/wilson_proj/ros2-rover-ws/build/msgs_positions' returned '0': CMAKE_PREFIX_PATH=/opt/ros/humble /usr/bin/cmake --build /home/curry/wilson_proj/ros2-rover-ws/build/msgs_positions -- -j4 -l4
[3.720s] Invoking command in '/home/curry/wilson_proj/ros2-rover-ws/build/msgs_positions': CMAKE_PREFIX_PATH=/opt/ros/humble /usr/bin/cmake --install /home/curry/wilson_proj/ros2-rover-ws/build/msgs_positions
[3.769s] -- Install configuration: ""
[3.770s] -- Up-to-date: /home/curry/wilson_proj/ros2-rover-ws/install/msgs_positions/share/ament_index/resource_index/rosidl_interfaces/msgs_positions
[3.771s] -- Up-to-date: /home/curry/wilson_proj/ros2-rover-ws/install/msgs_positions/include/msgs_positions/msgs_positions
[3.772s] -- Up-to-date: /home/curry/wilson_proj/ros2-rover-ws/install/msgs_positions/include/msgs_positions/msgs_positions/msg
[3.774s] -- Up-to-date: /home/curry/wilson_proj/ros2-rover-ws/install/msgs_positions/include/msgs_positions/msgs_positions/msg/gnss_data.h
[3.775s] -- Up-to-date: /home/curry/wilson_proj/ros2-rover-ws/install/msgs_positions/include/msgs_positions/msgs_positions/msg/detail
[3.777s] -- Up-to-date: /home/curry/wilson_proj/ros2-rover-ws/install/msgs_positions/include/msgs_positions/msgs_positions/msg/detail/gnss_data__functions.h
[3.778s] -- Up-to-date: /home/curry/wilson_proj/ros2-rover-ws/install/msgs_positions/include/msgs_positions/msgs_positions/msg/detail/nav_sat_fix__struct.h
[3.778s] -- Up-to-date: /home/curry/wilson_proj/ros2-rover-ws/install/msgs_positions/include/msgs_positions/msgs_positions/msg/detail/nav_sat_fix__functions.c
[3.779s] -- Up-to-date: /home/curry/wilson_proj/ros2-rover-ws/install/msgs_positions/include/msgs_positions/msgs_positions/msg/detail/gnss_data__functions.c
[3.780s] -- Up-to-date: /home/curry/wilson_proj/ros2-rover-ws/install/msgs_positions/include/msgs_positions/msgs_positions/msg/detail/nav_sat_fix__type_support.h
[3.780s] -- Up-to-date: /home/curry/wilson_proj/ros2-rover-ws/install/msgs_positions/include/msgs_positions/msgs_positions/msg/detail/gnss_data__type_support.h
[3.786s] -- Up-to-date: /home/curry/wilson_proj/ros2-rover-ws/install/msgs_positions/include/msgs_positions/msgs_positions/msg/detail/gnss_data__struct.h
[3.787s] -- Up-to-date: /home/curry/wilson_proj/ros2-rover-ws/install/msgs_positions/include/msgs_positions/msgs_positions/msg/detail/nav_sat_fix__functions.h
[3.788s] -- Up-to-date: /home/curry/wilson_proj/ros2-rover-ws/install/msgs_positions/include/msgs_positions/msgs_positions/msg/rosidl_generator_c__visibility_control.h
[3.788s] -- Up-to-date: /home/curry/wilson_proj/ros2-rover-ws/install/msgs_positions/include/msgs_positions/msgs_positions/msg/nav_sat_fix.h
[3.796s] -- Up-to-date: /home/curry/wilson_proj/ros2-rover-ws/install/msgs_positions/share/msgs_positions/environment/library_path.sh
[3.796s] -- Installing: /home/curry/wilson_proj/ros2-rover-ws/install/msgs_positions/share/msgs_positions/environment/library_path.dsv
[3.798s] -- Up-to-date: /home/curry/wilson_proj/ros2-rover-ws/install/msgs_positions/lib/libmsgs_positions__rosidl_generator_c.so
[3.799s] -- Up-to-date: /home/curry/wilson_proj/ros2-rover-ws/install/msgs_positions/include/msgs_positions/msgs_positions
[3.800s] -- Up-to-date: /home/curry/wilson_proj/ros2-rover-ws/install/msgs_positions/include/msgs_positions/msgs_positions/msg
[3.800s] -- Up-to-date: /home/curry/wilson_proj/ros2-rover-ws/install/msgs_positions/include/msgs_positions/msgs_positions/msg/detail
[3.818s] -- Up-to-date: /home/curry/wilson_proj/ros2-rover-ws/install/msgs_positions/include/msgs_positions/msgs_positions/msg/detail/nav_sat_fix__rosidl_typesupport_fastrtps_c.h
[3.819s] -- Up-to-date: /home/curry/wilson_proj/ros2-rover-ws/install/msgs_positions/include/msgs_positions/msgs_positions/msg/detail/gnss_data__rosidl_typesupport_fastrtps_c.h
[3.819s] -- Up-to-date: /home/curry/wilson_proj/ros2-rover-ws/install/msgs_positions/include/msgs_positions/msgs_positions/msg/rosidl_typesupport_fastrtps_c__visibility_control.h
[3.820s] -- Up-to-date: /home/curry/wilson_proj/ros2-rover-ws/install/msgs_positions/lib/libmsgs_positions__rosidl_typesupport_fastrtps_c.so
[3.820s] -- Up-to-date: /home/curry/wilson_proj/ros2-rover-ws/install/msgs_positions/include/msgs_positions/msgs_positions
[3.821s] -- Up-to-date: /home/curry/wilson_proj/ros2-rover-ws/install/msgs_positions/include/msgs_positions/msgs_positions/msg
[3.821s] -- Up-to-date: /home/curry/wilson_proj/ros2-rover-ws/install/msgs_positions/include/msgs_positions/msgs_positions/msg/rosidl_generator_cpp__visibility_control.hpp
[3.822s] -- Up-to-date: /home/curry/wilson_proj/ros2-rover-ws/install/msgs_positions/include/msgs_positions/msgs_positions/msg/detail
[3.822s] -- Up-to-date: /home/curry/wilson_proj/ros2-rover-ws/install/msgs_positions/include/msgs_positions/msgs_positions/msg/detail/nav_sat_fix__builder.hpp
[3.823s] -- Up-to-date: /home/curry/wilson_proj/ros2-rover-ws/install/msgs_positions/include/msgs_positions/msgs_positions/msg/detail/nav_sat_fix__traits.hpp
[3.824s] -- Up-to-date: /home/curry/wilson_proj/ros2-rover-ws/install/msgs_positions/include/msgs_positions/msgs_positions/msg/detail/gnss_data__traits.hpp
[3.825s] -- Up-to-date: /home/curry/wilson_proj/ros2-rover-ws/install/msgs_positions/include/msgs_positions/msgs_positions/msg/detail/gnss_data__builder.hpp
[3.825s] -- Up-to-date: /home/curry/wilson_proj/ros2-rover-ws/install/msgs_positions/include/msgs_positions/msgs_positions/msg/detail/nav_sat_fix__type_support.hpp
[3.826s] -- Up-to-date: /home/curry/wilson_proj/ros2-rover-ws/install/msgs_positions/include/msgs_positions/msgs_positions/msg/detail/nav_sat_fix__struct.hpp
[3.827s] -- Up-to-date: /home/curry/wilson_proj/ros2-rover-ws/install/msgs_positions/include/msgs_positions/msgs_positions/msg/detail/gnss_data__struct.hpp
[3.829s] -- Up-to-date: /home/curry/wilson_proj/ros2-rover-ws/install/msgs_positions/include/msgs_positions/msgs_positions/msg/detail/gnss_data__type_support.hpp
[3.830s] -- Up-to-date: /home/curry/wilson_proj/ros2-rover-ws/install/msgs_positions/include/msgs_positions/msgs_positions/msg/gnss_data.hpp
[3.831s] -- Up-to-date: /home/curry/wilson_proj/ros2-rover-ws/install/msgs_positions/include/msgs_positions/msgs_positions/msg/nav_sat_fix.hpp
[3.832s] -- Up-to-date: /home/curry/wilson_proj/ros2-rover-ws/install/msgs_positions/include/msgs_positions/msgs_positions
[3.833s] -- Up-to-date: /home/curry/wilson_proj/ros2-rover-ws/install/msgs_positions/include/msgs_positions/msgs_positions/msg
[3.833s] -- Up-to-date: /home/curry/wilson_proj/ros2-rover-ws/install/msgs_positions/include/msgs_positions/msgs_positions/msg/detail
[3.834s] -- Up-to-date: /home/curry/wilson_proj/ros2-rover-ws/install/msgs_positions/include/msgs_positions/msgs_positions/msg/detail/nav_sat_fix__rosidl_typesupport_fastrtps_cpp.hpp
[3.835s] -- Up-to-date: /home/curry/wilson_proj/ros2-rover-ws/install/msgs_positions/include/msgs_positions/msgs_positions/msg/detail/dds_fastrtps
[3.835s] -- Up-to-date: /home/curry/wilson_proj/ros2-rover-ws/install/msgs_positions/include/msgs_positions/msgs_positions/msg/detail/gnss_data__rosidl_typesupport_fastrtps_cpp.hpp
[3.836s] -- Up-to-date: /home/curry/wilson_proj/ros2-rover-ws/install/msgs_positions/include/msgs_positions/msgs_positions/msg/rosidl_typesupport_fastrtps_cpp__visibility_control.h
[3.836s] -- Up-to-date: /home/curry/wilson_proj/ros2-rover-ws/install/msgs_positions/lib/libmsgs_positions__rosidl_typesupport_fastrtps_cpp.so
[3.837s] -- Up-to-date: /home/curry/wilson_proj/ros2-rover-ws/install/msgs_positions/include/msgs_positions/msgs_positions
[3.838s] -- Up-to-date: /home/curry/wilson_proj/ros2-rover-ws/install/msgs_positions/include/msgs_positions/msgs_positions/msg
[3.839s] -- Up-to-date: /home/curry/wilson_proj/ros2-rover-ws/install/msgs_positions/include/msgs_positions/msgs_positions/msg/rosidl_typesupport_introspection_c__visibility_control.h
[3.840s] -- Up-to-date: /home/curry/wilson_proj/ros2-rover-ws/install/msgs_positions/include/msgs_positions/msgs_positions/msg/detail
[3.845s] -- Up-to-date: /home/curry/wilson_proj/ros2-rover-ws/install/msgs_positions/include/msgs_positions/msgs_positions/msg/detail/gnss_data__type_support.c
[3.846s] -- Up-to-date: /home/curry/wilson_proj/ros2-rover-ws/install/msgs_positions/include/msgs_positions/msgs_positions/msg/detail/nav_sat_fix__rosidl_typesupport_introspection_c.h
[3.847s] -- Up-to-date: /home/curry/wilson_proj/ros2-rover-ws/install/msgs_positions/include/msgs_positions/msgs_positions/msg/detail/gnss_data__rosidl_typesupport_introspection_c.h
[3.847s] -- Up-to-date: /home/curry/wilson_proj/ros2-rover-ws/install/msgs_positions/include/msgs_positions/msgs_positions/msg/detail/nav_sat_fix__type_support.c
[3.848s] -- Up-to-date: /home/curry/wilson_proj/ros2-rover-ws/install/msgs_positions/lib/libmsgs_positions__rosidl_typesupport_introspection_c.so
[3.849s] -- Up-to-date: /home/curry/wilson_proj/ros2-rover-ws/install/msgs_positions/lib/libmsgs_positions__rosidl_typesupport_c.so
[3.849s] -- Up-to-date: /home/curry/wilson_proj/ros2-rover-ws/install/msgs_positions/include/msgs_positions/msgs_positions
[3.849s] -- Up-to-date: /home/curry/wilson_proj/ros2-rover-ws/install/msgs_positions/include/msgs_positions/msgs_positions/msg
[3.850s] -- Up-to-date: /home/curry/wilson_proj/ros2-rover-ws/install/msgs_positions/include/msgs_positions/msgs_positions/msg/detail
[3.850s] -- Up-to-date: /home/curry/wilson_proj/ros2-rover-ws/install/msgs_positions/include/msgs_positions/msgs_positions/msg/detail/nav_sat_fix__type_support.cpp
[3.851s] -- Up-to-date: /home/curry/wilson_proj/ros2-rover-ws/install/msgs_positions/include/msgs_positions/msgs_positions/msg/detail/gnss_data__type_support.cpp
[3.851s] -- Up-to-date: /home/curry/wilson_proj/ros2-rover-ws/install/msgs_positions/include/msgs_positions/msgs_positions/msg/detail/gnss_data__rosidl_typesupport_introspection_cpp.hpp
[3.851s] -- Up-to-date: /home/curry/wilson_proj/ros2-rover-ws/install/msgs_positions/include/msgs_positions/msgs_positions/msg/detail/nav_sat_fix__rosidl_typesupport_introspection_cpp.hpp
[3.852s] -- Up-to-date: /home/curry/wilson_proj/ros2-rover-ws/install/msgs_positions/lib/libmsgs_positions__rosidl_typesupport_introspection_cpp.so
[3.852s] -- Up-to-date: /home/curry/wilson_proj/ros2-rover-ws/install/msgs_positions/lib/libmsgs_positions__rosidl_typesupport_cpp.so
[3.853s] -- Up-to-date: /home/curry/wilson_proj/ros2-rover-ws/install/msgs_positions/share/msgs_positions/environment/pythonpath.sh
[3.854s] -- Installing: /home/curry/wilson_proj/ros2-rover-ws/install/msgs_positions/share/msgs_positions/environment/pythonpath.dsv
[3.855s] -- Up-to-date: /home/curry/wilson_proj/ros2-rover-ws/install/msgs_positions/local/lib/python3.10/dist-packages/msgs_positions-0.0.0-py3.10.egg-info
[3.855s] -- Installing: /home/curry/wilson_proj/ros2-rover-ws/install/msgs_positions/local/lib/python3.10/dist-packages/msgs_positions-0.0.0-py3.10.egg-info/dependency_links.txt
[3.856s] -- Installing: /home/curry/wilson_proj/ros2-rover-ws/install/msgs_positions/local/lib/python3.10/dist-packages/msgs_positions-0.0.0-py3.10.egg-info/SOURCES.txt
[3.857s] -- Installing: /home/curry/wilson_proj/ros2-rover-ws/install/msgs_positions/local/lib/python3.10/dist-packages/msgs_positions-0.0.0-py3.10.egg-info/top_level.txt
[3.858s] -- Installing: /home/curry/wilson_proj/ros2-rover-ws/install/msgs_positions/local/lib/python3.10/dist-packages/msgs_positions-0.0.0-py3.10.egg-info/PKG-INFO
[3.859s] -- Up-to-date: /home/curry/wilson_proj/ros2-rover-ws/install/msgs_positions/local/lib/python3.10/dist-packages/msgs_positions
[3.860s] -- Up-to-date: /home/curry/wilson_proj/ros2-rover-ws/install/msgs_positions/local/lib/python3.10/dist-packages/msgs_positions/msgs_positions_s__rosidl_typesupport_fastrtps_c.cpython-310-aarch64-linux-gnu.so
[3.861s] -- Up-to-date: /home/curry/wilson_proj/ros2-rover-ws/install/msgs_positions/local/lib/python3.10/dist-packages/msgs_positions/_msgs_positions_s.ep.rosidl_typesupport_introspection_c.c
[3.861s] -- Up-to-date: /home/curry/wilson_proj/ros2-rover-ws/install/msgs_positions/local/lib/python3.10/dist-packages/msgs_positions/libmsgs_positions__rosidl_generator_py.so
[3.862s] -- Up-to-date: /home/curry/wilson_proj/ros2-rover-ws/install/msgs_positions/local/lib/python3.10/dist-packages/msgs_positions/msg
[3.863s] -- Up-to-date: /home/curry/wilson_proj/ros2-rover-ws/install/msgs_positions/local/lib/python3.10/dist-packages/msgs_positions/msg/_nav_sat_fix_s.c
[3.864s] -- Up-to-date: /home/curry/wilson_proj/ros2-rover-ws/install/msgs_positions/local/lib/python3.10/dist-packages/msgs_positions/msg/_nav_sat_fix.py
[3.864s] -- Up-to-date: /home/curry/wilson_proj/ros2-rover-ws/install/msgs_positions/local/lib/python3.10/dist-packages/msgs_positions/msg/_gnss_data_s.c
[3.865s] -- Up-to-date: /home/curry/wilson_proj/ros2-rover-ws/install/msgs_positions/local/lib/python3.10/dist-packages/msgs_positions/msg/__init__.py
[3.866s] -- Up-to-date: /home/curry/wilson_proj/ros2-rover-ws/install/msgs_positions/local/lib/python3.10/dist-packages/msgs_positions/msg/_gnss_data.py
[3.866s] -- Up-to-date: /home/curry/wilson_proj/ros2-rover-ws/install/msgs_positions/local/lib/python3.10/dist-packages/msgs_positions/_msgs_positions_s.ep.rosidl_typesupport_fastrtps_c.c
[3.868s] -- Installing: /home/curry/wilson_proj/ros2-rover-ws/install/msgs_positions/local/lib/python3.10/dist-packages/msgs_positions/__init__.py
[3.868s] -- Up-to-date: /home/curry/wilson_proj/ros2-rover-ws/install/msgs_positions/local/lib/python3.10/dist-packages/msgs_positions/msgs_positions_s__rosidl_typesupport_introspection_c.cpython-310-aarch64-linux-gnu.so
[3.869s] -- Up-to-date: /home/curry/wilson_proj/ros2-rover-ws/install/msgs_positions/local/lib/python3.10/dist-packages/msgs_positions/msgs_positions_s__rosidl_typesupport_c.cpython-310-aarch64-linux-gnu.so
[3.871s] -- Up-to-date: /home/curry/wilson_proj/ros2-rover-ws/install/msgs_positions/local/lib/python3.10/dist-packages/msgs_positions/_msgs_positions_s.ep.rosidl_typesupport_c.c
[4.066s] Listing '/home/curry/wilson_proj/ros2-rover-ws/install/msgs_positions/local/lib/python3.10/dist-packages/msgs_positions'...
[4.068s] Compiling '/home/curry/wilson_proj/ros2-rover-ws/install/msgs_positions/local/lib/python3.10/dist-packages/msgs_positions/__init__.py'...
[4.070s] Listing '/home/curry/wilson_proj/ros2-rover-ws/install/msgs_positions/local/lib/python3.10/dist-packages/msgs_positions/msg'...
[4.115s] -- Up-to-date: /home/curry/wilson_proj/ros2-rover-ws/install/msgs_positions/local/lib/python3.10/dist-packages/msgs_positions/msgs_positions_s__rosidl_typesupport_fastrtps_c.cpython-310-aarch64-linux-gnu.so
[4.118s] -- Up-to-date: /home/curry/wilson_proj/ros2-rover-ws/install/msgs_positions/local/lib/python3.10/dist-packages/msgs_positions/msgs_positions_s__rosidl_typesupport_introspection_c.cpython-310-aarch64-linux-gnu.so
[4.121s] -- Up-to-date: /home/curry/wilson_proj/ros2-rover-ws/install/msgs_positions/local/lib/python3.10/dist-packages/msgs_positions/msgs_positions_s__rosidl_typesupport_c.cpython-310-aarch64-linux-gnu.so
[4.124s] -- Up-to-date: /home/curry/wilson_proj/ros2-rover-ws/install/msgs_positions/lib/libmsgs_positions__rosidl_generator_py.so
[4.125s] -- Up-to-date: /home/curry/wilson_proj/ros2-rover-ws/install/msgs_positions/share/msgs_positions/msg/GnssData.idl
[4.126s] -- Up-to-date: /home/curry/wilson_proj/ros2-rover-ws/install/msgs_positions/share/msgs_positions/msg/GnssData.msg
[4.128s] -- Up-to-date: /home/curry/wilson_proj/ros2-rover-ws/install/msgs_positions/share/ament_index/resource_index/package_run_dependencies/msgs_positions
[4.130s] -- Up-to-date: /home/curry/wilson_proj/ros2-rover-ws/install/msgs_positions/share/ament_index/resource_index/parent_prefix_path/msgs_positions
[4.132s] -- Up-to-date: /home/curry/wilson_proj/ros2-rover-ws/install/msgs_positions/share/msgs_positions/environment/ament_prefix_path.sh
[4.139s] -- Installing: /home/curry/wilson_proj/ros2-rover-ws/install/msgs_positions/share/msgs_positions/environment/ament_prefix_path.dsv
[4.140s] -- Up-to-date: /home/curry/wilson_proj/ros2-rover-ws/install/msgs_positions/share/msgs_positions/environment/path.sh
[4.143s] -- Installing: /home/curry/wilson_proj/ros2-rover-ws/install/msgs_positions/share/msgs_positions/environment/path.dsv
[4.145s] -- Up-to-date: /home/curry/wilson_proj/ros2-rover-ws/install/msgs_positions/share/msgs_positions/local_setup.bash
[4.148s] -- Up-to-date: /home/curry/wilson_proj/ros2-rover-ws/install/msgs_positions/share/msgs_positions/local_setup.sh
[4.149s] -- Up-to-date: /home/curry/wilson_proj/ros2-rover-ws/install/msgs_positions/share/msgs_positions/local_setup.zsh
[4.154s] -- Installing: /home/curry/wilson_proj/ros2-rover-ws/install/msgs_positions/share/msgs_positions/local_setup.dsv
[4.159s] -- Installing: /home/curry/wilson_proj/ros2-rover-ws/install/msgs_positions/share/msgs_positions/package.dsv
[4.161s] -- Up-to-date: /home/curry/wilson_proj/ros2-rover-ws/install/msgs_positions/share/ament_index/resource_index/packages/msgs_positions
[4.162s] -- Up-to-date: /home/curry/wilson_proj/ros2-rover-ws/install/msgs_positions/share/msgs_positions/cmake/export_msgs_positions__rosidl_generator_cExport.cmake
[4.162s] -- Up-to-date: /home/curry/wilson_proj/ros2-rover-ws/install/msgs_positions/share/msgs_positions/cmake/export_msgs_positions__rosidl_generator_cExport-noconfig.cmake
[4.164s] -- Up-to-date: /home/curry/wilson_proj/ros2-rover-ws/install/msgs_positions/share/msgs_positions/cmake/export_msgs_positions__rosidl_typesupport_fastrtps_cExport.cmake
[4.164s] -- Up-to-date: /home/curry/wilson_proj/ros2-rover-ws/install/msgs_positions/share/msgs_positions/cmake/export_msgs_positions__rosidl_typesupport_fastrtps_cExport-noconfig.cmake
[4.165s] -- Up-to-date: /home/curry/wilson_proj/ros2-rover-ws/install/msgs_positions/share/msgs_positions/cmake/export_msgs_positions__rosidl_generator_cppExport.cmake
[4.165s] -- Up-to-date: /home/curry/wilson_proj/ros2-rover-ws/install/msgs_positions/share/msgs_positions/cmake/export_msgs_positions__rosidl_typesupport_fastrtps_cppExport.cmake
[4.166s] -- Up-to-date: /home/curry/wilson_proj/ros2-rover-ws/install/msgs_positions/share/msgs_positions/cmake/export_msgs_positions__rosidl_typesupport_fastrtps_cppExport-noconfig.cmake
[4.167s] -- Up-to-date: /home/curry/wilson_proj/ros2-rover-ws/install/msgs_positions/share/msgs_positions/cmake/msgs_positions__rosidl_typesupport_introspection_cExport.cmake
[4.168s] -- Up-to-date: /home/curry/wilson_proj/ros2-rover-ws/install/msgs_positions/share/msgs_positions/cmake/msgs_positions__rosidl_typesupport_introspection_cExport-noconfig.cmake
[4.169s] -- Up-to-date: /home/curry/wilson_proj/ros2-rover-ws/install/msgs_positions/share/msgs_positions/cmake/msgs_positions__rosidl_typesupport_cExport.cmake
[4.169s] -- Up-to-date: /home/curry/wilson_proj/ros2-rover-ws/install/msgs_positions/share/msgs_positions/cmake/msgs_positions__rosidl_typesupport_cExport-noconfig.cmake
[4.171s] -- Up-to-date: /home/curry/wilson_proj/ros2-rover-ws/install/msgs_positions/share/msgs_positions/cmake/msgs_positions__rosidl_typesupport_introspection_cppExport.cmake
[4.172s] -- Up-to-date: /home/curry/wilson_proj/ros2-rover-ws/install/msgs_positions/share/msgs_positions/cmake/msgs_positions__rosidl_typesupport_introspection_cppExport-noconfig.cmake
[4.172s] -- Up-to-date: /home/curry/wilson_proj/ros2-rover-ws/install/msgs_positions/share/msgs_positions/cmake/msgs_positions__rosidl_typesupport_cppExport.cmake
[4.196s] -- Up-to-date: /home/curry/wilson_proj/ros2-rover-ws/install/msgs_positions/share/msgs_positions/cmake/msgs_positions__rosidl_typesupport_cppExport-noconfig.cmake
[4.197s] -- Up-to-date: /home/curry/wilson_proj/ros2-rover-ws/install/msgs_positions/share/msgs_positions/cmake/export_msgs_positions__rosidl_generator_pyExport.cmake
[4.198s] -- Up-to-date: /home/curry/wilson_proj/ros2-rover-ws/install/msgs_positions/share/msgs_positions/cmake/export_msgs_positions__rosidl_generator_pyExport-noconfig.cmake
[4.198s] -- Up-to-date: /home/curry/wilson_proj/ros2-rover-ws/install/msgs_positions/share/msgs_positions/cmake/rosidl_cmake-extras.cmake
[4.201s] -- Up-to-date: /home/curry/wilson_proj/ros2-rover-ws/install/msgs_positions/share/msgs_positions/cmake/ament_cmake_export_dependencies-extras.cmake
[4.203s] -- Up-to-date: /home/curry/wilson_proj/ros2-rover-ws/install/msgs_positions/share/msgs_positions/cmake/ament_cmake_export_include_directories-extras.cmake
[4.204s] -- Up-to-date: /home/curry/wilson_proj/ros2-rover-ws/install/msgs_positions/share/msgs_positions/cmake/ament_cmake_export_libraries-extras.cmake
[4.206s] -- Up-to-date: /home/curry/wilson_proj/ros2-rover-ws/install/msgs_positions/share/msgs_positions/cmake/ament_cmake_export_targets-extras.cmake
[4.207s] -- Up-to-date: /home/curry/wilson_proj/ros2-rover-ws/install/msgs_positions/share/msgs_positions/cmake/rosidl_cmake_export_typesupport_targets-extras.cmake
[4.208s] -- Up-to-date: /home/curry/wilson_proj/ros2-rover-ws/install/msgs_positions/share/msgs_positions/cmake/rosidl_cmake_export_typesupport_libraries-extras.cmake
[4.209s] -- Up-to-date: /home/curry/wilson_proj/ros2-rover-ws/install/msgs_positions/share/msgs_positions/cmake/msgs_positionsConfig.cmake
[4.210s] -- Up-to-date: /home/curry/wilson_proj/ros2-rover-ws/install/msgs_positions/share/msgs_positions/cmake/msgs_positionsConfig-version.cmake
[4.210s] -- Up-to-date: /home/curry/wilson_proj/ros2-rover-ws/install/msgs_positions/share/msgs_positions/package.xml
[4.220s] Invoked command in '/home/curry/wilson_proj/ros2-rover-ws/build/msgs_positions' returned '0': CMAKE_PREFIX_PATH=/opt/ros/humble /usr/bin/cmake --install /home/curry/wilson_proj/ros2-rover-ws/build/msgs_positions
