[0.083s] Invoking command in '/home/curry/wilson_proj/ros2-rover-ws/build/rover_control_package': CMAKE_PREFIX_PATH=/opt/ros/iron /usr/bin/cmake /home/curry/wilson_proj/ros2-rover-ws/src/rover_control_package -DCMAKE_INSTALL_PREFIX=/home/curry/wilson_proj/ros2-rover-ws/install/rover_control_package
[4.613s] -- The C compiler identification is GNU 11.4.0
[7.506s] -- The CXX compiler identification is GNU 11.4.0
[7.636s] -- Detecting C compiler ABI info
[8.062s] -- Detecting C compiler ABI info - done
[8.087s] -- Check for working C compiler: /usr/bin/cc - skipped
[8.091s] -- Detecting C compile features
[8.110s] -- Detecting C compile features - done
[8.128s] -- Detecting CXX compiler ABI info
[8.520s] -- Detecting CXX compiler ABI info - done
[8.547s] -- Check for working CXX compiler: /usr/bin/c++ - skipped
[8.548s] -- Detecting CXX compile features
[8.550s] -- Detecting CXX compile features - done
[8.643s] -- Found ament_cmake: 2.0.6 (/opt/ros/iron/share/ament_cmake/cmake)
[9.588s] -- Found Python3: /usr/bin/python3.10 (found version "3.10.12") found components: Interpreter 
[10.437s] [31mCMake Error at CMakeLists.txt:10 (find_package):
[10.438s]   By not providing "Findrover_control_package.cmake" in CMAKE_MODULE_PATH
[10.439s]   this project has asked CMake to find a package configuration file provided
[10.439s]   by "rover_control_package", but CMake did not find one.
[10.440s] 
[10.442s]   Could not find a package configuration file provided by
[10.444s]   "rover_control_package" with any of the following names:
[10.446s] 
[10.448s]     rover_control_packageConfig.cmake
[10.449s]     rover_control_package-config.cmake
[10.450s] 
[10.451s]   Add the installation prefix of "rover_control_package" to CMAKE_PREFIX_PATH
[10.451s]   or set "rover_control_package_DIR" to a directory containing one of the
[10.452s]   above files.  If "rover_control_package" provides a separate development
[10.452s]   package or SDK, be sure it has been installed.
[10.453s] 
[10.453s] [0m
[10.454s] -- Configuring incomplete, errors occurred!
[10.454s] See also "/home/curry/wilson_proj/ros2-rover-ws/build/rover_control_package/CMakeFiles/CMakeOutput.log".
[10.458s] Invoked command in '/home/curry/wilson_proj/ros2-rover-ws/build/rover_control_package' returned '1': CMAKE_PREFIX_PATH=/opt/ros/iron /usr/bin/cmake /home/curry/wilson_proj/ros2-rover-ws/src/rover_control_package -DCMAKE_INSTALL_PREFIX=/home/curry/wilson_proj/ros2-rover-ws/install/rover_control_package
