[  2%] Built target action_interfaces__rosidl_generator_type_description
[  2%] Built target ament_cmake_python_copy_action_interfaces
[  5%] Built target action_interfaces__cpp
[ 20%] Built target action_interfaces__rosidl_generator_c
[ 29%] Built target action_interfaces__rosidl_typesupport_introspection_c
[ 32%] [32mBuilding CXX object CMakeFiles/action_interfaces__rosidl_typesupport_cpp.dir/rosidl_typesupport_cpp/action_interfaces/action/rovercontrol__type_support.cpp.o[0m
[ 35%] [32mBuilding CXX object CMakeFiles/action_interfaces__rosidl_typesupport_fastrtps_c.dir/rosidl_typesupport_fastrtps_c/action_interfaces/action/detail/rovercontrol__type_support_c.cpp.o[0m
[ 44%] Built target action_interfaces__rosidl_typesupport_c
[ 47%] [32mBuilding CXX object CMakeFiles/action_interfaces__rosidl_typesupport_fastrtps_cpp.dir/rosidl_typesupport_fastrtps_cpp/action_interfaces/action/detail/dds_fastrtps/rovercontrol__type_support.cpp.o[0m
running egg_info
writing action_interfaces.egg-info/PKG-INFO
writing dependency_links to action_interfaces.egg-info/dependency_links.txt
writing top-level names to action_interfaces.egg-info/top_level.txt
reading manifest file 'action_interfaces.egg-info/SOURCES.txt'
writing manifest file 'action_interfaces.egg-info/SOURCES.txt'
[ 47%] Built target ament_cmake_python_build_action_interfaces_egg
[ 50%] [32mBuilding CXX object CMakeFiles/action_interfaces__rosidl_typesupport_introspection_cpp.dir/rosidl_typesupport_introspection_cpp/action_interfaces/action/detail/rovercontrol__type_support.cpp.o[0m
[ 52%] [32m[1mLinking CXX shared library libaction_interfaces__rosidl_typesupport_fastrtps_c.so[0m
[ 58%] [32m[1mLinking CXX shared library libaction_interfaces__rosidl_typesupport_cpp.so[0m
[ 58%] Built target action_interfaces__rosidl_typesupport_fastrtps_c
[ 61%] [32m[1mLinking CXX shared library libaction_interfaces__rosidl_typesupport_introspection_cpp.so[0m
[ 64%] Built target action_interfaces__rosidl_typesupport_cpp
[ 67%] Built target action_interfaces__rosidl_typesupport_introspection_cpp
[ 70%] [32m[1mLinking CXX shared library libaction_interfaces__rosidl_typesupport_fastrtps_cpp.so[0m
[ 73%] Built target action_interfaces__rosidl_typesupport_fastrtps_cpp
[ 73%] Built target action_interfaces
[ 76%] Built target action_interfaces__py
[ 82%] Built target action_interfaces__rosidl_generator_py
[ 85%] [32m[1mLinking C shared library rosidl_generator_py/action_interfaces/action_interfaces_s__rosidl_typesupport_fastrtps_c.cpython-310-aarch64-linux-gnu.so[0m
[ 91%] Built target action_interfaces__rosidl_typesupport_introspection_c__pyext
[ 97%] Built target action_interfaces__rosidl_typesupport_c__pyext
[100%] Built target action_interfaces__rosidl_typesupport_fastrtps_c__pyext
-- Install configuration: ""
-- Up-to-date: /home/curry/wilson_proj/ros2-rover-ws/install/action_interfaces/share/ament_index/resource_index/rosidl_interfaces/action_interfaces
-- Up-to-date: /home/curry/wilson_proj/ros2-rover-ws/install/action_interfaces/share/action_interfaces/action/Rovercontrol.json
-- Up-to-date: /home/curry/wilson_proj/ros2-rover-ws/install/action_interfaces/include/action_interfaces/action_interfaces
-- Up-to-date: /home/curry/wilson_proj/ros2-rover-ws/install/action_interfaces/include/action_interfaces/action_interfaces/msg
-- Up-to-date: /home/curry/wilson_proj/ros2-rover-ws/install/action_interfaces/include/action_interfaces/action_interfaces/msg/rosidl_generator_c__visibility_control.h
-- Up-to-date: /home/curry/wilson_proj/ros2-rover-ws/install/action_interfaces/include/action_interfaces/action_interfaces/action
-- Up-to-date: /home/curry/wilson_proj/ros2-rover-ws/install/action_interfaces/include/action_interfaces/action_interfaces/action/rovercontrol.h
-- Up-to-date: /home/curry/wilson_proj/ros2-rover-ws/install/action_interfaces/include/action_interfaces/action_interfaces/action/detail
-- Up-to-date: /home/curry/wilson_proj/ros2-rover-ws/install/action_interfaces/include/action_interfaces/action_interfaces/action/detail/rovercontrol__functions.h
-- Up-to-date: /home/curry/wilson_proj/ros2-rover-ws/install/action_interfaces/include/action_interfaces/action_interfaces/action/detail/rovercontrol__struct.h
-- Installing: /home/curry/wilson_proj/ros2-rover-ws/install/action_interfaces/include/action_interfaces/action_interfaces/action/detail/rovercontrol__type_support.c
-- Up-to-date: /home/curry/wilson_proj/ros2-rover-ws/install/action_interfaces/include/action_interfaces/action_interfaces/action/detail/rovercontrol__description.c
-- Up-to-date: /home/curry/wilson_proj/ros2-rover-ws/install/action_interfaces/include/action_interfaces/action_interfaces/action/detail/rovercontrol__functions.c
-- Up-to-date: /home/curry/wilson_proj/ros2-rover-ws/install/action_interfaces/include/action_interfaces/action_interfaces/action/detail/rovercontrol__type_support.h
-- Up-to-date: /home/curry/wilson_proj/ros2-rover-ws/install/action_interfaces/share/action_interfaces/environment/library_path.sh
-- Up-to-date: /home/curry/wilson_proj/ros2-rover-ws/install/action_interfaces/share/action_interfaces/environment/library_path.dsv
-- Up-to-date: /home/curry/wilson_proj/ros2-rover-ws/install/action_interfaces/lib/libaction_interfaces__rosidl_generator_c.so
-- Up-to-date: /home/curry/wilson_proj/ros2-rover-ws/install/action_interfaces/include/action_interfaces/action_interfaces
-- Up-to-date: /home/curry/wilson_proj/ros2-rover-ws/install/action_interfaces/include/action_interfaces/action_interfaces/msg
-- Up-to-date: /home/curry/wilson_proj/ros2-rover-ws/install/action_interfaces/include/action_interfaces/action_interfaces/msg/rosidl_typesupport_fastrtps_c__visibility_control.h
-- Up-to-date: /home/curry/wilson_proj/ros2-rover-ws/install/action_interfaces/include/action_interfaces/action_interfaces/action
-- Up-to-date: /home/curry/wilson_proj/ros2-rover-ws/install/action_interfaces/include/action_interfaces/action_interfaces/action/detail
-- Up-to-date: /home/curry/wilson_proj/ros2-rover-ws/install/action_interfaces/include/action_interfaces/action_interfaces/action/detail/rovercontrol__rosidl_typesupport_fastrtps_c.h
-- Installing: /home/curry/wilson_proj/ros2-rover-ws/install/action_interfaces/lib/libaction_interfaces__rosidl_typesupport_fastrtps_c.so
-- Set runtime path of "/home/curry/wilson_proj/ros2-rover-ws/install/action_interfaces/lib/libaction_interfaces__rosidl_typesupport_fastrtps_c.so" to ""
-- Up-to-date: /home/curry/wilson_proj/ros2-rover-ws/install/action_interfaces/include/action_interfaces/action_interfaces
-- Up-to-date: /home/curry/wilson_proj/ros2-rover-ws/install/action_interfaces/include/action_interfaces/action_interfaces/msg
-- Up-to-date: /home/curry/wilson_proj/ros2-rover-ws/install/action_interfaces/include/action_interfaces/action_interfaces/msg/rosidl_typesupport_introspection_c__visibility_control.h
-- Up-to-date: /home/curry/wilson_proj/ros2-rover-ws/install/action_interfaces/include/action_interfaces/action_interfaces/action
-- Up-to-date: /home/curry/wilson_proj/ros2-rover-ws/install/action_interfaces/include/action_interfaces/action_interfaces/action/detail
-- Installing: /home/curry/wilson_proj/ros2-rover-ws/install/action_interfaces/include/action_interfaces/action_interfaces/action/detail/rovercontrol__type_support.c
-- Up-to-date: /home/curry/wilson_proj/ros2-rover-ws/install/action_interfaces/include/action_interfaces/action_interfaces/action/detail/rovercontrol__rosidl_typesupport_introspection_c.h
-- Up-to-date: /home/curry/wilson_proj/ros2-rover-ws/install/action_interfaces/lib/libaction_interfaces__rosidl_typesupport_introspection_c.so
-- Up-to-date: /home/curry/wilson_proj/ros2-rover-ws/install/action_interfaces/lib/libaction_interfaces__rosidl_typesupport_c.so
-- Up-to-date: /home/curry/wilson_proj/ros2-rover-ws/install/action_interfaces/include/action_interfaces/action_interfaces
-- Up-to-date: /home/curry/wilson_proj/ros2-rover-ws/install/action_interfaces/include/action_interfaces/action_interfaces/action
-- Up-to-date: /home/curry/wilson_proj/ros2-rover-ws/install/action_interfaces/include/action_interfaces/action_interfaces/action/rovercontrol.hpp
-- Up-to-date: /home/curry/wilson_proj/ros2-rover-ws/install/action_interfaces/include/action_interfaces/action_interfaces/action/detail
-- Up-to-date: /home/curry/wilson_proj/ros2-rover-ws/install/action_interfaces/include/action_interfaces/action_interfaces/action/detail/rovercontrol__builder.hpp
-- Up-to-date: /home/curry/wilson_proj/ros2-rover-ws/install/action_interfaces/include/action_interfaces/action_interfaces/action/detail/rovercontrol__traits.hpp
-- Up-to-date: /home/curry/wilson_proj/ros2-rover-ws/install/action_interfaces/include/action_interfaces/action_interfaces/action/detail/rovercontrol__struct.hpp
-- Up-to-date: /home/curry/wilson_proj/ros2-rover-ws/install/action_interfaces/include/action_interfaces/action_interfaces
-- Up-to-date: /home/curry/wilson_proj/ros2-rover-ws/install/action_interfaces/include/action_interfaces/action_interfaces/msg
-- Up-to-date: /home/curry/wilson_proj/ros2-rover-ws/install/action_interfaces/include/action_interfaces/action_interfaces/msg/rosidl_typesupport_fastrtps_cpp__visibility_control.h
-- Up-to-date: /home/curry/wilson_proj/ros2-rover-ws/install/action_interfaces/include/action_interfaces/action_interfaces/action
-- Up-to-date: /home/curry/wilson_proj/ros2-rover-ws/install/action_interfaces/include/action_interfaces/action_interfaces/action/detail
-- Up-to-date: /home/curry/wilson_proj/ros2-rover-ws/install/action_interfaces/include/action_interfaces/action_interfaces/action/detail/dds_fastrtps
-- Up-to-date: /home/curry/wilson_proj/ros2-rover-ws/install/action_interfaces/include/action_interfaces/action_interfaces/action/detail/rovercontrol__rosidl_typesupport_fastrtps_cpp.hpp
-- Installing: /home/curry/wilson_proj/ros2-rover-ws/install/action_interfaces/lib/libaction_interfaces__rosidl_typesupport_fastrtps_cpp.so
-- Set runtime path of "/home/curry/wilson_proj/ros2-rover-ws/install/action_interfaces/lib/libaction_interfaces__rosidl_typesupport_fastrtps_cpp.so" to ""
-- Up-to-date: /home/curry/wilson_proj/ros2-rover-ws/install/action_interfaces/include/action_interfaces/action_interfaces
-- Up-to-date: /home/curry/wilson_proj/ros2-rover-ws/install/action_interfaces/include/action_interfaces/action_interfaces/action
-- Up-to-date: /home/curry/wilson_proj/ros2-rover-ws/install/action_interfaces/include/action_interfaces/action_interfaces/action/detail
-- Up-to-date: /home/curry/wilson_proj/ros2-rover-ws/install/action_interfaces/include/action_interfaces/action_interfaces/action/detail/rovercontrol__rosidl_typesupport_introspection_cpp.hpp
-- Up-to-date: /home/curry/wilson_proj/ros2-rover-ws/install/action_interfaces/include/action_interfaces/action_interfaces/action/detail/rovercontrol__type_support.cpp
-- Installing: /home/curry/wilson_proj/ros2-rover-ws/install/action_interfaces/lib/libaction_interfaces__rosidl_typesupport_introspection_cpp.so
-- Set runtime path of "/home/curry/wilson_proj/ros2-rover-ws/install/action_interfaces/lib/libaction_interfaces__rosidl_typesupport_introspection_cpp.so" to ""
-- Installing: /home/curry/wilson_proj/ros2-rover-ws/install/action_interfaces/lib/libaction_interfaces__rosidl_typesupport_cpp.so
-- Set runtime path of "/home/curry/wilson_proj/ros2-rover-ws/install/action_interfaces/lib/libaction_interfaces__rosidl_typesupport_cpp.so" to ""
-- Up-to-date: /home/curry/wilson_proj/ros2-rover-ws/install/action_interfaces/share/action_interfaces/environment/pythonpath.sh
-- Up-to-date: /home/curry/wilson_proj/ros2-rover-ws/install/action_interfaces/share/action_interfaces/environment/pythonpath.dsv
-- Up-to-date: /home/curry/wilson_proj/ros2-rover-ws/install/action_interfaces/lib/python3.10/site-packages/action_interfaces-0.0.0-py3.10.egg-info
-- Installing: /home/curry/wilson_proj/ros2-rover-ws/install/action_interfaces/lib/python3.10/site-packages/action_interfaces-0.0.0-py3.10.egg-info/dependency_links.txt
-- Installing: /home/curry/wilson_proj/ros2-rover-ws/install/action_interfaces/lib/python3.10/site-packages/action_interfaces-0.0.0-py3.10.egg-info/SOURCES.txt
-- Installing: /home/curry/wilson_proj/ros2-rover-ws/install/action_interfaces/lib/python3.10/site-packages/action_interfaces-0.0.0-py3.10.egg-info/top_level.txt
-- Installing: /home/curry/wilson_proj/ros2-rover-ws/install/action_interfaces/lib/python3.10/site-packages/action_interfaces-0.0.0-py3.10.egg-info/PKG-INFO
-- Up-to-date: /home/curry/wilson_proj/ros2-rover-ws/install/action_interfaces/lib/python3.10/site-packages/action_interfaces
-- Up-to-date: /home/curry/wilson_proj/ros2-rover-ws/install/action_interfaces/lib/python3.10/site-packages/action_interfaces/action_interfaces_s__rosidl_typesupport_c.cpython-310-aarch64-linux-gnu.so
-- Installing: /home/curry/wilson_proj/ros2-rover-ws/install/action_interfaces/lib/python3.10/site-packages/action_interfaces/action_interfaces_s__rosidl_typesupport_fastrtps_c.cpython-310-aarch64-linux-gnu.so
-- Up-to-date: /home/curry/wilson_proj/ros2-rover-ws/install/action_interfaces/lib/python3.10/site-packages/action_interfaces/action
-- Up-to-date: /home/curry/wilson_proj/ros2-rover-ws/install/action_interfaces/lib/python3.10/site-packages/action_interfaces/action/_rovercontrol.py
-- Up-to-date: /home/curry/wilson_proj/ros2-rover-ws/install/action_interfaces/lib/python3.10/site-packages/action_interfaces/action/__init__.py
-- Up-to-date: /home/curry/wilson_proj/ros2-rover-ws/install/action_interfaces/lib/python3.10/site-packages/action_interfaces/action/_rovercontrol_s.c
-- Up-to-date: /home/curry/wilson_proj/ros2-rover-ws/install/action_interfaces/lib/python3.10/site-packages/action_interfaces/_action_interfaces_s.ep.rosidl_typesupport_c.c
-- Up-to-date: /home/curry/wilson_proj/ros2-rover-ws/install/action_interfaces/lib/python3.10/site-packages/action_interfaces/_action_interfaces_s.ep.rosidl_typesupport_introspection_c.c
-- Up-to-date: /home/curry/wilson_proj/ros2-rover-ws/install/action_interfaces/lib/python3.10/site-packages/action_interfaces/action_interfaces_s__rosidl_typesupport_introspection_c.cpython-310-aarch64-linux-gnu.so
-- Up-to-date: /home/curry/wilson_proj/ros2-rover-ws/install/action_interfaces/lib/python3.10/site-packages/action_interfaces/__init__.py
-- Up-to-date: /home/curry/wilson_proj/ros2-rover-ws/install/action_interfaces/lib/python3.10/site-packages/action_interfaces/_action_interfaces_s.ep.rosidl_typesupport_fastrtps_c.c
-- Up-to-date: /home/curry/wilson_proj/ros2-rover-ws/install/action_interfaces/lib/python3.10/site-packages/action_interfaces/libaction_interfaces__rosidl_generator_py.so
Listing '/home/curry/wilson_proj/ros2-rover-ws/install/action_interfaces/lib/python3.10/site-packages/action_interfaces'...
Listing '/home/curry/wilson_proj/ros2-rover-ws/install/action_interfaces/lib/python3.10/site-packages/action_interfaces/action'...
-- Installing: /home/curry/wilson_proj/ros2-rover-ws/install/action_interfaces/lib/python3.10/site-packages/action_interfaces/action_interfaces_s__rosidl_typesupport_fastrtps_c.cpython-310-aarch64-linux-gnu.so
-- Set runtime path of "/home/curry/wilson_proj/ros2-rover-ws/install/action_interfaces/lib/python3.10/site-packages/action_interfaces/action_interfaces_s__rosidl_typesupport_fastrtps_c.cpython-310-aarch64-linux-gnu.so" to ""
-- Up-to-date: /home/curry/wilson_proj/ros2-rover-ws/install/action_interfaces/lib/python3.10/site-packages/action_interfaces/action_interfaces_s__rosidl_typesupport_introspection_c.cpython-310-aarch64-linux-gnu.so
-- Up-to-date: /home/curry/wilson_proj/ros2-rover-ws/install/action_interfaces/lib/python3.10/site-packages/action_interfaces/action_interfaces_s__rosidl_typesupport_c.cpython-310-aarch64-linux-gnu.so
-- Up-to-date: /home/curry/wilson_proj/ros2-rover-ws/install/action_interfaces/lib/libaction_interfaces__rosidl_generator_py.so
-- Up-to-date: /home/curry/wilson_proj/ros2-rover-ws/install/action_interfaces/share/action_interfaces/action/Rovercontrol.idl
-- Up-to-date: /home/curry/wilson_proj/ros2-rover-ws/install/action_interfaces/share/action_interfaces/action/Rovercontrol.action
-- Up-to-date: /home/curry/wilson_proj/ros2-rover-ws/install/action_interfaces/share/ament_index/resource_index/package_run_dependencies/action_interfaces
-- Up-to-date: /home/curry/wilson_proj/ros2-rover-ws/install/action_interfaces/share/ament_index/resource_index/parent_prefix_path/action_interfaces
-- Up-to-date: /home/curry/wilson_proj/ros2-rover-ws/install/action_interfaces/share/action_interfaces/environment/ament_prefix_path.sh
-- Up-to-date: /home/curry/wilson_proj/ros2-rover-ws/install/action_interfaces/share/action_interfaces/environment/ament_prefix_path.dsv
-- Up-to-date: /home/curry/wilson_proj/ros2-rover-ws/install/action_interfaces/share/action_interfaces/environment/path.sh
-- Up-to-date: /home/curry/wilson_proj/ros2-rover-ws/install/action_interfaces/share/action_interfaces/environment/path.dsv
-- Up-to-date: /home/curry/wilson_proj/ros2-rover-ws/install/action_interfaces/share/action_interfaces/local_setup.bash
-- Up-to-date: /home/curry/wilson_proj/ros2-rover-ws/install/action_interfaces/share/action_interfaces/local_setup.sh
-- Up-to-date: /home/curry/wilson_proj/ros2-rover-ws/install/action_interfaces/share/action_interfaces/local_setup.zsh
-- Up-to-date: /home/curry/wilson_proj/ros2-rover-ws/install/action_interfaces/share/action_interfaces/local_setup.dsv
-- Installing: /home/curry/wilson_proj/ros2-rover-ws/install/action_interfaces/share/action_interfaces/package.dsv
-- Up-to-date: /home/curry/wilson_proj/ros2-rover-ws/install/action_interfaces/share/ament_index/resource_index/packages/action_interfaces
-- Up-to-date: /home/curry/wilson_proj/ros2-rover-ws/install/action_interfaces/share/action_interfaces/cmake/export_action_interfaces__rosidl_generator_cExport.cmake
-- Up-to-date: /home/curry/wilson_proj/ros2-rover-ws/install/action_interfaces/share/action_interfaces/cmake/export_action_interfaces__rosidl_generator_cExport-noconfig.cmake
-- Up-to-date: /home/curry/wilson_proj/ros2-rover-ws/install/action_interfaces/share/action_interfaces/cmake/export_action_interfaces__rosidl_typesupport_fastrtps_cExport.cmake
-- Up-to-date: /home/curry/wilson_proj/ros2-rover-ws/install/action_interfaces/share/action_interfaces/cmake/export_action_interfaces__rosidl_typesupport_fastrtps_cExport-noconfig.cmake
-- Up-to-date: /home/curry/wilson_proj/ros2-rover-ws/install/action_interfaces/share/action_interfaces/cmake/action_interfaces__rosidl_typesupport_introspection_cExport.cmake
-- Up-to-date: /home/curry/wilson_proj/ros2-rover-ws/install/action_interfaces/share/action_interfaces/cmake/action_interfaces__rosidl_typesupport_introspection_cExport-noconfig.cmake
-- Up-to-date: /home/curry/wilson_proj/ros2-rover-ws/install/action_interfaces/share/action_interfaces/cmake/action_interfaces__rosidl_typesupport_cExport.cmake
-- Up-to-date: /home/curry/wilson_proj/ros2-rover-ws/install/action_interfaces/share/action_interfaces/cmake/action_interfaces__rosidl_typesupport_cExport-noconfig.cmake
-- Up-to-date: /home/curry/wilson_proj/ros2-rover-ws/install/action_interfaces/share/action_interfaces/cmake/export_action_interfaces__rosidl_generator_cppExport.cmake
-- Up-to-date: /home/curry/wilson_proj/ros2-rover-ws/install/action_interfaces/share/action_interfaces/cmake/export_action_interfaces__rosidl_typesupport_fastrtps_cppExport.cmake
-- Up-to-date: /home/curry/wilson_proj/ros2-rover-ws/install/action_interfaces/share/action_interfaces/cmake/export_action_interfaces__rosidl_typesupport_fastrtps_cppExport-noconfig.cmake
-- Up-to-date: /home/curry/wilson_proj/ros2-rover-ws/install/action_interfaces/share/action_interfaces/cmake/action_interfaces__rosidl_typesupport_introspection_cppExport.cmake
-- Up-to-date: /home/curry/wilson_proj/ros2-rover-ws/install/action_interfaces/share/action_interfaces/cmake/action_interfaces__rosidl_typesupport_introspection_cppExport-noconfig.cmake
-- Up-to-date: /home/curry/wilson_proj/ros2-rover-ws/install/action_interfaces/share/action_interfaces/cmake/action_interfaces__rosidl_typesupport_cppExport.cmake
-- Up-to-date: /home/curry/wilson_proj/ros2-rover-ws/install/action_interfaces/share/action_interfaces/cmake/action_interfaces__rosidl_typesupport_cppExport-noconfig.cmake
-- Up-to-date: /home/curry/wilson_proj/ros2-rover-ws/install/action_interfaces/share/action_interfaces/cmake/export_action_interfaces__rosidl_generator_pyExport.cmake
-- Up-to-date: /home/curry/wilson_proj/ros2-rover-ws/install/action_interfaces/share/action_interfaces/cmake/export_action_interfaces__rosidl_generator_pyExport-noconfig.cmake
-- Up-to-date: /home/curry/wilson_proj/ros2-rover-ws/install/action_interfaces/share/action_interfaces/cmake/rosidl_cmake-extras.cmake
-- Up-to-date: /home/curry/wilson_proj/ros2-rover-ws/install/action_interfaces/share/action_interfaces/cmake/ament_cmake_export_dependencies-extras.cmake
-- Up-to-date: /home/curry/wilson_proj/ros2-rover-ws/install/action_interfaces/share/action_interfaces/cmake/ament_cmake_export_include_directories-extras.cmake
-- Up-to-date: /home/curry/wilson_proj/ros2-rover-ws/install/action_interfaces/share/action_interfaces/cmake/ament_cmake_export_libraries-extras.cmake
-- Up-to-date: /home/curry/wilson_proj/ros2-rover-ws/install/action_interfaces/share/action_interfaces/cmake/ament_cmake_export_targets-extras.cmake
-- Up-to-date: /home/curry/wilson_proj/ros2-rover-ws/install/action_interfaces/share/action_interfaces/cmake/rosidl_cmake_export_typesupport_targets-extras.cmake
-- Up-to-date: /home/curry/wilson_proj/ros2-rover-ws/install/action_interfaces/share/action_interfaces/cmake/rosidl_cmake_export_typesupport_libraries-extras.cmake
-- Up-to-date: /home/curry/wilson_proj/ros2-rover-ws/install/action_interfaces/share/action_interfaces/cmake/action_interfacesConfig.cmake
-- Up-to-date: /home/curry/wilson_proj/ros2-rover-ws/install/action_interfaces/share/action_interfaces/cmake/action_interfacesConfig-version.cmake
-- Up-to-date: /home/curry/wilson_proj/ros2-rover-ws/install/action_interfaces/share/action_interfaces/package.xml
