[0.015s] Invoking command in '/home/yupi/rover_proj/ros2-base-ws/build/package_base_command': CMAKE_PREFIX_PATH=${CMAKE_PREFIX_PATH}:/opt/ros/humble /usr/bin/cmake --build /home/yupi/rover_proj/ros2-base-ws/build/package_base_command -- -j4 -l4
[0.099s] [ 33%] Built target node_motor_control
[0.100s] [ 66%] Built target node_command
[0.109s] [100%] Built target motorcontrol
[0.129s] Invoked command in '/home/yupi/rover_proj/ros2-base-ws/build/package_base_command' returned '0': CMAKE_PREFIX_PATH=${CMAKE_PREFIX_PATH}:/opt/ros/humble /usr/bin/cmake --build /home/yupi/rover_proj/ros2-base-ws/build/package_base_command -- -j4 -l4
[0.168s] Invoking command in '/home/yupi/rover_proj/ros2-base-ws/build/package_base_command': CMAKE_PREFIX_PATH=${CMAKE_PREFIX_PATH}:/opt/ros/humble /usr/bin/cmake --install /home/yupi/rover_proj/ros2-base-ws/build/package_base_command
[0.175s] -- Install configuration: ""
[0.176s] -- Up-to-date: /home/yupi/rover_proj/ros2-base-ws/install/package_base_command/lib/libmotorcontrol.so
[0.177s] -- Up-to-date: /home/yupi/rover_proj/ros2-base-ws/install/package_base_command/lib/package_base_command/node_motor_control
[0.178s] -- Up-to-date: /home/yupi/rover_proj/ros2-base-ws/install/package_base_command/lib/package_base_command/node_command
[0.179s] -- Up-to-date: /home/yupi/rover_proj/ros2-base-ws/install/package_base_command/share/ament_index/resource_index/package_run_dependencies/package_base_command
[0.179s] -- Up-to-date: /home/yupi/rover_proj/ros2-base-ws/install/package_base_command/share/ament_index/resource_index/parent_prefix_path/package_base_command
[0.179s] -- Up-to-date: /home/yupi/rover_proj/ros2-base-ws/install/package_base_command/share/package_base_command/environment/ament_prefix_path.sh
[0.179s] -- Up-to-date: /home/yupi/rover_proj/ros2-base-ws/install/package_base_command/share/package_base_command/environment/ament_prefix_path.dsv
[0.179s] -- Up-to-date: /home/yupi/rover_proj/ros2-base-ws/install/package_base_command/share/package_base_command/environment/path.sh
[0.179s] -- Up-to-date: /home/yupi/rover_proj/ros2-base-ws/install/package_base_command/share/package_base_command/environment/path.dsv
[0.179s] -- Up-to-date: /home/yupi/rover_proj/ros2-base-ws/install/package_base_command/share/package_base_command/local_setup.bash
[0.179s] -- Up-to-date: /home/yupi/rover_proj/ros2-base-ws/install/package_base_command/share/package_base_command/local_setup.sh
[0.179s] -- Up-to-date: /home/yupi/rover_proj/ros2-base-ws/install/package_base_command/share/package_base_command/local_setup.zsh
[0.180s] -- Up-to-date: /home/yupi/rover_proj/ros2-base-ws/install/package_base_command/share/package_base_command/local_setup.dsv
[0.180s] -- Installing: /home/yupi/rover_proj/ros2-base-ws/install/package_base_command/share/package_base_command/package.dsv
[0.182s] -- Up-to-date: /home/yupi/rover_proj/ros2-base-ws/install/package_base_command/share/ament_index/resource_index/packages/package_base_command
[0.183s] -- Up-to-date: /home/yupi/rover_proj/ros2-base-ws/install/package_base_command/share/ament_index/resource_index/rclcpp_components/package_base_command
[0.183s] -- Up-to-date: /home/yupi/rover_proj/ros2-base-ws/install/package_base_command/share/package_base_command/cmake/package_base_commandConfig.cmake
[0.183s] -- Up-to-date: /home/yupi/rover_proj/ros2-base-ws/install/package_base_command/share/package_base_command/cmake/package_base_commandConfig-version.cmake
[0.183s] -- Up-to-date: /home/yupi/rover_proj/ros2-base-ws/install/package_base_command/share/package_base_command/package.xml
[0.189s] Invoked command in '/home/yupi/rover_proj/ros2-base-ws/build/package_base_command' returned '0': CMAKE_PREFIX_PATH=${CMAKE_PREFIX_PATH}:/opt/ros/humble /usr/bin/cmake --install /home/yupi/rover_proj/ros2-base-ws/build/package_base_command
