[0.122s] Invoking command in '/home/curry/wilson_proj/ros2-rover-ws/build/action_interfaces': CMAKE_PREFIX_PATH=${CMAKE_PREFIX_PATH}:/opt/ros/humble /usr/bin/cmake --build /home/curry/wilson_proj/ros2-rover-ws/build/action_interfaces -- -j4 -l4
[2.454s] [  3%] Built target action_interfaces__cpp
[2.455s] [ 12%] Built target action_interfaces__rosidl_generator_c
[2.455s] [ 12%] Built target ament_cmake_python_copy_action_interfaces
[2.456s] [ 22%] Built target action_interfaces__rosidl_typesupport_cpp
[2.456s] [ 32%] Built target action_interfaces__rosidl_typesupport_fastrtps_cpp
[2.457s] [ 41%] Built target action_interfaces__rosidl_typesupport_introspection_cpp
[2.457s] [ 51%] Built target action_interfaces__rosidl_typesupport_fastrtps_c
[2.457s] [ 61%] Built target action_interfaces__rosidl_typesupport_introspection_c
[2.458s] [ 70%] Built target action_interfaces__rosidl_typesupport_c
[2.458s] [ 70%] Built target action_interfaces
[2.459s] [ 74%] Built target action_interfaces__py
[2.469s] [ 80%] Built target action_interfaces__rosidl_generator_py
[2.470s] [ 87%] Built target action_interfaces__rosidl_typesupport_fastrtps_c__pyext
[2.470s] [ 93%] Built target action_interfaces__rosidl_typesupport_introspection_c__pyext
[2.471s] [100%] Built target action_interfaces__rosidl_typesupport_c__pyext
[2.950s] running egg_info
[2.955s] writing action_interfaces.egg-info/PKG-INFO
[2.957s] writing dependency_links to action_interfaces.egg-info/dependency_links.txt
[2.959s] writing top-level names to action_interfaces.egg-info/top_level.txt
[2.977s] reading manifest file 'action_interfaces.egg-info/SOURCES.txt'
[2.980s] writing manifest file 'action_interfaces.egg-info/SOURCES.txt'
[3.182s] [100%] Built target ament_cmake_python_build_action_interfaces_egg
[3.309s] Invoked command in '/home/curry/wilson_proj/ros2-rover-ws/build/action_interfaces' returned '0': CMAKE_PREFIX_PATH=${CMAKE_PREFIX_PATH}:/opt/ros/humble /usr/bin/cmake --build /home/curry/wilson_proj/ros2-rover-ws/build/action_interfaces -- -j4 -l4
[3.795s] Invoking command in '/home/curry/wilson_proj/ros2-rover-ws/build/action_interfaces': CMAKE_PREFIX_PATH=${CMAKE_PREFIX_PATH}:/opt/ros/humble /usr/bin/cmake --install /home/curry/wilson_proj/ros2-rover-ws/build/action_interfaces
[3.834s] -- Install configuration: ""
[3.834s] -- Up-to-date: /home/curry/wilson_proj/ros2-rover-ws/install/action_interfaces/share/ament_index/resource_index/rosidl_interfaces/action_interfaces
[3.835s] -- Up-to-date: /home/curry/wilson_proj/ros2-rover-ws/install/action_interfaces/include/action_interfaces/action_interfaces
[3.836s] -- Up-to-date: /home/curry/wilson_proj/ros2-rover-ws/install/action_interfaces/include/action_interfaces/action_interfaces/msg
[3.836s] -- Up-to-date: /home/curry/wilson_proj/ros2-rover-ws/install/action_interfaces/include/action_interfaces/action_interfaces/msg/rosidl_generator_c__visibility_control.h
[3.837s] -- Up-to-date: /home/curry/wilson_proj/ros2-rover-ws/install/action_interfaces/include/action_interfaces/action_interfaces/action
[3.837s] -- Up-to-date: /home/curry/wilson_proj/ros2-rover-ws/install/action_interfaces/include/action_interfaces/action_interfaces/action/rovercontrol.h
[3.838s] -- Up-to-date: /home/curry/wilson_proj/ros2-rover-ws/install/action_interfaces/include/action_interfaces/action_interfaces/action/detail
[3.838s] -- Up-to-date: /home/curry/wilson_proj/ros2-rover-ws/install/action_interfaces/include/action_interfaces/action_interfaces/action/detail/rovercontrol__functions.h
[3.839s] -- Up-to-date: /home/curry/wilson_proj/ros2-rover-ws/install/action_interfaces/include/action_interfaces/action_interfaces/action/detail/rovercontrol__struct.h
[3.840s] -- Installing: /home/curry/wilson_proj/ros2-rover-ws/install/action_interfaces/include/action_interfaces/action_interfaces/action/detail/rovercontrol__type_support.c
[3.841s] -- Up-to-date: /home/curry/wilson_proj/ros2-rover-ws/install/action_interfaces/include/action_interfaces/action_interfaces/action/detail/rovercontrol__description.c
[3.842s] -- Up-to-date: /home/curry/wilson_proj/ros2-rover-ws/install/action_interfaces/include/action_interfaces/action_interfaces/action/detail/rovercontrol__functions.c
[3.842s] -- Up-to-date: /home/curry/wilson_proj/ros2-rover-ws/install/action_interfaces/include/action_interfaces/action_interfaces/action/detail/rovercontrol__type_support.h
[3.843s] -- Up-to-date: /home/curry/wilson_proj/ros2-rover-ws/install/action_interfaces/share/action_interfaces/environment/library_path.sh
[3.844s] -- Up-to-date: /home/curry/wilson_proj/ros2-rover-ws/install/action_interfaces/share/action_interfaces/environment/library_path.dsv
[3.844s] -- Up-to-date: /home/curry/wilson_proj/ros2-rover-ws/install/action_interfaces/lib/libaction_interfaces__rosidl_generator_c.so
[3.846s] -- Up-to-date: /home/curry/wilson_proj/ros2-rover-ws/install/action_interfaces/include/action_interfaces/action_interfaces
[3.848s] -- Up-to-date: /home/curry/wilson_proj/ros2-rover-ws/install/action_interfaces/include/action_interfaces/action_interfaces/msg
[3.849s] -- Up-to-date: /home/curry/wilson_proj/ros2-rover-ws/install/action_interfaces/include/action_interfaces/action_interfaces/msg/rosidl_typesupport_fastrtps_c__visibility_control.h
[3.855s] -- Up-to-date: /home/curry/wilson_proj/ros2-rover-ws/install/action_interfaces/include/action_interfaces/action_interfaces/action
[3.856s] -- Up-to-date: /home/curry/wilson_proj/ros2-rover-ws/install/action_interfaces/include/action_interfaces/action_interfaces/action/detail
[3.856s] -- Up-to-date: /home/curry/wilson_proj/ros2-rover-ws/install/action_interfaces/include/action_interfaces/action_interfaces/action/detail/rovercontrol__rosidl_typesupport_fastrtps_c.h
[3.857s] -- Up-to-date: /home/curry/wilson_proj/ros2-rover-ws/install/action_interfaces/lib/libaction_interfaces__rosidl_typesupport_fastrtps_c.so
[3.858s] -- Up-to-date: /home/curry/wilson_proj/ros2-rover-ws/install/action_interfaces/include/action_interfaces/action_interfaces
[3.859s] -- Up-to-date: /home/curry/wilson_proj/ros2-rover-ws/install/action_interfaces/include/action_interfaces/action_interfaces/msg
[3.859s] -- Up-to-date: /home/curry/wilson_proj/ros2-rover-ws/install/action_interfaces/include/action_interfaces/action_interfaces/msg/rosidl_typesupport_introspection_c__visibility_control.h
[3.860s] -- Up-to-date: /home/curry/wilson_proj/ros2-rover-ws/install/action_interfaces/include/action_interfaces/action_interfaces/action
[3.860s] -- Up-to-date: /home/curry/wilson_proj/ros2-rover-ws/install/action_interfaces/include/action_interfaces/action_interfaces/action/detail
[3.866s] -- Installing: /home/curry/wilson_proj/ros2-rover-ws/install/action_interfaces/include/action_interfaces/action_interfaces/action/detail/rovercontrol__type_support.c
[3.867s] -- Up-to-date: /home/curry/wilson_proj/ros2-rover-ws/install/action_interfaces/include/action_interfaces/action_interfaces/action/detail/rovercontrol__rosidl_typesupport_introspection_c.h
[3.868s] -- Up-to-date: /home/curry/wilson_proj/ros2-rover-ws/install/action_interfaces/lib/libaction_interfaces__rosidl_typesupport_introspection_c.so
[3.869s] -- Up-to-date: /home/curry/wilson_proj/ros2-rover-ws/install/action_interfaces/lib/libaction_interfaces__rosidl_typesupport_c.so
[3.869s] -- Up-to-date: /home/curry/wilson_proj/ros2-rover-ws/install/action_interfaces/include/action_interfaces/action_interfaces
[3.870s] -- Up-to-date: /home/curry/wilson_proj/ros2-rover-ws/install/action_interfaces/include/action_interfaces/action_interfaces/msg
[3.870s] -- Up-to-date: /home/curry/wilson_proj/ros2-rover-ws/install/action_interfaces/include/action_interfaces/action_interfaces/msg/rosidl_generator_cpp__visibility_control.hpp
[3.871s] -- Up-to-date: /home/curry/wilson_proj/ros2-rover-ws/install/action_interfaces/include/action_interfaces/action_interfaces/action
[3.871s] -- Up-to-date: /home/curry/wilson_proj/ros2-rover-ws/install/action_interfaces/include/action_interfaces/action_interfaces/action/rovercontrol.hpp
[3.872s] -- Up-to-date: /home/curry/wilson_proj/ros2-rover-ws/install/action_interfaces/include/action_interfaces/action_interfaces/action/detail
[3.872s] -- Up-to-date: /home/curry/wilson_proj/ros2-rover-ws/install/action_interfaces/include/action_interfaces/action_interfaces/action/detail/rovercontrol__builder.hpp
[3.873s] -- Up-to-date: /home/curry/wilson_proj/ros2-rover-ws/install/action_interfaces/include/action_interfaces/action_interfaces/action/detail/rovercontrol__traits.hpp
[3.873s] -- Up-to-date: /home/curry/wilson_proj/ros2-rover-ws/install/action_interfaces/include/action_interfaces/action_interfaces/action/detail/rovercontrol__struct.hpp
[3.874s] -- Up-to-date: /home/curry/wilson_proj/ros2-rover-ws/install/action_interfaces/include/action_interfaces/action_interfaces/action/detail/rovercontrol__type_support.hpp
[3.874s] -- Up-to-date: /home/curry/wilson_proj/ros2-rover-ws/install/action_interfaces/include/action_interfaces/action_interfaces
[3.874s] -- Up-to-date: /home/curry/wilson_proj/ros2-rover-ws/install/action_interfaces/include/action_interfaces/action_interfaces/msg
[3.875s] -- Up-to-date: /home/curry/wilson_proj/ros2-rover-ws/install/action_interfaces/include/action_interfaces/action_interfaces/msg/rosidl_typesupport_fastrtps_cpp__visibility_control.h
[3.875s] -- Up-to-date: /home/curry/wilson_proj/ros2-rover-ws/install/action_interfaces/include/action_interfaces/action_interfaces/action
[3.876s] -- Up-to-date: /home/curry/wilson_proj/ros2-rover-ws/install/action_interfaces/include/action_interfaces/action_interfaces/action/detail
[3.877s] -- Up-to-date: /home/curry/wilson_proj/ros2-rover-ws/install/action_interfaces/include/action_interfaces/action_interfaces/action/detail/dds_fastrtps
[3.877s] -- Up-to-date: /home/curry/wilson_proj/ros2-rover-ws/install/action_interfaces/include/action_interfaces/action_interfaces/action/detail/rovercontrol__rosidl_typesupport_fastrtps_cpp.hpp
[3.879s] -- Up-to-date: /home/curry/wilson_proj/ros2-rover-ws/install/action_interfaces/lib/libaction_interfaces__rosidl_typesupport_fastrtps_cpp.so
[3.883s] -- Up-to-date: /home/curry/wilson_proj/ros2-rover-ws/install/action_interfaces/include/action_interfaces/action_interfaces
[3.884s] -- Up-to-date: /home/curry/wilson_proj/ros2-rover-ws/install/action_interfaces/include/action_interfaces/action_interfaces/action
[3.884s] -- Up-to-date: /home/curry/wilson_proj/ros2-rover-ws/install/action_interfaces/include/action_interfaces/action_interfaces/action/detail
[3.885s] -- Up-to-date: /home/curry/wilson_proj/ros2-rover-ws/install/action_interfaces/include/action_interfaces/action_interfaces/action/detail/rovercontrol__rosidl_typesupport_introspection_cpp.hpp
[3.886s] -- Up-to-date: /home/curry/wilson_proj/ros2-rover-ws/install/action_interfaces/include/action_interfaces/action_interfaces/action/detail/rovercontrol__type_support.cpp
[3.887s] -- Up-to-date: /home/curry/wilson_proj/ros2-rover-ws/install/action_interfaces/lib/libaction_interfaces__rosidl_typesupport_introspection_cpp.so
[3.888s] -- Up-to-date: /home/curry/wilson_proj/ros2-rover-ws/install/action_interfaces/lib/libaction_interfaces__rosidl_typesupport_cpp.so
[3.888s] -- Up-to-date: /home/curry/wilson_proj/ros2-rover-ws/install/action_interfaces/share/action_interfaces/environment/pythonpath.sh
[3.889s] -- Up-to-date: /home/curry/wilson_proj/ros2-rover-ws/install/action_interfaces/share/action_interfaces/environment/pythonpath.dsv
[3.889s] -- Up-to-date: /home/curry/wilson_proj/ros2-rover-ws/install/action_interfaces/lib/python3.10/site-packages/action_interfaces-0.0.0-py3.10.egg-info
[3.890s] -- Installing: /home/curry/wilson_proj/ros2-rover-ws/install/action_interfaces/lib/python3.10/site-packages/action_interfaces-0.0.0-py3.10.egg-info/dependency_links.txt
[3.890s] -- Installing: /home/curry/wilson_proj/ros2-rover-ws/install/action_interfaces/lib/python3.10/site-packages/action_interfaces-0.0.0-py3.10.egg-info/SOURCES.txt
[3.892s] -- Installing: /home/curry/wilson_proj/ros2-rover-ws/install/action_interfaces/lib/python3.10/site-packages/action_interfaces-0.0.0-py3.10.egg-info/top_level.txt
[3.893s] -- Installing: /home/curry/wilson_proj/ros2-rover-ws/install/action_interfaces/lib/python3.10/site-packages/action_interfaces-0.0.0-py3.10.egg-info/PKG-INFO
[3.904s] -- Up-to-date: /home/curry/wilson_proj/ros2-rover-ws/install/action_interfaces/lib/python3.10/site-packages/action_interfaces
[3.905s] -- Up-to-date: /home/curry/wilson_proj/ros2-rover-ws/install/action_interfaces/lib/python3.10/site-packages/action_interfaces/action_interfaces_s__rosidl_typesupport_c.cpython-310-aarch64-linux-gnu.so
[3.905s] -- Up-to-date: /home/curry/wilson_proj/ros2-rover-ws/install/action_interfaces/lib/python3.10/site-packages/action_interfaces/action_interfaces_s__rosidl_typesupport_fastrtps_c.cpython-310-aarch64-linux-gnu.so
[3.906s] -- Up-to-date: /home/curry/wilson_proj/ros2-rover-ws/install/action_interfaces/lib/python3.10/site-packages/action_interfaces/action
[3.906s] -- Up-to-date: /home/curry/wilson_proj/ros2-rover-ws/install/action_interfaces/lib/python3.10/site-packages/action_interfaces/action/_rovercontrol.py
[3.907s] -- Up-to-date: /home/curry/wilson_proj/ros2-rover-ws/install/action_interfaces/lib/python3.10/site-packages/action_interfaces/action/__init__.py
[3.908s] -- Up-to-date: /home/curry/wilson_proj/ros2-rover-ws/install/action_interfaces/lib/python3.10/site-packages/action_interfaces/action/_rovercontrol_s.c
[3.909s] -- Up-to-date: /home/curry/wilson_proj/ros2-rover-ws/install/action_interfaces/lib/python3.10/site-packages/action_interfaces/_action_interfaces_s.ep.rosidl_typesupport_c.c
[3.910s] -- Up-to-date: /home/curry/wilson_proj/ros2-rover-ws/install/action_interfaces/lib/python3.10/site-packages/action_interfaces/_action_interfaces_s.ep.rosidl_typesupport_introspection_c.c
[3.910s] -- Up-to-date: /home/curry/wilson_proj/ros2-rover-ws/install/action_interfaces/lib/python3.10/site-packages/action_interfaces/action_interfaces_s__rosidl_typesupport_introspection_c.cpython-310-aarch64-linux-gnu.so
[3.911s] -- Up-to-date: /home/curry/wilson_proj/ros2-rover-ws/install/action_interfaces/lib/python3.10/site-packages/action_interfaces/__init__.py
[3.911s] -- Up-to-date: /home/curry/wilson_proj/ros2-rover-ws/install/action_interfaces/lib/python3.10/site-packages/action_interfaces/_action_interfaces_s.ep.rosidl_typesupport_fastrtps_c.c
[3.912s] -- Up-to-date: /home/curry/wilson_proj/ros2-rover-ws/install/action_interfaces/lib/python3.10/site-packages/action_interfaces/libaction_interfaces__rosidl_generator_py.so
[4.244s] Listing '/home/curry/wilson_proj/ros2-rover-ws/install/action_interfaces/lib/python3.10/site-packages/action_interfaces'...
[4.245s] Listing '/home/curry/wilson_proj/ros2-rover-ws/install/action_interfaces/lib/python3.10/site-packages/action_interfaces/action'...
[4.293s] -- Up-to-date: /home/curry/wilson_proj/ros2-rover-ws/install/action_interfaces/lib/python3.10/site-packages/action_interfaces/action_interfaces_s__rosidl_typesupport_fastrtps_c.cpython-310-aarch64-linux-gnu.so
[4.296s] -- Up-to-date: /home/curry/wilson_proj/ros2-rover-ws/install/action_interfaces/lib/python3.10/site-packages/action_interfaces/action_interfaces_s__rosidl_typesupport_introspection_c.cpython-310-aarch64-linux-gnu.so
[4.298s] -- Up-to-date: /home/curry/wilson_proj/ros2-rover-ws/install/action_interfaces/lib/python3.10/site-packages/action_interfaces/action_interfaces_s__rosidl_typesupport_c.cpython-310-aarch64-linux-gnu.so
[4.301s] -- Up-to-date: /home/curry/wilson_proj/ros2-rover-ws/install/action_interfaces/lib/libaction_interfaces__rosidl_generator_py.so
[4.303s] -- Up-to-date: /home/curry/wilson_proj/ros2-rover-ws/install/action_interfaces/share/action_interfaces/action/Rovercontrol.idl
[4.304s] -- Up-to-date: /home/curry/wilson_proj/ros2-rover-ws/install/action_interfaces/share/action_interfaces/action/Rovercontrol.action
[4.304s] -- Up-to-date: /home/curry/wilson_proj/ros2-rover-ws/install/action_interfaces/share/ament_index/resource_index/package_run_dependencies/action_interfaces
[4.305s] -- Up-to-date: /home/curry/wilson_proj/ros2-rover-ws/install/action_interfaces/share/ament_index/resource_index/parent_prefix_path/action_interfaces
[4.306s] -- Up-to-date: /home/curry/wilson_proj/ros2-rover-ws/install/action_interfaces/share/action_interfaces/environment/ament_prefix_path.sh
[4.306s] -- Up-to-date: /home/curry/wilson_proj/ros2-rover-ws/install/action_interfaces/share/action_interfaces/environment/ament_prefix_path.dsv
[4.307s] -- Up-to-date: /home/curry/wilson_proj/ros2-rover-ws/install/action_interfaces/share/action_interfaces/environment/path.sh
[4.308s] -- Up-to-date: /home/curry/wilson_proj/ros2-rover-ws/install/action_interfaces/share/action_interfaces/environment/path.dsv
[4.308s] -- Up-to-date: /home/curry/wilson_proj/ros2-rover-ws/install/action_interfaces/share/action_interfaces/local_setup.bash
[4.309s] -- Up-to-date: /home/curry/wilson_proj/ros2-rover-ws/install/action_interfaces/share/action_interfaces/local_setup.sh
[4.318s] -- Up-to-date: /home/curry/wilson_proj/ros2-rover-ws/install/action_interfaces/share/action_interfaces/local_setup.zsh
[4.319s] -- Up-to-date: /home/curry/wilson_proj/ros2-rover-ws/install/action_interfaces/share/action_interfaces/local_setup.dsv
[4.319s] -- Installing: /home/curry/wilson_proj/ros2-rover-ws/install/action_interfaces/share/action_interfaces/package.dsv
[4.321s] -- Up-to-date: /home/curry/wilson_proj/ros2-rover-ws/install/action_interfaces/share/ament_index/resource_index/packages/action_interfaces
[4.322s] -- Up-to-date: /home/curry/wilson_proj/ros2-rover-ws/install/action_interfaces/share/action_interfaces/cmake/export_action_interfaces__rosidl_generator_cExport.cmake
[4.322s] -- Up-to-date: /home/curry/wilson_proj/ros2-rover-ws/install/action_interfaces/share/action_interfaces/cmake/export_action_interfaces__rosidl_generator_cExport-noconfig.cmake
[4.323s] -- Up-to-date: /home/curry/wilson_proj/ros2-rover-ws/install/action_interfaces/share/action_interfaces/cmake/export_action_interfaces__rosidl_typesupport_fastrtps_cExport.cmake
[4.324s] -- Up-to-date: /home/curry/wilson_proj/ros2-rover-ws/install/action_interfaces/share/action_interfaces/cmake/export_action_interfaces__rosidl_typesupport_fastrtps_cExport-noconfig.cmake
[4.331s] -- Up-to-date: /home/curry/wilson_proj/ros2-rover-ws/install/action_interfaces/share/action_interfaces/cmake/action_interfaces__rosidl_typesupport_introspection_cExport.cmake
[4.332s] -- Up-to-date: /home/curry/wilson_proj/ros2-rover-ws/install/action_interfaces/share/action_interfaces/cmake/action_interfaces__rosidl_typesupport_introspection_cExport-noconfig.cmake
[4.333s] -- Up-to-date: /home/curry/wilson_proj/ros2-rover-ws/install/action_interfaces/share/action_interfaces/cmake/action_interfaces__rosidl_typesupport_cExport.cmake
[4.333s] -- Up-to-date: /home/curry/wilson_proj/ros2-rover-ws/install/action_interfaces/share/action_interfaces/cmake/action_interfaces__rosidl_typesupport_cExport-noconfig.cmake
[4.334s] -- Up-to-date: /home/curry/wilson_proj/ros2-rover-ws/install/action_interfaces/share/action_interfaces/cmake/export_action_interfaces__rosidl_generator_cppExport.cmake
[4.335s] -- Up-to-date: /home/curry/wilson_proj/ros2-rover-ws/install/action_interfaces/share/action_interfaces/cmake/export_action_interfaces__rosidl_typesupport_fastrtps_cppExport.cmake
[4.336s] -- Up-to-date: /home/curry/wilson_proj/ros2-rover-ws/install/action_interfaces/share/action_interfaces/cmake/export_action_interfaces__rosidl_typesupport_fastrtps_cppExport-noconfig.cmake
[4.337s] -- Up-to-date: /home/curry/wilson_proj/ros2-rover-ws/install/action_interfaces/share/action_interfaces/cmake/action_interfaces__rosidl_typesupport_introspection_cppExport.cmake
[4.351s] -- Up-to-date: /home/curry/wilson_proj/ros2-rover-ws/install/action_interfaces/share/action_interfaces/cmake/action_interfaces__rosidl_typesupport_introspection_cppExport-noconfig.cmake
[4.352s] -- Up-to-date: /home/curry/wilson_proj/ros2-rover-ws/install/action_interfaces/share/action_interfaces/cmake/action_interfaces__rosidl_typesupport_cppExport.cmake
[4.353s] -- Up-to-date: /home/curry/wilson_proj/ros2-rover-ws/install/action_interfaces/share/action_interfaces/cmake/action_interfaces__rosidl_typesupport_cppExport-noconfig.cmake
[4.354s] -- Up-to-date: /home/curry/wilson_proj/ros2-rover-ws/install/action_interfaces/share/action_interfaces/cmake/export_action_interfaces__rosidl_generator_pyExport.cmake
[4.355s] -- Up-to-date: /home/curry/wilson_proj/ros2-rover-ws/install/action_interfaces/share/action_interfaces/cmake/export_action_interfaces__rosidl_generator_pyExport-noconfig.cmake
[4.355s] -- Up-to-date: /home/curry/wilson_proj/ros2-rover-ws/install/action_interfaces/share/action_interfaces/cmake/rosidl_cmake-extras.cmake
[4.356s] -- Up-to-date: /home/curry/wilson_proj/ros2-rover-ws/install/action_interfaces/share/action_interfaces/cmake/ament_cmake_export_dependencies-extras.cmake
[4.357s] -- Up-to-date: /home/curry/wilson_proj/ros2-rover-ws/install/action_interfaces/share/action_interfaces/cmake/ament_cmake_export_include_directories-extras.cmake
[4.357s] -- Up-to-date: /home/curry/wilson_proj/ros2-rover-ws/install/action_interfaces/share/action_interfaces/cmake/ament_cmake_export_libraries-extras.cmake
[4.358s] -- Up-to-date: /home/curry/wilson_proj/ros2-rover-ws/install/action_interfaces/share/action_interfaces/cmake/ament_cmake_export_targets-extras.cmake
[4.359s] -- Up-to-date: /home/curry/wilson_proj/ros2-rover-ws/install/action_interfaces/share/action_interfaces/cmake/rosidl_cmake_export_typesupport_targets-extras.cmake
[4.359s] -- Up-to-date: /home/curry/wilson_proj/ros2-rover-ws/install/action_interfaces/share/action_interfaces/cmake/rosidl_cmake_export_typesupport_libraries-extras.cmake
[4.360s] -- Up-to-date: /home/curry/wilson_proj/ros2-rover-ws/install/action_interfaces/share/action_interfaces/cmake/action_interfacesConfig.cmake
[4.361s] -- Up-to-date: /home/curry/wilson_proj/ros2-rover-ws/install/action_interfaces/share/action_interfaces/cmake/action_interfacesConfig-version.cmake
[4.361s] -- Up-to-date: /home/curry/wilson_proj/ros2-rover-ws/install/action_interfaces/share/action_interfaces/package.xml
[4.376s] Invoked command in '/home/curry/wilson_proj/ros2-rover-ws/build/action_interfaces' returned '0': CMAKE_PREFIX_PATH=${CMAKE_PREFIX_PATH}:/opt/ros/humble /usr/bin/cmake --install /home/curry/wilson_proj/ros2-rover-ws/build/action_interfaces
