[0.092s] Invoking command in '/home/curry/wilson_proj/ros2-rover-ws/build/package_image_process': CMAKE_PREFIX_PATH=/opt/ros/iron /usr/bin/cmake --build /home/curry/wilson_proj/ros2-rover-ws/build/package_image_process -- -j4 -l4
[0.314s] [100%] Built target node_camera
[0.381s] Invoked command in '/home/curry/wilson_proj/ros2-rover-ws/build/package_image_process' returned '0': CMAKE_PREFIX_PATH=/opt/ros/iron /usr/bin/cmake --build /home/curry/wilson_proj/ros2-rover-ws/build/package_image_process -- -j4 -l4
[0.688s] Invoking command in '/home/curry/wilson_proj/ros2-rover-ws/build/package_image_process': CMAKE_PREFIX_PATH=/opt/ros/iron /usr/bin/cmake --install /home/curry/wilson_proj/ros2-rover-ws/build/package_image_process
[0.738s] -- Install configuration: ""
[0.742s] -- Up-to-date: /home/curry/wilson_proj/ros2-rover-ws/install/package_image_process/lib/package_image_process/node_camera
[0.743s] -- Up-to-date: /home/curry/wilson_proj/ros2-rover-ws/install/package_image_process/share/ament_index/resource_index/package_run_dependencies/package_image_process
[0.744s] -- Up-to-date: /home/curry/wilson_proj/ros2-rover-ws/install/package_image_process/share/ament_index/resource_index/parent_prefix_path/package_image_process
[0.745s] -- Up-to-date: /home/curry/wilson_proj/ros2-rover-ws/install/package_image_process/share/package_image_process/environment/ament_prefix_path.sh
[0.746s] -- Up-to-date: /home/curry/wilson_proj/ros2-rover-ws/install/package_image_process/share/package_image_process/environment/ament_prefix_path.dsv
[0.747s] -- Up-to-date: /home/curry/wilson_proj/ros2-rover-ws/install/package_image_process/share/package_image_process/environment/path.sh
[0.748s] -- Up-to-date: /home/curry/wilson_proj/ros2-rover-ws/install/package_image_process/share/package_image_process/environment/path.dsv
[0.749s] -- Up-to-date: /home/curry/wilson_proj/ros2-rover-ws/install/package_image_process/share/package_image_process/local_setup.bash
[0.750s] -- Up-to-date: /home/curry/wilson_proj/ros2-rover-ws/install/package_image_process/share/package_image_process/local_setup.sh
[0.751s] -- Up-to-date: /home/curry/wilson_proj/ros2-rover-ws/install/package_image_process/share/package_image_process/local_setup.zsh
[0.752s] -- Up-to-date: /home/curry/wilson_proj/ros2-rover-ws/install/package_image_process/share/package_image_process/local_setup.dsv
[0.752s] -- Installing: /home/curry/wilson_proj/ros2-rover-ws/install/package_image_process/share/package_image_process/package.dsv
[0.753s] -- Up-to-date: /home/curry/wilson_proj/ros2-rover-ws/install/package_image_process/share/ament_index/resource_index/packages/package_image_process
[0.753s] -- Up-to-date: /home/curry/wilson_proj/ros2-rover-ws/install/package_image_process/share/package_image_process/cmake/package_image_processConfig.cmake
[0.754s] -- Up-to-date: /home/curry/wilson_proj/ros2-rover-ws/install/package_image_process/share/package_image_process/cmake/package_image_processConfig-version.cmake
[0.765s] -- Up-to-date: /home/curry/wilson_proj/ros2-rover-ws/install/package_image_process/share/package_image_process/package.xml
[0.767s] Invoked command in '/home/curry/wilson_proj/ros2-rover-ws/build/package_image_process' returned '0': CMAKE_PREFIX_PATH=/opt/ros/iron /usr/bin/cmake --install /home/curry/wilson_proj/ros2-rover-ws/build/package_image_process
