[0.118s] Invoking command in '/home/curry/wilson_proj/ros2-rover-ws/build/ifaces_position': CMAKE_PREFIX_PATH=${CMAKE_PREFIX_PATH}:/opt/ros/humble /usr/bin/cmake --build /home/curry/wilson_proj/ros2-rover-ws/build/ifaces_position -- -j4 -l4
[0.570s] [  2%] Built target ifaces_position__cpp
[0.743s] [ 12%] Built target ifaces_position__rosidl_generator_c
[0.845s] [ 23%] Built target ifaces_position__rosidl_typesupport_cpp
[1.068s] [ 33%] Built target ifaces_position__rosidl_typesupport_fastrtps_cpp
[1.091s] [ 33%] Built target ament_cmake_python_copy_ifaces_position
[1.330s] [ 43%] Built target ifaces_position__rosidl_typesupport_introspection_cpp
[1.350s] [ 53%] Built target ifaces_position__rosidl_typesupport_introspection_c
[1.389s] [ 64%] Built target ifaces_position__rosidl_typesupport_fastrtps_c
[1.526s] [ 74%] Built target ifaces_position__rosidl_typesupport_c
[1.863s] [ 74%] Built target ifaces_position
[2.104s] [ 76%] Built target ifaces_position__py
[2.400s] [ 84%] Built target ifaces_position__rosidl_generator_py
[2.829s] [ 89%] Built target ifaces_position__rosidl_typesupport_fastrtps_c__pyext
[2.870s] [ 94%] Built target ifaces_position__rosidl_typesupport_introspection_c__pyext
[2.937s] [100%] Built target ifaces_position__rosidl_typesupport_c__pyext
[4.280s] running egg_info
[4.298s] writing ifaces_position.egg-info/PKG-INFO
[4.306s] writing dependency_links to ifaces_position.egg-info/dependency_links.txt
[4.311s] writing top-level names to ifaces_position.egg-info/top_level.txt
[4.340s] reading manifest file 'ifaces_position.egg-info/SOURCES.txt'
[4.347s] writing manifest file 'ifaces_position.egg-info/SOURCES.txt'
[4.596s] [100%] Built target ament_cmake_python_build_ifaces_position_egg
[4.711s] Invoked command in '/home/curry/wilson_proj/ros2-rover-ws/build/ifaces_position' returned '0': CMAKE_PREFIX_PATH=${CMAKE_PREFIX_PATH}:/opt/ros/humble /usr/bin/cmake --build /home/curry/wilson_proj/ros2-rover-ws/build/ifaces_position -- -j4 -l4
[4.724s] Invoking command in '/home/curry/wilson_proj/ros2-rover-ws/build/ifaces_position': CMAKE_PREFIX_PATH=${CMAKE_PREFIX_PATH}:/opt/ros/humble /usr/bin/cmake --install /home/curry/wilson_proj/ros2-rover-ws/build/ifaces_position
[4.810s] -- Install configuration: ""
[4.811s] -- Up-to-date: /home/curry/wilson_proj/ros2-rover-ws/install/ifaces_position/share/ament_index/resource_index/rosidl_interfaces/ifaces_position
[4.812s] -- Up-to-date: /home/curry/wilson_proj/ros2-rover-ws/install/ifaces_position/include/ifaces_position/ifaces_position
[4.812s] -- Up-to-date: /home/curry/wilson_proj/ros2-rover-ws/install/ifaces_position/include/ifaces_position/ifaces_position/msg
[4.813s] -- Up-to-date: /home/curry/wilson_proj/ros2-rover-ws/install/ifaces_position/include/ifaces_position/ifaces_position/msg/gnss_data.h
[4.813s] -- Up-to-date: /home/curry/wilson_proj/ros2-rover-ws/install/ifaces_position/include/ifaces_position/ifaces_position/msg/detail
[4.814s] -- Up-to-date: /home/curry/wilson_proj/ros2-rover-ws/install/ifaces_position/include/ifaces_position/ifaces_position/msg/detail/gnss_data__functions.h
[4.814s] -- Up-to-date: /home/curry/wilson_proj/ros2-rover-ws/install/ifaces_position/include/ifaces_position/ifaces_position/msg/detail/gnss_data__functions.c
[4.815s] -- Up-to-date: /home/curry/wilson_proj/ros2-rover-ws/install/ifaces_position/include/ifaces_position/ifaces_position/msg/detail/gnss_data__type_support.h
[4.816s] -- Up-to-date: /home/curry/wilson_proj/ros2-rover-ws/install/ifaces_position/include/ifaces_position/ifaces_position/msg/detail/gnss_data__struct.h
[4.817s] -- Up-to-date: /home/curry/wilson_proj/ros2-rover-ws/install/ifaces_position/include/ifaces_position/ifaces_position/msg/rosidl_generator_c__visibility_control.h
[4.825s] -- Up-to-date: /home/curry/wilson_proj/ros2-rover-ws/install/ifaces_position/include/ifaces_position/ifaces_position/srv
[4.826s] -- Up-to-date: /home/curry/wilson_proj/ros2-rover-ws/install/ifaces_position/include/ifaces_position/ifaces_position/srv/detail
[4.826s] -- Up-to-date: /home/curry/wilson_proj/ros2-rover-ws/install/ifaces_position/include/ifaces_position/ifaces_position/srv/detail/des_data__functions.h
[4.827s] -- Up-to-date: /home/curry/wilson_proj/ros2-rover-ws/install/ifaces_position/include/ifaces_position/ifaces_position/srv/detail/des_data__struct.h
[4.828s] -- Up-to-date: /home/curry/wilson_proj/ros2-rover-ws/install/ifaces_position/include/ifaces_position/ifaces_position/srv/detail/des_data__type_support.h
[4.828s] -- Up-to-date: /home/curry/wilson_proj/ros2-rover-ws/install/ifaces_position/include/ifaces_position/ifaces_position/srv/detail/des_data__functions.c
[4.828s] -- Up-to-date: /home/curry/wilson_proj/ros2-rover-ws/install/ifaces_position/include/ifaces_position/ifaces_position/srv/des_data.h
[4.829s] -- Up-to-date: /home/curry/wilson_proj/ros2-rover-ws/install/ifaces_position/share/ifaces_position/environment/library_path.sh
[4.829s] -- Up-to-date: /home/curry/wilson_proj/ros2-rover-ws/install/ifaces_position/share/ifaces_position/environment/library_path.dsv
[4.830s] -- Up-to-date: /home/curry/wilson_proj/ros2-rover-ws/install/ifaces_position/lib/libifaces_position__rosidl_generator_c.so
[4.831s] -- Up-to-date: /home/curry/wilson_proj/ros2-rover-ws/install/ifaces_position/include/ifaces_position/ifaces_position
[4.832s] -- Up-to-date: /home/curry/wilson_proj/ros2-rover-ws/install/ifaces_position/include/ifaces_position/ifaces_position/msg
[4.832s] -- Up-to-date: /home/curry/wilson_proj/ros2-rover-ws/install/ifaces_position/include/ifaces_position/ifaces_position/msg/detail
[4.833s] -- Up-to-date: /home/curry/wilson_proj/ros2-rover-ws/install/ifaces_position/include/ifaces_position/ifaces_position/msg/detail/gnss_data__rosidl_typesupport_fastrtps_c.h
[4.833s] -- Up-to-date: /home/curry/wilson_proj/ros2-rover-ws/install/ifaces_position/include/ifaces_position/ifaces_position/msg/rosidl_typesupport_fastrtps_c__visibility_control.h
[4.837s] -- Up-to-date: /home/curry/wilson_proj/ros2-rover-ws/install/ifaces_position/include/ifaces_position/ifaces_position/srv
[4.839s] -- Up-to-date: /home/curry/wilson_proj/ros2-rover-ws/install/ifaces_position/include/ifaces_position/ifaces_position/srv/detail
[4.839s] -- Up-to-date: /home/curry/wilson_proj/ros2-rover-ws/install/ifaces_position/include/ifaces_position/ifaces_position/srv/detail/des_data__rosidl_typesupport_fastrtps_c.h
[4.840s] -- Up-to-date: /home/curry/wilson_proj/ros2-rover-ws/install/ifaces_position/lib/libifaces_position__rosidl_typesupport_fastrtps_c.so
[4.840s] -- Up-to-date: /home/curry/wilson_proj/ros2-rover-ws/install/ifaces_position/include/ifaces_position/ifaces_position
[4.841s] -- Up-to-date: /home/curry/wilson_proj/ros2-rover-ws/install/ifaces_position/include/ifaces_position/ifaces_position/msg
[4.842s] -- Up-to-date: /home/curry/wilson_proj/ros2-rover-ws/install/ifaces_position/include/ifaces_position/ifaces_position/msg/rosidl_generator_cpp__visibility_control.hpp
[4.842s] -- Up-to-date: /home/curry/wilson_proj/ros2-rover-ws/install/ifaces_position/include/ifaces_position/ifaces_position/msg/detail
[4.842s] -- Up-to-date: /home/curry/wilson_proj/ros2-rover-ws/install/ifaces_position/include/ifaces_position/ifaces_position/msg/detail/gnss_data__traits.hpp
[4.843s] -- Up-to-date: /home/curry/wilson_proj/ros2-rover-ws/install/ifaces_position/include/ifaces_position/ifaces_position/msg/detail/gnss_data__builder.hpp
[4.843s] -- Up-to-date: /home/curry/wilson_proj/ros2-rover-ws/install/ifaces_position/include/ifaces_position/ifaces_position/msg/detail/gnss_data__struct.hpp
[4.844s] -- Up-to-date: /home/curry/wilson_proj/ros2-rover-ws/install/ifaces_position/include/ifaces_position/ifaces_position/msg/detail/gnss_data__type_support.hpp
[4.844s] -- Up-to-date: /home/curry/wilson_proj/ros2-rover-ws/install/ifaces_position/include/ifaces_position/ifaces_position/msg/gnss_data.hpp
[4.845s] -- Up-to-date: /home/curry/wilson_proj/ros2-rover-ws/install/ifaces_position/include/ifaces_position/ifaces_position/srv
[4.845s] -- Up-to-date: /home/curry/wilson_proj/ros2-rover-ws/install/ifaces_position/include/ifaces_position/ifaces_position/srv/des_data.hpp
[4.846s] -- Up-to-date: /home/curry/wilson_proj/ros2-rover-ws/install/ifaces_position/include/ifaces_position/ifaces_position/srv/detail
[4.846s] -- Up-to-date: /home/curry/wilson_proj/ros2-rover-ws/install/ifaces_position/include/ifaces_position/ifaces_position/srv/detail/des_data__traits.hpp
[4.847s] -- Up-to-date: /home/curry/wilson_proj/ros2-rover-ws/install/ifaces_position/include/ifaces_position/ifaces_position/srv/detail/des_data__struct.hpp
[4.848s] -- Up-to-date: /home/curry/wilson_proj/ros2-rover-ws/install/ifaces_position/include/ifaces_position/ifaces_position/srv/detail/des_data__builder.hpp
[4.848s] -- Up-to-date: /home/curry/wilson_proj/ros2-rover-ws/install/ifaces_position/include/ifaces_position/ifaces_position/srv/detail/des_data__type_support.hpp
[4.849s] -- Up-to-date: /home/curry/wilson_proj/ros2-rover-ws/install/ifaces_position/include/ifaces_position/ifaces_position
[4.850s] -- Up-to-date: /home/curry/wilson_proj/ros2-rover-ws/install/ifaces_position/include/ifaces_position/ifaces_position/msg
[4.850s] -- Up-to-date: /home/curry/wilson_proj/ros2-rover-ws/install/ifaces_position/include/ifaces_position/ifaces_position/msg/detail
[4.851s] -- Up-to-date: /home/curry/wilson_proj/ros2-rover-ws/install/ifaces_position/include/ifaces_position/ifaces_position/msg/detail/dds_fastrtps
[4.852s] -- Up-to-date: /home/curry/wilson_proj/ros2-rover-ws/install/ifaces_position/include/ifaces_position/ifaces_position/msg/detail/gnss_data__rosidl_typesupport_fastrtps_cpp.hpp
[4.852s] -- Up-to-date: /home/curry/wilson_proj/ros2-rover-ws/install/ifaces_position/include/ifaces_position/ifaces_position/msg/rosidl_typesupport_fastrtps_cpp__visibility_control.h
[4.853s] -- Up-to-date: /home/curry/wilson_proj/ros2-rover-ws/install/ifaces_position/include/ifaces_position/ifaces_position/srv
[4.853s] -- Up-to-date: /home/curry/wilson_proj/ros2-rover-ws/install/ifaces_position/include/ifaces_position/ifaces_position/srv/detail
[4.854s] -- Up-to-date: /home/curry/wilson_proj/ros2-rover-ws/install/ifaces_position/include/ifaces_position/ifaces_position/srv/detail/dds_fastrtps
[4.855s] -- Up-to-date: /home/curry/wilson_proj/ros2-rover-ws/install/ifaces_position/include/ifaces_position/ifaces_position/srv/detail/des_data__rosidl_typesupport_fastrtps_cpp.hpp
[4.855s] -- Up-to-date: /home/curry/wilson_proj/ros2-rover-ws/install/ifaces_position/lib/libifaces_position__rosidl_typesupport_fastrtps_cpp.so
[4.856s] -- Up-to-date: /home/curry/wilson_proj/ros2-rover-ws/install/ifaces_position/include/ifaces_position/ifaces_position
[4.857s] -- Up-to-date: /home/curry/wilson_proj/ros2-rover-ws/install/ifaces_position/include/ifaces_position/ifaces_position/msg
[4.857s] -- Up-to-date: /home/curry/wilson_proj/ros2-rover-ws/install/ifaces_position/include/ifaces_position/ifaces_position/msg/rosidl_typesupport_introspection_c__visibility_control.h
[4.858s] -- Up-to-date: /home/curry/wilson_proj/ros2-rover-ws/install/ifaces_position/include/ifaces_position/ifaces_position/msg/detail
[4.858s] -- Up-to-date: /home/curry/wilson_proj/ros2-rover-ws/install/ifaces_position/include/ifaces_position/ifaces_position/msg/detail/gnss_data__type_support.c
[4.859s] -- Up-to-date: /home/curry/wilson_proj/ros2-rover-ws/install/ifaces_position/include/ifaces_position/ifaces_position/msg/detail/gnss_data__rosidl_typesupport_introspection_c.h
[4.860s] -- Up-to-date: /home/curry/wilson_proj/ros2-rover-ws/install/ifaces_position/include/ifaces_position/ifaces_position/srv
[4.860s] -- Up-to-date: /home/curry/wilson_proj/ros2-rover-ws/install/ifaces_position/include/ifaces_position/ifaces_position/srv/detail
[4.861s] -- Up-to-date: /home/curry/wilson_proj/ros2-rover-ws/install/ifaces_position/include/ifaces_position/ifaces_position/srv/detail/des_data__rosidl_typesupport_introspection_c.h
[4.862s] -- Up-to-date: /home/curry/wilson_proj/ros2-rover-ws/install/ifaces_position/include/ifaces_position/ifaces_position/srv/detail/des_data__type_support.c
[4.862s] -- Up-to-date: /home/curry/wilson_proj/ros2-rover-ws/install/ifaces_position/lib/libifaces_position__rosidl_typesupport_introspection_c.so
[4.863s] -- Up-to-date: /home/curry/wilson_proj/ros2-rover-ws/install/ifaces_position/lib/libifaces_position__rosidl_typesupport_c.so
[4.864s] -- Up-to-date: /home/curry/wilson_proj/ros2-rover-ws/install/ifaces_position/include/ifaces_position/ifaces_position
[4.865s] -- Up-to-date: /home/curry/wilson_proj/ros2-rover-ws/install/ifaces_position/include/ifaces_position/ifaces_position/msg
[4.865s] -- Up-to-date: /home/curry/wilson_proj/ros2-rover-ws/install/ifaces_position/include/ifaces_position/ifaces_position/msg/detail
[4.866s] -- Up-to-date: /home/curry/wilson_proj/ros2-rover-ws/install/ifaces_position/include/ifaces_position/ifaces_position/msg/detail/gnss_data__type_support.cpp
[4.866s] -- Up-to-date: /home/curry/wilson_proj/ros2-rover-ws/install/ifaces_position/include/ifaces_position/ifaces_position/msg/detail/gnss_data__rosidl_typesupport_introspection_cpp.hpp
[4.867s] -- Up-to-date: /home/curry/wilson_proj/ros2-rover-ws/install/ifaces_position/include/ifaces_position/ifaces_position/srv
[4.867s] -- Up-to-date: /home/curry/wilson_proj/ros2-rover-ws/install/ifaces_position/include/ifaces_position/ifaces_position/srv/detail
[4.868s] -- Up-to-date: /home/curry/wilson_proj/ros2-rover-ws/install/ifaces_position/include/ifaces_position/ifaces_position/srv/detail/des_data__rosidl_typesupport_introspection_cpp.hpp
[4.869s] -- Up-to-date: /home/curry/wilson_proj/ros2-rover-ws/install/ifaces_position/include/ifaces_position/ifaces_position/srv/detail/des_data__type_support.cpp
[4.870s] -- Up-to-date: /home/curry/wilson_proj/ros2-rover-ws/install/ifaces_position/lib/libifaces_position__rosidl_typesupport_introspection_cpp.so
[4.870s] -- Up-to-date: /home/curry/wilson_proj/ros2-rover-ws/install/ifaces_position/lib/libifaces_position__rosidl_typesupport_cpp.so
[4.871s] -- Up-to-date: /home/curry/wilson_proj/ros2-rover-ws/install/ifaces_position/share/ifaces_position/environment/pythonpath.sh
[4.871s] -- Up-to-date: /home/curry/wilson_proj/ros2-rover-ws/install/ifaces_position/share/ifaces_position/environment/pythonpath.dsv
[4.872s] -- Up-to-date: /home/curry/wilson_proj/ros2-rover-ws/install/ifaces_position/local/lib/python3.10/dist-packages/ifaces_position-0.0.0-py3.10.egg-info
[4.872s] -- Installing: /home/curry/wilson_proj/ros2-rover-ws/install/ifaces_position/local/lib/python3.10/dist-packages/ifaces_position-0.0.0-py3.10.egg-info/dependency_links.txt
[4.873s] -- Installing: /home/curry/wilson_proj/ros2-rover-ws/install/ifaces_position/local/lib/python3.10/dist-packages/ifaces_position-0.0.0-py3.10.egg-info/SOURCES.txt
[4.873s] -- Installing: /home/curry/wilson_proj/ros2-rover-ws/install/ifaces_position/local/lib/python3.10/dist-packages/ifaces_position-0.0.0-py3.10.egg-info/top_level.txt
[4.874s] -- Installing: /home/curry/wilson_proj/ros2-rover-ws/install/ifaces_position/local/lib/python3.10/dist-packages/ifaces_position-0.0.0-py3.10.egg-info/PKG-INFO
[4.874s] -- Up-to-date: /home/curry/wilson_proj/ros2-rover-ws/install/ifaces_position/local/lib/python3.10/dist-packages/ifaces_position
[4.875s] -- Up-to-date: /home/curry/wilson_proj/ros2-rover-ws/install/ifaces_position/local/lib/python3.10/dist-packages/ifaces_position/ifaces_position_s__rosidl_typesupport_introspection_c.cpython-310-aarch64-linux-gnu.so
[4.876s] -- Up-to-date: /home/curry/wilson_proj/ros2-rover-ws/install/ifaces_position/local/lib/python3.10/dist-packages/ifaces_position/_ifaces_position_s.ep.rosidl_typesupport_introspection_c.c
[4.876s] -- Up-to-date: /home/curry/wilson_proj/ros2-rover-ws/install/ifaces_position/local/lib/python3.10/dist-packages/ifaces_position/libifaces_position__rosidl_generator_py.so
[4.877s] -- Up-to-date: /home/curry/wilson_proj/ros2-rover-ws/install/ifaces_position/local/lib/python3.10/dist-packages/ifaces_position/msg
[4.877s] -- Up-to-date: /home/curry/wilson_proj/ros2-rover-ws/install/ifaces_position/local/lib/python3.10/dist-packages/ifaces_position/msg/_gnss_data_s.c
[4.877s] -- Up-to-date: /home/curry/wilson_proj/ros2-rover-ws/install/ifaces_position/local/lib/python3.10/dist-packages/ifaces_position/msg/__init__.py
[4.878s] -- Up-to-date: /home/curry/wilson_proj/ros2-rover-ws/install/ifaces_position/local/lib/python3.10/dist-packages/ifaces_position/msg/_gnss_data.py
[4.878s] -- Up-to-date: /home/curry/wilson_proj/ros2-rover-ws/install/ifaces_position/local/lib/python3.10/dist-packages/ifaces_position/srv
[4.879s] -- Up-to-date: /home/curry/wilson_proj/ros2-rover-ws/install/ifaces_position/local/lib/python3.10/dist-packages/ifaces_position/srv/__init__.py
[4.879s] -- Up-to-date: /home/curry/wilson_proj/ros2-rover-ws/install/ifaces_position/local/lib/python3.10/dist-packages/ifaces_position/srv/_des_data.py
[4.879s] -- Up-to-date: /home/curry/wilson_proj/ros2-rover-ws/install/ifaces_position/local/lib/python3.10/dist-packages/ifaces_position/srv/_des_data_s.c
[4.880s] -- Up-to-date: /home/curry/wilson_proj/ros2-rover-ws/install/ifaces_position/local/lib/python3.10/dist-packages/ifaces_position/ifaces_position_s__rosidl_typesupport_fastrtps_c.cpython-310-aarch64-linux-gnu.so
[4.880s] -- Up-to-date: /home/curry/wilson_proj/ros2-rover-ws/install/ifaces_position/local/lib/python3.10/dist-packages/ifaces_position/_ifaces_position_s.ep.rosidl_typesupport_fastrtps_c.c
[4.881s] -- Up-to-date: /home/curry/wilson_proj/ros2-rover-ws/install/ifaces_position/local/lib/python3.10/dist-packages/ifaces_position/__init__.py
[4.881s] -- Up-to-date: /home/curry/wilson_proj/ros2-rover-ws/install/ifaces_position/local/lib/python3.10/dist-packages/ifaces_position/_ifaces_position_s.ep.rosidl_typesupport_c.c
[4.882s] -- Up-to-date: /home/curry/wilson_proj/ros2-rover-ws/install/ifaces_position/local/lib/python3.10/dist-packages/ifaces_position/ifaces_position_s__rosidl_typesupport_c.cpython-310-aarch64-linux-gnu.so
[5.115s] Listing '/home/curry/wilson_proj/ros2-rover-ws/install/ifaces_position/local/lib/python3.10/dist-packages/ifaces_position'...
[5.116s] Listing '/home/curry/wilson_proj/ros2-rover-ws/install/ifaces_position/local/lib/python3.10/dist-packages/ifaces_position/msg'...
[5.117s] Listing '/home/curry/wilson_proj/ros2-rover-ws/install/ifaces_position/local/lib/python3.10/dist-packages/ifaces_position/srv'...
[5.118s] -- Up-to-date: /home/curry/wilson_proj/ros2-rover-ws/install/ifaces_position/local/lib/python3.10/dist-packages/ifaces_position/ifaces_position_s__rosidl_typesupport_fastrtps_c.cpython-310-aarch64-linux-gnu.so
[5.121s] -- Up-to-date: /home/curry/wilson_proj/ros2-rover-ws/install/ifaces_position/local/lib/python3.10/dist-packages/ifaces_position/ifaces_position_s__rosidl_typesupport_introspection_c.cpython-310-aarch64-linux-gnu.so
[5.124s] -- Up-to-date: /home/curry/wilson_proj/ros2-rover-ws/install/ifaces_position/local/lib/python3.10/dist-packages/ifaces_position/ifaces_position_s__rosidl_typesupport_c.cpython-310-aarch64-linux-gnu.so
[5.126s] -- Up-to-date: /home/curry/wilson_proj/ros2-rover-ws/install/ifaces_position/lib/libifaces_position__rosidl_generator_py.so
[5.129s] -- Up-to-date: /home/curry/wilson_proj/ros2-rover-ws/install/ifaces_position/share/ifaces_position/msg/GnssData.idl
[5.132s] -- Up-to-date: /home/curry/wilson_proj/ros2-rover-ws/install/ifaces_position/share/ifaces_position/srv/DesData.idl
[5.133s] -- Up-to-date: /home/curry/wilson_proj/ros2-rover-ws/install/ifaces_position/share/ifaces_position/msg/GnssData.msg
[5.134s] -- Up-to-date: /home/curry/wilson_proj/ros2-rover-ws/install/ifaces_position/share/ifaces_position/srv/DesData.srv
[5.135s] -- Up-to-date: /home/curry/wilson_proj/ros2-rover-ws/install/ifaces_position/share/ifaces_position/srv/DesData_Request.msg
[5.136s] -- Up-to-date: /home/curry/wilson_proj/ros2-rover-ws/install/ifaces_position/share/ifaces_position/srv/DesData_Response.msg
[5.138s] -- Up-to-date: /home/curry/wilson_proj/ros2-rover-ws/install/ifaces_position/share/ament_index/resource_index/package_run_dependencies/ifaces_position
[5.139s] -- Up-to-date: /home/curry/wilson_proj/ros2-rover-ws/install/ifaces_position/share/ament_index/resource_index/parent_prefix_path/ifaces_position
[5.140s] -- Up-to-date: /home/curry/wilson_proj/ros2-rover-ws/install/ifaces_position/share/ifaces_position/environment/ament_prefix_path.sh
[5.141s] -- Up-to-date: /home/curry/wilson_proj/ros2-rover-ws/install/ifaces_position/share/ifaces_position/environment/ament_prefix_path.dsv
[5.142s] -- Up-to-date: /home/curry/wilson_proj/ros2-rover-ws/install/ifaces_position/share/ifaces_position/environment/path.sh
[5.145s] -- Up-to-date: /home/curry/wilson_proj/ros2-rover-ws/install/ifaces_position/share/ifaces_position/environment/path.dsv
[5.146s] -- Up-to-date: /home/curry/wilson_proj/ros2-rover-ws/install/ifaces_position/share/ifaces_position/local_setup.bash
[5.146s] -- Up-to-date: /home/curry/wilson_proj/ros2-rover-ws/install/ifaces_position/share/ifaces_position/local_setup.sh
[5.147s] -- Up-to-date: /home/curry/wilson_proj/ros2-rover-ws/install/ifaces_position/share/ifaces_position/local_setup.zsh
[5.150s] -- Up-to-date: /home/curry/wilson_proj/ros2-rover-ws/install/ifaces_position/share/ifaces_position/local_setup.dsv
[5.151s] -- Installing: /home/curry/wilson_proj/ros2-rover-ws/install/ifaces_position/share/ifaces_position/package.dsv
[5.152s] -- Up-to-date: /home/curry/wilson_proj/ros2-rover-ws/install/ifaces_position/share/ament_index/resource_index/packages/ifaces_position
[5.155s] -- Up-to-date: /home/curry/wilson_proj/ros2-rover-ws/install/ifaces_position/share/ifaces_position/cmake/export_ifaces_position__rosidl_generator_cExport.cmake
[5.157s] -- Up-to-date: /home/curry/wilson_proj/ros2-rover-ws/install/ifaces_position/share/ifaces_position/cmake/export_ifaces_position__rosidl_generator_cExport-noconfig.cmake
[5.158s] -- Up-to-date: /home/curry/wilson_proj/ros2-rover-ws/install/ifaces_position/share/ifaces_position/cmake/export_ifaces_position__rosidl_typesupport_fastrtps_cExport.cmake
[5.158s] -- Up-to-date: /home/curry/wilson_proj/ros2-rover-ws/install/ifaces_position/share/ifaces_position/cmake/export_ifaces_position__rosidl_typesupport_fastrtps_cExport-noconfig.cmake
[5.159s] -- Up-to-date: /home/curry/wilson_proj/ros2-rover-ws/install/ifaces_position/share/ifaces_position/cmake/export_ifaces_position__rosidl_generator_cppExport.cmake
[5.161s] -- Up-to-date: /home/curry/wilson_proj/ros2-rover-ws/install/ifaces_position/share/ifaces_position/cmake/export_ifaces_position__rosidl_typesupport_fastrtps_cppExport.cmake
[5.162s] -- Up-to-date: /home/curry/wilson_proj/ros2-rover-ws/install/ifaces_position/share/ifaces_position/cmake/export_ifaces_position__rosidl_typesupport_fastrtps_cppExport-noconfig.cmake
[5.163s] -- Up-to-date: /home/curry/wilson_proj/ros2-rover-ws/install/ifaces_position/share/ifaces_position/cmake/ifaces_position__rosidl_typesupport_introspection_cExport.cmake
[5.164s] -- Up-to-date: /home/curry/wilson_proj/ros2-rover-ws/install/ifaces_position/share/ifaces_position/cmake/ifaces_position__rosidl_typesupport_introspection_cExport-noconfig.cmake
[5.164s] -- Up-to-date: /home/curry/wilson_proj/ros2-rover-ws/install/ifaces_position/share/ifaces_position/cmake/ifaces_position__rosidl_typesupport_cExport.cmake
[5.165s] -- Up-to-date: /home/curry/wilson_proj/ros2-rover-ws/install/ifaces_position/share/ifaces_position/cmake/ifaces_position__rosidl_typesupport_cExport-noconfig.cmake
[5.167s] -- Up-to-date: /home/curry/wilson_proj/ros2-rover-ws/install/ifaces_position/share/ifaces_position/cmake/ifaces_position__rosidl_typesupport_introspection_cppExport.cmake
[5.167s] -- Up-to-date: /home/curry/wilson_proj/ros2-rover-ws/install/ifaces_position/share/ifaces_position/cmake/ifaces_position__rosidl_typesupport_introspection_cppExport-noconfig.cmake
[5.168s] -- Up-to-date: /home/curry/wilson_proj/ros2-rover-ws/install/ifaces_position/share/ifaces_position/cmake/ifaces_position__rosidl_typesupport_cppExport.cmake
[5.169s] -- Up-to-date: /home/curry/wilson_proj/ros2-rover-ws/install/ifaces_position/share/ifaces_position/cmake/ifaces_position__rosidl_typesupport_cppExport-noconfig.cmake
[5.172s] -- Up-to-date: /home/curry/wilson_proj/ros2-rover-ws/install/ifaces_position/share/ifaces_position/cmake/export_ifaces_position__rosidl_generator_pyExport.cmake
[5.174s] -- Up-to-date: /home/curry/wilson_proj/ros2-rover-ws/install/ifaces_position/share/ifaces_position/cmake/export_ifaces_position__rosidl_generator_pyExport-noconfig.cmake
[5.177s] -- Up-to-date: /home/curry/wilson_proj/ros2-rover-ws/install/ifaces_position/share/ifaces_position/cmake/rosidl_cmake-extras.cmake
[5.178s] -- Up-to-date: /home/curry/wilson_proj/ros2-rover-ws/install/ifaces_position/share/ifaces_position/cmake/ament_cmake_export_dependencies-extras.cmake
[5.179s] -- Up-to-date: /home/curry/wilson_proj/ros2-rover-ws/install/ifaces_position/share/ifaces_position/cmake/ament_cmake_export_include_directories-extras.cmake
[5.179s] -- Up-to-date: /home/curry/wilson_proj/ros2-rover-ws/install/ifaces_position/share/ifaces_position/cmake/ament_cmake_export_libraries-extras.cmake
[5.181s] -- Up-to-date: /home/curry/wilson_proj/ros2-rover-ws/install/ifaces_position/share/ifaces_position/cmake/ament_cmake_export_targets-extras.cmake
[5.182s] -- Up-to-date: /home/curry/wilson_proj/ros2-rover-ws/install/ifaces_position/share/ifaces_position/cmake/rosidl_cmake_export_typesupport_targets-extras.cmake
[5.183s] -- Up-to-date: /home/curry/wilson_proj/ros2-rover-ws/install/ifaces_position/share/ifaces_position/cmake/rosidl_cmake_export_typesupport_libraries-extras.cmake
[5.184s] -- Up-to-date: /home/curry/wilson_proj/ros2-rover-ws/install/ifaces_position/share/ifaces_position/cmake/ifaces_positionConfig.cmake
[5.187s] -- Up-to-date: /home/curry/wilson_proj/ros2-rover-ws/install/ifaces_position/share/ifaces_position/cmake/ifaces_positionConfig-version.cmake
[5.188s] -- Up-to-date: /home/curry/wilson_proj/ros2-rover-ws/install/ifaces_position/share/ifaces_position/package.xml
[5.374s] Invoked command in '/home/curry/wilson_proj/ros2-rover-ws/build/ifaces_position' returned '0': CMAKE_PREFIX_PATH=${CMAKE_PREFIX_PATH}:/opt/ros/humble /usr/bin/cmake --install /home/curry/wilson_proj/ros2-rover-ws/build/ifaces_position
