[0.081s] Invoking command in '/home/curry/wilson_proj/ros2-rover-ws/build/rovercon_msgs': CMAKE_PREFIX_PATH=/opt/ros/humble /usr/bin/cmake /home/curry/wilson_proj/ros2-rover-ws/src/rovercon_msgs -DCMAKE_INSTALL_PREFIX=/home/curry/wilson_proj/ros2-rover-ws/install/rovercon_msgs
[0.325s] -- Found ament_cmake: 1.3.11 (/opt/ros/humble/share/ament_cmake/cmake)
[1.652s] -- Found rosidl_default_generators: 1.2.0 (/opt/ros/humble/share/rosidl_default_generators/cmake)
[1.668s] -- Using all available rosidl_typesupport_c: rosidl_typesupport_fastrtps_c;rosidl_typesupport_introspection_c
[1.721s] -- Found rosidl_adapter: 3.1.6 (/opt/ros/humble/share/rosidl_adapter/cmake)
[2.164s] -- Using all available rosidl_typesupport_cpp: rosidl_typesupport_fastrtps_cpp;rosidl_typesupport_introspection_cpp
[4.862s] -- Found ament_cmake_ros: 0.10.0 (/opt/ros/humble/share/ament_cmake_ros/cmake)
[6.954s] -- Using all available rosidl_typesupport_c: rosidl_typesupport_fastrtps_c;rosidl_typesupport_introspection_c
[9.203s] -- Using all available rosidl_typesupport_cpp: rosidl_typesupport_fastrtps_cpp;rosidl_typesupport_introspection_cpp
[9.460s] -- Found PythonInterp: /usr/bin/python3 (found suitable version "3.10.12", minimum required is "3.6") 
[9.511s] -- Found python_cmake_module: 0.10.0 (/opt/ros/humble/share/python_cmake_module/cmake)
[9.928s] -- Found PythonLibs: /usr/lib/aarch64-linux-gnu/libpython3.10.so (found suitable version "3.10.12", minimum required is "3.5") 
[9.932s] -- Using PYTHON_EXECUTABLE: /usr/bin/python3
[9.939s] -- Using PYTHON_INCLUDE_DIRS: /usr/include/python3.10
[9.941s] -- Using PYTHON_LIBRARIES: /usr/lib/aarch64-linux-gnu/libpython3.10.so
[10.122s] -- Found PythonExtra: .so  
[10.509s] -- Found ament_lint_auto: 0.12.11 (/opt/ros/humble/share/ament_lint_auto/cmake)
[11.251s] -- Added test 'lint_cmake' to check CMake code style
[11.307s] -- Added test 'xmllint' to check XML markup files
[11.370s] -- Configuring done
[11.924s] -- Generating done
[12.025s] -- Build files have been written to: /home/curry/wilson_proj/ros2-rover-ws/build/rovercon_msgs
[12.053s] Invoked command in '/home/curry/wilson_proj/ros2-rover-ws/build/rovercon_msgs' returned '0': CMAKE_PREFIX_PATH=/opt/ros/humble /usr/bin/cmake /home/curry/wilson_proj/ros2-rover-ws/src/rovercon_msgs -DCMAKE_INSTALL_PREFIX=/home/curry/wilson_proj/ros2-rover-ws/install/rovercon_msgs
[12.069s] Invoking command in '/home/curry/wilson_proj/ros2-rover-ws/build/rovercon_msgs': CMAKE_PREFIX_PATH=/opt/ros/humble /usr/bin/cmake --build /home/curry/wilson_proj/ros2-rover-ws/build/rovercon_msgs -- -j4 -l4
[12.447s] [  3%] [34m[1mGenerating C++ code for ROS interfaces[0m
[15.181s] [  3%] Built target rovercon_msgs__cpp
[15.336s] [  3%] Built target ament_cmake_python_copy_rovercon_msgs
[15.410s] [  6%] [34m[1mGenerating C++ type support for eProsima Fast-RTPS[0m
[17.223s] [  9%] [32mBuilding CXX object CMakeFiles/rovercon_msgs__rosidl_typesupport_fastrtps_cpp.dir/rosidl_typesupport_fastrtps_cpp/rovercon_msgs/msg/detail/dds_fastrtps/sub_rocon__type_support.cpp.o[0m
[21.817s] [ 12%] [32m[1mLinking CXX shared library librovercon_msgs__rosidl_typesupport_fastrtps_cpp.so[0m
[22.568s] [ 12%] Built target rovercon_msgs__rosidl_typesupport_fastrtps_cpp
[22.634s] [ 16%] [34m[1mGenerating C++ introspection for ROS interfaces[0m
[24.710s] [ 19%] [32mBuilding CXX object CMakeFiles/rovercon_msgs__rosidl_typesupport_introspection_cpp.dir/rosidl_typesupport_introspection_cpp/rovercon_msgs/msg/detail/sub_rocon__type_support.cpp.o[0m
[27.984s] [ 22%] [32m[1mLinking CXX shared library librovercon_msgs__rosidl_typesupport_introspection_cpp.so[0m
[28.288s] [ 22%] Built target rovercon_msgs__rosidl_typesupport_introspection_cpp
[31.031s] running egg_info
[31.035s] creating rovercon_msgs.egg-info
[31.036s] writing rovercon_msgs.egg-info/PKG-INFO
[31.038s] writing dependency_links to rovercon_msgs.egg-info/dependency_links.txt
[31.040s] writing top-level names to rovercon_msgs.egg-info/top_level.txt
[31.045s] writing manifest file 'rovercon_msgs.egg-info/SOURCES.txt'
[31.057s] reading manifest file 'rovercon_msgs.egg-info/SOURCES.txt'
[31.063s] writing manifest file 'rovercon_msgs.egg-info/SOURCES.txt'
[31.324s] [ 22%] Built target ament_cmake_python_build_rovercon_msgs_egg
[31.412s] [ 25%] [34m[1mGenerating C++ type support dispatch for ROS interfaces[0m
[33.210s] [ 29%] [32mBuilding CXX object CMakeFiles/rovercon_msgs__rosidl_typesupport_cpp.dir/rosidl_typesupport_cpp/rovercon_msgs/msg/sub_rocon__type_support.cpp.o[0m
[36.077s] [ 32%] [32m[1mLinking CXX shared library librovercon_msgs__rosidl_typesupport_cpp.so[0m
[36.359s] [ 32%] Built target rovercon_msgs__rosidl_typesupport_cpp
[36.428s] [ 35%] [34m[1mGenerating C code for ROS interfaces[0m
[38.889s] [ 38%] [32mBuilding C object CMakeFiles/rovercon_msgs__rosidl_generator_c.dir/rosidl_generator_c/rovercon_msgs/msg/detail/sub_rocon__functions.c.o[0m
[40.100s] [ 41%] [32m[1mLinking C shared library librovercon_msgs__rosidl_generator_c.so[0m
[40.403s] [ 41%] Built target rovercon_msgs__rosidl_generator_c
[40.473s] [ 45%] [34m[1mGenerating C type support for eProsima Fast-RTPS[0m
[42.361s] [ 48%] [32mBuilding CXX object CMakeFiles/rovercon_msgs__rosidl_typesupport_fastrtps_c.dir/rosidl_typesupport_fastrtps_c/rovercon_msgs/msg/detail/sub_rocon__type_support_c.cpp.o[0m
[45.352s] [ 51%] [32m[1mLinking CXX shared library librovercon_msgs__rosidl_typesupport_fastrtps_c.so[0m
[45.766s] [ 51%] Built target rovercon_msgs__rosidl_typesupport_fastrtps_c
[45.834s] [ 54%] [34m[1mGenerating C type support dispatch for ROS interfaces[0m
[47.678s] [ 58%] [32mBuilding CXX object CMakeFiles/rovercon_msgs__rosidl_typesupport_c.dir/rosidl_typesupport_c/rovercon_msgs/msg/sub_rocon__type_support.cpp.o[0m
[47.993s] [ 61%] [32m[1mLinking CXX shared library librovercon_msgs__rosidl_typesupport_c.so[0m
[48.320s] [ 61%] Built target rovercon_msgs__rosidl_typesupport_c
[48.396s] [ 64%] [34m[1mGenerating C introspection for ROS interfaces[0m
[50.257s] [ 67%] [32mBuilding C object CMakeFiles/rovercon_msgs__rosidl_typesupport_introspection_c.dir/rosidl_typesupport_introspection_c/rovercon_msgs/msg/detail/sub_rocon__type_support.c.o[0m
[50.569s] [ 70%] [32m[1mLinking C shared library librovercon_msgs__rosidl_typesupport_introspection_c.so[0m
[50.778s] [ 70%] Built target rovercon_msgs__rosidl_typesupport_introspection_c
[50.917s] [ 70%] Built target rovercon_msgs
[51.061s] [ 74%] [34m[1mGenerating Python code for ROS interfaces[0m
[53.552s] [ 74%] Built target rovercon_msgs__py
[53.685s] [ 77%] [32mBuilding C object CMakeFiles/rovercon_msgs__rosidl_generator_py.dir/rosidl_generator_py/rovercon_msgs/msg/_sub_rocon_s.c.o[0m
[56.026s] [ 80%] [32m[1mLinking C shared library rosidl_generator_py/rovercon_msgs/librovercon_msgs__rosidl_generator_py.so[0m
[56.370s] [ 80%] Built target rovercon_msgs__rosidl_generator_py
[56.515s] [ 83%] [32mBuilding C object CMakeFiles/rovercon_msgs__rosidl_typesupport_fastrtps_c__pyext.dir/rosidl_generator_py/rovercon_msgs/_rovercon_msgs_s.ep.rosidl_typesupport_fastrtps_c.c.o[0m
[57.264s] [ 87%] [32m[1mLinking C shared library rosidl_generator_py/rovercon_msgs/rovercon_msgs_s__rosidl_typesupport_fastrtps_c.cpython-310-aarch64-linux-gnu.so[0m
[57.559s] [ 87%] Built target rovercon_msgs__rosidl_typesupport_fastrtps_c__pyext
[57.700s] [ 90%] [32mBuilding C object CMakeFiles/rovercon_msgs__rosidl_typesupport_c__pyext.dir/rosidl_generator_py/rovercon_msgs/_rovercon_msgs_s.ep.rosidl_typesupport_c.c.o[0m
[58.363s] [ 93%] [32m[1mLinking C shared library rosidl_generator_py/rovercon_msgs/rovercon_msgs_s__rosidl_typesupport_c.cpython-310-aarch64-linux-gnu.so[0m
[58.605s] [ 93%] Built target rovercon_msgs__rosidl_typesupport_c__pyext
[58.742s] [ 96%] [32mBuilding C object CMakeFiles/rovercon_msgs__rosidl_typesupport_introspection_c__pyext.dir/rosidl_generator_py/rovercon_msgs/_rovercon_msgs_s.ep.rosidl_typesupport_introspection_c.c.o[0m
[59.464s] [100%] [32m[1mLinking C shared library rosidl_generator_py/rovercon_msgs/rovercon_msgs_s__rosidl_typesupport_introspection_c.cpython-310-aarch64-linux-gnu.so[0m
[59.733s] [100%] Built target rovercon_msgs__rosidl_typesupport_introspection_c__pyext
