[0.019s] Invoking command in '/home/yupi/rover_proj/ros2-base-ws/build/action_interfaces': CMAKE_PREFIX_PATH=${CMAKE_PREFIX_PATH}:/opt/ros/humble /usr/bin/cmake --build /home/yupi/rover_proj/ros2-base-ws/build/action_interfaces -- -j4 -l4
[0.090s] [  9%] Built target action_interfaces__rosidl_generator_c
[0.092s] [ 12%] Built target action_interfaces__cpp
[0.093s] [ 12%] Built target ament_cmake_python_copy_action_interfaces
[0.118s] [ 22%] Built target action_interfaces__rosidl_typesupport_fastrtps_c
[0.124s] [ 32%] Built target action_interfaces__rosidl_typesupport_c
[0.125s] [ 41%] Built target action_interfaces__rosidl_typesupport_fastrtps_cpp
[0.126s] [ 51%] Built target action_interfaces__rosidl_typesupport_introspection_c
[0.146s] [ 61%] Built target action_interfaces__rosidl_typesupport_introspection_cpp
[0.150s] [ 70%] Built target action_interfaces__rosidl_typesupport_cpp
[0.172s] [ 70%] Built target action_interfaces
[0.192s] [ 74%] Built target action_interfaces__py
[0.215s] [ 80%] Built target action_interfaces__rosidl_generator_py
[0.245s] [ 87%] Built target action_interfaces__rosidl_typesupport_introspection_c__pyext
[0.245s] [ 93%] Built target action_interfaces__rosidl_typesupport_fastrtps_c__pyext
[0.247s] [100%] Built target action_interfaces__rosidl_typesupport_c__pyext
[0.368s] running egg_info
[0.369s] writing action_interfaces.egg-info/PKG-INFO
[0.369s] writing dependency_links to action_interfaces.egg-info/dependency_links.txt
[0.370s] writing top-level names to action_interfaces.egg-info/top_level.txt
[0.372s] reading manifest file 'action_interfaces.egg-info/SOURCES.txt'
[0.372s] writing manifest file 'action_interfaces.egg-info/SOURCES.txt'
[0.395s] [100%] Built target ament_cmake_python_build_action_interfaces_egg
[0.407s] Invoked command in '/home/yupi/rover_proj/ros2-base-ws/build/action_interfaces' returned '0': CMAKE_PREFIX_PATH=${CMAKE_PREFIX_PATH}:/opt/ros/humble /usr/bin/cmake --build /home/yupi/rover_proj/ros2-base-ws/build/action_interfaces -- -j4 -l4
[0.466s] Invoking command in '/home/yupi/rover_proj/ros2-base-ws/build/action_interfaces': CMAKE_PREFIX_PATH=${CMAKE_PREFIX_PATH}:/opt/ros/humble /usr/bin/cmake --install /home/yupi/rover_proj/ros2-base-ws/build/action_interfaces
[0.474s] -- Install configuration: ""
[0.474s] -- Up-to-date: /home/yupi/rover_proj/ros2-base-ws/install/action_interfaces/share/ament_index/resource_index/rosidl_interfaces/action_interfaces
[0.474s] -- Up-to-date: /home/yupi/rover_proj/ros2-base-ws/install/action_interfaces/include/action_interfaces/action_interfaces
[0.474s] -- Up-to-date: /home/yupi/rover_proj/ros2-base-ws/install/action_interfaces/include/action_interfaces/action_interfaces/action
[0.475s] -- Up-to-date: /home/yupi/rover_proj/ros2-base-ws/install/action_interfaces/include/action_interfaces/action_interfaces/action/rovercontrol.h
[0.475s] -- Up-to-date: /home/yupi/rover_proj/ros2-base-ws/install/action_interfaces/include/action_interfaces/action_interfaces/action/detail
[0.475s] -- Up-to-date: /home/yupi/rover_proj/ros2-base-ws/install/action_interfaces/include/action_interfaces/action_interfaces/action/detail/rovercontrol__struct.h
[0.475s] -- Up-to-date: /home/yupi/rover_proj/ros2-base-ws/install/action_interfaces/include/action_interfaces/action_interfaces/action/detail/rovercontrol__functions.h
[0.475s] -- Up-to-date: /home/yupi/rover_proj/ros2-base-ws/install/action_interfaces/include/action_interfaces/action_interfaces/action/detail/rovercontrol__type_support.h
[0.475s] -- Up-to-date: /home/yupi/rover_proj/ros2-base-ws/install/action_interfaces/include/action_interfaces/action_interfaces/action/detail/rovercontrol__functions.c
[0.475s] -- Up-to-date: /home/yupi/rover_proj/ros2-base-ws/install/action_interfaces/include/action_interfaces/action_interfaces/msg
[0.475s] -- Up-to-date: /home/yupi/rover_proj/ros2-base-ws/install/action_interfaces/include/action_interfaces/action_interfaces/msg/rosidl_generator_c__visibility_control.h
[0.475s] -- Up-to-date: /home/yupi/rover_proj/ros2-base-ws/install/action_interfaces/share/action_interfaces/environment/library_path.sh
[0.475s] -- Up-to-date: /home/yupi/rover_proj/ros2-base-ws/install/action_interfaces/share/action_interfaces/environment/library_path.dsv
[0.475s] -- Up-to-date: /home/yupi/rover_proj/ros2-base-ws/install/action_interfaces/lib/libaction_interfaces__rosidl_generator_c.so
[0.475s] -- Up-to-date: /home/yupi/rover_proj/ros2-base-ws/install/action_interfaces/include/action_interfaces/action_interfaces
[0.475s] -- Up-to-date: /home/yupi/rover_proj/ros2-base-ws/install/action_interfaces/include/action_interfaces/action_interfaces/action
[0.475s] -- Up-to-date: /home/yupi/rover_proj/ros2-base-ws/install/action_interfaces/include/action_interfaces/action_interfaces/action/detail
[0.475s] -- Up-to-date: /home/yupi/rover_proj/ros2-base-ws/install/action_interfaces/include/action_interfaces/action_interfaces/action/detail/rovercontrol__rosidl_typesupport_fastrtps_c.h
[0.475s] -- Up-to-date: /home/yupi/rover_proj/ros2-base-ws/install/action_interfaces/include/action_interfaces/action_interfaces/msg
[0.476s] -- Up-to-date: /home/yupi/rover_proj/ros2-base-ws/install/action_interfaces/include/action_interfaces/action_interfaces/msg/rosidl_typesupport_fastrtps_c__visibility_control.h
[0.476s] -- Up-to-date: /home/yupi/rover_proj/ros2-base-ws/install/action_interfaces/lib/libaction_interfaces__rosidl_typesupport_fastrtps_c.so
[0.476s] -- Up-to-date: /home/yupi/rover_proj/ros2-base-ws/install/action_interfaces/include/action_interfaces/action_interfaces
[0.476s] -- Up-to-date: /home/yupi/rover_proj/ros2-base-ws/install/action_interfaces/include/action_interfaces/action_interfaces/action
[0.476s] -- Up-to-date: /home/yupi/rover_proj/ros2-base-ws/install/action_interfaces/include/action_interfaces/action_interfaces/action/detail
[0.476s] -- Up-to-date: /home/yupi/rover_proj/ros2-base-ws/install/action_interfaces/include/action_interfaces/action_interfaces/action/detail/rovercontrol__rosidl_typesupport_introspection_c.h
[0.476s] -- Up-to-date: /home/yupi/rover_proj/ros2-base-ws/install/action_interfaces/include/action_interfaces/action_interfaces/action/detail/rovercontrol__type_support.c
[0.476s] -- Up-to-date: /home/yupi/rover_proj/ros2-base-ws/install/action_interfaces/include/action_interfaces/action_interfaces/msg
[0.476s] -- Up-to-date: /home/yupi/rover_proj/ros2-base-ws/install/action_interfaces/include/action_interfaces/action_interfaces/msg/rosidl_typesupport_introspection_c__visibility_control.h
[0.476s] -- Up-to-date: /home/yupi/rover_proj/ros2-base-ws/install/action_interfaces/lib/libaction_interfaces__rosidl_typesupport_introspection_c.so
[0.476s] -- Up-to-date: /home/yupi/rover_proj/ros2-base-ws/install/action_interfaces/lib/libaction_interfaces__rosidl_typesupport_c.so
[0.476s] -- Up-to-date: /home/yupi/rover_proj/ros2-base-ws/install/action_interfaces/include/action_interfaces/action_interfaces
[0.476s] -- Up-to-date: /home/yupi/rover_proj/ros2-base-ws/install/action_interfaces/include/action_interfaces/action_interfaces/action
[0.477s] -- Up-to-date: /home/yupi/rover_proj/ros2-base-ws/install/action_interfaces/include/action_interfaces/action_interfaces/action/rovercontrol.hpp
[0.477s] -- Up-to-date: /home/yupi/rover_proj/ros2-base-ws/install/action_interfaces/include/action_interfaces/action_interfaces/action/detail
[0.477s] -- Up-to-date: /home/yupi/rover_proj/ros2-base-ws/install/action_interfaces/include/action_interfaces/action_interfaces/action/detail/rovercontrol__struct.hpp
[0.477s] -- Up-to-date: /home/yupi/rover_proj/ros2-base-ws/install/action_interfaces/include/action_interfaces/action_interfaces/action/detail/rovercontrol__builder.hpp
[0.477s] -- Up-to-date: /home/yupi/rover_proj/ros2-base-ws/install/action_interfaces/include/action_interfaces/action_interfaces/action/detail/rovercontrol__traits.hpp
[0.477s] -- Up-to-date: /home/yupi/rover_proj/ros2-base-ws/install/action_interfaces/include/action_interfaces/action_interfaces
[0.477s] -- Up-to-date: /home/yupi/rover_proj/ros2-base-ws/install/action_interfaces/include/action_interfaces/action_interfaces/action
[0.477s] -- Up-to-date: /home/yupi/rover_proj/ros2-base-ws/install/action_interfaces/include/action_interfaces/action_interfaces/action/detail
[0.477s] -- Up-to-date: /home/yupi/rover_proj/ros2-base-ws/install/action_interfaces/include/action_interfaces/action_interfaces/action/detail/rovercontrol__rosidl_typesupport_fastrtps_cpp.hpp
[0.477s] -- Up-to-date: /home/yupi/rover_proj/ros2-base-ws/install/action_interfaces/include/action_interfaces/action_interfaces/action/detail/dds_fastrtps
[0.477s] -- Up-to-date: /home/yupi/rover_proj/ros2-base-ws/install/action_interfaces/include/action_interfaces/action_interfaces/msg
[0.477s] -- Up-to-date: /home/yupi/rover_proj/ros2-base-ws/install/action_interfaces/include/action_interfaces/action_interfaces/msg/rosidl_typesupport_fastrtps_cpp__visibility_control.h
[0.477s] -- Up-to-date: /home/yupi/rover_proj/ros2-base-ws/install/action_interfaces/lib/libaction_interfaces__rosidl_typesupport_fastrtps_cpp.so
[0.477s] -- Up-to-date: /home/yupi/rover_proj/ros2-base-ws/install/action_interfaces/include/action_interfaces/action_interfaces
[0.477s] -- Up-to-date: /home/yupi/rover_proj/ros2-base-ws/install/action_interfaces/include/action_interfaces/action_interfaces/action
[0.477s] -- Up-to-date: /home/yupi/rover_proj/ros2-base-ws/install/action_interfaces/include/action_interfaces/action_interfaces/action/detail
[0.478s] -- Up-to-date: /home/yupi/rover_proj/ros2-base-ws/install/action_interfaces/include/action_interfaces/action_interfaces/action/detail/rovercontrol__rosidl_typesupport_introspection_cpp.hpp
[0.478s] -- Up-to-date: /home/yupi/rover_proj/ros2-base-ws/install/action_interfaces/include/action_interfaces/action_interfaces/action/detail/rovercontrol__type_support.cpp
[0.478s] -- Up-to-date: /home/yupi/rover_proj/ros2-base-ws/install/action_interfaces/lib/libaction_interfaces__rosidl_typesupport_introspection_cpp.so
[0.478s] -- Up-to-date: /home/yupi/rover_proj/ros2-base-ws/install/action_interfaces/lib/libaction_interfaces__rosidl_typesupport_cpp.so
[0.478s] -- Up-to-date: /home/yupi/rover_proj/ros2-base-ws/install/action_interfaces/share/action_interfaces/environment/pythonpath.sh
[0.478s] -- Up-to-date: /home/yupi/rover_proj/ros2-base-ws/install/action_interfaces/share/action_interfaces/environment/pythonpath.dsv
[0.478s] -- Up-to-date: /home/yupi/rover_proj/ros2-base-ws/install/action_interfaces/local/lib/python3.10/dist-packages/action_interfaces-0.0.0-py3.10.egg-info
[0.478s] -- Installing: /home/yupi/rover_proj/ros2-base-ws/install/action_interfaces/local/lib/python3.10/dist-packages/action_interfaces-0.0.0-py3.10.egg-info/dependency_links.txt
[0.478s] -- Installing: /home/yupi/rover_proj/ros2-base-ws/install/action_interfaces/local/lib/python3.10/dist-packages/action_interfaces-0.0.0-py3.10.egg-info/PKG-INFO
[0.478s] -- Installing: /home/yupi/rover_proj/ros2-base-ws/install/action_interfaces/local/lib/python3.10/dist-packages/action_interfaces-0.0.0-py3.10.egg-info/top_level.txt
[0.478s] -- Installing: /home/yupi/rover_proj/ros2-base-ws/install/action_interfaces/local/lib/python3.10/dist-packages/action_interfaces-0.0.0-py3.10.egg-info/SOURCES.txt
[0.479s] -- Up-to-date: /home/yupi/rover_proj/ros2-base-ws/install/action_interfaces/local/lib/python3.10/dist-packages/action_interfaces
[0.479s] -- Up-to-date: /home/yupi/rover_proj/ros2-base-ws/install/action_interfaces/local/lib/python3.10/dist-packages/action_interfaces/action_interfaces_s__rosidl_typesupport_c.cpython-310-x86_64-linux-gnu.so
[0.479s] -- Up-to-date: /home/yupi/rover_proj/ros2-base-ws/install/action_interfaces/local/lib/python3.10/dist-packages/action_interfaces/_action_interfaces_s.ep.rosidl_typesupport_fastrtps_c.c
[0.479s] -- Up-to-date: /home/yupi/rover_proj/ros2-base-ws/install/action_interfaces/local/lib/python3.10/dist-packages/action_interfaces/libaction_interfaces__rosidl_generator_py.so
[0.479s] -- Up-to-date: /home/yupi/rover_proj/ros2-base-ws/install/action_interfaces/local/lib/python3.10/dist-packages/action_interfaces/_action_interfaces_s.ep.rosidl_typesupport_introspection_c.c
[0.479s] -- Up-to-date: /home/yupi/rover_proj/ros2-base-ws/install/action_interfaces/local/lib/python3.10/dist-packages/action_interfaces/action
[0.479s] -- Up-to-date: /home/yupi/rover_proj/ros2-base-ws/install/action_interfaces/local/lib/python3.10/dist-packages/action_interfaces/action/_rovercontrol.py
[0.479s] -- Up-to-date: /home/yupi/rover_proj/ros2-base-ws/install/action_interfaces/local/lib/python3.10/dist-packages/action_interfaces/action/_rovercontrol_s.c
[0.479s] -- Up-to-date: /home/yupi/rover_proj/ros2-base-ws/install/action_interfaces/local/lib/python3.10/dist-packages/action_interfaces/action/__init__.py
[0.479s] -- Up-to-date: /home/yupi/rover_proj/ros2-base-ws/install/action_interfaces/local/lib/python3.10/dist-packages/action_interfaces/__init__.py
[0.479s] -- Up-to-date: /home/yupi/rover_proj/ros2-base-ws/install/action_interfaces/local/lib/python3.10/dist-packages/action_interfaces/action_interfaces_s__rosidl_typesupport_fastrtps_c.cpython-310-x86_64-linux-gnu.so
[0.479s] -- Up-to-date: /home/yupi/rover_proj/ros2-base-ws/install/action_interfaces/local/lib/python3.10/dist-packages/action_interfaces/action_interfaces_s__rosidl_typesupport_introspection_c.cpython-310-x86_64-linux-gnu.so
[0.479s] -- Up-to-date: /home/yupi/rover_proj/ros2-base-ws/install/action_interfaces/local/lib/python3.10/dist-packages/action_interfaces/_action_interfaces_s.ep.rosidl_typesupport_c.c
[0.508s] Listing '/home/yupi/rover_proj/ros2-base-ws/install/action_interfaces/local/lib/python3.10/dist-packages/action_interfaces'...
[0.508s] Listing '/home/yupi/rover_proj/ros2-base-ws/install/action_interfaces/local/lib/python3.10/dist-packages/action_interfaces/action'...
[0.512s] -- Up-to-date: /home/yupi/rover_proj/ros2-base-ws/install/action_interfaces/local/lib/python3.10/dist-packages/action_interfaces/action_interfaces_s__rosidl_typesupport_fastrtps_c.cpython-310-x86_64-linux-gnu.so
[0.512s] -- Up-to-date: /home/yupi/rover_proj/ros2-base-ws/install/action_interfaces/local/lib/python3.10/dist-packages/action_interfaces/action_interfaces_s__rosidl_typesupport_introspection_c.cpython-310-x86_64-linux-gnu.so
[0.512s] -- Up-to-date: /home/yupi/rover_proj/ros2-base-ws/install/action_interfaces/local/lib/python3.10/dist-packages/action_interfaces/action_interfaces_s__rosidl_typesupport_c.cpython-310-x86_64-linux-gnu.so
[0.513s] -- Up-to-date: /home/yupi/rover_proj/ros2-base-ws/install/action_interfaces/lib/libaction_interfaces__rosidl_generator_py.so
[0.513s] -- Up-to-date: /home/yupi/rover_proj/ros2-base-ws/install/action_interfaces/share/action_interfaces/action/Rovercontrol.idl
[0.513s] -- Up-to-date: /home/yupi/rover_proj/ros2-base-ws/install/action_interfaces/share/action_interfaces/action/Rovercontrol.action
[0.513s] -- Up-to-date: /home/yupi/rover_proj/ros2-base-ws/install/action_interfaces/share/ament_index/resource_index/package_run_dependencies/action_interfaces
[0.513s] -- Up-to-date: /home/yupi/rover_proj/ros2-base-ws/install/action_interfaces/share/ament_index/resource_index/parent_prefix_path/action_interfaces
[0.513s] -- Up-to-date: /home/yupi/rover_proj/ros2-base-ws/install/action_interfaces/share/action_interfaces/environment/ament_prefix_path.sh
[0.513s] -- Up-to-date: /home/yupi/rover_proj/ros2-base-ws/install/action_interfaces/share/action_interfaces/environment/ament_prefix_path.dsv
[0.513s] -- Up-to-date: /home/yupi/rover_proj/ros2-base-ws/install/action_interfaces/share/action_interfaces/environment/path.sh
[0.513s] -- Up-to-date: /home/yupi/rover_proj/ros2-base-ws/install/action_interfaces/share/action_interfaces/environment/path.dsv
[0.514s] -- Up-to-date: /home/yupi/rover_proj/ros2-base-ws/install/action_interfaces/share/action_interfaces/local_setup.bash
[0.514s] -- Up-to-date: /home/yupi/rover_proj/ros2-base-ws/install/action_interfaces/share/action_interfaces/local_setup.sh
[0.514s] -- Up-to-date: /home/yupi/rover_proj/ros2-base-ws/install/action_interfaces/share/action_interfaces/local_setup.zsh
[0.514s] -- Up-to-date: /home/yupi/rover_proj/ros2-base-ws/install/action_interfaces/share/action_interfaces/local_setup.dsv
[0.514s] -- Installing: /home/yupi/rover_proj/ros2-base-ws/install/action_interfaces/share/action_interfaces/package.dsv
[0.514s] -- Up-to-date: /home/yupi/rover_proj/ros2-base-ws/install/action_interfaces/share/ament_index/resource_index/packages/action_interfaces
[0.514s] -- Up-to-date: /home/yupi/rover_proj/ros2-base-ws/install/action_interfaces/share/action_interfaces/cmake/export_action_interfaces__rosidl_generator_cExport.cmake
[0.514s] -- Up-to-date: /home/yupi/rover_proj/ros2-base-ws/install/action_interfaces/share/action_interfaces/cmake/export_action_interfaces__rosidl_generator_cExport-noconfig.cmake
[0.514s] -- Up-to-date: /home/yupi/rover_proj/ros2-base-ws/install/action_interfaces/share/action_interfaces/cmake/export_action_interfaces__rosidl_typesupport_fastrtps_cExport.cmake
[0.514s] -- Up-to-date: /home/yupi/rover_proj/ros2-base-ws/install/action_interfaces/share/action_interfaces/cmake/export_action_interfaces__rosidl_typesupport_fastrtps_cExport-noconfig.cmake
[0.514s] -- Up-to-date: /home/yupi/rover_proj/ros2-base-ws/install/action_interfaces/share/action_interfaces/cmake/action_interfaces__rosidl_typesupport_introspection_cExport.cmake
[0.514s] -- Up-to-date: /home/yupi/rover_proj/ros2-base-ws/install/action_interfaces/share/action_interfaces/cmake/action_interfaces__rosidl_typesupport_introspection_cExport-noconfig.cmake
[0.514s] -- Up-to-date: /home/yupi/rover_proj/ros2-base-ws/install/action_interfaces/share/action_interfaces/cmake/action_interfaces__rosidl_typesupport_cExport.cmake
[0.514s] -- Up-to-date: /home/yupi/rover_proj/ros2-base-ws/install/action_interfaces/share/action_interfaces/cmake/action_interfaces__rosidl_typesupport_cExport-noconfig.cmake
[0.515s] -- Up-to-date: /home/yupi/rover_proj/ros2-base-ws/install/action_interfaces/share/action_interfaces/cmake/export_action_interfaces__rosidl_generator_cppExport.cmake
[0.515s] -- Up-to-date: /home/yupi/rover_proj/ros2-base-ws/install/action_interfaces/share/action_interfaces/cmake/export_action_interfaces__rosidl_typesupport_fastrtps_cppExport.cmake
[0.515s] -- Up-to-date: /home/yupi/rover_proj/ros2-base-ws/install/action_interfaces/share/action_interfaces/cmake/export_action_interfaces__rosidl_typesupport_fastrtps_cppExport-noconfig.cmake
[0.515s] -- Up-to-date: /home/yupi/rover_proj/ros2-base-ws/install/action_interfaces/share/action_interfaces/cmake/action_interfaces__rosidl_typesupport_introspection_cppExport.cmake
[0.515s] -- Up-to-date: /home/yupi/rover_proj/ros2-base-ws/install/action_interfaces/share/action_interfaces/cmake/action_interfaces__rosidl_typesupport_introspection_cppExport-noconfig.cmake
[0.515s] -- Up-to-date: /home/yupi/rover_proj/ros2-base-ws/install/action_interfaces/share/action_interfaces/cmake/action_interfaces__rosidl_typesupport_cppExport.cmake
[0.515s] -- Up-to-date: /home/yupi/rover_proj/ros2-base-ws/install/action_interfaces/share/action_interfaces/cmake/action_interfaces__rosidl_typesupport_cppExport-noconfig.cmake
[0.515s] -- Up-to-date: /home/yupi/rover_proj/ros2-base-ws/install/action_interfaces/share/action_interfaces/cmake/export_action_interfaces__rosidl_generator_pyExport.cmake
[0.515s] -- Up-to-date: /home/yupi/rover_proj/ros2-base-ws/install/action_interfaces/share/action_interfaces/cmake/export_action_interfaces__rosidl_generator_pyExport-noconfig.cmake
[0.515s] -- Up-to-date: /home/yupi/rover_proj/ros2-base-ws/install/action_interfaces/share/action_interfaces/cmake/rosidl_cmake-extras.cmake
[0.515s] -- Up-to-date: /home/yupi/rover_proj/ros2-base-ws/install/action_interfaces/share/action_interfaces/cmake/ament_cmake_export_dependencies-extras.cmake
[0.515s] -- Up-to-date: /home/yupi/rover_proj/ros2-base-ws/install/action_interfaces/share/action_interfaces/cmake/ament_cmake_export_include_directories-extras.cmake
[0.515s] -- Up-to-date: /home/yupi/rover_proj/ros2-base-ws/install/action_interfaces/share/action_interfaces/cmake/ament_cmake_export_libraries-extras.cmake
[0.515s] -- Up-to-date: /home/yupi/rover_proj/ros2-base-ws/install/action_interfaces/share/action_interfaces/cmake/ament_cmake_export_targets-extras.cmake
[0.515s] -- Up-to-date: /home/yupi/rover_proj/ros2-base-ws/install/action_interfaces/share/action_interfaces/cmake/rosidl_cmake_export_typesupport_targets-extras.cmake
[0.516s] -- Up-to-date: /home/yupi/rover_proj/ros2-base-ws/install/action_interfaces/share/action_interfaces/cmake/rosidl_cmake_export_typesupport_libraries-extras.cmake
[0.516s] -- Up-to-date: /home/yupi/rover_proj/ros2-base-ws/install/action_interfaces/share/action_interfaces/cmake/action_interfacesConfig.cmake
[0.516s] -- Up-to-date: /home/yupi/rover_proj/ros2-base-ws/install/action_interfaces/share/action_interfaces/cmake/action_interfacesConfig-version.cmake
[0.516s] -- Up-to-date: /home/yupi/rover_proj/ros2-base-ws/install/action_interfaces/share/action_interfaces/package.xml
[0.518s] Invoked command in '/home/yupi/rover_proj/ros2-base-ws/build/action_interfaces' returned '0': CMAKE_PREFIX_PATH=${CMAKE_PREFIX_PATH}:/opt/ros/humble /usr/bin/cmake --install /home/yupi/rover_proj/ros2-base-ws/build/action_interfaces
