[0.017s] Invoking command in '/home/yupi/rover_proj/ros2-base-ws/build/package_base_command': CMAKE_PREFIX_PATH=${CMAKE_PREFIX_PATH}:/opt/ros/humble /usr/bin/cmake --build /home/yupi/rover_proj/ros2-base-ws/build/package_base_command -- -j4 -l4
[0.078s] [35m[1mConsolidate compiler generated dependencies of target node_command[0m
[0.097s] [ 33%] Built target node_motor_control
[0.106s] [ 66%] Built target motorcontrol
[0.115s] [ 83%] [32mBuilding CXX object CMakeFiles/node_command.dir/src/node_command.cpp.o[0m
[4.071s] [100%] [32m[1mLinking CXX executable node_command[0m
[4.246s] [100%] Built target node_command
[4.257s] Invoked command in '/home/yupi/rover_proj/ros2-base-ws/build/package_base_command' returned '0': CMAKE_PREFIX_PATH=${CMAKE_PREFIX_PATH}:/opt/ros/humble /usr/bin/cmake --build /home/yupi/rover_proj/ros2-base-ws/build/package_base_command -- -j4 -l4
[4.289s] Invoking command in '/home/yupi/rover_proj/ros2-base-ws/build/package_base_command': CMAKE_PREFIX_PATH=${CMAKE_PREFIX_PATH}:/opt/ros/humble /usr/bin/cmake --install /home/yupi/rover_proj/ros2-base-ws/build/package_base_command
[4.296s] -- Install configuration: ""
[4.296s] -- Up-to-date: /home/yupi/rover_proj/ros2-base-ws/install/package_base_command/lib/libmotorcontrol.so
[4.297s] -- Up-to-date: /home/yupi/rover_proj/ros2-base-ws/install/package_base_command/lib/package_base_command/node_motor_control
[4.297s] -- Installing: /home/yupi/rover_proj/ros2-base-ws/install/package_base_command/lib/package_base_command/node_command
[4.298s] -- Set runtime path of "/home/yupi/rover_proj/ros2-base-ws/install/package_base_command/lib/package_base_command/node_command" to ""
[4.299s] -- Up-to-date: /home/yupi/rover_proj/ros2-base-ws/install/package_base_command/share/ament_index/resource_index/package_run_dependencies/package_base_command
[4.299s] -- Up-to-date: /home/yupi/rover_proj/ros2-base-ws/install/package_base_command/share/ament_index/resource_index/parent_prefix_path/package_base_command
[4.299s] -- Up-to-date: /home/yupi/rover_proj/ros2-base-ws/install/package_base_command/share/package_base_command/environment/ament_prefix_path.sh
[4.299s] -- Up-to-date: /home/yupi/rover_proj/ros2-base-ws/install/package_base_command/share/package_base_command/environment/ament_prefix_path.dsv
[4.299s] -- Up-to-date: /home/yupi/rover_proj/ros2-base-ws/install/package_base_command/share/package_base_command/environment/path.sh
[4.299s] -- Up-to-date: /home/yupi/rover_proj/ros2-base-ws/install/package_base_command/share/package_base_command/environment/path.dsv
[4.299s] -- Up-to-date: /home/yupi/rover_proj/ros2-base-ws/install/package_base_command/share/package_base_command/local_setup.bash
[4.299s] -- Up-to-date: /home/yupi/rover_proj/ros2-base-ws/install/package_base_command/share/package_base_command/local_setup.sh
[4.299s] -- Up-to-date: /home/yupi/rover_proj/ros2-base-ws/install/package_base_command/share/package_base_command/local_setup.zsh
[4.299s] -- Up-to-date: /home/yupi/rover_proj/ros2-base-ws/install/package_base_command/share/package_base_command/local_setup.dsv
[4.299s] -- Installing: /home/yupi/rover_proj/ros2-base-ws/install/package_base_command/share/package_base_command/package.dsv
[4.299s] -- Up-to-date: /home/yupi/rover_proj/ros2-base-ws/install/package_base_command/share/ament_index/resource_index/packages/package_base_command
[4.300s] -- Up-to-date: /home/yupi/rover_proj/ros2-base-ws/install/package_base_command/share/ament_index/resource_index/rclcpp_components/package_base_command
[4.300s] -- Up-to-date: /home/yupi/rover_proj/ros2-base-ws/install/package_base_command/share/package_base_command/cmake/package_base_commandConfig.cmake
[4.300s] -- Up-to-date: /home/yupi/rover_proj/ros2-base-ws/install/package_base_command/share/package_base_command/cmake/package_base_commandConfig-version.cmake
[4.300s] -- Up-to-date: /home/yupi/rover_proj/ros2-base-ws/install/package_base_command/share/package_base_command/package.xml
[4.302s] Invoked command in '/home/yupi/rover_proj/ros2-base-ws/build/package_base_command' returned '0': CMAKE_PREFIX_PATH=${CMAKE_PREFIX_PATH}:/opt/ros/humble /usr/bin/cmake --install /home/yupi/rover_proj/ros2-base-ws/build/package_base_command
