[0.124s] Invoking command in '/home/curry/wilson_proj/ros2-rover-ws/build/msgs_positions': CMAKE_PREFIX_PATH=${CMAKE_PREFIX_PATH}:/opt/ros/humble /usr/bin/cmake --build /home/curry/wilson_proj/ros2-rover-ws/build/msgs_positions -- -j4 -l4
[0.653s] [  3%] Built target msgs_positions__cpp
[0.682s] [ 12%] Built target msgs_positions__rosidl_generator_c
[0.810s] [ 12%] Built target ament_cmake_python_copy_msgs_positions
[1.062s] [ 22%] Built target msgs_positions__rosidl_typesupport_fastrtps_c
[1.114s] [ 32%] Built target msgs_positions__rosidl_typesupport_cpp
[1.121s] [ 41%] Built target msgs_positions__rosidl_typesupport_fastrtps_cpp
[1.245s] [ 51%] Built target msgs_positions__rosidl_typesupport_introspection_c
[1.446s] [ 61%] Built target msgs_positions__rosidl_typesupport_c
[1.474s] [ 70%] Built target msgs_positions__rosidl_typesupport_introspection_cpp
[1.734s] [ 70%] Built target msgs_positions
[2.049s] [ 74%] Built target msgs_positions__py
[2.335s] [ 80%] Built target msgs_positions__rosidl_generator_py
[2.653s] [ 87%] Built target msgs_positions__rosidl_typesupport_fastrtps_c__pyext
[2.687s] [ 93%] Built target msgs_positions__rosidl_typesupport_introspection_c__pyext
[2.771s] [100%] Built target msgs_positions__rosidl_typesupport_c__pyext
[3.922s] running egg_info
[3.926s] writing msgs_positions.egg-info/PKG-INFO
[3.927s] writing dependency_links to msgs_positions.egg-info/dependency_links.txt
[3.928s] writing top-level names to msgs_positions.egg-info/top_level.txt
[3.940s] reading manifest file 'msgs_positions.egg-info/SOURCES.txt'
[3.944s] writing manifest file 'msgs_positions.egg-info/SOURCES.txt'
[4.131s] [100%] Built target ament_cmake_python_build_msgs_positions_egg
[4.208s] Invoked command in '/home/curry/wilson_proj/ros2-rover-ws/build/msgs_positions' returned '0': CMAKE_PREFIX_PATH=${CMAKE_PREFIX_PATH}:/opt/ros/humble /usr/bin/cmake --build /home/curry/wilson_proj/ros2-rover-ws/build/msgs_positions -- -j4 -l4
[4.217s] Invoking command in '/home/curry/wilson_proj/ros2-rover-ws/build/msgs_positions': CMAKE_PREFIX_PATH=${CMAKE_PREFIX_PATH}:/opt/ros/humble /usr/bin/cmake --install /home/curry/wilson_proj/ros2-rover-ws/build/msgs_positions
[4.254s] -- Install configuration: ""
[4.255s] -- Up-to-date: /home/curry/wilson_proj/ros2-rover-ws/install/msgs_positions/share/ament_index/resource_index/rosidl_interfaces/msgs_positions
[4.256s] -- Up-to-date: /home/curry/wilson_proj/ros2-rover-ws/install/msgs_positions/include/msgs_positions/msgs_positions
[4.257s] -- Up-to-date: /home/curry/wilson_proj/ros2-rover-ws/install/msgs_positions/include/msgs_positions/msgs_positions/msg
[4.258s] -- Up-to-date: /home/curry/wilson_proj/ros2-rover-ws/install/msgs_positions/include/msgs_positions/msgs_positions/msg/gnss_data.h
[4.258s] -- Up-to-date: /home/curry/wilson_proj/ros2-rover-ws/install/msgs_positions/include/msgs_positions/msgs_positions/msg/detail
[4.259s] -- Up-to-date: /home/curry/wilson_proj/ros2-rover-ws/install/msgs_positions/include/msgs_positions/msgs_positions/msg/detail/gnss_data__functions.h
[4.259s] -- Up-to-date: /home/curry/wilson_proj/ros2-rover-ws/install/msgs_positions/include/msgs_positions/msgs_positions/msg/detail/nav_sat_fix__struct.h
[4.260s] -- Up-to-date: /home/curry/wilson_proj/ros2-rover-ws/install/msgs_positions/include/msgs_positions/msgs_positions/msg/detail/nav_sat_fix__functions.c
[4.260s] -- Up-to-date: /home/curry/wilson_proj/ros2-rover-ws/install/msgs_positions/include/msgs_positions/msgs_positions/msg/detail/gnss_data__functions.c
[4.261s] -- Up-to-date: /home/curry/wilson_proj/ros2-rover-ws/install/msgs_positions/include/msgs_positions/msgs_positions/msg/detail/nav_sat_fix__type_support.h
[4.262s] -- Up-to-date: /home/curry/wilson_proj/ros2-rover-ws/install/msgs_positions/include/msgs_positions/msgs_positions/msg/detail/gnss_data__type_support.h
[4.263s] -- Up-to-date: /home/curry/wilson_proj/ros2-rover-ws/install/msgs_positions/include/msgs_positions/msgs_positions/msg/detail/gnss_data__struct.h
[4.264s] -- Up-to-date: /home/curry/wilson_proj/ros2-rover-ws/install/msgs_positions/include/msgs_positions/msgs_positions/msg/detail/nav_sat_fix__functions.h
[4.264s] -- Up-to-date: /home/curry/wilson_proj/ros2-rover-ws/install/msgs_positions/include/msgs_positions/msgs_positions/msg/rosidl_generator_c__visibility_control.h
[4.265s] -- Up-to-date: /home/curry/wilson_proj/ros2-rover-ws/install/msgs_positions/include/msgs_positions/msgs_positions/msg/nav_sat_fix.h
[4.268s] -- Up-to-date: /home/curry/wilson_proj/ros2-rover-ws/install/msgs_positions/share/msgs_positions/environment/library_path.sh
[4.268s] -- Up-to-date: /home/curry/wilson_proj/ros2-rover-ws/install/msgs_positions/share/msgs_positions/environment/library_path.dsv
[4.269s] -- Up-to-date: /home/curry/wilson_proj/ros2-rover-ws/install/msgs_positions/lib/libmsgs_positions__rosidl_generator_c.so
[4.270s] -- Up-to-date: /home/curry/wilson_proj/ros2-rover-ws/install/msgs_positions/include/msgs_positions/msgs_positions
[4.270s] -- Up-to-date: /home/curry/wilson_proj/ros2-rover-ws/install/msgs_positions/include/msgs_positions/msgs_positions/msg
[4.271s] -- Up-to-date: /home/curry/wilson_proj/ros2-rover-ws/install/msgs_positions/include/msgs_positions/msgs_positions/msg/detail
[4.272s] -- Up-to-date: /home/curry/wilson_proj/ros2-rover-ws/install/msgs_positions/include/msgs_positions/msgs_positions/msg/detail/nav_sat_fix__rosidl_typesupport_fastrtps_c.h
[4.273s] -- Up-to-date: /home/curry/wilson_proj/ros2-rover-ws/install/msgs_positions/include/msgs_positions/msgs_positions/msg/detail/gnss_data__rosidl_typesupport_fastrtps_c.h
[4.274s] -- Up-to-date: /home/curry/wilson_proj/ros2-rover-ws/install/msgs_positions/include/msgs_positions/msgs_positions/msg/rosidl_typesupport_fastrtps_c__visibility_control.h
[4.275s] -- Up-to-date: /home/curry/wilson_proj/ros2-rover-ws/install/msgs_positions/lib/libmsgs_positions__rosidl_typesupport_fastrtps_c.so
[4.276s] -- Up-to-date: /home/curry/wilson_proj/ros2-rover-ws/install/msgs_positions/include/msgs_positions/msgs_positions
[4.277s] -- Up-to-date: /home/curry/wilson_proj/ros2-rover-ws/install/msgs_positions/include/msgs_positions/msgs_positions/msg
[4.278s] -- Up-to-date: /home/curry/wilson_proj/ros2-rover-ws/install/msgs_positions/include/msgs_positions/msgs_positions/msg/rosidl_generator_cpp__visibility_control.hpp
[4.279s] -- Up-to-date: /home/curry/wilson_proj/ros2-rover-ws/install/msgs_positions/include/msgs_positions/msgs_positions/msg/detail
[4.280s] -- Up-to-date: /home/curry/wilson_proj/ros2-rover-ws/install/msgs_positions/include/msgs_positions/msgs_positions/msg/detail/nav_sat_fix__builder.hpp
[4.281s] -- Up-to-date: /home/curry/wilson_proj/ros2-rover-ws/install/msgs_positions/include/msgs_positions/msgs_positions/msg/detail/nav_sat_fix__traits.hpp
[4.281s] -- Up-to-date: /home/curry/wilson_proj/ros2-rover-ws/install/msgs_positions/include/msgs_positions/msgs_positions/msg/detail/gnss_data__traits.hpp
[4.282s] -- Up-to-date: /home/curry/wilson_proj/ros2-rover-ws/install/msgs_positions/include/msgs_positions/msgs_positions/msg/detail/gnss_data__builder.hpp
[4.282s] -- Up-to-date: /home/curry/wilson_proj/ros2-rover-ws/install/msgs_positions/include/msgs_positions/msgs_positions/msg/detail/nav_sat_fix__type_support.hpp
[4.283s] -- Up-to-date: /home/curry/wilson_proj/ros2-rover-ws/install/msgs_positions/include/msgs_positions/msgs_positions/msg/detail/nav_sat_fix__struct.hpp
[4.284s] -- Up-to-date: /home/curry/wilson_proj/ros2-rover-ws/install/msgs_positions/include/msgs_positions/msgs_positions/msg/detail/gnss_data__struct.hpp
[4.285s] -- Up-to-date: /home/curry/wilson_proj/ros2-rover-ws/install/msgs_positions/include/msgs_positions/msgs_positions/msg/detail/gnss_data__type_support.hpp
[4.286s] -- Up-to-date: /home/curry/wilson_proj/ros2-rover-ws/install/msgs_positions/include/msgs_positions/msgs_positions/msg/gnss_data.hpp
[4.287s] -- Up-to-date: /home/curry/wilson_proj/ros2-rover-ws/install/msgs_positions/include/msgs_positions/msgs_positions/msg/nav_sat_fix.hpp
[4.288s] -- Up-to-date: /home/curry/wilson_proj/ros2-rover-ws/install/msgs_positions/include/msgs_positions/msgs_positions
[4.288s] -- Up-to-date: /home/curry/wilson_proj/ros2-rover-ws/install/msgs_positions/include/msgs_positions/msgs_positions/msg
[4.289s] -- Up-to-date: /home/curry/wilson_proj/ros2-rover-ws/install/msgs_positions/include/msgs_positions/msgs_positions/msg/detail
[4.290s] -- Up-to-date: /home/curry/wilson_proj/ros2-rover-ws/install/msgs_positions/include/msgs_positions/msgs_positions/msg/detail/nav_sat_fix__rosidl_typesupport_fastrtps_cpp.hpp
[4.290s] -- Up-to-date: /home/curry/wilson_proj/ros2-rover-ws/install/msgs_positions/include/msgs_positions/msgs_positions/msg/detail/dds_fastrtps
[4.291s] -- Up-to-date: /home/curry/wilson_proj/ros2-rover-ws/install/msgs_positions/include/msgs_positions/msgs_positions/msg/detail/gnss_data__rosidl_typesupport_fastrtps_cpp.hpp
[4.291s] -- Up-to-date: /home/curry/wilson_proj/ros2-rover-ws/install/msgs_positions/include/msgs_positions/msgs_positions/msg/rosidl_typesupport_fastrtps_cpp__visibility_control.h
[4.292s] -- Up-to-date: /home/curry/wilson_proj/ros2-rover-ws/install/msgs_positions/lib/libmsgs_positions__rosidl_typesupport_fastrtps_cpp.so
[4.292s] -- Up-to-date: /home/curry/wilson_proj/ros2-rover-ws/install/msgs_positions/include/msgs_positions/msgs_positions
[4.293s] -- Up-to-date: /home/curry/wilson_proj/ros2-rover-ws/install/msgs_positions/include/msgs_positions/msgs_positions/msg
[4.293s] -- Up-to-date: /home/curry/wilson_proj/ros2-rover-ws/install/msgs_positions/include/msgs_positions/msgs_positions/msg/rosidl_typesupport_introspection_c__visibility_control.h
[4.295s] -- Up-to-date: /home/curry/wilson_proj/ros2-rover-ws/install/msgs_positions/include/msgs_positions/msgs_positions/msg/detail
[4.296s] -- Up-to-date: /home/curry/wilson_proj/ros2-rover-ws/install/msgs_positions/include/msgs_positions/msgs_positions/msg/detail/gnss_data__type_support.c
[4.296s] -- Up-to-date: /home/curry/wilson_proj/ros2-rover-ws/install/msgs_positions/include/msgs_positions/msgs_positions/msg/detail/nav_sat_fix__rosidl_typesupport_introspection_c.h
[4.297s] -- Up-to-date: /home/curry/wilson_proj/ros2-rover-ws/install/msgs_positions/include/msgs_positions/msgs_positions/msg/detail/gnss_data__rosidl_typesupport_introspection_c.h
[4.300s] -- Up-to-date: /home/curry/wilson_proj/ros2-rover-ws/install/msgs_positions/include/msgs_positions/msgs_positions/msg/detail/nav_sat_fix__type_support.c
[4.300s] -- Up-to-date: /home/curry/wilson_proj/ros2-rover-ws/install/msgs_positions/lib/libmsgs_positions__rosidl_typesupport_introspection_c.so
[4.302s] -- Up-to-date: /home/curry/wilson_proj/ros2-rover-ws/install/msgs_positions/lib/libmsgs_positions__rosidl_typesupport_c.so
[4.308s] -- Up-to-date: /home/curry/wilson_proj/ros2-rover-ws/install/msgs_positions/include/msgs_positions/msgs_positions
[4.309s] -- Up-to-date: /home/curry/wilson_proj/ros2-rover-ws/install/msgs_positions/include/msgs_positions/msgs_positions/msg
[4.309s] -- Up-to-date: /home/curry/wilson_proj/ros2-rover-ws/install/msgs_positions/include/msgs_positions/msgs_positions/msg/detail
[4.310s] -- Up-to-date: /home/curry/wilson_proj/ros2-rover-ws/install/msgs_positions/include/msgs_positions/msgs_positions/msg/detail/nav_sat_fix__type_support.cpp
[4.311s] -- Up-to-date: /home/curry/wilson_proj/ros2-rover-ws/install/msgs_positions/include/msgs_positions/msgs_positions/msg/detail/gnss_data__type_support.cpp
[4.311s] -- Up-to-date: /home/curry/wilson_proj/ros2-rover-ws/install/msgs_positions/include/msgs_positions/msgs_positions/msg/detail/gnss_data__rosidl_typesupport_introspection_cpp.hpp
[4.313s] -- Up-to-date: /home/curry/wilson_proj/ros2-rover-ws/install/msgs_positions/include/msgs_positions/msgs_positions/msg/detail/nav_sat_fix__rosidl_typesupport_introspection_cpp.hpp
[4.315s] -- Up-to-date: /home/curry/wilson_proj/ros2-rover-ws/install/msgs_positions/lib/libmsgs_positions__rosidl_typesupport_introspection_cpp.so
[4.317s] -- Up-to-date: /home/curry/wilson_proj/ros2-rover-ws/install/msgs_positions/lib/libmsgs_positions__rosidl_typesupport_cpp.so
[4.318s] -- Up-to-date: /home/curry/wilson_proj/ros2-rover-ws/install/msgs_positions/share/msgs_positions/environment/pythonpath.sh
[4.319s] -- Up-to-date: /home/curry/wilson_proj/ros2-rover-ws/install/msgs_positions/share/msgs_positions/environment/pythonpath.dsv
[4.320s] -- Up-to-date: /home/curry/wilson_proj/ros2-rover-ws/install/msgs_positions/local/lib/python3.10/dist-packages/msgs_positions-0.0.0-py3.10.egg-info
[4.321s] -- Installing: /home/curry/wilson_proj/ros2-rover-ws/install/msgs_positions/local/lib/python3.10/dist-packages/msgs_positions-0.0.0-py3.10.egg-info/dependency_links.txt
[4.321s] -- Installing: /home/curry/wilson_proj/ros2-rover-ws/install/msgs_positions/local/lib/python3.10/dist-packages/msgs_positions-0.0.0-py3.10.egg-info/SOURCES.txt
[4.322s] -- Installing: /home/curry/wilson_proj/ros2-rover-ws/install/msgs_positions/local/lib/python3.10/dist-packages/msgs_positions-0.0.0-py3.10.egg-info/top_level.txt
[4.322s] -- Installing: /home/curry/wilson_proj/ros2-rover-ws/install/msgs_positions/local/lib/python3.10/dist-packages/msgs_positions-0.0.0-py3.10.egg-info/PKG-INFO
[4.323s] -- Up-to-date: /home/curry/wilson_proj/ros2-rover-ws/install/msgs_positions/local/lib/python3.10/dist-packages/msgs_positions
[4.323s] -- Up-to-date: /home/curry/wilson_proj/ros2-rover-ws/install/msgs_positions/local/lib/python3.10/dist-packages/msgs_positions/msgs_positions_s__rosidl_typesupport_fastrtps_c.cpython-310-aarch64-linux-gnu.so
[4.324s] -- Up-to-date: /home/curry/wilson_proj/ros2-rover-ws/install/msgs_positions/local/lib/python3.10/dist-packages/msgs_positions/_msgs_positions_s.ep.rosidl_typesupport_introspection_c.c
[4.324s] -- Up-to-date: /home/curry/wilson_proj/ros2-rover-ws/install/msgs_positions/local/lib/python3.10/dist-packages/msgs_positions/libmsgs_positions__rosidl_generator_py.so
[4.325s] -- Up-to-date: /home/curry/wilson_proj/ros2-rover-ws/install/msgs_positions/local/lib/python3.10/dist-packages/msgs_positions/msg
[4.325s] -- Up-to-date: /home/curry/wilson_proj/ros2-rover-ws/install/msgs_positions/local/lib/python3.10/dist-packages/msgs_positions/msg/_nav_sat_fix_s.c
[4.325s] -- Up-to-date: /home/curry/wilson_proj/ros2-rover-ws/install/msgs_positions/local/lib/python3.10/dist-packages/msgs_positions/msg/_nav_sat_fix.py
[4.325s] -- Up-to-date: /home/curry/wilson_proj/ros2-rover-ws/install/msgs_positions/local/lib/python3.10/dist-packages/msgs_positions/msg/_gnss_data_s.c
[4.326s] -- Up-to-date: /home/curry/wilson_proj/ros2-rover-ws/install/msgs_positions/local/lib/python3.10/dist-packages/msgs_positions/msg/__init__.py
[4.326s] -- Up-to-date: /home/curry/wilson_proj/ros2-rover-ws/install/msgs_positions/local/lib/python3.10/dist-packages/msgs_positions/msg/_gnss_data.py
[4.327s] -- Up-to-date: /home/curry/wilson_proj/ros2-rover-ws/install/msgs_positions/local/lib/python3.10/dist-packages/msgs_positions/_msgs_positions_s.ep.rosidl_typesupport_fastrtps_c.c
[4.328s] -- Up-to-date: /home/curry/wilson_proj/ros2-rover-ws/install/msgs_positions/local/lib/python3.10/dist-packages/msgs_positions/__init__.py
[4.328s] -- Up-to-date: /home/curry/wilson_proj/ros2-rover-ws/install/msgs_positions/local/lib/python3.10/dist-packages/msgs_positions/msgs_positions_s__rosidl_typesupport_introspection_c.cpython-310-aarch64-linux-gnu.so
[4.328s] -- Up-to-date: /home/curry/wilson_proj/ros2-rover-ws/install/msgs_positions/local/lib/python3.10/dist-packages/msgs_positions/msgs_positions_s__rosidl_typesupport_c.cpython-310-aarch64-linux-gnu.so
[4.329s] -- Up-to-date: /home/curry/wilson_proj/ros2-rover-ws/install/msgs_positions/local/lib/python3.10/dist-packages/msgs_positions/_msgs_positions_s.ep.rosidl_typesupport_c.c
[4.544s] Listing '/home/curry/wilson_proj/ros2-rover-ws/install/msgs_positions/local/lib/python3.10/dist-packages/msgs_positions'...
[4.545s] Listing '/home/curry/wilson_proj/ros2-rover-ws/install/msgs_positions/local/lib/python3.10/dist-packages/msgs_positions/msg'...
[4.581s] -- Up-to-date: /home/curry/wilson_proj/ros2-rover-ws/install/msgs_positions/local/lib/python3.10/dist-packages/msgs_positions/msgs_positions_s__rosidl_typesupport_fastrtps_c.cpython-310-aarch64-linux-gnu.so
[4.583s] -- Up-to-date: /home/curry/wilson_proj/ros2-rover-ws/install/msgs_positions/local/lib/python3.10/dist-packages/msgs_positions/msgs_positions_s__rosidl_typesupport_introspection_c.cpython-310-aarch64-linux-gnu.so
[4.598s] -- Up-to-date: /home/curry/wilson_proj/ros2-rover-ws/install/msgs_positions/local/lib/python3.10/dist-packages/msgs_positions/msgs_positions_s__rosidl_typesupport_c.cpython-310-aarch64-linux-gnu.so
[4.601s] -- Up-to-date: /home/curry/wilson_proj/ros2-rover-ws/install/msgs_positions/lib/libmsgs_positions__rosidl_generator_py.so
[4.602s] -- Up-to-date: /home/curry/wilson_proj/ros2-rover-ws/install/msgs_positions/share/msgs_positions/msg/GnssData.idl
[4.604s] -- Up-to-date: /home/curry/wilson_proj/ros2-rover-ws/install/msgs_positions/share/msgs_positions/msg/GnssData.msg
[4.605s] -- Up-to-date: /home/curry/wilson_proj/ros2-rover-ws/install/msgs_positions/share/ament_index/resource_index/package_run_dependencies/msgs_positions
[4.605s] -- Up-to-date: /home/curry/wilson_proj/ros2-rover-ws/install/msgs_positions/share/ament_index/resource_index/parent_prefix_path/msgs_positions
[4.607s] -- Up-to-date: /home/curry/wilson_proj/ros2-rover-ws/install/msgs_positions/share/msgs_positions/environment/ament_prefix_path.sh
[4.611s] -- Up-to-date: /home/curry/wilson_proj/ros2-rover-ws/install/msgs_positions/share/msgs_positions/environment/ament_prefix_path.dsv
[4.611s] -- Up-to-date: /home/curry/wilson_proj/ros2-rover-ws/install/msgs_positions/share/msgs_positions/environment/path.sh
[4.612s] -- Up-to-date: /home/curry/wilson_proj/ros2-rover-ws/install/msgs_positions/share/msgs_positions/environment/path.dsv
[4.614s] -- Up-to-date: /home/curry/wilson_proj/ros2-rover-ws/install/msgs_positions/share/msgs_positions/local_setup.bash
[4.615s] -- Up-to-date: /home/curry/wilson_proj/ros2-rover-ws/install/msgs_positions/share/msgs_positions/local_setup.sh
[4.618s] -- Up-to-date: /home/curry/wilson_proj/ros2-rover-ws/install/msgs_positions/share/msgs_positions/local_setup.zsh
[4.618s] -- Up-to-date: /home/curry/wilson_proj/ros2-rover-ws/install/msgs_positions/share/msgs_positions/local_setup.dsv
[4.619s] -- Installing: /home/curry/wilson_proj/ros2-rover-ws/install/msgs_positions/share/msgs_positions/package.dsv
[4.619s] -- Up-to-date: /home/curry/wilson_proj/ros2-rover-ws/install/msgs_positions/share/ament_index/resource_index/packages/msgs_positions
[4.620s] -- Up-to-date: /home/curry/wilson_proj/ros2-rover-ws/install/msgs_positions/share/msgs_positions/cmake/export_msgs_positions__rosidl_generator_cExport.cmake
[4.620s] -- Up-to-date: /home/curry/wilson_proj/ros2-rover-ws/install/msgs_positions/share/msgs_positions/cmake/export_msgs_positions__rosidl_generator_cExport-noconfig.cmake
[4.621s] -- Up-to-date: /home/curry/wilson_proj/ros2-rover-ws/install/msgs_positions/share/msgs_positions/cmake/export_msgs_positions__rosidl_typesupport_fastrtps_cExport.cmake
[4.621s] -- Up-to-date: /home/curry/wilson_proj/ros2-rover-ws/install/msgs_positions/share/msgs_positions/cmake/export_msgs_positions__rosidl_typesupport_fastrtps_cExport-noconfig.cmake
[4.622s] -- Up-to-date: /home/curry/wilson_proj/ros2-rover-ws/install/msgs_positions/share/msgs_positions/cmake/export_msgs_positions__rosidl_generator_cppExport.cmake
[4.624s] -- Up-to-date: /home/curry/wilson_proj/ros2-rover-ws/install/msgs_positions/share/msgs_positions/cmake/export_msgs_positions__rosidl_typesupport_fastrtps_cppExport.cmake
[4.624s] -- Up-to-date: /home/curry/wilson_proj/ros2-rover-ws/install/msgs_positions/share/msgs_positions/cmake/export_msgs_positions__rosidl_typesupport_fastrtps_cppExport-noconfig.cmake
[4.625s] -- Up-to-date: /home/curry/wilson_proj/ros2-rover-ws/install/msgs_positions/share/msgs_positions/cmake/msgs_positions__rosidl_typesupport_introspection_cExport.cmake
[4.625s] -- Up-to-date: /home/curry/wilson_proj/ros2-rover-ws/install/msgs_positions/share/msgs_positions/cmake/msgs_positions__rosidl_typesupport_introspection_cExport-noconfig.cmake
[4.626s] -- Up-to-date: /home/curry/wilson_proj/ros2-rover-ws/install/msgs_positions/share/msgs_positions/cmake/msgs_positions__rosidl_typesupport_cExport.cmake
[4.627s] -- Up-to-date: /home/curry/wilson_proj/ros2-rover-ws/install/msgs_positions/share/msgs_positions/cmake/msgs_positions__rosidl_typesupport_cExport-noconfig.cmake
[4.627s] -- Up-to-date: /home/curry/wilson_proj/ros2-rover-ws/install/msgs_positions/share/msgs_positions/cmake/msgs_positions__rosidl_typesupport_introspection_cppExport.cmake
[4.628s] -- Up-to-date: /home/curry/wilson_proj/ros2-rover-ws/install/msgs_positions/share/msgs_positions/cmake/msgs_positions__rosidl_typesupport_introspection_cppExport-noconfig.cmake
[4.628s] -- Up-to-date: /home/curry/wilson_proj/ros2-rover-ws/install/msgs_positions/share/msgs_positions/cmake/msgs_positions__rosidl_typesupport_cppExport.cmake
[4.629s] -- Up-to-date: /home/curry/wilson_proj/ros2-rover-ws/install/msgs_positions/share/msgs_positions/cmake/msgs_positions__rosidl_typesupport_cppExport-noconfig.cmake
[4.629s] -- Up-to-date: /home/curry/wilson_proj/ros2-rover-ws/install/msgs_positions/share/msgs_positions/cmake/export_msgs_positions__rosidl_generator_pyExport.cmake
[4.631s] -- Up-to-date: /home/curry/wilson_proj/ros2-rover-ws/install/msgs_positions/share/msgs_positions/cmake/export_msgs_positions__rosidl_generator_pyExport-noconfig.cmake
[4.632s] -- Up-to-date: /home/curry/wilson_proj/ros2-rover-ws/install/msgs_positions/share/msgs_positions/cmake/rosidl_cmake-extras.cmake
[4.632s] -- Up-to-date: /home/curry/wilson_proj/ros2-rover-ws/install/msgs_positions/share/msgs_positions/cmake/ament_cmake_export_dependencies-extras.cmake
[4.633s] -- Up-to-date: /home/curry/wilson_proj/ros2-rover-ws/install/msgs_positions/share/msgs_positions/cmake/ament_cmake_export_include_directories-extras.cmake
[4.634s] -- Up-to-date: /home/curry/wilson_proj/ros2-rover-ws/install/msgs_positions/share/msgs_positions/cmake/ament_cmake_export_libraries-extras.cmake
[4.635s] -- Up-to-date: /home/curry/wilson_proj/ros2-rover-ws/install/msgs_positions/share/msgs_positions/cmake/ament_cmake_export_targets-extras.cmake
[4.635s] -- Up-to-date: /home/curry/wilson_proj/ros2-rover-ws/install/msgs_positions/share/msgs_positions/cmake/rosidl_cmake_export_typesupport_targets-extras.cmake
[4.636s] -- Up-to-date: /home/curry/wilson_proj/ros2-rover-ws/install/msgs_positions/share/msgs_positions/cmake/rosidl_cmake_export_typesupport_libraries-extras.cmake
[4.637s] -- Up-to-date: /home/curry/wilson_proj/ros2-rover-ws/install/msgs_positions/share/msgs_positions/cmake/msgs_positionsConfig.cmake
[4.637s] -- Up-to-date: /home/curry/wilson_proj/ros2-rover-ws/install/msgs_positions/share/msgs_positions/cmake/msgs_positionsConfig-version.cmake
[4.637s] -- Up-to-date: /home/curry/wilson_proj/ros2-rover-ws/install/msgs_positions/share/msgs_positions/package.xml
[4.763s] Invoked command in '/home/curry/wilson_proj/ros2-rover-ws/build/msgs_positions' returned '0': CMAKE_PREFIX_PATH=${CMAKE_PREFIX_PATH}:/opt/ros/humble /usr/bin/cmake --install /home/curry/wilson_proj/ros2-rover-ws/build/msgs_positions
