[  3%] [34m[1mGenerating C code for ROS interfaces[0m
[  6%] [34m[1mGenerating C++ code for ROS interfaces[0m
[  6%] Built target ament_cmake_python_copy_msgs_ifaces
[  6%] Built target msgs_ifaces__cpp
[  9%] [34m[1mGenerating C++ type support dispatch for ROS interfaces[0m
[ 12%] [34m[1mGenerating C++ type support for eProsima Fast-RTPS[0m
[ 16%] [32mBuilding C object CMakeFiles/msgs_ifaces__rosidl_generator_c.dir/rosidl_generator_c/msgs_ifaces/msg/detail/gnss_data__functions.c.o[0m
running egg_info
creating msgs_ifaces.egg-info
[ 19%] [32m[1mLinking C shared library libmsgs_ifaces__rosidl_generator_c.so[0m
writing msgs_ifaces.egg-info/PKG-INFO
writing dependency_links to msgs_ifaces.egg-info/dependency_links.txt
writing top-level names to msgs_ifaces.egg-info/top_level.txt
writing manifest file 'msgs_ifaces.egg-info/SOURCES.txt'
reading manifest file 'msgs_ifaces.egg-info/SOURCES.txt'
writing manifest file 'msgs_ifaces.egg-info/SOURCES.txt'
[ 19%] Built target ament_cmake_python_build_msgs_ifaces_egg
[ 19%] Built target msgs_ifaces__rosidl_generator_c
[ 22%] [34m[1mGenerating C++ introspection for ROS interfaces[0m
[ 25%] [34m[1mGenerating C type support for eProsima Fast-RTPS[0m
[ 29%] [32mBuilding CXX object CMakeFiles/msgs_ifaces__rosidl_typesupport_fastrtps_cpp.dir/rosidl_typesupport_fastrtps_cpp/msgs_ifaces/msg/detail/dds_fastrtps/gnss_data__type_support.cpp.o[0m
[ 32%] [32mBuilding CXX object CMakeFiles/msgs_ifaces__rosidl_typesupport_cpp.dir/rosidl_typesupport_cpp/msgs_ifaces/msg/gnss_data__type_support.cpp.o[0m
[ 35%] [32mBuilding CXX object CMakeFiles/msgs_ifaces__rosidl_typesupport_fastrtps_c.dir/rosidl_typesupport_fastrtps_c/msgs_ifaces/msg/detail/gnss_data__type_support_c.cpp.o[0m
[ 38%] [32mBuilding CXX object CMakeFiles/msgs_ifaces__rosidl_typesupport_introspection_cpp.dir/rosidl_typesupport_introspection_cpp/msgs_ifaces/msg/detail/gnss_data__type_support.cpp.o[0m
[ 41%] [32m[1mLinking CXX shared library libmsgs_ifaces__rosidl_typesupport_cpp.so[0m
[ 41%] Built target msgs_ifaces__rosidl_typesupport_cpp
[ 45%] [32m[1mLinking CXX shared library libmsgs_ifaces__rosidl_typesupport_fastrtps_cpp.so[0m
[ 48%] [34m[1mGenerating C introspection for ROS interfaces[0m
[ 48%] Built target msgs_ifaces__rosidl_typesupport_fastrtps_cpp
[ 51%] [34m[1mGenerating C type support dispatch for ROS interfaces[0m
[ 54%] [32m[1mLinking CXX shared library libmsgs_ifaces__rosidl_typesupport_fastrtps_c.so[0m
[ 58%] [32m[1mLinking CXX shared library libmsgs_ifaces__rosidl_typesupport_introspection_cpp.so[0m
[ 61%] [32mBuilding C object CMakeFiles/msgs_ifaces__rosidl_typesupport_introspection_c.dir/rosidl_typesupport_introspection_c/msgs_ifaces/msg/detail/gnss_data__type_support.c.o[0m
[ 61%] Built target msgs_ifaces__rosidl_typesupport_fastrtps_c
[ 61%] Built target msgs_ifaces__rosidl_typesupport_introspection_cpp
[ 64%] [32m[1mLinking C shared library libmsgs_ifaces__rosidl_typesupport_introspection_c.so[0m
[ 64%] Built target msgs_ifaces__rosidl_typesupport_introspection_c
[ 67%] [32mBuilding CXX object CMakeFiles/msgs_ifaces__rosidl_typesupport_c.dir/rosidl_typesupport_c/msgs_ifaces/msg/gnss_data__type_support.cpp.o[0m
[ 70%] [32m[1mLinking CXX shared library libmsgs_ifaces__rosidl_typesupport_c.so[0m
[ 70%] Built target msgs_ifaces__rosidl_typesupport_c
[ 70%] Built target msgs_ifaces
[ 74%] [34m[1mGenerating Python code for ROS interfaces[0m
[ 74%] Built target msgs_ifaces__py
[ 77%] [32mBuilding C object CMakeFiles/msgs_ifaces__rosidl_generator_py.dir/rosidl_generator_py/msgs_ifaces/msg/_gnss_data_s.c.o[0m
[ 80%] [32m[1mLinking C shared library rosidl_generator_py/msgs_ifaces/libmsgs_ifaces__rosidl_generator_py.so[0m
[ 80%] Built target msgs_ifaces__rosidl_generator_py
[ 83%] [32mBuilding C object CMakeFiles/msgs_ifaces__rosidl_typesupport_fastrtps_c__pyext.dir/rosidl_generator_py/msgs_ifaces/_msgs_ifaces_s.ep.rosidl_typesupport_fastrtps_c.c.o[0m
[ 87%] [32mBuilding C object CMakeFiles/msgs_ifaces__rosidl_typesupport_introspection_c__pyext.dir/rosidl_generator_py/msgs_ifaces/_msgs_ifaces_s.ep.rosidl_typesupport_introspection_c.c.o[0m
[ 90%] [32mBuilding C object CMakeFiles/msgs_ifaces__rosidl_typesupport_c__pyext.dir/rosidl_generator_py/msgs_ifaces/_msgs_ifaces_s.ep.rosidl_typesupport_c.c.o[0m
[ 93%] [32m[1mLinking C shared library rosidl_generator_py/msgs_ifaces/msgs_ifaces_s__rosidl_typesupport_c.cpython-310-aarch64-linux-gnu.so[0m
[100%] [32m[1mLinking C shared library rosidl_generator_py/msgs_ifaces/msgs_ifaces_s__rosidl_typesupport_introspection_c.cpython-310-aarch64-linux-gnu.so[0m
[100%] [32m[1mLinking C shared library rosidl_generator_py/msgs_ifaces/msgs_ifaces_s__rosidl_typesupport_fastrtps_c.cpython-310-aarch64-linux-gnu.so[0m
[100%] Built target msgs_ifaces__rosidl_typesupport_c__pyext
[100%] Built target msgs_ifaces__rosidl_typesupport_fastrtps_c__pyext
[100%] Built target msgs_ifaces__rosidl_typesupport_introspection_c__pyext
