[0.143s] Invoking command in '/home/curry/wilson_proj/ros2-rover-ws/build/msgs_rovercon': CMAKE_PREFIX_PATH=${CMAKE_PREFIX_PATH}:/opt/ros/humble /usr/bin/cmake --build /home/curry/wilson_proj/ros2-rover-ws/build/msgs_rovercon -- -j4 -l4
[0.636s] [  3%] Built target msgs_rovercon__cpp
[0.660s] [ 12%] Built target msgs_rovercon__rosidl_generator_c
[0.708s] [ 12%] Built target ament_cmake_python_copy_msgs_rovercon
[1.038s] [ 22%] Built target msgs_rovercon__rosidl_typesupport_introspection_cpp
[1.086s] [ 32%] Built target msgs_rovercon__rosidl_typesupport_cpp
[1.128s] [ 41%] Built target msgs_rovercon__rosidl_typesupport_fastrtps_c
[1.191s] [ 51%] Built target msgs_rovercon__rosidl_typesupport_fastrtps_cpp
[1.501s] [ 61%] Built target msgs_rovercon__rosidl_typesupport_introspection_c
[1.551s] [ 70%] Built target msgs_rovercon__rosidl_typesupport_c
[1.836s] [ 70%] Built target msgs_rovercon
[2.187s] [ 74%] Built target msgs_rovercon__py
[2.521s] [ 80%] Built target msgs_rovercon__rosidl_generator_py
[3.002s] [ 87%] Built target msgs_rovercon__rosidl_typesupport_fastrtps_c__pyext
[3.045s] [100%] Built target msgs_rovercon__rosidl_typesupport_introspection_c__pyext
[3.045s] [100%] Built target msgs_rovercon__rosidl_typesupport_c__pyext
[4.030s] running egg_info
[4.041s] writing msgs_rovercon.egg-info/PKG-INFO
[4.046s] writing dependency_links to msgs_rovercon.egg-info/dependency_links.txt
[4.051s] writing top-level names to msgs_rovercon.egg-info/top_level.txt
[4.072s] reading manifest file 'msgs_rovercon.egg-info/SOURCES.txt'
[4.080s] writing manifest file 'msgs_rovercon.egg-info/SOURCES.txt'
[4.370s] [100%] Built target ament_cmake_python_build_msgs_rovercon_egg
[4.461s] Invoked command in '/home/curry/wilson_proj/ros2-rover-ws/build/msgs_rovercon' returned '0': CMAKE_PREFIX_PATH=${CMAKE_PREFIX_PATH}:/opt/ros/humble /usr/bin/cmake --build /home/curry/wilson_proj/ros2-rover-ws/build/msgs_rovercon -- -j4 -l4
[4.471s] Invoking command in '/home/curry/wilson_proj/ros2-rover-ws/build/msgs_rovercon': CMAKE_PREFIX_PATH=${CMAKE_PREFIX_PATH}:/opt/ros/humble /usr/bin/cmake --install /home/curry/wilson_proj/ros2-rover-ws/build/msgs_rovercon
[4.525s] -- Install configuration: ""
[4.526s] -- Up-to-date: /home/curry/wilson_proj/ros2-rover-ws/install/msgs_rovercon/share/ament_index/resource_index/rosidl_interfaces/msgs_rovercon
[4.552s] -- Up-to-date: /home/curry/wilson_proj/ros2-rover-ws/install/msgs_rovercon/include/msgs_rovercon/msgs_rovercon
[4.556s] -- Up-to-date: /home/curry/wilson_proj/ros2-rover-ws/install/msgs_rovercon/include/msgs_rovercon/msgs_rovercon/msg
[4.556s] -- Up-to-date: /home/curry/wilson_proj/ros2-rover-ws/install/msgs_rovercon/include/msgs_rovercon/msgs_rovercon/msg/detail
[4.564s] -- Up-to-date: /home/curry/wilson_proj/ros2-rover-ws/install/msgs_rovercon/include/msgs_rovercon/msgs_rovercon/msg/detail/sub_rocon__struct.h
[4.570s] -- Up-to-date: /home/curry/wilson_proj/ros2-rover-ws/install/msgs_rovercon/include/msgs_rovercon/msgs_rovercon/msg/detail/sub_rocon__functions.c
[4.571s] -- Up-to-date: /home/curry/wilson_proj/ros2-rover-ws/install/msgs_rovercon/include/msgs_rovercon/msgs_rovercon/msg/detail/sub_rocon__type_support.h
[4.572s] -- Up-to-date: /home/curry/wilson_proj/ros2-rover-ws/install/msgs_rovercon/include/msgs_rovercon/msgs_rovercon/msg/detail/sub_rocon__functions.h
[4.574s] -- Up-to-date: /home/curry/wilson_proj/ros2-rover-ws/install/msgs_rovercon/include/msgs_rovercon/msgs_rovercon/msg/rosidl_generator_c__visibility_control.h
[4.576s] -- Up-to-date: /home/curry/wilson_proj/ros2-rover-ws/install/msgs_rovercon/include/msgs_rovercon/msgs_rovercon/msg/sub_rocon.h
[4.578s] -- Up-to-date: /home/curry/wilson_proj/ros2-rover-ws/install/msgs_rovercon/share/msgs_rovercon/environment/library_path.sh
[4.579s] -- Up-to-date: /home/curry/wilson_proj/ros2-rover-ws/install/msgs_rovercon/share/msgs_rovercon/environment/library_path.dsv
[4.580s] -- Up-to-date: /home/curry/wilson_proj/ros2-rover-ws/install/msgs_rovercon/lib/libmsgs_rovercon__rosidl_generator_c.so
[4.581s] -- Up-to-date: /home/curry/wilson_proj/ros2-rover-ws/install/msgs_rovercon/include/msgs_rovercon/msgs_rovercon
[4.583s] -- Up-to-date: /home/curry/wilson_proj/ros2-rover-ws/install/msgs_rovercon/include/msgs_rovercon/msgs_rovercon/msg
[4.584s] -- Up-to-date: /home/curry/wilson_proj/ros2-rover-ws/install/msgs_rovercon/include/msgs_rovercon/msgs_rovercon/msg/detail
[4.588s] -- Up-to-date: /home/curry/wilson_proj/ros2-rover-ws/install/msgs_rovercon/include/msgs_rovercon/msgs_rovercon/msg/detail/sub_rocon__rosidl_typesupport_fastrtps_c.h
[4.588s] -- Up-to-date: /home/curry/wilson_proj/ros2-rover-ws/install/msgs_rovercon/include/msgs_rovercon/msgs_rovercon/msg/rosidl_typesupport_fastrtps_c__visibility_control.h
[4.590s] -- Up-to-date: /home/curry/wilson_proj/ros2-rover-ws/install/msgs_rovercon/lib/libmsgs_rovercon__rosidl_typesupport_fastrtps_c.so
[4.591s] -- Up-to-date: /home/curry/wilson_proj/ros2-rover-ws/install/msgs_rovercon/include/msgs_rovercon/msgs_rovercon
[4.592s] -- Up-to-date: /home/curry/wilson_proj/ros2-rover-ws/install/msgs_rovercon/include/msgs_rovercon/msgs_rovercon/msg
[4.593s] -- Up-to-date: /home/curry/wilson_proj/ros2-rover-ws/install/msgs_rovercon/include/msgs_rovercon/msgs_rovercon/msg/rosidl_typesupport_introspection_c__visibility_control.h
[4.596s] -- Up-to-date: /home/curry/wilson_proj/ros2-rover-ws/install/msgs_rovercon/include/msgs_rovercon/msgs_rovercon/msg/detail
[4.597s] -- Up-to-date: /home/curry/wilson_proj/ros2-rover-ws/install/msgs_rovercon/include/msgs_rovercon/msgs_rovercon/msg/detail/sub_rocon__type_support.c
[4.597s] -- Up-to-date: /home/curry/wilson_proj/ros2-rover-ws/install/msgs_rovercon/include/msgs_rovercon/msgs_rovercon/msg/detail/sub_rocon__rosidl_typesupport_introspection_c.h
[4.598s] -- Up-to-date: /home/curry/wilson_proj/ros2-rover-ws/install/msgs_rovercon/lib/libmsgs_rovercon__rosidl_typesupport_introspection_c.so
[4.598s] -- Up-to-date: /home/curry/wilson_proj/ros2-rover-ws/install/msgs_rovercon/lib/libmsgs_rovercon__rosidl_typesupport_c.so
[4.599s] -- Up-to-date: /home/curry/wilson_proj/ros2-rover-ws/install/msgs_rovercon/include/msgs_rovercon/msgs_rovercon
[4.600s] -- Up-to-date: /home/curry/wilson_proj/ros2-rover-ws/install/msgs_rovercon/include/msgs_rovercon/msgs_rovercon/msg
[4.601s] -- Up-to-date: /home/curry/wilson_proj/ros2-rover-ws/install/msgs_rovercon/include/msgs_rovercon/msgs_rovercon/msg/rosidl_generator_cpp__visibility_control.hpp
[4.601s] -- Up-to-date: /home/curry/wilson_proj/ros2-rover-ws/install/msgs_rovercon/include/msgs_rovercon/msgs_rovercon/msg/detail
[4.603s] -- Up-to-date: /home/curry/wilson_proj/ros2-rover-ws/install/msgs_rovercon/include/msgs_rovercon/msgs_rovercon/msg/detail/sub_rocon__builder.hpp
[4.604s] -- Up-to-date: /home/curry/wilson_proj/ros2-rover-ws/install/msgs_rovercon/include/msgs_rovercon/msgs_rovercon/msg/detail/sub_rocon__type_support.hpp
[4.604s] -- Up-to-date: /home/curry/wilson_proj/ros2-rover-ws/install/msgs_rovercon/include/msgs_rovercon/msgs_rovercon/msg/detail/sub_rocon__traits.hpp
[4.605s] -- Up-to-date: /home/curry/wilson_proj/ros2-rover-ws/install/msgs_rovercon/include/msgs_rovercon/msgs_rovercon/msg/detail/sub_rocon__struct.hpp
[4.606s] -- Up-to-date: /home/curry/wilson_proj/ros2-rover-ws/install/msgs_rovercon/include/msgs_rovercon/msgs_rovercon/msg/sub_rocon.hpp
[4.607s] -- Up-to-date: /home/curry/wilson_proj/ros2-rover-ws/install/msgs_rovercon/include/msgs_rovercon/msgs_rovercon
[4.608s] -- Up-to-date: /home/curry/wilson_proj/ros2-rover-ws/install/msgs_rovercon/include/msgs_rovercon/msgs_rovercon/msg
[4.608s] -- Up-to-date: /home/curry/wilson_proj/ros2-rover-ws/install/msgs_rovercon/include/msgs_rovercon/msgs_rovercon/msg/detail
[4.609s] -- Up-to-date: /home/curry/wilson_proj/ros2-rover-ws/install/msgs_rovercon/include/msgs_rovercon/msgs_rovercon/msg/detail/dds_fastrtps
[4.609s] -- Up-to-date: /home/curry/wilson_proj/ros2-rover-ws/install/msgs_rovercon/include/msgs_rovercon/msgs_rovercon/msg/detail/sub_rocon__rosidl_typesupport_fastrtps_cpp.hpp
[4.610s] -- Up-to-date: /home/curry/wilson_proj/ros2-rover-ws/install/msgs_rovercon/include/msgs_rovercon/msgs_rovercon/msg/rosidl_typesupport_fastrtps_cpp__visibility_control.h
[4.611s] -- Up-to-date: /home/curry/wilson_proj/ros2-rover-ws/install/msgs_rovercon/lib/libmsgs_rovercon__rosidl_typesupport_fastrtps_cpp.so
[4.611s] -- Up-to-date: /home/curry/wilson_proj/ros2-rover-ws/install/msgs_rovercon/include/msgs_rovercon/msgs_rovercon
[4.612s] -- Up-to-date: /home/curry/wilson_proj/ros2-rover-ws/install/msgs_rovercon/include/msgs_rovercon/msgs_rovercon/msg
[4.613s] -- Up-to-date: /home/curry/wilson_proj/ros2-rover-ws/install/msgs_rovercon/include/msgs_rovercon/msgs_rovercon/msg/detail
[4.613s] -- Up-to-date: /home/curry/wilson_proj/ros2-rover-ws/install/msgs_rovercon/include/msgs_rovercon/msgs_rovercon/msg/detail/sub_rocon__rosidl_typesupport_introspection_cpp.hpp
[4.613s] -- Up-to-date: /home/curry/wilson_proj/ros2-rover-ws/install/msgs_rovercon/include/msgs_rovercon/msgs_rovercon/msg/detail/sub_rocon__type_support.cpp
[4.615s] -- Up-to-date: /home/curry/wilson_proj/ros2-rover-ws/install/msgs_rovercon/lib/libmsgs_rovercon__rosidl_typesupport_introspection_cpp.so
[4.616s] -- Up-to-date: /home/curry/wilson_proj/ros2-rover-ws/install/msgs_rovercon/lib/libmsgs_rovercon__rosidl_typesupport_cpp.so
[4.618s] -- Up-to-date: /home/curry/wilson_proj/ros2-rover-ws/install/msgs_rovercon/share/msgs_rovercon/environment/pythonpath.sh
[4.619s] -- Up-to-date: /home/curry/wilson_proj/ros2-rover-ws/install/msgs_rovercon/share/msgs_rovercon/environment/pythonpath.dsv
[4.620s] -- Up-to-date: /home/curry/wilson_proj/ros2-rover-ws/install/msgs_rovercon/local/lib/python3.10/dist-packages/msgs_rovercon-0.0.0-py3.10.egg-info
[4.620s] -- Installing: /home/curry/wilson_proj/ros2-rover-ws/install/msgs_rovercon/local/lib/python3.10/dist-packages/msgs_rovercon-0.0.0-py3.10.egg-info/dependency_links.txt
[4.623s] -- Installing: /home/curry/wilson_proj/ros2-rover-ws/install/msgs_rovercon/local/lib/python3.10/dist-packages/msgs_rovercon-0.0.0-py3.10.egg-info/SOURCES.txt
[4.624s] -- Installing: /home/curry/wilson_proj/ros2-rover-ws/install/msgs_rovercon/local/lib/python3.10/dist-packages/msgs_rovercon-0.0.0-py3.10.egg-info/top_level.txt
[4.626s] -- Installing: /home/curry/wilson_proj/ros2-rover-ws/install/msgs_rovercon/local/lib/python3.10/dist-packages/msgs_rovercon-0.0.0-py3.10.egg-info/PKG-INFO
[4.627s] -- Up-to-date: /home/curry/wilson_proj/ros2-rover-ws/install/msgs_rovercon/local/lib/python3.10/dist-packages/msgs_rovercon
[4.627s] -- Up-to-date: /home/curry/wilson_proj/ros2-rover-ws/install/msgs_rovercon/local/lib/python3.10/dist-packages/msgs_rovercon/_msgs_rovercon_s.ep.rosidl_typesupport_introspection_c.c
[4.628s] -- Up-to-date: /home/curry/wilson_proj/ros2-rover-ws/install/msgs_rovercon/local/lib/python3.10/dist-packages/msgs_rovercon/msg
[4.628s] -- Up-to-date: /home/curry/wilson_proj/ros2-rover-ws/install/msgs_rovercon/local/lib/python3.10/dist-packages/msgs_rovercon/msg/_sub_rocon.py
[4.629s] -- Up-to-date: /home/curry/wilson_proj/ros2-rover-ws/install/msgs_rovercon/local/lib/python3.10/dist-packages/msgs_rovercon/msg/__init__.py
[4.629s] -- Up-to-date: /home/curry/wilson_proj/ros2-rover-ws/install/msgs_rovercon/local/lib/python3.10/dist-packages/msgs_rovercon/msg/_sub_rocon_s.c
[4.629s] -- Up-to-date: /home/curry/wilson_proj/ros2-rover-ws/install/msgs_rovercon/local/lib/python3.10/dist-packages/msgs_rovercon/msgs_rovercon_s__rosidl_typesupport_c.cpython-310-aarch64-linux-gnu.so
[4.630s] -- Up-to-date: /home/curry/wilson_proj/ros2-rover-ws/install/msgs_rovercon/local/lib/python3.10/dist-packages/msgs_rovercon/libmsgs_rovercon__rosidl_generator_py.so
[4.631s] -- Up-to-date: /home/curry/wilson_proj/ros2-rover-ws/install/msgs_rovercon/local/lib/python3.10/dist-packages/msgs_rovercon/__init__.py
[4.631s] -- Up-to-date: /home/curry/wilson_proj/ros2-rover-ws/install/msgs_rovercon/local/lib/python3.10/dist-packages/msgs_rovercon/_msgs_rovercon_s.ep.rosidl_typesupport_fastrtps_c.c
[4.631s] -- Up-to-date: /home/curry/wilson_proj/ros2-rover-ws/install/msgs_rovercon/local/lib/python3.10/dist-packages/msgs_rovercon/msgs_rovercon_s__rosidl_typesupport_fastrtps_c.cpython-310-aarch64-linux-gnu.so
[4.632s] -- Up-to-date: /home/curry/wilson_proj/ros2-rover-ws/install/msgs_rovercon/local/lib/python3.10/dist-packages/msgs_rovercon/_msgs_rovercon_s.ep.rosidl_typesupport_c.c
[4.632s] -- Up-to-date: /home/curry/wilson_proj/ros2-rover-ws/install/msgs_rovercon/local/lib/python3.10/dist-packages/msgs_rovercon/msgs_rovercon_s__rosidl_typesupport_introspection_c.cpython-310-aarch64-linux-gnu.so
[4.829s] Listing '/home/curry/wilson_proj/ros2-rover-ws/install/msgs_rovercon/local/lib/python3.10/dist-packages/msgs_rovercon'...
[4.831s] Listing '/home/curry/wilson_proj/ros2-rover-ws/install/msgs_rovercon/local/lib/python3.10/dist-packages/msgs_rovercon/msg'...
[4.880s] -- Up-to-date: /home/curry/wilson_proj/ros2-rover-ws/install/msgs_rovercon/local/lib/python3.10/dist-packages/msgs_rovercon/msgs_rovercon_s__rosidl_typesupport_fastrtps_c.cpython-310-aarch64-linux-gnu.so
[4.885s] -- Up-to-date: /home/curry/wilson_proj/ros2-rover-ws/install/msgs_rovercon/local/lib/python3.10/dist-packages/msgs_rovercon/msgs_rovercon_s__rosidl_typesupport_introspection_c.cpython-310-aarch64-linux-gnu.so
[4.920s] -- Up-to-date: /home/curry/wilson_proj/ros2-rover-ws/install/msgs_rovercon/local/lib/python3.10/dist-packages/msgs_rovercon/msgs_rovercon_s__rosidl_typesupport_c.cpython-310-aarch64-linux-gnu.so
[4.936s] -- Up-to-date: /home/curry/wilson_proj/ros2-rover-ws/install/msgs_rovercon/lib/libmsgs_rovercon__rosidl_generator_py.so
[4.952s] -- Up-to-date: /home/curry/wilson_proj/ros2-rover-ws/install/msgs_rovercon/share/msgs_rovercon/msg/SubRocon.idl
[4.960s] -- Up-to-date: /home/curry/wilson_proj/ros2-rover-ws/install/msgs_rovercon/share/msgs_rovercon/msg/SubRocon.msg
[4.966s] -- Up-to-date: /home/curry/wilson_proj/ros2-rover-ws/install/msgs_rovercon/share/ament_index/resource_index/package_run_dependencies/msgs_rovercon
[4.967s] -- Up-to-date: /home/curry/wilson_proj/ros2-rover-ws/install/msgs_rovercon/share/ament_index/resource_index/parent_prefix_path/msgs_rovercon
[4.967s] -- Up-to-date: /home/curry/wilson_proj/ros2-rover-ws/install/msgs_rovercon/share/msgs_rovercon/environment/ament_prefix_path.sh
[4.968s] -- Up-to-date: /home/curry/wilson_proj/ros2-rover-ws/install/msgs_rovercon/share/msgs_rovercon/environment/ament_prefix_path.dsv
[4.968s] -- Up-to-date: /home/curry/wilson_proj/ros2-rover-ws/install/msgs_rovercon/share/msgs_rovercon/environment/path.sh
[4.969s] -- Up-to-date: /home/curry/wilson_proj/ros2-rover-ws/install/msgs_rovercon/share/msgs_rovercon/environment/path.dsv
[4.971s] -- Up-to-date: /home/curry/wilson_proj/ros2-rover-ws/install/msgs_rovercon/share/msgs_rovercon/local_setup.bash
[4.973s] -- Up-to-date: /home/curry/wilson_proj/ros2-rover-ws/install/msgs_rovercon/share/msgs_rovercon/local_setup.sh
[4.975s] -- Up-to-date: /home/curry/wilson_proj/ros2-rover-ws/install/msgs_rovercon/share/msgs_rovercon/local_setup.zsh
[4.975s] -- Up-to-date: /home/curry/wilson_proj/ros2-rover-ws/install/msgs_rovercon/share/msgs_rovercon/local_setup.dsv
[4.976s] -- Installing: /home/curry/wilson_proj/ros2-rover-ws/install/msgs_rovercon/share/msgs_rovercon/package.dsv
[4.977s] -- Up-to-date: /home/curry/wilson_proj/ros2-rover-ws/install/msgs_rovercon/share/ament_index/resource_index/packages/msgs_rovercon
[4.979s] -- Up-to-date: /home/curry/wilson_proj/ros2-rover-ws/install/msgs_rovercon/share/msgs_rovercon/cmake/export_msgs_rovercon__rosidl_generator_cExport.cmake
[4.979s] -- Up-to-date: /home/curry/wilson_proj/ros2-rover-ws/install/msgs_rovercon/share/msgs_rovercon/cmake/export_msgs_rovercon__rosidl_generator_cExport-noconfig.cmake
[4.980s] -- Up-to-date: /home/curry/wilson_proj/ros2-rover-ws/install/msgs_rovercon/share/msgs_rovercon/cmake/export_msgs_rovercon__rosidl_typesupport_fastrtps_cExport.cmake
[4.981s] -- Up-to-date: /home/curry/wilson_proj/ros2-rover-ws/install/msgs_rovercon/share/msgs_rovercon/cmake/export_msgs_rovercon__rosidl_typesupport_fastrtps_cExport-noconfig.cmake
[4.981s] -- Up-to-date: /home/curry/wilson_proj/ros2-rover-ws/install/msgs_rovercon/share/msgs_rovercon/cmake/msgs_rovercon__rosidl_typesupport_introspection_cExport.cmake
[4.982s] -- Up-to-date: /home/curry/wilson_proj/ros2-rover-ws/install/msgs_rovercon/share/msgs_rovercon/cmake/msgs_rovercon__rosidl_typesupport_introspection_cExport-noconfig.cmake
[4.982s] -- Up-to-date: /home/curry/wilson_proj/ros2-rover-ws/install/msgs_rovercon/share/msgs_rovercon/cmake/msgs_rovercon__rosidl_typesupport_cExport.cmake
[4.982s] -- Up-to-date: /home/curry/wilson_proj/ros2-rover-ws/install/msgs_rovercon/share/msgs_rovercon/cmake/msgs_rovercon__rosidl_typesupport_cExport-noconfig.cmake
[4.983s] -- Up-to-date: /home/curry/wilson_proj/ros2-rover-ws/install/msgs_rovercon/share/msgs_rovercon/cmake/export_msgs_rovercon__rosidl_generator_cppExport.cmake
[4.984s] -- Up-to-date: /home/curry/wilson_proj/ros2-rover-ws/install/msgs_rovercon/share/msgs_rovercon/cmake/export_msgs_rovercon__rosidl_typesupport_fastrtps_cppExport.cmake
[4.985s] -- Up-to-date: /home/curry/wilson_proj/ros2-rover-ws/install/msgs_rovercon/share/msgs_rovercon/cmake/export_msgs_rovercon__rosidl_typesupport_fastrtps_cppExport-noconfig.cmake
[4.986s] -- Up-to-date: /home/curry/wilson_proj/ros2-rover-ws/install/msgs_rovercon/share/msgs_rovercon/cmake/msgs_rovercon__rosidl_typesupport_introspection_cppExport.cmake
[4.987s] -- Up-to-date: /home/curry/wilson_proj/ros2-rover-ws/install/msgs_rovercon/share/msgs_rovercon/cmake/msgs_rovercon__rosidl_typesupport_introspection_cppExport-noconfig.cmake
[4.989s] -- Up-to-date: /home/curry/wilson_proj/ros2-rover-ws/install/msgs_rovercon/share/msgs_rovercon/cmake/msgs_rovercon__rosidl_typesupport_cppExport.cmake
[4.990s] -- Up-to-date: /home/curry/wilson_proj/ros2-rover-ws/install/msgs_rovercon/share/msgs_rovercon/cmake/msgs_rovercon__rosidl_typesupport_cppExport-noconfig.cmake
[4.992s] -- Up-to-date: /home/curry/wilson_proj/ros2-rover-ws/install/msgs_rovercon/share/msgs_rovercon/cmake/export_msgs_rovercon__rosidl_generator_pyExport.cmake
[4.993s] -- Up-to-date: /home/curry/wilson_proj/ros2-rover-ws/install/msgs_rovercon/share/msgs_rovercon/cmake/export_msgs_rovercon__rosidl_generator_pyExport-noconfig.cmake
[4.996s] -- Up-to-date: /home/curry/wilson_proj/ros2-rover-ws/install/msgs_rovercon/share/msgs_rovercon/cmake/rosidl_cmake-extras.cmake
[4.996s] -- Up-to-date: /home/curry/wilson_proj/ros2-rover-ws/install/msgs_rovercon/share/msgs_rovercon/cmake/ament_cmake_export_include_directories-extras.cmake
[4.998s] -- Up-to-date: /home/curry/wilson_proj/ros2-rover-ws/install/msgs_rovercon/share/msgs_rovercon/cmake/ament_cmake_export_libraries-extras.cmake
[4.999s] -- Up-to-date: /home/curry/wilson_proj/ros2-rover-ws/install/msgs_rovercon/share/msgs_rovercon/cmake/ament_cmake_export_targets-extras.cmake
[5.000s] -- Up-to-date: /home/curry/wilson_proj/ros2-rover-ws/install/msgs_rovercon/share/msgs_rovercon/cmake/rosidl_cmake_export_typesupport_targets-extras.cmake
[5.001s] -- Up-to-date: /home/curry/wilson_proj/ros2-rover-ws/install/msgs_rovercon/share/msgs_rovercon/cmake/ament_cmake_export_dependencies-extras.cmake
[5.002s] -- Up-to-date: /home/curry/wilson_proj/ros2-rover-ws/install/msgs_rovercon/share/msgs_rovercon/cmake/rosidl_cmake_export_typesupport_libraries-extras.cmake
[5.004s] -- Up-to-date: /home/curry/wilson_proj/ros2-rover-ws/install/msgs_rovercon/share/msgs_rovercon/cmake/msgs_roverconConfig.cmake
[5.005s] -- Up-to-date: /home/curry/wilson_proj/ros2-rover-ws/install/msgs_rovercon/share/msgs_rovercon/cmake/msgs_roverconConfig-version.cmake
[5.005s] -- Up-to-date: /home/curry/wilson_proj/ros2-rover-ws/install/msgs_rovercon/share/msgs_rovercon/package.xml
[5.119s] Invoked command in '/home/curry/wilson_proj/ros2-rover-ws/build/msgs_rovercon' returned '0': CMAKE_PREFIX_PATH=${CMAKE_PREFIX_PATH}:/opt/ros/humble /usr/bin/cmake --install /home/curry/wilson_proj/ros2-rover-ws/build/msgs_rovercon
