[0.093s] Invoking command in '/home/curry/wilson_proj/ros2-rover-ws/build/package_image_process': CMAKE_PREFIX_PATH=/opt/ros/iron /usr/bin/cmake --build /home/curry/wilson_proj/ros2-rover-ws/build/package_image_process -- -j4 -l4
[0.345s] [100%] Built target node_camera
[0.447s] Invoked command in '/home/curry/wilson_proj/ros2-rover-ws/build/package_image_process' returned '0': CMAKE_PREFIX_PATH=/opt/ros/iron /usr/bin/cmake --build /home/curry/wilson_proj/ros2-rover-ws/build/package_image_process -- -j4 -l4
[0.803s] Invoking command in '/home/curry/wilson_proj/ros2-rover-ws/build/package_image_process': CMAKE_PREFIX_PATH=/opt/ros/iron /usr/bin/cmake --install /home/curry/wilson_proj/ros2-rover-ws/build/package_image_process
[0.883s] -- Install configuration: ""
[0.898s] -- Up-to-date: /home/curry/wilson_proj/ros2-rover-ws/install/package_image_process/lib/package_image_process/node_camera
[0.910s] -- Up-to-date: /home/curry/wilson_proj/ros2-rover-ws/install/package_image_process/share/ament_index/resource_index/package_run_dependencies/package_image_process
[0.911s] -- Up-to-date: /home/curry/wilson_proj/ros2-rover-ws/install/package_image_process/share/ament_index/resource_index/parent_prefix_path/package_image_process
[0.912s] -- Up-to-date: /home/curry/wilson_proj/ros2-rover-ws/install/package_image_process/share/package_image_process/environment/ament_prefix_path.sh
[0.913s] -- Up-to-date: /home/curry/wilson_proj/ros2-rover-ws/install/package_image_process/share/package_image_process/environment/ament_prefix_path.dsv
[0.919s] -- Up-to-date: /home/curry/wilson_proj/ros2-rover-ws/install/package_image_process/share/package_image_process/environment/path.sh
[0.920s] -- Up-to-date: /home/curry/wilson_proj/ros2-rover-ws/install/package_image_process/share/package_image_process/environment/path.dsv
[0.921s] -- Up-to-date: /home/curry/wilson_proj/ros2-rover-ws/install/package_image_process/share/package_image_process/local_setup.bash
[0.922s] -- Up-to-date: /home/curry/wilson_proj/ros2-rover-ws/install/package_image_process/share/package_image_process/local_setup.sh
[0.924s] -- Up-to-date: /home/curry/wilson_proj/ros2-rover-ws/install/package_image_process/share/package_image_process/local_setup.zsh
[0.924s] -- Up-to-date: /home/curry/wilson_proj/ros2-rover-ws/install/package_image_process/share/package_image_process/local_setup.dsv
[0.927s] -- Installing: /home/curry/wilson_proj/ros2-rover-ws/install/package_image_process/share/package_image_process/package.dsv
[0.929s] -- Up-to-date: /home/curry/wilson_proj/ros2-rover-ws/install/package_image_process/share/ament_index/resource_index/packages/package_image_process
[0.930s] -- Up-to-date: /home/curry/wilson_proj/ros2-rover-ws/install/package_image_process/share/package_image_process/cmake/package_image_processConfig.cmake
[0.930s] -- Up-to-date: /home/curry/wilson_proj/ros2-rover-ws/install/package_image_process/share/package_image_process/cmake/package_image_processConfig-version.cmake
[0.934s] -- Up-to-date: /home/curry/wilson_proj/ros2-rover-ws/install/package_image_process/share/package_image_process/package.xml
[1.049s] Invoked command in '/home/curry/wilson_proj/ros2-rover-ws/build/package_image_process' returned '0': CMAKE_PREFIX_PATH=/opt/ros/iron /usr/bin/cmake --install /home/curry/wilson_proj/ros2-rover-ws/build/package_image_process
