[1.713s] Invoking command in '/home/curry/wilson_proj/ros2-rover-ws/build/package_navigate_route': CMAKE_PREFIX_PATH=${CMAKE_PREFIX_PATH}:/opt/ros/humble /usr/bin/cmake --build /home/curry/wilson_proj/ros2-rover-ws/build/package_navigate_route -- -j4 -l4
[1.978s] [100%] Built target node_sub_destination
[2.045s] Invoked command in '/home/curry/wilson_proj/ros2-rover-ws/build/package_navigate_route' returned '0': CMAKE_PREFIX_PATH=${CMAKE_PREFIX_PATH}:/opt/ros/humble /usr/bin/cmake --build /home/curry/wilson_proj/ros2-rover-ws/build/package_navigate_route -- -j4 -l4
[2.296s] Invoking command in '/home/curry/wilson_proj/ros2-rover-ws/build/package_navigate_route': CMAKE_PREFIX_PATH=${CMAKE_PREFIX_PATH}:/opt/ros/humble /usr/bin/cmake --install /home/curry/wilson_proj/ros2-rover-ws/build/package_navigate_route
[2.340s] -- Install configuration: ""
[2.342s] -- Up-to-date: /home/curry/wilson_proj/ros2-rover-ws/install/package_navigate_route/lib/package_navigate_route/node_sub_destination
[2.343s] -- Up-to-date: /home/curry/wilson_proj/ros2-rover-ws/install/package_navigate_route/share/ament_index/resource_index/package_run_dependencies/package_navigate_route
[2.344s] -- Up-to-date: /home/curry/wilson_proj/ros2-rover-ws/install/package_navigate_route/share/ament_index/resource_index/parent_prefix_path/package_navigate_route
[2.344s] -- Up-to-date: /home/curry/wilson_proj/ros2-rover-ws/install/package_navigate_route/share/package_navigate_route/environment/ament_prefix_path.sh
[2.345s] -- Up-to-date: /home/curry/wilson_proj/ros2-rover-ws/install/package_navigate_route/share/package_navigate_route/environment/ament_prefix_path.dsv
[2.346s] -- Up-to-date: /home/curry/wilson_proj/ros2-rover-ws/install/package_navigate_route/share/package_navigate_route/environment/path.sh
[2.346s] -- Up-to-date: /home/curry/wilson_proj/ros2-rover-ws/install/package_navigate_route/share/package_navigate_route/environment/path.dsv
[2.347s] -- Up-to-date: /home/curry/wilson_proj/ros2-rover-ws/install/package_navigate_route/share/package_navigate_route/local_setup.bash
[2.348s] -- Up-to-date: /home/curry/wilson_proj/ros2-rover-ws/install/package_navigate_route/share/package_navigate_route/local_setup.sh
[2.349s] -- Up-to-date: /home/curry/wilson_proj/ros2-rover-ws/install/package_navigate_route/share/package_navigate_route/local_setup.zsh
[2.351s] -- Up-to-date: /home/curry/wilson_proj/ros2-rover-ws/install/package_navigate_route/share/package_navigate_route/local_setup.dsv
[2.352s] -- Installing: /home/curry/wilson_proj/ros2-rover-ws/install/package_navigate_route/share/package_navigate_route/package.dsv
[2.370s] -- Up-to-date: /home/curry/wilson_proj/ros2-rover-ws/install/package_navigate_route/share/ament_index/resource_index/packages/package_navigate_route
[2.371s] -- Up-to-date: /home/curry/wilson_proj/ros2-rover-ws/install/package_navigate_route/share/package_navigate_route/cmake/package_navigate_routeConfig.cmake
[2.372s] -- Up-to-date: /home/curry/wilson_proj/ros2-rover-ws/install/package_navigate_route/share/package_navigate_route/cmake/package_navigate_routeConfig-version.cmake
[2.373s] -- Up-to-date: /home/curry/wilson_proj/ros2-rover-ws/install/package_navigate_route/share/package_navigate_route/package.xml
[2.388s] Invoked command in '/home/curry/wilson_proj/ros2-rover-ws/build/package_navigate_route' returned '0': CMAKE_PREFIX_PATH=${CMAKE_PREFIX_PATH}:/opt/ros/humble /usr/bin/cmake --install /home/curry/wilson_proj/ros2-rover-ws/build/package_navigate_route
