[6.317s] Invoking command in '/home/curry/wilson_proj/ros2-rover-ws/src/package_image_process': PYTHONPATH=/home/curry/wilson_proj/ros2-rover-ws/build/package_image_process/prefix_override:/usr/lib/python3/dist-packages/colcon_core/task/python/colcon_distutils_commands:/home/curry/wilson_proj/ros2-rover-ws/install/package_image_process/lib/python3.10/site-packages:${PYTHONPATH} /usr/bin/python3 -W ignore:setup.py install is deprecated -W ignore:easy_install command is deprecated setup.py egg_info --egg-base ../../build/package_image_process build --build-base /home/curry/wilson_proj/ros2-rover-ws/build/package_image_process/build install --record /home/curry/wilson_proj/ros2-rover-ws/build/package_image_process/install.log --single-version-externally-managed install_data
[8.413s] running egg_info
[8.419s] writing ../../build/package_image_process/package_image_process.egg-info/PKG-INFO
[8.422s] writing dependency_links to ../../build/package_image_process/package_image_process.egg-info/dependency_links.txt
[8.423s] writing entry points to ../../build/package_image_process/package_image_process.egg-info/entry_points.txt
[8.425s] writing requirements to ../../build/package_image_process/package_image_process.egg-info/requires.txt
[8.426s] writing top-level names to ../../build/package_image_process/package_image_process.egg-info/top_level.txt
[8.437s] reading manifest file '../../build/package_image_process/package_image_process.egg-info/SOURCES.txt'
[8.438s] adding license file 'LICENSE'
[8.442s] writing manifest file '../../build/package_image_process/package_image_process.egg-info/SOURCES.txt'
[8.443s] running build
[8.443s] running build_py
[8.445s] running install
[8.447s] running install_lib
[8.461s] running install_data
[8.462s] running install_egg_info
[8.481s] removing '/home/curry/wilson_proj/ros2-rover-ws/install/package_image_process/lib/python3.10/site-packages/package_image_process-0.0.0-py3.10.egg-info' (and everything under it)
[8.490s] Copying ../../build/package_image_process/package_image_process.egg-info to /home/curry/wilson_proj/ros2-rover-ws/install/package_image_process/lib/python3.10/site-packages/package_image_process-0.0.0-py3.10.egg-info
[8.507s] running install_scripts
[8.618s] Installing node_image_process script to /home/curry/wilson_proj/ros2-rover-ws/install/package_image_process/lib/package_image_process
[8.620s] writing list of installed files to '/home/curry/wilson_proj/ros2-rover-ws/build/package_image_process/install.log'
[8.801s] Invoked command in '/home/curry/wilson_proj/ros2-rover-ws/src/package_image_process' returned '0': PYTHONPATH=/home/curry/wilson_proj/ros2-rover-ws/build/package_image_process/prefix_override:/usr/lib/python3/dist-packages/colcon_core/task/python/colcon_distutils_commands:/home/curry/wilson_proj/ros2-rover-ws/install/package_image_process/lib/python3.10/site-packages:${PYTHONPATH} /usr/bin/python3 -W ignore:setup.py install is deprecated -W ignore:easy_install command is deprecated setup.py egg_info --egg-base ../../build/package_image_process build --build-base /home/curry/wilson_proj/ros2-rover-ws/build/package_image_process/build install --record /home/curry/wilson_proj/ros2-rover-ws/build/package_image_process/install.log --single-version-externally-managed install_data
