[0.198s] Invoking command in '/home/curry/wilson_proj/ros2-rover-ws/build/package_rover_control': CMAKE_PREFIX_PATH=${CMAKE_PREFIX_PATH}:/opt/ros/iron /usr/bin/cmake --build /home/curry/wilson_proj/ros2-rover-ws/build/package_rover_control -- -j4 -l4
[0.450s] [35m[1mConsolidate compiler generated dependencies of target node_rovercontrol[0m
[0.514s] [ 33%] Built target node_motor_control
[0.544s] [ 66%] Built target motorcontrol
[0.587s] [ 83%] [32mBuilding CXX object CMakeFiles/node_rovercontrol.dir/src/node_rover_control.cpp.o[0m
[11.656s] [01m[K/home/curry/wilson_proj/ros2-rover-ws/src/package_rover_control/src/node_rover_control.cpp:[m[K In constructor ‘[01m[KNode_Rovercontrol::Node_Rovercontrol()[m[K’:
[11.657s] [01m[K/home/curry/wilson_proj/ros2-rover-ws/src/package_rover_control/src/node_rover_control.cpp:28:9:[m[K [01;31m[Kerror: [m[Kno match for ‘[01m[Koperator=[m[K’ (operand types are ‘[01m[Krclcpp::Subscription<std_msgs::msg::Int32MultiArray_<std::allocator<void> > >::SharedPtr[m[K’ {aka ‘[01m[Kstd::shared_ptr<rclcpp::Subscription<std_msgs::msg::Int32MultiArray_<std::allocator<void> > > >[m[K’} and ‘[01m[Kstd::shared_ptr<rclcpp::Subscription<std_msgs::msg::UInt16MultiArray_<std::allocator<void> >, std::allocator<void>, std_msgs::msg::UInt16MultiArray_<std::allocator<void> >, std_msgs::msg::UInt16MultiArray_<std::allocator<void> >, rclcpp::message_memory_strategy::MessageMemoryStrategy<std_msgs::msg::UInt16MultiArray_<std::allocator<void> >, std::allocator<void> > > >[m[K’)
[11.658s]    28 |         [01;31m[K)[m[K;
[11.658s]       |         [01;31m[K^[m[K
[11.659s] In file included from [01m[K/usr/include/c++/11/memory:77[m[K,
[11.659s]                  from [01m[K/opt/ros/iron/include/rclcpp/rclcpp/rclcpp.hpp:165[m[K,
[11.660s]                  from [01m[K/home/curry/wilson_proj/ros2-rover-ws/src/package_rover_control/src/node_rover_control.cpp:1[m[K:
[11.660s] [01m[K/usr/include/c++/11/bits/shared_ptr.h:363:9:[m[K [01;36m[Knote: [m[Kcandidate: ‘[01m[Ktemplate<class _Yp> std::shared_ptr<_Tp>::_Assignable<const std::shared_ptr<_Yp>&> std::shared_ptr<_Tp>::operator=(const std::shared_ptr<_Yp>&) [with _Yp = _Yp; _Tp = rclcpp::Subscription<std_msgs::msg::Int32MultiArray_<std::allocator<void> > >][m[K’
[11.660s]   363 |         [01;36m[Koperator[m[K=(const shared_ptr<_Yp>& __r) noexcept
[11.661s]       |         [01;36m[K^~~~~~~~[m[K
[11.661s] [01m[K/usr/include/c++/11/bits/shared_ptr.h:363:9:[m[K [01;36m[Knote: [m[K  template argument deduction/substitution failed:
[11.661s] /usr/include/c++/11/bits/shared_ptr.h: In substitution of ‘[01m[Ktemplate<class _Tp> template<class _Arg> using _Assignable = typename std::enable_if<std::is_assignable<std::__shared_ptr<_Tp>&, _Arg>::value, std::shared_ptr<_Tp>&>::type [with _Arg = const std::shared_ptr<rclcpp::Subscription<std_msgs::msg::UInt16MultiArray_<std::allocator<void> >, std::allocator<void>, std_msgs::msg::UInt16MultiArray_<std::allocator<void> >, std_msgs::msg::UInt16MultiArray_<std::allocator<void> >, rclcpp::message_memory_strategy::MessageMemoryStrategy<std_msgs::msg::UInt16MultiArray_<std::allocator<void> >, std::allocator<void> > > >&; _Tp = rclcpp::Subscription<std_msgs::msg::Int32MultiArray_<std::allocator<void> > >][m[K’:
[11.662s] [01m[K/usr/include/c++/11/bits/shared_ptr.h:363:2:[m[K   required by substitution of ‘[01m[Ktemplate<class _Yp> std::shared_ptr<rclcpp::Subscription<std_msgs::msg::Int32MultiArray_<std::allocator<void> > > >::_Assignable<const std::shared_ptr<_Tp>&> std::shared_ptr<rclcpp::Subscription<std_msgs::msg::Int32MultiArray_<std::allocator<void> > > >::operator=<_Yp>(const std::shared_ptr<_Tp>&) [with _Yp = rclcpp::Subscription<std_msgs::msg::UInt16MultiArray_<std::allocator<void> >, std::allocator<void>, std_msgs::msg::UInt16MultiArray_<std::allocator<void> >, std_msgs::msg::UInt16MultiArray_<std::allocator<void> >, rclcpp::message_memory_strategy::MessageMemoryStrategy<std_msgs::msg::UInt16MultiArray_<std::allocator<void> >, std::allocator<void> > >][m[K’
[11.662s] [01m[K/home/curry/wilson_proj/ros2-rover-ws/src/package_rover_control/src/node_rover_control.cpp:28:9:[m[K   required from here
[11.663s] [01m[K/usr/include/c++/11/bits/shared_ptr.h:130:15:[m[K [01;31m[Kerror: [m[Kno type named ‘[01m[Ktype[m[K’ in ‘[01m[Kstruct std::enable_if<false, std::shared_ptr<rclcpp::Subscription<std_msgs::msg::Int32MultiArray_<std::allocator<void> > > >&>[m[K’
[11.663s]   130 |         using [01;31m[K_Assignable[m[K = typename enable_if<
[11.664s]       |               [01;31m[K^~~~~~~~~~~[m[K
[11.664s] [01m[K/usr/include/c++/11/bits/shared_ptr.h:374:9:[m[K [01;36m[Knote: [m[Kcandidate: ‘[01m[Ktemplate<class _Yp> std::shared_ptr<_Tp>::_Assignable<std::auto_ptr<_Up> > std::shared_ptr<_Tp>::operator=(std::auto_ptr<_Up>&&) [with _Yp = _Yp; _Tp = rclcpp::Subscription<std_msgs::msg::Int32MultiArray_<std::allocator<void> > >][m[K’
[11.664s]   374 |         [01;36m[Koperator[m[K=(auto_ptr<_Yp>&& __r)
[11.665s]       |         [01;36m[K^~~~~~~~[m[K
[11.665s] [01m[K/usr/include/c++/11/bits/shared_ptr.h:374:9:[m[K [01;36m[Knote: [m[K  template argument deduction/substitution failed:
[11.666s] [01m[K/home/curry/wilson_proj/ros2-rover-ws/src/package_rover_control/src/node_rover_control.cpp:28:9:[m[K [01;36m[Knote: [m[K  ‘[01m[Kstd::shared_ptr<rclcpp::Subscription<std_msgs::msg::UInt16MultiArray_<std::allocator<void> >, std::allocator<void>, std_msgs::msg::UInt16MultiArray_<std::allocator<void> >, std_msgs::msg::UInt16MultiArray_<std::allocator<void> >, rclcpp::message_memory_strategy::MessageMemoryStrategy<std_msgs::msg::UInt16MultiArray_<std::allocator<void> >, std::allocator<void> > > >[m[K’ is not derived from ‘[01m[Kstd::auto_ptr<_Up>[m[K’
[11.666s]    28 |         [01;36m[K)[m[K;
[11.667s]       |         [01;36m[K^[m[K
[11.667s] In file included from [01m[K/usr/include/c++/11/memory:77[m[K,
[11.667s]                  from [01m[K/opt/ros/iron/include/rclcpp/rclcpp/rclcpp.hpp:165[m[K,
[11.668s]                  from [01m[K/home/curry/wilson_proj/ros2-rover-ws/src/package_rover_control/src/node_rover_control.cpp:1[m[K:
[11.668s] [01m[K/usr/include/c++/11/bits/shared_ptr.h:391:9:[m[K [01;36m[Knote: [m[Kcandidate: ‘[01m[Ktemplate<class _Yp> std::shared_ptr<_Tp>::_Assignable<std::shared_ptr<_Yp> > std::shared_ptr<_Tp>::operator=(std::shared_ptr<_Yp>&&) [with _Yp = _Yp; _Tp = rclcpp::Subscription<std_msgs::msg::Int32MultiArray_<std::allocator<void> > >][m[K’
[11.669s]   391 |         [01;36m[Koperator[m[K=(shared_ptr<_Yp>&& __r) noexcept
[11.669s]       |         [01;36m[K^~~~~~~~[m[K
[11.670s] [01m[K/usr/include/c++/11/bits/shared_ptr.h:391:9:[m[K [01;36m[Knote: [m[K  template argument deduction/substitution failed:
[11.670s] /usr/include/c++/11/bits/shared_ptr.h: In substitution of ‘[01m[Ktemplate<class _Tp> template<class _Arg> using _Assignable = typename std::enable_if<std::is_assignable<std::__shared_ptr<_Tp>&, _Arg>::value, std::shared_ptr<_Tp>&>::type [with _Arg = std::shared_ptr<rclcpp::Subscription<std_msgs::msg::UInt16MultiArray_<std::allocator<void> >, std::allocator<void>, std_msgs::msg::UInt16MultiArray_<std::allocator<void> >, std_msgs::msg::UInt16MultiArray_<std::allocator<void> >, rclcpp::message_memory_strategy::MessageMemoryStrategy<std_msgs::msg::UInt16MultiArray_<std::allocator<void> >, std::allocator<void> > > >; _Tp = rclcpp::Subscription<std_msgs::msg::Int32MultiArray_<std::allocator<void> > >][m[K’:
[11.670s] [01m[K/usr/include/c++/11/bits/shared_ptr.h:391:2:[m[K   required by substitution of ‘[01m[Ktemplate<class _Yp> std::shared_ptr<rclcpp::Subscription<std_msgs::msg::Int32MultiArray_<std::allocator<void> > > >::_Assignable<std::shared_ptr<_Tp> > std::shared_ptr<rclcpp::Subscription<std_msgs::msg::Int32MultiArray_<std::allocator<void> > > >::operator=<_Yp>(std::shared_ptr<_Tp>&&) [with _Yp = rclcpp::Subscription<std_msgs::msg::UInt16MultiArray_<std::allocator<void> >, std::allocator<void>, std_msgs::msg::UInt16MultiArray_<std::allocator<void> >, std_msgs::msg::UInt16MultiArray_<std::allocator<void> >, rclcpp::message_memory_strategy::MessageMemoryStrategy<std_msgs::msg::UInt16MultiArray_<std::allocator<void> >, std::allocator<void> > >][m[K’
[11.671s] [01m[K/home/curry/wilson_proj/ros2-rover-ws/src/package_rover_control/src/node_rover_control.cpp:28:9:[m[K   required from here
[11.671s] [01m[K/usr/include/c++/11/bits/shared_ptr.h:130:15:[m[K [01;31m[Kerror: [m[Kno type named ‘[01m[Ktype[m[K’ in ‘[01m[Kstruct std::enable_if<false, std::shared_ptr<rclcpp::Subscription<std_msgs::msg::Int32MultiArray_<std::allocator<void> > > >&>[m[K’
[11.671s]   130 |         using [01;31m[K_Assignable[m[K = typename enable_if<
[11.671s]       |               [01;31m[K^~~~~~~~~~~[m[K
[11.672s] [01m[K/usr/include/c++/11/bits/shared_ptr.h:399:9:[m[K [01;36m[Knote: [m[Kcandidate: ‘[01m[Ktemplate<class _Yp, class _Del> std::shared_ptr<_Tp>::_Assignable<std::unique_ptr<_Up, _Ep> > std::shared_ptr<_Tp>::operator=(std::unique_ptr<_Up, _Ep>&&) [with _Yp = _Yp; _Del = _Del; _Tp = rclcpp::Subscription<std_msgs::msg::Int32MultiArray_<std::allocator<void> > >][m[K’
[11.672s]   399 |         [01;36m[Koperator[m[K=(unique_ptr<_Yp, _Del>&& __r)
[11.672s]       |         [01;36m[K^~~~~~~~[m[K
[11.672s] [01m[K/usr/include/c++/11/bits/shared_ptr.h:399:9:[m[K [01;36m[Knote: [m[K  template argument deduction/substitution failed:
[11.673s] [01m[K/home/curry/wilson_proj/ros2-rover-ws/src/package_rover_control/src/node_rover_control.cpp:28:9:[m[K [01;36m[Knote: [m[K  ‘[01m[Kstd::shared_ptr<rclcpp::Subscription<std_msgs::msg::UInt16MultiArray_<std::allocator<void> >, std::allocator<void>, std_msgs::msg::UInt16MultiArray_<std::allocator<void> >, std_msgs::msg::UInt16MultiArray_<std::allocator<void> >, rclcpp::message_memory_strategy::MessageMemoryStrategy<std_msgs::msg::UInt16MultiArray_<std::allocator<void> >, std::allocator<void> > > >[m[K’ is not derived from ‘[01m[Kstd::unique_ptr<_Tp, _Dp>[m[K’
[11.673s]    28 |         [01;36m[K)[m[K;
[11.673s]       |         [01;36m[K^[m[K
[11.673s] In file included from [01m[K/usr/include/c++/11/memory:77[m[K,
[11.674s]                  from [01m[K/opt/ros/iron/include/rclcpp/rclcpp/rclcpp.hpp:165[m[K,
[11.674s]                  from [01m[K/home/curry/wilson_proj/ros2-rover-ws/src/package_rover_control/src/node_rover_control.cpp:1[m[K:
[11.674s] [01m[K/usr/include/c++/11/bits/shared_ptr.h:359:19:[m[K [01;36m[Knote: [m[Kcandidate: ‘[01m[Kstd::shared_ptr<_Tp>& std::shared_ptr<_Tp>::operator=(const std::shared_ptr<_Tp>&) [with _Tp = rclcpp::Subscription<std_msgs::msg::Int32MultiArray_<std::allocator<void> > >][m[K’
[11.675s]   359 |       shared_ptr& [01;36m[Koperator[m[K=(const shared_ptr&) noexcept = default;
[11.675s]       |                   [01;36m[K^~~~~~~~[m[K
[11.675s] [01m[K/usr/include/c++/11/bits/shared_ptr.h:359:29:[m[K [01;36m[Knote: [m[K  no known conversion for argument 1 from ‘[01m[Kstd::shared_ptr<rclcpp::Subscription<std_msgs::msg::UInt16MultiArray_<std::allocator<void> >, std::allocator<void>, std_msgs::msg::UInt16MultiArray_<std::allocator<void> >, std_msgs::msg::UInt16MultiArray_<std::allocator<void> >, rclcpp::message_memory_strategy::MessageMemoryStrategy<std_msgs::msg::UInt16MultiArray_<std::allocator<void> >, std::allocator<void> > > >[m[K’ to ‘[01m[Kconst std::shared_ptr<rclcpp::Subscription<std_msgs::msg::Int32MultiArray_<std::allocator<void> > > >&[m[K’
[11.676s]   359 |       shared_ptr& operator=([01;36m[Kconst shared_ptr&[m[K) noexcept = default;
[11.676s]       |                             [01;36m[K^~~~~~~~~~~~~~~~~[m[K
[11.676s] [01m[K/usr/include/c++/11/bits/shared_ptr.h:383:7:[m[K [01;36m[Knote: [m[Kcandidate: ‘[01m[Kstd::shared_ptr<_Tp>& std::shared_ptr<_Tp>::operator=(std::shared_ptr<_Tp>&&) [with _Tp = rclcpp::Subscription<std_msgs::msg::Int32MultiArray_<std::allocator<void> > >][m[K’
[11.676s]   383 |       [01;36m[Koperator[m[K=(shared_ptr&& __r) noexcept
[11.677s]       |       [01;36m[K^~~~~~~~[m[K
[11.677s] [01m[K/usr/include/c++/11/bits/shared_ptr.h:383:30:[m[K [01;36m[Knote: [m[K  no known conversion for argument 1 from ‘[01m[Kstd::shared_ptr<rclcpp::Subscription<std_msgs::msg::UInt16MultiArray_<std::allocator<void> >, std::allocator<void>, std_msgs::msg::UInt16MultiArray_<std::allocator<void> >, std_msgs::msg::UInt16MultiArray_<std::allocator<void> >, rclcpp::message_memory_strategy::MessageMemoryStrategy<std_msgs::msg::UInt16MultiArray_<std::allocator<void> >, std::allocator<void> > > >[m[K’ to ‘[01m[Kstd::shared_ptr<rclcpp::Subscription<std_msgs::msg::Int32MultiArray_<std::allocator<void> > > >&&[m[K’
[11.678s]   383 |       operator=([01;36m[Kshared_ptr&& __r[m[K) noexcept
[11.678s]       |                 [01;36m[K~~~~~~~~~~~~~^~~[m[K
[11.696s] [01m[K/home/curry/wilson_proj/ros2-rover-ws/src/package_rover_control/src/node_rover_control.cpp:32:9:[m[K [01;31m[Kerror: [m[K‘[01m[Ktopic_testcontrol_publisher_[m[K’ was not declared in this scope; did you mean ‘[01m[Ktopic_motorcontrol_publisher_[m[K’?
[11.696s]    32 |         [01;31m[Ktopic_testcontrol_publisher_[m[K = this->create_publisher<std_msgs::msg::String>("pub_testcontrol", 10);
[11.697s]       |         [01;31m[K^~~~~~~~~~~~~~~~~~~~~~~~~~~~[m[K
[11.697s]       |         [32m[Ktopic_motorcontrol_publisher_[m[K
[12.656s] [01m[K/home/curry/wilson_proj/ros2-rover-ws/src/package_rover_control/src/node_rover_control.cpp:[m[K In member function ‘[01m[Kvoid Node_Rovercontrol::topic_speedlimit_callback(std_msgs::msg::String_<std::allocator<void> >::SharedPtr)[m[K’:
[12.657s] [01m[K/home/curry/wilson_proj/ros2-rover-ws/src/package_rover_control/src/node_rover_control.cpp:51:9:[m[K [01;31m[Kerror: [m[K‘[01m[Ktopic_testcontrol_publisher_[m[K’ was not declared in this scope; did you mean ‘[01m[Ktopic_motorcontrol_publisher_[m[K’?
[12.657s]    51 |         [01;31m[Ktopic_testcontrol_publisher_[m[K->publish(pub_testcon);
[12.658s]       |         [01;31m[K^~~~~~~~~~~~~~~~~~~~~~~~~~~~[m[K
[12.658s]       |         [32m[Ktopic_motorcontrol_publisher_[m[K
[23.291s] gmake[2]: *** [CMakeFiles/node_rovercontrol.dir/build.make:76: CMakeFiles/node_rovercontrol.dir/src/node_rover_control.cpp.o] Error 1
[23.292s] gmake[1]: *** [CMakeFiles/Makefile2:193: CMakeFiles/node_rovercontrol.dir/all] Error 2
[23.293s] gmake: *** [Makefile:146: all] Error 2
[23.299s] Invoked command in '/home/curry/wilson_proj/ros2-rover-ws/build/package_rover_control' returned '2': CMAKE_PREFIX_PATH=${CMAKE_PREFIX_PATH}:/opt/ros/iron /usr/bin/cmake --build /home/curry/wilson_proj/ros2-rover-ws/build/package_rover_control -- -j4 -l4
