[4.045s] Invoking command in '/home/curry/wilson_proj/ros2-rover-ws/src/package_image_process': PYTHONPATH=/home/curry/wilson_proj/ros2-rover-ws/build/package_image_process/prefix_override:/usr/lib/python3/dist-packages/colcon_core/task/python/colcon_distutils_commands:/home/curry/wilson_proj/ros2-rover-ws/install/package_image_process/lib/python3.10/site-packages:${PYTHONPATH} /usr/bin/python3 -W ignore:setup.py install is deprecated -W ignore:easy_install command is deprecated setup.py egg_info --egg-base ../../build/package_image_process build --build-base /home/curry/wilson_proj/ros2-rover-ws/build/package_image_process/build install --record /home/curry/wilson_proj/ros2-rover-ws/build/package_image_process/install.log --single-version-externally-managed install_data
[5.360s] running egg_info
[5.364s] writing ../../build/package_image_process/package_image_process.egg-info/PKG-INFO
[5.366s] writing dependency_links to ../../build/package_image_process/package_image_process.egg-info/dependency_links.txt
[5.367s] writing entry points to ../../build/package_image_process/package_image_process.egg-info/entry_points.txt
[5.368s] writing requirements to ../../build/package_image_process/package_image_process.egg-info/requires.txt
[5.368s] writing top-level names to ../../build/package_image_process/package_image_process.egg-info/top_level.txt
[5.378s] reading manifest file '../../build/package_image_process/package_image_process.egg-info/SOURCES.txt'
[5.380s] adding license file 'LICENSE'
[5.383s] writing manifest file '../../build/package_image_process/package_image_process.egg-info/SOURCES.txt'
[5.384s] running build
[5.385s] running build_py
[5.386s] running install
[5.388s] running install_lib
[5.395s] running install_data
[5.396s] running install_egg_info
[5.405s] removing '/home/curry/wilson_proj/ros2-rover-ws/install/package_image_process/lib/python3.10/site-packages/package_image_process-0.0.0-py3.10.egg-info' (and everything under it)
[5.407s] Copying ../../build/package_image_process/package_image_process.egg-info to /home/curry/wilson_proj/ros2-rover-ws/install/package_image_process/lib/python3.10/site-packages/package_image_process-0.0.0-py3.10.egg-info
[5.415s] running install_scripts
[5.511s] Installing node_image_process script to /home/curry/wilson_proj/ros2-rover-ws/install/package_image_process/lib/package_image_process
[5.513s] writing list of installed files to '/home/curry/wilson_proj/ros2-rover-ws/build/package_image_process/install.log'
[5.653s] Invoked command in '/home/curry/wilson_proj/ros2-rover-ws/src/package_image_process' returned '0': PYTHONPATH=/home/curry/wilson_proj/ros2-rover-ws/build/package_image_process/prefix_override:/usr/lib/python3/dist-packages/colcon_core/task/python/colcon_distutils_commands:/home/curry/wilson_proj/ros2-rover-ws/install/package_image_process/lib/python3.10/site-packages:${PYTHONPATH} /usr/bin/python3 -W ignore:setup.py install is deprecated -W ignore:easy_install command is deprecated setup.py egg_info --egg-base ../../build/package_image_process build --build-base /home/curry/wilson_proj/ros2-rover-ws/build/package_image_process/build install --record /home/curry/wilson_proj/ros2-rover-ws/build/package_image_process/install.log --single-version-externally-managed install_data
