[1.755s] Invoking command in '/home/curry/wilson_proj/ros2-rover-ws/build/package_position_process': CMAKE_PREFIX_PATH=${CMAKE_PREFIX_PATH}:/opt/ros/humble /usr/bin/cmake --build /home/curry/wilson_proj/ros2-rover-ws/build/package_position_process -- -j4 -l4
[2.037s] [100%] Built target node_gnss
[2.098s] Invoked command in '/home/curry/wilson_proj/ros2-rover-ws/build/package_position_process' returned '0': CMAKE_PREFIX_PATH=${CMAKE_PREFIX_PATH}:/opt/ros/humble /usr/bin/cmake --build /home/curry/wilson_proj/ros2-rover-ws/build/package_position_process -- -j4 -l4
[2.326s] Invoking command in '/home/curry/wilson_proj/ros2-rover-ws/build/package_position_process': CMAKE_PREFIX_PATH=${CMAKE_PREFIX_PATH}:/opt/ros/humble /usr/bin/cmake --install /home/curry/wilson_proj/ros2-rover-ws/build/package_position_process
[2.399s] -- Install configuration: ""
[2.403s] -- Up-to-date: /home/curry/wilson_proj/ros2-rover-ws/install/package_position_process/lib/package_position_process/node_gnss
[2.404s] -- Up-to-date: /home/curry/wilson_proj/ros2-rover-ws/install/package_position_process/share/ament_index/resource_index/package_run_dependencies/package_position_process
[2.406s] -- Up-to-date: /home/curry/wilson_proj/ros2-rover-ws/install/package_position_process/share/ament_index/resource_index/parent_prefix_path/package_position_process
[2.407s] -- Up-to-date: /home/curry/wilson_proj/ros2-rover-ws/install/package_position_process/share/package_position_process/environment/ament_prefix_path.sh
[2.409s] -- Up-to-date: /home/curry/wilson_proj/ros2-rover-ws/install/package_position_process/share/package_position_process/environment/ament_prefix_path.dsv
[2.410s] -- Up-to-date: /home/curry/wilson_proj/ros2-rover-ws/install/package_position_process/share/package_position_process/environment/path.sh
[2.411s] -- Up-to-date: /home/curry/wilson_proj/ros2-rover-ws/install/package_position_process/share/package_position_process/environment/path.dsv
[2.413s] -- Up-to-date: /home/curry/wilson_proj/ros2-rover-ws/install/package_position_process/share/package_position_process/local_setup.bash
[2.414s] -- Up-to-date: /home/curry/wilson_proj/ros2-rover-ws/install/package_position_process/share/package_position_process/local_setup.sh
[2.417s] -- Up-to-date: /home/curry/wilson_proj/ros2-rover-ws/install/package_position_process/share/package_position_process/local_setup.zsh
[2.418s] -- Up-to-date: /home/curry/wilson_proj/ros2-rover-ws/install/package_position_process/share/package_position_process/local_setup.dsv
[2.420s] -- Installing: /home/curry/wilson_proj/ros2-rover-ws/install/package_position_process/share/package_position_process/package.dsv
[2.423s] -- Up-to-date: /home/curry/wilson_proj/ros2-rover-ws/install/package_position_process/share/ament_index/resource_index/packages/package_position_process
[2.430s] -- Up-to-date: /home/curry/wilson_proj/ros2-rover-ws/install/package_position_process/share/package_position_process/cmake/package_position_processConfig.cmake
[2.431s] -- Up-to-date: /home/curry/wilson_proj/ros2-rover-ws/install/package_position_process/share/package_position_process/cmake/package_position_processConfig-version.cmake
[2.432s] -- Up-to-date: /home/curry/wilson_proj/ros2-rover-ws/install/package_position_process/share/package_position_process/package.xml
[2.484s] Invoked command in '/home/curry/wilson_proj/ros2-rover-ws/build/package_position_process' returned '0': CMAKE_PREFIX_PATH=${CMAKE_PREFIX_PATH}:/opt/ros/humble /usr/bin/cmake --install /home/curry/wilson_proj/ros2-rover-ws/build/package_position_process
