[4.983s] Invoking command in '/home/curry/wilson_proj/ros2-rover-ws/src/package_image_process': PYTHONPATH=/home/curry/wilson_proj/ros2-rover-ws/build/package_image_process/prefix_override:/usr/lib/python3/dist-packages/colcon_core/task/python/colcon_distutils_commands:/home/curry/wilson_proj/ros2-rover-ws/install/package_image_process/lib/python3.10/site-packages:${PYTHONPATH} /usr/bin/python3 -W ignore:setup.py install is deprecated -W ignore:easy_install command is deprecated setup.py egg_info --egg-base ../../build/package_image_process build --build-base /home/curry/wilson_proj/ros2-rover-ws/build/package_image_process/build install --record /home/curry/wilson_proj/ros2-rover-ws/build/package_image_process/install.log --single-version-externally-managed install_data
[6.708s] running egg_info
[6.711s] writing ../../build/package_image_process/package_image_process.egg-info/PKG-INFO
[6.712s] writing dependency_links to ../../build/package_image_process/package_image_process.egg-info/dependency_links.txt
[6.713s] writing entry points to ../../build/package_image_process/package_image_process.egg-info/entry_points.txt
[6.714s] writing requirements to ../../build/package_image_process/package_image_process.egg-info/requires.txt
[6.715s] writing top-level names to ../../build/package_image_process/package_image_process.egg-info/top_level.txt
[6.725s] reading manifest file '../../build/package_image_process/package_image_process.egg-info/SOURCES.txt'
[6.726s] adding license file 'LICENSE'
[6.729s] writing manifest file '../../build/package_image_process/package_image_process.egg-info/SOURCES.txt'
[6.730s] running build
[6.731s] running build_py
[6.732s] running install
[6.733s] running install_lib
[6.739s] running install_data
[6.740s] running install_egg_info
[6.748s] removing '/home/curry/wilson_proj/ros2-rover-ws/install/package_image_process/lib/python3.10/site-packages/package_image_process-0.0.0-py3.10.egg-info' (and everything under it)
[6.750s] Copying ../../build/package_image_process/package_image_process.egg-info to /home/curry/wilson_proj/ros2-rover-ws/install/package_image_process/lib/python3.10/site-packages/package_image_process-0.0.0-py3.10.egg-info
[6.757s] running install_scripts
[6.848s] Installing node_image_process script to /home/curry/wilson_proj/ros2-rover-ws/install/package_image_process/lib/package_image_process
[6.850s] writing list of installed files to '/home/curry/wilson_proj/ros2-rover-ws/build/package_image_process/install.log'
[7.112s] Invoked command in '/home/curry/wilson_proj/ros2-rover-ws/src/package_image_process' returned '0': PYTHONPATH=/home/curry/wilson_proj/ros2-rover-ws/build/package_image_process/prefix_override:/usr/lib/python3/dist-packages/colcon_core/task/python/colcon_distutils_commands:/home/curry/wilson_proj/ros2-rover-ws/install/package_image_process/lib/python3.10/site-packages:${PYTHONPATH} /usr/bin/python3 -W ignore:setup.py install is deprecated -W ignore:easy_install command is deprecated setup.py egg_info --egg-base ../../build/package_image_process build --build-base /home/curry/wilson_proj/ros2-rover-ws/build/package_image_process/build install --record /home/curry/wilson_proj/ros2-rover-ws/build/package_image_process/install.log --single-version-externally-managed install_data
