[0.104s] DEBUG:colcon:Command line arguments: ['/usr/bin/colcon', 'build']
[0.104s] DEBUG:colcon:Parsed command line arguments: Namespace(log_base=None, log_level=None, verb_name='build', build_base='build', install_base='install', merge_install=False, symlink_install=False, test_result_base=None, continue_on_error=False, executor='parallel', parallel_workers=4, event_handlers=None, ignore_user_meta=False, metas=['./colcon.meta'], base_paths=['.'], packages_ignore=None, packages_ignore_regex=None, paths=None, packages_up_to=None, packages_up_to_regex=None, packages_above=None, packages_above_and_dependencies=None, packages_above_depth=None, packages_select_by_dep=None, packages_skip_by_dep=None, packages_skip_up_to=None, packages_select_build_failed=False, packages_skip_build_finished=False, packages_select_test_failures=False, packages_skip_test_passed=False, packages_select=None, packages_skip=None, packages_select_regex=None, packages_skip_regex=None, packages_start=None, packages_end=None, allow_overriding=[], cmake_args=None, cmake_target=None, cmake_target_skip_unavailable=False, cmake_clean_cache=False, cmake_clean_first=False, cmake_force_configure=False, ament_cmake_args=None, catkin_cmake_args=None, catkin_skip_building_tests=False, mixin_files=None, mixin=None, verb_parser=<colcon_mixin.mixin.mixin_argument.MixinArgumentDecorator object at 0x7c699fc45c00>, verb_extension=<colcon_core.verb.build.BuildVerb object at 0x7c699fd56350>, main=<bound method BuildVerb.main of <colcon_core.verb.build.BuildVerb object at 0x7c699fd56350>>, mixin_verb=('build',))
[0.260s] Level 1:colcon.colcon_core.package_discovery:discover_packages(colcon_meta) check parameters
[0.260s] Level 1:colcon.colcon_core.package_discovery:discover_packages(recursive) check parameters
[0.260s] Level 1:colcon.colcon_core.package_discovery:discover_packages(ignore) check parameters
[0.260s] Level 1:colcon.colcon_core.package_discovery:discover_packages(path) check parameters
[0.260s] Level 1:colcon.colcon_core.package_discovery:discover_packages(colcon_meta) discover
[0.260s] Level 1:colcon.colcon_core.package_discovery:discover_packages(recursive) discover
[0.260s] INFO:colcon.colcon_core.package_discovery:Crawling recursively for packages in '/home/yupi/rover_proj/ros2-base-ws'
[0.260s] Level 1:colcon.colcon_core.package_identification:_identify(.) by extensions ['ignore', 'ignore_ament_install']
[0.260s] Level 1:colcon.colcon_core.package_identification:_identify(.) by extension 'ignore'
[0.260s] Level 1:colcon.colcon_core.package_identification:_identify(.) by extension 'ignore_ament_install'
[0.260s] Level 1:colcon.colcon_core.package_identification:_identify(.) by extensions ['colcon_pkg']
[0.260s] Level 1:colcon.colcon_core.package_identification:_identify(.) by extension 'colcon_pkg'
[0.260s] Level 1:colcon.colcon_core.package_identification:_identify(.) by extensions ['colcon_meta']
[0.260s] Level 1:colcon.colcon_core.package_identification:_identify(.) by extension 'colcon_meta'
[0.260s] Level 1:colcon.colcon_core.package_identification:_identify(.) by extensions ['ros']
[0.260s] Level 1:colcon.colcon_core.package_identification:_identify(.) by extension 'ros'
[0.271s] Level 1:colcon.colcon_core.package_identification:_identify(.) by extensions ['cmake', 'python']
[0.271s] Level 1:colcon.colcon_core.package_identification:_identify(.) by extension 'cmake'
[0.271s] Level 1:colcon.colcon_core.package_identification:_identify(.) by extension 'python'
[0.271s] Level 1:colcon.colcon_core.package_identification:_identify(.) by extensions ['python_setup_py']
[0.271s] Level 1:colcon.colcon_core.package_identification:_identify(.) by extension 'python_setup_py'
[0.271s] Level 1:colcon.colcon_core.package_identification:_identify(build) by extensions ['ignore', 'ignore_ament_install']
[0.271s] Level 1:colcon.colcon_core.package_identification:_identify(build) by extension 'ignore'
[0.271s] Level 1:colcon.colcon_core.package_identification:_identify(build) ignored
[0.271s] Level 1:colcon.colcon_core.package_identification:_identify(install) by extensions ['ignore', 'ignore_ament_install']
[0.271s] Level 1:colcon.colcon_core.package_identification:_identify(install) by extension 'ignore'
[0.272s] Level 1:colcon.colcon_core.package_identification:_identify(install) ignored
[0.272s] Level 1:colcon.colcon_core.package_identification:_identify(log) by extensions ['ignore', 'ignore_ament_install']
[0.272s] Level 1:colcon.colcon_core.package_identification:_identify(log) by extension 'ignore'
[0.272s] Level 1:colcon.colcon_core.package_identification:_identify(log) ignored
[0.272s] Level 1:colcon.colcon_core.package_identification:_identify(src) by extensions ['ignore', 'ignore_ament_install']
[0.272s] Level 1:colcon.colcon_core.package_identification:_identify(src) by extension 'ignore'
[0.272s] Level 1:colcon.colcon_core.package_identification:_identify(src) by extension 'ignore_ament_install'
[0.272s] Level 1:colcon.colcon_core.package_identification:_identify(src) by extensions ['colcon_pkg']
[0.272s] Level 1:colcon.colcon_core.package_identification:_identify(src) by extension 'colcon_pkg'
[0.272s] Level 1:colcon.colcon_core.package_identification:_identify(src) by extensions ['colcon_meta']
[0.272s] Level 1:colcon.colcon_core.package_identification:_identify(src) by extension 'colcon_meta'
[0.272s] Level 1:colcon.colcon_core.package_identification:_identify(src) by extensions ['ros']
[0.272s] Level 1:colcon.colcon_core.package_identification:_identify(src) by extension 'ros'
[0.272s] Level 1:colcon.colcon_core.package_identification:_identify(src) by extensions ['cmake', 'python']
[0.272s] Level 1:colcon.colcon_core.package_identification:_identify(src) by extension 'cmake'
[0.272s] Level 1:colcon.colcon_core.package_identification:_identify(src) by extension 'python'
[0.272s] Level 1:colcon.colcon_core.package_identification:_identify(src) by extensions ['python_setup_py']
[0.272s] Level 1:colcon.colcon_core.package_identification:_identify(src) by extension 'python_setup_py'
[0.273s] Level 1:colcon.colcon_core.package_identification:_identify(src/action_interfaces) by extensions ['ignore', 'ignore_ament_install']
[0.273s] Level 1:colcon.colcon_core.package_identification:_identify(src/action_interfaces) by extension 'ignore'
[0.273s] Level 1:colcon.colcon_core.package_identification:_identify(src/action_interfaces) by extension 'ignore_ament_install'
[0.273s] Level 1:colcon.colcon_core.package_identification:_identify(src/action_interfaces) by extensions ['colcon_pkg']
[0.273s] Level 1:colcon.colcon_core.package_identification:_identify(src/action_interfaces) by extension 'colcon_pkg'
[0.273s] Level 1:colcon.colcon_core.package_identification:_identify(src/action_interfaces) by extensions ['colcon_meta']
[0.273s] Level 1:colcon.colcon_core.package_identification:_identify(src/action_interfaces) by extension 'colcon_meta'
[0.273s] Level 1:colcon.colcon_core.package_identification:_identify(src/action_interfaces) by extensions ['ros']
[0.273s] Level 1:colcon.colcon_core.package_identification:_identify(src/action_interfaces) by extension 'ros'
[0.275s] DEBUG:colcon.colcon_core.package_identification:Package 'src/action_interfaces' with type 'ros.ament_cmake' and name 'action_interfaces'
[0.275s] Level 1:colcon.colcon_core.package_identification:_identify(src/package_base_command) by extensions ['ignore', 'ignore_ament_install']
[0.275s] Level 1:colcon.colcon_core.package_identification:_identify(src/package_base_command) by extension 'ignore'
[0.276s] Level 1:colcon.colcon_core.package_identification:_identify(src/package_base_command) by extension 'ignore_ament_install'
[0.276s] Level 1:colcon.colcon_core.package_identification:_identify(src/package_base_command) by extensions ['colcon_pkg']
[0.276s] Level 1:colcon.colcon_core.package_identification:_identify(src/package_base_command) by extension 'colcon_pkg'
[0.276s] Level 1:colcon.colcon_core.package_identification:_identify(src/package_base_command) by extensions ['colcon_meta']
[0.276s] Level 1:colcon.colcon_core.package_identification:_identify(src/package_base_command) by extension 'colcon_meta'
[0.276s] Level 1:colcon.colcon_core.package_identification:_identify(src/package_base_command) by extensions ['ros']
[0.276s] Level 1:colcon.colcon_core.package_identification:_identify(src/package_base_command) by extension 'ros'
[0.276s] DEBUG:colcon.colcon_core.package_identification:Package 'src/package_base_command' with type 'ros.ament_cmake' and name 'package_base_command'
[0.277s] Level 1:colcon.colcon_core.package_identification:_identify(src/package_test) by extensions ['ignore', 'ignore_ament_install']
[0.277s] Level 1:colcon.colcon_core.package_identification:_identify(src/package_test) by extension 'ignore'
[0.277s] Level 1:colcon.colcon_core.package_identification:_identify(src/package_test) by extension 'ignore_ament_install'
[0.277s] Level 1:colcon.colcon_core.package_identification:_identify(src/package_test) by extensions ['colcon_pkg']
[0.277s] Level 1:colcon.colcon_core.package_identification:_identify(src/package_test) by extension 'colcon_pkg'
[0.277s] Level 1:colcon.colcon_core.package_identification:_identify(src/package_test) by extensions ['colcon_meta']
[0.277s] Level 1:colcon.colcon_core.package_identification:_identify(src/package_test) by extension 'colcon_meta'
[0.277s] Level 1:colcon.colcon_core.package_identification:_identify(src/package_test) by extensions ['ros']
[0.277s] Level 1:colcon.colcon_core.package_identification:_identify(src/package_test) by extension 'ros'
[0.277s] DEBUG:colcon.colcon_core.package_identification:Package 'src/package_test' with type 'ros.ament_cmake' and name 'package_test'
[0.277s] Level 1:colcon.colcon_core.package_discovery:discover_packages(recursive) using defaults
[0.277s] Level 1:colcon.colcon_core.package_discovery:discover_packages(ignore) discover
[0.277s] Level 1:colcon.colcon_core.package_discovery:discover_packages(ignore) using defaults
[0.277s] Level 1:colcon.colcon_core.package_discovery:discover_packages(path) discover
[0.277s] Level 1:colcon.colcon_core.package_discovery:discover_packages(path) using defaults
[0.304s] Level 1:colcon.colcon_core.package_discovery:discover_packages(prefix_path) check parameters
[0.304s] Level 1:colcon.colcon_core.package_discovery:discover_packages(prefix_path) discover
[0.306s] DEBUG:colcon.colcon_installed_package_information.package_discovery:Found 3 installed packages in /home/yupi/rover_proj/ros2-base-ws/install
[0.307s] DEBUG:colcon.colcon_installed_package_information.package_discovery:Found 7 installed packages in /home/yupi/rover_proj/mros2-host-examples-main/install
[0.308s] DEBUG:colcon.colcon_installed_package_information.package_discovery:Found 270 installed packages in /opt/ros/humble
[0.309s] Level 1:colcon.colcon_core.package_discovery:discover_packages(prefix_path) using defaults
[0.345s] Level 5:colcon.colcon_core.verb:set package 'action_interfaces' build argument 'cmake_args' from command line to 'None'
[0.345s] Level 5:colcon.colcon_core.verb:set package 'action_interfaces' build argument 'cmake_target' from command line to 'None'
[0.345s] Level 5:colcon.colcon_core.verb:set package 'action_interfaces' build argument 'cmake_target_skip_unavailable' from command line to 'False'
[0.345s] Level 5:colcon.colcon_core.verb:set package 'action_interfaces' build argument 'cmake_clean_cache' from command line to 'False'
[0.345s] Level 5:colcon.colcon_core.verb:set package 'action_interfaces' build argument 'cmake_clean_first' from command line to 'False'
[0.345s] Level 5:colcon.colcon_core.verb:set package 'action_interfaces' build argument 'cmake_force_configure' from command line to 'False'
[0.345s] Level 5:colcon.colcon_core.verb:set package 'action_interfaces' build argument 'ament_cmake_args' from command line to 'None'
[0.345s] Level 5:colcon.colcon_core.verb:set package 'action_interfaces' build argument 'catkin_cmake_args' from command line to 'None'
[0.345s] Level 5:colcon.colcon_core.verb:set package 'action_interfaces' build argument 'catkin_skip_building_tests' from command line to 'False'
[0.345s] DEBUG:colcon.colcon_core.verb:Building package 'action_interfaces' with the following arguments: {'ament_cmake_args': None, 'build_base': '/home/yupi/rover_proj/ros2-base-ws/build/action_interfaces', 'catkin_cmake_args': None, 'catkin_skip_building_tests': False, 'cmake_args': None, 'cmake_clean_cache': False, 'cmake_clean_first': False, 'cmake_force_configure': False, 'cmake_target': None, 'cmake_target_skip_unavailable': False, 'install_base': '/home/yupi/rover_proj/ros2-base-ws/install/action_interfaces', 'merge_install': False, 'path': '/home/yupi/rover_proj/ros2-base-ws/src/action_interfaces', 'symlink_install': False, 'test_result_base': None}
[0.345s] Level 5:colcon.colcon_core.verb:set package 'package_base_command' build argument 'cmake_args' from command line to 'None'
[0.345s] Level 5:colcon.colcon_core.verb:set package 'package_base_command' build argument 'cmake_target' from command line to 'None'
[0.345s] Level 5:colcon.colcon_core.verb:set package 'package_base_command' build argument 'cmake_target_skip_unavailable' from command line to 'False'
[0.345s] Level 5:colcon.colcon_core.verb:set package 'package_base_command' build argument 'cmake_clean_cache' from command line to 'False'
[0.346s] Level 5:colcon.colcon_core.verb:set package 'package_base_command' build argument 'cmake_clean_first' from command line to 'False'
[0.346s] Level 5:colcon.colcon_core.verb:set package 'package_base_command' build argument 'cmake_force_configure' from command line to 'False'
[0.346s] Level 5:colcon.colcon_core.verb:set package 'package_base_command' build argument 'ament_cmake_args' from command line to 'None'
[0.346s] Level 5:colcon.colcon_core.verb:set package 'package_base_command' build argument 'catkin_cmake_args' from command line to 'None'
[0.346s] Level 5:colcon.colcon_core.verb:set package 'package_base_command' build argument 'catkin_skip_building_tests' from command line to 'False'
[0.346s] DEBUG:colcon.colcon_core.verb:Building package 'package_base_command' with the following arguments: {'ament_cmake_args': None, 'build_base': '/home/yupi/rover_proj/ros2-base-ws/build/package_base_command', 'catkin_cmake_args': None, 'catkin_skip_building_tests': False, 'cmake_args': None, 'cmake_clean_cache': False, 'cmake_clean_first': False, 'cmake_force_configure': False, 'cmake_target': None, 'cmake_target_skip_unavailable': False, 'install_base': '/home/yupi/rover_proj/ros2-base-ws/install/package_base_command', 'merge_install': False, 'path': '/home/yupi/rover_proj/ros2-base-ws/src/package_base_command', 'symlink_install': False, 'test_result_base': None}
[0.346s] Level 5:colcon.colcon_core.verb:set package 'package_test' build argument 'cmake_args' from command line to 'None'
[0.346s] Level 5:colcon.colcon_core.verb:set package 'package_test' build argument 'cmake_target' from command line to 'None'
[0.346s] Level 5:colcon.colcon_core.verb:set package 'package_test' build argument 'cmake_target_skip_unavailable' from command line to 'False'
[0.346s] Level 5:colcon.colcon_core.verb:set package 'package_test' build argument 'cmake_clean_cache' from command line to 'False'
[0.346s] Level 5:colcon.colcon_core.verb:set package 'package_test' build argument 'cmake_clean_first' from command line to 'False'
[0.346s] Level 5:colcon.colcon_core.verb:set package 'package_test' build argument 'cmake_force_configure' from command line to 'False'
[0.346s] Level 5:colcon.colcon_core.verb:set package 'package_test' build argument 'ament_cmake_args' from command line to 'None'
[0.346s] Level 5:colcon.colcon_core.verb:set package 'package_test' build argument 'catkin_cmake_args' from command line to 'None'
[0.346s] Level 5:colcon.colcon_core.verb:set package 'package_test' build argument 'catkin_skip_building_tests' from command line to 'False'
[0.346s] DEBUG:colcon.colcon_core.verb:Building package 'package_test' with the following arguments: {'ament_cmake_args': None, 'build_base': '/home/yupi/rover_proj/ros2-base-ws/build/package_test', 'catkin_cmake_args': None, 'catkin_skip_building_tests': False, 'cmake_args': None, 'cmake_clean_cache': False, 'cmake_clean_first': False, 'cmake_force_configure': False, 'cmake_target': None, 'cmake_target_skip_unavailable': False, 'install_base': '/home/yupi/rover_proj/ros2-base-ws/install/package_test', 'merge_install': False, 'path': '/home/yupi/rover_proj/ros2-base-ws/src/package_test', 'symlink_install': False, 'test_result_base': None}
[0.346s] INFO:colcon.colcon_core.executor:Executing jobs using 'parallel' executor
[0.347s] DEBUG:colcon.colcon_parallel_executor.executor.parallel:run_until_complete
[0.347s] INFO:colcon.colcon_ros.task.ament_cmake.build:Building ROS package in '/home/yupi/rover_proj/ros2-base-ws/src/action_interfaces' with build type 'ament_cmake'
[0.348s] INFO:colcon.colcon_cmake.task.cmake.build:Building CMake package in '/home/yupi/rover_proj/ros2-base-ws/src/action_interfaces'
[0.350s] INFO:colcon.colcon_core.plugin_system:Skipping extension 'colcon_core.shell.bat': Not used on non-Windows systems
[0.350s] INFO:colcon.colcon_core.shell:Skip shell extension 'powershell' for command environment: Not usable outside of PowerShell
[0.350s] DEBUG:colcon.colcon_core.shell:Skip shell extension 'dsv' for command environment
[0.354s] INFO:colcon.colcon_ros.task.ament_cmake.build:Building ROS package in '/home/yupi/rover_proj/ros2-base-ws/src/package_base_command' with build type 'ament_cmake'
[0.354s] INFO:colcon.colcon_cmake.task.cmake.build:Building CMake package in '/home/yupi/rover_proj/ros2-base-ws/src/package_base_command'
[0.354s] INFO:colcon.colcon_core.shell:Skip shell extension 'powershell' for command environment: Not usable outside of PowerShell
[0.354s] DEBUG:colcon.colcon_core.shell:Skip shell extension 'dsv' for command environment
[0.358s] INFO:colcon.colcon_ros.task.ament_cmake.build:Building ROS package in '/home/yupi/rover_proj/ros2-base-ws/src/package_test' with build type 'ament_cmake'
[0.358s] INFO:colcon.colcon_cmake.task.cmake.build:Building CMake package in '/home/yupi/rover_proj/ros2-base-ws/src/package_test'
[0.358s] INFO:colcon.colcon_core.shell:Skip shell extension 'powershell' for command environment: Not usable outside of PowerShell
[0.358s] DEBUG:colcon.colcon_core.shell:Skip shell extension 'dsv' for command environment
[0.366s] DEBUG:colcon.colcon_core.event_handler.log_command:Invoking command in '/home/yupi/rover_proj/ros2-base-ws/build/action_interfaces': CMAKE_PREFIX_PATH=${CMAKE_PREFIX_PATH}:/opt/ros/humble /usr/bin/cmake --build /home/yupi/rover_proj/ros2-base-ws/build/action_interfaces -- -j4 -l4
[0.371s] DEBUG:colcon.colcon_core.event_handler.log_command:Invoking command in '/home/yupi/rover_proj/ros2-base-ws/build/package_base_command': CMAKE_PREFIX_PATH=${CMAKE_PREFIX_PATH}:/opt/ros/humble /usr/bin/cmake --build /home/yupi/rover_proj/ros2-base-ws/build/package_base_command -- -j4 -l4
[0.373s] DEBUG:colcon.colcon_core.event_handler.log_command:Invoking command in '/home/yupi/rover_proj/ros2-base-ws/build/package_test': CMAKE_PREFIX_PATH=${CMAKE_PREFIX_PATH}:/opt/ros/humble /usr/bin/cmake --build /home/yupi/rover_proj/ros2-base-ws/build/package_test -- -j4 -l4
[0.451s] DEBUG:colcon.colcon_core.event_handler.log_command:Invoked command in '/home/yupi/rover_proj/ros2-base-ws/build/package_test' returned '0': CMAKE_PREFIX_PATH=${CMAKE_PREFIX_PATH}:/opt/ros/humble /usr/bin/cmake --build /home/yupi/rover_proj/ros2-base-ws/build/package_test -- -j4 -l4
[0.508s] DEBUG:colcon.colcon_core.event_handler.log_command:Invoking command in '/home/yupi/rover_proj/ros2-base-ws/build/package_test': CMAKE_PREFIX_PATH=${CMAKE_PREFIX_PATH}:/opt/ros/humble /usr/bin/cmake --install /home/yupi/rover_proj/ros2-base-ws/build/package_test
[0.520s] Level 1:colcon.colcon_core.environment:create_environment_scripts_only(package_test)
[0.522s] Level 1:colcon.colcon_core.environment:checking '/home/yupi/rover_proj/ros2-base-ws/install/package_test' for CMake module files
[0.522s] Level 1:colcon.colcon_core.environment:checking '/home/yupi/rover_proj/ros2-base-ws/install/package_test' for CMake config files
[0.523s] DEBUG:colcon.colcon_core.event_handler.log_command:Invoked command in '/home/yupi/rover_proj/ros2-base-ws/build/package_test' returned '0': CMAKE_PREFIX_PATH=${CMAKE_PREFIX_PATH}:/opt/ros/humble /usr/bin/cmake --install /home/yupi/rover_proj/ros2-base-ws/build/package_test
[0.523s] Level 1:colcon.colcon_core.shell:create_environment_hook('package_test', 'cmake_prefix_path')
[0.523s] INFO:colcon.colcon_core.shell:Creating environment hook '/home/yupi/rover_proj/ros2-base-ws/install/package_test/share/package_test/hook/cmake_prefix_path.ps1'
[0.524s] INFO:colcon.colcon_core.shell:Creating environment descriptor '/home/yupi/rover_proj/ros2-base-ws/install/package_test/share/package_test/hook/cmake_prefix_path.dsv'
[0.524s] INFO:colcon.colcon_core.shell:Creating environment hook '/home/yupi/rover_proj/ros2-base-ws/install/package_test/share/package_test/hook/cmake_prefix_path.sh'
[0.526s] Level 1:colcon.colcon_core.environment:checking '/home/yupi/rover_proj/ros2-base-ws/install/package_test/lib'
[0.526s] Level 1:colcon.colcon_core.environment:checking '/home/yupi/rover_proj/ros2-base-ws/install/package_test/bin'
[0.526s] Level 1:colcon.colcon_core.environment:checking '/home/yupi/rover_proj/ros2-base-ws/install/package_test/lib/pkgconfig/package_test.pc'
[0.526s] Level 1:colcon.colcon_core.environment:checking '/home/yupi/rover_proj/ros2-base-ws/install/package_test/lib/python3.10/site-packages'
[0.526s] Level 1:colcon.colcon_core.environment:checking '/home/yupi/rover_proj/ros2-base-ws/install/package_test/bin'
[0.527s] INFO:colcon.colcon_core.shell:Creating package script '/home/yupi/rover_proj/ros2-base-ws/install/package_test/share/package_test/package.ps1'
[0.527s] INFO:colcon.colcon_core.shell:Creating package descriptor '/home/yupi/rover_proj/ros2-base-ws/install/package_test/share/package_test/package.dsv'
[0.528s] INFO:colcon.colcon_core.shell:Creating package script '/home/yupi/rover_proj/ros2-base-ws/install/package_test/share/package_test/package.sh'
[0.529s] INFO:colcon.colcon_core.shell:Creating package script '/home/yupi/rover_proj/ros2-base-ws/install/package_test/share/package_test/package.bash'
[0.529s] INFO:colcon.colcon_core.shell:Creating package script '/home/yupi/rover_proj/ros2-base-ws/install/package_test/share/package_test/package.zsh'
[0.530s] Level 1:colcon.colcon_core.environment:create_file_with_runtime_dependencies(/home/yupi/rover_proj/ros2-base-ws/install/package_test/share/colcon-core/packages/package_test)
[0.560s] Level 1:colcon.colcon_core.environment:create_environment_scripts_only(package_test)
[0.561s] Level 1:colcon.colcon_core.environment:checking '/home/yupi/rover_proj/ros2-base-ws/install/package_test' for CMake module files
[0.561s] Level 1:colcon.colcon_core.environment:checking '/home/yupi/rover_proj/ros2-base-ws/install/package_test' for CMake config files
[0.561s] Level 1:colcon.colcon_core.shell:create_environment_hook('package_test', 'cmake_prefix_path')
[0.561s] INFO:colcon.colcon_core.shell:Creating environment hook '/home/yupi/rover_proj/ros2-base-ws/install/package_test/share/package_test/hook/cmake_prefix_path.ps1'
[0.562s] INFO:colcon.colcon_core.shell:Creating environment descriptor '/home/yupi/rover_proj/ros2-base-ws/install/package_test/share/package_test/hook/cmake_prefix_path.dsv'
[0.562s] INFO:colcon.colcon_core.shell:Creating environment hook '/home/yupi/rover_proj/ros2-base-ws/install/package_test/share/package_test/hook/cmake_prefix_path.sh'
[0.563s] Level 1:colcon.colcon_core.environment:checking '/home/yupi/rover_proj/ros2-base-ws/install/package_test/lib'
[0.563s] Level 1:colcon.colcon_core.environment:checking '/home/yupi/rover_proj/ros2-base-ws/install/package_test/bin'
[0.563s] Level 1:colcon.colcon_core.environment:checking '/home/yupi/rover_proj/ros2-base-ws/install/package_test/lib/pkgconfig/package_test.pc'
[0.563s] Level 1:colcon.colcon_core.environment:checking '/home/yupi/rover_proj/ros2-base-ws/install/package_test/lib/python3.10/site-packages'
[0.563s] Level 1:colcon.colcon_core.environment:checking '/home/yupi/rover_proj/ros2-base-ws/install/package_test/bin'
[0.564s] INFO:colcon.colcon_core.shell:Creating package script '/home/yupi/rover_proj/ros2-base-ws/install/package_test/share/package_test/package.ps1'
[0.564s] INFO:colcon.colcon_core.shell:Creating package descriptor '/home/yupi/rover_proj/ros2-base-ws/install/package_test/share/package_test/package.dsv'
[0.565s] INFO:colcon.colcon_core.shell:Creating package script '/home/yupi/rover_proj/ros2-base-ws/install/package_test/share/package_test/package.sh'
[0.565s] INFO:colcon.colcon_core.shell:Creating package script '/home/yupi/rover_proj/ros2-base-ws/install/package_test/share/package_test/package.bash'
[0.565s] INFO:colcon.colcon_core.shell:Creating package script '/home/yupi/rover_proj/ros2-base-ws/install/package_test/share/package_test/package.zsh'
[0.566s] Level 1:colcon.colcon_core.environment:create_file_with_runtime_dependencies(/home/yupi/rover_proj/ros2-base-ws/install/package_test/share/colcon-core/packages/package_test)
[0.757s] DEBUG:colcon.colcon_core.event_handler.log_command:Invoked command in '/home/yupi/rover_proj/ros2-base-ws/build/action_interfaces' returned '0': CMAKE_PREFIX_PATH=${CMAKE_PREFIX_PATH}:/opt/ros/humble /usr/bin/cmake --build /home/yupi/rover_proj/ros2-base-ws/build/action_interfaces -- -j4 -l4
[0.819s] DEBUG:colcon.colcon_core.event_handler.log_command:Invoking command in '/home/yupi/rover_proj/ros2-base-ws/build/action_interfaces': CMAKE_PREFIX_PATH=${CMAKE_PREFIX_PATH}:/opt/ros/humble /usr/bin/cmake --install /home/yupi/rover_proj/ros2-base-ws/build/action_interfaces
[0.884s] Level 1:colcon.colcon_core.environment:create_environment_scripts_only(action_interfaces)
[0.884s] Level 1:colcon.colcon_core.environment:checking '/home/yupi/rover_proj/ros2-base-ws/install/action_interfaces' for CMake module files
[0.884s] DEBUG:colcon.colcon_core.event_handler.log_command:Invoked command in '/home/yupi/rover_proj/ros2-base-ws/build/action_interfaces' returned '0': CMAKE_PREFIX_PATH=${CMAKE_PREFIX_PATH}:/opt/ros/humble /usr/bin/cmake --install /home/yupi/rover_proj/ros2-base-ws/build/action_interfaces
[0.885s] Level 1:colcon.colcon_core.environment:checking '/home/yupi/rover_proj/ros2-base-ws/install/action_interfaces' for CMake config files
[0.888s] Level 1:colcon.colcon_core.shell:create_environment_hook('action_interfaces', 'cmake_prefix_path')
[0.888s] INFO:colcon.colcon_core.shell:Creating environment hook '/home/yupi/rover_proj/ros2-base-ws/install/action_interfaces/share/action_interfaces/hook/cmake_prefix_path.ps1'
[0.889s] INFO:colcon.colcon_core.shell:Creating environment descriptor '/home/yupi/rover_proj/ros2-base-ws/install/action_interfaces/share/action_interfaces/hook/cmake_prefix_path.dsv'
[0.889s] INFO:colcon.colcon_core.shell:Creating environment hook '/home/yupi/rover_proj/ros2-base-ws/install/action_interfaces/share/action_interfaces/hook/cmake_prefix_path.sh'
[0.890s] Level 1:colcon.colcon_core.environment:checking '/home/yupi/rover_proj/ros2-base-ws/install/action_interfaces/lib'
[0.890s] Level 1:colcon.colcon_core.shell:create_environment_hook('action_interfaces', 'ld_library_path_lib')
[0.890s] INFO:colcon.colcon_core.shell:Creating environment hook '/home/yupi/rover_proj/ros2-base-ws/install/action_interfaces/share/action_interfaces/hook/ld_library_path_lib.ps1'
[0.890s] INFO:colcon.colcon_core.shell:Creating environment descriptor '/home/yupi/rover_proj/ros2-base-ws/install/action_interfaces/share/action_interfaces/hook/ld_library_path_lib.dsv'
[0.891s] INFO:colcon.colcon_core.shell:Creating environment hook '/home/yupi/rover_proj/ros2-base-ws/install/action_interfaces/share/action_interfaces/hook/ld_library_path_lib.sh'
[0.891s] Level 1:colcon.colcon_core.environment:checking '/home/yupi/rover_proj/ros2-base-ws/install/action_interfaces/bin'
[0.891s] Level 1:colcon.colcon_core.environment:checking '/home/yupi/rover_proj/ros2-base-ws/install/action_interfaces/lib/pkgconfig/action_interfaces.pc'
[0.891s] Level 1:colcon.colcon_core.environment:checking '/home/yupi/rover_proj/ros2-base-ws/install/action_interfaces/lib/python3.10/site-packages'
[0.892s] Level 1:colcon.colcon_core.environment:checking '/home/yupi/rover_proj/ros2-base-ws/install/action_interfaces/bin'
[0.892s] INFO:colcon.colcon_core.shell:Creating package script '/home/yupi/rover_proj/ros2-base-ws/install/action_interfaces/share/action_interfaces/package.ps1'
[0.892s] INFO:colcon.colcon_core.shell:Creating package descriptor '/home/yupi/rover_proj/ros2-base-ws/install/action_interfaces/share/action_interfaces/package.dsv'
[0.893s] INFO:colcon.colcon_core.shell:Creating package script '/home/yupi/rover_proj/ros2-base-ws/install/action_interfaces/share/action_interfaces/package.sh'
[0.893s] INFO:colcon.colcon_core.shell:Creating package script '/home/yupi/rover_proj/ros2-base-ws/install/action_interfaces/share/action_interfaces/package.bash'
[0.894s] INFO:colcon.colcon_core.shell:Creating package script '/home/yupi/rover_proj/ros2-base-ws/install/action_interfaces/share/action_interfaces/package.zsh'
[0.894s] Level 1:colcon.colcon_core.environment:create_file_with_runtime_dependencies(/home/yupi/rover_proj/ros2-base-ws/install/action_interfaces/share/colcon-core/packages/action_interfaces)
[0.956s] Level 1:colcon.colcon_core.environment:create_environment_scripts_only(action_interfaces)
[0.956s] Level 1:colcon.colcon_core.environment:checking '/home/yupi/rover_proj/ros2-base-ws/install/action_interfaces' for CMake module files
[0.957s] Level 1:colcon.colcon_core.environment:checking '/home/yupi/rover_proj/ros2-base-ws/install/action_interfaces' for CMake config files
[0.957s] Level 1:colcon.colcon_core.shell:create_environment_hook('action_interfaces', 'cmake_prefix_path')
[0.957s] INFO:colcon.colcon_core.shell:Creating environment hook '/home/yupi/rover_proj/ros2-base-ws/install/action_interfaces/share/action_interfaces/hook/cmake_prefix_path.ps1'
[0.958s] INFO:colcon.colcon_core.shell:Creating environment descriptor '/home/yupi/rover_proj/ros2-base-ws/install/action_interfaces/share/action_interfaces/hook/cmake_prefix_path.dsv'
[0.958s] INFO:colcon.colcon_core.shell:Creating environment hook '/home/yupi/rover_proj/ros2-base-ws/install/action_interfaces/share/action_interfaces/hook/cmake_prefix_path.sh'
[0.959s] Level 1:colcon.colcon_core.environment:checking '/home/yupi/rover_proj/ros2-base-ws/install/action_interfaces/lib'
[0.959s] Level 1:colcon.colcon_core.shell:create_environment_hook('action_interfaces', 'ld_library_path_lib')
[0.959s] INFO:colcon.colcon_core.shell:Creating environment hook '/home/yupi/rover_proj/ros2-base-ws/install/action_interfaces/share/action_interfaces/hook/ld_library_path_lib.ps1'
[0.959s] INFO:colcon.colcon_core.shell:Creating environment descriptor '/home/yupi/rover_proj/ros2-base-ws/install/action_interfaces/share/action_interfaces/hook/ld_library_path_lib.dsv'
[0.960s] INFO:colcon.colcon_core.shell:Creating environment hook '/home/yupi/rover_proj/ros2-base-ws/install/action_interfaces/share/action_interfaces/hook/ld_library_path_lib.sh'
[0.960s] Level 1:colcon.colcon_core.environment:checking '/home/yupi/rover_proj/ros2-base-ws/install/action_interfaces/bin'
[0.960s] Level 1:colcon.colcon_core.environment:checking '/home/yupi/rover_proj/ros2-base-ws/install/action_interfaces/lib/pkgconfig/action_interfaces.pc'
[0.960s] Level 1:colcon.colcon_core.environment:checking '/home/yupi/rover_proj/ros2-base-ws/install/action_interfaces/lib/python3.10/site-packages'
[0.961s] Level 1:colcon.colcon_core.environment:checking '/home/yupi/rover_proj/ros2-base-ws/install/action_interfaces/bin'
[0.961s] INFO:colcon.colcon_core.shell:Creating package script '/home/yupi/rover_proj/ros2-base-ws/install/action_interfaces/share/action_interfaces/package.ps1'
[0.961s] INFO:colcon.colcon_core.shell:Creating package descriptor '/home/yupi/rover_proj/ros2-base-ws/install/action_interfaces/share/action_interfaces/package.dsv'
[0.962s] INFO:colcon.colcon_core.shell:Creating package script '/home/yupi/rover_proj/ros2-base-ws/install/action_interfaces/share/action_interfaces/package.sh'
[0.962s] INFO:colcon.colcon_core.shell:Creating package script '/home/yupi/rover_proj/ros2-base-ws/install/action_interfaces/share/action_interfaces/package.bash'
[0.963s] INFO:colcon.colcon_core.shell:Creating package script '/home/yupi/rover_proj/ros2-base-ws/install/action_interfaces/share/action_interfaces/package.zsh'
[0.963s] Level 1:colcon.colcon_core.environment:create_file_with_runtime_dependencies(/home/yupi/rover_proj/ros2-base-ws/install/action_interfaces/share/colcon-core/packages/action_interfaces)
[3.395s] DEBUG:colcon.colcon_core.event_handler.log_command:Invoked command in '/home/yupi/rover_proj/ros2-base-ws/build/package_base_command' returned '2': CMAKE_PREFIX_PATH=${CMAKE_PREFIX_PATH}:/opt/ros/humble /usr/bin/cmake --build /home/yupi/rover_proj/ros2-base-ws/build/package_base_command -- -j4 -l4
[3.425s] Level 1:colcon.colcon_core.environment:create_environment_scripts_only(package_base_command)
[3.425s] Level 1:colcon.colcon_core.environment:checking '/home/yupi/rover_proj/ros2-base-ws/install/package_base_command' for CMake module files
[3.426s] Level 1:colcon.colcon_core.environment:checking '/home/yupi/rover_proj/ros2-base-ws/install/package_base_command' for CMake config files
[3.426s] Level 1:colcon.colcon_core.shell:create_environment_hook('package_base_command', 'cmake_prefix_path')
[3.426s] INFO:colcon.colcon_core.shell:Creating environment hook '/home/yupi/rover_proj/ros2-base-ws/install/package_base_command/share/package_base_command/hook/cmake_prefix_path.ps1'
[3.426s] INFO:colcon.colcon_core.shell:Creating environment descriptor '/home/yupi/rover_proj/ros2-base-ws/install/package_base_command/share/package_base_command/hook/cmake_prefix_path.dsv'
[3.427s] INFO:colcon.colcon_core.shell:Creating environment hook '/home/yupi/rover_proj/ros2-base-ws/install/package_base_command/share/package_base_command/hook/cmake_prefix_path.sh'
[3.427s] Level 1:colcon.colcon_core.environment:checking '/home/yupi/rover_proj/ros2-base-ws/install/package_base_command/lib'
[3.427s] Level 1:colcon.colcon_core.shell:create_environment_hook('package_base_command', 'ld_library_path_lib')
[3.427s] INFO:colcon.colcon_core.shell:Creating environment hook '/home/yupi/rover_proj/ros2-base-ws/install/package_base_command/share/package_base_command/hook/ld_library_path_lib.ps1'
[3.428s] INFO:colcon.colcon_core.shell:Creating environment descriptor '/home/yupi/rover_proj/ros2-base-ws/install/package_base_command/share/package_base_command/hook/ld_library_path_lib.dsv'
[3.428s] INFO:colcon.colcon_core.shell:Creating environment hook '/home/yupi/rover_proj/ros2-base-ws/install/package_base_command/share/package_base_command/hook/ld_library_path_lib.sh'
[3.428s] Level 1:colcon.colcon_core.environment:checking '/home/yupi/rover_proj/ros2-base-ws/install/package_base_command/bin'
[3.428s] Level 1:colcon.colcon_core.environment:checking '/home/yupi/rover_proj/ros2-base-ws/install/package_base_command/lib/pkgconfig/package_base_command.pc'
[3.429s] Level 1:colcon.colcon_core.environment:checking '/home/yupi/rover_proj/ros2-base-ws/install/package_base_command/lib/python3.10/site-packages'
[3.429s] Level 1:colcon.colcon_core.environment:checking '/home/yupi/rover_proj/ros2-base-ws/install/package_base_command/bin'
[3.429s] INFO:colcon.colcon_core.shell:Creating package script '/home/yupi/rover_proj/ros2-base-ws/install/package_base_command/share/package_base_command/package.ps1'
[3.430s] INFO:colcon.colcon_core.shell:Creating package descriptor '/home/yupi/rover_proj/ros2-base-ws/install/package_base_command/share/package_base_command/package.dsv'
[3.430s] INFO:colcon.colcon_core.shell:Creating package script '/home/yupi/rover_proj/ros2-base-ws/install/package_base_command/share/package_base_command/package.sh'
[3.431s] INFO:colcon.colcon_core.shell:Creating package script '/home/yupi/rover_proj/ros2-base-ws/install/package_base_command/share/package_base_command/package.bash'
[3.431s] INFO:colcon.colcon_core.shell:Creating package script '/home/yupi/rover_proj/ros2-base-ws/install/package_base_command/share/package_base_command/package.zsh'
[3.431s] Level 1:colcon.colcon_core.environment:create_file_with_runtime_dependencies(/home/yupi/rover_proj/ros2-base-ws/install/package_base_command/share/colcon-core/packages/package_base_command)
[3.442s] DEBUG:colcon.colcon_parallel_executor.executor.parallel:closing loop
[3.442s] DEBUG:colcon.colcon_parallel_executor.executor.parallel:loop closed
[3.442s] DEBUG:colcon.colcon_parallel_executor.executor.parallel:run_until_complete finished with '2'
[3.442s] DEBUG:colcon.colcon_core.event_reactor:joining thread
[3.447s] INFO:colcon.colcon_core.plugin_system:Skipping extension 'colcon_notification.desktop_notification.terminal_notifier': Not used on non-Darwin systems
[3.447s] INFO:colcon.colcon_core.plugin_system:Skipping extension 'colcon_notification.desktop_notification.win32': Not used on non-Windows systems
[3.447s] INFO:colcon.colcon_notification.desktop_notification:Sending desktop notification using 'notify2'
[3.456s] DEBUG:colcon.colcon_core.event_reactor:joined thread
[3.456s] INFO:colcon.colcon_core.shell:Creating prefix script '/home/yupi/rover_proj/ros2-base-ws/install/local_setup.ps1'
[3.457s] INFO:colcon.colcon_core.shell:Creating prefix util module '/home/yupi/rover_proj/ros2-base-ws/install/_local_setup_util_ps1.py'
[3.459s] INFO:colcon.colcon_core.shell:Creating prefix chain script '/home/yupi/rover_proj/ros2-base-ws/install/setup.ps1'
[3.460s] INFO:colcon.colcon_core.shell:Creating prefix script '/home/yupi/rover_proj/ros2-base-ws/install/local_setup.sh'
[3.461s] INFO:colcon.colcon_core.shell:Creating prefix util module '/home/yupi/rover_proj/ros2-base-ws/install/_local_setup_util_sh.py'
[3.461s] INFO:colcon.colcon_core.shell:Creating prefix chain script '/home/yupi/rover_proj/ros2-base-ws/install/setup.sh'
[3.463s] INFO:colcon.colcon_core.shell:Creating prefix script '/home/yupi/rover_proj/ros2-base-ws/install/local_setup.bash'
[3.463s] INFO:colcon.colcon_core.shell:Creating prefix chain script '/home/yupi/rover_proj/ros2-base-ws/install/setup.bash'
[3.464s] INFO:colcon.colcon_core.shell:Creating prefix script '/home/yupi/rover_proj/ros2-base-ws/install/local_setup.zsh'
[3.465s] INFO:colcon.colcon_core.shell:Creating prefix chain script '/home/yupi/rover_proj/ros2-base-ws/install/setup.zsh'
