[0.019s] Invoking command in '/home/yupi/wilson_proj/ros2-rover-ws/build/msgs_ifaces': CMAKE_PREFIX_PATH=${CMAKE_PREFIX_PATH}:/opt/ros/humble /usr/bin/cmake --build /home/yupi/wilson_proj/ros2-rover-ws/build/msgs_ifaces -- -j4 -l4
[0.061s] [  3%] [34m[1mGenerating C code for ROS interfaces[0m
[0.075s] [  6%] [34m[1mGenerating C++ code for ROS interfaces[0m
[0.082s] [  6%] Built target ament_cmake_python_copy_msgs_ifaces
[0.341s] [  6%] Built target msgs_ifaces__cpp
[0.341s] running egg_info
[0.341s] creating msgs_ifaces.egg-info
[0.342s] writing msgs_ifaces.egg-info/PKG-INFO
[0.342s] writing dependency_links to msgs_ifaces.egg-info/dependency_links.txt
[0.342s] writing top-level names to msgs_ifaces.egg-info/top_level.txt
[0.343s] writing manifest file 'msgs_ifaces.egg-info/SOURCES.txt'
[0.344s] reading manifest file 'msgs_ifaces.egg-info/SOURCES.txt'
[0.344s] writing manifest file 'msgs_ifaces.egg-info/SOURCES.txt'
[0.353s] [  9%] [32mBuilding C object CMakeFiles/msgs_ifaces__rosidl_generator_c.dir/rosidl_generator_c/msgs_ifaces/msg/detail/gnss_data__functions.c.o[0m
[0.356s] [ 12%] [34m[1mGenerating C++ type support dispatch for ROS interfaces[0m
[0.358s] [ 16%] [34m[1mGenerating C++ type support for eProsima Fast-RTPS[0m
[0.372s] [ 16%] Built target ament_cmake_python_build_msgs_ifaces_egg
[0.383s] [ 19%] [34m[1mGenerating C++ introspection for ROS interfaces[0m
[0.408s] [ 22%] [32m[1mLinking C shared library libmsgs_ifaces__rosidl_generator_c.so[0m
[0.449s] [ 22%] Built target msgs_ifaces__rosidl_generator_c
[0.462s] [ 25%] [34m[1mGenerating C type support for eProsima Fast-RTPS[0m
[0.581s] [ 29%] [32mBuilding CXX object CMakeFiles/msgs_ifaces__rosidl_typesupport_cpp.dir/rosidl_typesupport_cpp/msgs_ifaces/msg/gnss_data__type_support.cpp.o[0m
[0.614s] [ 32%] [32mBuilding CXX object CMakeFiles/msgs_ifaces__rosidl_typesupport_fastrtps_cpp.dir/rosidl_typesupport_fastrtps_cpp/msgs_ifaces/msg/detail/dds_fastrtps/gnss_data__type_support.cpp.o[0m
[0.624s] [ 35%] [32mBuilding CXX object CMakeFiles/msgs_ifaces__rosidl_typesupport_introspection_cpp.dir/rosidl_typesupport_introspection_cpp/msgs_ifaces/msg/detail/gnss_data__type_support.cpp.o[0m
[0.728s] [ 38%] [32mBuilding CXX object CMakeFiles/msgs_ifaces__rosidl_typesupport_fastrtps_c.dir/rosidl_typesupport_fastrtps_c/msgs_ifaces/msg/detail/gnss_data__type_support_c.cpp.o[0m
[0.857s] [ 41%] [32m[1mLinking CXX shared library libmsgs_ifaces__rosidl_typesupport_cpp.so[0m
[0.903s] [ 41%] Built target msgs_ifaces__rosidl_typesupport_cpp
[0.914s] [ 45%] [34m[1mGenerating C introspection for ROS interfaces[0m
[0.993s] [ 48%] [32m[1mLinking CXX shared library libmsgs_ifaces__rosidl_typesupport_introspection_cpp.so[0m
[1.007s] [ 51%] [32m[1mLinking CXX shared library libmsgs_ifaces__rosidl_typesupport_fastrtps_cpp.so[0m
[1.064s] [ 51%] Built target msgs_ifaces__rosidl_typesupport_introspection_cpp
[1.074s] [ 54%] [32m[1mLinking CXX shared library libmsgs_ifaces__rosidl_typesupport_fastrtps_c.so[0m
[1.076s] [ 58%] [34m[1mGenerating C type support dispatch for ROS interfaces[0m
[1.090s] [ 58%] Built target msgs_ifaces__rosidl_typesupport_fastrtps_cpp
[1.165s] [ 58%] Built target msgs_ifaces__rosidl_typesupport_fastrtps_c
[1.194s] [ 61%] [32mBuilding C object CMakeFiles/msgs_ifaces__rosidl_typesupport_introspection_c.dir/rosidl_typesupport_introspection_c/msgs_ifaces/msg/detail/gnss_data__type_support.c.o[0m
[1.229s] [ 64%] [32m[1mLinking C shared library libmsgs_ifaces__rosidl_typesupport_introspection_c.so[0m
[1.260s] [ 64%] Built target msgs_ifaces__rosidl_typesupport_introspection_c
[1.305s] [ 67%] [32mBuilding CXX object CMakeFiles/msgs_ifaces__rosidl_typesupport_c.dir/rosidl_typesupport_c/msgs_ifaces/msg/gnss_data__type_support.cpp.o[0m
[1.336s] [ 70%] [32m[1mLinking CXX shared library libmsgs_ifaces__rosidl_typesupport_c.so[0m
[1.384s] [ 70%] Built target msgs_ifaces__rosidl_typesupport_c
[1.406s] [ 70%] Built target msgs_ifaces
[1.429s] [ 74%] [34m[1mGenerating Python code for ROS interfaces[0m
[1.726s] [ 74%] Built target msgs_ifaces__py
[1.747s] [ 77%] [32mBuilding C object CMakeFiles/msgs_ifaces__rosidl_generator_py.dir/rosidl_generator_py/msgs_ifaces/msg/_gnss_data_s.c.o[0m
[1.848s] [ 80%] [32m[1mLinking C shared library rosidl_generator_py/msgs_ifaces/libmsgs_ifaces__rosidl_generator_py.so[0m
[1.888s] [ 80%] Built target msgs_ifaces__rosidl_generator_py
[1.910s] [ 87%] [32mBuilding C object CMakeFiles/msgs_ifaces__rosidl_typesupport_fastrtps_c__pyext.dir/rosidl_generator_py/msgs_ifaces/_msgs_ifaces_s.ep.rosidl_typesupport_fastrtps_c.c.o[0m
[1.910s] [ 87%] [32mBuilding C object CMakeFiles/msgs_ifaces__rosidl_typesupport_c__pyext.dir/rosidl_generator_py/msgs_ifaces/_msgs_ifaces_s.ep.rosidl_typesupport_c.c.o[0m
[1.910s] [ 90%] [32mBuilding C object CMakeFiles/msgs_ifaces__rosidl_typesupport_introspection_c__pyext.dir/rosidl_generator_py/msgs_ifaces/_msgs_ifaces_s.ep.rosidl_typesupport_introspection_c.c.o[0m
[2.011s] [ 96%] [32m[1mLinking C shared library rosidl_generator_py/msgs_ifaces/msgs_ifaces_s__rosidl_typesupport_fastrtps_c.cpython-310-x86_64-linux-gnu.so[0m
[2.011s] [ 96%] [32m[1mLinking C shared library rosidl_generator_py/msgs_ifaces/msgs_ifaces_s__rosidl_typesupport_c.cpython-310-x86_64-linux-gnu.so[0m
[2.014s] [100%] [32m[1mLinking C shared library rosidl_generator_py/msgs_ifaces/msgs_ifaces_s__rosidl_typesupport_introspection_c.cpython-310-x86_64-linux-gnu.so[0m
[2.052s] [100%] Built target msgs_ifaces__rosidl_typesupport_fastrtps_c__pyext
[2.052s] [100%] Built target msgs_ifaces__rosidl_typesupport_c__pyext
[2.054s] [100%] Built target msgs_ifaces__rosidl_typesupport_introspection_c__pyext
