[6.058s] Invoking command in '/home/curry/wilson_proj/ros2-rover-ws/src/package_image_process': PYTHONPATH=/home/curry/wilson_proj/ros2-rover-ws/build/package_image_process/prefix_override:/usr/lib/python3/dist-packages/colcon_core/task/python/colcon_distutils_commands:/home/curry/wilson_proj/ros2-rover-ws/install/package_image_process/lib/python3.10/site-packages:${PYTHONPATH} /usr/bin/python3 -W ignore:setup.py install is deprecated -W ignore:easy_install command is deprecated setup.py egg_info --egg-base ../../build/package_image_process build --build-base /home/curry/wilson_proj/ros2-rover-ws/build/package_image_process/build install --record /home/curry/wilson_proj/ros2-rover-ws/build/package_image_process/install.log --single-version-externally-managed install_data
[7.950s] running egg_info
[7.955s] writing ../../build/package_image_process/package_image_process.egg-info/PKG-INFO
[7.956s] writing dependency_links to ../../build/package_image_process/package_image_process.egg-info/dependency_links.txt
[7.958s] writing entry points to ../../build/package_image_process/package_image_process.egg-info/entry_points.txt
[7.959s] writing requirements to ../../build/package_image_process/package_image_process.egg-info/requires.txt
[7.960s] writing top-level names to ../../build/package_image_process/package_image_process.egg-info/top_level.txt
[7.971s] reading manifest file '../../build/package_image_process/package_image_process.egg-info/SOURCES.txt'
[7.973s] adding license file 'LICENSE'
[7.977s] writing manifest file '../../build/package_image_process/package_image_process.egg-info/SOURCES.txt'
[7.978s] running build
[7.978s] running build_py
[7.980s] running install
[7.982s] running install_lib
[7.989s] running install_data
[7.989s] running install_egg_info
[7.998s] removing '/home/curry/wilson_proj/ros2-rover-ws/install/package_image_process/lib/python3.10/site-packages/package_image_process-0.0.0-py3.10.egg-info' (and everything under it)
[8.000s] Copying ../../build/package_image_process/package_image_process.egg-info to /home/curry/wilson_proj/ros2-rover-ws/install/package_image_process/lib/python3.10/site-packages/package_image_process-0.0.0-py3.10.egg-info
[8.006s] running install_scripts
[8.099s] Installing node_image_process script to /home/curry/wilson_proj/ros2-rover-ws/install/package_image_process/lib/package_image_process
[8.102s] writing list of installed files to '/home/curry/wilson_proj/ros2-rover-ws/build/package_image_process/install.log'
[8.251s] Invoked command in '/home/curry/wilson_proj/ros2-rover-ws/src/package_image_process' returned '0': PYTHONPATH=/home/curry/wilson_proj/ros2-rover-ws/build/package_image_process/prefix_override:/usr/lib/python3/dist-packages/colcon_core/task/python/colcon_distutils_commands:/home/curry/wilson_proj/ros2-rover-ws/install/package_image_process/lib/python3.10/site-packages:${PYTHONPATH} /usr/bin/python3 -W ignore:setup.py install is deprecated -W ignore:easy_install command is deprecated setup.py egg_info --egg-base ../../build/package_image_process build --build-base /home/curry/wilson_proj/ros2-rover-ws/build/package_image_process/build install --record /home/curry/wilson_proj/ros2-rover-ws/build/package_image_process/install.log --single-version-externally-managed install_data
