[5.015s] Invoking command in '/home/curry/wilson_proj/ros2-rover-ws/src/package_image_process': PYTHONPATH=/home/curry/wilson_proj/ros2-rover-ws/build/package_image_process/prefix_override:/usr/lib/python3/dist-packages/colcon_core/task/python/colcon_distutils_commands:/home/curry/wilson_proj/ros2-rover-ws/install/package_image_process/lib/python3.10/site-packages:${PYTHONPATH} /usr/bin/python3 -W ignore:setup.py install is deprecated -W ignore:easy_install command is deprecated setup.py egg_info --egg-base ../../build/package_image_process build --build-base /home/curry/wilson_proj/ros2-rover-ws/build/package_image_process/build install --record /home/curry/wilson_proj/ros2-rover-ws/build/package_image_process/install.log --single-version-externally-managed install_data
[6.912s] running egg_info
[6.918s] writing ../../build/package_image_process/package_image_process.egg-info/PKG-INFO
[6.919s] writing dependency_links to ../../build/package_image_process/package_image_process.egg-info/dependency_links.txt
[6.922s] writing entry points to ../../build/package_image_process/package_image_process.egg-info/entry_points.txt
[6.923s] writing requirements to ../../build/package_image_process/package_image_process.egg-info/requires.txt
[6.928s] writing top-level names to ../../build/package_image_process/package_image_process.egg-info/top_level.txt
[6.940s] reading manifest file '../../build/package_image_process/package_image_process.egg-info/SOURCES.txt'
[6.941s] adding license file 'LICENSE'
[6.946s] writing manifest file '../../build/package_image_process/package_image_process.egg-info/SOURCES.txt'
[6.947s] running build
[6.948s] running build_py
[6.948s] running install
[6.949s] running install_lib
[6.956s] running install_data
[6.957s] running install_egg_info
[6.965s] removing '/home/curry/wilson_proj/ros2-rover-ws/install/package_image_process/lib/python3.10/site-packages/package_image_process-0.0.0-py3.10.egg-info' (and everything under it)
[6.967s] Copying ../../build/package_image_process/package_image_process.egg-info to /home/curry/wilson_proj/ros2-rover-ws/install/package_image_process/lib/python3.10/site-packages/package_image_process-0.0.0-py3.10.egg-info
[6.976s] running install_scripts
[7.079s] Installing node_image_process script to /home/curry/wilson_proj/ros2-rover-ws/install/package_image_process/lib/package_image_process
[7.082s] writing list of installed files to '/home/curry/wilson_proj/ros2-rover-ws/build/package_image_process/install.log'
[7.247s] Invoked command in '/home/curry/wilson_proj/ros2-rover-ws/src/package_image_process' returned '0': PYTHONPATH=/home/curry/wilson_proj/ros2-rover-ws/build/package_image_process/prefix_override:/usr/lib/python3/dist-packages/colcon_core/task/python/colcon_distutils_commands:/home/curry/wilson_proj/ros2-rover-ws/install/package_image_process/lib/python3.10/site-packages:${PYTHONPATH} /usr/bin/python3 -W ignore:setup.py install is deprecated -W ignore:easy_install command is deprecated setup.py egg_info --egg-base ../../build/package_image_process build --build-base /home/curry/wilson_proj/ros2-rover-ws/build/package_image_process/build install --record /home/curry/wilson_proj/ros2-rover-ws/build/package_image_process/install.log --single-version-externally-managed install_data
