[0.063s] Invoking command in '/home/curry/wilson_proj/ros2-rover-ws/build/msgs_mainrocon': CMAKE_PREFIX_PATH=${CMAKE_PREFIX_PATH}:/opt/ros/humble /usr/bin/cmake /home/curry/wilson_proj/ros2-rover-ws/src/msgs_mainrocon -DCMAKE_INSTALL_PREFIX=/home/curry/wilson_proj/ros2-rover-ws/install/msgs_mainrocon
[0.122s] -- Found ament_cmake: 1.3.11 (/opt/ros/humble/share/ament_cmake/cmake)
[0.714s] -- Found msgs_rovercon: 0.0.0 (/home/curry/wilson_proj/ros2-rover-ws/install/msgs_rovercon/share/msgs_rovercon/cmake)
[0.866s] -- Found rosidl_generator_c: 3.1.6 (/opt/ros/humble/share/rosidl_generator_c/cmake)
[0.876s] -- Found rosidl_adapter: 3.1.6 (/opt/ros/humble/share/rosidl_adapter/cmake)
[0.899s] -- Found rosidl_generator_cpp: 3.1.6 (/opt/ros/humble/share/rosidl_generator_cpp/cmake)
[0.937s] -- Using all available rosidl_typesupport_c: rosidl_typesupport_fastrtps_c;rosidl_typesupport_introspection_c
[0.987s] -- Using all available rosidl_typesupport_cpp: rosidl_typesupport_fastrtps_cpp;rosidl_typesupport_introspection_cpp
[1.023s] -- Found rosidl_default_generators: 1.2.0 (/opt/ros/humble/share/rosidl_default_generators/cmake)
[1.811s] [31mCMake Error at /opt/ros/humble/share/rosidl_adapter/cmake/rosidl_adapt_interfaces.cmake:59 (message):
[1.812s]   execute_process(/usr/bin/python3 -m rosidl_adapter --package-name
[1.812s]   msgs_mainrocon --arguments-file
[1.812s]   /home/curry/wilson_proj/ros2-rover-ws/build/msgs_mainrocon/rosidl_adapter__arguments__msgs_mainrocon.json
[1.813s]   --output-dir
[1.813s]   /home/curry/wilson_proj/ros2-rover-ws/build/msgs_mainrocon/rosidl_adapter/msgs_mainrocon
[1.813s]   --output-file
[1.814s]   /home/curry/wilson_proj/ros2-rover-ws/build/msgs_mainrocon/rosidl_adapter/msgs_mainrocon.idls)
[1.814s]   returned error code 1:
[1.814s] 
[1.814s]   Error processing 'msgs_rovercon/msg/SubRocon mainrocon_msg' of
[1.815s]   'msgs_mainrocon/MainRocon': 'msgs_rovercon/msg/SubRocon'
[1.815s] 
[1.815s]   Traceback (most recent call last):
[1.816s] 
[1.816s]     File "/usr/lib/python3.10/runpy.py", line 196, in _run_module_as_main
[1.816s]       return _run_code(code, main_globals, None,
[1.817s]     File "/usr/lib/python3.10/runpy.py", line 86, in _run_code
[1.817s]       exec(code, run_globals)
[1.817s]     File "/opt/ros/humble/local/lib/python3.10/dist-packages/rosidl_adapter/__main__.py", line 19, in <module>
[1.818s]       sys.exit(main())
[1.818s]     File "/opt/ros/humble/local/lib/python3.10/dist-packages/rosidl_adapter/main.py", line 53, in main
[1.818s]       abs_idl_file = convert_to_idl(
[1.819s]     File "/opt/ros/humble/local/lib/python3.10/dist-packages/rosidl_adapter/__init__.py", line 19, in convert_to_idl
[1.819s]       return convert_msg_to_idl(
[1.820s]     File "/opt/ros/humble/local/lib/python3.10/dist-packages/rosidl_adapter/msg/__init__.py", line 28, in convert_msg_to_idl
[1.820s]       msg = parse_message_string(package_name, input_file.stem, content)
[1.821s]     File "/opt/ros/humble/local/lib/python3.10/dist-packages/rosidl_adapter/parser.py", line 520, in parse_message_string
[1.821s]       Type(type_string, context_package_name=pkg_name),
[1.823s]     File "/opt/ros/humble/local/lib/python3.10/dist-packages/rosidl_adapter/parser.py", line 277, in __init__
[1.824s]       super(Type, self).__init__(
[1.825s]     File "/opt/ros/humble/local/lib/python3.10/dist-packages/rosidl_adapter/parser.py", line 190, in __init__
[1.826s]       raise InvalidResourceName(type_string)
[1.827s] 
[1.828s]   rosidl_adapter.parser.InvalidResourceName: msgs_rovercon/msg/SubRocon
[1.829s] 
[1.829s] Call Stack (most recent call first):
[1.830s]   /opt/ros/humble/share/rosidl_cmake/cmake/rosidl_generate_interfaces.cmake:130 (rosidl_adapt_interfaces)
[1.830s]   CMakeLists.txt:14 (rosidl_generate_interfaces)
[1.830s] 
[1.831s] [0m
[1.831s] -- Configuring incomplete, errors occurred!
[1.831s] See also "/home/curry/wilson_proj/ros2-rover-ws/build/msgs_mainrocon/CMakeFiles/CMakeOutput.log".
[1.836s] Invoked command in '/home/curry/wilson_proj/ros2-rover-ws/build/msgs_mainrocon' returned '1': CMAKE_PREFIX_PATH=${CMAKE_PREFIX_PATH}:/opt/ros/humble /usr/bin/cmake /home/curry/wilson_proj/ros2-rover-ws/src/msgs_mainrocon -DCMAKE_INSTALL_PREFIX=/home/curry/wilson_proj/ros2-rover-ws/install/msgs_mainrocon
