[0.053s] Invoking command in '/home/curry/wilson_proj/ros2-rover-ws/build/msgs_rovercon': CMAKE_PREFIX_PATH=${CMAKE_PREFIX_PATH}:/opt/ros/humble /usr/bin/cmake --build /home/curry/wilson_proj/ros2-rover-ws/build/msgs_rovercon -- -j4 -l4
[0.250s] [35m[1mConsolidate compiler generated dependencies of target msgs_rovercon__rosidl_generator_c[0m
[0.301s] [  3%] Built target msgs_rovercon__cpp
[0.311s] [ 12%] Built target msgs_rovercon__rosidl_generator_c
[0.354s] [ 12%] Built target ament_cmake_python_copy_msgs_rovercon
[0.357s] [35m[1mConsolidate compiler generated dependencies of target msgs_rovercon__rosidl_typesupport_introspection_cpp[0m
[0.359s] [35m[1mConsolidate compiler generated dependencies of target msgs_rovercon__rosidl_typesupport_cpp[0m
[0.367s] [35m[1mConsolidate compiler generated dependencies of target msgs_rovercon__rosidl_typesupport_fastrtps_cpp[0m
[0.409s] [35m[1mConsolidate compiler generated dependencies of target msgs_rovercon__rosidl_typesupport_fastrtps_c[0m
[0.427s] [ 22%] Built target msgs_rovercon__rosidl_typesupport_introspection_cpp
[0.431s] [ 32%] Built target msgs_rovercon__rosidl_typesupport_cpp
[0.440s] [ 41%] Built target msgs_rovercon__rosidl_typesupport_fastrtps_cpp
[0.483s] [ 51%] Built target msgs_rovercon__rosidl_typesupport_fastrtps_c
[0.485s] [35m[1mConsolidate compiler generated dependencies of target msgs_rovercon__rosidl_typesupport_introspection_c[0m
[0.491s] [35m[1mConsolidate compiler generated dependencies of target msgs_rovercon__rosidl_typesupport_c[0m
[0.542s] [ 61%] Built target msgs_rovercon__rosidl_typesupport_introspection_c
[0.547s] [ 70%] Built target msgs_rovercon__rosidl_typesupport_c
[0.644s] [ 70%] Built target msgs_rovercon
[0.743s] [ 74%] Built target msgs_rovercon__py
[0.792s] [35m[1mConsolidate compiler generated dependencies of target msgs_rovercon__rosidl_generator_py[0m
[0.859s] [ 80%] Built target msgs_rovercon__rosidl_generator_py
[0.915s] [35m[1mConsolidate compiler generated dependencies of target msgs_rovercon__rosidl_typesupport_fastrtps_c__pyext[0m
[0.919s] [35m[1mConsolidate compiler generated dependencies of target msgs_rovercon__rosidl_typesupport_introspection_c__pyext[0m
[0.921s] [35m[1mConsolidate compiler generated dependencies of target msgs_rovercon__rosidl_typesupport_c__pyext[0m
[0.991s] [ 87%] Built target msgs_rovercon__rosidl_typesupport_fastrtps_c__pyext
[0.993s] [ 93%] Built target msgs_rovercon__rosidl_typesupport_introspection_c__pyext
[1.000s] [100%] Built target msgs_rovercon__rosidl_typesupport_c__pyext
[1.679s] running egg_info
[1.682s] writing msgs_rovercon.egg-info/PKG-INFO
[1.683s] writing dependency_links to msgs_rovercon.egg-info/dependency_links.txt
[1.684s] writing top-level names to msgs_rovercon.egg-info/top_level.txt
[1.694s] reading manifest file 'msgs_rovercon.egg-info/SOURCES.txt'
[1.697s] writing manifest file 'msgs_rovercon.egg-info/SOURCES.txt'
[1.835s] [100%] Built target ament_cmake_python_build_msgs_rovercon_egg
[1.880s] Invoked command in '/home/curry/wilson_proj/ros2-rover-ws/build/msgs_rovercon' returned '0': CMAKE_PREFIX_PATH=${CMAKE_PREFIX_PATH}:/opt/ros/humble /usr/bin/cmake --build /home/curry/wilson_proj/ros2-rover-ws/build/msgs_rovercon -- -j4 -l4
[1.926s] Invoking command in '/home/curry/wilson_proj/ros2-rover-ws/build/msgs_rovercon': CMAKE_PREFIX_PATH=${CMAKE_PREFIX_PATH}:/opt/ros/humble /usr/bin/cmake --install /home/curry/wilson_proj/ros2-rover-ws/build/msgs_rovercon
[1.960s] -- Install configuration: ""
[1.961s] -- Up-to-date: /home/curry/wilson_proj/ros2-rover-ws/install/msgs_rovercon/share/ament_index/resource_index/rosidl_interfaces/msgs_rovercon
[1.961s] -- Up-to-date: /home/curry/wilson_proj/ros2-rover-ws/install/msgs_rovercon/include/msgs_rovercon/msgs_rovercon
[1.961s] -- Up-to-date: /home/curry/wilson_proj/ros2-rover-ws/install/msgs_rovercon/include/msgs_rovercon/msgs_rovercon/msg
[1.962s] -- Up-to-date: /home/curry/wilson_proj/ros2-rover-ws/install/msgs_rovercon/include/msgs_rovercon/msgs_rovercon/msg/detail
[1.962s] -- Up-to-date: /home/curry/wilson_proj/ros2-rover-ws/install/msgs_rovercon/include/msgs_rovercon/msgs_rovercon/msg/detail/sub_rocon__struct.h
[1.963s] -- Up-to-date: /home/curry/wilson_proj/ros2-rover-ws/install/msgs_rovercon/include/msgs_rovercon/msgs_rovercon/msg/detail/sub_rocon__functions.c
[1.963s] -- Up-to-date: /home/curry/wilson_proj/ros2-rover-ws/install/msgs_rovercon/include/msgs_rovercon/msgs_rovercon/msg/detail/sub_rocon__type_support.h
[1.963s] -- Up-to-date: /home/curry/wilson_proj/ros2-rover-ws/install/msgs_rovercon/include/msgs_rovercon/msgs_rovercon/msg/detail/sub_rocon__functions.h
[1.964s] -- Up-to-date: /home/curry/wilson_proj/ros2-rover-ws/install/msgs_rovercon/include/msgs_rovercon/msgs_rovercon/msg/rosidl_generator_c__visibility_control.h
[1.964s] -- Up-to-date: /home/curry/wilson_proj/ros2-rover-ws/install/msgs_rovercon/include/msgs_rovercon/msgs_rovercon/msg/sub_rocon.h
[1.964s] -- Up-to-date: /home/curry/wilson_proj/ros2-rover-ws/install/msgs_rovercon/share/msgs_rovercon/environment/library_path.sh
[1.965s] -- Up-to-date: /home/curry/wilson_proj/ros2-rover-ws/install/msgs_rovercon/share/msgs_rovercon/environment/library_path.dsv
[1.965s] -- Up-to-date: /home/curry/wilson_proj/ros2-rover-ws/install/msgs_rovercon/lib/libmsgs_rovercon__rosidl_generator_c.so
[1.967s] -- Up-to-date: /home/curry/wilson_proj/ros2-rover-ws/install/msgs_rovercon/include/msgs_rovercon/msgs_rovercon
[1.967s] -- Up-to-date: /home/curry/wilson_proj/ros2-rover-ws/install/msgs_rovercon/include/msgs_rovercon/msgs_rovercon/msg
[1.967s] -- Up-to-date: /home/curry/wilson_proj/ros2-rover-ws/install/msgs_rovercon/include/msgs_rovercon/msgs_rovercon/msg/detail
[1.968s] -- Up-to-date: /home/curry/wilson_proj/ros2-rover-ws/install/msgs_rovercon/include/msgs_rovercon/msgs_rovercon/msg/detail/sub_rocon__rosidl_typesupport_fastrtps_c.h
[1.968s] -- Up-to-date: /home/curry/wilson_proj/ros2-rover-ws/install/msgs_rovercon/include/msgs_rovercon/msgs_rovercon/msg/rosidl_typesupport_fastrtps_c__visibility_control.h
[1.969s] -- Up-to-date: /home/curry/wilson_proj/ros2-rover-ws/install/msgs_rovercon/lib/libmsgs_rovercon__rosidl_typesupport_fastrtps_c.so
[1.971s] -- Up-to-date: /home/curry/wilson_proj/ros2-rover-ws/install/msgs_rovercon/include/msgs_rovercon/msgs_rovercon
[1.971s] -- Up-to-date: /home/curry/wilson_proj/ros2-rover-ws/install/msgs_rovercon/include/msgs_rovercon/msgs_rovercon/msg
[1.972s] -- Up-to-date: /home/curry/wilson_proj/ros2-rover-ws/install/msgs_rovercon/include/msgs_rovercon/msgs_rovercon/msg/rosidl_typesupport_introspection_c__visibility_control.h
[1.972s] -- Up-to-date: /home/curry/wilson_proj/ros2-rover-ws/install/msgs_rovercon/include/msgs_rovercon/msgs_rovercon/msg/detail
[1.972s] -- Up-to-date: /home/curry/wilson_proj/ros2-rover-ws/install/msgs_rovercon/include/msgs_rovercon/msgs_rovercon/msg/detail/sub_rocon__type_support.c
[1.973s] -- Up-to-date: /home/curry/wilson_proj/ros2-rover-ws/install/msgs_rovercon/include/msgs_rovercon/msgs_rovercon/msg/detail/sub_rocon__rosidl_typesupport_introspection_c.h
[1.974s] -- Up-to-date: /home/curry/wilson_proj/ros2-rover-ws/install/msgs_rovercon/lib/libmsgs_rovercon__rosidl_typesupport_introspection_c.so
[1.976s] -- Up-to-date: /home/curry/wilson_proj/ros2-rover-ws/install/msgs_rovercon/lib/libmsgs_rovercon__rosidl_typesupport_c.so
[1.977s] -- Up-to-date: /home/curry/wilson_proj/ros2-rover-ws/install/msgs_rovercon/include/msgs_rovercon/msgs_rovercon
[1.977s] -- Up-to-date: /home/curry/wilson_proj/ros2-rover-ws/install/msgs_rovercon/include/msgs_rovercon/msgs_rovercon/msg
[1.978s] -- Up-to-date: /home/curry/wilson_proj/ros2-rover-ws/install/msgs_rovercon/include/msgs_rovercon/msgs_rovercon/msg/rosidl_generator_cpp__visibility_control.hpp
[1.978s] -- Up-to-date: /home/curry/wilson_proj/ros2-rover-ws/install/msgs_rovercon/include/msgs_rovercon/msgs_rovercon/msg/detail
[1.979s] -- Up-to-date: /home/curry/wilson_proj/ros2-rover-ws/install/msgs_rovercon/include/msgs_rovercon/msgs_rovercon/msg/detail/sub_rocon__builder.hpp
[1.979s] -- Up-to-date: /home/curry/wilson_proj/ros2-rover-ws/install/msgs_rovercon/include/msgs_rovercon/msgs_rovercon/msg/detail/sub_rocon__type_support.hpp
[1.979s] -- Up-to-date: /home/curry/wilson_proj/ros2-rover-ws/install/msgs_rovercon/include/msgs_rovercon/msgs_rovercon/msg/detail/sub_rocon__traits.hpp
[1.980s] -- Up-to-date: /home/curry/wilson_proj/ros2-rover-ws/install/msgs_rovercon/include/msgs_rovercon/msgs_rovercon/msg/detail/sub_rocon__struct.hpp
[1.980s] -- Up-to-date: /home/curry/wilson_proj/ros2-rover-ws/install/msgs_rovercon/include/msgs_rovercon/msgs_rovercon/msg/sub_rocon.hpp
[1.980s] -- Up-to-date: /home/curry/wilson_proj/ros2-rover-ws/install/msgs_rovercon/include/msgs_rovercon/msgs_rovercon
[1.981s] -- Up-to-date: /home/curry/wilson_proj/ros2-rover-ws/install/msgs_rovercon/include/msgs_rovercon/msgs_rovercon/msg
[1.981s] -- Up-to-date: /home/curry/wilson_proj/ros2-rover-ws/install/msgs_rovercon/include/msgs_rovercon/msgs_rovercon/msg/detail
[1.982s] -- Up-to-date: /home/curry/wilson_proj/ros2-rover-ws/install/msgs_rovercon/include/msgs_rovercon/msgs_rovercon/msg/detail/dds_fastrtps
[1.982s] -- Up-to-date: /home/curry/wilson_proj/ros2-rover-ws/install/msgs_rovercon/include/msgs_rovercon/msgs_rovercon/msg/detail/sub_rocon__rosidl_typesupport_fastrtps_cpp.hpp
[1.982s] -- Up-to-date: /home/curry/wilson_proj/ros2-rover-ws/install/msgs_rovercon/include/msgs_rovercon/msgs_rovercon/msg/rosidl_typesupport_fastrtps_cpp__visibility_control.h
[1.983s] -- Up-to-date: /home/curry/wilson_proj/ros2-rover-ws/install/msgs_rovercon/lib/libmsgs_rovercon__rosidl_typesupport_fastrtps_cpp.so
[1.984s] -- Up-to-date: /home/curry/wilson_proj/ros2-rover-ws/install/msgs_rovercon/include/msgs_rovercon/msgs_rovercon
[1.985s] -- Up-to-date: /home/curry/wilson_proj/ros2-rover-ws/install/msgs_rovercon/include/msgs_rovercon/msgs_rovercon/msg
[1.985s] -- Up-to-date: /home/curry/wilson_proj/ros2-rover-ws/install/msgs_rovercon/include/msgs_rovercon/msgs_rovercon/msg/detail
[1.985s] -- Up-to-date: /home/curry/wilson_proj/ros2-rover-ws/install/msgs_rovercon/include/msgs_rovercon/msgs_rovercon/msg/detail/sub_rocon__rosidl_typesupport_introspection_cpp.hpp
[1.986s] -- Up-to-date: /home/curry/wilson_proj/ros2-rover-ws/install/msgs_rovercon/include/msgs_rovercon/msgs_rovercon/msg/detail/sub_rocon__type_support.cpp
[1.987s] -- Up-to-date: /home/curry/wilson_proj/ros2-rover-ws/install/msgs_rovercon/lib/libmsgs_rovercon__rosidl_typesupport_introspection_cpp.so
[1.989s] -- Up-to-date: /home/curry/wilson_proj/ros2-rover-ws/install/msgs_rovercon/lib/libmsgs_rovercon__rosidl_typesupport_cpp.so
[1.990s] -- Up-to-date: /home/curry/wilson_proj/ros2-rover-ws/install/msgs_rovercon/share/msgs_rovercon/environment/pythonpath.sh
[1.991s] -- Up-to-date: /home/curry/wilson_proj/ros2-rover-ws/install/msgs_rovercon/share/msgs_rovercon/environment/pythonpath.dsv
[1.991s] -- Up-to-date: /home/curry/wilson_proj/ros2-rover-ws/install/msgs_rovercon/local/lib/python3.10/dist-packages/msgs_rovercon-0.0.0-py3.10.egg-info
[1.992s] -- Installing: /home/curry/wilson_proj/ros2-rover-ws/install/msgs_rovercon/local/lib/python3.10/dist-packages/msgs_rovercon-0.0.0-py3.10.egg-info/dependency_links.txt
[1.993s] -- Installing: /home/curry/wilson_proj/ros2-rover-ws/install/msgs_rovercon/local/lib/python3.10/dist-packages/msgs_rovercon-0.0.0-py3.10.egg-info/SOURCES.txt
[1.994s] -- Installing: /home/curry/wilson_proj/ros2-rover-ws/install/msgs_rovercon/local/lib/python3.10/dist-packages/msgs_rovercon-0.0.0-py3.10.egg-info/top_level.txt
[1.995s] -- Installing: /home/curry/wilson_proj/ros2-rover-ws/install/msgs_rovercon/local/lib/python3.10/dist-packages/msgs_rovercon-0.0.0-py3.10.egg-info/PKG-INFO
[1.997s] -- Up-to-date: /home/curry/wilson_proj/ros2-rover-ws/install/msgs_rovercon/local/lib/python3.10/dist-packages/msgs_rovercon
[1.997s] -- Up-to-date: /home/curry/wilson_proj/ros2-rover-ws/install/msgs_rovercon/local/lib/python3.10/dist-packages/msgs_rovercon/_msgs_rovercon_s.ep.rosidl_typesupport_introspection_c.c
[1.998s] -- Up-to-date: /home/curry/wilson_proj/ros2-rover-ws/install/msgs_rovercon/local/lib/python3.10/dist-packages/msgs_rovercon/msg
[1.998s] -- Up-to-date: /home/curry/wilson_proj/ros2-rover-ws/install/msgs_rovercon/local/lib/python3.10/dist-packages/msgs_rovercon/msg/_sub_rocon.py
[1.998s] -- Up-to-date: /home/curry/wilson_proj/ros2-rover-ws/install/msgs_rovercon/local/lib/python3.10/dist-packages/msgs_rovercon/msg/__init__.py
[1.999s] -- Up-to-date: /home/curry/wilson_proj/ros2-rover-ws/install/msgs_rovercon/local/lib/python3.10/dist-packages/msgs_rovercon/msg/_sub_rocon_s.c
[1.999s] -- Up-to-date: /home/curry/wilson_proj/ros2-rover-ws/install/msgs_rovercon/local/lib/python3.10/dist-packages/msgs_rovercon/msgs_rovercon_s__rosidl_typesupport_c.cpython-310-aarch64-linux-gnu.so
[2.000s] -- Up-to-date: /home/curry/wilson_proj/ros2-rover-ws/install/msgs_rovercon/local/lib/python3.10/dist-packages/msgs_rovercon/libmsgs_rovercon__rosidl_generator_py.so
[2.000s] -- Up-to-date: /home/curry/wilson_proj/ros2-rover-ws/install/msgs_rovercon/local/lib/python3.10/dist-packages/msgs_rovercon/__init__.py
[2.000s] -- Up-to-date: /home/curry/wilson_proj/ros2-rover-ws/install/msgs_rovercon/local/lib/python3.10/dist-packages/msgs_rovercon/_msgs_rovercon_s.ep.rosidl_typesupport_fastrtps_c.c
[2.000s] -- Up-to-date: /home/curry/wilson_proj/ros2-rover-ws/install/msgs_rovercon/local/lib/python3.10/dist-packages/msgs_rovercon/msgs_rovercon_s__rosidl_typesupport_fastrtps_c.cpython-310-aarch64-linux-gnu.so
[2.001s] -- Up-to-date: /home/curry/wilson_proj/ros2-rover-ws/install/msgs_rovercon/local/lib/python3.10/dist-packages/msgs_rovercon/_msgs_rovercon_s.ep.rosidl_typesupport_c.c
[2.001s] -- Up-to-date: /home/curry/wilson_proj/ros2-rover-ws/install/msgs_rovercon/local/lib/python3.10/dist-packages/msgs_rovercon/msgs_rovercon_s__rosidl_typesupport_introspection_c.cpython-310-aarch64-linux-gnu.so
[2.152s] Listing '/home/curry/wilson_proj/ros2-rover-ws/install/msgs_rovercon/local/lib/python3.10/dist-packages/msgs_rovercon'...
[2.153s] Listing '/home/curry/wilson_proj/ros2-rover-ws/install/msgs_rovercon/local/lib/python3.10/dist-packages/msgs_rovercon/msg'...
[2.176s] -- Up-to-date: /home/curry/wilson_proj/ros2-rover-ws/install/msgs_rovercon/local/lib/python3.10/dist-packages/msgs_rovercon/msgs_rovercon_s__rosidl_typesupport_fastrtps_c.cpython-310-aarch64-linux-gnu.so
[2.178s] -- Up-to-date: /home/curry/wilson_proj/ros2-rover-ws/install/msgs_rovercon/local/lib/python3.10/dist-packages/msgs_rovercon/msgs_rovercon_s__rosidl_typesupport_introspection_c.cpython-310-aarch64-linux-gnu.so
[2.180s] -- Up-to-date: /home/curry/wilson_proj/ros2-rover-ws/install/msgs_rovercon/local/lib/python3.10/dist-packages/msgs_rovercon/msgs_rovercon_s__rosidl_typesupport_c.cpython-310-aarch64-linux-gnu.so
[2.183s] -- Up-to-date: /home/curry/wilson_proj/ros2-rover-ws/install/msgs_rovercon/lib/libmsgs_rovercon__rosidl_generator_py.so
[2.184s] -- Up-to-date: /home/curry/wilson_proj/ros2-rover-ws/install/msgs_rovercon/share/msgs_rovercon/msg/SubRocon.idl
[2.185s] -- Up-to-date: /home/curry/wilson_proj/ros2-rover-ws/install/msgs_rovercon/share/msgs_rovercon/msg/SubRocon.msg
[2.185s] -- Up-to-date: /home/curry/wilson_proj/ros2-rover-ws/install/msgs_rovercon/share/ament_index/resource_index/package_run_dependencies/msgs_rovercon
[2.186s] -- Up-to-date: /home/curry/wilson_proj/ros2-rover-ws/install/msgs_rovercon/share/ament_index/resource_index/parent_prefix_path/msgs_rovercon
[2.186s] -- Up-to-date: /home/curry/wilson_proj/ros2-rover-ws/install/msgs_rovercon/share/msgs_rovercon/environment/ament_prefix_path.sh
[2.187s] -- Up-to-date: /home/curry/wilson_proj/ros2-rover-ws/install/msgs_rovercon/share/msgs_rovercon/environment/ament_prefix_path.dsv
[2.187s] -- Up-to-date: /home/curry/wilson_proj/ros2-rover-ws/install/msgs_rovercon/share/msgs_rovercon/environment/path.sh
[2.188s] -- Up-to-date: /home/curry/wilson_proj/ros2-rover-ws/install/msgs_rovercon/share/msgs_rovercon/environment/path.dsv
[2.188s] -- Up-to-date: /home/curry/wilson_proj/ros2-rover-ws/install/msgs_rovercon/share/msgs_rovercon/local_setup.bash
[2.189s] -- Up-to-date: /home/curry/wilson_proj/ros2-rover-ws/install/msgs_rovercon/share/msgs_rovercon/local_setup.sh
[2.189s] -- Up-to-date: /home/curry/wilson_proj/ros2-rover-ws/install/msgs_rovercon/share/msgs_rovercon/local_setup.zsh
[2.190s] -- Up-to-date: /home/curry/wilson_proj/ros2-rover-ws/install/msgs_rovercon/share/msgs_rovercon/local_setup.dsv
[2.190s] -- Installing: /home/curry/wilson_proj/ros2-rover-ws/install/msgs_rovercon/share/msgs_rovercon/package.dsv
[2.192s] -- Up-to-date: /home/curry/wilson_proj/ros2-rover-ws/install/msgs_rovercon/share/ament_index/resource_index/packages/msgs_rovercon
[2.193s] -- Up-to-date: /home/curry/wilson_proj/ros2-rover-ws/install/msgs_rovercon/share/msgs_rovercon/cmake/export_msgs_rovercon__rosidl_generator_cExport.cmake
[2.193s] -- Up-to-date: /home/curry/wilson_proj/ros2-rover-ws/install/msgs_rovercon/share/msgs_rovercon/cmake/export_msgs_rovercon__rosidl_generator_cExport-noconfig.cmake
[2.194s] -- Up-to-date: /home/curry/wilson_proj/ros2-rover-ws/install/msgs_rovercon/share/msgs_rovercon/cmake/export_msgs_rovercon__rosidl_typesupport_fastrtps_cExport.cmake
[2.195s] -- Up-to-date: /home/curry/wilson_proj/ros2-rover-ws/install/msgs_rovercon/share/msgs_rovercon/cmake/export_msgs_rovercon__rosidl_typesupport_fastrtps_cExport-noconfig.cmake
[2.195s] -- Up-to-date: /home/curry/wilson_proj/ros2-rover-ws/install/msgs_rovercon/share/msgs_rovercon/cmake/msgs_rovercon__rosidl_typesupport_introspection_cExport.cmake
[2.196s] -- Up-to-date: /home/curry/wilson_proj/ros2-rover-ws/install/msgs_rovercon/share/msgs_rovercon/cmake/msgs_rovercon__rosidl_typesupport_introspection_cExport-noconfig.cmake
[2.197s] -- Up-to-date: /home/curry/wilson_proj/ros2-rover-ws/install/msgs_rovercon/share/msgs_rovercon/cmake/msgs_rovercon__rosidl_typesupport_cExport.cmake
[2.197s] -- Up-to-date: /home/curry/wilson_proj/ros2-rover-ws/install/msgs_rovercon/share/msgs_rovercon/cmake/msgs_rovercon__rosidl_typesupport_cExport-noconfig.cmake
[2.198s] -- Up-to-date: /home/curry/wilson_proj/ros2-rover-ws/install/msgs_rovercon/share/msgs_rovercon/cmake/export_msgs_rovercon__rosidl_generator_cppExport.cmake
[2.199s] -- Up-to-date: /home/curry/wilson_proj/ros2-rover-ws/install/msgs_rovercon/share/msgs_rovercon/cmake/export_msgs_rovercon__rosidl_typesupport_fastrtps_cppExport.cmake
[2.199s] -- Up-to-date: /home/curry/wilson_proj/ros2-rover-ws/install/msgs_rovercon/share/msgs_rovercon/cmake/export_msgs_rovercon__rosidl_typesupport_fastrtps_cppExport-noconfig.cmake
[2.200s] -- Up-to-date: /home/curry/wilson_proj/ros2-rover-ws/install/msgs_rovercon/share/msgs_rovercon/cmake/msgs_rovercon__rosidl_typesupport_introspection_cppExport.cmake
[2.201s] -- Up-to-date: /home/curry/wilson_proj/ros2-rover-ws/install/msgs_rovercon/share/msgs_rovercon/cmake/msgs_rovercon__rosidl_typesupport_introspection_cppExport-noconfig.cmake
[2.201s] -- Up-to-date: /home/curry/wilson_proj/ros2-rover-ws/install/msgs_rovercon/share/msgs_rovercon/cmake/msgs_rovercon__rosidl_typesupport_cppExport.cmake
[2.202s] -- Up-to-date: /home/curry/wilson_proj/ros2-rover-ws/install/msgs_rovercon/share/msgs_rovercon/cmake/msgs_rovercon__rosidl_typesupport_cppExport-noconfig.cmake
[2.203s] -- Up-to-date: /home/curry/wilson_proj/ros2-rover-ws/install/msgs_rovercon/share/msgs_rovercon/cmake/export_msgs_rovercon__rosidl_generator_pyExport.cmake
[2.203s] -- Up-to-date: /home/curry/wilson_proj/ros2-rover-ws/install/msgs_rovercon/share/msgs_rovercon/cmake/export_msgs_rovercon__rosidl_generator_pyExport-noconfig.cmake
[2.203s] -- Up-to-date: /home/curry/wilson_proj/ros2-rover-ws/install/msgs_rovercon/share/msgs_rovercon/cmake/rosidl_cmake-extras.cmake
[2.204s] -- Up-to-date: /home/curry/wilson_proj/ros2-rover-ws/install/msgs_rovercon/share/msgs_rovercon/cmake/ament_cmake_export_include_directories-extras.cmake
[2.204s] -- Up-to-date: /home/curry/wilson_proj/ros2-rover-ws/install/msgs_rovercon/share/msgs_rovercon/cmake/ament_cmake_export_libraries-extras.cmake
[2.205s] -- Up-to-date: /home/curry/wilson_proj/ros2-rover-ws/install/msgs_rovercon/share/msgs_rovercon/cmake/ament_cmake_export_targets-extras.cmake
[2.205s] -- Up-to-date: /home/curry/wilson_proj/ros2-rover-ws/install/msgs_rovercon/share/msgs_rovercon/cmake/rosidl_cmake_export_typesupport_targets-extras.cmake
[2.206s] -- Up-to-date: /home/curry/wilson_proj/ros2-rover-ws/install/msgs_rovercon/share/msgs_rovercon/cmake/ament_cmake_export_dependencies-extras.cmake
[2.206s] -- Up-to-date: /home/curry/wilson_proj/ros2-rover-ws/install/msgs_rovercon/share/msgs_rovercon/cmake/rosidl_cmake_export_typesupport_libraries-extras.cmake
[2.206s] -- Up-to-date: /home/curry/wilson_proj/ros2-rover-ws/install/msgs_rovercon/share/msgs_rovercon/cmake/msgs_roverconConfig.cmake
[2.207s] -- Up-to-date: /home/curry/wilson_proj/ros2-rover-ws/install/msgs_rovercon/share/msgs_rovercon/cmake/msgs_roverconConfig-version.cmake
[2.208s] -- Up-to-date: /home/curry/wilson_proj/ros2-rover-ws/install/msgs_rovercon/share/msgs_rovercon/package.xml
[2.215s] Invoked command in '/home/curry/wilson_proj/ros2-rover-ws/build/msgs_rovercon' returned '0': CMAKE_PREFIX_PATH=${CMAKE_PREFIX_PATH}:/opt/ros/humble /usr/bin/cmake --install /home/curry/wilson_proj/ros2-rover-ws/build/msgs_rovercon
