[0.111s] Invoking command in '/home/curry/wilson_proj/ros2-rover-ws/build/package_position_process': CMAKE_PREFIX_PATH=${CMAKE_PREFIX_PATH}:/opt/ros/iron /usr/bin/cmake --build /home/curry/wilson_proj/ros2-rover-ws/build/package_position_process -- -j4 -l4
[0.382s] [100%] Built target node_gnss
[0.440s] Invoked command in '/home/curry/wilson_proj/ros2-rover-ws/build/package_position_process' returned '0': CMAKE_PREFIX_PATH=${CMAKE_PREFIX_PATH}:/opt/ros/iron /usr/bin/cmake --build /home/curry/wilson_proj/ros2-rover-ws/build/package_position_process -- -j4 -l4
[0.807s] Invoking command in '/home/curry/wilson_proj/ros2-rover-ws/build/package_position_process': CMAKE_PREFIX_PATH=${CMAKE_PREFIX_PATH}:/opt/ros/iron /usr/bin/cmake --install /home/curry/wilson_proj/ros2-rover-ws/build/package_position_process
[0.888s] -- Install configuration: ""
[0.890s] -- Up-to-date: /home/curry/wilson_proj/ros2-rover-ws/install/package_position_process/lib/package_position_process/node_gnss
[0.891s] -- Up-to-date: /home/curry/wilson_proj/ros2-rover-ws/install/package_position_process/share/ament_index/resource_index/package_run_dependencies/package_position_process
[0.892s] -- Up-to-date: /home/curry/wilson_proj/ros2-rover-ws/install/package_position_process/share/ament_index/resource_index/parent_prefix_path/package_position_process
[0.893s] -- Up-to-date: /home/curry/wilson_proj/ros2-rover-ws/install/package_position_process/share/package_position_process/environment/ament_prefix_path.sh
[0.901s] -- Up-to-date: /home/curry/wilson_proj/ros2-rover-ws/install/package_position_process/share/package_position_process/environment/ament_prefix_path.dsv
[0.902s] -- Up-to-date: /home/curry/wilson_proj/ros2-rover-ws/install/package_position_process/share/package_position_process/environment/path.sh
[0.903s] -- Up-to-date: /home/curry/wilson_proj/ros2-rover-ws/install/package_position_process/share/package_position_process/environment/path.dsv
[0.904s] -- Up-to-date: /home/curry/wilson_proj/ros2-rover-ws/install/package_position_process/share/package_position_process/local_setup.bash
[0.906s] -- Up-to-date: /home/curry/wilson_proj/ros2-rover-ws/install/package_position_process/share/package_position_process/local_setup.sh
[0.907s] -- Up-to-date: /home/curry/wilson_proj/ros2-rover-ws/install/package_position_process/share/package_position_process/local_setup.zsh
[0.908s] -- Up-to-date: /home/curry/wilson_proj/ros2-rover-ws/install/package_position_process/share/package_position_process/local_setup.dsv
[0.910s] -- Installing: /home/curry/wilson_proj/ros2-rover-ws/install/package_position_process/share/package_position_process/package.dsv
[0.917s] -- Up-to-date: /home/curry/wilson_proj/ros2-rover-ws/install/package_position_process/share/ament_index/resource_index/packages/package_position_process
[0.918s] -- Up-to-date: /home/curry/wilson_proj/ros2-rover-ws/install/package_position_process/share/package_position_process/cmake/package_position_processConfig.cmake
[0.918s] -- Up-to-date: /home/curry/wilson_proj/ros2-rover-ws/install/package_position_process/share/package_position_process/cmake/package_position_processConfig-version.cmake
[0.919s] -- Up-to-date: /home/curry/wilson_proj/ros2-rover-ws/install/package_position_process/share/package_position_process/package.xml
[0.974s] Invoked command in '/home/curry/wilson_proj/ros2-rover-ws/build/package_position_process' returned '0': CMAKE_PREFIX_PATH=${CMAKE_PREFIX_PATH}:/opt/ros/iron /usr/bin/cmake --install /home/curry/wilson_proj/ros2-rover-ws/build/package_position_process
