[2.602s] Invoking command in '/home/curry/wilson_proj/ros2-rover-ws/build/package_navigate_route': CMAKE_PREFIX_PATH=/opt/ros/humble /usr/bin/cmake --build /home/curry/wilson_proj/ros2-rover-ws/build/package_navigate_route -- -j4 -l4
[3.334s] [100%] Built target node_sub_destination
[3.443s] Invoked command in '/home/curry/wilson_proj/ros2-rover-ws/build/package_navigate_route' returned '0': CMAKE_PREFIX_PATH=/opt/ros/humble /usr/bin/cmake --build /home/curry/wilson_proj/ros2-rover-ws/build/package_navigate_route -- -j4 -l4
[3.693s] Invoking command in '/home/curry/wilson_proj/ros2-rover-ws/build/package_navigate_route': CMAKE_PREFIX_PATH=/opt/ros/humble /usr/bin/cmake --install /home/curry/wilson_proj/ros2-rover-ws/build/package_navigate_route
[3.808s] -- Install configuration: ""
[3.814s] -- Up-to-date: /home/curry/wilson_proj/ros2-rover-ws/install/package_navigate_route/lib/package_navigate_route/node_sub_destination
[3.815s] -- Up-to-date: /home/curry/wilson_proj/ros2-rover-ws/install/package_navigate_route/share/ament_index/resource_index/package_run_dependencies/package_navigate_route
[3.815s] -- Up-to-date: /home/curry/wilson_proj/ros2-rover-ws/install/package_navigate_route/share/ament_index/resource_index/parent_prefix_path/package_navigate_route
[3.816s] -- Up-to-date: /home/curry/wilson_proj/ros2-rover-ws/install/package_navigate_route/share/package_navigate_route/environment/ament_prefix_path.sh
[3.817s] -- Up-to-date: /home/curry/wilson_proj/ros2-rover-ws/install/package_navigate_route/share/package_navigate_route/environment/ament_prefix_path.dsv
[3.818s] -- Up-to-date: /home/curry/wilson_proj/ros2-rover-ws/install/package_navigate_route/share/package_navigate_route/environment/path.sh
[3.818s] -- Up-to-date: /home/curry/wilson_proj/ros2-rover-ws/install/package_navigate_route/share/package_navigate_route/environment/path.dsv
[3.830s] -- Up-to-date: /home/curry/wilson_proj/ros2-rover-ws/install/package_navigate_route/share/package_navigate_route/local_setup.bash
[3.830s] -- Up-to-date: /home/curry/wilson_proj/ros2-rover-ws/install/package_navigate_route/share/package_navigate_route/local_setup.sh
[3.831s] -- Up-to-date: /home/curry/wilson_proj/ros2-rover-ws/install/package_navigate_route/share/package_navigate_route/local_setup.zsh
[3.831s] -- Up-to-date: /home/curry/wilson_proj/ros2-rover-ws/install/package_navigate_route/share/package_navigate_route/local_setup.dsv
[3.831s] -- Installing: /home/curry/wilson_proj/ros2-rover-ws/install/package_navigate_route/share/package_navigate_route/package.dsv
[3.974s] -- Up-to-date: /home/curry/wilson_proj/ros2-rover-ws/install/package_navigate_route/share/ament_index/resource_index/packages/package_navigate_route
[3.975s] -- Up-to-date: /home/curry/wilson_proj/ros2-rover-ws/install/package_navigate_route/share/package_navigate_route/cmake/package_navigate_routeConfig.cmake
[3.976s] -- Up-to-date: /home/curry/wilson_proj/ros2-rover-ws/install/package_navigate_route/share/package_navigate_route/cmake/package_navigate_routeConfig-version.cmake
[3.976s] -- Up-to-date: /home/curry/wilson_proj/ros2-rover-ws/install/package_navigate_route/share/package_navigate_route/package.xml
[3.990s] Invoked command in '/home/curry/wilson_proj/ros2-rover-ws/build/package_navigate_route' returned '0': CMAKE_PREFIX_PATH=/opt/ros/humble /usr/bin/cmake --install /home/curry/wilson_proj/ros2-rover-ws/build/package_navigate_route
