[0.066s] Invoking command in '/home/curry/wilson_proj/ros2-rover-ws/build/rover_control_package': CMAKE_PREFIX_PATH=${CMAKE_PREFIX_PATH}:/opt/ros/iron /usr/bin/cmake --build /home/curry/wilson_proj/ros2-rover-ws/build/rover_control_package -- -j4 -l4
[0.198s] -- Found rosidl_default_generators: 1.5.0 (/opt/ros/iron/share/rosidl_default_generators/cmake)
[1.113s] -- Using all available rosidl_typesupport_c: rosidl_typesupport_fastrtps_c;rosidl_typesupport_introspection_c
[1.392s] -- Using all available rosidl_typesupport_cpp: rosidl_typesupport_fastrtps_cpp;rosidl_typesupport_introspection_cpp
[1.594s] -- Found rosidl_adapter: 4.0.1 (/opt/ros/iron/share/rosidl_adapter/cmake)
[3.779s] -- Found ament_cmake_ros: 0.11.2 (/opt/ros/iron/share/ament_cmake_ros/cmake)
[4.726s] -- Using all available rosidl_typesupport_c: rosidl_typesupport_fastrtps_c;rosidl_typesupport_introspection_c
[5.852s] -- Using all available rosidl_typesupport_cpp: rosidl_typesupport_fastrtps_cpp;rosidl_typesupport_introspection_cpp
[5.965s] -- Found PythonInterp: /usr/bin/python3 (found suitable version "3.10.12", minimum required is "3.6") 
[5.991s] -- Found python_cmake_module: 0.10.2 (/opt/ros/iron/share/python_cmake_module/cmake)
[6.127s] -- Found PythonLibs: /usr/lib/aarch64-linux-gnu/libpython3.10.so (found suitable version "3.10.12", minimum required is "3.5") 
[6.127s] -- Using PYTHON_EXECUTABLE: /usr/bin/python3
[6.127s] -- Using PYTHON_INCLUDE_DIRS: /usr/include/python3.10
[6.128s] -- Using PYTHON_LIBRARIES: /usr/lib/aarch64-linux-gnu/libpython3.10.so
[6.227s] -- Found PythonExtra: .so  
[6.580s] [31mCMake Error at CMakeLists.txt:16 (find_package):
[6.580s]   By not providing "Findrover_control_package.cmake" in CMAKE_MODULE_PATH
[6.581s]   this project has asked CMake to find a package configuration file provided
[6.581s]   by "rover_control_package", but CMake did not find one.
[6.581s] 
[6.582s]   Could not find a package configuration file provided by
[6.582s]   "rover_control_package" with any of the following names:
[6.582s] 
[6.582s]     rover_control_packageConfig.cmake
[6.583s]     rover_control_package-config.cmake
[6.583s] 
[6.584s]   Add the installation prefix of "rover_control_package" to CMAKE_PREFIX_PATH
[6.584s]   or set "rover_control_package_DIR" to a directory containing one of the
[6.584s]   above files.  If "rover_control_package" provides a separate development
[6.585s]   package or SDK, be sure it has been installed.
[6.585s] 
[6.585s] [0m
[6.586s] -- Configuring incomplete, errors occurred!
[6.586s] See also "/home/curry/wilson_proj/ros2-rover-ws/build/rover_control_package/CMakeFiles/CMakeOutput.log".
[6.609s] gmake: *** [Makefile:308: cmake_check_build_system] Error 1
[6.614s] Invoked command in '/home/curry/wilson_proj/ros2-rover-ws/build/rover_control_package' returned '2': CMAKE_PREFIX_PATH=${CMAKE_PREFIX_PATH}:/opt/ros/iron /usr/bin/cmake --build /home/curry/wilson_proj/ros2-rover-ws/build/rover_control_package -- -j4 -l4
