[0.126s] Invoking command in '/home/curry/wilson_proj/ros2-rover-ws/build/action_interfaces': CMAKE_PREFIX_PATH=${CMAKE_PREFIX_PATH}:/opt/ros/humble /usr/bin/cmake --build /home/curry/wilson_proj/ros2-rover-ws/build/action_interfaces -- -j4 -l4
[0.426s] [  9%] Built target action_interfaces__rosidl_generator_c
[0.432s] [ 12%] Built target action_interfaces__cpp
[0.571s] [ 12%] Built target ament_cmake_python_copy_action_interfaces
[0.631s] [ 22%] Built target action_interfaces__rosidl_typesupport_introspection_c
[0.656s] [ 32%] Built target action_interfaces__rosidl_typesupport_c
[0.671s] [ 41%] Built target action_interfaces__rosidl_typesupport_fastrtps_c
[0.780s] [ 51%] Built target action_interfaces__rosidl_typesupport_fastrtps_cpp
[0.813s] [ 61%] Built target action_interfaces__rosidl_typesupport_introspection_cpp
[0.833s] [ 70%] Built target action_interfaces__rosidl_typesupport_cpp
[0.960s] [ 70%] Built target action_interfaces
[1.051s] [ 74%] Built target action_interfaces__py
[1.182s] [ 80%] Built target action_interfaces__rosidl_generator_py
[1.324s] [ 87%] Built target action_interfaces__rosidl_typesupport_fastrtps_c__pyext
[1.385s] [ 93%] Built target action_interfaces__rosidl_typesupport_c__pyext
[1.393s] [100%] Built target action_interfaces__rosidl_typesupport_introspection_c__pyext
[2.403s] running egg_info
[2.406s] writing action_interfaces.egg-info/PKG-INFO
[2.408s] writing dependency_links to action_interfaces.egg-info/dependency_links.txt
[2.409s] writing top-level names to action_interfaces.egg-info/top_level.txt
[2.419s] reading manifest file 'action_interfaces.egg-info/SOURCES.txt'
[2.422s] writing manifest file 'action_interfaces.egg-info/SOURCES.txt'
[2.565s] [100%] Built target ament_cmake_python_build_action_interfaces_egg
[2.612s] Invoked command in '/home/curry/wilson_proj/ros2-rover-ws/build/action_interfaces' returned '0': CMAKE_PREFIX_PATH=${CMAKE_PREFIX_PATH}:/opt/ros/humble /usr/bin/cmake --build /home/curry/wilson_proj/ros2-rover-ws/build/action_interfaces -- -j4 -l4
