[5.705s] Invoking command in '/home/curry/wilson_proj/ros2-rover-ws/src/package_image_process': PYTHONPATH=/home/curry/wilson_proj/ros2-rover-ws/build/package_image_process/prefix_override:/usr/lib/python3/dist-packages/colcon_core/task/python/colcon_distutils_commands:/home/curry/wilson_proj/ros2-rover-ws/install/package_image_process/lib/python3.10/site-packages:${PYTHONPATH} /usr/bin/python3 -W ignore:setup.py install is deprecated -W ignore:easy_install command is deprecated setup.py egg_info --egg-base ../../build/package_image_process build --build-base /home/curry/wilson_proj/ros2-rover-ws/build/package_image_process/build install --record /home/curry/wilson_proj/ros2-rover-ws/build/package_image_process/install.log --single-version-externally-managed install_data
[7.289s] running egg_info
[7.294s] writing ../../build/package_image_process/package_image_process.egg-info/PKG-INFO
[7.295s] writing dependency_links to ../../build/package_image_process/package_image_process.egg-info/dependency_links.txt
[7.296s] writing entry points to ../../build/package_image_process/package_image_process.egg-info/entry_points.txt
[7.297s] writing requirements to ../../build/package_image_process/package_image_process.egg-info/requires.txt
[7.298s] writing top-level names to ../../build/package_image_process/package_image_process.egg-info/top_level.txt
[7.306s] reading manifest file '../../build/package_image_process/package_image_process.egg-info/SOURCES.txt'
[7.308s] adding license file 'LICENSE'
[7.311s] writing manifest file '../../build/package_image_process/package_image_process.egg-info/SOURCES.txt'
[7.312s] running build
[7.313s] running build_py
[7.314s] running install
[7.316s] running install_lib
[7.322s] running install_data
[7.322s] running install_egg_info
[7.330s] removing '/home/curry/wilson_proj/ros2-rover-ws/install/package_image_process/lib/python3.10/site-packages/package_image_process-0.0.0-py3.10.egg-info' (and everything under it)
[7.332s] Copying ../../build/package_image_process/package_image_process.egg-info to /home/curry/wilson_proj/ros2-rover-ws/install/package_image_process/lib/python3.10/site-packages/package_image_process-0.0.0-py3.10.egg-info
[7.339s] running install_scripts
[7.456s] Installing node_image_process script to /home/curry/wilson_proj/ros2-rover-ws/install/package_image_process/lib/package_image_process
[7.478s] writing list of installed files to '/home/curry/wilson_proj/ros2-rover-ws/build/package_image_process/install.log'
[7.638s] Invoked command in '/home/curry/wilson_proj/ros2-rover-ws/src/package_image_process' returned '0': PYTHONPATH=/home/curry/wilson_proj/ros2-rover-ws/build/package_image_process/prefix_override:/usr/lib/python3/dist-packages/colcon_core/task/python/colcon_distutils_commands:/home/curry/wilson_proj/ros2-rover-ws/install/package_image_process/lib/python3.10/site-packages:${PYTHONPATH} /usr/bin/python3 -W ignore:setup.py install is deprecated -W ignore:easy_install command is deprecated setup.py egg_info --egg-base ../../build/package_image_process build --build-base /home/curry/wilson_proj/ros2-rover-ws/build/package_image_process/build install --record /home/curry/wilson_proj/ros2-rover-ws/build/package_image_process/install.log --single-version-externally-managed install_data
