[2.415s] Invoking command in '/home/curry/wilson_proj/ros2-rover-ws/build/package_navigate_route': CMAKE_PREFIX_PATH=${CMAKE_PREFIX_PATH}:/opt/ros/humble /usr/bin/cmake --build /home/curry/wilson_proj/ros2-rover-ws/build/package_navigate_route -- -j4 -l4
[2.695s] [100%] Built target node_sub_destination
[2.783s] Invoked command in '/home/curry/wilson_proj/ros2-rover-ws/build/package_navigate_route' returned '0': CMAKE_PREFIX_PATH=${CMAKE_PREFIX_PATH}:/opt/ros/humble /usr/bin/cmake --build /home/curry/wilson_proj/ros2-rover-ws/build/package_navigate_route -- -j4 -l4
[3.056s] Invoking command in '/home/curry/wilson_proj/ros2-rover-ws/build/package_navigate_route': CMAKE_PREFIX_PATH=${CMAKE_PREFIX_PATH}:/opt/ros/humble /usr/bin/cmake --install /home/curry/wilson_proj/ros2-rover-ws/build/package_navigate_route
[3.091s] -- Install configuration: ""
[3.094s] -- Up-to-date: /home/curry/wilson_proj/ros2-rover-ws/install/package_navigate_route/lib/package_navigate_route/node_sub_destination
[3.096s] -- Up-to-date: /home/curry/wilson_proj/ros2-rover-ws/install/package_navigate_route/share/ament_index/resource_index/package_run_dependencies/package_navigate_route
[3.097s] -- Up-to-date: /home/curry/wilson_proj/ros2-rover-ws/install/package_navigate_route/share/ament_index/resource_index/parent_prefix_path/package_navigate_route
[3.099s] -- Up-to-date: /home/curry/wilson_proj/ros2-rover-ws/install/package_navigate_route/share/package_navigate_route/environment/ament_prefix_path.sh
[3.101s] -- Up-to-date: /home/curry/wilson_proj/ros2-rover-ws/install/package_navigate_route/share/package_navigate_route/environment/ament_prefix_path.dsv
[3.102s] -- Up-to-date: /home/curry/wilson_proj/ros2-rover-ws/install/package_navigate_route/share/package_navigate_route/environment/path.sh
[3.102s] -- Up-to-date: /home/curry/wilson_proj/ros2-rover-ws/install/package_navigate_route/share/package_navigate_route/environment/path.dsv
[3.103s] -- Up-to-date: /home/curry/wilson_proj/ros2-rover-ws/install/package_navigate_route/share/package_navigate_route/local_setup.bash
[3.104s] -- Up-to-date: /home/curry/wilson_proj/ros2-rover-ws/install/package_navigate_route/share/package_navigate_route/local_setup.sh
[3.104s] -- Up-to-date: /home/curry/wilson_proj/ros2-rover-ws/install/package_navigate_route/share/package_navigate_route/local_setup.zsh
[3.105s] -- Up-to-date: /home/curry/wilson_proj/ros2-rover-ws/install/package_navigate_route/share/package_navigate_route/local_setup.dsv
[3.106s] -- Installing: /home/curry/wilson_proj/ros2-rover-ws/install/package_navigate_route/share/package_navigate_route/package.dsv
[3.107s] -- Up-to-date: /home/curry/wilson_proj/ros2-rover-ws/install/package_navigate_route/share/ament_index/resource_index/packages/package_navigate_route
[3.107s] -- Up-to-date: /home/curry/wilson_proj/ros2-rover-ws/install/package_navigate_route/share/package_navigate_route/cmake/package_navigate_routeConfig.cmake
[3.108s] -- Up-to-date: /home/curry/wilson_proj/ros2-rover-ws/install/package_navigate_route/share/package_navigate_route/cmake/package_navigate_routeConfig-version.cmake
[3.110s] -- Up-to-date: /home/curry/wilson_proj/ros2-rover-ws/install/package_navigate_route/share/package_navigate_route/package.xml
[3.123s] Invoked command in '/home/curry/wilson_proj/ros2-rover-ws/build/package_navigate_route' returned '0': CMAKE_PREFIX_PATH=${CMAKE_PREFIX_PATH}:/opt/ros/humble /usr/bin/cmake --install /home/curry/wilson_proj/ros2-rover-ws/build/package_navigate_route
