[0.140s] Invoking command in '/home/curry/wilson_proj/ros2-rover-ws/build/msgs_mainrocon': CMAKE_PREFIX_PATH=/home/curry/wilson_proj/ros2-rover-ws/install/msgs_rovercon:/home/curry/wilson_proj/ros2-rover-ws/install/rovercon_msgs:/home/curry/wilson_proj/ros2-rover-ws/install/package_test:/home/curry/wilson_proj/ros2-rover-ws/install/package_rover_control:/home/curry/wilson_proj/ros2-rover-ws/install/package_position_process:/home/curry/wilson_proj/ros2-rover-ws/install/package_navigate_route:/home/curry/wilson_proj/ros2-rover-ws/install/package_image_process:/home/curry/wilson_proj/ros2-rover-ws/install/msgs_mainrocon:/home/curry/wilson_proj/ros2-rover-ws/install/action_interfaces:/opt/ros/humble LD_LIBRARY_PATH=/home/curry/wilson_proj/ros2-rover-ws/install/msgs_rovercon/lib:/home/curry/wilson_proj/ros2-rover-ws/install/rovercon_msgs/lib:/home/curry/wilson_proj/ros2-rover-ws/install/package_rover_control/lib:/home/curry/wilson_proj/ros2-rover-ws/install/msgs_mainrocon/lib:/home/curry/wilson_proj/ros2-rover-ws/install/action_interfaces/lib:/opt/ros/humble/opt/rviz_ogre_vendor/lib:/opt/ros/humble/lib/aarch64-linux-gnu:/opt/ros/humble/lib /usr/bin/cmake --build /home/curry/wilson_proj/ros2-rover-ws/build/msgs_mainrocon -- -j4 -l4
[1.041s] [  3%] Built target msgs_mainrocon__cpp
[1.790s] [  3%] Built target ament_cmake_python_copy_msgs_mainrocon
[2.196s] [ 12%] Built target msgs_mainrocon__rosidl_typesupport_fastrtps_cpp
[2.433s] [ 22%] Built target msgs_mainrocon__rosidl_typesupport_introspection_cpp
[4.712s] running egg_info
[4.721s] writing msgs_mainrocon.egg-info/PKG-INFO
[4.723s] writing dependency_links to msgs_mainrocon.egg-info/dependency_links.txt
[4.736s] writing top-level names to msgs_mainrocon.egg-info/top_level.txt
[4.755s] reading manifest file 'msgs_mainrocon.egg-info/SOURCES.txt'
[4.797s] writing manifest file 'msgs_mainrocon.egg-info/SOURCES.txt'
[5.035s] [ 22%] Built target ament_cmake_python_build_msgs_mainrocon_egg
[5.214s] [ 32%] Built target msgs_mainrocon__rosidl_typesupport_cpp
[5.423s] [ 41%] Built target msgs_mainrocon__rosidl_generator_c
[5.641s] [ 51%] Built target msgs_mainrocon__rosidl_typesupport_fastrtps_c
[5.844s] [ 61%] Built target msgs_mainrocon__rosidl_typesupport_c
[6.034s] [ 70%] Built target msgs_mainrocon__rosidl_typesupport_introspection_c
[6.209s] [ 70%] Built target msgs_mainrocon
[6.427s] [ 74%] Built target msgs_mainrocon__py
[6.665s] [ 80%] Built target msgs_mainrocon__rosidl_generator_py
[6.889s] [ 87%] Built target msgs_mainrocon__rosidl_typesupport_fastrtps_c__pyext
[7.238s] [ 93%] Built target msgs_mainrocon__rosidl_typesupport_c__pyext
[7.586s] [100%] Built target msgs_mainrocon__rosidl_typesupport_introspection_c__pyext
[7.677s] Invoked command in '/home/curry/wilson_proj/ros2-rover-ws/build/msgs_mainrocon' returned '0': CMAKE_PREFIX_PATH=/home/curry/wilson_proj/ros2-rover-ws/install/msgs_rovercon:/home/curry/wilson_proj/ros2-rover-ws/install/rovercon_msgs:/home/curry/wilson_proj/ros2-rover-ws/install/package_test:/home/curry/wilson_proj/ros2-rover-ws/install/package_rover_control:/home/curry/wilson_proj/ros2-rover-ws/install/package_position_process:/home/curry/wilson_proj/ros2-rover-ws/install/package_navigate_route:/home/curry/wilson_proj/ros2-rover-ws/install/package_image_process:/home/curry/wilson_proj/ros2-rover-ws/install/msgs_mainrocon:/home/curry/wilson_proj/ros2-rover-ws/install/action_interfaces:/opt/ros/humble LD_LIBRARY_PATH=/home/curry/wilson_proj/ros2-rover-ws/install/msgs_rovercon/lib:/home/curry/wilson_proj/ros2-rover-ws/install/rovercon_msgs/lib:/home/curry/wilson_proj/ros2-rover-ws/install/package_rover_control/lib:/home/curry/wilson_proj/ros2-rover-ws/install/msgs_mainrocon/lib:/home/curry/wilson_proj/ros2-rover-ws/install/action_interfaces/lib:/opt/ros/humble/opt/rviz_ogre_vendor/lib:/opt/ros/humble/lib/aarch64-linux-gnu:/opt/ros/humble/lib /usr/bin/cmake --build /home/curry/wilson_proj/ros2-rover-ws/build/msgs_mainrocon -- -j4 -l4
[7.690s] Invoking command in '/home/curry/wilson_proj/ros2-rover-ws/build/msgs_mainrocon': CMAKE_PREFIX_PATH=/home/curry/wilson_proj/ros2-rover-ws/install/msgs_rovercon:/home/curry/wilson_proj/ros2-rover-ws/install/rovercon_msgs:/home/curry/wilson_proj/ros2-rover-ws/install/package_test:/home/curry/wilson_proj/ros2-rover-ws/install/package_rover_control:/home/curry/wilson_proj/ros2-rover-ws/install/package_position_process:/home/curry/wilson_proj/ros2-rover-ws/install/package_navigate_route:/home/curry/wilson_proj/ros2-rover-ws/install/package_image_process:/home/curry/wilson_proj/ros2-rover-ws/install/msgs_mainrocon:/home/curry/wilson_proj/ros2-rover-ws/install/action_interfaces:/opt/ros/humble LD_LIBRARY_PATH=/home/curry/wilson_proj/ros2-rover-ws/install/msgs_rovercon/lib:/home/curry/wilson_proj/ros2-rover-ws/install/rovercon_msgs/lib:/home/curry/wilson_proj/ros2-rover-ws/install/package_rover_control/lib:/home/curry/wilson_proj/ros2-rover-ws/install/msgs_mainrocon/lib:/home/curry/wilson_proj/ros2-rover-ws/install/action_interfaces/lib:/opt/ros/humble/opt/rviz_ogre_vendor/lib:/opt/ros/humble/lib/aarch64-linux-gnu:/opt/ros/humble/lib /usr/bin/cmake --install /home/curry/wilson_proj/ros2-rover-ws/build/msgs_mainrocon
[7.861s] -- Install configuration: ""
[7.862s] -- Up-to-date: /home/curry/wilson_proj/ros2-rover-ws/install/msgs_mainrocon/share/ament_index/resource_index/rosidl_interfaces/msgs_mainrocon
[7.863s] -- Up-to-date: /home/curry/wilson_proj/ros2-rover-ws/install/msgs_mainrocon/include/msgs_mainrocon/msgs_mainrocon
[7.864s] -- Up-to-date: /home/curry/wilson_proj/ros2-rover-ws/install/msgs_mainrocon/include/msgs_mainrocon/msgs_mainrocon/msg
[7.864s] -- Up-to-date: /home/curry/wilson_proj/ros2-rover-ws/install/msgs_mainrocon/include/msgs_mainrocon/msgs_mainrocon/msg/main_rocon.h
[7.865s] -- Up-to-date: /home/curry/wilson_proj/ros2-rover-ws/install/msgs_mainrocon/include/msgs_mainrocon/msgs_mainrocon/msg/detail
[7.866s] -- Up-to-date: /home/curry/wilson_proj/ros2-rover-ws/install/msgs_mainrocon/include/msgs_mainrocon/msgs_mainrocon/msg/detail/main_rocon__functions.c
[7.866s] -- Up-to-date: /home/curry/wilson_proj/ros2-rover-ws/install/msgs_mainrocon/include/msgs_mainrocon/msgs_mainrocon/msg/detail/main_rocon__type_support.h
[7.867s] -- Up-to-date: /home/curry/wilson_proj/ros2-rover-ws/install/msgs_mainrocon/include/msgs_mainrocon/msgs_mainrocon/msg/detail/main_rocon__functions.h
[7.868s] -- Up-to-date: /home/curry/wilson_proj/ros2-rover-ws/install/msgs_mainrocon/include/msgs_mainrocon/msgs_mainrocon/msg/detail/main_rocon__struct.h
[7.868s] -- Up-to-date: /home/curry/wilson_proj/ros2-rover-ws/install/msgs_mainrocon/include/msgs_mainrocon/msgs_mainrocon/msg/rosidl_generator_c__visibility_control.h
[7.869s] -- Up-to-date: /home/curry/wilson_proj/ros2-rover-ws/install/msgs_mainrocon/share/msgs_mainrocon/environment/library_path.sh
[7.870s] -- Up-to-date: /home/curry/wilson_proj/ros2-rover-ws/install/msgs_mainrocon/share/msgs_mainrocon/environment/library_path.dsv
[7.871s] -- Up-to-date: /home/curry/wilson_proj/ros2-rover-ws/install/msgs_mainrocon/lib/libmsgs_mainrocon__rosidl_generator_c.so
[7.872s] -- Up-to-date: /home/curry/wilson_proj/ros2-rover-ws/install/msgs_mainrocon/include/msgs_mainrocon/msgs_mainrocon
[7.873s] -- Up-to-date: /home/curry/wilson_proj/ros2-rover-ws/install/msgs_mainrocon/include/msgs_mainrocon/msgs_mainrocon/msg
[7.873s] -- Up-to-date: /home/curry/wilson_proj/ros2-rover-ws/install/msgs_mainrocon/include/msgs_mainrocon/msgs_mainrocon/msg/detail
[7.874s] -- Up-to-date: /home/curry/wilson_proj/ros2-rover-ws/install/msgs_mainrocon/include/msgs_mainrocon/msgs_mainrocon/msg/detail/main_rocon__rosidl_typesupport_fastrtps_c.h
[7.874s] -- Up-to-date: /home/curry/wilson_proj/ros2-rover-ws/install/msgs_mainrocon/include/msgs_mainrocon/msgs_mainrocon/msg/rosidl_typesupport_fastrtps_c__visibility_control.h
[7.875s] -- Up-to-date: /home/curry/wilson_proj/ros2-rover-ws/install/msgs_mainrocon/lib/libmsgs_mainrocon__rosidl_typesupport_fastrtps_c.so
[7.877s] -- Up-to-date: /home/curry/wilson_proj/ros2-rover-ws/install/msgs_mainrocon/include/msgs_mainrocon/msgs_mainrocon
[7.878s] -- Up-to-date: /home/curry/wilson_proj/ros2-rover-ws/install/msgs_mainrocon/include/msgs_mainrocon/msgs_mainrocon/msg
[7.879s] -- Up-to-date: /home/curry/wilson_proj/ros2-rover-ws/install/msgs_mainrocon/include/msgs_mainrocon/msgs_mainrocon/msg/rosidl_typesupport_introspection_c__visibility_control.h
[7.879s] -- Up-to-date: /home/curry/wilson_proj/ros2-rover-ws/install/msgs_mainrocon/include/msgs_mainrocon/msgs_mainrocon/msg/detail
[7.879s] -- Up-to-date: /home/curry/wilson_proj/ros2-rover-ws/install/msgs_mainrocon/include/msgs_mainrocon/msgs_mainrocon/msg/detail/main_rocon__type_support.c
[7.880s] -- Up-to-date: /home/curry/wilson_proj/ros2-rover-ws/install/msgs_mainrocon/include/msgs_mainrocon/msgs_mainrocon/msg/detail/main_rocon__rosidl_typesupport_introspection_c.h
[7.880s] -- Up-to-date: /home/curry/wilson_proj/ros2-rover-ws/install/msgs_mainrocon/lib/libmsgs_mainrocon__rosidl_typesupport_introspection_c.so
[7.882s] -- Up-to-date: /home/curry/wilson_proj/ros2-rover-ws/install/msgs_mainrocon/lib/libmsgs_mainrocon__rosidl_typesupport_c.so
[7.883s] -- Up-to-date: /home/curry/wilson_proj/ros2-rover-ws/install/msgs_mainrocon/include/msgs_mainrocon/msgs_mainrocon
[7.884s] -- Up-to-date: /home/curry/wilson_proj/ros2-rover-ws/install/msgs_mainrocon/include/msgs_mainrocon/msgs_mainrocon/msg
[7.884s] -- Up-to-date: /home/curry/wilson_proj/ros2-rover-ws/install/msgs_mainrocon/include/msgs_mainrocon/msgs_mainrocon/msg/rosidl_generator_cpp__visibility_control.hpp
[7.885s] -- Up-to-date: /home/curry/wilson_proj/ros2-rover-ws/install/msgs_mainrocon/include/msgs_mainrocon/msgs_mainrocon/msg/detail
[7.885s] -- Up-to-date: /home/curry/wilson_proj/ros2-rover-ws/install/msgs_mainrocon/include/msgs_mainrocon/msgs_mainrocon/msg/detail/main_rocon__type_support.hpp
[7.885s] -- Up-to-date: /home/curry/wilson_proj/ros2-rover-ws/install/msgs_mainrocon/include/msgs_mainrocon/msgs_mainrocon/msg/detail/main_rocon__traits.hpp
[7.886s] -- Up-to-date: /home/curry/wilson_proj/ros2-rover-ws/install/msgs_mainrocon/include/msgs_mainrocon/msgs_mainrocon/msg/detail/main_rocon__builder.hpp
[7.886s] -- Up-to-date: /home/curry/wilson_proj/ros2-rover-ws/install/msgs_mainrocon/include/msgs_mainrocon/msgs_mainrocon/msg/detail/main_rocon__struct.hpp
[7.887s] -- Up-to-date: /home/curry/wilson_proj/ros2-rover-ws/install/msgs_mainrocon/include/msgs_mainrocon/msgs_mainrocon/msg/main_rocon.hpp
[7.887s] -- Up-to-date: /home/curry/wilson_proj/ros2-rover-ws/install/msgs_mainrocon/include/msgs_mainrocon/msgs_mainrocon
[7.887s] -- Up-to-date: /home/curry/wilson_proj/ros2-rover-ws/install/msgs_mainrocon/include/msgs_mainrocon/msgs_mainrocon/msg
[7.888s] -- Up-to-date: /home/curry/wilson_proj/ros2-rover-ws/install/msgs_mainrocon/include/msgs_mainrocon/msgs_mainrocon/msg/detail
[7.888s] -- Up-to-date: /home/curry/wilson_proj/ros2-rover-ws/install/msgs_mainrocon/include/msgs_mainrocon/msgs_mainrocon/msg/detail/main_rocon__rosidl_typesupport_fastrtps_cpp.hpp
[7.888s] -- Up-to-date: /home/curry/wilson_proj/ros2-rover-ws/install/msgs_mainrocon/include/msgs_mainrocon/msgs_mainrocon/msg/detail/dds_fastrtps
[7.889s] -- Up-to-date: /home/curry/wilson_proj/ros2-rover-ws/install/msgs_mainrocon/include/msgs_mainrocon/msgs_mainrocon/msg/rosidl_typesupport_fastrtps_cpp__visibility_control.h
[7.890s] -- Up-to-date: /home/curry/wilson_proj/ros2-rover-ws/install/msgs_mainrocon/lib/libmsgs_mainrocon__rosidl_typesupport_fastrtps_cpp.so
[7.892s] -- Up-to-date: /home/curry/wilson_proj/ros2-rover-ws/install/msgs_mainrocon/include/msgs_mainrocon/msgs_mainrocon
[7.893s] -- Up-to-date: /home/curry/wilson_proj/ros2-rover-ws/install/msgs_mainrocon/include/msgs_mainrocon/msgs_mainrocon/msg
[7.895s] -- Up-to-date: /home/curry/wilson_proj/ros2-rover-ws/install/msgs_mainrocon/include/msgs_mainrocon/msgs_mainrocon/msg/detail
[7.896s] -- Up-to-date: /home/curry/wilson_proj/ros2-rover-ws/install/msgs_mainrocon/include/msgs_mainrocon/msgs_mainrocon/msg/detail/main_rocon__type_support.cpp
[7.900s] -- Up-to-date: /home/curry/wilson_proj/ros2-rover-ws/install/msgs_mainrocon/include/msgs_mainrocon/msgs_mainrocon/msg/detail/main_rocon__rosidl_typesupport_introspection_cpp.hpp
[7.902s] -- Up-to-date: /home/curry/wilson_proj/ros2-rover-ws/install/msgs_mainrocon/lib/libmsgs_mainrocon__rosidl_typesupport_introspection_cpp.so
[7.903s] -- Up-to-date: /home/curry/wilson_proj/ros2-rover-ws/install/msgs_mainrocon/lib/libmsgs_mainrocon__rosidl_typesupport_cpp.so
[7.908s] -- Up-to-date: /home/curry/wilson_proj/ros2-rover-ws/install/msgs_mainrocon/share/msgs_mainrocon/environment/pythonpath.sh
[7.909s] -- Up-to-date: /home/curry/wilson_proj/ros2-rover-ws/install/msgs_mainrocon/share/msgs_mainrocon/environment/pythonpath.dsv
[7.913s] -- Up-to-date: /home/curry/wilson_proj/ros2-rover-ws/install/msgs_mainrocon/local/lib/python3.10/dist-packages/msgs_mainrocon-0.0.0-py3.10.egg-info
[7.916s] -- Installing: /home/curry/wilson_proj/ros2-rover-ws/install/msgs_mainrocon/local/lib/python3.10/dist-packages/msgs_mainrocon-0.0.0-py3.10.egg-info/dependency_links.txt
[7.917s] -- Installing: /home/curry/wilson_proj/ros2-rover-ws/install/msgs_mainrocon/local/lib/python3.10/dist-packages/msgs_mainrocon-0.0.0-py3.10.egg-info/SOURCES.txt
[7.917s] -- Installing: /home/curry/wilson_proj/ros2-rover-ws/install/msgs_mainrocon/local/lib/python3.10/dist-packages/msgs_mainrocon-0.0.0-py3.10.egg-info/top_level.txt
[7.920s] -- Installing: /home/curry/wilson_proj/ros2-rover-ws/install/msgs_mainrocon/local/lib/python3.10/dist-packages/msgs_mainrocon-0.0.0-py3.10.egg-info/PKG-INFO
[7.922s] -- Up-to-date: /home/curry/wilson_proj/ros2-rover-ws/install/msgs_mainrocon/local/lib/python3.10/dist-packages/msgs_mainrocon
[7.923s] -- Up-to-date: /home/curry/wilson_proj/ros2-rover-ws/install/msgs_mainrocon/local/lib/python3.10/dist-packages/msgs_mainrocon/msgs_mainrocon_s__rosidl_typesupport_fastrtps_c.cpython-310-aarch64-linux-gnu.so
[7.924s] -- Up-to-date: /home/curry/wilson_proj/ros2-rover-ws/install/msgs_mainrocon/local/lib/python3.10/dist-packages/msgs_mainrocon/msgs_mainrocon_s__rosidl_typesupport_c.cpython-310-aarch64-linux-gnu.so
[7.925s] -- Up-to-date: /home/curry/wilson_proj/ros2-rover-ws/install/msgs_mainrocon/local/lib/python3.10/dist-packages/msgs_mainrocon/msgs_mainrocon_s__rosidl_typesupport_introspection_c.cpython-310-aarch64-linux-gnu.so
[7.927s] -- Up-to-date: /home/curry/wilson_proj/ros2-rover-ws/install/msgs_mainrocon/local/lib/python3.10/dist-packages/msgs_mainrocon/msg
[7.928s] -- Up-to-date: /home/curry/wilson_proj/ros2-rover-ws/install/msgs_mainrocon/local/lib/python3.10/dist-packages/msgs_mainrocon/msg/_main_rocon.py
[7.929s] -- Up-to-date: /home/curry/wilson_proj/ros2-rover-ws/install/msgs_mainrocon/local/lib/python3.10/dist-packages/msgs_mainrocon/msg/_main_rocon_s.c
[7.929s] -- Up-to-date: /home/curry/wilson_proj/ros2-rover-ws/install/msgs_mainrocon/local/lib/python3.10/dist-packages/msgs_mainrocon/msg/__init__.py
[7.930s] -- Up-to-date: /home/curry/wilson_proj/ros2-rover-ws/install/msgs_mainrocon/local/lib/python3.10/dist-packages/msgs_mainrocon/libmsgs_mainrocon__rosidl_generator_py.so
[7.931s] -- Up-to-date: /home/curry/wilson_proj/ros2-rover-ws/install/msgs_mainrocon/local/lib/python3.10/dist-packages/msgs_mainrocon/_msgs_mainrocon_s.ep.rosidl_typesupport_introspection_c.c
[7.932s] -- Up-to-date: /home/curry/wilson_proj/ros2-rover-ws/install/msgs_mainrocon/local/lib/python3.10/dist-packages/msgs_mainrocon/__init__.py
[7.933s] -- Up-to-date: /home/curry/wilson_proj/ros2-rover-ws/install/msgs_mainrocon/local/lib/python3.10/dist-packages/msgs_mainrocon/_msgs_mainrocon_s.ep.rosidl_typesupport_c.c
[7.941s] -- Up-to-date: /home/curry/wilson_proj/ros2-rover-ws/install/msgs_mainrocon/local/lib/python3.10/dist-packages/msgs_mainrocon/_msgs_mainrocon_s.ep.rosidl_typesupport_fastrtps_c.c
[8.245s] Listing '/home/curry/wilson_proj/ros2-rover-ws/install/msgs_mainrocon/local/lib/python3.10/dist-packages/msgs_mainrocon'...
[8.246s] Listing '/home/curry/wilson_proj/ros2-rover-ws/install/msgs_mainrocon/local/lib/python3.10/dist-packages/msgs_mainrocon/msg'...
[8.290s] -- Up-to-date: /home/curry/wilson_proj/ros2-rover-ws/install/msgs_mainrocon/local/lib/python3.10/dist-packages/msgs_mainrocon/msgs_mainrocon_s__rosidl_typesupport_fastrtps_c.cpython-310-aarch64-linux-gnu.so
[8.295s] -- Up-to-date: /home/curry/wilson_proj/ros2-rover-ws/install/msgs_mainrocon/local/lib/python3.10/dist-packages/msgs_mainrocon/msgs_mainrocon_s__rosidl_typesupport_introspection_c.cpython-310-aarch64-linux-gnu.so
[8.299s] -- Up-to-date: /home/curry/wilson_proj/ros2-rover-ws/install/msgs_mainrocon/local/lib/python3.10/dist-packages/msgs_mainrocon/msgs_mainrocon_s__rosidl_typesupport_c.cpython-310-aarch64-linux-gnu.so
[8.302s] -- Up-to-date: /home/curry/wilson_proj/ros2-rover-ws/install/msgs_mainrocon/lib/libmsgs_mainrocon__rosidl_generator_py.so
[8.303s] -- Up-to-date: /home/curry/wilson_proj/ros2-rover-ws/install/msgs_mainrocon/share/msgs_mainrocon/msg/MainRocon.idl
[8.304s] -- Up-to-date: /home/curry/wilson_proj/ros2-rover-ws/install/msgs_mainrocon/share/msgs_mainrocon/msg/MainRocon.msg
[8.305s] -- Up-to-date: /home/curry/wilson_proj/ros2-rover-ws/install/msgs_mainrocon/share/ament_index/resource_index/package_run_dependencies/msgs_mainrocon
[8.305s] -- Up-to-date: /home/curry/wilson_proj/ros2-rover-ws/install/msgs_mainrocon/share/ament_index/resource_index/parent_prefix_path/msgs_mainrocon
[8.305s] -- Up-to-date: /home/curry/wilson_proj/ros2-rover-ws/install/msgs_mainrocon/share/msgs_mainrocon/environment/ament_prefix_path.sh
[8.306s] -- Up-to-date: /home/curry/wilson_proj/ros2-rover-ws/install/msgs_mainrocon/share/msgs_mainrocon/environment/ament_prefix_path.dsv
[8.306s] -- Up-to-date: /home/curry/wilson_proj/ros2-rover-ws/install/msgs_mainrocon/share/msgs_mainrocon/environment/path.sh
[8.307s] -- Up-to-date: /home/curry/wilson_proj/ros2-rover-ws/install/msgs_mainrocon/share/msgs_mainrocon/environment/path.dsv
[8.308s] -- Up-to-date: /home/curry/wilson_proj/ros2-rover-ws/install/msgs_mainrocon/share/msgs_mainrocon/local_setup.bash
[8.308s] -- Up-to-date: /home/curry/wilson_proj/ros2-rover-ws/install/msgs_mainrocon/share/msgs_mainrocon/local_setup.sh
[8.308s] -- Up-to-date: /home/curry/wilson_proj/ros2-rover-ws/install/msgs_mainrocon/share/msgs_mainrocon/local_setup.zsh
[8.309s] -- Up-to-date: /home/curry/wilson_proj/ros2-rover-ws/install/msgs_mainrocon/share/msgs_mainrocon/local_setup.dsv
[8.309s] -- Installing: /home/curry/wilson_proj/ros2-rover-ws/install/msgs_mainrocon/share/msgs_mainrocon/package.dsv
[8.328s] -- Up-to-date: /home/curry/wilson_proj/ros2-rover-ws/install/msgs_mainrocon/share/ament_index/resource_index/packages/msgs_mainrocon
[8.343s] -- Up-to-date: /home/curry/wilson_proj/ros2-rover-ws/install/msgs_mainrocon/share/msgs_mainrocon/cmake/export_msgs_mainrocon__rosidl_generator_cExport.cmake
[8.343s] -- Up-to-date: /home/curry/wilson_proj/ros2-rover-ws/install/msgs_mainrocon/share/msgs_mainrocon/cmake/export_msgs_mainrocon__rosidl_generator_cExport-noconfig.cmake
[8.347s] -- Up-to-date: /home/curry/wilson_proj/ros2-rover-ws/install/msgs_mainrocon/share/msgs_mainrocon/cmake/export_msgs_mainrocon__rosidl_typesupport_fastrtps_cExport.cmake
[8.348s] -- Up-to-date: /home/curry/wilson_proj/ros2-rover-ws/install/msgs_mainrocon/share/msgs_mainrocon/cmake/export_msgs_mainrocon__rosidl_typesupport_fastrtps_cExport-noconfig.cmake
[8.354s] -- Up-to-date: /home/curry/wilson_proj/ros2-rover-ws/install/msgs_mainrocon/share/msgs_mainrocon/cmake/msgs_mainrocon__rosidl_typesupport_introspection_cExport.cmake
[8.355s] -- Up-to-date: /home/curry/wilson_proj/ros2-rover-ws/install/msgs_mainrocon/share/msgs_mainrocon/cmake/msgs_mainrocon__rosidl_typesupport_introspection_cExport-noconfig.cmake
[8.356s] -- Up-to-date: /home/curry/wilson_proj/ros2-rover-ws/install/msgs_mainrocon/share/msgs_mainrocon/cmake/msgs_mainrocon__rosidl_typesupport_cExport.cmake
[8.356s] -- Up-to-date: /home/curry/wilson_proj/ros2-rover-ws/install/msgs_mainrocon/share/msgs_mainrocon/cmake/msgs_mainrocon__rosidl_typesupport_cExport-noconfig.cmake
[8.357s] -- Up-to-date: /home/curry/wilson_proj/ros2-rover-ws/install/msgs_mainrocon/share/msgs_mainrocon/cmake/export_msgs_mainrocon__rosidl_generator_cppExport.cmake
[8.363s] -- Up-to-date: /home/curry/wilson_proj/ros2-rover-ws/install/msgs_mainrocon/share/msgs_mainrocon/cmake/export_msgs_mainrocon__rosidl_typesupport_fastrtps_cppExport.cmake
[8.365s] -- Up-to-date: /home/curry/wilson_proj/ros2-rover-ws/install/msgs_mainrocon/share/msgs_mainrocon/cmake/export_msgs_mainrocon__rosidl_typesupport_fastrtps_cppExport-noconfig.cmake
[8.366s] -- Up-to-date: /home/curry/wilson_proj/ros2-rover-ws/install/msgs_mainrocon/share/msgs_mainrocon/cmake/msgs_mainrocon__rosidl_typesupport_introspection_cppExport.cmake
[8.367s] -- Up-to-date: /home/curry/wilson_proj/ros2-rover-ws/install/msgs_mainrocon/share/msgs_mainrocon/cmake/msgs_mainrocon__rosidl_typesupport_introspection_cppExport-noconfig.cmake
[8.368s] -- Up-to-date: /home/curry/wilson_proj/ros2-rover-ws/install/msgs_mainrocon/share/msgs_mainrocon/cmake/msgs_mainrocon__rosidl_typesupport_cppExport.cmake
[8.369s] -- Up-to-date: /home/curry/wilson_proj/ros2-rover-ws/install/msgs_mainrocon/share/msgs_mainrocon/cmake/msgs_mainrocon__rosidl_typesupport_cppExport-noconfig.cmake
[8.390s] -- Up-to-date: /home/curry/wilson_proj/ros2-rover-ws/install/msgs_mainrocon/share/msgs_mainrocon/cmake/export_msgs_mainrocon__rosidl_generator_pyExport.cmake
[8.391s] -- Up-to-date: /home/curry/wilson_proj/ros2-rover-ws/install/msgs_mainrocon/share/msgs_mainrocon/cmake/export_msgs_mainrocon__rosidl_generator_pyExport-noconfig.cmake
[8.391s] -- Up-to-date: /home/curry/wilson_proj/ros2-rover-ws/install/msgs_mainrocon/share/msgs_mainrocon/cmake/rosidl_cmake-extras.cmake
[8.392s] -- Up-to-date: /home/curry/wilson_proj/ros2-rover-ws/install/msgs_mainrocon/share/msgs_mainrocon/cmake/ament_cmake_export_dependencies-extras.cmake
[8.393s] -- Up-to-date: /home/curry/wilson_proj/ros2-rover-ws/install/msgs_mainrocon/share/msgs_mainrocon/cmake/ament_cmake_export_include_directories-extras.cmake
[8.393s] -- Up-to-date: /home/curry/wilson_proj/ros2-rover-ws/install/msgs_mainrocon/share/msgs_mainrocon/cmake/ament_cmake_export_libraries-extras.cmake
[8.394s] -- Up-to-date: /home/curry/wilson_proj/ros2-rover-ws/install/msgs_mainrocon/share/msgs_mainrocon/cmake/ament_cmake_export_targets-extras.cmake
[8.394s] -- Up-to-date: /home/curry/wilson_proj/ros2-rover-ws/install/msgs_mainrocon/share/msgs_mainrocon/cmake/rosidl_cmake_export_typesupport_targets-extras.cmake
[8.396s] -- Up-to-date: /home/curry/wilson_proj/ros2-rover-ws/install/msgs_mainrocon/share/msgs_mainrocon/cmake/rosidl_cmake_export_typesupport_libraries-extras.cmake
[8.396s] -- Up-to-date: /home/curry/wilson_proj/ros2-rover-ws/install/msgs_mainrocon/share/msgs_mainrocon/cmake/msgs_mainroconConfig.cmake
[8.397s] -- Up-to-date: /home/curry/wilson_proj/ros2-rover-ws/install/msgs_mainrocon/share/msgs_mainrocon/cmake/msgs_mainroconConfig-version.cmake
[8.398s] -- Up-to-date: /home/curry/wilson_proj/ros2-rover-ws/install/msgs_mainrocon/share/msgs_mainrocon/package.xml
[8.421s] Invoked command in '/home/curry/wilson_proj/ros2-rover-ws/build/msgs_mainrocon' returned '0': CMAKE_PREFIX_PATH=/home/curry/wilson_proj/ros2-rover-ws/install/msgs_rovercon:/home/curry/wilson_proj/ros2-rover-ws/install/rovercon_msgs:/home/curry/wilson_proj/ros2-rover-ws/install/package_test:/home/curry/wilson_proj/ros2-rover-ws/install/package_rover_control:/home/curry/wilson_proj/ros2-rover-ws/install/package_position_process:/home/curry/wilson_proj/ros2-rover-ws/install/package_navigate_route:/home/curry/wilson_proj/ros2-rover-ws/install/package_image_process:/home/curry/wilson_proj/ros2-rover-ws/install/msgs_mainrocon:/home/curry/wilson_proj/ros2-rover-ws/install/action_interfaces:/opt/ros/humble LD_LIBRARY_PATH=/home/curry/wilson_proj/ros2-rover-ws/install/msgs_rovercon/lib:/home/curry/wilson_proj/ros2-rover-ws/install/rovercon_msgs/lib:/home/curry/wilson_proj/ros2-rover-ws/install/package_rover_control/lib:/home/curry/wilson_proj/ros2-rover-ws/install/msgs_mainrocon/lib:/home/curry/wilson_proj/ros2-rover-ws/install/action_interfaces/lib:/opt/ros/humble/opt/rviz_ogre_vendor/lib:/opt/ros/humble/lib/aarch64-linux-gnu:/opt/ros/humble/lib /usr/bin/cmake --install /home/curry/wilson_proj/ros2-rover-ws/build/msgs_mainrocon
