[6.254s] Invoking command in '/home/curry/wilson_proj/ros2-rover-ws/src/package_image_process': PYTHONPATH=/home/curry/wilson_proj/ros2-rover-ws/build/package_image_process/prefix_override:/usr/lib/python3/dist-packages/colcon_core/task/python/colcon_distutils_commands:/home/curry/wilson_proj/ros2-rover-ws/install/package_image_process/lib/python3.10/site-packages:${PYTHONPATH} /usr/bin/python3 -W ignore:setup.py install is deprecated -W ignore:easy_install command is deprecated setup.py egg_info --egg-base ../../build/package_image_process build --build-base /home/curry/wilson_proj/ros2-rover-ws/build/package_image_process/build install --record /home/curry/wilson_proj/ros2-rover-ws/build/package_image_process/install.log --single-version-externally-managed install_data
[7.933s] running egg_info
[7.937s] writing ../../build/package_image_process/package_image_process.egg-info/PKG-INFO
[7.938s] writing dependency_links to ../../build/package_image_process/package_image_process.egg-info/dependency_links.txt
[7.939s] writing entry points to ../../build/package_image_process/package_image_process.egg-info/entry_points.txt
[7.941s] writing requirements to ../../build/package_image_process/package_image_process.egg-info/requires.txt
[7.942s] writing top-level names to ../../build/package_image_process/package_image_process.egg-info/top_level.txt
[7.951s] reading manifest file '../../build/package_image_process/package_image_process.egg-info/SOURCES.txt'
[7.954s] adding license file 'LICENSE'
[7.958s] writing manifest file '../../build/package_image_process/package_image_process.egg-info/SOURCES.txt'
[7.959s] running build
[7.959s] running build_py
[7.959s] running install
[7.960s] running install_lib
[7.965s] running install_data
[7.966s] running install_egg_info
[7.974s] removing '/home/curry/wilson_proj/ros2-rover-ws/install/package_image_process/lib/python3.10/site-packages/package_image_process-0.0.0-py3.10.egg-info' (and everything under it)
[7.976s] Copying ../../build/package_image_process/package_image_process.egg-info to /home/curry/wilson_proj/ros2-rover-ws/install/package_image_process/lib/python3.10/site-packages/package_image_process-0.0.0-py3.10.egg-info
[7.984s] running install_scripts
[8.078s] Installing node_image_process script to /home/curry/wilson_proj/ros2-rover-ws/install/package_image_process/lib/package_image_process
[8.080s] writing list of installed files to '/home/curry/wilson_proj/ros2-rover-ws/build/package_image_process/install.log'
[8.229s] Invoked command in '/home/curry/wilson_proj/ros2-rover-ws/src/package_image_process' returned '0': PYTHONPATH=/home/curry/wilson_proj/ros2-rover-ws/build/package_image_process/prefix_override:/usr/lib/python3/dist-packages/colcon_core/task/python/colcon_distutils_commands:/home/curry/wilson_proj/ros2-rover-ws/install/package_image_process/lib/python3.10/site-packages:${PYTHONPATH} /usr/bin/python3 -W ignore:setup.py install is deprecated -W ignore:easy_install command is deprecated setup.py egg_info --egg-base ../../build/package_image_process build --build-base /home/curry/wilson_proj/ros2-rover-ws/build/package_image_process/build install --record /home/curry/wilson_proj/ros2-rover-ws/build/package_image_process/install.log --single-version-externally-managed install_data
